[2023-04-15T14:18:12.917+0000] {taskinstance.py:1090} INFO - Dependencies all met for dep_context=non-requeueable deps ti=<TaskInstance: dataset_consumes_1.consuming_1 manual__2023-04-15T14:18:09.184831+00:00 [queued]>
[2023-04-15T14:18:12.934+0000] {taskinstance.py:1090} INFO - Dependencies all met for dep_context=requeueable deps ti=<TaskInstance: dataset_consumes_1.consuming_1 manual__2023-04-15T14:18:09.184831+00:00 [queued]>
[2023-04-15T14:18:12.934+0000] {taskinstance.py:1288} INFO - 
--------------------------------------------------------------------------------
[2023-04-15T14:18:12.934+0000] {taskinstance.py:1289} INFO - Starting attempt 1 of 1
[2023-04-15T14:18:12.934+0000] {taskinstance.py:1290} INFO - 
--------------------------------------------------------------------------------
[2023-04-15T14:18:12.956+0000] {taskinstance.py:1309} INFO - Executing <Task(BashOperator): consuming_1> on 2023-04-15 14:18:09.184831+00:00
[2023-04-15T14:18:12.967+0000] {standard_task_runner.py:55} INFO - Started process 9508 to run task
[2023-04-15T14:18:12.973+0000] {standard_task_runner.py:82} INFO - Running: ['***', 'tasks', 'run', 'dataset_consumes_1', 'consuming_1', 'manual__2023-04-15T14:18:09.184831+00:00', '--job-id', '5', '--raw', '--subdir', '/home/***/.local/lib/python3.7/site-packages/***/example_dags/example_datasets.py', '--cfg-path', '/tmp/tmprpka0j5b']
[2023-04-15T14:18:12.976+0000] {standard_task_runner.py:83} INFO - Job 5: Subtask consuming_1
[2023-04-15T14:18:13.087+0000] {task_command.py:389} INFO - Running <TaskInstance: dataset_consumes_1.consuming_1 manual__2023-04-15T14:18:09.184831+00:00 [running]> on host 002fb1d2f11a
[2023-04-15T14:18:13.200+0000] {taskinstance.py:1518} INFO - Exporting the following env vars:
AIRFLOW_CTX_DAG_OWNER=***
AIRFLOW_CTX_DAG_ID=dataset_consumes_1
AIRFLOW_CTX_TASK_ID=consuming_1
AIRFLOW_CTX_EXECUTION_DATE=2023-04-15T14:18:09.184831+00:00
AIRFLOW_CTX_TRY_NUMBER=1
AIRFLOW_CTX_DAG_RUN_ID=manual__2023-04-15T14:18:09.184831+00:00
[2023-04-15T14:18:13.204+0000] {subprocess.py:63} INFO - Tmp dir root location: 
 /tmp
[2023-04-15T14:18:13.205+0000] {subprocess.py:75} INFO - Running command: ['/bin/bash', '-c', 'sleep 5']
[2023-04-15T14:18:13.230+0000] {subprocess.py:86} INFO - Output:
[2023-04-15T14:18:18.254+0000] {subprocess.py:97} INFO - Command exited with return code 0
[2023-04-15T14:18:18.287+0000] {warnings.py:110} WARNING - /home/***/.local/lib/python3.7/site-packages/***/models/baseoperator.py:1376: RemovedInAirflow3Warning: Passing 'execution_date' to 'TaskInstance.xcom_push()' is deprecated.
  context["ti"].xcom_push(key=key, value=value, execution_date=execution_date)

[2023-04-15T14:18:18.324+0000] {taskinstance.py:1332} INFO - Marking task as SUCCESS. dag_id=dataset_consumes_1, task_id=consuming_1, execution_date=20230415T141809, start_date=20230415T141812, end_date=20230415T141818
[2023-04-15T14:18:18.392+0000] {local_task_job.py:212} INFO - Task exited with return code 0
[2023-04-15T14:18:18.419+0000] {taskinstance.py:2596} INFO - 0 downstream tasks scheduled from follow-on schedule check
