[2023-04-16T17:59:23.080+0000] {processor.py:153} INFO - Started process (PID=64) to work on /home/airflow/.local/lib/python3.7/site-packages/airflow/example_dags/example_latest_only_with_trigger.py
[2023-04-16T17:59:23.081+0000] {processor.py:743} INFO - Processing file /home/airflow/.local/lib/python3.7/site-packages/airflow/example_dags/example_latest_only_with_trigger.py for tasks to queue
[2023-04-16T17:59:23.082+0000] {logging_mixin.py:137} INFO - [2023-04-16T17:59:23.082+0000] {dagbag.py:532} INFO - Filling up the DagBag from /home/airflow/.local/lib/python3.7/site-packages/airflow/example_dags/example_latest_only_with_trigger.py
[2023-04-16T17:59:23.108+0000] {processor.py:753} INFO - DAG(s) dict_keys(['latest_only_with_trigger']) retrieved from /home/airflow/.local/lib/python3.7/site-packages/airflow/example_dags/example_latest_only_with_trigger.py
[2023-04-16T17:59:23.158+0000] {logging_mixin.py:137} INFO - [2023-04-16T17:59:23.158+0000] {dag.py:2705} INFO - Sync 1 DAGs
[2023-04-16T17:59:23.230+0000] {logging_mixin.py:137} INFO - [2023-04-16T17:59:23.229+0000] {dag.py:3456} INFO - Setting next_dagrun for latest_only_with_trigger to 2023-04-16T13:59:23.226916+00:00, run_after=2023-04-16T17:59:23.226916+00:00
[2023-04-16T17:59:23.295+0000] {processor.py:175} INFO - Processing /home/airflow/.local/lib/python3.7/site-packages/airflow/example_dags/example_latest_only_with_trigger.py took 0.222 seconds
[2023-04-16T17:59:54.063+0000] {processor.py:153} INFO - Started process (PID=114) to work on /home/airflow/.local/lib/python3.7/site-packages/airflow/example_dags/example_latest_only_with_trigger.py
[2023-04-16T17:59:54.064+0000] {processor.py:743} INFO - Processing file /home/airflow/.local/lib/python3.7/site-packages/airflow/example_dags/example_latest_only_with_trigger.py for tasks to queue
[2023-04-16T17:59:54.065+0000] {logging_mixin.py:137} INFO - [2023-04-16T17:59:54.065+0000] {dagbag.py:532} INFO - Filling up the DagBag from /home/airflow/.local/lib/python3.7/site-packages/airflow/example_dags/example_latest_only_with_trigger.py
[2023-04-16T17:59:54.085+0000] {processor.py:753} INFO - DAG(s) dict_keys(['latest_only_with_trigger']) retrieved from /home/airflow/.local/lib/python3.7/site-packages/airflow/example_dags/example_latest_only_with_trigger.py
[2023-04-16T17:59:54.138+0000] {logging_mixin.py:137} INFO - [2023-04-16T17:59:54.137+0000] {dag.py:2705} INFO - Sync 1 DAGs
[2023-04-16T17:59:54.188+0000] {logging_mixin.py:137} INFO - [2023-04-16T17:59:54.188+0000] {dag.py:3456} INFO - Setting next_dagrun for latest_only_with_trigger to 2023-04-16T13:59:54.187995+00:00, run_after=2023-04-16T17:59:54.187995+00:00
[2023-04-16T17:59:54.218+0000] {processor.py:175} INFO - Processing /home/airflow/.local/lib/python3.7/site-packages/airflow/example_dags/example_latest_only_with_trigger.py took 0.161 seconds
[2023-04-16T18:00:24.450+0000] {processor.py:153} INFO - Started process (PID=165) to work on /home/airflow/.local/lib/python3.7/site-packages/airflow/example_dags/example_latest_only_with_trigger.py
[2023-04-16T18:00:24.452+0000] {processor.py:743} INFO - Processing file /home/airflow/.local/lib/python3.7/site-packages/airflow/example_dags/example_latest_only_with_trigger.py for tasks to queue
[2023-04-16T18:00:24.454+0000] {logging_mixin.py:137} INFO - [2023-04-16T18:00:24.453+0000] {dagbag.py:532} INFO - Filling up the DagBag from /home/airflow/.local/lib/python3.7/site-packages/airflow/example_dags/example_latest_only_with_trigger.py
[2023-04-16T18:00:24.484+0000] {processor.py:753} INFO - DAG(s) dict_keys(['latest_only_with_trigger']) retrieved from /home/airflow/.local/lib/python3.7/site-packages/airflow/example_dags/example_latest_only_with_trigger.py
[2023-04-16T18:00:24.523+0000] {logging_mixin.py:137} INFO - [2023-04-16T18:00:24.523+0000] {dag.py:2705} INFO - Sync 1 DAGs
[2023-04-16T18:00:24.559+0000] {logging_mixin.py:137} INFO - [2023-04-16T18:00:24.559+0000] {dag.py:3456} INFO - Setting next_dagrun for latest_only_with_trigger to 2023-04-16T14:00:24.559077+00:00, run_after=2023-04-16T18:00:24.559077+00:00
[2023-04-16T18:00:24.591+0000] {processor.py:175} INFO - Processing /home/airflow/.local/lib/python3.7/site-packages/airflow/example_dags/example_latest_only_with_trigger.py took 0.147 seconds
[2023-04-16T18:00:54.721+0000] {processor.py:153} INFO - Started process (PID=215) to work on /home/airflow/.local/lib/python3.7/site-packages/airflow/example_dags/example_latest_only_with_trigger.py
[2023-04-16T18:00:54.722+0000] {processor.py:743} INFO - Processing file /home/airflow/.local/lib/python3.7/site-packages/airflow/example_dags/example_latest_only_with_trigger.py for tasks to queue
[2023-04-16T18:00:54.724+0000] {logging_mixin.py:137} INFO - [2023-04-16T18:00:54.723+0000] {dagbag.py:532} INFO - Filling up the DagBag from /home/airflow/.local/lib/python3.7/site-packages/airflow/example_dags/example_latest_only_with_trigger.py
[2023-04-16T18:00:54.745+0000] {processor.py:753} INFO - DAG(s) dict_keys(['latest_only_with_trigger']) retrieved from /home/airflow/.local/lib/python3.7/site-packages/airflow/example_dags/example_latest_only_with_trigger.py
[2023-04-16T18:00:54.781+0000] {logging_mixin.py:137} INFO - [2023-04-16T18:00:54.781+0000] {dag.py:2705} INFO - Sync 1 DAGs
[2023-04-16T18:00:54.817+0000] {logging_mixin.py:137} INFO - [2023-04-16T18:00:54.817+0000] {dag.py:3456} INFO - Setting next_dagrun for latest_only_with_trigger to 2023-04-16T14:00:54.817191+00:00, run_after=2023-04-16T18:00:54.817191+00:00
[2023-04-16T18:00:54.843+0000] {processor.py:175} INFO - Processing /home/airflow/.local/lib/python3.7/site-packages/airflow/example_dags/example_latest_only_with_trigger.py took 0.128 seconds
[2023-04-16T18:01:24.967+0000] {processor.py:153} INFO - Started process (PID=265) to work on /home/airflow/.local/lib/python3.7/site-packages/airflow/example_dags/example_latest_only_with_trigger.py
[2023-04-16T18:01:24.968+0000] {processor.py:743} INFO - Processing file /home/airflow/.local/lib/python3.7/site-packages/airflow/example_dags/example_latest_only_with_trigger.py for tasks to queue
[2023-04-16T18:01:24.969+0000] {logging_mixin.py:137} INFO - [2023-04-16T18:01:24.969+0000] {dagbag.py:532} INFO - Filling up the DagBag from /home/airflow/.local/lib/python3.7/site-packages/airflow/example_dags/example_latest_only_with_trigger.py
[2023-04-16T18:01:24.989+0000] {processor.py:753} INFO - DAG(s) dict_keys(['latest_only_with_trigger']) retrieved from /home/airflow/.local/lib/python3.7/site-packages/airflow/example_dags/example_latest_only_with_trigger.py
[2023-04-16T18:01:25.026+0000] {logging_mixin.py:137} INFO - [2023-04-16T18:01:25.025+0000] {dag.py:2705} INFO - Sync 1 DAGs
[2023-04-16T18:01:25.063+0000] {logging_mixin.py:137} INFO - [2023-04-16T18:01:25.063+0000] {dag.py:3456} INFO - Setting next_dagrun for latest_only_with_trigger to 2023-04-16T14:01:25.062862+00:00, run_after=2023-04-16T18:01:25.062862+00:00
[2023-04-16T18:01:25.090+0000] {processor.py:175} INFO - Processing /home/airflow/.local/lib/python3.7/site-packages/airflow/example_dags/example_latest_only_with_trigger.py took 0.129 seconds
[2023-04-16T18:01:55.513+0000] {processor.py:153} INFO - Started process (PID=315) to work on /home/airflow/.local/lib/python3.7/site-packages/airflow/example_dags/example_latest_only_with_trigger.py
[2023-04-16T18:01:55.515+0000] {processor.py:743} INFO - Processing file /home/airflow/.local/lib/python3.7/site-packages/airflow/example_dags/example_latest_only_with_trigger.py for tasks to queue
[2023-04-16T18:01:55.516+0000] {logging_mixin.py:137} INFO - [2023-04-16T18:01:55.515+0000] {dagbag.py:532} INFO - Filling up the DagBag from /home/airflow/.local/lib/python3.7/site-packages/airflow/example_dags/example_latest_only_with_trigger.py
[2023-04-16T18:01:55.536+0000] {processor.py:753} INFO - DAG(s) dict_keys(['latest_only_with_trigger']) retrieved from /home/airflow/.local/lib/python3.7/site-packages/airflow/example_dags/example_latest_only_with_trigger.py
[2023-04-16T18:01:55.574+0000] {logging_mixin.py:137} INFO - [2023-04-16T18:01:55.574+0000] {dag.py:2705} INFO - Sync 1 DAGs
[2023-04-16T18:01:55.611+0000] {logging_mixin.py:137} INFO - [2023-04-16T18:01:55.611+0000] {dag.py:3456} INFO - Setting next_dagrun for latest_only_with_trigger to 2023-04-16T14:01:55.611149+00:00, run_after=2023-04-16T18:01:55.611149+00:00
[2023-04-16T18:01:55.637+0000] {processor.py:175} INFO - Processing /home/airflow/.local/lib/python3.7/site-packages/airflow/example_dags/example_latest_only_with_trigger.py took 0.130 seconds
[2023-04-16T18:02:25.746+0000] {processor.py:153} INFO - Started process (PID=366) to work on /home/airflow/.local/lib/python3.7/site-packages/airflow/example_dags/example_latest_only_with_trigger.py
[2023-04-16T18:02:25.748+0000] {processor.py:743} INFO - Processing file /home/airflow/.local/lib/python3.7/site-packages/airflow/example_dags/example_latest_only_with_trigger.py for tasks to queue
[2023-04-16T18:02:25.750+0000] {logging_mixin.py:137} INFO - [2023-04-16T18:02:25.749+0000] {dagbag.py:532} INFO - Filling up the DagBag from /home/airflow/.local/lib/python3.7/site-packages/airflow/example_dags/example_latest_only_with_trigger.py
[2023-04-16T18:02:25.774+0000] {processor.py:753} INFO - DAG(s) dict_keys(['latest_only_with_trigger']) retrieved from /home/airflow/.local/lib/python3.7/site-packages/airflow/example_dags/example_latest_only_with_trigger.py
[2023-04-16T18:02:25.811+0000] {logging_mixin.py:137} INFO - [2023-04-16T18:02:25.811+0000] {dag.py:2705} INFO - Sync 1 DAGs
[2023-04-16T18:02:25.847+0000] {logging_mixin.py:137} INFO - [2023-04-16T18:02:25.847+0000] {dag.py:3456} INFO - Setting next_dagrun for latest_only_with_trigger to 2023-04-16T14:02:25.846757+00:00, run_after=2023-04-16T18:02:25.846757+00:00
[2023-04-16T18:02:25.871+0000] {processor.py:175} INFO - Processing /home/airflow/.local/lib/python3.7/site-packages/airflow/example_dags/example_latest_only_with_trigger.py took 0.130 seconds
[2023-04-16T18:02:56.450+0000] {processor.py:153} INFO - Started process (PID=417) to work on /home/airflow/.local/lib/python3.7/site-packages/airflow/example_dags/example_latest_only_with_trigger.py
[2023-04-16T18:02:56.451+0000] {processor.py:743} INFO - Processing file /home/airflow/.local/lib/python3.7/site-packages/airflow/example_dags/example_latest_only_with_trigger.py for tasks to queue
[2023-04-16T18:02:56.452+0000] {logging_mixin.py:137} INFO - [2023-04-16T18:02:56.451+0000] {dagbag.py:532} INFO - Filling up the DagBag from /home/airflow/.local/lib/python3.7/site-packages/airflow/example_dags/example_latest_only_with_trigger.py
[2023-04-16T18:02:56.471+0000] {processor.py:753} INFO - DAG(s) dict_keys(['latest_only_with_trigger']) retrieved from /home/airflow/.local/lib/python3.7/site-packages/airflow/example_dags/example_latest_only_with_trigger.py
[2023-04-16T18:02:56.509+0000] {logging_mixin.py:137} INFO - [2023-04-16T18:02:56.508+0000] {dag.py:2705} INFO - Sync 1 DAGs
[2023-04-16T18:02:56.552+0000] {logging_mixin.py:137} INFO - [2023-04-16T18:02:56.552+0000] {dag.py:3456} INFO - Setting next_dagrun for latest_only_with_trigger to 2023-04-16T14:02:56.552095+00:00, run_after=2023-04-16T18:02:56.552095+00:00
[2023-04-16T18:02:56.578+0000] {processor.py:175} INFO - Processing /home/airflow/.local/lib/python3.7/site-packages/airflow/example_dags/example_latest_only_with_trigger.py took 0.135 seconds
[2023-04-16T18:03:27.320+0000] {processor.py:153} INFO - Started process (PID=467) to work on /home/airflow/.local/lib/python3.7/site-packages/airflow/example_dags/example_latest_only_with_trigger.py
[2023-04-16T18:03:27.322+0000] {processor.py:743} INFO - Processing file /home/airflow/.local/lib/python3.7/site-packages/airflow/example_dags/example_latest_only_with_trigger.py for tasks to queue
[2023-04-16T18:03:27.323+0000] {logging_mixin.py:137} INFO - [2023-04-16T18:03:27.323+0000] {dagbag.py:532} INFO - Filling up the DagBag from /home/airflow/.local/lib/python3.7/site-packages/airflow/example_dags/example_latest_only_with_trigger.py
[2023-04-16T18:03:27.355+0000] {processor.py:753} INFO - DAG(s) dict_keys(['latest_only_with_trigger']) retrieved from /home/airflow/.local/lib/python3.7/site-packages/airflow/example_dags/example_latest_only_with_trigger.py
[2023-04-16T18:03:27.409+0000] {logging_mixin.py:137} INFO - [2023-04-16T18:03:27.409+0000] {dag.py:2705} INFO - Sync 1 DAGs
[2023-04-16T18:03:27.462+0000] {logging_mixin.py:137} INFO - [2023-04-16T18:03:27.461+0000] {dag.py:3456} INFO - Setting next_dagrun for latest_only_with_trigger to 2023-04-16T14:03:27.461367+00:00, run_after=2023-04-16T18:03:27.461367+00:00
[2023-04-16T18:03:27.493+0000] {processor.py:175} INFO - Processing /home/airflow/.local/lib/python3.7/site-packages/airflow/example_dags/example_latest_only_with_trigger.py took 0.180 seconds
[2023-04-16T18:03:57.598+0000] {processor.py:153} INFO - Started process (PID=516) to work on /home/airflow/.local/lib/python3.7/site-packages/airflow/example_dags/example_latest_only_with_trigger.py
[2023-04-16T18:03:57.600+0000] {processor.py:743} INFO - Processing file /home/airflow/.local/lib/python3.7/site-packages/airflow/example_dags/example_latest_only_with_trigger.py for tasks to queue
[2023-04-16T18:03:57.601+0000] {logging_mixin.py:137} INFO - [2023-04-16T18:03:57.601+0000] {dagbag.py:532} INFO - Filling up the DagBag from /home/airflow/.local/lib/python3.7/site-packages/airflow/example_dags/example_latest_only_with_trigger.py
[2023-04-16T18:03:57.631+0000] {processor.py:753} INFO - DAG(s) dict_keys(['latest_only_with_trigger']) retrieved from /home/airflow/.local/lib/python3.7/site-packages/airflow/example_dags/example_latest_only_with_trigger.py
[2023-04-16T18:03:57.684+0000] {logging_mixin.py:137} INFO - [2023-04-16T18:03:57.683+0000] {dag.py:2705} INFO - Sync 1 DAGs
[2023-04-16T18:03:57.735+0000] {logging_mixin.py:137} INFO - [2023-04-16T18:03:57.735+0000] {dag.py:3456} INFO - Setting next_dagrun for latest_only_with_trigger to 2023-04-16T14:03:57.734902+00:00, run_after=2023-04-16T18:03:57.734902+00:00
[2023-04-16T18:03:57.763+0000] {processor.py:175} INFO - Processing /home/airflow/.local/lib/python3.7/site-packages/airflow/example_dags/example_latest_only_with_trigger.py took 0.171 seconds
[2023-04-16T18:04:27.841+0000] {processor.py:153} INFO - Started process (PID=566) to work on /home/airflow/.local/lib/python3.7/site-packages/airflow/example_dags/example_latest_only_with_trigger.py
[2023-04-16T18:04:27.842+0000] {processor.py:743} INFO - Processing file /home/airflow/.local/lib/python3.7/site-packages/airflow/example_dags/example_latest_only_with_trigger.py for tasks to queue
[2023-04-16T18:04:27.843+0000] {logging_mixin.py:137} INFO - [2023-04-16T18:04:27.843+0000] {dagbag.py:532} INFO - Filling up the DagBag from /home/airflow/.local/lib/python3.7/site-packages/airflow/example_dags/example_latest_only_with_trigger.py
[2023-04-16T18:04:27.866+0000] {processor.py:753} INFO - DAG(s) dict_keys(['latest_only_with_trigger']) retrieved from /home/airflow/.local/lib/python3.7/site-packages/airflow/example_dags/example_latest_only_with_trigger.py
[2023-04-16T18:04:27.910+0000] {logging_mixin.py:137} INFO - [2023-04-16T18:04:27.910+0000] {dag.py:2705} INFO - Sync 1 DAGs
[2023-04-16T18:04:27.953+0000] {logging_mixin.py:137} INFO - [2023-04-16T18:04:27.952+0000] {dag.py:3456} INFO - Setting next_dagrun for latest_only_with_trigger to 2023-04-16T14:04:27.952338+00:00, run_after=2023-04-16T18:04:27.952338+00:00
[2023-04-16T18:04:27.981+0000] {processor.py:175} INFO - Processing /home/airflow/.local/lib/python3.7/site-packages/airflow/example_dags/example_latest_only_with_trigger.py took 0.148 seconds
[2023-04-16T18:04:58.143+0000] {processor.py:153} INFO - Started process (PID=615) to work on /home/airflow/.local/lib/python3.7/site-packages/airflow/example_dags/example_latest_only_with_trigger.py
[2023-04-16T18:04:58.145+0000] {processor.py:743} INFO - Processing file /home/airflow/.local/lib/python3.7/site-packages/airflow/example_dags/example_latest_only_with_trigger.py for tasks to queue
[2023-04-16T18:04:58.146+0000] {logging_mixin.py:137} INFO - [2023-04-16T18:04:58.146+0000] {dagbag.py:532} INFO - Filling up the DagBag from /home/airflow/.local/lib/python3.7/site-packages/airflow/example_dags/example_latest_only_with_trigger.py
[2023-04-16T18:04:58.174+0000] {processor.py:753} INFO - DAG(s) dict_keys(['latest_only_with_trigger']) retrieved from /home/airflow/.local/lib/python3.7/site-packages/airflow/example_dags/example_latest_only_with_trigger.py
[2023-04-16T18:04:58.223+0000] {logging_mixin.py:137} INFO - [2023-04-16T18:04:58.223+0000] {dag.py:2705} INFO - Sync 1 DAGs
[2023-04-16T18:04:58.275+0000] {logging_mixin.py:137} INFO - [2023-04-16T18:04:58.275+0000] {dag.py:3456} INFO - Setting next_dagrun for latest_only_with_trigger to 2023-04-16T14:04:58.275378+00:00, run_after=2023-04-16T18:04:58.275378+00:00
[2023-04-16T18:04:58.303+0000] {processor.py:175} INFO - Processing /home/airflow/.local/lib/python3.7/site-packages/airflow/example_dags/example_latest_only_with_trigger.py took 0.165 seconds
[2023-04-16T18:05:28.547+0000] {processor.py:153} INFO - Started process (PID=665) to work on /home/airflow/.local/lib/python3.7/site-packages/airflow/example_dags/example_latest_only_with_trigger.py
[2023-04-16T18:05:28.549+0000] {processor.py:743} INFO - Processing file /home/airflow/.local/lib/python3.7/site-packages/airflow/example_dags/example_latest_only_with_trigger.py for tasks to queue
[2023-04-16T18:05:28.549+0000] {logging_mixin.py:137} INFO - [2023-04-16T18:05:28.549+0000] {dagbag.py:532} INFO - Filling up the DagBag from /home/airflow/.local/lib/python3.7/site-packages/airflow/example_dags/example_latest_only_with_trigger.py
[2023-04-16T18:05:28.570+0000] {processor.py:753} INFO - DAG(s) dict_keys(['latest_only_with_trigger']) retrieved from /home/airflow/.local/lib/python3.7/site-packages/airflow/example_dags/example_latest_only_with_trigger.py
[2023-04-16T18:05:28.608+0000] {logging_mixin.py:137} INFO - [2023-04-16T18:05:28.608+0000] {dag.py:2705} INFO - Sync 1 DAGs
[2023-04-16T18:05:28.645+0000] {logging_mixin.py:137} INFO - [2023-04-16T18:05:28.645+0000] {dag.py:3456} INFO - Setting next_dagrun for latest_only_with_trigger to 2023-04-16T14:05:28.644746+00:00, run_after=2023-04-16T18:05:28.644746+00:00
[2023-04-16T18:05:28.678+0000] {processor.py:175} INFO - Processing /home/airflow/.local/lib/python3.7/site-packages/airflow/example_dags/example_latest_only_with_trigger.py took 0.137 seconds
[2023-04-16T18:05:58.819+0000] {processor.py:153} INFO - Started process (PID=714) to work on /home/airflow/.local/lib/python3.7/site-packages/airflow/example_dags/example_latest_only_with_trigger.py
[2023-04-16T18:05:58.820+0000] {processor.py:743} INFO - Processing file /home/airflow/.local/lib/python3.7/site-packages/airflow/example_dags/example_latest_only_with_trigger.py for tasks to queue
[2023-04-16T18:05:58.821+0000] {logging_mixin.py:137} INFO - [2023-04-16T18:05:58.821+0000] {dagbag.py:532} INFO - Filling up the DagBag from /home/airflow/.local/lib/python3.7/site-packages/airflow/example_dags/example_latest_only_with_trigger.py
[2023-04-16T18:05:58.850+0000] {processor.py:753} INFO - DAG(s) dict_keys(['latest_only_with_trigger']) retrieved from /home/airflow/.local/lib/python3.7/site-packages/airflow/example_dags/example_latest_only_with_trigger.py
[2023-04-16T18:05:58.890+0000] {logging_mixin.py:137} INFO - [2023-04-16T18:05:58.890+0000] {dag.py:2705} INFO - Sync 1 DAGs
[2023-04-16T18:05:58.927+0000] {logging_mixin.py:137} INFO - [2023-04-16T18:05:58.926+0000] {dag.py:3456} INFO - Setting next_dagrun for latest_only_with_trigger to 2023-04-16T14:05:58.926547+00:00, run_after=2023-04-16T18:05:58.926547+00:00
[2023-04-16T18:05:58.955+0000] {processor.py:175} INFO - Processing /home/airflow/.local/lib/python3.7/site-packages/airflow/example_dags/example_latest_only_with_trigger.py took 0.142 seconds
[2023-04-16T18:06:29.018+0000] {processor.py:153} INFO - Started process (PID=763) to work on /home/airflow/.local/lib/python3.7/site-packages/airflow/example_dags/example_latest_only_with_trigger.py
[2023-04-16T18:06:29.020+0000] {processor.py:743} INFO - Processing file /home/airflow/.local/lib/python3.7/site-packages/airflow/example_dags/example_latest_only_with_trigger.py for tasks to queue
[2023-04-16T18:06:29.021+0000] {logging_mixin.py:137} INFO - [2023-04-16T18:06:29.021+0000] {dagbag.py:532} INFO - Filling up the DagBag from /home/airflow/.local/lib/python3.7/site-packages/airflow/example_dags/example_latest_only_with_trigger.py
[2023-04-16T18:06:29.053+0000] {processor.py:753} INFO - DAG(s) dict_keys(['latest_only_with_trigger']) retrieved from /home/airflow/.local/lib/python3.7/site-packages/airflow/example_dags/example_latest_only_with_trigger.py
[2023-04-16T18:06:29.093+0000] {logging_mixin.py:137} INFO - [2023-04-16T18:06:29.092+0000] {dag.py:2705} INFO - Sync 1 DAGs
[2023-04-16T18:06:29.129+0000] {logging_mixin.py:137} INFO - [2023-04-16T18:06:29.129+0000] {dag.py:3456} INFO - Setting next_dagrun for latest_only_with_trigger to 2023-04-16T14:06:29.128924+00:00, run_after=2023-04-16T18:06:29.128924+00:00
[2023-04-16T18:06:29.156+0000] {processor.py:175} INFO - Processing /home/airflow/.local/lib/python3.7/site-packages/airflow/example_dags/example_latest_only_with_trigger.py took 0.145 seconds
[2023-04-16T18:06:59.393+0000] {processor.py:153} INFO - Started process (PID=812) to work on /home/airflow/.local/lib/python3.7/site-packages/airflow/example_dags/example_latest_only_with_trigger.py
[2023-04-16T18:06:59.394+0000] {processor.py:743} INFO - Processing file /home/airflow/.local/lib/python3.7/site-packages/airflow/example_dags/example_latest_only_with_trigger.py for tasks to queue
[2023-04-16T18:06:59.395+0000] {logging_mixin.py:137} INFO - [2023-04-16T18:06:59.395+0000] {dagbag.py:532} INFO - Filling up the DagBag from /home/airflow/.local/lib/python3.7/site-packages/airflow/example_dags/example_latest_only_with_trigger.py
[2023-04-16T18:06:59.415+0000] {processor.py:753} INFO - DAG(s) dict_keys(['latest_only_with_trigger']) retrieved from /home/airflow/.local/lib/python3.7/site-packages/airflow/example_dags/example_latest_only_with_trigger.py
[2023-04-16T18:06:59.465+0000] {logging_mixin.py:137} INFO - [2023-04-16T18:06:59.465+0000] {dag.py:2705} INFO - Sync 1 DAGs
[2023-04-16T18:06:59.515+0000] {logging_mixin.py:137} INFO - [2023-04-16T18:06:59.514+0000] {dag.py:3456} INFO - Setting next_dagrun for latest_only_with_trigger to 2023-04-16T14:06:59.514426+00:00, run_after=2023-04-16T18:06:59.514426+00:00
[2023-04-16T18:06:59.549+0000] {processor.py:175} INFO - Processing /home/airflow/.local/lib/python3.7/site-packages/airflow/example_dags/example_latest_only_with_trigger.py took 0.163 seconds
[2023-04-16T18:07:29.782+0000] {processor.py:153} INFO - Started process (PID=862) to work on /home/airflow/.local/lib/python3.7/site-packages/airflow/example_dags/example_latest_only_with_trigger.py
[2023-04-16T18:07:29.784+0000] {processor.py:743} INFO - Processing file /home/airflow/.local/lib/python3.7/site-packages/airflow/example_dags/example_latest_only_with_trigger.py for tasks to queue
[2023-04-16T18:07:29.785+0000] {logging_mixin.py:137} INFO - [2023-04-16T18:07:29.785+0000] {dagbag.py:532} INFO - Filling up the DagBag from /home/airflow/.local/lib/python3.7/site-packages/airflow/example_dags/example_latest_only_with_trigger.py
[2023-04-16T18:07:29.807+0000] {processor.py:753} INFO - DAG(s) dict_keys(['latest_only_with_trigger']) retrieved from /home/airflow/.local/lib/python3.7/site-packages/airflow/example_dags/example_latest_only_with_trigger.py
[2023-04-16T18:07:29.844+0000] {logging_mixin.py:137} INFO - [2023-04-16T18:07:29.844+0000] {dag.py:2705} INFO - Sync 1 DAGs
[2023-04-16T18:07:29.880+0000] {logging_mixin.py:137} INFO - [2023-04-16T18:07:29.880+0000] {dag.py:3456} INFO - Setting next_dagrun for latest_only_with_trigger to 2023-04-16T14:07:29.880210+00:00, run_after=2023-04-16T18:07:29.880210+00:00
[2023-04-16T18:07:29.905+0000] {processor.py:175} INFO - Processing /home/airflow/.local/lib/python3.7/site-packages/airflow/example_dags/example_latest_only_with_trigger.py took 0.128 seconds
[2023-04-16T18:08:00.004+0000] {processor.py:153} INFO - Started process (PID=911) to work on /home/airflow/.local/lib/python3.7/site-packages/airflow/example_dags/example_latest_only_with_trigger.py
[2023-04-16T18:08:00.005+0000] {processor.py:743} INFO - Processing file /home/airflow/.local/lib/python3.7/site-packages/airflow/example_dags/example_latest_only_with_trigger.py for tasks to queue
[2023-04-16T18:08:00.006+0000] {logging_mixin.py:137} INFO - [2023-04-16T18:08:00.006+0000] {dagbag.py:532} INFO - Filling up the DagBag from /home/airflow/.local/lib/python3.7/site-packages/airflow/example_dags/example_latest_only_with_trigger.py
[2023-04-16T18:08:00.027+0000] {processor.py:753} INFO - DAG(s) dict_keys(['latest_only_with_trigger']) retrieved from /home/airflow/.local/lib/python3.7/site-packages/airflow/example_dags/example_latest_only_with_trigger.py
[2023-04-16T18:08:00.065+0000] {logging_mixin.py:137} INFO - [2023-04-16T18:08:00.065+0000] {dag.py:2705} INFO - Sync 1 DAGs
[2023-04-16T18:08:00.110+0000] {logging_mixin.py:137} INFO - [2023-04-16T18:08:00.110+0000] {dag.py:3456} INFO - Setting next_dagrun for latest_only_with_trigger to 2023-04-16T14:08:00.110011+00:00, run_after=2023-04-16T18:08:00.110011+00:00
[2023-04-16T18:08:00.136+0000] {processor.py:175} INFO - Processing /home/airflow/.local/lib/python3.7/site-packages/airflow/example_dags/example_latest_only_with_trigger.py took 0.137 seconds
[2023-04-16T18:08:30.348+0000] {processor.py:153} INFO - Started process (PID=960) to work on /home/airflow/.local/lib/python3.7/site-packages/airflow/example_dags/example_latest_only_with_trigger.py
[2023-04-16T18:08:30.350+0000] {processor.py:743} INFO - Processing file /home/airflow/.local/lib/python3.7/site-packages/airflow/example_dags/example_latest_only_with_trigger.py for tasks to queue
[2023-04-16T18:08:30.351+0000] {logging_mixin.py:137} INFO - [2023-04-16T18:08:30.351+0000] {dagbag.py:532} INFO - Filling up the DagBag from /home/airflow/.local/lib/python3.7/site-packages/airflow/example_dags/example_latest_only_with_trigger.py
[2023-04-16T18:08:30.371+0000] {processor.py:753} INFO - DAG(s) dict_keys(['latest_only_with_trigger']) retrieved from /home/airflow/.local/lib/python3.7/site-packages/airflow/example_dags/example_latest_only_with_trigger.py
[2023-04-16T18:08:30.409+0000] {logging_mixin.py:137} INFO - [2023-04-16T18:08:30.409+0000] {dag.py:2705} INFO - Sync 1 DAGs
[2023-04-16T18:08:30.446+0000] {logging_mixin.py:137} INFO - [2023-04-16T18:08:30.446+0000] {dag.py:3456} INFO - Setting next_dagrun for latest_only_with_trigger to 2023-04-16T14:08:30.445663+00:00, run_after=2023-04-16T18:08:30.445663+00:00
[2023-04-16T18:08:30.472+0000] {processor.py:175} INFO - Processing /home/airflow/.local/lib/python3.7/site-packages/airflow/example_dags/example_latest_only_with_trigger.py took 0.129 seconds
[2023-04-16T18:09:00.581+0000] {processor.py:153} INFO - Started process (PID=1010) to work on /home/airflow/.local/lib/python3.7/site-packages/airflow/example_dags/example_latest_only_with_trigger.py
[2023-04-16T18:09:00.583+0000] {processor.py:743} INFO - Processing file /home/airflow/.local/lib/python3.7/site-packages/airflow/example_dags/example_latest_only_with_trigger.py for tasks to queue
[2023-04-16T18:09:00.584+0000] {logging_mixin.py:137} INFO - [2023-04-16T18:09:00.584+0000] {dagbag.py:532} INFO - Filling up the DagBag from /home/airflow/.local/lib/python3.7/site-packages/airflow/example_dags/example_latest_only_with_trigger.py
[2023-04-16T18:09:00.606+0000] {processor.py:753} INFO - DAG(s) dict_keys(['latest_only_with_trigger']) retrieved from /home/airflow/.local/lib/python3.7/site-packages/airflow/example_dags/example_latest_only_with_trigger.py
[2023-04-16T18:09:00.642+0000] {logging_mixin.py:137} INFO - [2023-04-16T18:09:00.642+0000] {dag.py:2705} INFO - Sync 1 DAGs
[2023-04-16T18:09:00.689+0000] {logging_mixin.py:137} INFO - [2023-04-16T18:09:00.689+0000] {dag.py:3456} INFO - Setting next_dagrun for latest_only_with_trigger to 2023-04-16T14:09:00.688951+00:00, run_after=2023-04-16T18:09:00.688951+00:00
[2023-04-16T18:09:00.718+0000] {processor.py:175} INFO - Processing /home/airflow/.local/lib/python3.7/site-packages/airflow/example_dags/example_latest_only_with_trigger.py took 0.144 seconds
[2023-04-16T18:09:30.794+0000] {processor.py:153} INFO - Started process (PID=1059) to work on /home/airflow/.local/lib/python3.7/site-packages/airflow/example_dags/example_latest_only_with_trigger.py
[2023-04-16T18:09:30.795+0000] {processor.py:743} INFO - Processing file /home/airflow/.local/lib/python3.7/site-packages/airflow/example_dags/example_latest_only_with_trigger.py for tasks to queue
[2023-04-16T18:09:30.796+0000] {logging_mixin.py:137} INFO - [2023-04-16T18:09:30.796+0000] {dagbag.py:532} INFO - Filling up the DagBag from /home/airflow/.local/lib/python3.7/site-packages/airflow/example_dags/example_latest_only_with_trigger.py
[2023-04-16T18:09:30.816+0000] {processor.py:753} INFO - DAG(s) dict_keys(['latest_only_with_trigger']) retrieved from /home/airflow/.local/lib/python3.7/site-packages/airflow/example_dags/example_latest_only_with_trigger.py
[2023-04-16T18:09:30.854+0000] {logging_mixin.py:137} INFO - [2023-04-16T18:09:30.853+0000] {dag.py:2705} INFO - Sync 1 DAGs
[2023-04-16T18:09:30.888+0000] {logging_mixin.py:137} INFO - [2023-04-16T18:09:30.888+0000] {dag.py:3456} INFO - Setting next_dagrun for latest_only_with_trigger to 2023-04-16T14:09:30.888043+00:00, run_after=2023-04-16T18:09:30.888043+00:00
[2023-04-16T18:09:30.912+0000] {processor.py:175} INFO - Processing /home/airflow/.local/lib/python3.7/site-packages/airflow/example_dags/example_latest_only_with_trigger.py took 0.124 seconds
[2023-04-16T18:10:01.445+0000] {processor.py:153} INFO - Started process (PID=1110) to work on /home/airflow/.local/lib/python3.7/site-packages/airflow/example_dags/example_latest_only_with_trigger.py
[2023-04-16T18:10:01.447+0000] {processor.py:743} INFO - Processing file /home/airflow/.local/lib/python3.7/site-packages/airflow/example_dags/example_latest_only_with_trigger.py for tasks to queue
[2023-04-16T18:10:01.447+0000] {logging_mixin.py:137} INFO - [2023-04-16T18:10:01.447+0000] {dagbag.py:532} INFO - Filling up the DagBag from /home/airflow/.local/lib/python3.7/site-packages/airflow/example_dags/example_latest_only_with_trigger.py
[2023-04-16T18:10:01.470+0000] {processor.py:753} INFO - DAG(s) dict_keys(['latest_only_with_trigger']) retrieved from /home/airflow/.local/lib/python3.7/site-packages/airflow/example_dags/example_latest_only_with_trigger.py
[2023-04-16T18:10:01.507+0000] {logging_mixin.py:137} INFO - [2023-04-16T18:10:01.506+0000] {dag.py:2705} INFO - Sync 1 DAGs
[2023-04-16T18:10:01.542+0000] {logging_mixin.py:137} INFO - [2023-04-16T18:10:01.542+0000] {dag.py:3456} INFO - Setting next_dagrun for latest_only_with_trigger to 2023-04-16T14:10:01.542284+00:00, run_after=2023-04-16T18:10:01.542284+00:00
[2023-04-16T18:10:01.567+0000] {processor.py:175} INFO - Processing /home/airflow/.local/lib/python3.7/site-packages/airflow/example_dags/example_latest_only_with_trigger.py took 0.128 seconds
[2023-04-16T18:10:32.297+0000] {processor.py:153} INFO - Started process (PID=1160) to work on /home/airflow/.local/lib/python3.7/site-packages/airflow/example_dags/example_latest_only_with_trigger.py
[2023-04-16T18:10:32.299+0000] {processor.py:743} INFO - Processing file /home/airflow/.local/lib/python3.7/site-packages/airflow/example_dags/example_latest_only_with_trigger.py for tasks to queue
[2023-04-16T18:10:32.300+0000] {logging_mixin.py:137} INFO - [2023-04-16T18:10:32.300+0000] {dagbag.py:532} INFO - Filling up the DagBag from /home/airflow/.local/lib/python3.7/site-packages/airflow/example_dags/example_latest_only_with_trigger.py
[2023-04-16T18:10:32.327+0000] {processor.py:753} INFO - DAG(s) dict_keys(['latest_only_with_trigger']) retrieved from /home/airflow/.local/lib/python3.7/site-packages/airflow/example_dags/example_latest_only_with_trigger.py
[2023-04-16T18:10:32.367+0000] {logging_mixin.py:137} INFO - [2023-04-16T18:10:32.367+0000] {dag.py:2705} INFO - Sync 1 DAGs
[2023-04-16T18:10:32.405+0000] {logging_mixin.py:137} INFO - [2023-04-16T18:10:32.405+0000] {dag.py:3456} INFO - Setting next_dagrun for latest_only_with_trigger to 2023-04-16T14:10:32.404715+00:00, run_after=2023-04-16T18:10:32.404715+00:00
[2023-04-16T18:10:32.430+0000] {processor.py:175} INFO - Processing /home/airflow/.local/lib/python3.7/site-packages/airflow/example_dags/example_latest_only_with_trigger.py took 0.138 seconds
[2023-04-16T18:11:03.106+0000] {processor.py:153} INFO - Started process (PID=1210) to work on /home/airflow/.local/lib/python3.7/site-packages/airflow/example_dags/example_latest_only_with_trigger.py
[2023-04-16T18:11:03.107+0000] {processor.py:743} INFO - Processing file /home/airflow/.local/lib/python3.7/site-packages/airflow/example_dags/example_latest_only_with_trigger.py for tasks to queue
[2023-04-16T18:11:03.109+0000] {logging_mixin.py:137} INFO - [2023-04-16T18:11:03.109+0000] {dagbag.py:532} INFO - Filling up the DagBag from /home/airflow/.local/lib/python3.7/site-packages/airflow/example_dags/example_latest_only_with_trigger.py
[2023-04-16T18:11:03.134+0000] {processor.py:753} INFO - DAG(s) dict_keys(['latest_only_with_trigger']) retrieved from /home/airflow/.local/lib/python3.7/site-packages/airflow/example_dags/example_latest_only_with_trigger.py
[2023-04-16T18:11:03.169+0000] {logging_mixin.py:137} INFO - [2023-04-16T18:11:03.169+0000] {dag.py:2705} INFO - Sync 1 DAGs
[2023-04-16T18:11:03.207+0000] {logging_mixin.py:137} INFO - [2023-04-16T18:11:03.207+0000] {dag.py:3456} INFO - Setting next_dagrun for latest_only_with_trigger to 2023-04-16T14:11:03.206752+00:00, run_after=2023-04-16T18:11:03.206752+00:00
[2023-04-16T18:11:03.234+0000] {processor.py:175} INFO - Processing /home/airflow/.local/lib/python3.7/site-packages/airflow/example_dags/example_latest_only_with_trigger.py took 0.134 seconds
[2023-04-16T18:11:33.882+0000] {processor.py:153} INFO - Started process (PID=1261) to work on /home/airflow/.local/lib/python3.7/site-packages/airflow/example_dags/example_latest_only_with_trigger.py
[2023-04-16T18:11:33.883+0000] {processor.py:743} INFO - Processing file /home/airflow/.local/lib/python3.7/site-packages/airflow/example_dags/example_latest_only_with_trigger.py for tasks to queue
[2023-04-16T18:11:33.885+0000] {logging_mixin.py:137} INFO - [2023-04-16T18:11:33.884+0000] {dagbag.py:532} INFO - Filling up the DagBag from /home/airflow/.local/lib/python3.7/site-packages/airflow/example_dags/example_latest_only_with_trigger.py
[2023-04-16T18:11:33.907+0000] {processor.py:753} INFO - DAG(s) dict_keys(['latest_only_with_trigger']) retrieved from /home/airflow/.local/lib/python3.7/site-packages/airflow/example_dags/example_latest_only_with_trigger.py
[2023-04-16T18:11:33.945+0000] {logging_mixin.py:137} INFO - [2023-04-16T18:11:33.945+0000] {dag.py:2705} INFO - Sync 1 DAGs
[2023-04-16T18:11:33.981+0000] {logging_mixin.py:137} INFO - [2023-04-16T18:11:33.981+0000] {dag.py:3456} INFO - Setting next_dagrun for latest_only_with_trigger to 2023-04-16T14:11:33.980836+00:00, run_after=2023-04-16T18:11:33.980836+00:00
[2023-04-16T18:11:34.010+0000] {processor.py:175} INFO - Processing /home/airflow/.local/lib/python3.7/site-packages/airflow/example_dags/example_latest_only_with_trigger.py took 0.137 seconds
[2023-04-16T18:12:04.499+0000] {processor.py:153} INFO - Started process (PID=1311) to work on /home/airflow/.local/lib/python3.7/site-packages/airflow/example_dags/example_latest_only_with_trigger.py
[2023-04-16T18:12:04.500+0000] {processor.py:743} INFO - Processing file /home/airflow/.local/lib/python3.7/site-packages/airflow/example_dags/example_latest_only_with_trigger.py for tasks to queue
[2023-04-16T18:12:04.501+0000] {logging_mixin.py:137} INFO - [2023-04-16T18:12:04.501+0000] {dagbag.py:532} INFO - Filling up the DagBag from /home/airflow/.local/lib/python3.7/site-packages/airflow/example_dags/example_latest_only_with_trigger.py
[2023-04-16T18:12:04.525+0000] {processor.py:753} INFO - DAG(s) dict_keys(['latest_only_with_trigger']) retrieved from /home/airflow/.local/lib/python3.7/site-packages/airflow/example_dags/example_latest_only_with_trigger.py
[2023-04-16T18:12:04.562+0000] {logging_mixin.py:137} INFO - [2023-04-16T18:12:04.561+0000] {dag.py:2705} INFO - Sync 1 DAGs
[2023-04-16T18:12:04.598+0000] {logging_mixin.py:137} INFO - [2023-04-16T18:12:04.597+0000] {dag.py:3456} INFO - Setting next_dagrun for latest_only_with_trigger to 2023-04-16T14:12:04.597598+00:00, run_after=2023-04-16T18:12:04.597598+00:00
[2023-04-16T18:12:04.623+0000] {processor.py:175} INFO - Processing /home/airflow/.local/lib/python3.7/site-packages/airflow/example_dags/example_latest_only_with_trigger.py took 0.130 seconds
[2023-04-16T18:12:35.067+0000] {processor.py:153} INFO - Started process (PID=1361) to work on /home/airflow/.local/lib/python3.7/site-packages/airflow/example_dags/example_latest_only_with_trigger.py
[2023-04-16T18:12:35.069+0000] {processor.py:743} INFO - Processing file /home/airflow/.local/lib/python3.7/site-packages/airflow/example_dags/example_latest_only_with_trigger.py for tasks to queue
[2023-04-16T18:12:35.070+0000] {logging_mixin.py:137} INFO - [2023-04-16T18:12:35.070+0000] {dagbag.py:532} INFO - Filling up the DagBag from /home/airflow/.local/lib/python3.7/site-packages/airflow/example_dags/example_latest_only_with_trigger.py
[2023-04-16T18:12:35.100+0000] {processor.py:753} INFO - DAG(s) dict_keys(['latest_only_with_trigger']) retrieved from /home/airflow/.local/lib/python3.7/site-packages/airflow/example_dags/example_latest_only_with_trigger.py
[2023-04-16T18:12:35.140+0000] {logging_mixin.py:137} INFO - [2023-04-16T18:12:35.140+0000] {dag.py:2705} INFO - Sync 1 DAGs
[2023-04-16T18:12:35.184+0000] {logging_mixin.py:137} INFO - [2023-04-16T18:12:35.184+0000] {dag.py:3456} INFO - Setting next_dagrun for latest_only_with_trigger to 2023-04-16T14:12:35.183824+00:00, run_after=2023-04-16T18:12:35.183824+00:00
[2023-04-16T18:12:35.214+0000] {processor.py:175} INFO - Processing /home/airflow/.local/lib/python3.7/site-packages/airflow/example_dags/example_latest_only_with_trigger.py took 0.153 seconds
[2023-04-16T18:13:05.726+0000] {processor.py:153} INFO - Started process (PID=1411) to work on /home/airflow/.local/lib/python3.7/site-packages/airflow/example_dags/example_latest_only_with_trigger.py
[2023-04-16T18:13:05.729+0000] {processor.py:743} INFO - Processing file /home/airflow/.local/lib/python3.7/site-packages/airflow/example_dags/example_latest_only_with_trigger.py for tasks to queue
[2023-04-16T18:13:05.730+0000] {logging_mixin.py:137} INFO - [2023-04-16T18:13:05.730+0000] {dagbag.py:532} INFO - Filling up the DagBag from /home/airflow/.local/lib/python3.7/site-packages/airflow/example_dags/example_latest_only_with_trigger.py
[2023-04-16T18:13:05.751+0000] {processor.py:753} INFO - DAG(s) dict_keys(['latest_only_with_trigger']) retrieved from /home/airflow/.local/lib/python3.7/site-packages/airflow/example_dags/example_latest_only_with_trigger.py
[2023-04-16T18:13:05.789+0000] {logging_mixin.py:137} INFO - [2023-04-16T18:13:05.789+0000] {dag.py:2705} INFO - Sync 1 DAGs
[2023-04-16T18:13:05.834+0000] {logging_mixin.py:137} INFO - [2023-04-16T18:13:05.834+0000] {dag.py:3456} INFO - Setting next_dagrun for latest_only_with_trigger to 2023-04-16T14:13:05.833878+00:00, run_after=2023-04-16T18:13:05.833878+00:00
[2023-04-16T18:13:05.867+0000] {processor.py:175} INFO - Processing /home/airflow/.local/lib/python3.7/site-packages/airflow/example_dags/example_latest_only_with_trigger.py took 0.150 seconds
[2023-04-16T18:13:36.566+0000] {processor.py:153} INFO - Started process (PID=1462) to work on /home/airflow/.local/lib/python3.7/site-packages/airflow/example_dags/example_latest_only_with_trigger.py
[2023-04-16T18:13:36.568+0000] {processor.py:743} INFO - Processing file /home/airflow/.local/lib/python3.7/site-packages/airflow/example_dags/example_latest_only_with_trigger.py for tasks to queue
[2023-04-16T18:13:36.569+0000] {logging_mixin.py:137} INFO - [2023-04-16T18:13:36.569+0000] {dagbag.py:532} INFO - Filling up the DagBag from /home/airflow/.local/lib/python3.7/site-packages/airflow/example_dags/example_latest_only_with_trigger.py
[2023-04-16T18:13:36.596+0000] {processor.py:753} INFO - DAG(s) dict_keys(['latest_only_with_trigger']) retrieved from /home/airflow/.local/lib/python3.7/site-packages/airflow/example_dags/example_latest_only_with_trigger.py
[2023-04-16T18:13:36.635+0000] {logging_mixin.py:137} INFO - [2023-04-16T18:13:36.635+0000] {dag.py:2705} INFO - Sync 1 DAGs
[2023-04-16T18:13:36.677+0000] {logging_mixin.py:137} INFO - [2023-04-16T18:13:36.677+0000] {dag.py:3456} INFO - Setting next_dagrun for latest_only_with_trigger to 2023-04-16T14:13:36.676872+00:00, run_after=2023-04-16T18:13:36.676872+00:00
[2023-04-16T18:13:36.713+0000] {processor.py:175} INFO - Processing /home/airflow/.local/lib/python3.7/site-packages/airflow/example_dags/example_latest_only_with_trigger.py took 0.152 seconds
[2023-04-16T18:14:06.873+0000] {processor.py:153} INFO - Started process (PID=1513) to work on /home/airflow/.local/lib/python3.7/site-packages/airflow/example_dags/example_latest_only_with_trigger.py
[2023-04-16T18:14:06.874+0000] {processor.py:743} INFO - Processing file /home/airflow/.local/lib/python3.7/site-packages/airflow/example_dags/example_latest_only_with_trigger.py for tasks to queue
[2023-04-16T18:14:06.876+0000] {logging_mixin.py:137} INFO - [2023-04-16T18:14:06.875+0000] {dagbag.py:532} INFO - Filling up the DagBag from /home/airflow/.local/lib/python3.7/site-packages/airflow/example_dags/example_latest_only_with_trigger.py
[2023-04-16T18:14:06.899+0000] {processor.py:753} INFO - DAG(s) dict_keys(['latest_only_with_trigger']) retrieved from /home/airflow/.local/lib/python3.7/site-packages/airflow/example_dags/example_latest_only_with_trigger.py
[2023-04-16T18:14:06.935+0000] {logging_mixin.py:137} INFO - [2023-04-16T18:14:06.935+0000] {dag.py:2705} INFO - Sync 1 DAGs
[2023-04-16T18:14:06.975+0000] {logging_mixin.py:137} INFO - [2023-04-16T18:14:06.975+0000] {dag.py:3456} INFO - Setting next_dagrun for latest_only_with_trigger to 2023-04-16T14:14:06.973403+00:00, run_after=2023-04-16T18:14:06.973403+00:00
[2023-04-16T18:14:06.999+0000] {processor.py:175} INFO - Processing /home/airflow/.local/lib/python3.7/site-packages/airflow/example_dags/example_latest_only_with_trigger.py took 0.131 seconds
[2023-04-16T18:14:37.728+0000] {processor.py:153} INFO - Started process (PID=1563) to work on /home/airflow/.local/lib/python3.7/site-packages/airflow/example_dags/example_latest_only_with_trigger.py
[2023-04-16T18:14:37.730+0000] {processor.py:743} INFO - Processing file /home/airflow/.local/lib/python3.7/site-packages/airflow/example_dags/example_latest_only_with_trigger.py for tasks to queue
[2023-04-16T18:14:37.731+0000] {logging_mixin.py:137} INFO - [2023-04-16T18:14:37.731+0000] {dagbag.py:532} INFO - Filling up the DagBag from /home/airflow/.local/lib/python3.7/site-packages/airflow/example_dags/example_latest_only_with_trigger.py
[2023-04-16T18:14:37.754+0000] {processor.py:753} INFO - DAG(s) dict_keys(['latest_only_with_trigger']) retrieved from /home/airflow/.local/lib/python3.7/site-packages/airflow/example_dags/example_latest_only_with_trigger.py
[2023-04-16T18:14:37.798+0000] {logging_mixin.py:137} INFO - [2023-04-16T18:14:37.798+0000] {dag.py:2705} INFO - Sync 1 DAGs
[2023-04-16T18:14:37.845+0000] {logging_mixin.py:137} INFO - [2023-04-16T18:14:37.845+0000] {dag.py:3456} INFO - Setting next_dagrun for latest_only_with_trigger to 2023-04-16T14:14:37.844737+00:00, run_after=2023-04-16T18:14:37.844737+00:00
[2023-04-16T18:14:37.871+0000] {processor.py:175} INFO - Processing /home/airflow/.local/lib/python3.7/site-packages/airflow/example_dags/example_latest_only_with_trigger.py took 0.148 seconds
[2023-04-16T18:15:08.464+0000] {processor.py:153} INFO - Started process (PID=1613) to work on /home/airflow/.local/lib/python3.7/site-packages/airflow/example_dags/example_latest_only_with_trigger.py
[2023-04-16T18:15:08.465+0000] {processor.py:743} INFO - Processing file /home/airflow/.local/lib/python3.7/site-packages/airflow/example_dags/example_latest_only_with_trigger.py for tasks to queue
[2023-04-16T18:15:08.467+0000] {logging_mixin.py:137} INFO - [2023-04-16T18:15:08.466+0000] {dagbag.py:532} INFO - Filling up the DagBag from /home/airflow/.local/lib/python3.7/site-packages/airflow/example_dags/example_latest_only_with_trigger.py
[2023-04-16T18:15:08.497+0000] {processor.py:753} INFO - DAG(s) dict_keys(['latest_only_with_trigger']) retrieved from /home/airflow/.local/lib/python3.7/site-packages/airflow/example_dags/example_latest_only_with_trigger.py
[2023-04-16T18:15:08.550+0000] {logging_mixin.py:137} INFO - [2023-04-16T18:15:08.549+0000] {dag.py:2705} INFO - Sync 1 DAGs
[2023-04-16T18:15:08.589+0000] {logging_mixin.py:137} INFO - [2023-04-16T18:15:08.589+0000] {dag.py:3456} INFO - Setting next_dagrun for latest_only_with_trigger to 2023-04-16T14:15:08.589423+00:00, run_after=2023-04-16T18:15:08.589423+00:00
[2023-04-16T18:15:08.615+0000] {processor.py:175} INFO - Processing /home/airflow/.local/lib/python3.7/site-packages/airflow/example_dags/example_latest_only_with_trigger.py took 0.160 seconds
[2023-04-16T18:15:39.320+0000] {processor.py:153} INFO - Started process (PID=1670) to work on /home/airflow/.local/lib/python3.7/site-packages/airflow/example_dags/example_latest_only_with_trigger.py
[2023-04-16T18:15:39.322+0000] {processor.py:743} INFO - Processing file /home/airflow/.local/lib/python3.7/site-packages/airflow/example_dags/example_latest_only_with_trigger.py for tasks to queue
[2023-04-16T18:15:39.323+0000] {logging_mixin.py:137} INFO - [2023-04-16T18:15:39.323+0000] {dagbag.py:532} INFO - Filling up the DagBag from /home/airflow/.local/lib/python3.7/site-packages/airflow/example_dags/example_latest_only_with_trigger.py
[2023-04-16T18:15:39.350+0000] {processor.py:753} INFO - DAG(s) dict_keys(['latest_only_with_trigger']) retrieved from /home/airflow/.local/lib/python3.7/site-packages/airflow/example_dags/example_latest_only_with_trigger.py
[2023-04-16T18:15:39.387+0000] {logging_mixin.py:137} INFO - [2023-04-16T18:15:39.387+0000] {dag.py:2705} INFO - Sync 1 DAGs
[2023-04-16T18:15:39.445+0000] {logging_mixin.py:137} INFO - [2023-04-16T18:15:39.445+0000] {dag.py:3456} INFO - Setting next_dagrun for latest_only_with_trigger to 2023-04-16T14:15:39.444978+00:00, run_after=2023-04-16T18:15:39.444978+00:00
[2023-04-16T18:15:39.482+0000] {processor.py:175} INFO - Processing /home/airflow/.local/lib/python3.7/site-packages/airflow/example_dags/example_latest_only_with_trigger.py took 0.168 seconds
[2023-04-16T18:16:09.882+0000] {processor.py:153} INFO - Started process (PID=1720) to work on /home/airflow/.local/lib/python3.7/site-packages/airflow/example_dags/example_latest_only_with_trigger.py
[2023-04-16T18:16:09.883+0000] {processor.py:743} INFO - Processing file /home/airflow/.local/lib/python3.7/site-packages/airflow/example_dags/example_latest_only_with_trigger.py for tasks to queue
[2023-04-16T18:16:09.885+0000] {logging_mixin.py:137} INFO - [2023-04-16T18:16:09.884+0000] {dagbag.py:532} INFO - Filling up the DagBag from /home/airflow/.local/lib/python3.7/site-packages/airflow/example_dags/example_latest_only_with_trigger.py
[2023-04-16T18:16:09.907+0000] {processor.py:753} INFO - DAG(s) dict_keys(['latest_only_with_trigger']) retrieved from /home/airflow/.local/lib/python3.7/site-packages/airflow/example_dags/example_latest_only_with_trigger.py
[2023-04-16T18:16:09.942+0000] {logging_mixin.py:137} INFO - [2023-04-16T18:16:09.942+0000] {dag.py:2705} INFO - Sync 1 DAGs
[2023-04-16T18:16:09.979+0000] {logging_mixin.py:137} INFO - [2023-04-16T18:16:09.979+0000] {dag.py:3456} INFO - Setting next_dagrun for latest_only_with_trigger to 2023-04-16T14:16:09.979181+00:00, run_after=2023-04-16T18:16:09.979181+00:00
[2023-04-16T18:16:10.004+0000] {processor.py:175} INFO - Processing /home/airflow/.local/lib/python3.7/site-packages/airflow/example_dags/example_latest_only_with_trigger.py took 0.129 seconds
[2023-04-16T18:16:40.553+0000] {processor.py:153} INFO - Started process (PID=1770) to work on /home/airflow/.local/lib/python3.7/site-packages/airflow/example_dags/example_latest_only_with_trigger.py
[2023-04-16T18:16:40.555+0000] {processor.py:743} INFO - Processing file /home/airflow/.local/lib/python3.7/site-packages/airflow/example_dags/example_latest_only_with_trigger.py for tasks to queue
[2023-04-16T18:16:40.556+0000] {logging_mixin.py:137} INFO - [2023-04-16T18:16:40.556+0000] {dagbag.py:532} INFO - Filling up the DagBag from /home/airflow/.local/lib/python3.7/site-packages/airflow/example_dags/example_latest_only_with_trigger.py
[2023-04-16T18:16:40.579+0000] {processor.py:753} INFO - DAG(s) dict_keys(['latest_only_with_trigger']) retrieved from /home/airflow/.local/lib/python3.7/site-packages/airflow/example_dags/example_latest_only_with_trigger.py
[2023-04-16T18:16:40.619+0000] {logging_mixin.py:137} INFO - [2023-04-16T18:16:40.619+0000] {dag.py:2705} INFO - Sync 1 DAGs
[2023-04-16T18:16:40.657+0000] {logging_mixin.py:137} INFO - [2023-04-16T18:16:40.657+0000] {dag.py:3456} INFO - Setting next_dagrun for latest_only_with_trigger to 2023-04-16T14:16:40.657178+00:00, run_after=2023-04-16T18:16:40.657178+00:00
[2023-04-16T18:16:40.683+0000] {processor.py:175} INFO - Processing /home/airflow/.local/lib/python3.7/site-packages/airflow/example_dags/example_latest_only_with_trigger.py took 0.137 seconds
[2023-04-16T18:17:11.293+0000] {processor.py:153} INFO - Started process (PID=1820) to work on /home/airflow/.local/lib/python3.7/site-packages/airflow/example_dags/example_latest_only_with_trigger.py
[2023-04-16T18:17:11.295+0000] {processor.py:743} INFO - Processing file /home/airflow/.local/lib/python3.7/site-packages/airflow/example_dags/example_latest_only_with_trigger.py for tasks to queue
[2023-04-16T18:17:11.296+0000] {logging_mixin.py:137} INFO - [2023-04-16T18:17:11.295+0000] {dagbag.py:532} INFO - Filling up the DagBag from /home/airflow/.local/lib/python3.7/site-packages/airflow/example_dags/example_latest_only_with_trigger.py
[2023-04-16T18:17:11.316+0000] {processor.py:753} INFO - DAG(s) dict_keys(['latest_only_with_trigger']) retrieved from /home/airflow/.local/lib/python3.7/site-packages/airflow/example_dags/example_latest_only_with_trigger.py
[2023-04-16T18:17:11.354+0000] {logging_mixin.py:137} INFO - [2023-04-16T18:17:11.354+0000] {dag.py:2705} INFO - Sync 1 DAGs
[2023-04-16T18:17:11.392+0000] {logging_mixin.py:137} INFO - [2023-04-16T18:17:11.392+0000] {dag.py:3456} INFO - Setting next_dagrun for latest_only_with_trigger to 2023-04-16T14:17:11.392416+00:00, run_after=2023-04-16T18:17:11.392416+00:00
[2023-04-16T18:17:11.418+0000] {processor.py:175} INFO - Processing /home/airflow/.local/lib/python3.7/site-packages/airflow/example_dags/example_latest_only_with_trigger.py took 0.131 seconds
[2023-04-16T18:17:42.113+0000] {processor.py:153} INFO - Started process (PID=1870) to work on /home/airflow/.local/lib/python3.7/site-packages/airflow/example_dags/example_latest_only_with_trigger.py
[2023-04-16T18:17:42.115+0000] {processor.py:743} INFO - Processing file /home/airflow/.local/lib/python3.7/site-packages/airflow/example_dags/example_latest_only_with_trigger.py for tasks to queue
[2023-04-16T18:17:42.116+0000] {logging_mixin.py:137} INFO - [2023-04-16T18:17:42.116+0000] {dagbag.py:532} INFO - Filling up the DagBag from /home/airflow/.local/lib/python3.7/site-packages/airflow/example_dags/example_latest_only_with_trigger.py
[2023-04-16T18:17:42.136+0000] {processor.py:753} INFO - DAG(s) dict_keys(['latest_only_with_trigger']) retrieved from /home/airflow/.local/lib/python3.7/site-packages/airflow/example_dags/example_latest_only_with_trigger.py
[2023-04-16T18:17:42.172+0000] {logging_mixin.py:137} INFO - [2023-04-16T18:17:42.172+0000] {dag.py:2705} INFO - Sync 1 DAGs
[2023-04-16T18:17:42.207+0000] {logging_mixin.py:137} INFO - [2023-04-16T18:17:42.207+0000] {dag.py:3456} INFO - Setting next_dagrun for latest_only_with_trigger to 2023-04-16T14:17:42.207077+00:00, run_after=2023-04-16T18:17:42.207077+00:00
[2023-04-16T18:17:42.233+0000] {processor.py:175} INFO - Processing /home/airflow/.local/lib/python3.7/site-packages/airflow/example_dags/example_latest_only_with_trigger.py took 0.126 seconds
[2023-04-16T18:18:12.773+0000] {processor.py:153} INFO - Started process (PID=1920) to work on /home/airflow/.local/lib/python3.7/site-packages/airflow/example_dags/example_latest_only_with_trigger.py
[2023-04-16T18:18:12.774+0000] {processor.py:743} INFO - Processing file /home/airflow/.local/lib/python3.7/site-packages/airflow/example_dags/example_latest_only_with_trigger.py for tasks to queue
[2023-04-16T18:18:12.775+0000] {logging_mixin.py:137} INFO - [2023-04-16T18:18:12.775+0000] {dagbag.py:532} INFO - Filling up the DagBag from /home/airflow/.local/lib/python3.7/site-packages/airflow/example_dags/example_latest_only_with_trigger.py
[2023-04-16T18:18:12.795+0000] {processor.py:753} INFO - DAG(s) dict_keys(['latest_only_with_trigger']) retrieved from /home/airflow/.local/lib/python3.7/site-packages/airflow/example_dags/example_latest_only_with_trigger.py
[2023-04-16T18:18:12.833+0000] {logging_mixin.py:137} INFO - [2023-04-16T18:18:12.833+0000] {dag.py:2705} INFO - Sync 1 DAGs
[2023-04-16T18:18:12.872+0000] {logging_mixin.py:137} INFO - [2023-04-16T18:18:12.872+0000] {dag.py:3456} INFO - Setting next_dagrun for latest_only_with_trigger to 2023-04-16T14:18:12.872310+00:00, run_after=2023-04-16T18:18:12.872310+00:00
[2023-04-16T18:18:12.899+0000] {processor.py:175} INFO - Processing /home/airflow/.local/lib/python3.7/site-packages/airflow/example_dags/example_latest_only_with_trigger.py took 0.133 seconds
[2023-04-16T18:18:43.693+0000] {processor.py:153} INFO - Started process (PID=1970) to work on /home/airflow/.local/lib/python3.7/site-packages/airflow/example_dags/example_latest_only_with_trigger.py
[2023-04-16T18:18:43.696+0000] {processor.py:743} INFO - Processing file /home/airflow/.local/lib/python3.7/site-packages/airflow/example_dags/example_latest_only_with_trigger.py for tasks to queue
[2023-04-16T18:18:43.697+0000] {logging_mixin.py:137} INFO - [2023-04-16T18:18:43.697+0000] {dagbag.py:532} INFO - Filling up the DagBag from /home/airflow/.local/lib/python3.7/site-packages/airflow/example_dags/example_latest_only_with_trigger.py
[2023-04-16T18:18:43.716+0000] {processor.py:753} INFO - DAG(s) dict_keys(['latest_only_with_trigger']) retrieved from /home/airflow/.local/lib/python3.7/site-packages/airflow/example_dags/example_latest_only_with_trigger.py
[2023-04-16T18:18:43.752+0000] {logging_mixin.py:137} INFO - [2023-04-16T18:18:43.752+0000] {dag.py:2705} INFO - Sync 1 DAGs
[2023-04-16T18:18:43.788+0000] {logging_mixin.py:137} INFO - [2023-04-16T18:18:43.788+0000] {dag.py:3456} INFO - Setting next_dagrun for latest_only_with_trigger to 2023-04-16T14:18:43.787971+00:00, run_after=2023-04-16T18:18:43.787971+00:00
[2023-04-16T18:18:43.818+0000] {processor.py:175} INFO - Processing /home/airflow/.local/lib/python3.7/site-packages/airflow/example_dags/example_latest_only_with_trigger.py took 0.133 seconds
[2023-04-16T18:19:14.282+0000] {processor.py:153} INFO - Started process (PID=2020) to work on /home/airflow/.local/lib/python3.7/site-packages/airflow/example_dags/example_latest_only_with_trigger.py
[2023-04-16T18:19:14.283+0000] {processor.py:743} INFO - Processing file /home/airflow/.local/lib/python3.7/site-packages/airflow/example_dags/example_latest_only_with_trigger.py for tasks to queue
[2023-04-16T18:19:14.284+0000] {logging_mixin.py:137} INFO - [2023-04-16T18:19:14.284+0000] {dagbag.py:532} INFO - Filling up the DagBag from /home/airflow/.local/lib/python3.7/site-packages/airflow/example_dags/example_latest_only_with_trigger.py
[2023-04-16T18:19:14.307+0000] {processor.py:753} INFO - DAG(s) dict_keys(['latest_only_with_trigger']) retrieved from /home/airflow/.local/lib/python3.7/site-packages/airflow/example_dags/example_latest_only_with_trigger.py
[2023-04-16T18:19:14.353+0000] {logging_mixin.py:137} INFO - [2023-04-16T18:19:14.353+0000] {dag.py:2705} INFO - Sync 1 DAGs
[2023-04-16T18:19:14.389+0000] {logging_mixin.py:137} INFO - [2023-04-16T18:19:14.389+0000] {dag.py:3456} INFO - Setting next_dagrun for latest_only_with_trigger to 2023-04-16T14:19:14.389050+00:00, run_after=2023-04-16T18:19:14.389050+00:00
[2023-04-16T18:19:14.420+0000] {processor.py:175} INFO - Processing /home/airflow/.local/lib/python3.7/site-packages/airflow/example_dags/example_latest_only_with_trigger.py took 0.146 seconds
[2023-04-16T18:19:44.933+0000] {processor.py:153} INFO - Started process (PID=2070) to work on /home/airflow/.local/lib/python3.7/site-packages/airflow/example_dags/example_latest_only_with_trigger.py
[2023-04-16T18:19:44.935+0000] {processor.py:743} INFO - Processing file /home/airflow/.local/lib/python3.7/site-packages/airflow/example_dags/example_latest_only_with_trigger.py for tasks to queue
[2023-04-16T18:19:44.936+0000] {logging_mixin.py:137} INFO - [2023-04-16T18:19:44.936+0000] {dagbag.py:532} INFO - Filling up the DagBag from /home/airflow/.local/lib/python3.7/site-packages/airflow/example_dags/example_latest_only_with_trigger.py
[2023-04-16T18:19:44.965+0000] {processor.py:753} INFO - DAG(s) dict_keys(['latest_only_with_trigger']) retrieved from /home/airflow/.local/lib/python3.7/site-packages/airflow/example_dags/example_latest_only_with_trigger.py
[2023-04-16T18:19:45.012+0000] {logging_mixin.py:137} INFO - [2023-04-16T18:19:45.011+0000] {dag.py:2705} INFO - Sync 1 DAGs
[2023-04-16T18:19:45.059+0000] {logging_mixin.py:137} INFO - [2023-04-16T18:19:45.059+0000] {dag.py:3456} INFO - Setting next_dagrun for latest_only_with_trigger to 2023-04-16T14:19:45.059291+00:00, run_after=2023-04-16T18:19:45.059291+00:00
[2023-04-16T18:19:45.085+0000] {processor.py:175} INFO - Processing /home/airflow/.local/lib/python3.7/site-packages/airflow/example_dags/example_latest_only_with_trigger.py took 0.157 seconds
[2023-04-16T18:20:15.702+0000] {processor.py:153} INFO - Started process (PID=2120) to work on /home/airflow/.local/lib/python3.7/site-packages/airflow/example_dags/example_latest_only_with_trigger.py
[2023-04-16T18:20:15.703+0000] {processor.py:743} INFO - Processing file /home/airflow/.local/lib/python3.7/site-packages/airflow/example_dags/example_latest_only_with_trigger.py for tasks to queue
[2023-04-16T18:20:15.704+0000] {logging_mixin.py:137} INFO - [2023-04-16T18:20:15.704+0000] {dagbag.py:532} INFO - Filling up the DagBag from /home/airflow/.local/lib/python3.7/site-packages/airflow/example_dags/example_latest_only_with_trigger.py
[2023-04-16T18:20:15.724+0000] {processor.py:753} INFO - DAG(s) dict_keys(['latest_only_with_trigger']) retrieved from /home/airflow/.local/lib/python3.7/site-packages/airflow/example_dags/example_latest_only_with_trigger.py
[2023-04-16T18:20:15.763+0000] {logging_mixin.py:137} INFO - [2023-04-16T18:20:15.762+0000] {dag.py:2705} INFO - Sync 1 DAGs
[2023-04-16T18:20:15.799+0000] {logging_mixin.py:137} INFO - [2023-04-16T18:20:15.798+0000] {dag.py:3456} INFO - Setting next_dagrun for latest_only_with_trigger to 2023-04-16T14:20:15.798502+00:00, run_after=2023-04-16T18:20:15.798502+00:00
[2023-04-16T18:20:15.824+0000] {processor.py:175} INFO - Processing /home/airflow/.local/lib/python3.7/site-packages/airflow/example_dags/example_latest_only_with_trigger.py took 0.128 seconds
[2023-04-16T18:20:46.210+0000] {processor.py:153} INFO - Started process (PID=2171) to work on /home/airflow/.local/lib/python3.7/site-packages/airflow/example_dags/example_latest_only_with_trigger.py
[2023-04-16T18:20:46.212+0000] {processor.py:743} INFO - Processing file /home/airflow/.local/lib/python3.7/site-packages/airflow/example_dags/example_latest_only_with_trigger.py for tasks to queue
[2023-04-16T18:20:46.213+0000] {logging_mixin.py:137} INFO - [2023-04-16T18:20:46.213+0000] {dagbag.py:532} INFO - Filling up the DagBag from /home/airflow/.local/lib/python3.7/site-packages/airflow/example_dags/example_latest_only_with_trigger.py
[2023-04-16T18:20:46.242+0000] {processor.py:753} INFO - DAG(s) dict_keys(['latest_only_with_trigger']) retrieved from /home/airflow/.local/lib/python3.7/site-packages/airflow/example_dags/example_latest_only_with_trigger.py
[2023-04-16T18:20:46.281+0000] {logging_mixin.py:137} INFO - [2023-04-16T18:20:46.281+0000] {dag.py:2705} INFO - Sync 1 DAGs
[2023-04-16T18:20:46.318+0000] {logging_mixin.py:137} INFO - [2023-04-16T18:20:46.318+0000] {dag.py:3456} INFO - Setting next_dagrun for latest_only_with_trigger to 2023-04-16T14:20:46.318114+00:00, run_after=2023-04-16T18:20:46.318114+00:00
[2023-04-16T18:20:46.345+0000] {processor.py:175} INFO - Processing /home/airflow/.local/lib/python3.7/site-packages/airflow/example_dags/example_latest_only_with_trigger.py took 0.141 seconds
[2023-04-16T18:21:17.062+0000] {processor.py:153} INFO - Started process (PID=2221) to work on /home/airflow/.local/lib/python3.7/site-packages/airflow/example_dags/example_latest_only_with_trigger.py
[2023-04-16T18:21:17.064+0000] {processor.py:743} INFO - Processing file /home/airflow/.local/lib/python3.7/site-packages/airflow/example_dags/example_latest_only_with_trigger.py for tasks to queue
[2023-04-16T18:21:17.065+0000] {logging_mixin.py:137} INFO - [2023-04-16T18:21:17.065+0000] {dagbag.py:532} INFO - Filling up the DagBag from /home/airflow/.local/lib/python3.7/site-packages/airflow/example_dags/example_latest_only_with_trigger.py
[2023-04-16T18:21:17.086+0000] {processor.py:753} INFO - DAG(s) dict_keys(['latest_only_with_trigger']) retrieved from /home/airflow/.local/lib/python3.7/site-packages/airflow/example_dags/example_latest_only_with_trigger.py
[2023-04-16T18:21:17.123+0000] {logging_mixin.py:137} INFO - [2023-04-16T18:21:17.123+0000] {dag.py:2705} INFO - Sync 1 DAGs
[2023-04-16T18:21:17.161+0000] {logging_mixin.py:137} INFO - [2023-04-16T18:21:17.160+0000] {dag.py:3456} INFO - Setting next_dagrun for latest_only_with_trigger to 2023-04-16T14:21:17.160491+00:00, run_after=2023-04-16T18:21:17.160491+00:00
[2023-04-16T18:21:17.190+0000] {processor.py:175} INFO - Processing /home/airflow/.local/lib/python3.7/site-packages/airflow/example_dags/example_latest_only_with_trigger.py took 0.133 seconds
[2023-04-16T18:21:47.339+0000] {processor.py:153} INFO - Started process (PID=2271) to work on /home/airflow/.local/lib/python3.7/site-packages/airflow/example_dags/example_latest_only_with_trigger.py
[2023-04-16T18:21:47.341+0000] {processor.py:743} INFO - Processing file /home/airflow/.local/lib/python3.7/site-packages/airflow/example_dags/example_latest_only_with_trigger.py for tasks to queue
[2023-04-16T18:21:47.342+0000] {logging_mixin.py:137} INFO - [2023-04-16T18:21:47.341+0000] {dagbag.py:532} INFO - Filling up the DagBag from /home/airflow/.local/lib/python3.7/site-packages/airflow/example_dags/example_latest_only_with_trigger.py
[2023-04-16T18:21:47.364+0000] {processor.py:753} INFO - DAG(s) dict_keys(['latest_only_with_trigger']) retrieved from /home/airflow/.local/lib/python3.7/site-packages/airflow/example_dags/example_latest_only_with_trigger.py
[2023-04-16T18:21:47.403+0000] {logging_mixin.py:137} INFO - [2023-04-16T18:21:47.403+0000] {dag.py:2705} INFO - Sync 1 DAGs
[2023-04-16T18:21:47.440+0000] {logging_mixin.py:137} INFO - [2023-04-16T18:21:47.439+0000] {dag.py:3456} INFO - Setting next_dagrun for latest_only_with_trigger to 2023-04-16T14:21:47.439556+00:00, run_after=2023-04-16T18:21:47.439556+00:00
[2023-04-16T18:21:47.469+0000] {processor.py:175} INFO - Processing /home/airflow/.local/lib/python3.7/site-packages/airflow/example_dags/example_latest_only_with_trigger.py took 0.135 seconds
[2023-04-16T18:22:17.793+0000] {processor.py:153} INFO - Started process (PID=2321) to work on /home/airflow/.local/lib/python3.7/site-packages/airflow/example_dags/example_latest_only_with_trigger.py
[2023-04-16T18:22:17.795+0000] {processor.py:743} INFO - Processing file /home/airflow/.local/lib/python3.7/site-packages/airflow/example_dags/example_latest_only_with_trigger.py for tasks to queue
[2023-04-16T18:22:17.796+0000] {logging_mixin.py:137} INFO - [2023-04-16T18:22:17.796+0000] {dagbag.py:532} INFO - Filling up the DagBag from /home/airflow/.local/lib/python3.7/site-packages/airflow/example_dags/example_latest_only_with_trigger.py
[2023-04-16T18:22:17.816+0000] {processor.py:753} INFO - DAG(s) dict_keys(['latest_only_with_trigger']) retrieved from /home/airflow/.local/lib/python3.7/site-packages/airflow/example_dags/example_latest_only_with_trigger.py
[2023-04-16T18:22:17.854+0000] {logging_mixin.py:137} INFO - [2023-04-16T18:22:17.854+0000] {dag.py:2705} INFO - Sync 1 DAGs
[2023-04-16T18:22:17.890+0000] {logging_mixin.py:137} INFO - [2023-04-16T18:22:17.890+0000] {dag.py:3456} INFO - Setting next_dagrun for latest_only_with_trigger to 2023-04-16T14:22:17.889998+00:00, run_after=2023-04-16T18:22:17.889998+00:00
[2023-04-16T18:22:17.917+0000] {processor.py:175} INFO - Processing /home/airflow/.local/lib/python3.7/site-packages/airflow/example_dags/example_latest_only_with_trigger.py took 0.129 seconds
[2023-04-16T18:22:48.093+0000] {processor.py:153} INFO - Started process (PID=2371) to work on /home/airflow/.local/lib/python3.7/site-packages/airflow/example_dags/example_latest_only_with_trigger.py
[2023-04-16T18:22:48.095+0000] {processor.py:743} INFO - Processing file /home/airflow/.local/lib/python3.7/site-packages/airflow/example_dags/example_latest_only_with_trigger.py for tasks to queue
[2023-04-16T18:22:48.096+0000] {logging_mixin.py:137} INFO - [2023-04-16T18:22:48.096+0000] {dagbag.py:532} INFO - Filling up the DagBag from /home/airflow/.local/lib/python3.7/site-packages/airflow/example_dags/example_latest_only_with_trigger.py
[2023-04-16T18:22:48.120+0000] {processor.py:753} INFO - DAG(s) dict_keys(['latest_only_with_trigger']) retrieved from /home/airflow/.local/lib/python3.7/site-packages/airflow/example_dags/example_latest_only_with_trigger.py
[2023-04-16T18:22:48.157+0000] {logging_mixin.py:137} INFO - [2023-04-16T18:22:48.156+0000] {dag.py:2705} INFO - Sync 1 DAGs
[2023-04-16T18:22:48.193+0000] {logging_mixin.py:137} INFO - [2023-04-16T18:22:48.193+0000] {dag.py:3456} INFO - Setting next_dagrun for latest_only_with_trigger to 2023-04-16T14:22:48.192786+00:00, run_after=2023-04-16T18:22:48.192786+00:00
[2023-04-16T18:22:48.219+0000] {processor.py:175} INFO - Processing /home/airflow/.local/lib/python3.7/site-packages/airflow/example_dags/example_latest_only_with_trigger.py took 0.132 seconds
[2023-04-16T18:23:18.653+0000] {processor.py:153} INFO - Started process (PID=2421) to work on /home/airflow/.local/lib/python3.7/site-packages/airflow/example_dags/example_latest_only_with_trigger.py
[2023-04-16T18:23:18.655+0000] {processor.py:743} INFO - Processing file /home/airflow/.local/lib/python3.7/site-packages/airflow/example_dags/example_latest_only_with_trigger.py for tasks to queue
[2023-04-16T18:23:18.656+0000] {logging_mixin.py:137} INFO - [2023-04-16T18:23:18.656+0000] {dagbag.py:532} INFO - Filling up the DagBag from /home/airflow/.local/lib/python3.7/site-packages/airflow/example_dags/example_latest_only_with_trigger.py
[2023-04-16T18:23:18.683+0000] {processor.py:753} INFO - DAG(s) dict_keys(['latest_only_with_trigger']) retrieved from /home/airflow/.local/lib/python3.7/site-packages/airflow/example_dags/example_latest_only_with_trigger.py
[2023-04-16T18:23:18.728+0000] {logging_mixin.py:137} INFO - [2023-04-16T18:23:18.728+0000] {dag.py:2705} INFO - Sync 1 DAGs
[2023-04-16T18:23:18.787+0000] {logging_mixin.py:137} INFO - [2023-04-16T18:23:18.785+0000] {dag.py:3456} INFO - Setting next_dagrun for latest_only_with_trigger to 2023-04-16T14:23:18.784564+00:00, run_after=2023-04-16T18:23:18.784564+00:00
[2023-04-16T18:23:18.817+0000] {processor.py:175} INFO - Processing /home/airflow/.local/lib/python3.7/site-packages/airflow/example_dags/example_latest_only_with_trigger.py took 0.169 seconds
[2023-04-16T18:23:48.845+0000] {processor.py:153} INFO - Started process (PID=2471) to work on /home/airflow/.local/lib/python3.7/site-packages/airflow/example_dags/example_latest_only_with_trigger.py
[2023-04-16T18:23:48.846+0000] {processor.py:743} INFO - Processing file /home/airflow/.local/lib/python3.7/site-packages/airflow/example_dags/example_latest_only_with_trigger.py for tasks to queue
[2023-04-16T18:23:48.847+0000] {logging_mixin.py:137} INFO - [2023-04-16T18:23:48.847+0000] {dagbag.py:532} INFO - Filling up the DagBag from /home/airflow/.local/lib/python3.7/site-packages/airflow/example_dags/example_latest_only_with_trigger.py
[2023-04-16T18:23:48.866+0000] {processor.py:753} INFO - DAG(s) dict_keys(['latest_only_with_trigger']) retrieved from /home/airflow/.local/lib/python3.7/site-packages/airflow/example_dags/example_latest_only_with_trigger.py
[2023-04-16T18:23:48.902+0000] {logging_mixin.py:137} INFO - [2023-04-16T18:23:48.902+0000] {dag.py:2705} INFO - Sync 1 DAGs
[2023-04-16T18:23:48.938+0000] {logging_mixin.py:137} INFO - [2023-04-16T18:23:48.938+0000] {dag.py:3456} INFO - Setting next_dagrun for latest_only_with_trigger to 2023-04-16T14:23:48.938192+00:00, run_after=2023-04-16T18:23:48.938192+00:00
[2023-04-16T18:23:48.962+0000] {processor.py:175} INFO - Processing /home/airflow/.local/lib/python3.7/site-packages/airflow/example_dags/example_latest_only_with_trigger.py took 0.122 seconds
[2023-04-16T18:24:19.064+0000] {processor.py:153} INFO - Started process (PID=2521) to work on /home/airflow/.local/lib/python3.7/site-packages/airflow/example_dags/example_latest_only_with_trigger.py
[2023-04-16T18:24:19.065+0000] {processor.py:743} INFO - Processing file /home/airflow/.local/lib/python3.7/site-packages/airflow/example_dags/example_latest_only_with_trigger.py for tasks to queue
[2023-04-16T18:24:19.066+0000] {logging_mixin.py:137} INFO - [2023-04-16T18:24:19.066+0000] {dagbag.py:532} INFO - Filling up the DagBag from /home/airflow/.local/lib/python3.7/site-packages/airflow/example_dags/example_latest_only_with_trigger.py
[2023-04-16T18:24:19.086+0000] {processor.py:753} INFO - DAG(s) dict_keys(['latest_only_with_trigger']) retrieved from /home/airflow/.local/lib/python3.7/site-packages/airflow/example_dags/example_latest_only_with_trigger.py
[2023-04-16T18:24:19.123+0000] {logging_mixin.py:137} INFO - [2023-04-16T18:24:19.123+0000] {dag.py:2705} INFO - Sync 1 DAGs
[2023-04-16T18:24:19.161+0000] {logging_mixin.py:137} INFO - [2023-04-16T18:24:19.160+0000] {dag.py:3456} INFO - Setting next_dagrun for latest_only_with_trigger to 2023-04-16T14:24:19.160511+00:00, run_after=2023-04-16T18:24:19.160511+00:00
[2023-04-16T18:24:19.185+0000] {processor.py:175} INFO - Processing /home/airflow/.local/lib/python3.7/site-packages/airflow/example_dags/example_latest_only_with_trigger.py took 0.129 seconds
[2023-04-16T18:24:49.367+0000] {processor.py:153} INFO - Started process (PID=2571) to work on /home/airflow/.local/lib/python3.7/site-packages/airflow/example_dags/example_latest_only_with_trigger.py
[2023-04-16T18:24:49.368+0000] {processor.py:743} INFO - Processing file /home/airflow/.local/lib/python3.7/site-packages/airflow/example_dags/example_latest_only_with_trigger.py for tasks to queue
[2023-04-16T18:24:49.369+0000] {logging_mixin.py:137} INFO - [2023-04-16T18:24:49.369+0000] {dagbag.py:532} INFO - Filling up the DagBag from /home/airflow/.local/lib/python3.7/site-packages/airflow/example_dags/example_latest_only_with_trigger.py
[2023-04-16T18:24:49.394+0000] {processor.py:753} INFO - DAG(s) dict_keys(['latest_only_with_trigger']) retrieved from /home/airflow/.local/lib/python3.7/site-packages/airflow/example_dags/example_latest_only_with_trigger.py
[2023-04-16T18:24:49.439+0000] {logging_mixin.py:137} INFO - [2023-04-16T18:24:49.439+0000] {dag.py:2705} INFO - Sync 1 DAGs
[2023-04-16T18:24:49.474+0000] {logging_mixin.py:137} INFO - [2023-04-16T18:24:49.474+0000] {dag.py:3456} INFO - Setting next_dagrun for latest_only_with_trigger to 2023-04-16T14:24:49.474240+00:00, run_after=2023-04-16T18:24:49.474240+00:00
[2023-04-16T18:24:49.500+0000] {processor.py:175} INFO - Processing /home/airflow/.local/lib/python3.7/site-packages/airflow/example_dags/example_latest_only_with_trigger.py took 0.141 seconds
[2023-04-16T18:25:20.235+0000] {processor.py:153} INFO - Started process (PID=2620) to work on /home/airflow/.local/lib/python3.7/site-packages/airflow/example_dags/example_latest_only_with_trigger.py
[2023-04-16T18:25:20.236+0000] {processor.py:743} INFO - Processing file /home/airflow/.local/lib/python3.7/site-packages/airflow/example_dags/example_latest_only_with_trigger.py for tasks to queue
[2023-04-16T18:25:20.237+0000] {logging_mixin.py:137} INFO - [2023-04-16T18:25:20.237+0000] {dagbag.py:532} INFO - Filling up the DagBag from /home/airflow/.local/lib/python3.7/site-packages/airflow/example_dags/example_latest_only_with_trigger.py
[2023-04-16T18:25:20.260+0000] {processor.py:753} INFO - DAG(s) dict_keys(['latest_only_with_trigger']) retrieved from /home/airflow/.local/lib/python3.7/site-packages/airflow/example_dags/example_latest_only_with_trigger.py
[2023-04-16T18:25:20.301+0000] {logging_mixin.py:137} INFO - [2023-04-16T18:25:20.301+0000] {dag.py:2705} INFO - Sync 1 DAGs
[2023-04-16T18:25:20.340+0000] {logging_mixin.py:137} INFO - [2023-04-16T18:25:20.339+0000] {dag.py:3456} INFO - Setting next_dagrun for latest_only_with_trigger to 2023-04-16T14:25:20.339550+00:00, run_after=2023-04-16T18:25:20.339550+00:00
[2023-04-16T18:25:20.368+0000] {processor.py:175} INFO - Processing /home/airflow/.local/lib/python3.7/site-packages/airflow/example_dags/example_latest_only_with_trigger.py took 0.138 seconds
[2023-04-16T18:25:50.830+0000] {processor.py:153} INFO - Started process (PID=2671) to work on /home/airflow/.local/lib/python3.7/site-packages/airflow/example_dags/example_latest_only_with_trigger.py
[2023-04-16T18:25:50.831+0000] {processor.py:743} INFO - Processing file /home/airflow/.local/lib/python3.7/site-packages/airflow/example_dags/example_latest_only_with_trigger.py for tasks to queue
[2023-04-16T18:25:50.831+0000] {logging_mixin.py:137} INFO - [2023-04-16T18:25:50.831+0000] {dagbag.py:532} INFO - Filling up the DagBag from /home/airflow/.local/lib/python3.7/site-packages/airflow/example_dags/example_latest_only_with_trigger.py
[2023-04-16T18:25:50.852+0000] {processor.py:753} INFO - DAG(s) dict_keys(['latest_only_with_trigger']) retrieved from /home/airflow/.local/lib/python3.7/site-packages/airflow/example_dags/example_latest_only_with_trigger.py
[2023-04-16T18:25:50.895+0000] {logging_mixin.py:137} INFO - [2023-04-16T18:25:50.895+0000] {dag.py:2705} INFO - Sync 1 DAGs
[2023-04-16T18:25:50.931+0000] {logging_mixin.py:137} INFO - [2023-04-16T18:25:50.931+0000] {dag.py:3456} INFO - Setting next_dagrun for latest_only_with_trigger to 2023-04-16T14:25:50.931166+00:00, run_after=2023-04-16T18:25:50.931166+00:00
[2023-04-16T18:25:50.957+0000] {processor.py:175} INFO - Processing /home/airflow/.local/lib/python3.7/site-packages/airflow/example_dags/example_latest_only_with_trigger.py took 0.133 seconds
[2023-04-16T18:26:21.678+0000] {processor.py:153} INFO - Started process (PID=2720) to work on /home/airflow/.local/lib/python3.7/site-packages/airflow/example_dags/example_latest_only_with_trigger.py
[2023-04-16T18:26:21.680+0000] {processor.py:743} INFO - Processing file /home/airflow/.local/lib/python3.7/site-packages/airflow/example_dags/example_latest_only_with_trigger.py for tasks to queue
[2023-04-16T18:26:21.682+0000] {logging_mixin.py:137} INFO - [2023-04-16T18:26:21.681+0000] {dagbag.py:532} INFO - Filling up the DagBag from /home/airflow/.local/lib/python3.7/site-packages/airflow/example_dags/example_latest_only_with_trigger.py
[2023-04-16T18:26:21.707+0000] {processor.py:753} INFO - DAG(s) dict_keys(['latest_only_with_trigger']) retrieved from /home/airflow/.local/lib/python3.7/site-packages/airflow/example_dags/example_latest_only_with_trigger.py
[2023-04-16T18:26:21.744+0000] {logging_mixin.py:137} INFO - [2023-04-16T18:26:21.744+0000] {dag.py:2705} INFO - Sync 1 DAGs
[2023-04-16T18:26:21.779+0000] {logging_mixin.py:137} INFO - [2023-04-16T18:26:21.779+0000] {dag.py:3456} INFO - Setting next_dagrun for latest_only_with_trigger to 2023-04-16T14:26:21.779337+00:00, run_after=2023-04-16T18:26:21.779337+00:00
[2023-04-16T18:26:21.804+0000] {processor.py:175} INFO - Processing /home/airflow/.local/lib/python3.7/site-packages/airflow/example_dags/example_latest_only_with_trigger.py took 0.133 seconds
[2023-04-16T18:26:52.377+0000] {processor.py:153} INFO - Started process (PID=2770) to work on /home/airflow/.local/lib/python3.7/site-packages/airflow/example_dags/example_latest_only_with_trigger.py
[2023-04-16T18:26:52.379+0000] {processor.py:743} INFO - Processing file /home/airflow/.local/lib/python3.7/site-packages/airflow/example_dags/example_latest_only_with_trigger.py for tasks to queue
[2023-04-16T18:26:52.380+0000] {logging_mixin.py:137} INFO - [2023-04-16T18:26:52.379+0000] {dagbag.py:532} INFO - Filling up the DagBag from /home/airflow/.local/lib/python3.7/site-packages/airflow/example_dags/example_latest_only_with_trigger.py
[2023-04-16T18:26:52.407+0000] {processor.py:753} INFO - DAG(s) dict_keys(['latest_only_with_trigger']) retrieved from /home/airflow/.local/lib/python3.7/site-packages/airflow/example_dags/example_latest_only_with_trigger.py
[2023-04-16T18:26:52.454+0000] {logging_mixin.py:137} INFO - [2023-04-16T18:26:52.454+0000] {dag.py:2705} INFO - Sync 1 DAGs
[2023-04-16T18:26:52.502+0000] {logging_mixin.py:137} INFO - [2023-04-16T18:26:52.502+0000] {dag.py:3456} INFO - Setting next_dagrun for latest_only_with_trigger to 2023-04-16T14:26:52.501818+00:00, run_after=2023-04-16T18:26:52.501818+00:00
[2023-04-16T18:26:52.528+0000] {processor.py:175} INFO - Processing /home/airflow/.local/lib/python3.7/site-packages/airflow/example_dags/example_latest_only_with_trigger.py took 0.156 seconds
[2023-04-16T18:27:23.143+0000] {processor.py:153} INFO - Started process (PID=2820) to work on /home/airflow/.local/lib/python3.7/site-packages/airflow/example_dags/example_latest_only_with_trigger.py
[2023-04-16T18:27:23.145+0000] {processor.py:743} INFO - Processing file /home/airflow/.local/lib/python3.7/site-packages/airflow/example_dags/example_latest_only_with_trigger.py for tasks to queue
[2023-04-16T18:27:23.146+0000] {logging_mixin.py:137} INFO - [2023-04-16T18:27:23.146+0000] {dagbag.py:532} INFO - Filling up the DagBag from /home/airflow/.local/lib/python3.7/site-packages/airflow/example_dags/example_latest_only_with_trigger.py
[2023-04-16T18:27:23.166+0000] {processor.py:753} INFO - DAG(s) dict_keys(['latest_only_with_trigger']) retrieved from /home/airflow/.local/lib/python3.7/site-packages/airflow/example_dags/example_latest_only_with_trigger.py
[2023-04-16T18:27:23.204+0000] {logging_mixin.py:137} INFO - [2023-04-16T18:27:23.204+0000] {dag.py:2705} INFO - Sync 1 DAGs
[2023-04-16T18:27:23.241+0000] {logging_mixin.py:137} INFO - [2023-04-16T18:27:23.241+0000] {dag.py:3456} INFO - Setting next_dagrun for latest_only_with_trigger to 2023-04-16T14:27:23.241222+00:00, run_after=2023-04-16T18:27:23.241222+00:00
[2023-04-16T18:27:23.267+0000] {processor.py:175} INFO - Processing /home/airflow/.local/lib/python3.7/site-packages/airflow/example_dags/example_latest_only_with_trigger.py took 0.131 seconds
[2023-04-16T18:27:53.755+0000] {processor.py:153} INFO - Started process (PID=2871) to work on /home/airflow/.local/lib/python3.7/site-packages/airflow/example_dags/example_latest_only_with_trigger.py
[2023-04-16T18:27:53.756+0000] {processor.py:743} INFO - Processing file /home/airflow/.local/lib/python3.7/site-packages/airflow/example_dags/example_latest_only_with_trigger.py for tasks to queue
[2023-04-16T18:27:53.758+0000] {logging_mixin.py:137} INFO - [2023-04-16T18:27:53.758+0000] {dagbag.py:532} INFO - Filling up the DagBag from /home/airflow/.local/lib/python3.7/site-packages/airflow/example_dags/example_latest_only_with_trigger.py
[2023-04-16T18:27:53.779+0000] {processor.py:753} INFO - DAG(s) dict_keys(['latest_only_with_trigger']) retrieved from /home/airflow/.local/lib/python3.7/site-packages/airflow/example_dags/example_latest_only_with_trigger.py
[2023-04-16T18:27:53.816+0000] {logging_mixin.py:137} INFO - [2023-04-16T18:27:53.816+0000] {dag.py:2705} INFO - Sync 1 DAGs
[2023-04-16T18:27:53.869+0000] {logging_mixin.py:137} INFO - [2023-04-16T18:27:53.869+0000] {dag.py:3456} INFO - Setting next_dagrun for latest_only_with_trigger to 2023-04-16T14:27:53.869134+00:00, run_after=2023-04-16T18:27:53.869134+00:00
[2023-04-16T18:27:53.893+0000] {processor.py:175} INFO - Processing /home/airflow/.local/lib/python3.7/site-packages/airflow/example_dags/example_latest_only_with_trigger.py took 0.145 seconds
[2023-04-16T18:28:24.266+0000] {processor.py:153} INFO - Started process (PID=2921) to work on /home/airflow/.local/lib/python3.7/site-packages/airflow/example_dags/example_latest_only_with_trigger.py
[2023-04-16T18:28:24.268+0000] {processor.py:743} INFO - Processing file /home/airflow/.local/lib/python3.7/site-packages/airflow/example_dags/example_latest_only_with_trigger.py for tasks to queue
[2023-04-16T18:28:24.269+0000] {logging_mixin.py:137} INFO - [2023-04-16T18:28:24.268+0000] {dagbag.py:532} INFO - Filling up the DagBag from /home/airflow/.local/lib/python3.7/site-packages/airflow/example_dags/example_latest_only_with_trigger.py
[2023-04-16T18:28:24.290+0000] {processor.py:753} INFO - DAG(s) dict_keys(['latest_only_with_trigger']) retrieved from /home/airflow/.local/lib/python3.7/site-packages/airflow/example_dags/example_latest_only_with_trigger.py
[2023-04-16T18:28:24.329+0000] {logging_mixin.py:137} INFO - [2023-04-16T18:28:24.329+0000] {dag.py:2705} INFO - Sync 1 DAGs
[2023-04-16T18:28:24.369+0000] {logging_mixin.py:137} INFO - [2023-04-16T18:28:24.369+0000] {dag.py:3456} INFO - Setting next_dagrun for latest_only_with_trigger to 2023-04-16T14:28:24.368809+00:00, run_after=2023-04-16T18:28:24.368809+00:00
[2023-04-16T18:28:24.401+0000] {processor.py:175} INFO - Processing /home/airflow/.local/lib/python3.7/site-packages/airflow/example_dags/example_latest_only_with_trigger.py took 0.141 seconds
[2023-04-16T18:28:55.121+0000] {processor.py:153} INFO - Started process (PID=2971) to work on /home/airflow/.local/lib/python3.7/site-packages/airflow/example_dags/example_latest_only_with_trigger.py
[2023-04-16T18:28:55.123+0000] {processor.py:743} INFO - Processing file /home/airflow/.local/lib/python3.7/site-packages/airflow/example_dags/example_latest_only_with_trigger.py for tasks to queue
[2023-04-16T18:28:55.125+0000] {logging_mixin.py:137} INFO - [2023-04-16T18:28:55.124+0000] {dagbag.py:532} INFO - Filling up the DagBag from /home/airflow/.local/lib/python3.7/site-packages/airflow/example_dags/example_latest_only_with_trigger.py
[2023-04-16T18:28:55.152+0000] {processor.py:753} INFO - DAG(s) dict_keys(['latest_only_with_trigger']) retrieved from /home/airflow/.local/lib/python3.7/site-packages/airflow/example_dags/example_latest_only_with_trigger.py
[2023-04-16T18:28:55.191+0000] {logging_mixin.py:137} INFO - [2023-04-16T18:28:55.190+0000] {dag.py:2705} INFO - Sync 1 DAGs
[2023-04-16T18:28:55.230+0000] {logging_mixin.py:137} INFO - [2023-04-16T18:28:55.230+0000] {dag.py:3456} INFO - Setting next_dagrun for latest_only_with_trigger to 2023-04-16T14:28:55.230002+00:00, run_after=2023-04-16T18:28:55.230002+00:00
[2023-04-16T18:28:55.256+0000] {processor.py:175} INFO - Processing /home/airflow/.local/lib/python3.7/site-packages/airflow/example_dags/example_latest_only_with_trigger.py took 0.142 seconds
[2023-04-16T18:29:25.674+0000] {processor.py:153} INFO - Started process (PID=3022) to work on /home/airflow/.local/lib/python3.7/site-packages/airflow/example_dags/example_latest_only_with_trigger.py
[2023-04-16T18:29:25.675+0000] {processor.py:743} INFO - Processing file /home/airflow/.local/lib/python3.7/site-packages/airflow/example_dags/example_latest_only_with_trigger.py for tasks to queue
[2023-04-16T18:29:25.676+0000] {logging_mixin.py:137} INFO - [2023-04-16T18:29:25.676+0000] {dagbag.py:532} INFO - Filling up the DagBag from /home/airflow/.local/lib/python3.7/site-packages/airflow/example_dags/example_latest_only_with_trigger.py
[2023-04-16T18:29:25.697+0000] {processor.py:753} INFO - DAG(s) dict_keys(['latest_only_with_trigger']) retrieved from /home/airflow/.local/lib/python3.7/site-packages/airflow/example_dags/example_latest_only_with_trigger.py
[2023-04-16T18:29:25.734+0000] {logging_mixin.py:137} INFO - [2023-04-16T18:29:25.734+0000] {dag.py:2705} INFO - Sync 1 DAGs
[2023-04-16T18:29:25.780+0000] {logging_mixin.py:137} INFO - [2023-04-16T18:29:25.779+0000] {dag.py:3456} INFO - Setting next_dagrun for latest_only_with_trigger to 2023-04-16T14:29:25.779504+00:00, run_after=2023-04-16T18:29:25.779504+00:00
[2023-04-16T18:29:25.805+0000] {processor.py:175} INFO - Processing /home/airflow/.local/lib/python3.7/site-packages/airflow/example_dags/example_latest_only_with_trigger.py took 0.136 seconds
[2023-04-16T18:29:56.383+0000] {processor.py:153} INFO - Started process (PID=3073) to work on /home/airflow/.local/lib/python3.7/site-packages/airflow/example_dags/example_latest_only_with_trigger.py
[2023-04-16T18:29:56.385+0000] {processor.py:743} INFO - Processing file /home/airflow/.local/lib/python3.7/site-packages/airflow/example_dags/example_latest_only_with_trigger.py for tasks to queue
[2023-04-16T18:29:56.386+0000] {logging_mixin.py:137} INFO - [2023-04-16T18:29:56.386+0000] {dagbag.py:532} INFO - Filling up the DagBag from /home/airflow/.local/lib/python3.7/site-packages/airflow/example_dags/example_latest_only_with_trigger.py
[2023-04-16T18:29:56.407+0000] {processor.py:753} INFO - DAG(s) dict_keys(['latest_only_with_trigger']) retrieved from /home/airflow/.local/lib/python3.7/site-packages/airflow/example_dags/example_latest_only_with_trigger.py
[2023-04-16T18:29:56.444+0000] {logging_mixin.py:137} INFO - [2023-04-16T18:29:56.444+0000] {dag.py:2705} INFO - Sync 1 DAGs
[2023-04-16T18:29:56.479+0000] {logging_mixin.py:137} INFO - [2023-04-16T18:29:56.479+0000] {dag.py:3456} INFO - Setting next_dagrun for latest_only_with_trigger to 2023-04-16T14:29:56.479271+00:00, run_after=2023-04-16T18:29:56.479271+00:00
[2023-04-16T18:29:56.509+0000] {processor.py:175} INFO - Processing /home/airflow/.local/lib/python3.7/site-packages/airflow/example_dags/example_latest_only_with_trigger.py took 0.132 seconds
[2023-04-16T18:30:27.159+0000] {processor.py:153} INFO - Started process (PID=3123) to work on /home/airflow/.local/lib/python3.7/site-packages/airflow/example_dags/example_latest_only_with_trigger.py
[2023-04-16T18:30:27.160+0000] {processor.py:743} INFO - Processing file /home/airflow/.local/lib/python3.7/site-packages/airflow/example_dags/example_latest_only_with_trigger.py for tasks to queue
[2023-04-16T18:30:27.162+0000] {logging_mixin.py:137} INFO - [2023-04-16T18:30:27.161+0000] {dagbag.py:532} INFO - Filling up the DagBag from /home/airflow/.local/lib/python3.7/site-packages/airflow/example_dags/example_latest_only_with_trigger.py
[2023-04-16T18:30:27.187+0000] {processor.py:753} INFO - DAG(s) dict_keys(['latest_only_with_trigger']) retrieved from /home/airflow/.local/lib/python3.7/site-packages/airflow/example_dags/example_latest_only_with_trigger.py
[2023-04-16T18:30:27.225+0000] {logging_mixin.py:137} INFO - [2023-04-16T18:30:27.225+0000] {dag.py:2705} INFO - Sync 1 DAGs
[2023-04-16T18:30:27.263+0000] {logging_mixin.py:137} INFO - [2023-04-16T18:30:27.263+0000] {dag.py:3456} INFO - Setting next_dagrun for latest_only_with_trigger to 2023-04-16T14:30:27.263069+00:00, run_after=2023-04-16T18:30:27.263069+00:00
[2023-04-16T18:30:27.294+0000] {processor.py:175} INFO - Processing /home/airflow/.local/lib/python3.7/site-packages/airflow/example_dags/example_latest_only_with_trigger.py took 0.141 seconds
