[2023-04-16T17:59:20.640+0000] {processor.py:153} INFO - Started process (PID=48) to work on /home/airflow/.local/lib/python3.7/site-packages/airflow/example_dags/example_task_group_decorator.py
[2023-04-16T17:59:20.641+0000] {processor.py:743} INFO - Processing file /home/airflow/.local/lib/python3.7/site-packages/airflow/example_dags/example_task_group_decorator.py for tasks to queue
[2023-04-16T17:59:20.642+0000] {logging_mixin.py:137} INFO - [2023-04-16T17:59:20.642+0000] {dagbag.py:532} INFO - Filling up the DagBag from /home/airflow/.local/lib/python3.7/site-packages/airflow/example_dags/example_task_group_decorator.py
[2023-04-16T17:59:20.739+0000] {processor.py:753} INFO - DAG(s) dict_keys(['example_task_group_decorator']) retrieved from /home/airflow/.local/lib/python3.7/site-packages/airflow/example_dags/example_task_group_decorator.py
[2023-04-16T17:59:20.813+0000] {logging_mixin.py:137} INFO - [2023-04-16T17:59:20.813+0000] {dag.py:2705} INFO - Sync 1 DAGs
[2023-04-16T17:59:20.873+0000] {logging_mixin.py:137} INFO - [2023-04-16T17:59:20.873+0000] {dag.py:3456} INFO - Setting next_dagrun for example_task_group_decorator to 2023-04-15T17:59:20.872561+00:00, run_after=2023-04-16T17:59:20.872561+00:00
[2023-04-16T17:59:20.964+0000] {processor.py:175} INFO - Processing /home/airflow/.local/lib/python3.7/site-packages/airflow/example_dags/example_task_group_decorator.py took 0.331 seconds
[2023-04-16T17:59:51.485+0000] {processor.py:153} INFO - Started process (PID=98) to work on /home/airflow/.local/lib/python3.7/site-packages/airflow/example_dags/example_task_group_decorator.py
[2023-04-16T17:59:51.486+0000] {processor.py:743} INFO - Processing file /home/airflow/.local/lib/python3.7/site-packages/airflow/example_dags/example_task_group_decorator.py for tasks to queue
[2023-04-16T17:59:51.486+0000] {logging_mixin.py:137} INFO - [2023-04-16T17:59:51.486+0000] {dagbag.py:532} INFO - Filling up the DagBag from /home/airflow/.local/lib/python3.7/site-packages/airflow/example_dags/example_task_group_decorator.py
[2023-04-16T17:59:51.529+0000] {processor.py:753} INFO - DAG(s) dict_keys(['example_task_group_decorator']) retrieved from /home/airflow/.local/lib/python3.7/site-packages/airflow/example_dags/example_task_group_decorator.py
[2023-04-16T17:59:51.584+0000] {logging_mixin.py:137} INFO - [2023-04-16T17:59:51.584+0000] {dag.py:2705} INFO - Sync 1 DAGs
[2023-04-16T17:59:51.622+0000] {logging_mixin.py:137} INFO - [2023-04-16T17:59:51.622+0000] {dag.py:3456} INFO - Setting next_dagrun for example_task_group_decorator to 2023-04-15T17:59:51.621135+00:00, run_after=2023-04-16T17:59:51.621135+00:00
[2023-04-16T17:59:51.663+0000] {processor.py:175} INFO - Processing /home/airflow/.local/lib/python3.7/site-packages/airflow/example_dags/example_task_group_decorator.py took 0.184 seconds
[2023-04-16T18:00:21.892+0000] {processor.py:153} INFO - Started process (PID=149) to work on /home/airflow/.local/lib/python3.7/site-packages/airflow/example_dags/example_task_group_decorator.py
[2023-04-16T18:00:21.893+0000] {processor.py:743} INFO - Processing file /home/airflow/.local/lib/python3.7/site-packages/airflow/example_dags/example_task_group_decorator.py for tasks to queue
[2023-04-16T18:00:21.894+0000] {logging_mixin.py:137} INFO - [2023-04-16T18:00:21.894+0000] {dagbag.py:532} INFO - Filling up the DagBag from /home/airflow/.local/lib/python3.7/site-packages/airflow/example_dags/example_task_group_decorator.py
[2023-04-16T18:00:21.936+0000] {processor.py:753} INFO - DAG(s) dict_keys(['example_task_group_decorator']) retrieved from /home/airflow/.local/lib/python3.7/site-packages/airflow/example_dags/example_task_group_decorator.py
[2023-04-16T18:00:21.986+0000] {logging_mixin.py:137} INFO - [2023-04-16T18:00:21.986+0000] {dag.py:2705} INFO - Sync 1 DAGs
[2023-04-16T18:00:22.022+0000] {logging_mixin.py:137} INFO - [2023-04-16T18:00:22.021+0000] {dag.py:3456} INFO - Setting next_dagrun for example_task_group_decorator to 2023-04-15T18:00:22.021642+00:00, run_after=2023-04-16T18:00:22.021642+00:00
[2023-04-16T18:00:22.059+0000] {processor.py:175} INFO - Processing /home/airflow/.local/lib/python3.7/site-packages/airflow/example_dags/example_task_group_decorator.py took 0.173 seconds
[2023-04-16T18:00:52.163+0000] {processor.py:153} INFO - Started process (PID=199) to work on /home/airflow/.local/lib/python3.7/site-packages/airflow/example_dags/example_task_group_decorator.py
[2023-04-16T18:00:52.165+0000] {processor.py:743} INFO - Processing file /home/airflow/.local/lib/python3.7/site-packages/airflow/example_dags/example_task_group_decorator.py for tasks to queue
[2023-04-16T18:00:52.166+0000] {logging_mixin.py:137} INFO - [2023-04-16T18:00:52.166+0000] {dagbag.py:532} INFO - Filling up the DagBag from /home/airflow/.local/lib/python3.7/site-packages/airflow/example_dags/example_task_group_decorator.py
[2023-04-16T18:00:52.207+0000] {processor.py:753} INFO - DAG(s) dict_keys(['example_task_group_decorator']) retrieved from /home/airflow/.local/lib/python3.7/site-packages/airflow/example_dags/example_task_group_decorator.py
[2023-04-16T18:00:52.249+0000] {logging_mixin.py:137} INFO - [2023-04-16T18:00:52.249+0000] {dag.py:2705} INFO - Sync 1 DAGs
[2023-04-16T18:00:52.285+0000] {logging_mixin.py:137} INFO - [2023-04-16T18:00:52.285+0000] {dag.py:3456} INFO - Setting next_dagrun for example_task_group_decorator to 2023-04-15T18:00:52.284814+00:00, run_after=2023-04-16T18:00:52.284814+00:00
[2023-04-16T18:00:52.311+0000] {processor.py:175} INFO - Processing /home/airflow/.local/lib/python3.7/site-packages/airflow/example_dags/example_task_group_decorator.py took 0.153 seconds
[2023-04-16T18:01:22.442+0000] {processor.py:153} INFO - Started process (PID=249) to work on /home/airflow/.local/lib/python3.7/site-packages/airflow/example_dags/example_task_group_decorator.py
[2023-04-16T18:01:22.443+0000] {processor.py:743} INFO - Processing file /home/airflow/.local/lib/python3.7/site-packages/airflow/example_dags/example_task_group_decorator.py for tasks to queue
[2023-04-16T18:01:22.444+0000] {logging_mixin.py:137} INFO - [2023-04-16T18:01:22.443+0000] {dagbag.py:532} INFO - Filling up the DagBag from /home/airflow/.local/lib/python3.7/site-packages/airflow/example_dags/example_task_group_decorator.py
[2023-04-16T18:01:22.484+0000] {processor.py:753} INFO - DAG(s) dict_keys(['example_task_group_decorator']) retrieved from /home/airflow/.local/lib/python3.7/site-packages/airflow/example_dags/example_task_group_decorator.py
[2023-04-16T18:01:22.528+0000] {logging_mixin.py:137} INFO - [2023-04-16T18:01:22.528+0000] {dag.py:2705} INFO - Sync 1 DAGs
[2023-04-16T18:01:22.573+0000] {logging_mixin.py:137} INFO - [2023-04-16T18:01:22.573+0000] {dag.py:3456} INFO - Setting next_dagrun for example_task_group_decorator to 2023-04-15T18:01:22.573151+00:00, run_after=2023-04-16T18:01:22.573151+00:00
[2023-04-16T18:01:22.599+0000] {processor.py:175} INFO - Processing /home/airflow/.local/lib/python3.7/site-packages/airflow/example_dags/example_task_group_decorator.py took 0.162 seconds
[2023-04-16T18:01:52.761+0000] {processor.py:153} INFO - Started process (PID=299) to work on /home/airflow/.local/lib/python3.7/site-packages/airflow/example_dags/example_task_group_decorator.py
[2023-04-16T18:01:52.763+0000] {processor.py:743} INFO - Processing file /home/airflow/.local/lib/python3.7/site-packages/airflow/example_dags/example_task_group_decorator.py for tasks to queue
[2023-04-16T18:01:52.764+0000] {logging_mixin.py:137} INFO - [2023-04-16T18:01:52.763+0000] {dagbag.py:532} INFO - Filling up the DagBag from /home/airflow/.local/lib/python3.7/site-packages/airflow/example_dags/example_task_group_decorator.py
[2023-04-16T18:01:52.805+0000] {processor.py:753} INFO - DAG(s) dict_keys(['example_task_group_decorator']) retrieved from /home/airflow/.local/lib/python3.7/site-packages/airflow/example_dags/example_task_group_decorator.py
[2023-04-16T18:01:52.847+0000] {logging_mixin.py:137} INFO - [2023-04-16T18:01:52.847+0000] {dag.py:2705} INFO - Sync 1 DAGs
[2023-04-16T18:01:52.881+0000] {logging_mixin.py:137} INFO - [2023-04-16T18:01:52.881+0000] {dag.py:3456} INFO - Setting next_dagrun for example_task_group_decorator to 2023-04-15T18:01:52.881288+00:00, run_after=2023-04-16T18:01:52.881288+00:00
[2023-04-16T18:01:52.906+0000] {processor.py:175} INFO - Processing /home/airflow/.local/lib/python3.7/site-packages/airflow/example_dags/example_task_group_decorator.py took 0.150 seconds
[2023-04-16T18:02:23.171+0000] {processor.py:153} INFO - Started process (PID=350) to work on /home/airflow/.local/lib/python3.7/site-packages/airflow/example_dags/example_task_group_decorator.py
[2023-04-16T18:02:23.173+0000] {processor.py:743} INFO - Processing file /home/airflow/.local/lib/python3.7/site-packages/airflow/example_dags/example_task_group_decorator.py for tasks to queue
[2023-04-16T18:02:23.174+0000] {logging_mixin.py:137} INFO - [2023-04-16T18:02:23.173+0000] {dagbag.py:532} INFO - Filling up the DagBag from /home/airflow/.local/lib/python3.7/site-packages/airflow/example_dags/example_task_group_decorator.py
[2023-04-16T18:02:23.218+0000] {processor.py:753} INFO - DAG(s) dict_keys(['example_task_group_decorator']) retrieved from /home/airflow/.local/lib/python3.7/site-packages/airflow/example_dags/example_task_group_decorator.py
[2023-04-16T18:02:23.266+0000] {logging_mixin.py:137} INFO - [2023-04-16T18:02:23.265+0000] {dag.py:2705} INFO - Sync 1 DAGs
[2023-04-16T18:02:23.303+0000] {logging_mixin.py:137} INFO - [2023-04-16T18:02:23.303+0000] {dag.py:3456} INFO - Setting next_dagrun for example_task_group_decorator to 2023-04-15T18:02:23.303156+00:00, run_after=2023-04-16T18:02:23.303156+00:00
[2023-04-16T18:02:23.332+0000] {processor.py:175} INFO - Processing /home/airflow/.local/lib/python3.7/site-packages/airflow/example_dags/example_task_group_decorator.py took 0.167 seconds
[2023-04-16T18:02:53.999+0000] {processor.py:153} INFO - Started process (PID=401) to work on /home/airflow/.local/lib/python3.7/site-packages/airflow/example_dags/example_task_group_decorator.py
[2023-04-16T18:02:54.001+0000] {processor.py:743} INFO - Processing file /home/airflow/.local/lib/python3.7/site-packages/airflow/example_dags/example_task_group_decorator.py for tasks to queue
[2023-04-16T18:02:54.002+0000] {logging_mixin.py:137} INFO - [2023-04-16T18:02:54.001+0000] {dagbag.py:532} INFO - Filling up the DagBag from /home/airflow/.local/lib/python3.7/site-packages/airflow/example_dags/example_task_group_decorator.py
[2023-04-16T18:02:54.045+0000] {processor.py:753} INFO - DAG(s) dict_keys(['example_task_group_decorator']) retrieved from /home/airflow/.local/lib/python3.7/site-packages/airflow/example_dags/example_task_group_decorator.py
[2023-04-16T18:02:54.089+0000] {logging_mixin.py:137} INFO - [2023-04-16T18:02:54.088+0000] {dag.py:2705} INFO - Sync 1 DAGs
[2023-04-16T18:02:54.128+0000] {logging_mixin.py:137} INFO - [2023-04-16T18:02:54.127+0000] {dag.py:3456} INFO - Setting next_dagrun for example_task_group_decorator to 2023-04-15T18:02:54.127568+00:00, run_after=2023-04-16T18:02:54.127568+00:00
[2023-04-16T18:02:54.156+0000] {processor.py:175} INFO - Processing /home/airflow/.local/lib/python3.7/site-packages/airflow/example_dags/example_task_group_decorator.py took 0.163 seconds
[2023-04-16T18:03:24.697+0000] {processor.py:153} INFO - Started process (PID=451) to work on /home/airflow/.local/lib/python3.7/site-packages/airflow/example_dags/example_task_group_decorator.py
[2023-04-16T18:03:24.699+0000] {processor.py:743} INFO - Processing file /home/airflow/.local/lib/python3.7/site-packages/airflow/example_dags/example_task_group_decorator.py for tasks to queue
[2023-04-16T18:03:24.700+0000] {logging_mixin.py:137} INFO - [2023-04-16T18:03:24.700+0000] {dagbag.py:532} INFO - Filling up the DagBag from /home/airflow/.local/lib/python3.7/site-packages/airflow/example_dags/example_task_group_decorator.py
[2023-04-16T18:03:24.758+0000] {processor.py:753} INFO - DAG(s) dict_keys(['example_task_group_decorator']) retrieved from /home/airflow/.local/lib/python3.7/site-packages/airflow/example_dags/example_task_group_decorator.py
[2023-04-16T18:03:24.803+0000] {logging_mixin.py:137} INFO - [2023-04-16T18:03:24.803+0000] {dag.py:2705} INFO - Sync 1 DAGs
[2023-04-16T18:03:24.840+0000] {logging_mixin.py:137} INFO - [2023-04-16T18:03:24.840+0000] {dag.py:3456} INFO - Setting next_dagrun for example_task_group_decorator to 2023-04-15T18:03:24.840057+00:00, run_after=2023-04-16T18:03:24.840057+00:00
[2023-04-16T18:03:24.872+0000] {processor.py:175} INFO - Processing /home/airflow/.local/lib/python3.7/site-packages/airflow/example_dags/example_task_group_decorator.py took 0.182 seconds
[2023-04-16T18:03:54.991+0000] {processor.py:153} INFO - Started process (PID=500) to work on /home/airflow/.local/lib/python3.7/site-packages/airflow/example_dags/example_task_group_decorator.py
[2023-04-16T18:03:54.993+0000] {processor.py:743} INFO - Processing file /home/airflow/.local/lib/python3.7/site-packages/airflow/example_dags/example_task_group_decorator.py for tasks to queue
[2023-04-16T18:03:54.993+0000] {logging_mixin.py:137} INFO - [2023-04-16T18:03:54.993+0000] {dagbag.py:532} INFO - Filling up the DagBag from /home/airflow/.local/lib/python3.7/site-packages/airflow/example_dags/example_task_group_decorator.py
[2023-04-16T18:03:55.034+0000] {processor.py:753} INFO - DAG(s) dict_keys(['example_task_group_decorator']) retrieved from /home/airflow/.local/lib/python3.7/site-packages/airflow/example_dags/example_task_group_decorator.py
[2023-04-16T18:03:55.079+0000] {logging_mixin.py:137} INFO - [2023-04-16T18:03:55.079+0000] {dag.py:2705} INFO - Sync 1 DAGs
[2023-04-16T18:03:55.124+0000] {logging_mixin.py:137} INFO - [2023-04-16T18:03:55.124+0000] {dag.py:3456} INFO - Setting next_dagrun for example_task_group_decorator to 2023-04-15T18:03:55.123979+00:00, run_after=2023-04-16T18:03:55.123979+00:00
[2023-04-16T18:03:55.156+0000] {processor.py:175} INFO - Processing /home/airflow/.local/lib/python3.7/site-packages/airflow/example_dags/example_task_group_decorator.py took 0.170 seconds
[2023-04-16T18:04:25.308+0000] {processor.py:153} INFO - Started process (PID=550) to work on /home/airflow/.local/lib/python3.7/site-packages/airflow/example_dags/example_task_group_decorator.py
[2023-04-16T18:04:25.309+0000] {processor.py:743} INFO - Processing file /home/airflow/.local/lib/python3.7/site-packages/airflow/example_dags/example_task_group_decorator.py for tasks to queue
[2023-04-16T18:04:25.310+0000] {logging_mixin.py:137} INFO - [2023-04-16T18:04:25.310+0000] {dagbag.py:532} INFO - Filling up the DagBag from /home/airflow/.local/lib/python3.7/site-packages/airflow/example_dags/example_task_group_decorator.py
[2023-04-16T18:04:25.358+0000] {processor.py:753} INFO - DAG(s) dict_keys(['example_task_group_decorator']) retrieved from /home/airflow/.local/lib/python3.7/site-packages/airflow/example_dags/example_task_group_decorator.py
[2023-04-16T18:04:25.405+0000] {logging_mixin.py:137} INFO - [2023-04-16T18:04:25.405+0000] {dag.py:2705} INFO - Sync 1 DAGs
[2023-04-16T18:04:25.456+0000] {logging_mixin.py:137} INFO - [2023-04-16T18:04:25.456+0000] {dag.py:3456} INFO - Setting next_dagrun for example_task_group_decorator to 2023-04-15T18:04:25.455663+00:00, run_after=2023-04-16T18:04:25.455663+00:00
[2023-04-16T18:04:25.483+0000] {processor.py:175} INFO - Processing /home/airflow/.local/lib/python3.7/site-packages/airflow/example_dags/example_task_group_decorator.py took 0.181 seconds
[2023-04-16T18:04:55.635+0000] {processor.py:153} INFO - Started process (PID=599) to work on /home/airflow/.local/lib/python3.7/site-packages/airflow/example_dags/example_task_group_decorator.py
[2023-04-16T18:04:55.637+0000] {processor.py:743} INFO - Processing file /home/airflow/.local/lib/python3.7/site-packages/airflow/example_dags/example_task_group_decorator.py for tasks to queue
[2023-04-16T18:04:55.638+0000] {logging_mixin.py:137} INFO - [2023-04-16T18:04:55.638+0000] {dagbag.py:532} INFO - Filling up the DagBag from /home/airflow/.local/lib/python3.7/site-packages/airflow/example_dags/example_task_group_decorator.py
[2023-04-16T18:04:55.699+0000] {processor.py:753} INFO - DAG(s) dict_keys(['example_task_group_decorator']) retrieved from /home/airflow/.local/lib/python3.7/site-packages/airflow/example_dags/example_task_group_decorator.py
[2023-04-16T18:04:55.746+0000] {logging_mixin.py:137} INFO - [2023-04-16T18:04:55.745+0000] {dag.py:2705} INFO - Sync 1 DAGs
[2023-04-16T18:04:55.787+0000] {logging_mixin.py:137} INFO - [2023-04-16T18:04:55.787+0000] {dag.py:3456} INFO - Setting next_dagrun for example_task_group_decorator to 2023-04-15T18:04:55.787250+00:00, run_after=2023-04-16T18:04:55.787250+00:00
[2023-04-16T18:04:55.813+0000] {processor.py:175} INFO - Processing /home/airflow/.local/lib/python3.7/site-packages/airflow/example_dags/example_task_group_decorator.py took 0.183 seconds
[2023-04-16T18:05:25.938+0000] {processor.py:153} INFO - Started process (PID=649) to work on /home/airflow/.local/lib/python3.7/site-packages/airflow/example_dags/example_task_group_decorator.py
[2023-04-16T18:05:25.940+0000] {processor.py:743} INFO - Processing file /home/airflow/.local/lib/python3.7/site-packages/airflow/example_dags/example_task_group_decorator.py for tasks to queue
[2023-04-16T18:05:25.941+0000] {logging_mixin.py:137} INFO - [2023-04-16T18:05:25.940+0000] {dagbag.py:532} INFO - Filling up the DagBag from /home/airflow/.local/lib/python3.7/site-packages/airflow/example_dags/example_task_group_decorator.py
[2023-04-16T18:05:25.982+0000] {processor.py:753} INFO - DAG(s) dict_keys(['example_task_group_decorator']) retrieved from /home/airflow/.local/lib/python3.7/site-packages/airflow/example_dags/example_task_group_decorator.py
[2023-04-16T18:05:26.035+0000] {logging_mixin.py:137} INFO - [2023-04-16T18:05:26.034+0000] {dag.py:2705} INFO - Sync 1 DAGs
[2023-04-16T18:05:26.071+0000] {logging_mixin.py:137} INFO - [2023-04-16T18:05:26.070+0000] {dag.py:3456} INFO - Setting next_dagrun for example_task_group_decorator to 2023-04-15T18:05:26.070445+00:00, run_after=2023-04-16T18:05:26.070445+00:00
[2023-04-16T18:05:26.102+0000] {processor.py:175} INFO - Processing /home/airflow/.local/lib/python3.7/site-packages/airflow/example_dags/example_task_group_decorator.py took 0.169 seconds
[2023-04-16T18:05:56.217+0000] {processor.py:153} INFO - Started process (PID=698) to work on /home/airflow/.local/lib/python3.7/site-packages/airflow/example_dags/example_task_group_decorator.py
[2023-04-16T18:05:56.219+0000] {processor.py:743} INFO - Processing file /home/airflow/.local/lib/python3.7/site-packages/airflow/example_dags/example_task_group_decorator.py for tasks to queue
[2023-04-16T18:05:56.219+0000] {logging_mixin.py:137} INFO - [2023-04-16T18:05:56.219+0000] {dagbag.py:532} INFO - Filling up the DagBag from /home/airflow/.local/lib/python3.7/site-packages/airflow/example_dags/example_task_group_decorator.py
[2023-04-16T18:05:56.261+0000] {processor.py:753} INFO - DAG(s) dict_keys(['example_task_group_decorator']) retrieved from /home/airflow/.local/lib/python3.7/site-packages/airflow/example_dags/example_task_group_decorator.py
[2023-04-16T18:05:56.304+0000] {logging_mixin.py:137} INFO - [2023-04-16T18:05:56.303+0000] {dag.py:2705} INFO - Sync 1 DAGs
[2023-04-16T18:05:56.339+0000] {logging_mixin.py:137} INFO - [2023-04-16T18:05:56.339+0000] {dag.py:3456} INFO - Setting next_dagrun for example_task_group_decorator to 2023-04-15T18:05:56.339230+00:00, run_after=2023-04-16T18:05:56.339230+00:00
[2023-04-16T18:05:56.369+0000] {processor.py:175} INFO - Processing /home/airflow/.local/lib/python3.7/site-packages/airflow/example_dags/example_task_group_decorator.py took 0.157 seconds
[2023-04-16T18:06:26.481+0000] {processor.py:153} INFO - Started process (PID=747) to work on /home/airflow/.local/lib/python3.7/site-packages/airflow/example_dags/example_task_group_decorator.py
[2023-04-16T18:06:26.483+0000] {processor.py:743} INFO - Processing file /home/airflow/.local/lib/python3.7/site-packages/airflow/example_dags/example_task_group_decorator.py for tasks to queue
[2023-04-16T18:06:26.484+0000] {logging_mixin.py:137} INFO - [2023-04-16T18:06:26.483+0000] {dagbag.py:532} INFO - Filling up the DagBag from /home/airflow/.local/lib/python3.7/site-packages/airflow/example_dags/example_task_group_decorator.py
[2023-04-16T18:06:26.540+0000] {processor.py:753} INFO - DAG(s) dict_keys(['example_task_group_decorator']) retrieved from /home/airflow/.local/lib/python3.7/site-packages/airflow/example_dags/example_task_group_decorator.py
[2023-04-16T18:06:26.583+0000] {logging_mixin.py:137} INFO - [2023-04-16T18:06:26.583+0000] {dag.py:2705} INFO - Sync 1 DAGs
[2023-04-16T18:06:26.625+0000] {logging_mixin.py:137} INFO - [2023-04-16T18:06:26.625+0000] {dag.py:3456} INFO - Setting next_dagrun for example_task_group_decorator to 2023-04-15T18:06:26.624946+00:00, run_after=2023-04-16T18:06:26.624946+00:00
[2023-04-16T18:06:26.658+0000] {processor.py:175} INFO - Processing /home/airflow/.local/lib/python3.7/site-packages/airflow/example_dags/example_task_group_decorator.py took 0.184 seconds
[2023-04-16T18:06:56.817+0000] {processor.py:153} INFO - Started process (PID=796) to work on /home/airflow/.local/lib/python3.7/site-packages/airflow/example_dags/example_task_group_decorator.py
[2023-04-16T18:06:56.819+0000] {processor.py:743} INFO - Processing file /home/airflow/.local/lib/python3.7/site-packages/airflow/example_dags/example_task_group_decorator.py for tasks to queue
[2023-04-16T18:06:56.820+0000] {logging_mixin.py:137} INFO - [2023-04-16T18:06:56.819+0000] {dagbag.py:532} INFO - Filling up the DagBag from /home/airflow/.local/lib/python3.7/site-packages/airflow/example_dags/example_task_group_decorator.py
[2023-04-16T18:06:56.862+0000] {processor.py:753} INFO - DAG(s) dict_keys(['example_task_group_decorator']) retrieved from /home/airflow/.local/lib/python3.7/site-packages/airflow/example_dags/example_task_group_decorator.py
[2023-04-16T18:06:56.919+0000] {logging_mixin.py:137} INFO - [2023-04-16T18:06:56.919+0000] {dag.py:2705} INFO - Sync 1 DAGs
[2023-04-16T18:06:56.966+0000] {logging_mixin.py:137} INFO - [2023-04-16T18:06:56.965+0000] {dag.py:3456} INFO - Setting next_dagrun for example_task_group_decorator to 2023-04-15T18:06:56.965575+00:00, run_after=2023-04-16T18:06:56.965575+00:00
[2023-04-16T18:06:56.990+0000] {processor.py:175} INFO - Processing /home/airflow/.local/lib/python3.7/site-packages/airflow/example_dags/example_task_group_decorator.py took 0.180 seconds
[2023-04-16T18:07:27.093+0000] {processor.py:153} INFO - Started process (PID=846) to work on /home/airflow/.local/lib/python3.7/site-packages/airflow/example_dags/example_task_group_decorator.py
[2023-04-16T18:07:27.095+0000] {processor.py:743} INFO - Processing file /home/airflow/.local/lib/python3.7/site-packages/airflow/example_dags/example_task_group_decorator.py for tasks to queue
[2023-04-16T18:07:27.096+0000] {logging_mixin.py:137} INFO - [2023-04-16T18:07:27.096+0000] {dagbag.py:532} INFO - Filling up the DagBag from /home/airflow/.local/lib/python3.7/site-packages/airflow/example_dags/example_task_group_decorator.py
[2023-04-16T18:07:27.155+0000] {processor.py:753} INFO - DAG(s) dict_keys(['example_task_group_decorator']) retrieved from /home/airflow/.local/lib/python3.7/site-packages/airflow/example_dags/example_task_group_decorator.py
[2023-04-16T18:07:27.200+0000] {logging_mixin.py:137} INFO - [2023-04-16T18:07:27.199+0000] {dag.py:2705} INFO - Sync 1 DAGs
[2023-04-16T18:07:27.237+0000] {logging_mixin.py:137} INFO - [2023-04-16T18:07:27.237+0000] {dag.py:3456} INFO - Setting next_dagrun for example_task_group_decorator to 2023-04-15T18:07:27.236872+00:00, run_after=2023-04-16T18:07:27.236872+00:00
[2023-04-16T18:07:27.267+0000] {processor.py:175} INFO - Processing /home/airflow/.local/lib/python3.7/site-packages/airflow/example_dags/example_task_group_decorator.py took 0.179 seconds
[2023-04-16T18:07:57.341+0000] {processor.py:153} INFO - Started process (PID=895) to work on /home/airflow/.local/lib/python3.7/site-packages/airflow/example_dags/example_task_group_decorator.py
[2023-04-16T18:07:57.342+0000] {processor.py:743} INFO - Processing file /home/airflow/.local/lib/python3.7/site-packages/airflow/example_dags/example_task_group_decorator.py for tasks to queue
[2023-04-16T18:07:57.343+0000] {logging_mixin.py:137} INFO - [2023-04-16T18:07:57.343+0000] {dagbag.py:532} INFO - Filling up the DagBag from /home/airflow/.local/lib/python3.7/site-packages/airflow/example_dags/example_task_group_decorator.py
[2023-04-16T18:07:57.385+0000] {processor.py:753} INFO - DAG(s) dict_keys(['example_task_group_decorator']) retrieved from /home/airflow/.local/lib/python3.7/site-packages/airflow/example_dags/example_task_group_decorator.py
[2023-04-16T18:07:57.427+0000] {logging_mixin.py:137} INFO - [2023-04-16T18:07:57.427+0000] {dag.py:2705} INFO - Sync 1 DAGs
[2023-04-16T18:07:57.465+0000] {logging_mixin.py:137} INFO - [2023-04-16T18:07:57.464+0000] {dag.py:3456} INFO - Setting next_dagrun for example_task_group_decorator to 2023-04-15T18:07:57.464246+00:00, run_after=2023-04-16T18:07:57.464246+00:00
[2023-04-16T18:07:57.495+0000] {processor.py:175} INFO - Processing /home/airflow/.local/lib/python3.7/site-packages/airflow/example_dags/example_task_group_decorator.py took 0.159 seconds
[2023-04-16T18:08:27.593+0000] {processor.py:153} INFO - Started process (PID=944) to work on /home/airflow/.local/lib/python3.7/site-packages/airflow/example_dags/example_task_group_decorator.py
[2023-04-16T18:08:27.595+0000] {processor.py:743} INFO - Processing file /home/airflow/.local/lib/python3.7/site-packages/airflow/example_dags/example_task_group_decorator.py for tasks to queue
[2023-04-16T18:08:27.596+0000] {logging_mixin.py:137} INFO - [2023-04-16T18:08:27.596+0000] {dagbag.py:532} INFO - Filling up the DagBag from /home/airflow/.local/lib/python3.7/site-packages/airflow/example_dags/example_task_group_decorator.py
[2023-04-16T18:08:27.640+0000] {processor.py:753} INFO - DAG(s) dict_keys(['example_task_group_decorator']) retrieved from /home/airflow/.local/lib/python3.7/site-packages/airflow/example_dags/example_task_group_decorator.py
[2023-04-16T18:08:27.684+0000] {logging_mixin.py:137} INFO - [2023-04-16T18:08:27.684+0000] {dag.py:2705} INFO - Sync 1 DAGs
[2023-04-16T18:08:27.724+0000] {logging_mixin.py:137} INFO - [2023-04-16T18:08:27.724+0000] {dag.py:3456} INFO - Setting next_dagrun for example_task_group_decorator to 2023-04-15T18:08:27.723568+00:00, run_after=2023-04-16T18:08:27.723568+00:00
[2023-04-16T18:08:27.758+0000] {processor.py:175} INFO - Processing /home/airflow/.local/lib/python3.7/site-packages/airflow/example_dags/example_task_group_decorator.py took 0.174 seconds
[2023-04-16T18:08:57.830+0000] {processor.py:153} INFO - Started process (PID=994) to work on /home/airflow/.local/lib/python3.7/site-packages/airflow/example_dags/example_task_group_decorator.py
[2023-04-16T18:08:57.831+0000] {processor.py:743} INFO - Processing file /home/airflow/.local/lib/python3.7/site-packages/airflow/example_dags/example_task_group_decorator.py for tasks to queue
[2023-04-16T18:08:57.832+0000] {logging_mixin.py:137} INFO - [2023-04-16T18:08:57.831+0000] {dagbag.py:532} INFO - Filling up the DagBag from /home/airflow/.local/lib/python3.7/site-packages/airflow/example_dags/example_task_group_decorator.py
[2023-04-16T18:08:57.876+0000] {processor.py:753} INFO - DAG(s) dict_keys(['example_task_group_decorator']) retrieved from /home/airflow/.local/lib/python3.7/site-packages/airflow/example_dags/example_task_group_decorator.py
[2023-04-16T18:08:57.925+0000] {logging_mixin.py:137} INFO - [2023-04-16T18:08:57.925+0000] {dag.py:2705} INFO - Sync 1 DAGs
[2023-04-16T18:08:57.971+0000] {logging_mixin.py:137} INFO - [2023-04-16T18:08:57.971+0000] {dag.py:3456} INFO - Setting next_dagrun for example_task_group_decorator to 2023-04-15T18:08:57.971018+00:00, run_after=2023-04-16T18:08:57.971018+00:00
[2023-04-16T18:08:58.002+0000] {processor.py:175} INFO - Processing /home/airflow/.local/lib/python3.7/site-packages/airflow/example_dags/example_task_group_decorator.py took 0.178 seconds
[2023-04-16T18:09:28.242+0000] {processor.py:153} INFO - Started process (PID=1043) to work on /home/airflow/.local/lib/python3.7/site-packages/airflow/example_dags/example_task_group_decorator.py
[2023-04-16T18:09:28.243+0000] {processor.py:743} INFO - Processing file /home/airflow/.local/lib/python3.7/site-packages/airflow/example_dags/example_task_group_decorator.py for tasks to queue
[2023-04-16T18:09:28.244+0000] {logging_mixin.py:137} INFO - [2023-04-16T18:09:28.244+0000] {dagbag.py:532} INFO - Filling up the DagBag from /home/airflow/.local/lib/python3.7/site-packages/airflow/example_dags/example_task_group_decorator.py
[2023-04-16T18:09:28.285+0000] {processor.py:753} INFO - DAG(s) dict_keys(['example_task_group_decorator']) retrieved from /home/airflow/.local/lib/python3.7/site-packages/airflow/example_dags/example_task_group_decorator.py
[2023-04-16T18:09:28.329+0000] {logging_mixin.py:137} INFO - [2023-04-16T18:09:28.329+0000] {dag.py:2705} INFO - Sync 1 DAGs
[2023-04-16T18:09:28.365+0000] {logging_mixin.py:137} INFO - [2023-04-16T18:09:28.364+0000] {dag.py:3456} INFO - Setting next_dagrun for example_task_group_decorator to 2023-04-15T18:09:28.364590+00:00, run_after=2023-04-16T18:09:28.364590+00:00
[2023-04-16T18:09:28.397+0000] {processor.py:175} INFO - Processing /home/airflow/.local/lib/python3.7/site-packages/airflow/example_dags/example_task_group_decorator.py took 0.161 seconds
[2023-04-16T18:09:58.848+0000] {processor.py:153} INFO - Started process (PID=1094) to work on /home/airflow/.local/lib/python3.7/site-packages/airflow/example_dags/example_task_group_decorator.py
[2023-04-16T18:09:58.849+0000] {processor.py:743} INFO - Processing file /home/airflow/.local/lib/python3.7/site-packages/airflow/example_dags/example_task_group_decorator.py for tasks to queue
[2023-04-16T18:09:58.851+0000] {logging_mixin.py:137} INFO - [2023-04-16T18:09:58.850+0000] {dagbag.py:532} INFO - Filling up the DagBag from /home/airflow/.local/lib/python3.7/site-packages/airflow/example_dags/example_task_group_decorator.py
[2023-04-16T18:09:58.899+0000] {processor.py:753} INFO - DAG(s) dict_keys(['example_task_group_decorator']) retrieved from /home/airflow/.local/lib/python3.7/site-packages/airflow/example_dags/example_task_group_decorator.py
[2023-04-16T18:09:58.941+0000] {logging_mixin.py:137} INFO - [2023-04-16T18:09:58.941+0000] {dag.py:2705} INFO - Sync 1 DAGs
[2023-04-16T18:09:58.977+0000] {logging_mixin.py:137} INFO - [2023-04-16T18:09:58.977+0000] {dag.py:3456} INFO - Setting next_dagrun for example_task_group_decorator to 2023-04-15T18:09:58.977213+00:00, run_after=2023-04-16T18:09:58.977213+00:00
[2023-04-16T18:09:59.003+0000] {processor.py:175} INFO - Processing /home/airflow/.local/lib/python3.7/site-packages/airflow/example_dags/example_task_group_decorator.py took 0.161 seconds
[2023-04-16T18:10:29.732+0000] {processor.py:153} INFO - Started process (PID=1144) to work on /home/airflow/.local/lib/python3.7/site-packages/airflow/example_dags/example_task_group_decorator.py
[2023-04-16T18:10:29.734+0000] {processor.py:743} INFO - Processing file /home/airflow/.local/lib/python3.7/site-packages/airflow/example_dags/example_task_group_decorator.py for tasks to queue
[2023-04-16T18:10:29.735+0000] {logging_mixin.py:137} INFO - [2023-04-16T18:10:29.734+0000] {dagbag.py:532} INFO - Filling up the DagBag from /home/airflow/.local/lib/python3.7/site-packages/airflow/example_dags/example_task_group_decorator.py
[2023-04-16T18:10:29.775+0000] {processor.py:753} INFO - DAG(s) dict_keys(['example_task_group_decorator']) retrieved from /home/airflow/.local/lib/python3.7/site-packages/airflow/example_dags/example_task_group_decorator.py
[2023-04-16T18:10:29.817+0000] {logging_mixin.py:137} INFO - [2023-04-16T18:10:29.817+0000] {dag.py:2705} INFO - Sync 1 DAGs
[2023-04-16T18:10:29.866+0000] {logging_mixin.py:137} INFO - [2023-04-16T18:10:29.866+0000] {dag.py:3456} INFO - Setting next_dagrun for example_task_group_decorator to 2023-04-15T18:10:29.866234+00:00, run_after=2023-04-16T18:10:29.866234+00:00
[2023-04-16T18:10:29.898+0000] {processor.py:175} INFO - Processing /home/airflow/.local/lib/python3.7/site-packages/airflow/example_dags/example_task_group_decorator.py took 0.174 seconds
[2023-04-16T18:11:00.491+0000] {processor.py:153} INFO - Started process (PID=1194) to work on /home/airflow/.local/lib/python3.7/site-packages/airflow/example_dags/example_task_group_decorator.py
[2023-04-16T18:11:00.492+0000] {processor.py:743} INFO - Processing file /home/airflow/.local/lib/python3.7/site-packages/airflow/example_dags/example_task_group_decorator.py for tasks to queue
[2023-04-16T18:11:00.493+0000] {logging_mixin.py:137} INFO - [2023-04-16T18:11:00.493+0000] {dagbag.py:532} INFO - Filling up the DagBag from /home/airflow/.local/lib/python3.7/site-packages/airflow/example_dags/example_task_group_decorator.py
[2023-04-16T18:11:00.550+0000] {processor.py:753} INFO - DAG(s) dict_keys(['example_task_group_decorator']) retrieved from /home/airflow/.local/lib/python3.7/site-packages/airflow/example_dags/example_task_group_decorator.py
[2023-04-16T18:11:00.611+0000] {logging_mixin.py:137} INFO - [2023-04-16T18:11:00.611+0000] {dag.py:2705} INFO - Sync 1 DAGs
[2023-04-16T18:11:00.667+0000] {logging_mixin.py:137} INFO - [2023-04-16T18:11:00.667+0000] {dag.py:3456} INFO - Setting next_dagrun for example_task_group_decorator to 2023-04-15T18:11:00.666795+00:00, run_after=2023-04-16T18:11:00.666795+00:00
[2023-04-16T18:11:00.697+0000] {processor.py:175} INFO - Processing /home/airflow/.local/lib/python3.7/site-packages/airflow/example_dags/example_task_group_decorator.py took 0.216 seconds
[2023-04-16T18:11:31.272+0000] {processor.py:153} INFO - Started process (PID=1245) to work on /home/airflow/.local/lib/python3.7/site-packages/airflow/example_dags/example_task_group_decorator.py
[2023-04-16T18:11:31.273+0000] {processor.py:743} INFO - Processing file /home/airflow/.local/lib/python3.7/site-packages/airflow/example_dags/example_task_group_decorator.py for tasks to queue
[2023-04-16T18:11:31.274+0000] {logging_mixin.py:137} INFO - [2023-04-16T18:11:31.274+0000] {dagbag.py:532} INFO - Filling up the DagBag from /home/airflow/.local/lib/python3.7/site-packages/airflow/example_dags/example_task_group_decorator.py
[2023-04-16T18:11:31.327+0000] {processor.py:753} INFO - DAG(s) dict_keys(['example_task_group_decorator']) retrieved from /home/airflow/.local/lib/python3.7/site-packages/airflow/example_dags/example_task_group_decorator.py
[2023-04-16T18:11:31.374+0000] {logging_mixin.py:137} INFO - [2023-04-16T18:11:31.374+0000] {dag.py:2705} INFO - Sync 1 DAGs
[2023-04-16T18:11:31.427+0000] {logging_mixin.py:137} INFO - [2023-04-16T18:11:31.427+0000] {dag.py:3456} INFO - Setting next_dagrun for example_task_group_decorator to 2023-04-15T18:11:31.427086+00:00, run_after=2023-04-16T18:11:31.427086+00:00
[2023-04-16T18:11:31.465+0000] {processor.py:175} INFO - Processing /home/airflow/.local/lib/python3.7/site-packages/airflow/example_dags/example_task_group_decorator.py took 0.199 seconds
[2023-04-16T18:12:01.945+0000] {processor.py:153} INFO - Started process (PID=1295) to work on /home/airflow/.local/lib/python3.7/site-packages/airflow/example_dags/example_task_group_decorator.py
[2023-04-16T18:12:01.946+0000] {processor.py:743} INFO - Processing file /home/airflow/.local/lib/python3.7/site-packages/airflow/example_dags/example_task_group_decorator.py for tasks to queue
[2023-04-16T18:12:01.947+0000] {logging_mixin.py:137} INFO - [2023-04-16T18:12:01.947+0000] {dagbag.py:532} INFO - Filling up the DagBag from /home/airflow/.local/lib/python3.7/site-packages/airflow/example_dags/example_task_group_decorator.py
[2023-04-16T18:12:01.988+0000] {processor.py:753} INFO - DAG(s) dict_keys(['example_task_group_decorator']) retrieved from /home/airflow/.local/lib/python3.7/site-packages/airflow/example_dags/example_task_group_decorator.py
[2023-04-16T18:12:02.031+0000] {logging_mixin.py:137} INFO - [2023-04-16T18:12:02.031+0000] {dag.py:2705} INFO - Sync 1 DAGs
[2023-04-16T18:12:02.075+0000] {logging_mixin.py:137} INFO - [2023-04-16T18:12:02.075+0000] {dag.py:3456} INFO - Setting next_dagrun for example_task_group_decorator to 2023-04-15T18:12:02.074775+00:00, run_after=2023-04-16T18:12:02.074775+00:00
[2023-04-16T18:12:02.104+0000] {processor.py:175} INFO - Processing /home/airflow/.local/lib/python3.7/site-packages/airflow/example_dags/example_task_group_decorator.py took 0.164 seconds
[2023-04-16T18:12:32.589+0000] {processor.py:153} INFO - Started process (PID=1345) to work on /home/airflow/.local/lib/python3.7/site-packages/airflow/example_dags/example_task_group_decorator.py
[2023-04-16T18:12:32.591+0000] {processor.py:743} INFO - Processing file /home/airflow/.local/lib/python3.7/site-packages/airflow/example_dags/example_task_group_decorator.py for tasks to queue
[2023-04-16T18:12:32.592+0000] {logging_mixin.py:137} INFO - [2023-04-16T18:12:32.592+0000] {dagbag.py:532} INFO - Filling up the DagBag from /home/airflow/.local/lib/python3.7/site-packages/airflow/example_dags/example_task_group_decorator.py
[2023-04-16T18:12:32.637+0000] {processor.py:753} INFO - DAG(s) dict_keys(['example_task_group_decorator']) retrieved from /home/airflow/.local/lib/python3.7/site-packages/airflow/example_dags/example_task_group_decorator.py
[2023-04-16T18:12:32.697+0000] {logging_mixin.py:137} INFO - [2023-04-16T18:12:32.696+0000] {dag.py:2705} INFO - Sync 1 DAGs
[2023-04-16T18:12:32.733+0000] {logging_mixin.py:137} INFO - [2023-04-16T18:12:32.733+0000] {dag.py:3456} INFO - Setting next_dagrun for example_task_group_decorator to 2023-04-15T18:12:32.733099+00:00, run_after=2023-04-16T18:12:32.733099+00:00
[2023-04-16T18:12:32.763+0000] {processor.py:175} INFO - Processing /home/airflow/.local/lib/python3.7/site-packages/airflow/example_dags/example_task_group_decorator.py took 0.181 seconds
[2023-04-16T18:13:03.238+0000] {processor.py:153} INFO - Started process (PID=1395) to work on /home/airflow/.local/lib/python3.7/site-packages/airflow/example_dags/example_task_group_decorator.py
[2023-04-16T18:13:03.240+0000] {processor.py:743} INFO - Processing file /home/airflow/.local/lib/python3.7/site-packages/airflow/example_dags/example_task_group_decorator.py for tasks to queue
[2023-04-16T18:13:03.241+0000] {logging_mixin.py:137} INFO - [2023-04-16T18:13:03.241+0000] {dagbag.py:532} INFO - Filling up the DagBag from /home/airflow/.local/lib/python3.7/site-packages/airflow/example_dags/example_task_group_decorator.py
[2023-04-16T18:13:03.285+0000] {processor.py:753} INFO - DAG(s) dict_keys(['example_task_group_decorator']) retrieved from /home/airflow/.local/lib/python3.7/site-packages/airflow/example_dags/example_task_group_decorator.py
[2023-04-16T18:13:03.328+0000] {logging_mixin.py:137} INFO - [2023-04-16T18:13:03.328+0000] {dag.py:2705} INFO - Sync 1 DAGs
[2023-04-16T18:13:03.364+0000] {logging_mixin.py:137} INFO - [2023-04-16T18:13:03.364+0000] {dag.py:3456} INFO - Setting next_dagrun for example_task_group_decorator to 2023-04-15T18:13:03.364276+00:00, run_after=2023-04-16T18:13:03.364276+00:00
[2023-04-16T18:13:03.392+0000] {processor.py:175} INFO - Processing /home/airflow/.local/lib/python3.7/site-packages/airflow/example_dags/example_task_group_decorator.py took 0.159 seconds
[2023-04-16T18:13:33.947+0000] {processor.py:153} INFO - Started process (PID=1446) to work on /home/airflow/.local/lib/python3.7/site-packages/airflow/example_dags/example_task_group_decorator.py
[2023-04-16T18:13:33.949+0000] {processor.py:743} INFO - Processing file /home/airflow/.local/lib/python3.7/site-packages/airflow/example_dags/example_task_group_decorator.py for tasks to queue
[2023-04-16T18:13:33.950+0000] {logging_mixin.py:137} INFO - [2023-04-16T18:13:33.950+0000] {dagbag.py:532} INFO - Filling up the DagBag from /home/airflow/.local/lib/python3.7/site-packages/airflow/example_dags/example_task_group_decorator.py
[2023-04-16T18:13:34.010+0000] {processor.py:753} INFO - DAG(s) dict_keys(['example_task_group_decorator']) retrieved from /home/airflow/.local/lib/python3.7/site-packages/airflow/example_dags/example_task_group_decorator.py
[2023-04-16T18:13:34.054+0000] {logging_mixin.py:137} INFO - [2023-04-16T18:13:34.054+0000] {dag.py:2705} INFO - Sync 1 DAGs
[2023-04-16T18:13:34.091+0000] {logging_mixin.py:137} INFO - [2023-04-16T18:13:34.090+0000] {dag.py:3456} INFO - Setting next_dagrun for example_task_group_decorator to 2023-04-15T18:13:34.090458+00:00, run_after=2023-04-16T18:13:34.090458+00:00
[2023-04-16T18:13:34.116+0000] {processor.py:175} INFO - Processing /home/airflow/.local/lib/python3.7/site-packages/airflow/example_dags/example_task_group_decorator.py took 0.175 seconds
[2023-04-16T18:14:04.454+0000] {processor.py:153} INFO - Started process (PID=1497) to work on /home/airflow/.local/lib/python3.7/site-packages/airflow/example_dags/example_task_group_decorator.py
[2023-04-16T18:14:04.455+0000] {processor.py:743} INFO - Processing file /home/airflow/.local/lib/python3.7/site-packages/airflow/example_dags/example_task_group_decorator.py for tasks to queue
[2023-04-16T18:14:04.457+0000] {logging_mixin.py:137} INFO - [2023-04-16T18:14:04.457+0000] {dagbag.py:532} INFO - Filling up the DagBag from /home/airflow/.local/lib/python3.7/site-packages/airflow/example_dags/example_task_group_decorator.py
[2023-04-16T18:14:04.498+0000] {processor.py:753} INFO - DAG(s) dict_keys(['example_task_group_decorator']) retrieved from /home/airflow/.local/lib/python3.7/site-packages/airflow/example_dags/example_task_group_decorator.py
[2023-04-16T18:14:04.542+0000] {logging_mixin.py:137} INFO - [2023-04-16T18:14:04.542+0000] {dag.py:2705} INFO - Sync 1 DAGs
[2023-04-16T18:14:04.580+0000] {logging_mixin.py:137} INFO - [2023-04-16T18:14:04.580+0000] {dag.py:3456} INFO - Setting next_dagrun for example_task_group_decorator to 2023-04-15T18:14:04.579812+00:00, run_after=2023-04-16T18:14:04.579812+00:00
[2023-04-16T18:14:04.605+0000] {processor.py:175} INFO - Processing /home/airflow/.local/lib/python3.7/site-packages/airflow/example_dags/example_task_group_decorator.py took 0.157 seconds
[2023-04-16T18:14:35.202+0000] {processor.py:153} INFO - Started process (PID=1547) to work on /home/airflow/.local/lib/python3.7/site-packages/airflow/example_dags/example_task_group_decorator.py
[2023-04-16T18:14:35.204+0000] {processor.py:743} INFO - Processing file /home/airflow/.local/lib/python3.7/site-packages/airflow/example_dags/example_task_group_decorator.py for tasks to queue
[2023-04-16T18:14:35.205+0000] {logging_mixin.py:137} INFO - [2023-04-16T18:14:35.205+0000] {dagbag.py:532} INFO - Filling up the DagBag from /home/airflow/.local/lib/python3.7/site-packages/airflow/example_dags/example_task_group_decorator.py
[2023-04-16T18:14:35.247+0000] {processor.py:753} INFO - DAG(s) dict_keys(['example_task_group_decorator']) retrieved from /home/airflow/.local/lib/python3.7/site-packages/airflow/example_dags/example_task_group_decorator.py
[2023-04-16T18:14:35.291+0000] {logging_mixin.py:137} INFO - [2023-04-16T18:14:35.291+0000] {dag.py:2705} INFO - Sync 1 DAGs
[2023-04-16T18:14:35.331+0000] {logging_mixin.py:137} INFO - [2023-04-16T18:14:35.331+0000] {dag.py:3456} INFO - Setting next_dagrun for example_task_group_decorator to 2023-04-15T18:14:35.330980+00:00, run_after=2023-04-16T18:14:35.330980+00:00
[2023-04-16T18:14:35.357+0000] {processor.py:175} INFO - Processing /home/airflow/.local/lib/python3.7/site-packages/airflow/example_dags/example_task_group_decorator.py took 0.160 seconds
[2023-04-16T18:15:05.875+0000] {processor.py:153} INFO - Started process (PID=1597) to work on /home/airflow/.local/lib/python3.7/site-packages/airflow/example_dags/example_task_group_decorator.py
[2023-04-16T18:15:05.876+0000] {processor.py:743} INFO - Processing file /home/airflow/.local/lib/python3.7/site-packages/airflow/example_dags/example_task_group_decorator.py for tasks to queue
[2023-04-16T18:15:05.878+0000] {logging_mixin.py:137} INFO - [2023-04-16T18:15:05.877+0000] {dagbag.py:532} INFO - Filling up the DagBag from /home/airflow/.local/lib/python3.7/site-packages/airflow/example_dags/example_task_group_decorator.py
[2023-04-16T18:15:05.938+0000] {processor.py:753} INFO - DAG(s) dict_keys(['example_task_group_decorator']) retrieved from /home/airflow/.local/lib/python3.7/site-packages/airflow/example_dags/example_task_group_decorator.py
[2023-04-16T18:15:05.983+0000] {logging_mixin.py:137} INFO - [2023-04-16T18:15:05.983+0000] {dag.py:2705} INFO - Sync 1 DAGs
[2023-04-16T18:15:06.038+0000] {logging_mixin.py:137} INFO - [2023-04-16T18:15:06.038+0000] {dag.py:3456} INFO - Setting next_dagrun for example_task_group_decorator to 2023-04-15T18:15:06.038296+00:00, run_after=2023-04-16T18:15:06.038296+00:00
[2023-04-16T18:15:06.071+0000] {processor.py:175} INFO - Processing /home/airflow/.local/lib/python3.7/site-packages/airflow/example_dags/example_task_group_decorator.py took 0.203 seconds
[2023-04-16T18:15:36.638+0000] {processor.py:153} INFO - Started process (PID=1647) to work on /home/airflow/.local/lib/python3.7/site-packages/airflow/example_dags/example_task_group_decorator.py
[2023-04-16T18:15:36.640+0000] {processor.py:743} INFO - Processing file /home/airflow/.local/lib/python3.7/site-packages/airflow/example_dags/example_task_group_decorator.py for tasks to queue
[2023-04-16T18:15:36.641+0000] {logging_mixin.py:137} INFO - [2023-04-16T18:15:36.640+0000] {dagbag.py:532} INFO - Filling up the DagBag from /home/airflow/.local/lib/python3.7/site-packages/airflow/example_dags/example_task_group_decorator.py
[2023-04-16T18:15:36.682+0000] {processor.py:753} INFO - DAG(s) dict_keys(['example_task_group_decorator']) retrieved from /home/airflow/.local/lib/python3.7/site-packages/airflow/example_dags/example_task_group_decorator.py
[2023-04-16T18:15:36.724+0000] {logging_mixin.py:137} INFO - [2023-04-16T18:15:36.724+0000] {dag.py:2705} INFO - Sync 1 DAGs
[2023-04-16T18:15:36.777+0000] {logging_mixin.py:137} INFO - [2023-04-16T18:15:36.777+0000] {dag.py:3456} INFO - Setting next_dagrun for example_task_group_decorator to 2023-04-15T18:15:36.776976+00:00, run_after=2023-04-16T18:15:36.776976+00:00
[2023-04-16T18:15:36.816+0000] {processor.py:175} INFO - Processing /home/airflow/.local/lib/python3.7/site-packages/airflow/example_dags/example_task_group_decorator.py took 0.184 seconds
[2023-04-16T18:16:07.365+0000] {processor.py:153} INFO - Started process (PID=1697) to work on /home/airflow/.local/lib/python3.7/site-packages/airflow/example_dags/example_task_group_decorator.py
[2023-04-16T18:16:07.366+0000] {processor.py:743} INFO - Processing file /home/airflow/.local/lib/python3.7/site-packages/airflow/example_dags/example_task_group_decorator.py for tasks to queue
[2023-04-16T18:16:07.367+0000] {logging_mixin.py:137} INFO - [2023-04-16T18:16:07.366+0000] {dagbag.py:532} INFO - Filling up the DagBag from /home/airflow/.local/lib/python3.7/site-packages/airflow/example_dags/example_task_group_decorator.py
[2023-04-16T18:16:07.409+0000] {processor.py:753} INFO - DAG(s) dict_keys(['example_task_group_decorator']) retrieved from /home/airflow/.local/lib/python3.7/site-packages/airflow/example_dags/example_task_group_decorator.py
[2023-04-16T18:16:07.451+0000] {logging_mixin.py:137} INFO - [2023-04-16T18:16:07.451+0000] {dag.py:2705} INFO - Sync 1 DAGs
[2023-04-16T18:16:07.496+0000] {logging_mixin.py:137} INFO - [2023-04-16T18:16:07.495+0000] {dag.py:3456} INFO - Setting next_dagrun for example_task_group_decorator to 2023-04-15T18:16:07.495576+00:00, run_after=2023-04-16T18:16:07.495576+00:00
[2023-04-16T18:16:07.521+0000] {processor.py:175} INFO - Processing /home/airflow/.local/lib/python3.7/site-packages/airflow/example_dags/example_task_group_decorator.py took 0.162 seconds
[2023-04-16T18:16:37.896+0000] {processor.py:153} INFO - Started process (PID=1747) to work on /home/airflow/.local/lib/python3.7/site-packages/airflow/example_dags/example_task_group_decorator.py
[2023-04-16T18:16:37.899+0000] {processor.py:743} INFO - Processing file /home/airflow/.local/lib/python3.7/site-packages/airflow/example_dags/example_task_group_decorator.py for tasks to queue
[2023-04-16T18:16:37.900+0000] {logging_mixin.py:137} INFO - [2023-04-16T18:16:37.900+0000] {dagbag.py:532} INFO - Filling up the DagBag from /home/airflow/.local/lib/python3.7/site-packages/airflow/example_dags/example_task_group_decorator.py
[2023-04-16T18:16:37.960+0000] {processor.py:753} INFO - DAG(s) dict_keys(['example_task_group_decorator']) retrieved from /home/airflow/.local/lib/python3.7/site-packages/airflow/example_dags/example_task_group_decorator.py
[2023-04-16T18:16:38.008+0000] {logging_mixin.py:137} INFO - [2023-04-16T18:16:38.008+0000] {dag.py:2705} INFO - Sync 1 DAGs
[2023-04-16T18:16:38.047+0000] {logging_mixin.py:137} INFO - [2023-04-16T18:16:38.047+0000] {dag.py:3456} INFO - Setting next_dagrun for example_task_group_decorator to 2023-04-15T18:16:38.046993+00:00, run_after=2023-04-16T18:16:38.046993+00:00
[2023-04-16T18:16:38.078+0000] {processor.py:175} INFO - Processing /home/airflow/.local/lib/python3.7/site-packages/airflow/example_dags/example_task_group_decorator.py took 0.187 seconds
[2023-04-16T18:17:08.682+0000] {processor.py:153} INFO - Started process (PID=1797) to work on /home/airflow/.local/lib/python3.7/site-packages/airflow/example_dags/example_task_group_decorator.py
[2023-04-16T18:17:08.684+0000] {processor.py:743} INFO - Processing file /home/airflow/.local/lib/python3.7/site-packages/airflow/example_dags/example_task_group_decorator.py for tasks to queue
[2023-04-16T18:17:08.685+0000] {logging_mixin.py:137} INFO - [2023-04-16T18:17:08.684+0000] {dagbag.py:532} INFO - Filling up the DagBag from /home/airflow/.local/lib/python3.7/site-packages/airflow/example_dags/example_task_group_decorator.py
[2023-04-16T18:17:08.743+0000] {processor.py:753} INFO - DAG(s) dict_keys(['example_task_group_decorator']) retrieved from /home/airflow/.local/lib/python3.7/site-packages/airflow/example_dags/example_task_group_decorator.py
[2023-04-16T18:17:08.795+0000] {logging_mixin.py:137} INFO - [2023-04-16T18:17:08.795+0000] {dag.py:2705} INFO - Sync 1 DAGs
[2023-04-16T18:17:08.840+0000] {logging_mixin.py:137} INFO - [2023-04-16T18:17:08.840+0000] {dag.py:3456} INFO - Setting next_dagrun for example_task_group_decorator to 2023-04-15T18:17:08.839899+00:00, run_after=2023-04-16T18:17:08.839899+00:00
[2023-04-16T18:17:08.879+0000] {processor.py:175} INFO - Processing /home/airflow/.local/lib/python3.7/site-packages/airflow/example_dags/example_task_group_decorator.py took 0.204 seconds
[2023-04-16T18:17:39.546+0000] {processor.py:153} INFO - Started process (PID=1847) to work on /home/airflow/.local/lib/python3.7/site-packages/airflow/example_dags/example_task_group_decorator.py
[2023-04-16T18:17:39.547+0000] {processor.py:743} INFO - Processing file /home/airflow/.local/lib/python3.7/site-packages/airflow/example_dags/example_task_group_decorator.py for tasks to queue
[2023-04-16T18:17:39.548+0000] {logging_mixin.py:137} INFO - [2023-04-16T18:17:39.548+0000] {dagbag.py:532} INFO - Filling up the DagBag from /home/airflow/.local/lib/python3.7/site-packages/airflow/example_dags/example_task_group_decorator.py
[2023-04-16T18:17:39.591+0000] {processor.py:753} INFO - DAG(s) dict_keys(['example_task_group_decorator']) retrieved from /home/airflow/.local/lib/python3.7/site-packages/airflow/example_dags/example_task_group_decorator.py
[2023-04-16T18:17:39.651+0000] {logging_mixin.py:137} INFO - [2023-04-16T18:17:39.651+0000] {dag.py:2705} INFO - Sync 1 DAGs
[2023-04-16T18:17:39.717+0000] {logging_mixin.py:137} INFO - [2023-04-16T18:17:39.717+0000] {dag.py:3456} INFO - Setting next_dagrun for example_task_group_decorator to 2023-04-15T18:17:39.717228+00:00, run_after=2023-04-16T18:17:39.717228+00:00
[2023-04-16T18:17:39.742+0000] {processor.py:175} INFO - Processing /home/airflow/.local/lib/python3.7/site-packages/airflow/example_dags/example_task_group_decorator.py took 0.202 seconds
[2023-04-16T18:18:10.245+0000] {processor.py:153} INFO - Started process (PID=1904) to work on /home/airflow/.local/lib/python3.7/site-packages/airflow/example_dags/example_task_group_decorator.py
[2023-04-16T18:18:10.247+0000] {processor.py:743} INFO - Processing file /home/airflow/.local/lib/python3.7/site-packages/airflow/example_dags/example_task_group_decorator.py for tasks to queue
[2023-04-16T18:18:10.248+0000] {logging_mixin.py:137} INFO - [2023-04-16T18:18:10.247+0000] {dagbag.py:532} INFO - Filling up the DagBag from /home/airflow/.local/lib/python3.7/site-packages/airflow/example_dags/example_task_group_decorator.py
[2023-04-16T18:18:10.290+0000] {processor.py:753} INFO - DAG(s) dict_keys(['example_task_group_decorator']) retrieved from /home/airflow/.local/lib/python3.7/site-packages/airflow/example_dags/example_task_group_decorator.py
[2023-04-16T18:18:10.334+0000] {logging_mixin.py:137} INFO - [2023-04-16T18:18:10.334+0000] {dag.py:2705} INFO - Sync 1 DAGs
[2023-04-16T18:18:10.379+0000] {logging_mixin.py:137} INFO - [2023-04-16T18:18:10.379+0000] {dag.py:3456} INFO - Setting next_dagrun for example_task_group_decorator to 2023-04-15T18:18:10.378868+00:00, run_after=2023-04-16T18:18:10.378868+00:00
[2023-04-16T18:18:10.405+0000] {processor.py:175} INFO - Processing /home/airflow/.local/lib/python3.7/site-packages/airflow/example_dags/example_task_group_decorator.py took 0.166 seconds
[2023-04-16T18:18:41.040+0000] {processor.py:153} INFO - Started process (PID=1954) to work on /home/airflow/.local/lib/python3.7/site-packages/airflow/example_dags/example_task_group_decorator.py
[2023-04-16T18:18:41.042+0000] {processor.py:743} INFO - Processing file /home/airflow/.local/lib/python3.7/site-packages/airflow/example_dags/example_task_group_decorator.py for tasks to queue
[2023-04-16T18:18:41.043+0000] {logging_mixin.py:137} INFO - [2023-04-16T18:18:41.043+0000] {dagbag.py:532} INFO - Filling up the DagBag from /home/airflow/.local/lib/python3.7/site-packages/airflow/example_dags/example_task_group_decorator.py
[2023-04-16T18:18:41.085+0000] {processor.py:753} INFO - DAG(s) dict_keys(['example_task_group_decorator']) retrieved from /home/airflow/.local/lib/python3.7/site-packages/airflow/example_dags/example_task_group_decorator.py
[2023-04-16T18:18:41.145+0000] {logging_mixin.py:137} INFO - [2023-04-16T18:18:41.145+0000] {dag.py:2705} INFO - Sync 1 DAGs
[2023-04-16T18:18:41.186+0000] {logging_mixin.py:137} INFO - [2023-04-16T18:18:41.186+0000] {dag.py:3456} INFO - Setting next_dagrun for example_task_group_decorator to 2023-04-15T18:18:41.185819+00:00, run_after=2023-04-16T18:18:41.185819+00:00
[2023-04-16T18:18:41.221+0000] {processor.py:175} INFO - Processing /home/airflow/.local/lib/python3.7/site-packages/airflow/example_dags/example_task_group_decorator.py took 0.187 seconds
[2023-04-16T18:19:11.690+0000] {processor.py:153} INFO - Started process (PID=2004) to work on /home/airflow/.local/lib/python3.7/site-packages/airflow/example_dags/example_task_group_decorator.py
[2023-04-16T18:19:11.691+0000] {processor.py:743} INFO - Processing file /home/airflow/.local/lib/python3.7/site-packages/airflow/example_dags/example_task_group_decorator.py for tasks to queue
[2023-04-16T18:19:11.692+0000] {logging_mixin.py:137} INFO - [2023-04-16T18:19:11.691+0000] {dagbag.py:532} INFO - Filling up the DagBag from /home/airflow/.local/lib/python3.7/site-packages/airflow/example_dags/example_task_group_decorator.py
[2023-04-16T18:19:11.734+0000] {processor.py:753} INFO - DAG(s) dict_keys(['example_task_group_decorator']) retrieved from /home/airflow/.local/lib/python3.7/site-packages/airflow/example_dags/example_task_group_decorator.py
[2023-04-16T18:19:11.792+0000] {logging_mixin.py:137} INFO - [2023-04-16T18:19:11.791+0000] {dag.py:2705} INFO - Sync 1 DAGs
[2023-04-16T18:19:11.847+0000] {logging_mixin.py:137} INFO - [2023-04-16T18:19:11.847+0000] {dag.py:3456} INFO - Setting next_dagrun for example_task_group_decorator to 2023-04-15T18:19:11.847224+00:00, run_after=2023-04-16T18:19:11.847224+00:00
[2023-04-16T18:19:11.876+0000] {processor.py:175} INFO - Processing /home/airflow/.local/lib/python3.7/site-packages/airflow/example_dags/example_task_group_decorator.py took 0.192 seconds
[2023-04-16T18:19:42.480+0000] {processor.py:153} INFO - Started process (PID=2054) to work on /home/airflow/.local/lib/python3.7/site-packages/airflow/example_dags/example_task_group_decorator.py
[2023-04-16T18:19:42.482+0000] {processor.py:743} INFO - Processing file /home/airflow/.local/lib/python3.7/site-packages/airflow/example_dags/example_task_group_decorator.py for tasks to queue
[2023-04-16T18:19:42.483+0000] {logging_mixin.py:137} INFO - [2023-04-16T18:19:42.483+0000] {dagbag.py:532} INFO - Filling up the DagBag from /home/airflow/.local/lib/python3.7/site-packages/airflow/example_dags/example_task_group_decorator.py
[2023-04-16T18:19:42.523+0000] {processor.py:753} INFO - DAG(s) dict_keys(['example_task_group_decorator']) retrieved from /home/airflow/.local/lib/python3.7/site-packages/airflow/example_dags/example_task_group_decorator.py
[2023-04-16T18:19:42.566+0000] {logging_mixin.py:137} INFO - [2023-04-16T18:19:42.566+0000] {dag.py:2705} INFO - Sync 1 DAGs
[2023-04-16T18:19:42.603+0000] {logging_mixin.py:137} INFO - [2023-04-16T18:19:42.603+0000] {dag.py:3456} INFO - Setting next_dagrun for example_task_group_decorator to 2023-04-15T18:19:42.602919+00:00, run_after=2023-04-16T18:19:42.602919+00:00
[2023-04-16T18:19:42.632+0000] {processor.py:175} INFO - Processing /home/airflow/.local/lib/python3.7/site-packages/airflow/example_dags/example_task_group_decorator.py took 0.159 seconds
[2023-04-16T18:20:13.156+0000] {processor.py:153} INFO - Started process (PID=2104) to work on /home/airflow/.local/lib/python3.7/site-packages/airflow/example_dags/example_task_group_decorator.py
[2023-04-16T18:20:13.158+0000] {processor.py:743} INFO - Processing file /home/airflow/.local/lib/python3.7/site-packages/airflow/example_dags/example_task_group_decorator.py for tasks to queue
[2023-04-16T18:20:13.159+0000] {logging_mixin.py:137} INFO - [2023-04-16T18:20:13.159+0000] {dagbag.py:532} INFO - Filling up the DagBag from /home/airflow/.local/lib/python3.7/site-packages/airflow/example_dags/example_task_group_decorator.py
[2023-04-16T18:20:13.200+0000] {processor.py:753} INFO - DAG(s) dict_keys(['example_task_group_decorator']) retrieved from /home/airflow/.local/lib/python3.7/site-packages/airflow/example_dags/example_task_group_decorator.py
[2023-04-16T18:20:13.245+0000] {logging_mixin.py:137} INFO - [2023-04-16T18:20:13.245+0000] {dag.py:2705} INFO - Sync 1 DAGs
[2023-04-16T18:20:13.291+0000] {logging_mixin.py:137} INFO - [2023-04-16T18:20:13.291+0000] {dag.py:3456} INFO - Setting next_dagrun for example_task_group_decorator to 2023-04-15T18:20:13.291222+00:00, run_after=2023-04-16T18:20:13.291222+00:00
[2023-04-16T18:20:13.316+0000] {processor.py:175} INFO - Processing /home/airflow/.local/lib/python3.7/site-packages/airflow/example_dags/example_task_group_decorator.py took 0.166 seconds
[2023-04-16T18:20:43.726+0000] {processor.py:153} INFO - Started process (PID=2155) to work on /home/airflow/.local/lib/python3.7/site-packages/airflow/example_dags/example_task_group_decorator.py
[2023-04-16T18:20:43.727+0000] {processor.py:743} INFO - Processing file /home/airflow/.local/lib/python3.7/site-packages/airflow/example_dags/example_task_group_decorator.py for tasks to queue
[2023-04-16T18:20:43.728+0000] {logging_mixin.py:137} INFO - [2023-04-16T18:20:43.728+0000] {dagbag.py:532} INFO - Filling up the DagBag from /home/airflow/.local/lib/python3.7/site-packages/airflow/example_dags/example_task_group_decorator.py
[2023-04-16T18:20:43.770+0000] {processor.py:753} INFO - DAG(s) dict_keys(['example_task_group_decorator']) retrieved from /home/airflow/.local/lib/python3.7/site-packages/airflow/example_dags/example_task_group_decorator.py
[2023-04-16T18:20:43.828+0000] {logging_mixin.py:137} INFO - [2023-04-16T18:20:43.828+0000] {dag.py:2705} INFO - Sync 1 DAGs
[2023-04-16T18:20:43.872+0000] {logging_mixin.py:137} INFO - [2023-04-16T18:20:43.872+0000] {dag.py:3456} INFO - Setting next_dagrun for example_task_group_decorator to 2023-04-15T18:20:43.871934+00:00, run_after=2023-04-16T18:20:43.871934+00:00
[2023-04-16T18:20:43.897+0000] {processor.py:175} INFO - Processing /home/airflow/.local/lib/python3.7/site-packages/airflow/example_dags/example_task_group_decorator.py took 0.176 seconds
[2023-04-16T18:21:14.460+0000] {processor.py:153} INFO - Started process (PID=2205) to work on /home/airflow/.local/lib/python3.7/site-packages/airflow/example_dags/example_task_group_decorator.py
[2023-04-16T18:21:14.463+0000] {processor.py:743} INFO - Processing file /home/airflow/.local/lib/python3.7/site-packages/airflow/example_dags/example_task_group_decorator.py for tasks to queue
[2023-04-16T18:21:14.465+0000] {logging_mixin.py:137} INFO - [2023-04-16T18:21:14.465+0000] {dagbag.py:532} INFO - Filling up the DagBag from /home/airflow/.local/lib/python3.7/site-packages/airflow/example_dags/example_task_group_decorator.py
[2023-04-16T18:21:14.522+0000] {processor.py:753} INFO - DAG(s) dict_keys(['example_task_group_decorator']) retrieved from /home/airflow/.local/lib/python3.7/site-packages/airflow/example_dags/example_task_group_decorator.py
[2023-04-16T18:21:14.572+0000] {logging_mixin.py:137} INFO - [2023-04-16T18:21:14.572+0000] {dag.py:2705} INFO - Sync 1 DAGs
[2023-04-16T18:21:14.613+0000] {logging_mixin.py:137} INFO - [2023-04-16T18:21:14.612+0000] {dag.py:3456} INFO - Setting next_dagrun for example_task_group_decorator to 2023-04-15T18:21:14.612308+00:00, run_after=2023-04-16T18:21:14.612308+00:00
[2023-04-16T18:21:14.641+0000] {processor.py:175} INFO - Processing /home/airflow/.local/lib/python3.7/site-packages/airflow/example_dags/example_task_group_decorator.py took 0.189 seconds
[2023-04-16T18:21:44.741+0000] {processor.py:153} INFO - Started process (PID=2255) to work on /home/airflow/.local/lib/python3.7/site-packages/airflow/example_dags/example_task_group_decorator.py
[2023-04-16T18:21:44.742+0000] {processor.py:743} INFO - Processing file /home/airflow/.local/lib/python3.7/site-packages/airflow/example_dags/example_task_group_decorator.py for tasks to queue
[2023-04-16T18:21:44.743+0000] {logging_mixin.py:137} INFO - [2023-04-16T18:21:44.743+0000] {dagbag.py:532} INFO - Filling up the DagBag from /home/airflow/.local/lib/python3.7/site-packages/airflow/example_dags/example_task_group_decorator.py
[2023-04-16T18:21:44.783+0000] {processor.py:753} INFO - DAG(s) dict_keys(['example_task_group_decorator']) retrieved from /home/airflow/.local/lib/python3.7/site-packages/airflow/example_dags/example_task_group_decorator.py
[2023-04-16T18:21:44.834+0000] {logging_mixin.py:137} INFO - [2023-04-16T18:21:44.834+0000] {dag.py:2705} INFO - Sync 1 DAGs
[2023-04-16T18:21:44.881+0000] {logging_mixin.py:137} INFO - [2023-04-16T18:21:44.881+0000] {dag.py:3456} INFO - Setting next_dagrun for example_task_group_decorator to 2023-04-15T18:21:44.881309+00:00, run_after=2023-04-16T18:21:44.881309+00:00
[2023-04-16T18:21:44.907+0000] {processor.py:175} INFO - Processing /home/airflow/.local/lib/python3.7/site-packages/airflow/example_dags/example_task_group_decorator.py took 0.172 seconds
[2023-04-16T18:22:15.064+0000] {processor.py:153} INFO - Started process (PID=2305) to work on /home/airflow/.local/lib/python3.7/site-packages/airflow/example_dags/example_task_group_decorator.py
[2023-04-16T18:22:15.065+0000] {processor.py:743} INFO - Processing file /home/airflow/.local/lib/python3.7/site-packages/airflow/example_dags/example_task_group_decorator.py for tasks to queue
[2023-04-16T18:22:15.066+0000] {logging_mixin.py:137} INFO - [2023-04-16T18:22:15.066+0000] {dagbag.py:532} INFO - Filling up the DagBag from /home/airflow/.local/lib/python3.7/site-packages/airflow/example_dags/example_task_group_decorator.py
[2023-04-16T18:22:15.114+0000] {processor.py:753} INFO - DAG(s) dict_keys(['example_task_group_decorator']) retrieved from /home/airflow/.local/lib/python3.7/site-packages/airflow/example_dags/example_task_group_decorator.py
[2023-04-16T18:22:15.158+0000] {logging_mixin.py:137} INFO - [2023-04-16T18:22:15.157+0000] {dag.py:2705} INFO - Sync 1 DAGs
[2023-04-16T18:22:15.192+0000] {logging_mixin.py:137} INFO - [2023-04-16T18:22:15.192+0000] {dag.py:3456} INFO - Setting next_dagrun for example_task_group_decorator to 2023-04-15T18:22:15.192418+00:00, run_after=2023-04-16T18:22:15.192418+00:00
[2023-04-16T18:22:15.217+0000] {processor.py:175} INFO - Processing /home/airflow/.local/lib/python3.7/site-packages/airflow/example_dags/example_task_group_decorator.py took 0.159 seconds
[2023-04-16T18:22:45.309+0000] {processor.py:153} INFO - Started process (PID=2355) to work on /home/airflow/.local/lib/python3.7/site-packages/airflow/example_dags/example_task_group_decorator.py
[2023-04-16T18:22:45.310+0000] {processor.py:743} INFO - Processing file /home/airflow/.local/lib/python3.7/site-packages/airflow/example_dags/example_task_group_decorator.py for tasks to queue
[2023-04-16T18:22:45.311+0000] {logging_mixin.py:137} INFO - [2023-04-16T18:22:45.310+0000] {dagbag.py:532} INFO - Filling up the DagBag from /home/airflow/.local/lib/python3.7/site-packages/airflow/example_dags/example_task_group_decorator.py
[2023-04-16T18:22:45.354+0000] {processor.py:753} INFO - DAG(s) dict_keys(['example_task_group_decorator']) retrieved from /home/airflow/.local/lib/python3.7/site-packages/airflow/example_dags/example_task_group_decorator.py
[2023-04-16T18:22:45.397+0000] {logging_mixin.py:137} INFO - [2023-04-16T18:22:45.397+0000] {dag.py:2705} INFO - Sync 1 DAGs
[2023-04-16T18:22:45.441+0000] {logging_mixin.py:137} INFO - [2023-04-16T18:22:45.441+0000] {dag.py:3456} INFO - Setting next_dagrun for example_task_group_decorator to 2023-04-15T18:22:45.440800+00:00, run_after=2023-04-16T18:22:45.440800+00:00
[2023-04-16T18:22:45.468+0000] {processor.py:175} INFO - Processing /home/airflow/.local/lib/python3.7/site-packages/airflow/example_dags/example_task_group_decorator.py took 0.165 seconds
[2023-04-16T18:23:15.771+0000] {processor.py:153} INFO - Started process (PID=2405) to work on /home/airflow/.local/lib/python3.7/site-packages/airflow/example_dags/example_task_group_decorator.py
[2023-04-16T18:23:15.773+0000] {processor.py:743} INFO - Processing file /home/airflow/.local/lib/python3.7/site-packages/airflow/example_dags/example_task_group_decorator.py for tasks to queue
[2023-04-16T18:23:15.773+0000] {logging_mixin.py:137} INFO - [2023-04-16T18:23:15.773+0000] {dagbag.py:532} INFO - Filling up the DagBag from /home/airflow/.local/lib/python3.7/site-packages/airflow/example_dags/example_task_group_decorator.py
[2023-04-16T18:23:15.814+0000] {processor.py:753} INFO - DAG(s) dict_keys(['example_task_group_decorator']) retrieved from /home/airflow/.local/lib/python3.7/site-packages/airflow/example_dags/example_task_group_decorator.py
[2023-04-16T18:23:15.857+0000] {logging_mixin.py:137} INFO - [2023-04-16T18:23:15.857+0000] {dag.py:2705} INFO - Sync 1 DAGs
[2023-04-16T18:23:15.894+0000] {logging_mixin.py:137} INFO - [2023-04-16T18:23:15.894+0000] {dag.py:3456} INFO - Setting next_dagrun for example_task_group_decorator to 2023-04-15T18:23:15.894241+00:00, run_after=2023-04-16T18:23:15.894241+00:00
[2023-04-16T18:23:15.919+0000] {processor.py:175} INFO - Processing /home/airflow/.local/lib/python3.7/site-packages/airflow/example_dags/example_task_group_decorator.py took 0.153 seconds
[2023-04-16T18:23:45.952+0000] {processor.py:153} INFO - Started process (PID=2454) to work on /home/airflow/.local/lib/python3.7/site-packages/airflow/example_dags/example_task_group_decorator.py
[2023-04-16T18:23:45.953+0000] {processor.py:743} INFO - Processing file /home/airflow/.local/lib/python3.7/site-packages/airflow/example_dags/example_task_group_decorator.py for tasks to queue
[2023-04-16T18:23:45.954+0000] {logging_mixin.py:137} INFO - [2023-04-16T18:23:45.954+0000] {dagbag.py:532} INFO - Filling up the DagBag from /home/airflow/.local/lib/python3.7/site-packages/airflow/example_dags/example_task_group_decorator.py
[2023-04-16T18:23:46.004+0000] {processor.py:753} INFO - DAG(s) dict_keys(['example_task_group_decorator']) retrieved from /home/airflow/.local/lib/python3.7/site-packages/airflow/example_dags/example_task_group_decorator.py
[2023-04-16T18:23:46.047+0000] {logging_mixin.py:137} INFO - [2023-04-16T18:23:46.047+0000] {dag.py:2705} INFO - Sync 1 DAGs
[2023-04-16T18:23:46.085+0000] {logging_mixin.py:137} INFO - [2023-04-16T18:23:46.084+0000] {dag.py:3456} INFO - Setting next_dagrun for example_task_group_decorator to 2023-04-15T18:23:46.084523+00:00, run_after=2023-04-16T18:23:46.084523+00:00
[2023-04-16T18:23:46.115+0000] {processor.py:175} INFO - Processing /home/airflow/.local/lib/python3.7/site-packages/airflow/example_dags/example_task_group_decorator.py took 0.171 seconds
[2023-04-16T18:24:16.592+0000] {processor.py:153} INFO - Started process (PID=2505) to work on /home/airflow/.local/lib/python3.7/site-packages/airflow/example_dags/example_task_group_decorator.py
[2023-04-16T18:24:16.593+0000] {processor.py:743} INFO - Processing file /home/airflow/.local/lib/python3.7/site-packages/airflow/example_dags/example_task_group_decorator.py for tasks to queue
[2023-04-16T18:24:16.594+0000] {logging_mixin.py:137} INFO - [2023-04-16T18:24:16.594+0000] {dagbag.py:532} INFO - Filling up the DagBag from /home/airflow/.local/lib/python3.7/site-packages/airflow/example_dags/example_task_group_decorator.py
[2023-04-16T18:24:16.637+0000] {processor.py:753} INFO - DAG(s) dict_keys(['example_task_group_decorator']) retrieved from /home/airflow/.local/lib/python3.7/site-packages/airflow/example_dags/example_task_group_decorator.py
[2023-04-16T18:24:16.678+0000] {logging_mixin.py:137} INFO - [2023-04-16T18:24:16.678+0000] {dag.py:2705} INFO - Sync 1 DAGs
[2023-04-16T18:24:16.721+0000] {logging_mixin.py:137} INFO - [2023-04-16T18:24:16.721+0000] {dag.py:3456} INFO - Setting next_dagrun for example_task_group_decorator to 2023-04-15T18:24:16.720989+00:00, run_after=2023-04-16T18:24:16.720989+00:00
[2023-04-16T18:24:16.747+0000] {processor.py:175} INFO - Processing /home/airflow/.local/lib/python3.7/site-packages/airflow/example_dags/example_task_group_decorator.py took 0.161 seconds
[2023-04-16T18:24:46.861+0000] {processor.py:153} INFO - Started process (PID=2555) to work on /home/airflow/.local/lib/python3.7/site-packages/airflow/example_dags/example_task_group_decorator.py
[2023-04-16T18:24:46.862+0000] {processor.py:743} INFO - Processing file /home/airflow/.local/lib/python3.7/site-packages/airflow/example_dags/example_task_group_decorator.py for tasks to queue
[2023-04-16T18:24:46.863+0000] {logging_mixin.py:137} INFO - [2023-04-16T18:24:46.862+0000] {dagbag.py:532} INFO - Filling up the DagBag from /home/airflow/.local/lib/python3.7/site-packages/airflow/example_dags/example_task_group_decorator.py
[2023-04-16T18:24:46.908+0000] {processor.py:753} INFO - DAG(s) dict_keys(['example_task_group_decorator']) retrieved from /home/airflow/.local/lib/python3.7/site-packages/airflow/example_dags/example_task_group_decorator.py
[2023-04-16T18:24:46.950+0000] {logging_mixin.py:137} INFO - [2023-04-16T18:24:46.950+0000] {dag.py:2705} INFO - Sync 1 DAGs
[2023-04-16T18:24:46.986+0000] {logging_mixin.py:137} INFO - [2023-04-16T18:24:46.985+0000] {dag.py:3456} INFO - Setting next_dagrun for example_task_group_decorator to 2023-04-15T18:24:46.985603+00:00, run_after=2023-04-16T18:24:46.985603+00:00
[2023-04-16T18:24:47.016+0000] {processor.py:175} INFO - Processing /home/airflow/.local/lib/python3.7/site-packages/airflow/example_dags/example_task_group_decorator.py took 0.161 seconds
[2023-04-16T18:25:17.641+0000] {processor.py:153} INFO - Started process (PID=2604) to work on /home/airflow/.local/lib/python3.7/site-packages/airflow/example_dags/example_task_group_decorator.py
[2023-04-16T18:25:17.642+0000] {processor.py:743} INFO - Processing file /home/airflow/.local/lib/python3.7/site-packages/airflow/example_dags/example_task_group_decorator.py for tasks to queue
[2023-04-16T18:25:17.643+0000] {logging_mixin.py:137} INFO - [2023-04-16T18:25:17.643+0000] {dagbag.py:532} INFO - Filling up the DagBag from /home/airflow/.local/lib/python3.7/site-packages/airflow/example_dags/example_task_group_decorator.py
[2023-04-16T18:25:17.685+0000] {processor.py:753} INFO - DAG(s) dict_keys(['example_task_group_decorator']) retrieved from /home/airflow/.local/lib/python3.7/site-packages/airflow/example_dags/example_task_group_decorator.py
[2023-04-16T18:25:17.728+0000] {logging_mixin.py:137} INFO - [2023-04-16T18:25:17.728+0000] {dag.py:2705} INFO - Sync 1 DAGs
[2023-04-16T18:25:17.765+0000] {logging_mixin.py:137} INFO - [2023-04-16T18:25:17.765+0000] {dag.py:3456} INFO - Setting next_dagrun for example_task_group_decorator to 2023-04-15T18:25:17.765144+00:00, run_after=2023-04-16T18:25:17.765144+00:00
[2023-04-16T18:25:17.791+0000] {processor.py:175} INFO - Processing /home/airflow/.local/lib/python3.7/site-packages/airflow/example_dags/example_task_group_decorator.py took 0.156 seconds
[2023-04-16T18:25:48.307+0000] {processor.py:153} INFO - Started process (PID=2655) to work on /home/airflow/.local/lib/python3.7/site-packages/airflow/example_dags/example_task_group_decorator.py
[2023-04-16T18:25:48.308+0000] {processor.py:743} INFO - Processing file /home/airflow/.local/lib/python3.7/site-packages/airflow/example_dags/example_task_group_decorator.py for tasks to queue
[2023-04-16T18:25:48.310+0000] {logging_mixin.py:137} INFO - [2023-04-16T18:25:48.309+0000] {dagbag.py:532} INFO - Filling up the DagBag from /home/airflow/.local/lib/python3.7/site-packages/airflow/example_dags/example_task_group_decorator.py
[2023-04-16T18:25:48.351+0000] {processor.py:753} INFO - DAG(s) dict_keys(['example_task_group_decorator']) retrieved from /home/airflow/.local/lib/python3.7/site-packages/airflow/example_dags/example_task_group_decorator.py
[2023-04-16T18:25:48.402+0000] {logging_mixin.py:137} INFO - [2023-04-16T18:25:48.402+0000] {dag.py:2705} INFO - Sync 1 DAGs
[2023-04-16T18:25:48.450+0000] {logging_mixin.py:137} INFO - [2023-04-16T18:25:48.449+0000] {dag.py:3456} INFO - Setting next_dagrun for example_task_group_decorator to 2023-04-15T18:25:48.449516+00:00, run_after=2023-04-16T18:25:48.449516+00:00
[2023-04-16T18:25:48.475+0000] {processor.py:175} INFO - Processing /home/airflow/.local/lib/python3.7/site-packages/airflow/example_dags/example_task_group_decorator.py took 0.174 seconds
[2023-04-16T18:26:19.018+0000] {processor.py:153} INFO - Started process (PID=2704) to work on /home/airflow/.local/lib/python3.7/site-packages/airflow/example_dags/example_task_group_decorator.py
[2023-04-16T18:26:19.020+0000] {processor.py:743} INFO - Processing file /home/airflow/.local/lib/python3.7/site-packages/airflow/example_dags/example_task_group_decorator.py for tasks to queue
[2023-04-16T18:26:19.021+0000] {logging_mixin.py:137} INFO - [2023-04-16T18:26:19.021+0000] {dagbag.py:532} INFO - Filling up the DagBag from /home/airflow/.local/lib/python3.7/site-packages/airflow/example_dags/example_task_group_decorator.py
[2023-04-16T18:26:19.063+0000] {processor.py:753} INFO - DAG(s) dict_keys(['example_task_group_decorator']) retrieved from /home/airflow/.local/lib/python3.7/site-packages/airflow/example_dags/example_task_group_decorator.py
[2023-04-16T18:26:19.108+0000] {logging_mixin.py:137} INFO - [2023-04-16T18:26:19.108+0000] {dag.py:2705} INFO - Sync 1 DAGs
[2023-04-16T18:26:19.151+0000] {logging_mixin.py:137} INFO - [2023-04-16T18:26:19.150+0000] {dag.py:3456} INFO - Setting next_dagrun for example_task_group_decorator to 2023-04-15T18:26:19.150255+00:00, run_after=2023-04-16T18:26:19.150255+00:00
[2023-04-16T18:26:19.182+0000] {processor.py:175} INFO - Processing /home/airflow/.local/lib/python3.7/site-packages/airflow/example_dags/example_task_group_decorator.py took 0.170 seconds
[2023-04-16T18:26:49.817+0000] {processor.py:153} INFO - Started process (PID=2754) to work on /home/airflow/.local/lib/python3.7/site-packages/airflow/example_dags/example_task_group_decorator.py
[2023-04-16T18:26:49.818+0000] {processor.py:743} INFO - Processing file /home/airflow/.local/lib/python3.7/site-packages/airflow/example_dags/example_task_group_decorator.py for tasks to queue
[2023-04-16T18:26:49.819+0000] {logging_mixin.py:137} INFO - [2023-04-16T18:26:49.818+0000] {dagbag.py:532} INFO - Filling up the DagBag from /home/airflow/.local/lib/python3.7/site-packages/airflow/example_dags/example_task_group_decorator.py
[2023-04-16T18:26:49.861+0000] {processor.py:753} INFO - DAG(s) dict_keys(['example_task_group_decorator']) retrieved from /home/airflow/.local/lib/python3.7/site-packages/airflow/example_dags/example_task_group_decorator.py
[2023-04-16T18:26:49.905+0000] {logging_mixin.py:137} INFO - [2023-04-16T18:26:49.905+0000] {dag.py:2705} INFO - Sync 1 DAGs
[2023-04-16T18:26:49.949+0000] {logging_mixin.py:137} INFO - [2023-04-16T18:26:49.949+0000] {dag.py:3456} INFO - Setting next_dagrun for example_task_group_decorator to 2023-04-15T18:26:49.949176+00:00, run_after=2023-04-16T18:26:49.949176+00:00
[2023-04-16T18:26:49.975+0000] {processor.py:175} INFO - Processing /home/airflow/.local/lib/python3.7/site-packages/airflow/example_dags/example_task_group_decorator.py took 0.164 seconds
[2023-04-16T18:27:20.533+0000] {processor.py:153} INFO - Started process (PID=2804) to work on /home/airflow/.local/lib/python3.7/site-packages/airflow/example_dags/example_task_group_decorator.py
[2023-04-16T18:27:20.535+0000] {processor.py:743} INFO - Processing file /home/airflow/.local/lib/python3.7/site-packages/airflow/example_dags/example_task_group_decorator.py for tasks to queue
[2023-04-16T18:27:20.536+0000] {logging_mixin.py:137} INFO - [2023-04-16T18:27:20.536+0000] {dagbag.py:532} INFO - Filling up the DagBag from /home/airflow/.local/lib/python3.7/site-packages/airflow/example_dags/example_task_group_decorator.py
[2023-04-16T18:27:20.597+0000] {processor.py:753} INFO - DAG(s) dict_keys(['example_task_group_decorator']) retrieved from /home/airflow/.local/lib/python3.7/site-packages/airflow/example_dags/example_task_group_decorator.py
[2023-04-16T18:27:20.643+0000] {logging_mixin.py:137} INFO - [2023-04-16T18:27:20.643+0000] {dag.py:2705} INFO - Sync 1 DAGs
[2023-04-16T18:27:20.684+0000] {logging_mixin.py:137} INFO - [2023-04-16T18:27:20.684+0000] {dag.py:3456} INFO - Setting next_dagrun for example_task_group_decorator to 2023-04-15T18:27:20.684053+00:00, run_after=2023-04-16T18:27:20.684053+00:00
[2023-04-16T18:27:20.712+0000] {processor.py:175} INFO - Processing /home/airflow/.local/lib/python3.7/site-packages/airflow/example_dags/example_task_group_decorator.py took 0.184 seconds
[2023-04-16T18:27:51.234+0000] {processor.py:153} INFO - Started process (PID=2855) to work on /home/airflow/.local/lib/python3.7/site-packages/airflow/example_dags/example_task_group_decorator.py
[2023-04-16T18:27:51.235+0000] {processor.py:743} INFO - Processing file /home/airflow/.local/lib/python3.7/site-packages/airflow/example_dags/example_task_group_decorator.py for tasks to queue
[2023-04-16T18:27:51.236+0000] {logging_mixin.py:137} INFO - [2023-04-16T18:27:51.236+0000] {dagbag.py:532} INFO - Filling up the DagBag from /home/airflow/.local/lib/python3.7/site-packages/airflow/example_dags/example_task_group_decorator.py
[2023-04-16T18:27:51.277+0000] {processor.py:753} INFO - DAG(s) dict_keys(['example_task_group_decorator']) retrieved from /home/airflow/.local/lib/python3.7/site-packages/airflow/example_dags/example_task_group_decorator.py
[2023-04-16T18:27:51.337+0000] {logging_mixin.py:137} INFO - [2023-04-16T18:27:51.336+0000] {dag.py:2705} INFO - Sync 1 DAGs
[2023-04-16T18:27:51.373+0000] {logging_mixin.py:137} INFO - [2023-04-16T18:27:51.372+0000] {dag.py:3456} INFO - Setting next_dagrun for example_task_group_decorator to 2023-04-15T18:27:51.372590+00:00, run_after=2023-04-16T18:27:51.372590+00:00
[2023-04-16T18:27:51.398+0000] {processor.py:175} INFO - Processing /home/airflow/.local/lib/python3.7/site-packages/airflow/example_dags/example_task_group_decorator.py took 0.169 seconds
[2023-04-16T18:28:21.780+0000] {processor.py:153} INFO - Started process (PID=2905) to work on /home/airflow/.local/lib/python3.7/site-packages/airflow/example_dags/example_task_group_decorator.py
[2023-04-16T18:28:21.782+0000] {processor.py:743} INFO - Processing file /home/airflow/.local/lib/python3.7/site-packages/airflow/example_dags/example_task_group_decorator.py for tasks to queue
[2023-04-16T18:28:21.783+0000] {logging_mixin.py:137} INFO - [2023-04-16T18:28:21.783+0000] {dagbag.py:532} INFO - Filling up the DagBag from /home/airflow/.local/lib/python3.7/site-packages/airflow/example_dags/example_task_group_decorator.py
[2023-04-16T18:28:21.824+0000] {processor.py:753} INFO - DAG(s) dict_keys(['example_task_group_decorator']) retrieved from /home/airflow/.local/lib/python3.7/site-packages/airflow/example_dags/example_task_group_decorator.py
[2023-04-16T18:28:21.868+0000] {logging_mixin.py:137} INFO - [2023-04-16T18:28:21.868+0000] {dag.py:2705} INFO - Sync 1 DAGs
[2023-04-16T18:28:21.910+0000] {logging_mixin.py:137} INFO - [2023-04-16T18:28:21.910+0000] {dag.py:3456} INFO - Setting next_dagrun for example_task_group_decorator to 2023-04-15T18:28:21.909736+00:00, run_after=2023-04-16T18:28:21.909736+00:00
[2023-04-16T18:28:21.950+0000] {processor.py:175} INFO - Processing /home/airflow/.local/lib/python3.7/site-packages/airflow/example_dags/example_task_group_decorator.py took 0.176 seconds
[2023-04-16T18:28:52.570+0000] {processor.py:153} INFO - Started process (PID=2955) to work on /home/airflow/.local/lib/python3.7/site-packages/airflow/example_dags/example_task_group_decorator.py
[2023-04-16T18:28:52.572+0000] {processor.py:743} INFO - Processing file /home/airflow/.local/lib/python3.7/site-packages/airflow/example_dags/example_task_group_decorator.py for tasks to queue
[2023-04-16T18:28:52.573+0000] {logging_mixin.py:137} INFO - [2023-04-16T18:28:52.573+0000] {dagbag.py:532} INFO - Filling up the DagBag from /home/airflow/.local/lib/python3.7/site-packages/airflow/example_dags/example_task_group_decorator.py
[2023-04-16T18:28:52.623+0000] {processor.py:753} INFO - DAG(s) dict_keys(['example_task_group_decorator']) retrieved from /home/airflow/.local/lib/python3.7/site-packages/airflow/example_dags/example_task_group_decorator.py
[2023-04-16T18:28:52.670+0000] {logging_mixin.py:137} INFO - [2023-04-16T18:28:52.670+0000] {dag.py:2705} INFO - Sync 1 DAGs
[2023-04-16T18:28:52.718+0000] {logging_mixin.py:137} INFO - [2023-04-16T18:28:52.718+0000] {dag.py:3456} INFO - Setting next_dagrun for example_task_group_decorator to 2023-04-15T18:28:52.717748+00:00, run_after=2023-04-16T18:28:52.717748+00:00
[2023-04-16T18:28:52.743+0000] {processor.py:175} INFO - Processing /home/airflow/.local/lib/python3.7/site-packages/airflow/example_dags/example_task_group_decorator.py took 0.183 seconds
[2023-04-16T18:29:23.242+0000] {processor.py:153} INFO - Started process (PID=3006) to work on /home/airflow/.local/lib/python3.7/site-packages/airflow/example_dags/example_task_group_decorator.py
[2023-04-16T18:29:23.243+0000] {processor.py:743} INFO - Processing file /home/airflow/.local/lib/python3.7/site-packages/airflow/example_dags/example_task_group_decorator.py for tasks to queue
[2023-04-16T18:29:23.244+0000] {logging_mixin.py:137} INFO - [2023-04-16T18:29:23.243+0000] {dagbag.py:532} INFO - Filling up the DagBag from /home/airflow/.local/lib/python3.7/site-packages/airflow/example_dags/example_task_group_decorator.py
[2023-04-16T18:29:23.285+0000] {processor.py:753} INFO - DAG(s) dict_keys(['example_task_group_decorator']) retrieved from /home/airflow/.local/lib/python3.7/site-packages/airflow/example_dags/example_task_group_decorator.py
[2023-04-16T18:29:23.329+0000] {logging_mixin.py:137} INFO - [2023-04-16T18:29:23.329+0000] {dag.py:2705} INFO - Sync 1 DAGs
[2023-04-16T18:29:23.365+0000] {logging_mixin.py:137} INFO - [2023-04-16T18:29:23.365+0000] {dag.py:3456} INFO - Setting next_dagrun for example_task_group_decorator to 2023-04-15T18:29:23.365406+00:00, run_after=2023-04-16T18:29:23.365406+00:00
[2023-04-16T18:29:23.392+0000] {processor.py:175} INFO - Processing /home/airflow/.local/lib/python3.7/site-packages/airflow/example_dags/example_task_group_decorator.py took 0.155 seconds
[2023-04-16T18:29:53.788+0000] {processor.py:153} INFO - Started process (PID=3057) to work on /home/airflow/.local/lib/python3.7/site-packages/airflow/example_dags/example_task_group_decorator.py
[2023-04-16T18:29:53.790+0000] {processor.py:743} INFO - Processing file /home/airflow/.local/lib/python3.7/site-packages/airflow/example_dags/example_task_group_decorator.py for tasks to queue
[2023-04-16T18:29:53.790+0000] {logging_mixin.py:137} INFO - [2023-04-16T18:29:53.790+0000] {dagbag.py:532} INFO - Filling up the DagBag from /home/airflow/.local/lib/python3.7/site-packages/airflow/example_dags/example_task_group_decorator.py
[2023-04-16T18:29:53.833+0000] {processor.py:753} INFO - DAG(s) dict_keys(['example_task_group_decorator']) retrieved from /home/airflow/.local/lib/python3.7/site-packages/airflow/example_dags/example_task_group_decorator.py
[2023-04-16T18:29:53.876+0000] {logging_mixin.py:137} INFO - [2023-04-16T18:29:53.875+0000] {dag.py:2705} INFO - Sync 1 DAGs
[2023-04-16T18:29:53.911+0000] {logging_mixin.py:137} INFO - [2023-04-16T18:29:53.911+0000] {dag.py:3456} INFO - Setting next_dagrun for example_task_group_decorator to 2023-04-15T18:29:53.910676+00:00, run_after=2023-04-16T18:29:53.910676+00:00
[2023-04-16T18:29:53.938+0000] {processor.py:175} INFO - Processing /home/airflow/.local/lib/python3.7/site-packages/airflow/example_dags/example_task_group_decorator.py took 0.156 seconds
[2023-04-16T18:30:24.567+0000] {processor.py:153} INFO - Started process (PID=3107) to work on /home/airflow/.local/lib/python3.7/site-packages/airflow/example_dags/example_task_group_decorator.py
[2023-04-16T18:30:24.569+0000] {processor.py:743} INFO - Processing file /home/airflow/.local/lib/python3.7/site-packages/airflow/example_dags/example_task_group_decorator.py for tasks to queue
[2023-04-16T18:30:24.570+0000] {logging_mixin.py:137} INFO - [2023-04-16T18:30:24.570+0000] {dagbag.py:532} INFO - Filling up the DagBag from /home/airflow/.local/lib/python3.7/site-packages/airflow/example_dags/example_task_group_decorator.py
[2023-04-16T18:30:24.619+0000] {processor.py:753} INFO - DAG(s) dict_keys(['example_task_group_decorator']) retrieved from /home/airflow/.local/lib/python3.7/site-packages/airflow/example_dags/example_task_group_decorator.py
[2023-04-16T18:30:24.663+0000] {logging_mixin.py:137} INFO - [2023-04-16T18:30:24.663+0000] {dag.py:2705} INFO - Sync 1 DAGs
[2023-04-16T18:30:24.700+0000] {logging_mixin.py:137} INFO - [2023-04-16T18:30:24.700+0000] {dag.py:3456} INFO - Setting next_dagrun for example_task_group_decorator to 2023-04-15T18:30:24.699795+00:00, run_after=2023-04-16T18:30:24.699795+00:00
[2023-04-16T18:30:24.727+0000] {processor.py:175} INFO - Processing /home/airflow/.local/lib/python3.7/site-packages/airflow/example_dags/example_task_group_decorator.py took 0.166 seconds
