[2023-04-16T17:59:20.326+0000] {processor.py:153} INFO - Started process (PID=46) to work on /home/airflow/.local/lib/python3.7/site-packages/airflow/example_dags/example_skip_dag.py
[2023-04-16T17:59:20.329+0000] {processor.py:743} INFO - Processing file /home/airflow/.local/lib/python3.7/site-packages/airflow/example_dags/example_skip_dag.py for tasks to queue
[2023-04-16T17:59:20.331+0000] {logging_mixin.py:137} INFO - [2023-04-16T17:59:20.330+0000] {dagbag.py:532} INFO - Filling up the DagBag from /home/airflow/.local/lib/python3.7/site-packages/airflow/example_dags/example_skip_dag.py
[2023-04-16T17:59:20.408+0000] {processor.py:753} INFO - DAG(s) dict_keys(['example_skip_dag']) retrieved from /home/airflow/.local/lib/python3.7/site-packages/airflow/example_dags/example_skip_dag.py
[2023-04-16T17:59:20.484+0000] {logging_mixin.py:137} INFO - [2023-04-16T17:59:20.483+0000] {dag.py:2705} INFO - Sync 1 DAGs
[2023-04-16T17:59:20.541+0000] {logging_mixin.py:137} INFO - [2023-04-16T17:59:20.541+0000] {dag.py:3456} INFO - Setting next_dagrun for example_skip_dag to 2023-04-15T17:59:20.540865+00:00, run_after=2023-04-16T17:59:20.540865+00:00
[2023-04-16T17:59:20.579+0000] {processor.py:175} INFO - Processing /home/airflow/.local/lib/python3.7/site-packages/airflow/example_dags/example_skip_dag.py took 0.262 seconds
[2023-04-16T17:59:51.323+0000] {processor.py:153} INFO - Started process (PID=96) to work on /home/airflow/.local/lib/python3.7/site-packages/airflow/example_dags/example_skip_dag.py
[2023-04-16T17:59:51.324+0000] {processor.py:743} INFO - Processing file /home/airflow/.local/lib/python3.7/site-packages/airflow/example_dags/example_skip_dag.py for tasks to queue
[2023-04-16T17:59:51.325+0000] {logging_mixin.py:137} INFO - [2023-04-16T17:59:51.325+0000] {dagbag.py:532} INFO - Filling up the DagBag from /home/airflow/.local/lib/python3.7/site-packages/airflow/example_dags/example_skip_dag.py
[2023-04-16T17:59:51.346+0000] {processor.py:753} INFO - DAG(s) dict_keys(['example_skip_dag']) retrieved from /home/airflow/.local/lib/python3.7/site-packages/airflow/example_dags/example_skip_dag.py
[2023-04-16T17:59:51.387+0000] {logging_mixin.py:137} INFO - [2023-04-16T17:59:51.386+0000] {dag.py:2705} INFO - Sync 1 DAGs
[2023-04-16T17:59:51.427+0000] {logging_mixin.py:137} INFO - [2023-04-16T17:59:51.427+0000] {dag.py:3456} INFO - Setting next_dagrun for example_skip_dag to 2023-04-15T17:59:51.427082+00:00, run_after=2023-04-16T17:59:51.427082+00:00
[2023-04-16T17:59:51.454+0000] {processor.py:175} INFO - Processing /home/airflow/.local/lib/python3.7/site-packages/airflow/example_dags/example_skip_dag.py took 0.136 seconds
[2023-04-16T18:00:21.728+0000] {processor.py:153} INFO - Started process (PID=147) to work on /home/airflow/.local/lib/python3.7/site-packages/airflow/example_dags/example_skip_dag.py
[2023-04-16T18:00:21.729+0000] {processor.py:743} INFO - Processing file /home/airflow/.local/lib/python3.7/site-packages/airflow/example_dags/example_skip_dag.py for tasks to queue
[2023-04-16T18:00:21.730+0000] {logging_mixin.py:137} INFO - [2023-04-16T18:00:21.730+0000] {dagbag.py:532} INFO - Filling up the DagBag from /home/airflow/.local/lib/python3.7/site-packages/airflow/example_dags/example_skip_dag.py
[2023-04-16T18:00:21.751+0000] {processor.py:753} INFO - DAG(s) dict_keys(['example_skip_dag']) retrieved from /home/airflow/.local/lib/python3.7/site-packages/airflow/example_dags/example_skip_dag.py
[2023-04-16T18:00:21.796+0000] {logging_mixin.py:137} INFO - [2023-04-16T18:00:21.796+0000] {dag.py:2705} INFO - Sync 1 DAGs
[2023-04-16T18:00:21.835+0000] {logging_mixin.py:137} INFO - [2023-04-16T18:00:21.835+0000] {dag.py:3456} INFO - Setting next_dagrun for example_skip_dag to 2023-04-15T18:00:21.835026+00:00, run_after=2023-04-16T18:00:21.835026+00:00
[2023-04-16T18:00:21.861+0000] {processor.py:175} INFO - Processing /home/airflow/.local/lib/python3.7/site-packages/airflow/example_dags/example_skip_dag.py took 0.139 seconds
[2023-04-16T18:00:51.914+0000] {processor.py:153} INFO - Started process (PID=197) to work on /home/airflow/.local/lib/python3.7/site-packages/airflow/example_dags/example_skip_dag.py
[2023-04-16T18:00:51.915+0000] {processor.py:743} INFO - Processing file /home/airflow/.local/lib/python3.7/site-packages/airflow/example_dags/example_skip_dag.py for tasks to queue
[2023-04-16T18:00:51.916+0000] {logging_mixin.py:137} INFO - [2023-04-16T18:00:51.916+0000] {dagbag.py:532} INFO - Filling up the DagBag from /home/airflow/.local/lib/python3.7/site-packages/airflow/example_dags/example_skip_dag.py
[2023-04-16T18:00:51.946+0000] {processor.py:753} INFO - DAG(s) dict_keys(['example_skip_dag']) retrieved from /home/airflow/.local/lib/python3.7/site-packages/airflow/example_dags/example_skip_dag.py
[2023-04-16T18:00:51.997+0000] {logging_mixin.py:137} INFO - [2023-04-16T18:00:51.997+0000] {dag.py:2705} INFO - Sync 1 DAGs
[2023-04-16T18:00:52.042+0000] {logging_mixin.py:137} INFO - [2023-04-16T18:00:52.042+0000] {dag.py:3456} INFO - Setting next_dagrun for example_skip_dag to 2023-04-15T18:00:52.042338+00:00, run_after=2023-04-16T18:00:52.042338+00:00
[2023-04-16T18:00:52.068+0000] {processor.py:175} INFO - Processing /home/airflow/.local/lib/python3.7/site-packages/airflow/example_dags/example_skip_dag.py took 0.160 seconds
[2023-04-16T18:01:22.205+0000] {processor.py:153} INFO - Started process (PID=247) to work on /home/airflow/.local/lib/python3.7/site-packages/airflow/example_dags/example_skip_dag.py
[2023-04-16T18:01:22.207+0000] {processor.py:743} INFO - Processing file /home/airflow/.local/lib/python3.7/site-packages/airflow/example_dags/example_skip_dag.py for tasks to queue
[2023-04-16T18:01:22.207+0000] {logging_mixin.py:137} INFO - [2023-04-16T18:01:22.207+0000] {dagbag.py:532} INFO - Filling up the DagBag from /home/airflow/.local/lib/python3.7/site-packages/airflow/example_dags/example_skip_dag.py
[2023-04-16T18:01:22.228+0000] {processor.py:753} INFO - DAG(s) dict_keys(['example_skip_dag']) retrieved from /home/airflow/.local/lib/python3.7/site-packages/airflow/example_dags/example_skip_dag.py
[2023-04-16T18:01:22.267+0000] {logging_mixin.py:137} INFO - [2023-04-16T18:01:22.267+0000] {dag.py:2705} INFO - Sync 1 DAGs
[2023-04-16T18:01:22.303+0000] {logging_mixin.py:137} INFO - [2023-04-16T18:01:22.303+0000] {dag.py:3456} INFO - Setting next_dagrun for example_skip_dag to 2023-04-15T18:01:22.303076+00:00, run_after=2023-04-16T18:01:22.303076+00:00
[2023-04-16T18:01:22.334+0000] {processor.py:175} INFO - Processing /home/airflow/.local/lib/python3.7/site-packages/airflow/example_dags/example_skip_dag.py took 0.134 seconds
[2023-04-16T18:01:52.379+0000] {processor.py:153} INFO - Started process (PID=296) to work on /home/airflow/.local/lib/python3.7/site-packages/airflow/example_dags/example_skip_dag.py
[2023-04-16T18:01:52.381+0000] {processor.py:743} INFO - Processing file /home/airflow/.local/lib/python3.7/site-packages/airflow/example_dags/example_skip_dag.py for tasks to queue
[2023-04-16T18:01:52.382+0000] {logging_mixin.py:137} INFO - [2023-04-16T18:01:52.382+0000] {dagbag.py:532} INFO - Filling up the DagBag from /home/airflow/.local/lib/python3.7/site-packages/airflow/example_dags/example_skip_dag.py
[2023-04-16T18:01:52.403+0000] {processor.py:753} INFO - DAG(s) dict_keys(['example_skip_dag']) retrieved from /home/airflow/.local/lib/python3.7/site-packages/airflow/example_dags/example_skip_dag.py
[2023-04-16T18:01:52.450+0000] {logging_mixin.py:137} INFO - [2023-04-16T18:01:52.450+0000] {dag.py:2705} INFO - Sync 1 DAGs
[2023-04-16T18:01:52.504+0000] {logging_mixin.py:137} INFO - [2023-04-16T18:01:52.504+0000] {dag.py:3456} INFO - Setting next_dagrun for example_skip_dag to 2023-04-15T18:01:52.503629+00:00, run_after=2023-04-16T18:01:52.503629+00:00
[2023-04-16T18:01:52.541+0000] {processor.py:175} INFO - Processing /home/airflow/.local/lib/python3.7/site-packages/airflow/example_dags/example_skip_dag.py took 0.168 seconds
[2023-04-16T18:02:22.816+0000] {processor.py:153} INFO - Started process (PID=347) to work on /home/airflow/.local/lib/python3.7/site-packages/airflow/example_dags/example_skip_dag.py
[2023-04-16T18:02:22.818+0000] {processor.py:743} INFO - Processing file /home/airflow/.local/lib/python3.7/site-packages/airflow/example_dags/example_skip_dag.py for tasks to queue
[2023-04-16T18:02:22.819+0000] {logging_mixin.py:137} INFO - [2023-04-16T18:02:22.818+0000] {dagbag.py:532} INFO - Filling up the DagBag from /home/airflow/.local/lib/python3.7/site-packages/airflow/example_dags/example_skip_dag.py
[2023-04-16T18:02:22.839+0000] {processor.py:753} INFO - DAG(s) dict_keys(['example_skip_dag']) retrieved from /home/airflow/.local/lib/python3.7/site-packages/airflow/example_dags/example_skip_dag.py
[2023-04-16T18:02:22.879+0000] {logging_mixin.py:137} INFO - [2023-04-16T18:02:22.879+0000] {dag.py:2705} INFO - Sync 1 DAGs
[2023-04-16T18:02:22.916+0000] {logging_mixin.py:137} INFO - [2023-04-16T18:02:22.915+0000] {dag.py:3456} INFO - Setting next_dagrun for example_skip_dag to 2023-04-15T18:02:22.915545+00:00, run_after=2023-04-16T18:02:22.915545+00:00
[2023-04-16T18:02:22.941+0000] {processor.py:175} INFO - Processing /home/airflow/.local/lib/python3.7/site-packages/airflow/example_dags/example_skip_dag.py took 0.131 seconds
[2023-04-16T18:02:53.844+0000] {processor.py:153} INFO - Started process (PID=399) to work on /home/airflow/.local/lib/python3.7/site-packages/airflow/example_dags/example_skip_dag.py
[2023-04-16T18:02:53.845+0000] {processor.py:743} INFO - Processing file /home/airflow/.local/lib/python3.7/site-packages/airflow/example_dags/example_skip_dag.py for tasks to queue
[2023-04-16T18:02:53.846+0000] {logging_mixin.py:137} INFO - [2023-04-16T18:02:53.846+0000] {dagbag.py:532} INFO - Filling up the DagBag from /home/airflow/.local/lib/python3.7/site-packages/airflow/example_dags/example_skip_dag.py
[2023-04-16T18:02:53.866+0000] {processor.py:753} INFO - DAG(s) dict_keys(['example_skip_dag']) retrieved from /home/airflow/.local/lib/python3.7/site-packages/airflow/example_dags/example_skip_dag.py
[2023-04-16T18:02:53.905+0000] {logging_mixin.py:137} INFO - [2023-04-16T18:02:53.905+0000] {dag.py:2705} INFO - Sync 1 DAGs
[2023-04-16T18:02:53.941+0000] {logging_mixin.py:137} INFO - [2023-04-16T18:02:53.940+0000] {dag.py:3456} INFO - Setting next_dagrun for example_skip_dag to 2023-04-15T18:02:53.940488+00:00, run_after=2023-04-16T18:02:53.940488+00:00
[2023-04-16T18:02:53.964+0000] {processor.py:175} INFO - Processing /home/airflow/.local/lib/python3.7/site-packages/airflow/example_dags/example_skip_dag.py took 0.126 seconds
[2023-04-16T18:03:24.500+0000] {processor.py:153} INFO - Started process (PID=449) to work on /home/airflow/.local/lib/python3.7/site-packages/airflow/example_dags/example_skip_dag.py
[2023-04-16T18:03:24.502+0000] {processor.py:743} INFO - Processing file /home/airflow/.local/lib/python3.7/site-packages/airflow/example_dags/example_skip_dag.py for tasks to queue
[2023-04-16T18:03:24.503+0000] {logging_mixin.py:137} INFO - [2023-04-16T18:03:24.503+0000] {dagbag.py:532} INFO - Filling up the DagBag from /home/airflow/.local/lib/python3.7/site-packages/airflow/example_dags/example_skip_dag.py
[2023-04-16T18:03:24.532+0000] {processor.py:753} INFO - DAG(s) dict_keys(['example_skip_dag']) retrieved from /home/airflow/.local/lib/python3.7/site-packages/airflow/example_dags/example_skip_dag.py
[2023-04-16T18:03:24.579+0000] {logging_mixin.py:137} INFO - [2023-04-16T18:03:24.578+0000] {dag.py:2705} INFO - Sync 1 DAGs
[2023-04-16T18:03:24.636+0000] {logging_mixin.py:137} INFO - [2023-04-16T18:03:24.635+0000] {dag.py:3456} INFO - Setting next_dagrun for example_skip_dag to 2023-04-15T18:03:24.635467+00:00, run_after=2023-04-16T18:03:24.635467+00:00
[2023-04-16T18:03:24.660+0000] {processor.py:175} INFO - Processing /home/airflow/.local/lib/python3.7/site-packages/airflow/example_dags/example_skip_dag.py took 0.168 seconds
[2023-04-16T18:03:54.828+0000] {processor.py:153} INFO - Started process (PID=498) to work on /home/airflow/.local/lib/python3.7/site-packages/airflow/example_dags/example_skip_dag.py
[2023-04-16T18:03:54.829+0000] {processor.py:743} INFO - Processing file /home/airflow/.local/lib/python3.7/site-packages/airflow/example_dags/example_skip_dag.py for tasks to queue
[2023-04-16T18:03:54.830+0000] {logging_mixin.py:137} INFO - [2023-04-16T18:03:54.830+0000] {dagbag.py:532} INFO - Filling up the DagBag from /home/airflow/.local/lib/python3.7/site-packages/airflow/example_dags/example_skip_dag.py
[2023-04-16T18:03:54.850+0000] {processor.py:753} INFO - DAG(s) dict_keys(['example_skip_dag']) retrieved from /home/airflow/.local/lib/python3.7/site-packages/airflow/example_dags/example_skip_dag.py
[2023-04-16T18:03:54.888+0000] {logging_mixin.py:137} INFO - [2023-04-16T18:03:54.888+0000] {dag.py:2705} INFO - Sync 1 DAGs
[2023-04-16T18:03:54.930+0000] {logging_mixin.py:137} INFO - [2023-04-16T18:03:54.930+0000] {dag.py:3456} INFO - Setting next_dagrun for example_skip_dag to 2023-04-15T18:03:54.929986+00:00, run_after=2023-04-16T18:03:54.929986+00:00
[2023-04-16T18:03:54.956+0000] {processor.py:175} INFO - Processing /home/airflow/.local/lib/python3.7/site-packages/airflow/example_dags/example_skip_dag.py took 0.133 seconds
[2023-04-16T18:04:25.149+0000] {processor.py:153} INFO - Started process (PID=548) to work on /home/airflow/.local/lib/python3.7/site-packages/airflow/example_dags/example_skip_dag.py
[2023-04-16T18:04:25.151+0000] {processor.py:743} INFO - Processing file /home/airflow/.local/lib/python3.7/site-packages/airflow/example_dags/example_skip_dag.py for tasks to queue
[2023-04-16T18:04:25.152+0000] {logging_mixin.py:137} INFO - [2023-04-16T18:04:25.151+0000] {dagbag.py:532} INFO - Filling up the DagBag from /home/airflow/.local/lib/python3.7/site-packages/airflow/example_dags/example_skip_dag.py
[2023-04-16T18:04:25.172+0000] {processor.py:753} INFO - DAG(s) dict_keys(['example_skip_dag']) retrieved from /home/airflow/.local/lib/python3.7/site-packages/airflow/example_dags/example_skip_dag.py
[2023-04-16T18:04:25.211+0000] {logging_mixin.py:137} INFO - [2023-04-16T18:04:25.210+0000] {dag.py:2705} INFO - Sync 1 DAGs
[2023-04-16T18:04:25.248+0000] {logging_mixin.py:137} INFO - [2023-04-16T18:04:25.248+0000] {dag.py:3456} INFO - Setting next_dagrun for example_skip_dag to 2023-04-15T18:04:25.247812+00:00, run_after=2023-04-16T18:04:25.247812+00:00
[2023-04-16T18:04:25.272+0000] {processor.py:175} INFO - Processing /home/airflow/.local/lib/python3.7/site-packages/airflow/example_dags/example_skip_dag.py took 0.129 seconds
[2023-04-16T18:04:55.471+0000] {processor.py:153} INFO - Started process (PID=597) to work on /home/airflow/.local/lib/python3.7/site-packages/airflow/example_dags/example_skip_dag.py
[2023-04-16T18:04:55.473+0000] {processor.py:743} INFO - Processing file /home/airflow/.local/lib/python3.7/site-packages/airflow/example_dags/example_skip_dag.py for tasks to queue
[2023-04-16T18:04:55.474+0000] {logging_mixin.py:137} INFO - [2023-04-16T18:04:55.474+0000] {dagbag.py:532} INFO - Filling up the DagBag from /home/airflow/.local/lib/python3.7/site-packages/airflow/example_dags/example_skip_dag.py
[2023-04-16T18:04:55.495+0000] {processor.py:753} INFO - DAG(s) dict_keys(['example_skip_dag']) retrieved from /home/airflow/.local/lib/python3.7/site-packages/airflow/example_dags/example_skip_dag.py
[2023-04-16T18:04:55.533+0000] {logging_mixin.py:137} INFO - [2023-04-16T18:04:55.533+0000] {dag.py:2705} INFO - Sync 1 DAGs
[2023-04-16T18:04:55.573+0000] {logging_mixin.py:137} INFO - [2023-04-16T18:04:55.572+0000] {dag.py:3456} INFO - Setting next_dagrun for example_skip_dag to 2023-04-15T18:04:55.572472+00:00, run_after=2023-04-16T18:04:55.572472+00:00
[2023-04-16T18:04:55.604+0000] {processor.py:175} INFO - Processing /home/airflow/.local/lib/python3.7/site-packages/airflow/example_dags/example_skip_dag.py took 0.139 seconds
[2023-04-16T18:05:25.785+0000] {processor.py:153} INFO - Started process (PID=647) to work on /home/airflow/.local/lib/python3.7/site-packages/airflow/example_dags/example_skip_dag.py
[2023-04-16T18:05:25.786+0000] {processor.py:743} INFO - Processing file /home/airflow/.local/lib/python3.7/site-packages/airflow/example_dags/example_skip_dag.py for tasks to queue
[2023-04-16T18:05:25.787+0000] {logging_mixin.py:137} INFO - [2023-04-16T18:05:25.787+0000] {dagbag.py:532} INFO - Filling up the DagBag from /home/airflow/.local/lib/python3.7/site-packages/airflow/example_dags/example_skip_dag.py
[2023-04-16T18:05:25.807+0000] {processor.py:753} INFO - DAG(s) dict_keys(['example_skip_dag']) retrieved from /home/airflow/.local/lib/python3.7/site-packages/airflow/example_dags/example_skip_dag.py
[2023-04-16T18:05:25.845+0000] {logging_mixin.py:137} INFO - [2023-04-16T18:05:25.845+0000] {dag.py:2705} INFO - Sync 1 DAGs
[2023-04-16T18:05:25.882+0000] {logging_mixin.py:137} INFO - [2023-04-16T18:05:25.881+0000] {dag.py:3456} INFO - Setting next_dagrun for example_skip_dag to 2023-04-15T18:05:25.881519+00:00, run_after=2023-04-16T18:05:25.881519+00:00
[2023-04-16T18:05:25.906+0000] {processor.py:175} INFO - Processing /home/airflow/.local/lib/python3.7/site-packages/airflow/example_dags/example_skip_dag.py took 0.127 seconds
[2023-04-16T18:05:56.062+0000] {processor.py:153} INFO - Started process (PID=696) to work on /home/airflow/.local/lib/python3.7/site-packages/airflow/example_dags/example_skip_dag.py
[2023-04-16T18:05:56.063+0000] {processor.py:743} INFO - Processing file /home/airflow/.local/lib/python3.7/site-packages/airflow/example_dags/example_skip_dag.py for tasks to queue
[2023-04-16T18:05:56.064+0000] {logging_mixin.py:137} INFO - [2023-04-16T18:05:56.064+0000] {dagbag.py:532} INFO - Filling up the DagBag from /home/airflow/.local/lib/python3.7/site-packages/airflow/example_dags/example_skip_dag.py
[2023-04-16T18:05:56.084+0000] {processor.py:753} INFO - DAG(s) dict_keys(['example_skip_dag']) retrieved from /home/airflow/.local/lib/python3.7/site-packages/airflow/example_dags/example_skip_dag.py
[2023-04-16T18:05:56.122+0000] {logging_mixin.py:137} INFO - [2023-04-16T18:05:56.122+0000] {dag.py:2705} INFO - Sync 1 DAGs
[2023-04-16T18:05:56.158+0000] {logging_mixin.py:137} INFO - [2023-04-16T18:05:56.158+0000] {dag.py:3456} INFO - Setting next_dagrun for example_skip_dag to 2023-04-15T18:05:56.158256+00:00, run_after=2023-04-16T18:05:56.158256+00:00
[2023-04-16T18:05:56.183+0000] {processor.py:175} INFO - Processing /home/airflow/.local/lib/python3.7/site-packages/airflow/example_dags/example_skip_dag.py took 0.126 seconds
[2023-04-16T18:06:26.314+0000] {processor.py:153} INFO - Started process (PID=745) to work on /home/airflow/.local/lib/python3.7/site-packages/airflow/example_dags/example_skip_dag.py
[2023-04-16T18:06:26.316+0000] {processor.py:743} INFO - Processing file /home/airflow/.local/lib/python3.7/site-packages/airflow/example_dags/example_skip_dag.py for tasks to queue
[2023-04-16T18:06:26.317+0000] {logging_mixin.py:137} INFO - [2023-04-16T18:06:26.317+0000] {dagbag.py:532} INFO - Filling up the DagBag from /home/airflow/.local/lib/python3.7/site-packages/airflow/example_dags/example_skip_dag.py
[2023-04-16T18:06:26.336+0000] {processor.py:753} INFO - DAG(s) dict_keys(['example_skip_dag']) retrieved from /home/airflow/.local/lib/python3.7/site-packages/airflow/example_dags/example_skip_dag.py
[2023-04-16T18:06:26.373+0000] {logging_mixin.py:137} INFO - [2023-04-16T18:06:26.373+0000] {dag.py:2705} INFO - Sync 1 DAGs
[2023-04-16T18:06:26.412+0000] {logging_mixin.py:137} INFO - [2023-04-16T18:06:26.412+0000] {dag.py:3456} INFO - Setting next_dagrun for example_skip_dag to 2023-04-15T18:06:26.411674+00:00, run_after=2023-04-16T18:06:26.411674+00:00
[2023-04-16T18:06:26.445+0000] {processor.py:175} INFO - Processing /home/airflow/.local/lib/python3.7/site-packages/airflow/example_dags/example_skip_dag.py took 0.137 seconds
[2023-04-16T18:06:56.655+0000] {processor.py:153} INFO - Started process (PID=794) to work on /home/airflow/.local/lib/python3.7/site-packages/airflow/example_dags/example_skip_dag.py
[2023-04-16T18:06:56.657+0000] {processor.py:743} INFO - Processing file /home/airflow/.local/lib/python3.7/site-packages/airflow/example_dags/example_skip_dag.py for tasks to queue
[2023-04-16T18:06:56.658+0000] {logging_mixin.py:137} INFO - [2023-04-16T18:06:56.658+0000] {dagbag.py:532} INFO - Filling up the DagBag from /home/airflow/.local/lib/python3.7/site-packages/airflow/example_dags/example_skip_dag.py
[2023-04-16T18:06:56.679+0000] {processor.py:753} INFO - DAG(s) dict_keys(['example_skip_dag']) retrieved from /home/airflow/.local/lib/python3.7/site-packages/airflow/example_dags/example_skip_dag.py
[2023-04-16T18:06:56.719+0000] {logging_mixin.py:137} INFO - [2023-04-16T18:06:56.719+0000] {dag.py:2705} INFO - Sync 1 DAGs
[2023-04-16T18:06:56.757+0000] {logging_mixin.py:137} INFO - [2023-04-16T18:06:56.757+0000] {dag.py:3456} INFO - Setting next_dagrun for example_skip_dag to 2023-04-15T18:06:56.757133+00:00, run_after=2023-04-16T18:06:56.757133+00:00
[2023-04-16T18:06:56.785+0000] {processor.py:175} INFO - Processing /home/airflow/.local/lib/python3.7/site-packages/airflow/example_dags/example_skip_dag.py took 0.136 seconds
[2023-04-16T18:07:26.915+0000] {processor.py:153} INFO - Started process (PID=844) to work on /home/airflow/.local/lib/python3.7/site-packages/airflow/example_dags/example_skip_dag.py
[2023-04-16T18:07:26.917+0000] {processor.py:743} INFO - Processing file /home/airflow/.local/lib/python3.7/site-packages/airflow/example_dags/example_skip_dag.py for tasks to queue
[2023-04-16T18:07:26.918+0000] {logging_mixin.py:137} INFO - [2023-04-16T18:07:26.918+0000] {dagbag.py:532} INFO - Filling up the DagBag from /home/airflow/.local/lib/python3.7/site-packages/airflow/example_dags/example_skip_dag.py
[2023-04-16T18:07:26.945+0000] {processor.py:753} INFO - DAG(s) dict_keys(['example_skip_dag']) retrieved from /home/airflow/.local/lib/python3.7/site-packages/airflow/example_dags/example_skip_dag.py
[2023-04-16T18:07:26.985+0000] {logging_mixin.py:137} INFO - [2023-04-16T18:07:26.985+0000] {dag.py:2705} INFO - Sync 1 DAGs
[2023-04-16T18:07:27.031+0000] {logging_mixin.py:137} INFO - [2023-04-16T18:07:27.031+0000] {dag.py:3456} INFO - Setting next_dagrun for example_skip_dag to 2023-04-15T18:07:27.030629+00:00, run_after=2023-04-16T18:07:27.030629+00:00
[2023-04-16T18:07:27.060+0000] {processor.py:175} INFO - Processing /home/airflow/.local/lib/python3.7/site-packages/airflow/example_dags/example_skip_dag.py took 0.150 seconds
[2023-04-16T18:07:57.161+0000] {processor.py:153} INFO - Started process (PID=893) to work on /home/airflow/.local/lib/python3.7/site-packages/airflow/example_dags/example_skip_dag.py
[2023-04-16T18:07:57.162+0000] {processor.py:743} INFO - Processing file /home/airflow/.local/lib/python3.7/site-packages/airflow/example_dags/example_skip_dag.py for tasks to queue
[2023-04-16T18:07:57.163+0000] {logging_mixin.py:137} INFO - [2023-04-16T18:07:57.162+0000] {dagbag.py:532} INFO - Filling up the DagBag from /home/airflow/.local/lib/python3.7/site-packages/airflow/example_dags/example_skip_dag.py
[2023-04-16T18:07:57.182+0000] {processor.py:753} INFO - DAG(s) dict_keys(['example_skip_dag']) retrieved from /home/airflow/.local/lib/python3.7/site-packages/airflow/example_dags/example_skip_dag.py
[2023-04-16T18:07:57.221+0000] {logging_mixin.py:137} INFO - [2023-04-16T18:07:57.221+0000] {dag.py:2705} INFO - Sync 1 DAGs
[2023-04-16T18:07:57.269+0000] {logging_mixin.py:137} INFO - [2023-04-16T18:07:57.268+0000] {dag.py:3456} INFO - Setting next_dagrun for example_skip_dag to 2023-04-15T18:07:57.268446+00:00, run_after=2023-04-16T18:07:57.268446+00:00
[2023-04-16T18:07:57.304+0000] {processor.py:175} INFO - Processing /home/airflow/.local/lib/python3.7/site-packages/airflow/example_dags/example_skip_dag.py took 0.149 seconds
[2023-04-16T18:08:27.421+0000] {processor.py:153} INFO - Started process (PID=942) to work on /home/airflow/.local/lib/python3.7/site-packages/airflow/example_dags/example_skip_dag.py
[2023-04-16T18:08:27.423+0000] {processor.py:743} INFO - Processing file /home/airflow/.local/lib/python3.7/site-packages/airflow/example_dags/example_skip_dag.py for tasks to queue
[2023-04-16T18:08:27.425+0000] {logging_mixin.py:137} INFO - [2023-04-16T18:08:27.424+0000] {dagbag.py:532} INFO - Filling up the DagBag from /home/airflow/.local/lib/python3.7/site-packages/airflow/example_dags/example_skip_dag.py
[2023-04-16T18:08:27.447+0000] {processor.py:753} INFO - DAG(s) dict_keys(['example_skip_dag']) retrieved from /home/airflow/.local/lib/python3.7/site-packages/airflow/example_dags/example_skip_dag.py
[2023-04-16T18:08:27.485+0000] {logging_mixin.py:137} INFO - [2023-04-16T18:08:27.485+0000] {dag.py:2705} INFO - Sync 1 DAGs
[2023-04-16T18:08:27.527+0000] {logging_mixin.py:137} INFO - [2023-04-16T18:08:27.527+0000] {dag.py:3456} INFO - Setting next_dagrun for example_skip_dag to 2023-04-15T18:08:27.527098+00:00, run_after=2023-04-16T18:08:27.527098+00:00
[2023-04-16T18:08:27.552+0000] {processor.py:175} INFO - Processing /home/airflow/.local/lib/python3.7/site-packages/airflow/example_dags/example_skip_dag.py took 0.138 seconds
[2023-04-16T18:08:57.667+0000] {processor.py:153} INFO - Started process (PID=992) to work on /home/airflow/.local/lib/python3.7/site-packages/airflow/example_dags/example_skip_dag.py
[2023-04-16T18:08:57.668+0000] {processor.py:743} INFO - Processing file /home/airflow/.local/lib/python3.7/site-packages/airflow/example_dags/example_skip_dag.py for tasks to queue
[2023-04-16T18:08:57.669+0000] {logging_mixin.py:137} INFO - [2023-04-16T18:08:57.669+0000] {dagbag.py:532} INFO - Filling up the DagBag from /home/airflow/.local/lib/python3.7/site-packages/airflow/example_dags/example_skip_dag.py
[2023-04-16T18:08:57.689+0000] {processor.py:753} INFO - DAG(s) dict_keys(['example_skip_dag']) retrieved from /home/airflow/.local/lib/python3.7/site-packages/airflow/example_dags/example_skip_dag.py
[2023-04-16T18:08:57.729+0000] {logging_mixin.py:137} INFO - [2023-04-16T18:08:57.729+0000] {dag.py:2705} INFO - Sync 1 DAGs
[2023-04-16T18:08:57.771+0000] {logging_mixin.py:137} INFO - [2023-04-16T18:08:57.771+0000] {dag.py:3456} INFO - Setting next_dagrun for example_skip_dag to 2023-04-15T18:08:57.771233+00:00, run_after=2023-04-16T18:08:57.771233+00:00
[2023-04-16T18:08:57.796+0000] {processor.py:175} INFO - Processing /home/airflow/.local/lib/python3.7/site-packages/airflow/example_dags/example_skip_dag.py took 0.135 seconds
[2023-04-16T18:09:28.071+0000] {processor.py:153} INFO - Started process (PID=1041) to work on /home/airflow/.local/lib/python3.7/site-packages/airflow/example_dags/example_skip_dag.py
[2023-04-16T18:09:28.073+0000] {processor.py:743} INFO - Processing file /home/airflow/.local/lib/python3.7/site-packages/airflow/example_dags/example_skip_dag.py for tasks to queue
[2023-04-16T18:09:28.074+0000] {logging_mixin.py:137} INFO - [2023-04-16T18:09:28.074+0000] {dagbag.py:532} INFO - Filling up the DagBag from /home/airflow/.local/lib/python3.7/site-packages/airflow/example_dags/example_skip_dag.py
[2023-04-16T18:09:28.103+0000] {processor.py:753} INFO - DAG(s) dict_keys(['example_skip_dag']) retrieved from /home/airflow/.local/lib/python3.7/site-packages/airflow/example_dags/example_skip_dag.py
[2023-04-16T18:09:28.144+0000] {logging_mixin.py:137} INFO - [2023-04-16T18:09:28.144+0000] {dag.py:2705} INFO - Sync 1 DAGs
[2023-04-16T18:09:28.179+0000] {logging_mixin.py:137} INFO - [2023-04-16T18:09:28.179+0000] {dag.py:3456} INFO - Setting next_dagrun for example_skip_dag to 2023-04-15T18:09:28.178708+00:00, run_after=2023-04-16T18:09:28.178708+00:00
[2023-04-16T18:09:28.208+0000] {processor.py:175} INFO - Processing /home/airflow/.local/lib/python3.7/site-packages/airflow/example_dags/example_skip_dag.py took 0.144 seconds
[2023-04-16T18:09:58.685+0000] {processor.py:153} INFO - Started process (PID=1092) to work on /home/airflow/.local/lib/python3.7/site-packages/airflow/example_dags/example_skip_dag.py
[2023-04-16T18:09:58.687+0000] {processor.py:743} INFO - Processing file /home/airflow/.local/lib/python3.7/site-packages/airflow/example_dags/example_skip_dag.py for tasks to queue
[2023-04-16T18:09:58.688+0000] {logging_mixin.py:137} INFO - [2023-04-16T18:09:58.687+0000] {dagbag.py:532} INFO - Filling up the DagBag from /home/airflow/.local/lib/python3.7/site-packages/airflow/example_dags/example_skip_dag.py
[2023-04-16T18:09:58.708+0000] {processor.py:753} INFO - DAG(s) dict_keys(['example_skip_dag']) retrieved from /home/airflow/.local/lib/python3.7/site-packages/airflow/example_dags/example_skip_dag.py
[2023-04-16T18:09:58.753+0000] {logging_mixin.py:137} INFO - [2023-04-16T18:09:58.753+0000] {dag.py:2705} INFO - Sync 1 DAGs
[2023-04-16T18:09:58.789+0000] {logging_mixin.py:137} INFO - [2023-04-16T18:09:58.789+0000] {dag.py:3456} INFO - Setting next_dagrun for example_skip_dag to 2023-04-15T18:09:58.788780+00:00, run_after=2023-04-16T18:09:58.788780+00:00
[2023-04-16T18:09:58.813+0000] {processor.py:175} INFO - Processing /home/airflow/.local/lib/python3.7/site-packages/airflow/example_dags/example_skip_dag.py took 0.133 seconds
[2023-04-16T18:10:29.561+0000] {processor.py:153} INFO - Started process (PID=1142) to work on /home/airflow/.local/lib/python3.7/site-packages/airflow/example_dags/example_skip_dag.py
[2023-04-16T18:10:29.563+0000] {processor.py:743} INFO - Processing file /home/airflow/.local/lib/python3.7/site-packages/airflow/example_dags/example_skip_dag.py for tasks to queue
[2023-04-16T18:10:29.564+0000] {logging_mixin.py:137} INFO - [2023-04-16T18:10:29.563+0000] {dagbag.py:532} INFO - Filling up the DagBag from /home/airflow/.local/lib/python3.7/site-packages/airflow/example_dags/example_skip_dag.py
[2023-04-16T18:10:29.584+0000] {processor.py:753} INFO - DAG(s) dict_keys(['example_skip_dag']) retrieved from /home/airflow/.local/lib/python3.7/site-packages/airflow/example_dags/example_skip_dag.py
[2023-04-16T18:10:29.622+0000] {logging_mixin.py:137} INFO - [2023-04-16T18:10:29.621+0000] {dag.py:2705} INFO - Sync 1 DAGs
[2023-04-16T18:10:29.666+0000] {logging_mixin.py:137} INFO - [2023-04-16T18:10:29.665+0000] {dag.py:3456} INFO - Setting next_dagrun for example_skip_dag to 2023-04-15T18:10:29.665234+00:00, run_after=2023-04-16T18:10:29.665234+00:00
[2023-04-16T18:10:29.694+0000] {processor.py:175} INFO - Processing /home/airflow/.local/lib/python3.7/site-packages/airflow/example_dags/example_skip_dag.py took 0.139 seconds
[2023-04-16T18:11:00.316+0000] {processor.py:153} INFO - Started process (PID=1192) to work on /home/airflow/.local/lib/python3.7/site-packages/airflow/example_dags/example_skip_dag.py
[2023-04-16T18:11:00.317+0000] {processor.py:743} INFO - Processing file /home/airflow/.local/lib/python3.7/site-packages/airflow/example_dags/example_skip_dag.py for tasks to queue
[2023-04-16T18:11:00.318+0000] {logging_mixin.py:137} INFO - [2023-04-16T18:11:00.318+0000] {dagbag.py:532} INFO - Filling up the DagBag from /home/airflow/.local/lib/python3.7/site-packages/airflow/example_dags/example_skip_dag.py
[2023-04-16T18:11:00.347+0000] {processor.py:753} INFO - DAG(s) dict_keys(['example_skip_dag']) retrieved from /home/airflow/.local/lib/python3.7/site-packages/airflow/example_dags/example_skip_dag.py
[2023-04-16T18:11:00.386+0000] {logging_mixin.py:137} INFO - [2023-04-16T18:11:00.386+0000] {dag.py:2705} INFO - Sync 1 DAGs
[2023-04-16T18:11:00.430+0000] {logging_mixin.py:137} INFO - [2023-04-16T18:11:00.429+0000] {dag.py:3456} INFO - Setting next_dagrun for example_skip_dag to 2023-04-15T18:11:00.429191+00:00, run_after=2023-04-16T18:11:00.429191+00:00
[2023-04-16T18:11:00.456+0000] {processor.py:175} INFO - Processing /home/airflow/.local/lib/python3.7/site-packages/airflow/example_dags/example_skip_dag.py took 0.148 seconds
[2023-04-16T18:11:31.113+0000] {processor.py:153} INFO - Started process (PID=1243) to work on /home/airflow/.local/lib/python3.7/site-packages/airflow/example_dags/example_skip_dag.py
[2023-04-16T18:11:31.114+0000] {processor.py:743} INFO - Processing file /home/airflow/.local/lib/python3.7/site-packages/airflow/example_dags/example_skip_dag.py for tasks to queue
[2023-04-16T18:11:31.115+0000] {logging_mixin.py:137} INFO - [2023-04-16T18:11:31.115+0000] {dagbag.py:532} INFO - Filling up the DagBag from /home/airflow/.local/lib/python3.7/site-packages/airflow/example_dags/example_skip_dag.py
[2023-04-16T18:11:31.136+0000] {processor.py:753} INFO - DAG(s) dict_keys(['example_skip_dag']) retrieved from /home/airflow/.local/lib/python3.7/site-packages/airflow/example_dags/example_skip_dag.py
[2023-04-16T18:11:31.175+0000] {logging_mixin.py:137} INFO - [2023-04-16T18:11:31.174+0000] {dag.py:2705} INFO - Sync 1 DAGs
[2023-04-16T18:11:31.210+0000] {logging_mixin.py:137} INFO - [2023-04-16T18:11:31.210+0000] {dag.py:3456} INFO - Setting next_dagrun for example_skip_dag to 2023-04-15T18:11:31.209667+00:00, run_after=2023-04-16T18:11:31.209667+00:00
[2023-04-16T18:11:31.235+0000] {processor.py:175} INFO - Processing /home/airflow/.local/lib/python3.7/site-packages/airflow/example_dags/example_skip_dag.py took 0.128 seconds
[2023-04-16T18:12:01.779+0000] {processor.py:153} INFO - Started process (PID=1293) to work on /home/airflow/.local/lib/python3.7/site-packages/airflow/example_dags/example_skip_dag.py
[2023-04-16T18:12:01.780+0000] {processor.py:743} INFO - Processing file /home/airflow/.local/lib/python3.7/site-packages/airflow/example_dags/example_skip_dag.py for tasks to queue
[2023-04-16T18:12:01.781+0000] {logging_mixin.py:137} INFO - [2023-04-16T18:12:01.780+0000] {dagbag.py:532} INFO - Filling up the DagBag from /home/airflow/.local/lib/python3.7/site-packages/airflow/example_dags/example_skip_dag.py
[2023-04-16T18:12:01.801+0000] {processor.py:753} INFO - DAG(s) dict_keys(['example_skip_dag']) retrieved from /home/airflow/.local/lib/python3.7/site-packages/airflow/example_dags/example_skip_dag.py
[2023-04-16T18:12:01.851+0000] {logging_mixin.py:137} INFO - [2023-04-16T18:12:01.851+0000] {dag.py:2705} INFO - Sync 1 DAGs
[2023-04-16T18:12:01.887+0000] {logging_mixin.py:137} INFO - [2023-04-16T18:12:01.886+0000] {dag.py:3456} INFO - Setting next_dagrun for example_skip_dag to 2023-04-15T18:12:01.886629+00:00, run_after=2023-04-16T18:12:01.886629+00:00
[2023-04-16T18:12:01.913+0000] {processor.py:175} INFO - Processing /home/airflow/.local/lib/python3.7/site-packages/airflow/example_dags/example_skip_dag.py took 0.140 seconds
[2023-04-16T18:12:32.412+0000] {processor.py:153} INFO - Started process (PID=1343) to work on /home/airflow/.local/lib/python3.7/site-packages/airflow/example_dags/example_skip_dag.py
[2023-04-16T18:12:32.414+0000] {processor.py:743} INFO - Processing file /home/airflow/.local/lib/python3.7/site-packages/airflow/example_dags/example_skip_dag.py for tasks to queue
[2023-04-16T18:12:32.415+0000] {logging_mixin.py:137} INFO - [2023-04-16T18:12:32.414+0000] {dagbag.py:532} INFO - Filling up the DagBag from /home/airflow/.local/lib/python3.7/site-packages/airflow/example_dags/example_skip_dag.py
[2023-04-16T18:12:32.436+0000] {processor.py:753} INFO - DAG(s) dict_keys(['example_skip_dag']) retrieved from /home/airflow/.local/lib/python3.7/site-packages/airflow/example_dags/example_skip_dag.py
[2023-04-16T18:12:32.482+0000] {logging_mixin.py:137} INFO - [2023-04-16T18:12:32.482+0000] {dag.py:2705} INFO - Sync 1 DAGs
[2023-04-16T18:12:32.522+0000] {logging_mixin.py:137} INFO - [2023-04-16T18:12:32.522+0000] {dag.py:3456} INFO - Setting next_dagrun for example_skip_dag to 2023-04-15T18:12:32.522091+00:00, run_after=2023-04-16T18:12:32.522091+00:00
[2023-04-16T18:12:32.550+0000] {processor.py:175} INFO - Processing /home/airflow/.local/lib/python3.7/site-packages/airflow/example_dags/example_skip_dag.py took 0.144 seconds
[2023-04-16T18:13:03.077+0000] {processor.py:153} INFO - Started process (PID=1393) to work on /home/airflow/.local/lib/python3.7/site-packages/airflow/example_dags/example_skip_dag.py
[2023-04-16T18:13:03.078+0000] {processor.py:743} INFO - Processing file /home/airflow/.local/lib/python3.7/site-packages/airflow/example_dags/example_skip_dag.py for tasks to queue
[2023-04-16T18:13:03.079+0000] {logging_mixin.py:137} INFO - [2023-04-16T18:13:03.079+0000] {dagbag.py:532} INFO - Filling up the DagBag from /home/airflow/.local/lib/python3.7/site-packages/airflow/example_dags/example_skip_dag.py
[2023-04-16T18:13:03.099+0000] {processor.py:753} INFO - DAG(s) dict_keys(['example_skip_dag']) retrieved from /home/airflow/.local/lib/python3.7/site-packages/airflow/example_dags/example_skip_dag.py
[2023-04-16T18:13:03.137+0000] {logging_mixin.py:137} INFO - [2023-04-16T18:13:03.137+0000] {dag.py:2705} INFO - Sync 1 DAGs
[2023-04-16T18:13:03.181+0000] {logging_mixin.py:137} INFO - [2023-04-16T18:13:03.181+0000] {dag.py:3456} INFO - Setting next_dagrun for example_skip_dag to 2023-04-15T18:13:03.181073+00:00, run_after=2023-04-16T18:13:03.181073+00:00
[2023-04-16T18:13:03.207+0000] {processor.py:175} INFO - Processing /home/airflow/.local/lib/python3.7/site-packages/airflow/example_dags/example_skip_dag.py took 0.136 seconds
[2023-04-16T18:13:33.767+0000] {processor.py:153} INFO - Started process (PID=1444) to work on /home/airflow/.local/lib/python3.7/site-packages/airflow/example_dags/example_skip_dag.py
[2023-04-16T18:13:33.769+0000] {processor.py:743} INFO - Processing file /home/airflow/.local/lib/python3.7/site-packages/airflow/example_dags/example_skip_dag.py for tasks to queue
[2023-04-16T18:13:33.770+0000] {logging_mixin.py:137} INFO - [2023-04-16T18:13:33.769+0000] {dagbag.py:532} INFO - Filling up the DagBag from /home/airflow/.local/lib/python3.7/site-packages/airflow/example_dags/example_skip_dag.py
[2023-04-16T18:13:33.790+0000] {processor.py:753} INFO - DAG(s) dict_keys(['example_skip_dag']) retrieved from /home/airflow/.local/lib/python3.7/site-packages/airflow/example_dags/example_skip_dag.py
[2023-04-16T18:13:33.840+0000] {logging_mixin.py:137} INFO - [2023-04-16T18:13:33.840+0000] {dag.py:2705} INFO - Sync 1 DAGs
[2023-04-16T18:13:33.886+0000] {logging_mixin.py:137} INFO - [2023-04-16T18:13:33.886+0000] {dag.py:3456} INFO - Setting next_dagrun for example_skip_dag to 2023-04-15T18:13:33.886233+00:00, run_after=2023-04-16T18:13:33.886233+00:00
[2023-04-16T18:13:33.915+0000] {processor.py:175} INFO - Processing /home/airflow/.local/lib/python3.7/site-packages/airflow/example_dags/example_skip_dag.py took 0.153 seconds
[2023-04-16T18:14:04.288+0000] {processor.py:153} INFO - Started process (PID=1495) to work on /home/airflow/.local/lib/python3.7/site-packages/airflow/example_dags/example_skip_dag.py
[2023-04-16T18:14:04.289+0000] {processor.py:743} INFO - Processing file /home/airflow/.local/lib/python3.7/site-packages/airflow/example_dags/example_skip_dag.py for tasks to queue
[2023-04-16T18:14:04.290+0000] {logging_mixin.py:137} INFO - [2023-04-16T18:14:04.290+0000] {dagbag.py:532} INFO - Filling up the DagBag from /home/airflow/.local/lib/python3.7/site-packages/airflow/example_dags/example_skip_dag.py
[2023-04-16T18:14:04.311+0000] {processor.py:753} INFO - DAG(s) dict_keys(['example_skip_dag']) retrieved from /home/airflow/.local/lib/python3.7/site-packages/airflow/example_dags/example_skip_dag.py
[2023-04-16T18:14:04.350+0000] {logging_mixin.py:137} INFO - [2023-04-16T18:14:04.350+0000] {dag.py:2705} INFO - Sync 1 DAGs
[2023-04-16T18:14:04.396+0000] {logging_mixin.py:137} INFO - [2023-04-16T18:14:04.396+0000] {dag.py:3456} INFO - Setting next_dagrun for example_skip_dag to 2023-04-15T18:14:04.395982+00:00, run_after=2023-04-16T18:14:04.395982+00:00
[2023-04-16T18:14:04.423+0000] {processor.py:175} INFO - Processing /home/airflow/.local/lib/python3.7/site-packages/airflow/example_dags/example_skip_dag.py took 0.141 seconds
[2023-04-16T18:14:35.021+0000] {processor.py:153} INFO - Started process (PID=1545) to work on /home/airflow/.local/lib/python3.7/site-packages/airflow/example_dags/example_skip_dag.py
[2023-04-16T18:14:35.023+0000] {processor.py:743} INFO - Processing file /home/airflow/.local/lib/python3.7/site-packages/airflow/example_dags/example_skip_dag.py for tasks to queue
[2023-04-16T18:14:35.024+0000] {logging_mixin.py:137} INFO - [2023-04-16T18:14:35.024+0000] {dagbag.py:532} INFO - Filling up the DagBag from /home/airflow/.local/lib/python3.7/site-packages/airflow/example_dags/example_skip_dag.py
[2023-04-16T18:14:35.045+0000] {processor.py:753} INFO - DAG(s) dict_keys(['example_skip_dag']) retrieved from /home/airflow/.local/lib/python3.7/site-packages/airflow/example_dags/example_skip_dag.py
[2023-04-16T18:14:35.089+0000] {logging_mixin.py:137} INFO - [2023-04-16T18:14:35.089+0000] {dag.py:2705} INFO - Sync 1 DAGs
[2023-04-16T18:14:35.142+0000] {logging_mixin.py:137} INFO - [2023-04-16T18:14:35.142+0000] {dag.py:3456} INFO - Setting next_dagrun for example_skip_dag to 2023-04-15T18:14:35.141940+00:00, run_after=2023-04-16T18:14:35.141940+00:00
[2023-04-16T18:14:35.169+0000] {processor.py:175} INFO - Processing /home/airflow/.local/lib/python3.7/site-packages/airflow/example_dags/example_skip_dag.py took 0.153 seconds
[2023-04-16T18:15:05.706+0000] {processor.py:153} INFO - Started process (PID=1595) to work on /home/airflow/.local/lib/python3.7/site-packages/airflow/example_dags/example_skip_dag.py
[2023-04-16T18:15:05.707+0000] {processor.py:743} INFO - Processing file /home/airflow/.local/lib/python3.7/site-packages/airflow/example_dags/example_skip_dag.py for tasks to queue
[2023-04-16T18:15:05.708+0000] {logging_mixin.py:137} INFO - [2023-04-16T18:15:05.708+0000] {dagbag.py:532} INFO - Filling up the DagBag from /home/airflow/.local/lib/python3.7/site-packages/airflow/example_dags/example_skip_dag.py
[2023-04-16T18:15:05.732+0000] {processor.py:753} INFO - DAG(s) dict_keys(['example_skip_dag']) retrieved from /home/airflow/.local/lib/python3.7/site-packages/airflow/example_dags/example_skip_dag.py
[2023-04-16T18:15:05.779+0000] {logging_mixin.py:137} INFO - [2023-04-16T18:15:05.779+0000] {dag.py:2705} INFO - Sync 1 DAGs
[2023-04-16T18:15:05.816+0000] {logging_mixin.py:137} INFO - [2023-04-16T18:15:05.815+0000] {dag.py:3456} INFO - Setting next_dagrun for example_skip_dag to 2023-04-15T18:15:05.815605+00:00, run_after=2023-04-16T18:15:05.815605+00:00
[2023-04-16T18:15:05.840+0000] {processor.py:175} INFO - Processing /home/airflow/.local/lib/python3.7/site-packages/airflow/example_dags/example_skip_dag.py took 0.139 seconds
[2023-04-16T18:15:36.473+0000] {processor.py:153} INFO - Started process (PID=1645) to work on /home/airflow/.local/lib/python3.7/site-packages/airflow/example_dags/example_skip_dag.py
[2023-04-16T18:15:36.475+0000] {processor.py:743} INFO - Processing file /home/airflow/.local/lib/python3.7/site-packages/airflow/example_dags/example_skip_dag.py for tasks to queue
[2023-04-16T18:15:36.476+0000] {logging_mixin.py:137} INFO - [2023-04-16T18:15:36.476+0000] {dagbag.py:532} INFO - Filling up the DagBag from /home/airflow/.local/lib/python3.7/site-packages/airflow/example_dags/example_skip_dag.py
[2023-04-16T18:15:36.497+0000] {processor.py:753} INFO - DAG(s) dict_keys(['example_skip_dag']) retrieved from /home/airflow/.local/lib/python3.7/site-packages/airflow/example_dags/example_skip_dag.py
[2023-04-16T18:15:36.540+0000] {logging_mixin.py:137} INFO - [2023-04-16T18:15:36.539+0000] {dag.py:2705} INFO - Sync 1 DAGs
[2023-04-16T18:15:36.579+0000] {logging_mixin.py:137} INFO - [2023-04-16T18:15:36.579+0000] {dag.py:3456} INFO - Setting next_dagrun for example_skip_dag to 2023-04-15T18:15:36.579212+00:00, run_after=2023-04-16T18:15:36.579212+00:00
[2023-04-16T18:15:36.606+0000] {processor.py:175} INFO - Processing /home/airflow/.local/lib/python3.7/site-packages/airflow/example_dags/example_skip_dag.py took 0.138 seconds
[2023-04-16T18:16:07.206+0000] {processor.py:153} INFO - Started process (PID=1695) to work on /home/airflow/.local/lib/python3.7/site-packages/airflow/example_dags/example_skip_dag.py
[2023-04-16T18:16:07.207+0000] {processor.py:743} INFO - Processing file /home/airflow/.local/lib/python3.7/site-packages/airflow/example_dags/example_skip_dag.py for tasks to queue
[2023-04-16T18:16:07.208+0000] {logging_mixin.py:137} INFO - [2023-04-16T18:16:07.208+0000] {dagbag.py:532} INFO - Filling up the DagBag from /home/airflow/.local/lib/python3.7/site-packages/airflow/example_dags/example_skip_dag.py
[2023-04-16T18:16:07.228+0000] {processor.py:753} INFO - DAG(s) dict_keys(['example_skip_dag']) retrieved from /home/airflow/.local/lib/python3.7/site-packages/airflow/example_dags/example_skip_dag.py
[2023-04-16T18:16:07.265+0000] {logging_mixin.py:137} INFO - [2023-04-16T18:16:07.265+0000] {dag.py:2705} INFO - Sync 1 DAGs
[2023-04-16T18:16:07.311+0000] {logging_mixin.py:137} INFO - [2023-04-16T18:16:07.310+0000] {dag.py:3456} INFO - Setting next_dagrun for example_skip_dag to 2023-04-15T18:16:07.310489+00:00, run_after=2023-04-16T18:16:07.310489+00:00
[2023-04-16T18:16:07.335+0000] {processor.py:175} INFO - Processing /home/airflow/.local/lib/python3.7/site-packages/airflow/example_dags/example_skip_dag.py took 0.135 seconds
[2023-04-16T18:16:37.723+0000] {processor.py:153} INFO - Started process (PID=1745) to work on /home/airflow/.local/lib/python3.7/site-packages/airflow/example_dags/example_skip_dag.py
[2023-04-16T18:16:37.725+0000] {processor.py:743} INFO - Processing file /home/airflow/.local/lib/python3.7/site-packages/airflow/example_dags/example_skip_dag.py for tasks to queue
[2023-04-16T18:16:37.726+0000] {logging_mixin.py:137} INFO - [2023-04-16T18:16:37.726+0000] {dagbag.py:532} INFO - Filling up the DagBag from /home/airflow/.local/lib/python3.7/site-packages/airflow/example_dags/example_skip_dag.py
[2023-04-16T18:16:37.750+0000] {processor.py:753} INFO - DAG(s) dict_keys(['example_skip_dag']) retrieved from /home/airflow/.local/lib/python3.7/site-packages/airflow/example_dags/example_skip_dag.py
[2023-04-16T18:16:37.800+0000] {logging_mixin.py:137} INFO - [2023-04-16T18:16:37.800+0000] {dag.py:2705} INFO - Sync 1 DAGs
[2023-04-16T18:16:37.838+0000] {logging_mixin.py:137} INFO - [2023-04-16T18:16:37.838+0000] {dag.py:3456} INFO - Setting next_dagrun for example_skip_dag to 2023-04-15T18:16:37.837856+00:00, run_after=2023-04-16T18:16:37.837856+00:00
[2023-04-16T18:16:37.862+0000] {processor.py:175} INFO - Processing /home/airflow/.local/lib/python3.7/site-packages/airflow/example_dags/example_skip_dag.py took 0.144 seconds
[2023-04-16T18:17:08.483+0000] {processor.py:153} INFO - Started process (PID=1795) to work on /home/airflow/.local/lib/python3.7/site-packages/airflow/example_dags/example_skip_dag.py
[2023-04-16T18:17:08.484+0000] {processor.py:743} INFO - Processing file /home/airflow/.local/lib/python3.7/site-packages/airflow/example_dags/example_skip_dag.py for tasks to queue
[2023-04-16T18:17:08.485+0000] {logging_mixin.py:137} INFO - [2023-04-16T18:17:08.485+0000] {dagbag.py:532} INFO - Filling up the DagBag from /home/airflow/.local/lib/python3.7/site-packages/airflow/example_dags/example_skip_dag.py
[2023-04-16T18:17:08.505+0000] {processor.py:753} INFO - DAG(s) dict_keys(['example_skip_dag']) retrieved from /home/airflow/.local/lib/python3.7/site-packages/airflow/example_dags/example_skip_dag.py
[2023-04-16T18:17:08.555+0000] {logging_mixin.py:137} INFO - [2023-04-16T18:17:08.555+0000] {dag.py:2705} INFO - Sync 1 DAGs
[2023-04-16T18:17:08.599+0000] {logging_mixin.py:137} INFO - [2023-04-16T18:17:08.599+0000] {dag.py:3456} INFO - Setting next_dagrun for example_skip_dag to 2023-04-15T18:17:08.599350+00:00, run_after=2023-04-16T18:17:08.599350+00:00
[2023-04-16T18:17:08.638+0000] {processor.py:175} INFO - Processing /home/airflow/.local/lib/python3.7/site-packages/airflow/example_dags/example_skip_dag.py took 0.162 seconds
[2023-04-16T18:17:39.358+0000] {processor.py:153} INFO - Started process (PID=1845) to work on /home/airflow/.local/lib/python3.7/site-packages/airflow/example_dags/example_skip_dag.py
[2023-04-16T18:17:39.360+0000] {processor.py:743} INFO - Processing file /home/airflow/.local/lib/python3.7/site-packages/airflow/example_dags/example_skip_dag.py for tasks to queue
[2023-04-16T18:17:39.361+0000] {logging_mixin.py:137} INFO - [2023-04-16T18:17:39.361+0000] {dagbag.py:532} INFO - Filling up the DagBag from /home/airflow/.local/lib/python3.7/site-packages/airflow/example_dags/example_skip_dag.py
[2023-04-16T18:17:39.391+0000] {processor.py:753} INFO - DAG(s) dict_keys(['example_skip_dag']) retrieved from /home/airflow/.local/lib/python3.7/site-packages/airflow/example_dags/example_skip_dag.py
[2023-04-16T18:17:39.434+0000] {logging_mixin.py:137} INFO - [2023-04-16T18:17:39.434+0000] {dag.py:2705} INFO - Sync 1 DAGs
[2023-04-16T18:17:39.491+0000] {logging_mixin.py:137} INFO - [2023-04-16T18:17:39.490+0000] {dag.py:3456} INFO - Setting next_dagrun for example_skip_dag to 2023-04-15T18:17:39.490605+00:00, run_after=2023-04-16T18:17:39.490605+00:00
[2023-04-16T18:17:39.515+0000] {processor.py:175} INFO - Processing /home/airflow/.local/lib/python3.7/site-packages/airflow/example_dags/example_skip_dag.py took 0.166 seconds
[2023-04-16T18:18:10.086+0000] {processor.py:153} INFO - Started process (PID=1902) to work on /home/airflow/.local/lib/python3.7/site-packages/airflow/example_dags/example_skip_dag.py
[2023-04-16T18:18:10.087+0000] {processor.py:743} INFO - Processing file /home/airflow/.local/lib/python3.7/site-packages/airflow/example_dags/example_skip_dag.py for tasks to queue
[2023-04-16T18:18:10.087+0000] {logging_mixin.py:137} INFO - [2023-04-16T18:18:10.087+0000] {dagbag.py:532} INFO - Filling up the DagBag from /home/airflow/.local/lib/python3.7/site-packages/airflow/example_dags/example_skip_dag.py
[2023-04-16T18:18:10.108+0000] {processor.py:753} INFO - DAG(s) dict_keys(['example_skip_dag']) retrieved from /home/airflow/.local/lib/python3.7/site-packages/airflow/example_dags/example_skip_dag.py
[2023-04-16T18:18:10.146+0000] {logging_mixin.py:137} INFO - [2023-04-16T18:18:10.146+0000] {dag.py:2705} INFO - Sync 1 DAGs
[2023-04-16T18:18:10.184+0000] {logging_mixin.py:137} INFO - [2023-04-16T18:18:10.184+0000] {dag.py:3456} INFO - Setting next_dagrun for example_skip_dag to 2023-04-15T18:18:10.183787+00:00, run_after=2023-04-16T18:18:10.183787+00:00
[2023-04-16T18:18:10.208+0000] {processor.py:175} INFO - Processing /home/airflow/.local/lib/python3.7/site-packages/airflow/example_dags/example_skip_dag.py took 0.128 seconds
[2023-04-16T18:18:40.865+0000] {processor.py:153} INFO - Started process (PID=1952) to work on /home/airflow/.local/lib/python3.7/site-packages/airflow/example_dags/example_skip_dag.py
[2023-04-16T18:18:40.867+0000] {processor.py:743} INFO - Processing file /home/airflow/.local/lib/python3.7/site-packages/airflow/example_dags/example_skip_dag.py for tasks to queue
[2023-04-16T18:18:40.868+0000] {logging_mixin.py:137} INFO - [2023-04-16T18:18:40.867+0000] {dagbag.py:532} INFO - Filling up the DagBag from /home/airflow/.local/lib/python3.7/site-packages/airflow/example_dags/example_skip_dag.py
[2023-04-16T18:18:40.888+0000] {processor.py:753} INFO - DAG(s) dict_keys(['example_skip_dag']) retrieved from /home/airflow/.local/lib/python3.7/site-packages/airflow/example_dags/example_skip_dag.py
[2023-04-16T18:18:40.927+0000] {logging_mixin.py:137} INFO - [2023-04-16T18:18:40.927+0000] {dag.py:2705} INFO - Sync 1 DAGs
[2023-04-16T18:18:40.978+0000] {logging_mixin.py:137} INFO - [2023-04-16T18:18:40.977+0000] {dag.py:3456} INFO - Setting next_dagrun for example_skip_dag to 2023-04-15T18:18:40.977519+00:00, run_after=2023-04-16T18:18:40.977519+00:00
[2023-04-16T18:18:41.006+0000] {processor.py:175} INFO - Processing /home/airflow/.local/lib/python3.7/site-packages/airflow/example_dags/example_skip_dag.py took 0.147 seconds
[2023-04-16T18:19:11.533+0000] {processor.py:153} INFO - Started process (PID=2002) to work on /home/airflow/.local/lib/python3.7/site-packages/airflow/example_dags/example_skip_dag.py
[2023-04-16T18:19:11.534+0000] {processor.py:743} INFO - Processing file /home/airflow/.local/lib/python3.7/site-packages/airflow/example_dags/example_skip_dag.py for tasks to queue
[2023-04-16T18:19:11.535+0000] {logging_mixin.py:137} INFO - [2023-04-16T18:19:11.535+0000] {dagbag.py:532} INFO - Filling up the DagBag from /home/airflow/.local/lib/python3.7/site-packages/airflow/example_dags/example_skip_dag.py
[2023-04-16T18:19:11.556+0000] {processor.py:753} INFO - DAG(s) dict_keys(['example_skip_dag']) retrieved from /home/airflow/.local/lib/python3.7/site-packages/airflow/example_dags/example_skip_dag.py
[2023-04-16T18:19:11.594+0000] {logging_mixin.py:137} INFO - [2023-04-16T18:19:11.594+0000] {dag.py:2705} INFO - Sync 1 DAGs
[2023-04-16T18:19:11.632+0000] {logging_mixin.py:137} INFO - [2023-04-16T18:19:11.632+0000] {dag.py:3456} INFO - Setting next_dagrun for example_skip_dag to 2023-04-15T18:19:11.632001+00:00, run_after=2023-04-16T18:19:11.632001+00:00
[2023-04-16T18:19:11.659+0000] {processor.py:175} INFO - Processing /home/airflow/.local/lib/python3.7/site-packages/airflow/example_dags/example_skip_dag.py took 0.131 seconds
[2023-04-16T18:19:42.305+0000] {processor.py:153} INFO - Started process (PID=2052) to work on /home/airflow/.local/lib/python3.7/site-packages/airflow/example_dags/example_skip_dag.py
[2023-04-16T18:19:42.307+0000] {processor.py:743} INFO - Processing file /home/airflow/.local/lib/python3.7/site-packages/airflow/example_dags/example_skip_dag.py for tasks to queue
[2023-04-16T18:19:42.308+0000] {logging_mixin.py:137} INFO - [2023-04-16T18:19:42.307+0000] {dagbag.py:532} INFO - Filling up the DagBag from /home/airflow/.local/lib/python3.7/site-packages/airflow/example_dags/example_skip_dag.py
[2023-04-16T18:19:42.327+0000] {processor.py:753} INFO - DAG(s) dict_keys(['example_skip_dag']) retrieved from /home/airflow/.local/lib/python3.7/site-packages/airflow/example_dags/example_skip_dag.py
[2023-04-16T18:19:42.365+0000] {logging_mixin.py:137} INFO - [2023-04-16T18:19:42.365+0000] {dag.py:2705} INFO - Sync 1 DAGs
[2023-04-16T18:19:42.421+0000] {logging_mixin.py:137} INFO - [2023-04-16T18:19:42.419+0000] {dag.py:3456} INFO - Setting next_dagrun for example_skip_dag to 2023-04-15T18:19:42.419291+00:00, run_after=2023-04-16T18:19:42.419291+00:00
[2023-04-16T18:19:42.446+0000] {processor.py:175} INFO - Processing /home/airflow/.local/lib/python3.7/site-packages/airflow/example_dags/example_skip_dag.py took 0.150 seconds
[2023-04-16T18:20:13.001+0000] {processor.py:153} INFO - Started process (PID=2102) to work on /home/airflow/.local/lib/python3.7/site-packages/airflow/example_dags/example_skip_dag.py
[2023-04-16T18:20:13.003+0000] {processor.py:743} INFO - Processing file /home/airflow/.local/lib/python3.7/site-packages/airflow/example_dags/example_skip_dag.py for tasks to queue
[2023-04-16T18:20:13.004+0000] {logging_mixin.py:137} INFO - [2023-04-16T18:20:13.004+0000] {dagbag.py:532} INFO - Filling up the DagBag from /home/airflow/.local/lib/python3.7/site-packages/airflow/example_dags/example_skip_dag.py
[2023-04-16T18:20:13.025+0000] {processor.py:753} INFO - DAG(s) dict_keys(['example_skip_dag']) retrieved from /home/airflow/.local/lib/python3.7/site-packages/airflow/example_dags/example_skip_dag.py
[2023-04-16T18:20:13.063+0000] {logging_mixin.py:137} INFO - [2023-04-16T18:20:13.063+0000] {dag.py:2705} INFO - Sync 1 DAGs
[2023-04-16T18:20:13.099+0000] {logging_mixin.py:137} INFO - [2023-04-16T18:20:13.099+0000] {dag.py:3456} INFO - Setting next_dagrun for example_skip_dag to 2023-04-15T18:20:13.099218+00:00, run_after=2023-04-16T18:20:13.099218+00:00
[2023-04-16T18:20:13.126+0000] {processor.py:175} INFO - Processing /home/airflow/.local/lib/python3.7/site-packages/airflow/example_dags/example_skip_dag.py took 0.129 seconds
[2023-04-16T18:20:43.562+0000] {processor.py:153} INFO - Started process (PID=2153) to work on /home/airflow/.local/lib/python3.7/site-packages/airflow/example_dags/example_skip_dag.py
[2023-04-16T18:20:43.563+0000] {processor.py:743} INFO - Processing file /home/airflow/.local/lib/python3.7/site-packages/airflow/example_dags/example_skip_dag.py for tasks to queue
[2023-04-16T18:20:43.564+0000] {logging_mixin.py:137} INFO - [2023-04-16T18:20:43.563+0000] {dagbag.py:532} INFO - Filling up the DagBag from /home/airflow/.local/lib/python3.7/site-packages/airflow/example_dags/example_skip_dag.py
[2023-04-16T18:20:43.584+0000] {processor.py:753} INFO - DAG(s) dict_keys(['example_skip_dag']) retrieved from /home/airflow/.local/lib/python3.7/site-packages/airflow/example_dags/example_skip_dag.py
[2023-04-16T18:20:43.622+0000] {logging_mixin.py:137} INFO - [2023-04-16T18:20:43.622+0000] {dag.py:2705} INFO - Sync 1 DAGs
[2023-04-16T18:20:43.670+0000] {logging_mixin.py:137} INFO - [2023-04-16T18:20:43.670+0000] {dag.py:3456} INFO - Setting next_dagrun for example_skip_dag to 2023-04-15T18:20:43.669893+00:00, run_after=2023-04-16T18:20:43.669893+00:00
[2023-04-16T18:20:43.695+0000] {processor.py:175} INFO - Processing /home/airflow/.local/lib/python3.7/site-packages/airflow/example_dags/example_skip_dag.py took 0.138 seconds
[2023-04-16T18:21:14.298+0000] {processor.py:153} INFO - Started process (PID=2203) to work on /home/airflow/.local/lib/python3.7/site-packages/airflow/example_dags/example_skip_dag.py
[2023-04-16T18:21:14.299+0000] {processor.py:743} INFO - Processing file /home/airflow/.local/lib/python3.7/site-packages/airflow/example_dags/example_skip_dag.py for tasks to queue
[2023-04-16T18:21:14.300+0000] {logging_mixin.py:137} INFO - [2023-04-16T18:21:14.300+0000] {dagbag.py:532} INFO - Filling up the DagBag from /home/airflow/.local/lib/python3.7/site-packages/airflow/example_dags/example_skip_dag.py
[2023-04-16T18:21:14.320+0000] {processor.py:753} INFO - DAG(s) dict_keys(['example_skip_dag']) retrieved from /home/airflow/.local/lib/python3.7/site-packages/airflow/example_dags/example_skip_dag.py
[2023-04-16T18:21:14.358+0000] {logging_mixin.py:137} INFO - [2023-04-16T18:21:14.358+0000] {dag.py:2705} INFO - Sync 1 DAGs
[2023-04-16T18:21:14.396+0000] {logging_mixin.py:137} INFO - [2023-04-16T18:21:14.396+0000] {dag.py:3456} INFO - Setting next_dagrun for example_skip_dag to 2023-04-15T18:21:14.395698+00:00, run_after=2023-04-16T18:21:14.395698+00:00
[2023-04-16T18:21:14.421+0000] {processor.py:175} INFO - Processing /home/airflow/.local/lib/python3.7/site-packages/airflow/example_dags/example_skip_dag.py took 0.129 seconds
[2023-04-16T18:21:44.576+0000] {processor.py:153} INFO - Started process (PID=2253) to work on /home/airflow/.local/lib/python3.7/site-packages/airflow/example_dags/example_skip_dag.py
[2023-04-16T18:21:44.577+0000] {processor.py:743} INFO - Processing file /home/airflow/.local/lib/python3.7/site-packages/airflow/example_dags/example_skip_dag.py for tasks to queue
[2023-04-16T18:21:44.578+0000] {logging_mixin.py:137} INFO - [2023-04-16T18:21:44.578+0000] {dagbag.py:532} INFO - Filling up the DagBag from /home/airflow/.local/lib/python3.7/site-packages/airflow/example_dags/example_skip_dag.py
[2023-04-16T18:21:44.598+0000] {processor.py:753} INFO - DAG(s) dict_keys(['example_skip_dag']) retrieved from /home/airflow/.local/lib/python3.7/site-packages/airflow/example_dags/example_skip_dag.py
[2023-04-16T18:21:44.637+0000] {logging_mixin.py:137} INFO - [2023-04-16T18:21:44.636+0000] {dag.py:2705} INFO - Sync 1 DAGs
[2023-04-16T18:21:44.673+0000] {logging_mixin.py:137} INFO - [2023-04-16T18:21:44.673+0000] {dag.py:3456} INFO - Setting next_dagrun for example_skip_dag to 2023-04-15T18:21:44.673263+00:00, run_after=2023-04-16T18:21:44.673263+00:00
[2023-04-16T18:21:44.703+0000] {processor.py:175} INFO - Processing /home/airflow/.local/lib/python3.7/site-packages/airflow/example_dags/example_skip_dag.py took 0.132 seconds
[2023-04-16T18:22:14.906+0000] {processor.py:153} INFO - Started process (PID=2303) to work on /home/airflow/.local/lib/python3.7/site-packages/airflow/example_dags/example_skip_dag.py
[2023-04-16T18:22:14.908+0000] {processor.py:743} INFO - Processing file /home/airflow/.local/lib/python3.7/site-packages/airflow/example_dags/example_skip_dag.py for tasks to queue
[2023-04-16T18:22:14.909+0000] {logging_mixin.py:137} INFO - [2023-04-16T18:22:14.909+0000] {dagbag.py:532} INFO - Filling up the DagBag from /home/airflow/.local/lib/python3.7/site-packages/airflow/example_dags/example_skip_dag.py
[2023-04-16T18:22:14.933+0000] {processor.py:753} INFO - DAG(s) dict_keys(['example_skip_dag']) retrieved from /home/airflow/.local/lib/python3.7/site-packages/airflow/example_dags/example_skip_dag.py
[2023-04-16T18:22:14.971+0000] {logging_mixin.py:137} INFO - [2023-04-16T18:22:14.970+0000] {dag.py:2705} INFO - Sync 1 DAGs
[2023-04-16T18:22:15.008+0000] {logging_mixin.py:137} INFO - [2023-04-16T18:22:15.007+0000] {dag.py:3456} INFO - Setting next_dagrun for example_skip_dag to 2023-04-15T18:22:15.007239+00:00, run_after=2023-04-16T18:22:15.007239+00:00
[2023-04-16T18:22:15.032+0000] {processor.py:175} INFO - Processing /home/airflow/.local/lib/python3.7/site-packages/airflow/example_dags/example_skip_dag.py took 0.133 seconds
[2023-04-16T18:22:45.080+0000] {processor.py:153} INFO - Started process (PID=2353) to work on /home/airflow/.local/lib/python3.7/site-packages/airflow/example_dags/example_skip_dag.py
[2023-04-16T18:22:45.081+0000] {processor.py:743} INFO - Processing file /home/airflow/.local/lib/python3.7/site-packages/airflow/example_dags/example_skip_dag.py for tasks to queue
[2023-04-16T18:22:45.082+0000] {logging_mixin.py:137} INFO - [2023-04-16T18:22:45.082+0000] {dagbag.py:532} INFO - Filling up the DagBag from /home/airflow/.local/lib/python3.7/site-packages/airflow/example_dags/example_skip_dag.py
[2023-04-16T18:22:45.103+0000] {processor.py:753} INFO - DAG(s) dict_keys(['example_skip_dag']) retrieved from /home/airflow/.local/lib/python3.7/site-packages/airflow/example_dags/example_skip_dag.py
[2023-04-16T18:22:45.142+0000] {logging_mixin.py:137} INFO - [2023-04-16T18:22:45.142+0000] {dag.py:2705} INFO - Sync 1 DAGs
[2023-04-16T18:22:45.177+0000] {logging_mixin.py:137} INFO - [2023-04-16T18:22:45.177+0000] {dag.py:3456} INFO - Setting next_dagrun for example_skip_dag to 2023-04-15T18:22:45.177160+00:00, run_after=2023-04-16T18:22:45.177160+00:00
[2023-04-16T18:22:45.202+0000] {processor.py:175} INFO - Processing /home/airflow/.local/lib/python3.7/site-packages/airflow/example_dags/example_skip_dag.py took 0.128 seconds
[2023-04-16T18:23:15.611+0000] {processor.py:153} INFO - Started process (PID=2403) to work on /home/airflow/.local/lib/python3.7/site-packages/airflow/example_dags/example_skip_dag.py
[2023-04-16T18:23:15.613+0000] {processor.py:743} INFO - Processing file /home/airflow/.local/lib/python3.7/site-packages/airflow/example_dags/example_skip_dag.py for tasks to queue
[2023-04-16T18:23:15.614+0000] {logging_mixin.py:137} INFO - [2023-04-16T18:23:15.613+0000] {dagbag.py:532} INFO - Filling up the DagBag from /home/airflow/.local/lib/python3.7/site-packages/airflow/example_dags/example_skip_dag.py
[2023-04-16T18:23:15.635+0000] {processor.py:753} INFO - DAG(s) dict_keys(['example_skip_dag']) retrieved from /home/airflow/.local/lib/python3.7/site-packages/airflow/example_dags/example_skip_dag.py
[2023-04-16T18:23:15.673+0000] {logging_mixin.py:137} INFO - [2023-04-16T18:23:15.672+0000] {dag.py:2705} INFO - Sync 1 DAGs
[2023-04-16T18:23:15.708+0000] {logging_mixin.py:137} INFO - [2023-04-16T18:23:15.708+0000] {dag.py:3456} INFO - Setting next_dagrun for example_skip_dag to 2023-04-15T18:23:15.707955+00:00, run_after=2023-04-16T18:23:15.707955+00:00
[2023-04-16T18:23:15.734+0000] {processor.py:175} INFO - Processing /home/airflow/.local/lib/python3.7/site-packages/airflow/example_dags/example_skip_dag.py took 0.130 seconds
[2023-04-16T18:23:45.793+0000] {processor.py:153} INFO - Started process (PID=2453) to work on /home/airflow/.local/lib/python3.7/site-packages/airflow/example_dags/example_skip_dag.py
[2023-04-16T18:23:45.794+0000] {processor.py:743} INFO - Processing file /home/airflow/.local/lib/python3.7/site-packages/airflow/example_dags/example_skip_dag.py for tasks to queue
[2023-04-16T18:23:45.795+0000] {logging_mixin.py:137} INFO - [2023-04-16T18:23:45.795+0000] {dagbag.py:532} INFO - Filling up the DagBag from /home/airflow/.local/lib/python3.7/site-packages/airflow/example_dags/example_skip_dag.py
[2023-04-16T18:23:45.816+0000] {processor.py:753} INFO - DAG(s) dict_keys(['example_skip_dag']) retrieved from /home/airflow/.local/lib/python3.7/site-packages/airflow/example_dags/example_skip_dag.py
[2023-04-16T18:23:45.854+0000] {logging_mixin.py:137} INFO - [2023-04-16T18:23:45.854+0000] {dag.py:2705} INFO - Sync 1 DAGs
[2023-04-16T18:23:45.891+0000] {logging_mixin.py:137} INFO - [2023-04-16T18:23:45.890+0000] {dag.py:3456} INFO - Setting next_dagrun for example_skip_dag to 2023-04-15T18:23:45.890516+00:00, run_after=2023-04-16T18:23:45.890516+00:00
[2023-04-16T18:23:45.919+0000] {processor.py:175} INFO - Processing /home/airflow/.local/lib/python3.7/site-packages/airflow/example_dags/example_skip_dag.py took 0.131 seconds
[2023-04-16T18:24:16.219+0000] {processor.py:153} INFO - Started process (PID=2502) to work on /home/airflow/.local/lib/python3.7/site-packages/airflow/example_dags/example_skip_dag.py
[2023-04-16T18:24:16.221+0000] {processor.py:743} INFO - Processing file /home/airflow/.local/lib/python3.7/site-packages/airflow/example_dags/example_skip_dag.py for tasks to queue
[2023-04-16T18:24:16.221+0000] {logging_mixin.py:137} INFO - [2023-04-16T18:24:16.221+0000] {dagbag.py:532} INFO - Filling up the DagBag from /home/airflow/.local/lib/python3.7/site-packages/airflow/example_dags/example_skip_dag.py
[2023-04-16T18:24:16.242+0000] {processor.py:753} INFO - DAG(s) dict_keys(['example_skip_dag']) retrieved from /home/airflow/.local/lib/python3.7/site-packages/airflow/example_dags/example_skip_dag.py
[2023-04-16T18:24:16.283+0000] {logging_mixin.py:137} INFO - [2023-04-16T18:24:16.282+0000] {dag.py:2705} INFO - Sync 1 DAGs
[2023-04-16T18:24:16.320+0000] {logging_mixin.py:137} INFO - [2023-04-16T18:24:16.320+0000] {dag.py:3456} INFO - Setting next_dagrun for example_skip_dag to 2023-04-15T18:24:16.319639+00:00, run_after=2023-04-16T18:24:16.319639+00:00
[2023-04-16T18:24:16.347+0000] {processor.py:175} INFO - Processing /home/airflow/.local/lib/python3.7/site-packages/airflow/example_dags/example_skip_dag.py took 0.134 seconds
[2023-04-16T18:24:46.518+0000] {processor.py:153} INFO - Started process (PID=2552) to work on /home/airflow/.local/lib/python3.7/site-packages/airflow/example_dags/example_skip_dag.py
[2023-04-16T18:24:46.519+0000] {processor.py:743} INFO - Processing file /home/airflow/.local/lib/python3.7/site-packages/airflow/example_dags/example_skip_dag.py for tasks to queue
[2023-04-16T18:24:46.520+0000] {logging_mixin.py:137} INFO - [2023-04-16T18:24:46.519+0000] {dagbag.py:532} INFO - Filling up the DagBag from /home/airflow/.local/lib/python3.7/site-packages/airflow/example_dags/example_skip_dag.py
[2023-04-16T18:24:46.540+0000] {processor.py:753} INFO - DAG(s) dict_keys(['example_skip_dag']) retrieved from /home/airflow/.local/lib/python3.7/site-packages/airflow/example_dags/example_skip_dag.py
[2023-04-16T18:24:46.578+0000] {logging_mixin.py:137} INFO - [2023-04-16T18:24:46.578+0000] {dag.py:2705} INFO - Sync 1 DAGs
[2023-04-16T18:24:46.614+0000] {logging_mixin.py:137} INFO - [2023-04-16T18:24:46.614+0000] {dag.py:3456} INFO - Setting next_dagrun for example_skip_dag to 2023-04-15T18:24:46.614017+00:00, run_after=2023-04-16T18:24:46.614017+00:00
[2023-04-16T18:24:46.639+0000] {processor.py:175} INFO - Processing /home/airflow/.local/lib/python3.7/site-packages/airflow/example_dags/example_skip_dag.py took 0.127 seconds
[2023-04-16T18:25:17.459+0000] {processor.py:153} INFO - Started process (PID=2602) to work on /home/airflow/.local/lib/python3.7/site-packages/airflow/example_dags/example_skip_dag.py
[2023-04-16T18:25:17.461+0000] {processor.py:743} INFO - Processing file /home/airflow/.local/lib/python3.7/site-packages/airflow/example_dags/example_skip_dag.py for tasks to queue
[2023-04-16T18:25:17.462+0000] {logging_mixin.py:137} INFO - [2023-04-16T18:25:17.461+0000] {dagbag.py:532} INFO - Filling up the DagBag from /home/airflow/.local/lib/python3.7/site-packages/airflow/example_dags/example_skip_dag.py
[2023-04-16T18:25:17.483+0000] {processor.py:753} INFO - DAG(s) dict_keys(['example_skip_dag']) retrieved from /home/airflow/.local/lib/python3.7/site-packages/airflow/example_dags/example_skip_dag.py
[2023-04-16T18:25:17.520+0000] {logging_mixin.py:137} INFO - [2023-04-16T18:25:17.520+0000] {dag.py:2705} INFO - Sync 1 DAGs
[2023-04-16T18:25:17.570+0000] {logging_mixin.py:137} INFO - [2023-04-16T18:25:17.570+0000] {dag.py:3456} INFO - Setting next_dagrun for example_skip_dag to 2023-04-15T18:25:17.569594+00:00, run_after=2023-04-16T18:25:17.569594+00:00
[2023-04-16T18:25:17.606+0000] {processor.py:175} INFO - Processing /home/airflow/.local/lib/python3.7/site-packages/airflow/example_dags/example_skip_dag.py took 0.154 seconds
[2023-04-16T18:25:48.150+0000] {processor.py:153} INFO - Started process (PID=2653) to work on /home/airflow/.local/lib/python3.7/site-packages/airflow/example_dags/example_skip_dag.py
[2023-04-16T18:25:48.151+0000] {processor.py:743} INFO - Processing file /home/airflow/.local/lib/python3.7/site-packages/airflow/example_dags/example_skip_dag.py for tasks to queue
[2023-04-16T18:25:48.152+0000] {logging_mixin.py:137} INFO - [2023-04-16T18:25:48.152+0000] {dagbag.py:532} INFO - Filling up the DagBag from /home/airflow/.local/lib/python3.7/site-packages/airflow/example_dags/example_skip_dag.py
[2023-04-16T18:25:48.172+0000] {processor.py:753} INFO - DAG(s) dict_keys(['example_skip_dag']) retrieved from /home/airflow/.local/lib/python3.7/site-packages/airflow/example_dags/example_skip_dag.py
[2023-04-16T18:25:48.209+0000] {logging_mixin.py:137} INFO - [2023-04-16T18:25:48.209+0000] {dag.py:2705} INFO - Sync 1 DAGs
[2023-04-16T18:25:48.246+0000] {logging_mixin.py:137} INFO - [2023-04-16T18:25:48.246+0000] {dag.py:3456} INFO - Setting next_dagrun for example_skip_dag to 2023-04-15T18:25:48.246067+00:00, run_after=2023-04-16T18:25:48.246067+00:00
[2023-04-16T18:25:48.271+0000] {processor.py:175} INFO - Processing /home/airflow/.local/lib/python3.7/site-packages/airflow/example_dags/example_skip_dag.py took 0.127 seconds
[2023-04-16T18:26:18.846+0000] {processor.py:153} INFO - Started process (PID=2702) to work on /home/airflow/.local/lib/python3.7/site-packages/airflow/example_dags/example_skip_dag.py
[2023-04-16T18:26:18.848+0000] {processor.py:743} INFO - Processing file /home/airflow/.local/lib/python3.7/site-packages/airflow/example_dags/example_skip_dag.py for tasks to queue
[2023-04-16T18:26:18.849+0000] {logging_mixin.py:137} INFO - [2023-04-16T18:26:18.848+0000] {dagbag.py:532} INFO - Filling up the DagBag from /home/airflow/.local/lib/python3.7/site-packages/airflow/example_dags/example_skip_dag.py
[2023-04-16T18:26:18.870+0000] {processor.py:753} INFO - DAG(s) dict_keys(['example_skip_dag']) retrieved from /home/airflow/.local/lib/python3.7/site-packages/airflow/example_dags/example_skip_dag.py
[2023-04-16T18:26:18.911+0000] {logging_mixin.py:137} INFO - [2023-04-16T18:26:18.911+0000] {dag.py:2705} INFO - Sync 1 DAGs
[2023-04-16T18:26:18.956+0000] {logging_mixin.py:137} INFO - [2023-04-16T18:26:18.956+0000] {dag.py:3456} INFO - Setting next_dagrun for example_skip_dag to 2023-04-15T18:26:18.956094+00:00, run_after=2023-04-16T18:26:18.956094+00:00
[2023-04-16T18:26:18.982+0000] {processor.py:175} INFO - Processing /home/airflow/.local/lib/python3.7/site-packages/airflow/example_dags/example_skip_dag.py took 0.143 seconds
[2023-04-16T18:26:49.650+0000] {processor.py:153} INFO - Started process (PID=2752) to work on /home/airflow/.local/lib/python3.7/site-packages/airflow/example_dags/example_skip_dag.py
[2023-04-16T18:26:49.651+0000] {processor.py:743} INFO - Processing file /home/airflow/.local/lib/python3.7/site-packages/airflow/example_dags/example_skip_dag.py for tasks to queue
[2023-04-16T18:26:49.652+0000] {logging_mixin.py:137} INFO - [2023-04-16T18:26:49.652+0000] {dagbag.py:532} INFO - Filling up the DagBag from /home/airflow/.local/lib/python3.7/site-packages/airflow/example_dags/example_skip_dag.py
[2023-04-16T18:26:49.674+0000] {processor.py:753} INFO - DAG(s) dict_keys(['example_skip_dag']) retrieved from /home/airflow/.local/lib/python3.7/site-packages/airflow/example_dags/example_skip_dag.py
[2023-04-16T18:26:49.718+0000] {logging_mixin.py:137} INFO - [2023-04-16T18:26:49.718+0000] {dag.py:2705} INFO - Sync 1 DAGs
[2023-04-16T18:26:49.756+0000] {logging_mixin.py:137} INFO - [2023-04-16T18:26:49.756+0000] {dag.py:3456} INFO - Setting next_dagrun for example_skip_dag to 2023-04-15T18:26:49.755969+00:00, run_after=2023-04-16T18:26:49.755969+00:00
[2023-04-16T18:26:49.782+0000] {processor.py:175} INFO - Processing /home/airflow/.local/lib/python3.7/site-packages/airflow/example_dags/example_skip_dag.py took 0.137 seconds
[2023-04-16T18:27:20.363+0000] {processor.py:153} INFO - Started process (PID=2802) to work on /home/airflow/.local/lib/python3.7/site-packages/airflow/example_dags/example_skip_dag.py
[2023-04-16T18:27:20.366+0000] {processor.py:743} INFO - Processing file /home/airflow/.local/lib/python3.7/site-packages/airflow/example_dags/example_skip_dag.py for tasks to queue
[2023-04-16T18:27:20.367+0000] {logging_mixin.py:137} INFO - [2023-04-16T18:27:20.367+0000] {dagbag.py:532} INFO - Filling up the DagBag from /home/airflow/.local/lib/python3.7/site-packages/airflow/example_dags/example_skip_dag.py
[2023-04-16T18:27:20.393+0000] {processor.py:753} INFO - DAG(s) dict_keys(['example_skip_dag']) retrieved from /home/airflow/.local/lib/python3.7/site-packages/airflow/example_dags/example_skip_dag.py
[2023-04-16T18:27:20.433+0000] {logging_mixin.py:137} INFO - [2023-04-16T18:27:20.433+0000] {dag.py:2705} INFO - Sync 1 DAGs
[2023-04-16T18:27:20.477+0000] {logging_mixin.py:137} INFO - [2023-04-16T18:27:20.477+0000] {dag.py:3456} INFO - Setting next_dagrun for example_skip_dag to 2023-04-15T18:27:20.477303+00:00, run_after=2023-04-16T18:27:20.477303+00:00
[2023-04-16T18:27:20.502+0000] {processor.py:175} INFO - Processing /home/airflow/.local/lib/python3.7/site-packages/airflow/example_dags/example_skip_dag.py took 0.144 seconds
[2023-04-16T18:27:51.076+0000] {processor.py:153} INFO - Started process (PID=2853) to work on /home/airflow/.local/lib/python3.7/site-packages/airflow/example_dags/example_skip_dag.py
[2023-04-16T18:27:51.077+0000] {processor.py:743} INFO - Processing file /home/airflow/.local/lib/python3.7/site-packages/airflow/example_dags/example_skip_dag.py for tasks to queue
[2023-04-16T18:27:51.078+0000] {logging_mixin.py:137} INFO - [2023-04-16T18:27:51.078+0000] {dagbag.py:532} INFO - Filling up the DagBag from /home/airflow/.local/lib/python3.7/site-packages/airflow/example_dags/example_skip_dag.py
[2023-04-16T18:27:51.098+0000] {processor.py:753} INFO - DAG(s) dict_keys(['example_skip_dag']) retrieved from /home/airflow/.local/lib/python3.7/site-packages/airflow/example_dags/example_skip_dag.py
[2023-04-16T18:27:51.139+0000] {logging_mixin.py:137} INFO - [2023-04-16T18:27:51.138+0000] {dag.py:2705} INFO - Sync 1 DAGs
[2023-04-16T18:27:51.177+0000] {logging_mixin.py:137} INFO - [2023-04-16T18:27:51.177+0000] {dag.py:3456} INFO - Setting next_dagrun for example_skip_dag to 2023-04-15T18:27:51.176788+00:00, run_after=2023-04-16T18:27:51.176788+00:00
[2023-04-16T18:27:51.201+0000] {processor.py:175} INFO - Processing /home/airflow/.local/lib/python3.7/site-packages/airflow/example_dags/example_skip_dag.py took 0.131 seconds
[2023-04-16T18:28:21.610+0000] {processor.py:153} INFO - Started process (PID=2903) to work on /home/airflow/.local/lib/python3.7/site-packages/airflow/example_dags/example_skip_dag.py
[2023-04-16T18:28:21.612+0000] {processor.py:743} INFO - Processing file /home/airflow/.local/lib/python3.7/site-packages/airflow/example_dags/example_skip_dag.py for tasks to queue
[2023-04-16T18:28:21.612+0000] {logging_mixin.py:137} INFO - [2023-04-16T18:28:21.612+0000] {dagbag.py:532} INFO - Filling up the DagBag from /home/airflow/.local/lib/python3.7/site-packages/airflow/example_dags/example_skip_dag.py
[2023-04-16T18:28:21.633+0000] {processor.py:753} INFO - DAG(s) dict_keys(['example_skip_dag']) retrieved from /home/airflow/.local/lib/python3.7/site-packages/airflow/example_dags/example_skip_dag.py
[2023-04-16T18:28:21.684+0000] {logging_mixin.py:137} INFO - [2023-04-16T18:28:21.684+0000] {dag.py:2705} INFO - Sync 1 DAGs
[2023-04-16T18:28:21.720+0000] {logging_mixin.py:137} INFO - [2023-04-16T18:28:21.720+0000] {dag.py:3456} INFO - Setting next_dagrun for example_skip_dag to 2023-04-15T18:28:21.720016+00:00, run_after=2023-04-16T18:28:21.720016+00:00
[2023-04-16T18:28:21.745+0000] {processor.py:175} INFO - Processing /home/airflow/.local/lib/python3.7/site-packages/airflow/example_dags/example_skip_dag.py took 0.140 seconds
[2023-04-16T18:28:52.396+0000] {processor.py:153} INFO - Started process (PID=2953) to work on /home/airflow/.local/lib/python3.7/site-packages/airflow/example_dags/example_skip_dag.py
[2023-04-16T18:28:52.398+0000] {processor.py:743} INFO - Processing file /home/airflow/.local/lib/python3.7/site-packages/airflow/example_dags/example_skip_dag.py for tasks to queue
[2023-04-16T18:28:52.399+0000] {logging_mixin.py:137} INFO - [2023-04-16T18:28:52.399+0000] {dagbag.py:532} INFO - Filling up the DagBag from /home/airflow/.local/lib/python3.7/site-packages/airflow/example_dags/example_skip_dag.py
[2023-04-16T18:28:52.424+0000] {processor.py:753} INFO - DAG(s) dict_keys(['example_skip_dag']) retrieved from /home/airflow/.local/lib/python3.7/site-packages/airflow/example_dags/example_skip_dag.py
[2023-04-16T18:28:52.463+0000] {logging_mixin.py:137} INFO - [2023-04-16T18:28:52.463+0000] {dag.py:2705} INFO - Sync 1 DAGs
[2023-04-16T18:28:52.499+0000] {logging_mixin.py:137} INFO - [2023-04-16T18:28:52.499+0000] {dag.py:3456} INFO - Setting next_dagrun for example_skip_dag to 2023-04-15T18:28:52.499056+00:00, run_after=2023-04-16T18:28:52.499056+00:00
[2023-04-16T18:28:52.533+0000] {processor.py:175} INFO - Processing /home/airflow/.local/lib/python3.7/site-packages/airflow/example_dags/example_skip_dag.py took 0.143 seconds
[2023-04-16T18:29:23.078+0000] {processor.py:153} INFO - Started process (PID=3004) to work on /home/airflow/.local/lib/python3.7/site-packages/airflow/example_dags/example_skip_dag.py
[2023-04-16T18:29:23.079+0000] {processor.py:743} INFO - Processing file /home/airflow/.local/lib/python3.7/site-packages/airflow/example_dags/example_skip_dag.py for tasks to queue
[2023-04-16T18:29:23.080+0000] {logging_mixin.py:137} INFO - [2023-04-16T18:29:23.080+0000] {dagbag.py:532} INFO - Filling up the DagBag from /home/airflow/.local/lib/python3.7/site-packages/airflow/example_dags/example_skip_dag.py
[2023-04-16T18:29:23.101+0000] {processor.py:753} INFO - DAG(s) dict_keys(['example_skip_dag']) retrieved from /home/airflow/.local/lib/python3.7/site-packages/airflow/example_dags/example_skip_dag.py
[2023-04-16T18:29:23.140+0000] {logging_mixin.py:137} INFO - [2023-04-16T18:29:23.140+0000] {dag.py:2705} INFO - Sync 1 DAGs
[2023-04-16T18:29:23.185+0000] {logging_mixin.py:137} INFO - [2023-04-16T18:29:23.185+0000] {dag.py:3456} INFO - Setting next_dagrun for example_skip_dag to 2023-04-15T18:29:23.184766+00:00, run_after=2023-04-16T18:29:23.184766+00:00
[2023-04-16T18:29:23.210+0000] {processor.py:175} INFO - Processing /home/airflow/.local/lib/python3.7/site-packages/airflow/example_dags/example_skip_dag.py took 0.137 seconds
[2023-04-16T18:29:53.631+0000] {processor.py:153} INFO - Started process (PID=3055) to work on /home/airflow/.local/lib/python3.7/site-packages/airflow/example_dags/example_skip_dag.py
[2023-04-16T18:29:53.632+0000] {processor.py:743} INFO - Processing file /home/airflow/.local/lib/python3.7/site-packages/airflow/example_dags/example_skip_dag.py for tasks to queue
[2023-04-16T18:29:53.633+0000] {logging_mixin.py:137} INFO - [2023-04-16T18:29:53.633+0000] {dagbag.py:532} INFO - Filling up the DagBag from /home/airflow/.local/lib/python3.7/site-packages/airflow/example_dags/example_skip_dag.py
[2023-04-16T18:29:53.653+0000] {processor.py:753} INFO - DAG(s) dict_keys(['example_skip_dag']) retrieved from /home/airflow/.local/lib/python3.7/site-packages/airflow/example_dags/example_skip_dag.py
[2023-04-16T18:29:53.691+0000] {logging_mixin.py:137} INFO - [2023-04-16T18:29:53.691+0000] {dag.py:2705} INFO - Sync 1 DAGs
[2023-04-16T18:29:53.727+0000] {logging_mixin.py:137} INFO - [2023-04-16T18:29:53.727+0000] {dag.py:3456} INFO - Setting next_dagrun for example_skip_dag to 2023-04-15T18:29:53.726790+00:00, run_after=2023-04-16T18:29:53.726790+00:00
[2023-04-16T18:29:53.751+0000] {processor.py:175} INFO - Processing /home/airflow/.local/lib/python3.7/site-packages/airflow/example_dags/example_skip_dag.py took 0.127 seconds
[2023-04-16T18:30:24.393+0000] {processor.py:153} INFO - Started process (PID=3105) to work on /home/airflow/.local/lib/python3.7/site-packages/airflow/example_dags/example_skip_dag.py
[2023-04-16T18:30:24.395+0000] {processor.py:743} INFO - Processing file /home/airflow/.local/lib/python3.7/site-packages/airflow/example_dags/example_skip_dag.py for tasks to queue
[2023-04-16T18:30:24.396+0000] {logging_mixin.py:137} INFO - [2023-04-16T18:30:24.396+0000] {dagbag.py:532} INFO - Filling up the DagBag from /home/airflow/.local/lib/python3.7/site-packages/airflow/example_dags/example_skip_dag.py
[2023-04-16T18:30:24.417+0000] {processor.py:753} INFO - DAG(s) dict_keys(['example_skip_dag']) retrieved from /home/airflow/.local/lib/python3.7/site-packages/airflow/example_dags/example_skip_dag.py
[2023-04-16T18:30:24.457+0000] {logging_mixin.py:137} INFO - [2023-04-16T18:30:24.456+0000] {dag.py:2705} INFO - Sync 1 DAGs
[2023-04-16T18:30:24.502+0000] {logging_mixin.py:137} INFO - [2023-04-16T18:30:24.501+0000] {dag.py:3456} INFO - Setting next_dagrun for example_skip_dag to 2023-04-15T18:30:24.501513+00:00, run_after=2023-04-16T18:30:24.501513+00:00
[2023-04-16T18:30:24.531+0000] {processor.py:175} INFO - Processing /home/airflow/.local/lib/python3.7/site-packages/airflow/example_dags/example_skip_dag.py took 0.144 seconds
