[2023-04-16T17:59:18.934+0000] {processor.py:153} INFO - Started process (PID=39) to work on /home/airflow/.local/lib/python3.7/site-packages/airflow/example_dags/example_branch_operator.py
[2023-04-16T17:59:18.936+0000] {processor.py:743} INFO - Processing file /home/airflow/.local/lib/python3.7/site-packages/airflow/example_dags/example_branch_operator.py for tasks to queue
[2023-04-16T17:59:18.937+0000] {logging_mixin.py:137} INFO - [2023-04-16T17:59:18.937+0000] {dagbag.py:532} INFO - Filling up the DagBag from /home/airflow/.local/lib/python3.7/site-packages/airflow/example_dags/example_branch_operator.py
[2023-04-16T17:59:19.010+0000] {processor.py:753} INFO - DAG(s) dict_keys(['example_branch_operator']) retrieved from /home/airflow/.local/lib/python3.7/site-packages/airflow/example_dags/example_branch_operator.py
[2023-04-16T17:59:19.106+0000] {logging_mixin.py:137} INFO - [2023-04-16T17:59:19.106+0000] {dag.py:2705} INFO - Sync 1 DAGs
[2023-04-16T17:59:19.168+0000] {logging_mixin.py:137} INFO - [2023-04-16T17:59:19.168+0000] {dag.py:3456} INFO - Setting next_dagrun for example_branch_operator to 2023-04-15T00:00:00+00:00, run_after=2023-04-16T00:00:00+00:00
[2023-04-16T17:59:19.229+0000] {processor.py:175} INFO - Processing /home/airflow/.local/lib/python3.7/site-packages/airflow/example_dags/example_branch_operator.py took 0.303 seconds
[2023-04-16T17:59:49.518+0000] {processor.py:153} INFO - Started process (PID=89) to work on /home/airflow/.local/lib/python3.7/site-packages/airflow/example_dags/example_branch_operator.py
[2023-04-16T17:59:49.520+0000] {processor.py:743} INFO - Processing file /home/airflow/.local/lib/python3.7/site-packages/airflow/example_dags/example_branch_operator.py for tasks to queue
[2023-04-16T17:59:49.521+0000] {logging_mixin.py:137} INFO - [2023-04-16T17:59:49.520+0000] {dagbag.py:532} INFO - Filling up the DagBag from /home/airflow/.local/lib/python3.7/site-packages/airflow/example_dags/example_branch_operator.py
[2023-04-16T17:59:49.552+0000] {processor.py:753} INFO - DAG(s) dict_keys(['example_branch_operator']) retrieved from /home/airflow/.local/lib/python3.7/site-packages/airflow/example_dags/example_branch_operator.py
[2023-04-16T17:59:49.592+0000] {logging_mixin.py:137} INFO - [2023-04-16T17:59:49.592+0000] {dag.py:2705} INFO - Sync 1 DAGs
[2023-04-16T17:59:49.630+0000] {logging_mixin.py:137} INFO - [2023-04-16T17:59:49.630+0000] {dag.py:3456} INFO - Setting next_dagrun for example_branch_operator to 2023-04-15T00:00:00+00:00, run_after=2023-04-16T00:00:00+00:00
[2023-04-16T17:59:49.655+0000] {processor.py:175} INFO - Processing /home/airflow/.local/lib/python3.7/site-packages/airflow/example_dags/example_branch_operator.py took 0.144 seconds
[2023-04-16T18:00:19.746+0000] {processor.py:153} INFO - Started process (PID=140) to work on /home/airflow/.local/lib/python3.7/site-packages/airflow/example_dags/example_branch_operator.py
[2023-04-16T18:00:19.750+0000] {processor.py:743} INFO - Processing file /home/airflow/.local/lib/python3.7/site-packages/airflow/example_dags/example_branch_operator.py for tasks to queue
[2023-04-16T18:00:19.752+0000] {logging_mixin.py:137} INFO - [2023-04-16T18:00:19.751+0000] {dagbag.py:532} INFO - Filling up the DagBag from /home/airflow/.local/lib/python3.7/site-packages/airflow/example_dags/example_branch_operator.py
[2023-04-16T18:00:19.785+0000] {processor.py:753} INFO - DAG(s) dict_keys(['example_branch_operator']) retrieved from /home/airflow/.local/lib/python3.7/site-packages/airflow/example_dags/example_branch_operator.py
[2023-04-16T18:00:19.844+0000] {logging_mixin.py:137} INFO - [2023-04-16T18:00:19.844+0000] {dag.py:2705} INFO - Sync 1 DAGs
[2023-04-16T18:00:19.894+0000] {logging_mixin.py:137} INFO - [2023-04-16T18:00:19.894+0000] {dag.py:3456} INFO - Setting next_dagrun for example_branch_operator to 2023-04-15T00:00:00+00:00, run_after=2023-04-16T00:00:00+00:00
[2023-04-16T18:00:19.925+0000] {processor.py:175} INFO - Processing /home/airflow/.local/lib/python3.7/site-packages/airflow/example_dags/example_branch_operator.py took 0.185 seconds
[2023-04-16T18:00:50.178+0000] {processor.py:153} INFO - Started process (PID=190) to work on /home/airflow/.local/lib/python3.7/site-packages/airflow/example_dags/example_branch_operator.py
[2023-04-16T18:00:50.180+0000] {processor.py:743} INFO - Processing file /home/airflow/.local/lib/python3.7/site-packages/airflow/example_dags/example_branch_operator.py for tasks to queue
[2023-04-16T18:00:50.181+0000] {logging_mixin.py:137} INFO - [2023-04-16T18:00:50.181+0000] {dagbag.py:532} INFO - Filling up the DagBag from /home/airflow/.local/lib/python3.7/site-packages/airflow/example_dags/example_branch_operator.py
[2023-04-16T18:00:50.208+0000] {processor.py:753} INFO - DAG(s) dict_keys(['example_branch_operator']) retrieved from /home/airflow/.local/lib/python3.7/site-packages/airflow/example_dags/example_branch_operator.py
[2023-04-16T18:00:50.249+0000] {logging_mixin.py:137} INFO - [2023-04-16T18:00:50.249+0000] {dag.py:2705} INFO - Sync 1 DAGs
[2023-04-16T18:00:50.288+0000] {logging_mixin.py:137} INFO - [2023-04-16T18:00:50.287+0000] {dag.py:3456} INFO - Setting next_dagrun for example_branch_operator to 2023-04-15T00:00:00+00:00, run_after=2023-04-16T00:00:00+00:00
[2023-04-16T18:00:50.312+0000] {processor.py:175} INFO - Processing /home/airflow/.local/lib/python3.7/site-packages/airflow/example_dags/example_branch_operator.py took 0.140 seconds
[2023-04-16T18:01:20.509+0000] {processor.py:153} INFO - Started process (PID=240) to work on /home/airflow/.local/lib/python3.7/site-packages/airflow/example_dags/example_branch_operator.py
[2023-04-16T18:01:20.510+0000] {processor.py:743} INFO - Processing file /home/airflow/.local/lib/python3.7/site-packages/airflow/example_dags/example_branch_operator.py for tasks to queue
[2023-04-16T18:01:20.511+0000] {logging_mixin.py:137} INFO - [2023-04-16T18:01:20.511+0000] {dagbag.py:532} INFO - Filling up the DagBag from /home/airflow/.local/lib/python3.7/site-packages/airflow/example_dags/example_branch_operator.py
[2023-04-16T18:01:20.536+0000] {processor.py:753} INFO - DAG(s) dict_keys(['example_branch_operator']) retrieved from /home/airflow/.local/lib/python3.7/site-packages/airflow/example_dags/example_branch_operator.py
[2023-04-16T18:01:20.577+0000] {logging_mixin.py:137} INFO - [2023-04-16T18:01:20.577+0000] {dag.py:2705} INFO - Sync 1 DAGs
[2023-04-16T18:01:20.617+0000] {logging_mixin.py:137} INFO - [2023-04-16T18:01:20.616+0000] {dag.py:3456} INFO - Setting next_dagrun for example_branch_operator to 2023-04-15T00:00:00+00:00, run_after=2023-04-16T00:00:00+00:00
[2023-04-16T18:01:20.645+0000] {processor.py:175} INFO - Processing /home/airflow/.local/lib/python3.7/site-packages/airflow/example_dags/example_branch_operator.py took 0.141 seconds
[2023-04-16T18:01:50.794+0000] {processor.py:153} INFO - Started process (PID=290) to work on /home/airflow/.local/lib/python3.7/site-packages/airflow/example_dags/example_branch_operator.py
[2023-04-16T18:01:50.795+0000] {processor.py:743} INFO - Processing file /home/airflow/.local/lib/python3.7/site-packages/airflow/example_dags/example_branch_operator.py for tasks to queue
[2023-04-16T18:01:50.796+0000] {logging_mixin.py:137} INFO - [2023-04-16T18:01:50.796+0000] {dagbag.py:532} INFO - Filling up the DagBag from /home/airflow/.local/lib/python3.7/site-packages/airflow/example_dags/example_branch_operator.py
[2023-04-16T18:01:50.824+0000] {processor.py:753} INFO - DAG(s) dict_keys(['example_branch_operator']) retrieved from /home/airflow/.local/lib/python3.7/site-packages/airflow/example_dags/example_branch_operator.py
[2023-04-16T18:01:50.867+0000] {logging_mixin.py:137} INFO - [2023-04-16T18:01:50.867+0000] {dag.py:2705} INFO - Sync 1 DAGs
[2023-04-16T18:01:50.905+0000] {logging_mixin.py:137} INFO - [2023-04-16T18:01:50.905+0000] {dag.py:3456} INFO - Setting next_dagrun for example_branch_operator to 2023-04-15T00:00:00+00:00, run_after=2023-04-16T00:00:00+00:00
[2023-04-16T18:01:50.930+0000] {processor.py:175} INFO - Processing /home/airflow/.local/lib/python3.7/site-packages/airflow/example_dags/example_branch_operator.py took 0.142 seconds
[2023-04-16T18:02:21.204+0000] {processor.py:153} INFO - Started process (PID=341) to work on /home/airflow/.local/lib/python3.7/site-packages/airflow/example_dags/example_branch_operator.py
[2023-04-16T18:02:21.206+0000] {processor.py:743} INFO - Processing file /home/airflow/.local/lib/python3.7/site-packages/airflow/example_dags/example_branch_operator.py for tasks to queue
[2023-04-16T18:02:21.207+0000] {logging_mixin.py:137} INFO - [2023-04-16T18:02:21.207+0000] {dagbag.py:532} INFO - Filling up the DagBag from /home/airflow/.local/lib/python3.7/site-packages/airflow/example_dags/example_branch_operator.py
[2023-04-16T18:02:21.242+0000] {processor.py:753} INFO - DAG(s) dict_keys(['example_branch_operator']) retrieved from /home/airflow/.local/lib/python3.7/site-packages/airflow/example_dags/example_branch_operator.py
[2023-04-16T18:02:21.299+0000] {logging_mixin.py:137} INFO - [2023-04-16T18:02:21.298+0000] {dag.py:2705} INFO - Sync 1 DAGs
[2023-04-16T18:02:21.355+0000] {logging_mixin.py:137} INFO - [2023-04-16T18:02:21.355+0000] {dag.py:3456} INFO - Setting next_dagrun for example_branch_operator to 2023-04-15T00:00:00+00:00, run_after=2023-04-16T00:00:00+00:00
[2023-04-16T18:02:21.386+0000] {processor.py:175} INFO - Processing /home/airflow/.local/lib/python3.7/site-packages/airflow/example_dags/example_branch_operator.py took 0.188 seconds
[2023-04-16T18:02:52.072+0000] {processor.py:153} INFO - Started process (PID=392) to work on /home/airflow/.local/lib/python3.7/site-packages/airflow/example_dags/example_branch_operator.py
[2023-04-16T18:02:52.074+0000] {processor.py:743} INFO - Processing file /home/airflow/.local/lib/python3.7/site-packages/airflow/example_dags/example_branch_operator.py for tasks to queue
[2023-04-16T18:02:52.075+0000] {logging_mixin.py:137} INFO - [2023-04-16T18:02:52.075+0000] {dagbag.py:532} INFO - Filling up the DagBag from /home/airflow/.local/lib/python3.7/site-packages/airflow/example_dags/example_branch_operator.py
[2023-04-16T18:02:52.103+0000] {processor.py:753} INFO - DAG(s) dict_keys(['example_branch_operator']) retrieved from /home/airflow/.local/lib/python3.7/site-packages/airflow/example_dags/example_branch_operator.py
[2023-04-16T18:02:52.144+0000] {logging_mixin.py:137} INFO - [2023-04-16T18:02:52.144+0000] {dag.py:2705} INFO - Sync 1 DAGs
[2023-04-16T18:02:52.181+0000] {logging_mixin.py:137} INFO - [2023-04-16T18:02:52.181+0000] {dag.py:3456} INFO - Setting next_dagrun for example_branch_operator to 2023-04-15T00:00:00+00:00, run_after=2023-04-16T00:00:00+00:00
[2023-04-16T18:02:52.206+0000] {processor.py:175} INFO - Processing /home/airflow/.local/lib/python3.7/site-packages/airflow/example_dags/example_branch_operator.py took 0.140 seconds
[2023-04-16T18:03:22.867+0000] {processor.py:153} INFO - Started process (PID=442) to work on /home/airflow/.local/lib/python3.7/site-packages/airflow/example_dags/example_branch_operator.py
[2023-04-16T18:03:22.869+0000] {processor.py:743} INFO - Processing file /home/airflow/.local/lib/python3.7/site-packages/airflow/example_dags/example_branch_operator.py for tasks to queue
[2023-04-16T18:03:22.870+0000] {logging_mixin.py:137} INFO - [2023-04-16T18:03:22.870+0000] {dagbag.py:532} INFO - Filling up the DagBag from /home/airflow/.local/lib/python3.7/site-packages/airflow/example_dags/example_branch_operator.py
[2023-04-16T18:03:22.894+0000] {processor.py:753} INFO - DAG(s) dict_keys(['example_branch_operator']) retrieved from /home/airflow/.local/lib/python3.7/site-packages/airflow/example_dags/example_branch_operator.py
[2023-04-16T18:03:22.936+0000] {logging_mixin.py:137} INFO - [2023-04-16T18:03:22.936+0000] {dag.py:2705} INFO - Sync 1 DAGs
[2023-04-16T18:03:22.975+0000] {logging_mixin.py:137} INFO - [2023-04-16T18:03:22.975+0000] {dag.py:3456} INFO - Setting next_dagrun for example_branch_operator to 2023-04-15T00:00:00+00:00, run_after=2023-04-16T00:00:00+00:00
[2023-04-16T18:03:22.999+0000] {processor.py:175} INFO - Processing /home/airflow/.local/lib/python3.7/site-packages/airflow/example_dags/example_branch_operator.py took 0.137 seconds
[2023-04-16T18:03:53.038+0000] {processor.py:153} INFO - Started process (PID=490) to work on /home/airflow/.local/lib/python3.7/site-packages/airflow/example_dags/example_branch_operator.py
[2023-04-16T18:03:53.040+0000] {processor.py:743} INFO - Processing file /home/airflow/.local/lib/python3.7/site-packages/airflow/example_dags/example_branch_operator.py for tasks to queue
[2023-04-16T18:03:53.041+0000] {logging_mixin.py:137} INFO - [2023-04-16T18:03:53.041+0000] {dagbag.py:532} INFO - Filling up the DagBag from /home/airflow/.local/lib/python3.7/site-packages/airflow/example_dags/example_branch_operator.py
[2023-04-16T18:03:53.067+0000] {processor.py:753} INFO - DAG(s) dict_keys(['example_branch_operator']) retrieved from /home/airflow/.local/lib/python3.7/site-packages/airflow/example_dags/example_branch_operator.py
[2023-04-16T18:03:53.110+0000] {logging_mixin.py:137} INFO - [2023-04-16T18:03:53.110+0000] {dag.py:2705} INFO - Sync 1 DAGs
[2023-04-16T18:03:53.149+0000] {logging_mixin.py:137} INFO - [2023-04-16T18:03:53.149+0000] {dag.py:3456} INFO - Setting next_dagrun for example_branch_operator to 2023-04-15T00:00:00+00:00, run_after=2023-04-16T00:00:00+00:00
[2023-04-16T18:03:53.174+0000] {processor.py:175} INFO - Processing /home/airflow/.local/lib/python3.7/site-packages/airflow/example_dags/example_branch_operator.py took 0.141 seconds
[2023-04-16T18:04:23.378+0000] {processor.py:153} INFO - Started process (PID=540) to work on /home/airflow/.local/lib/python3.7/site-packages/airflow/example_dags/example_branch_operator.py
[2023-04-16T18:04:23.379+0000] {processor.py:743} INFO - Processing file /home/airflow/.local/lib/python3.7/site-packages/airflow/example_dags/example_branch_operator.py for tasks to queue
[2023-04-16T18:04:23.380+0000] {logging_mixin.py:137} INFO - [2023-04-16T18:04:23.380+0000] {dagbag.py:532} INFO - Filling up the DagBag from /home/airflow/.local/lib/python3.7/site-packages/airflow/example_dags/example_branch_operator.py
[2023-04-16T18:04:23.412+0000] {processor.py:753} INFO - DAG(s) dict_keys(['example_branch_operator']) retrieved from /home/airflow/.local/lib/python3.7/site-packages/airflow/example_dags/example_branch_operator.py
[2023-04-16T18:04:23.454+0000] {logging_mixin.py:137} INFO - [2023-04-16T18:04:23.453+0000] {dag.py:2705} INFO - Sync 1 DAGs
[2023-04-16T18:04:23.493+0000] {logging_mixin.py:137} INFO - [2023-04-16T18:04:23.493+0000] {dag.py:3456} INFO - Setting next_dagrun for example_branch_operator to 2023-04-15T00:00:00+00:00, run_after=2023-04-16T00:00:00+00:00
[2023-04-16T18:04:23.519+0000] {processor.py:175} INFO - Processing /home/airflow/.local/lib/python3.7/site-packages/airflow/example_dags/example_branch_operator.py took 0.146 seconds
[2023-04-16T18:04:53.679+0000] {processor.py:153} INFO - Started process (PID=589) to work on /home/airflow/.local/lib/python3.7/site-packages/airflow/example_dags/example_branch_operator.py
[2023-04-16T18:04:53.681+0000] {processor.py:743} INFO - Processing file /home/airflow/.local/lib/python3.7/site-packages/airflow/example_dags/example_branch_operator.py for tasks to queue
[2023-04-16T18:04:53.682+0000] {logging_mixin.py:137} INFO - [2023-04-16T18:04:53.682+0000] {dagbag.py:532} INFO - Filling up the DagBag from /home/airflow/.local/lib/python3.7/site-packages/airflow/example_dags/example_branch_operator.py
[2023-04-16T18:04:53.706+0000] {processor.py:753} INFO - DAG(s) dict_keys(['example_branch_operator']) retrieved from /home/airflow/.local/lib/python3.7/site-packages/airflow/example_dags/example_branch_operator.py
[2023-04-16T18:04:53.747+0000] {logging_mixin.py:137} INFO - [2023-04-16T18:04:53.747+0000] {dag.py:2705} INFO - Sync 1 DAGs
[2023-04-16T18:04:53.784+0000] {logging_mixin.py:137} INFO - [2023-04-16T18:04:53.784+0000] {dag.py:3456} INFO - Setting next_dagrun for example_branch_operator to 2023-04-15T00:00:00+00:00, run_after=2023-04-16T00:00:00+00:00
[2023-04-16T18:04:53.811+0000] {processor.py:175} INFO - Processing /home/airflow/.local/lib/python3.7/site-packages/airflow/example_dags/example_branch_operator.py took 0.137 seconds
[2023-04-16T18:05:23.894+0000] {processor.py:153} INFO - Started process (PID=639) to work on /home/airflow/.local/lib/python3.7/site-packages/airflow/example_dags/example_branch_operator.py
[2023-04-16T18:05:23.895+0000] {processor.py:743} INFO - Processing file /home/airflow/.local/lib/python3.7/site-packages/airflow/example_dags/example_branch_operator.py for tasks to queue
[2023-04-16T18:05:23.896+0000] {logging_mixin.py:137} INFO - [2023-04-16T18:05:23.896+0000] {dagbag.py:532} INFO - Filling up the DagBag from /home/airflow/.local/lib/python3.7/site-packages/airflow/example_dags/example_branch_operator.py
[2023-04-16T18:05:23.921+0000] {processor.py:753} INFO - DAG(s) dict_keys(['example_branch_operator']) retrieved from /home/airflow/.local/lib/python3.7/site-packages/airflow/example_dags/example_branch_operator.py
[2023-04-16T18:05:23.962+0000] {logging_mixin.py:137} INFO - [2023-04-16T18:05:23.962+0000] {dag.py:2705} INFO - Sync 1 DAGs
[2023-04-16T18:05:24.002+0000] {logging_mixin.py:137} INFO - [2023-04-16T18:05:24.002+0000] {dag.py:3456} INFO - Setting next_dagrun for example_branch_operator to 2023-04-15T00:00:00+00:00, run_after=2023-04-16T00:00:00+00:00
[2023-04-16T18:05:24.027+0000] {processor.py:175} INFO - Processing /home/airflow/.local/lib/python3.7/site-packages/airflow/example_dags/example_branch_operator.py took 0.139 seconds
[2023-04-16T18:05:54.121+0000] {processor.py:153} INFO - Started process (PID=688) to work on /home/airflow/.local/lib/python3.7/site-packages/airflow/example_dags/example_branch_operator.py
[2023-04-16T18:05:54.122+0000] {processor.py:743} INFO - Processing file /home/airflow/.local/lib/python3.7/site-packages/airflow/example_dags/example_branch_operator.py for tasks to queue
[2023-04-16T18:05:54.123+0000] {logging_mixin.py:137} INFO - [2023-04-16T18:05:54.123+0000] {dagbag.py:532} INFO - Filling up the DagBag from /home/airflow/.local/lib/python3.7/site-packages/airflow/example_dags/example_branch_operator.py
[2023-04-16T18:05:54.149+0000] {processor.py:753} INFO - DAG(s) dict_keys(['example_branch_operator']) retrieved from /home/airflow/.local/lib/python3.7/site-packages/airflow/example_dags/example_branch_operator.py
[2023-04-16T18:05:54.191+0000] {logging_mixin.py:137} INFO - [2023-04-16T18:05:54.191+0000] {dag.py:2705} INFO - Sync 1 DAGs
[2023-04-16T18:05:54.229+0000] {logging_mixin.py:137} INFO - [2023-04-16T18:05:54.229+0000] {dag.py:3456} INFO - Setting next_dagrun for example_branch_operator to 2023-04-15T00:00:00+00:00, run_after=2023-04-16T00:00:00+00:00
[2023-04-16T18:05:54.253+0000] {processor.py:175} INFO - Processing /home/airflow/.local/lib/python3.7/site-packages/airflow/example_dags/example_branch_operator.py took 0.137 seconds
[2023-04-16T18:06:24.372+0000] {processor.py:153} INFO - Started process (PID=737) to work on /home/airflow/.local/lib/python3.7/site-packages/airflow/example_dags/example_branch_operator.py
[2023-04-16T18:06:24.374+0000] {processor.py:743} INFO - Processing file /home/airflow/.local/lib/python3.7/site-packages/airflow/example_dags/example_branch_operator.py for tasks to queue
[2023-04-16T18:06:24.375+0000] {logging_mixin.py:137} INFO - [2023-04-16T18:06:24.375+0000] {dagbag.py:532} INFO - Filling up the DagBag from /home/airflow/.local/lib/python3.7/site-packages/airflow/example_dags/example_branch_operator.py
[2023-04-16T18:06:24.401+0000] {processor.py:753} INFO - DAG(s) dict_keys(['example_branch_operator']) retrieved from /home/airflow/.local/lib/python3.7/site-packages/airflow/example_dags/example_branch_operator.py
[2023-04-16T18:06:24.443+0000] {logging_mixin.py:137} INFO - [2023-04-16T18:06:24.443+0000] {dag.py:2705} INFO - Sync 1 DAGs
[2023-04-16T18:06:24.481+0000] {logging_mixin.py:137} INFO - [2023-04-16T18:06:24.481+0000] {dag.py:3456} INFO - Setting next_dagrun for example_branch_operator to 2023-04-15T00:00:00+00:00, run_after=2023-04-16T00:00:00+00:00
[2023-04-16T18:06:24.506+0000] {processor.py:175} INFO - Processing /home/airflow/.local/lib/python3.7/site-packages/airflow/example_dags/example_branch_operator.py took 0.139 seconds
[2023-04-16T18:06:54.654+0000] {processor.py:153} INFO - Started process (PID=786) to work on /home/airflow/.local/lib/python3.7/site-packages/airflow/example_dags/example_branch_operator.py
[2023-04-16T18:06:54.656+0000] {processor.py:743} INFO - Processing file /home/airflow/.local/lib/python3.7/site-packages/airflow/example_dags/example_branch_operator.py for tasks to queue
[2023-04-16T18:06:54.657+0000] {logging_mixin.py:137} INFO - [2023-04-16T18:06:54.657+0000] {dagbag.py:532} INFO - Filling up the DagBag from /home/airflow/.local/lib/python3.7/site-packages/airflow/example_dags/example_branch_operator.py
[2023-04-16T18:06:54.685+0000] {processor.py:753} INFO - DAG(s) dict_keys(['example_branch_operator']) retrieved from /home/airflow/.local/lib/python3.7/site-packages/airflow/example_dags/example_branch_operator.py
[2023-04-16T18:06:54.729+0000] {logging_mixin.py:137} INFO - [2023-04-16T18:06:54.729+0000] {dag.py:2705} INFO - Sync 1 DAGs
[2023-04-16T18:06:54.769+0000] {logging_mixin.py:137} INFO - [2023-04-16T18:06:54.768+0000] {dag.py:3456} INFO - Setting next_dagrun for example_branch_operator to 2023-04-15T00:00:00+00:00, run_after=2023-04-16T00:00:00+00:00
[2023-04-16T18:06:54.793+0000] {processor.py:175} INFO - Processing /home/airflow/.local/lib/python3.7/site-packages/airflow/example_dags/example_branch_operator.py took 0.144 seconds
[2023-04-16T18:07:25.155+0000] {processor.py:153} INFO - Started process (PID=837) to work on /home/airflow/.local/lib/python3.7/site-packages/airflow/example_dags/example_branch_operator.py
[2023-04-16T18:07:25.156+0000] {processor.py:743} INFO - Processing file /home/airflow/.local/lib/python3.7/site-packages/airflow/example_dags/example_branch_operator.py for tasks to queue
[2023-04-16T18:07:25.157+0000] {logging_mixin.py:137} INFO - [2023-04-16T18:07:25.157+0000] {dagbag.py:532} INFO - Filling up the DagBag from /home/airflow/.local/lib/python3.7/site-packages/airflow/example_dags/example_branch_operator.py
[2023-04-16T18:07:25.182+0000] {processor.py:753} INFO - DAG(s) dict_keys(['example_branch_operator']) retrieved from /home/airflow/.local/lib/python3.7/site-packages/airflow/example_dags/example_branch_operator.py
[2023-04-16T18:07:25.223+0000] {logging_mixin.py:137} INFO - [2023-04-16T18:07:25.223+0000] {dag.py:2705} INFO - Sync 1 DAGs
[2023-04-16T18:07:25.262+0000] {logging_mixin.py:137} INFO - [2023-04-16T18:07:25.262+0000] {dag.py:3456} INFO - Setting next_dagrun for example_branch_operator to 2023-04-15T00:00:00+00:00, run_after=2023-04-16T00:00:00+00:00
[2023-04-16T18:07:25.292+0000] {processor.py:175} INFO - Processing /home/airflow/.local/lib/python3.7/site-packages/airflow/example_dags/example_branch_operator.py took 0.144 seconds
[2023-04-16T18:07:55.406+0000] {processor.py:153} INFO - Started process (PID=886) to work on /home/airflow/.local/lib/python3.7/site-packages/airflow/example_dags/example_branch_operator.py
[2023-04-16T18:07:55.408+0000] {processor.py:743} INFO - Processing file /home/airflow/.local/lib/python3.7/site-packages/airflow/example_dags/example_branch_operator.py for tasks to queue
[2023-04-16T18:07:55.408+0000] {logging_mixin.py:137} INFO - [2023-04-16T18:07:55.408+0000] {dagbag.py:532} INFO - Filling up the DagBag from /home/airflow/.local/lib/python3.7/site-packages/airflow/example_dags/example_branch_operator.py
[2023-04-16T18:07:55.433+0000] {processor.py:753} INFO - DAG(s) dict_keys(['example_branch_operator']) retrieved from /home/airflow/.local/lib/python3.7/site-packages/airflow/example_dags/example_branch_operator.py
[2023-04-16T18:07:55.475+0000] {logging_mixin.py:137} INFO - [2023-04-16T18:07:55.475+0000] {dag.py:2705} INFO - Sync 1 DAGs
[2023-04-16T18:07:55.514+0000] {logging_mixin.py:137} INFO - [2023-04-16T18:07:55.514+0000] {dag.py:3456} INFO - Setting next_dagrun for example_branch_operator to 2023-04-15T00:00:00+00:00, run_after=2023-04-16T00:00:00+00:00
[2023-04-16T18:07:55.540+0000] {processor.py:175} INFO - Processing /home/airflow/.local/lib/python3.7/site-packages/airflow/example_dags/example_branch_operator.py took 0.139 seconds
[2023-04-16T18:08:25.634+0000] {processor.py:153} INFO - Started process (PID=935) to work on /home/airflow/.local/lib/python3.7/site-packages/airflow/example_dags/example_branch_operator.py
[2023-04-16T18:08:25.635+0000] {processor.py:743} INFO - Processing file /home/airflow/.local/lib/python3.7/site-packages/airflow/example_dags/example_branch_operator.py for tasks to queue
[2023-04-16T18:08:25.636+0000] {logging_mixin.py:137} INFO - [2023-04-16T18:08:25.636+0000] {dagbag.py:532} INFO - Filling up the DagBag from /home/airflow/.local/lib/python3.7/site-packages/airflow/example_dags/example_branch_operator.py
[2023-04-16T18:08:25.662+0000] {processor.py:753} INFO - DAG(s) dict_keys(['example_branch_operator']) retrieved from /home/airflow/.local/lib/python3.7/site-packages/airflow/example_dags/example_branch_operator.py
[2023-04-16T18:08:25.703+0000] {logging_mixin.py:137} INFO - [2023-04-16T18:08:25.703+0000] {dag.py:2705} INFO - Sync 1 DAGs
[2023-04-16T18:08:25.741+0000] {logging_mixin.py:137} INFO - [2023-04-16T18:08:25.741+0000] {dag.py:3456} INFO - Setting next_dagrun for example_branch_operator to 2023-04-15T00:00:00+00:00, run_after=2023-04-16T00:00:00+00:00
[2023-04-16T18:08:25.768+0000] {processor.py:175} INFO - Processing /home/airflow/.local/lib/python3.7/site-packages/airflow/example_dags/example_branch_operator.py took 0.140 seconds
[2023-04-16T18:08:56.044+0000] {processor.py:153} INFO - Started process (PID=985) to work on /home/airflow/.local/lib/python3.7/site-packages/airflow/example_dags/example_branch_operator.py
[2023-04-16T18:08:56.045+0000] {processor.py:743} INFO - Processing file /home/airflow/.local/lib/python3.7/site-packages/airflow/example_dags/example_branch_operator.py for tasks to queue
[2023-04-16T18:08:56.046+0000] {logging_mixin.py:137} INFO - [2023-04-16T18:08:56.046+0000] {dagbag.py:532} INFO - Filling up the DagBag from /home/airflow/.local/lib/python3.7/site-packages/airflow/example_dags/example_branch_operator.py
[2023-04-16T18:08:56.074+0000] {processor.py:753} INFO - DAG(s) dict_keys(['example_branch_operator']) retrieved from /home/airflow/.local/lib/python3.7/site-packages/airflow/example_dags/example_branch_operator.py
[2023-04-16T18:08:56.116+0000] {logging_mixin.py:137} INFO - [2023-04-16T18:08:56.115+0000] {dag.py:2705} INFO - Sync 1 DAGs
[2023-04-16T18:08:56.154+0000] {logging_mixin.py:137} INFO - [2023-04-16T18:08:56.153+0000] {dag.py:3456} INFO - Setting next_dagrun for example_branch_operator to 2023-04-15T00:00:00+00:00, run_after=2023-04-16T00:00:00+00:00
[2023-04-16T18:08:56.178+0000] {processor.py:175} INFO - Processing /home/airflow/.local/lib/python3.7/site-packages/airflow/example_dags/example_branch_operator.py took 0.139 seconds
[2023-04-16T18:09:26.425+0000] {processor.py:153} INFO - Started process (PID=1034) to work on /home/airflow/.local/lib/python3.7/site-packages/airflow/example_dags/example_branch_operator.py
[2023-04-16T18:09:26.427+0000] {processor.py:743} INFO - Processing file /home/airflow/.local/lib/python3.7/site-packages/airflow/example_dags/example_branch_operator.py for tasks to queue
[2023-04-16T18:09:26.428+0000] {logging_mixin.py:137} INFO - [2023-04-16T18:09:26.428+0000] {dagbag.py:532} INFO - Filling up the DagBag from /home/airflow/.local/lib/python3.7/site-packages/airflow/example_dags/example_branch_operator.py
[2023-04-16T18:09:26.454+0000] {processor.py:753} INFO - DAG(s) dict_keys(['example_branch_operator']) retrieved from /home/airflow/.local/lib/python3.7/site-packages/airflow/example_dags/example_branch_operator.py
[2023-04-16T18:09:26.510+0000] {logging_mixin.py:137} INFO - [2023-04-16T18:09:26.510+0000] {dag.py:2705} INFO - Sync 1 DAGs
[2023-04-16T18:09:26.568+0000] {logging_mixin.py:137} INFO - [2023-04-16T18:09:26.568+0000] {dag.py:3456} INFO - Setting next_dagrun for example_branch_operator to 2023-04-15T00:00:00+00:00, run_after=2023-04-16T00:00:00+00:00
[2023-04-16T18:09:26.598+0000] {processor.py:175} INFO - Processing /home/airflow/.local/lib/python3.7/site-packages/airflow/example_dags/example_branch_operator.py took 0.178 seconds
[2023-04-16T18:09:57.035+0000] {processor.py:153} INFO - Started process (PID=1085) to work on /home/airflow/.local/lib/python3.7/site-packages/airflow/example_dags/example_branch_operator.py
[2023-04-16T18:09:57.037+0000] {processor.py:743} INFO - Processing file /home/airflow/.local/lib/python3.7/site-packages/airflow/example_dags/example_branch_operator.py for tasks to queue
[2023-04-16T18:09:57.038+0000] {logging_mixin.py:137} INFO - [2023-04-16T18:09:57.038+0000] {dagbag.py:532} INFO - Filling up the DagBag from /home/airflow/.local/lib/python3.7/site-packages/airflow/example_dags/example_branch_operator.py
[2023-04-16T18:09:57.063+0000] {processor.py:753} INFO - DAG(s) dict_keys(['example_branch_operator']) retrieved from /home/airflow/.local/lib/python3.7/site-packages/airflow/example_dags/example_branch_operator.py
[2023-04-16T18:09:57.105+0000] {logging_mixin.py:137} INFO - [2023-04-16T18:09:57.104+0000] {dag.py:2705} INFO - Sync 1 DAGs
[2023-04-16T18:09:57.144+0000] {logging_mixin.py:137} INFO - [2023-04-16T18:09:57.144+0000] {dag.py:3456} INFO - Setting next_dagrun for example_branch_operator to 2023-04-15T00:00:00+00:00, run_after=2023-04-16T00:00:00+00:00
[2023-04-16T18:09:57.169+0000] {processor.py:175} INFO - Processing /home/airflow/.local/lib/python3.7/site-packages/airflow/example_dags/example_branch_operator.py took 0.140 seconds
[2023-04-16T18:10:27.854+0000] {processor.py:153} INFO - Started process (PID=1135) to work on /home/airflow/.local/lib/python3.7/site-packages/airflow/example_dags/example_branch_operator.py
[2023-04-16T18:10:27.856+0000] {processor.py:743} INFO - Processing file /home/airflow/.local/lib/python3.7/site-packages/airflow/example_dags/example_branch_operator.py for tasks to queue
[2023-04-16T18:10:27.857+0000] {logging_mixin.py:137} INFO - [2023-04-16T18:10:27.857+0000] {dagbag.py:532} INFO - Filling up the DagBag from /home/airflow/.local/lib/python3.7/site-packages/airflow/example_dags/example_branch_operator.py
[2023-04-16T18:10:27.882+0000] {processor.py:753} INFO - DAG(s) dict_keys(['example_branch_operator']) retrieved from /home/airflow/.local/lib/python3.7/site-packages/airflow/example_dags/example_branch_operator.py
[2023-04-16T18:10:27.936+0000] {logging_mixin.py:137} INFO - [2023-04-16T18:10:27.936+0000] {dag.py:2705} INFO - Sync 1 DAGs
[2023-04-16T18:10:27.997+0000] {logging_mixin.py:137} INFO - [2023-04-16T18:10:27.997+0000] {dag.py:3456} INFO - Setting next_dagrun for example_branch_operator to 2023-04-15T00:00:00+00:00, run_after=2023-04-16T00:00:00+00:00
[2023-04-16T18:10:28.032+0000] {processor.py:175} INFO - Processing /home/airflow/.local/lib/python3.7/site-packages/airflow/example_dags/example_branch_operator.py took 0.183 seconds
[2023-04-16T18:10:58.563+0000] {processor.py:153} INFO - Started process (PID=1185) to work on /home/airflow/.local/lib/python3.7/site-packages/airflow/example_dags/example_branch_operator.py
[2023-04-16T18:10:58.564+0000] {processor.py:743} INFO - Processing file /home/airflow/.local/lib/python3.7/site-packages/airflow/example_dags/example_branch_operator.py for tasks to queue
[2023-04-16T18:10:58.565+0000] {logging_mixin.py:137} INFO - [2023-04-16T18:10:58.565+0000] {dagbag.py:532} INFO - Filling up the DagBag from /home/airflow/.local/lib/python3.7/site-packages/airflow/example_dags/example_branch_operator.py
[2023-04-16T18:10:58.590+0000] {processor.py:753} INFO - DAG(s) dict_keys(['example_branch_operator']) retrieved from /home/airflow/.local/lib/python3.7/site-packages/airflow/example_dags/example_branch_operator.py
[2023-04-16T18:10:58.631+0000] {logging_mixin.py:137} INFO - [2023-04-16T18:10:58.631+0000] {dag.py:2705} INFO - Sync 1 DAGs
[2023-04-16T18:10:58.669+0000] {logging_mixin.py:137} INFO - [2023-04-16T18:10:58.669+0000] {dag.py:3456} INFO - Setting next_dagrun for example_branch_operator to 2023-04-15T00:00:00+00:00, run_after=2023-04-16T00:00:00+00:00
[2023-04-16T18:10:58.694+0000] {processor.py:175} INFO - Processing /home/airflow/.local/lib/python3.7/site-packages/airflow/example_dags/example_branch_operator.py took 0.137 seconds
[2023-04-16T18:11:29.429+0000] {processor.py:153} INFO - Started process (PID=1236) to work on /home/airflow/.local/lib/python3.7/site-packages/airflow/example_dags/example_branch_operator.py
[2023-04-16T18:11:29.431+0000] {processor.py:743} INFO - Processing file /home/airflow/.local/lib/python3.7/site-packages/airflow/example_dags/example_branch_operator.py for tasks to queue
[2023-04-16T18:11:29.432+0000] {logging_mixin.py:137} INFO - [2023-04-16T18:11:29.432+0000] {dagbag.py:532} INFO - Filling up the DagBag from /home/airflow/.local/lib/python3.7/site-packages/airflow/example_dags/example_branch_operator.py
[2023-04-16T18:11:29.456+0000] {processor.py:753} INFO - DAG(s) dict_keys(['example_branch_operator']) retrieved from /home/airflow/.local/lib/python3.7/site-packages/airflow/example_dags/example_branch_operator.py
[2023-04-16T18:11:29.497+0000] {logging_mixin.py:137} INFO - [2023-04-16T18:11:29.497+0000] {dag.py:2705} INFO - Sync 1 DAGs
[2023-04-16T18:11:29.535+0000] {logging_mixin.py:137} INFO - [2023-04-16T18:11:29.535+0000] {dag.py:3456} INFO - Setting next_dagrun for example_branch_operator to 2023-04-15T00:00:00+00:00, run_after=2023-04-16T00:00:00+00:00
[2023-04-16T18:11:29.564+0000] {processor.py:175} INFO - Processing /home/airflow/.local/lib/python3.7/site-packages/airflow/example_dags/example_branch_operator.py took 0.140 seconds
[2023-04-16T18:12:00.144+0000] {processor.py:153} INFO - Started process (PID=1286) to work on /home/airflow/.local/lib/python3.7/site-packages/airflow/example_dags/example_branch_operator.py
[2023-04-16T18:12:00.145+0000] {processor.py:743} INFO - Processing file /home/airflow/.local/lib/python3.7/site-packages/airflow/example_dags/example_branch_operator.py for tasks to queue
[2023-04-16T18:12:00.146+0000] {logging_mixin.py:137} INFO - [2023-04-16T18:12:00.145+0000] {dagbag.py:532} INFO - Filling up the DagBag from /home/airflow/.local/lib/python3.7/site-packages/airflow/example_dags/example_branch_operator.py
[2023-04-16T18:12:00.174+0000] {processor.py:753} INFO - DAG(s) dict_keys(['example_branch_operator']) retrieved from /home/airflow/.local/lib/python3.7/site-packages/airflow/example_dags/example_branch_operator.py
[2023-04-16T18:12:00.217+0000] {logging_mixin.py:137} INFO - [2023-04-16T18:12:00.217+0000] {dag.py:2705} INFO - Sync 1 DAGs
[2023-04-16T18:12:00.255+0000] {logging_mixin.py:137} INFO - [2023-04-16T18:12:00.255+0000] {dag.py:3456} INFO - Setting next_dagrun for example_branch_operator to 2023-04-15T00:00:00+00:00, run_after=2023-04-16T00:00:00+00:00
[2023-04-16T18:12:00.279+0000] {processor.py:175} INFO - Processing /home/airflow/.local/lib/python3.7/site-packages/airflow/example_dags/example_branch_operator.py took 0.141 seconds
[2023-04-16T18:12:30.708+0000] {processor.py:153} INFO - Started process (PID=1336) to work on /home/airflow/.local/lib/python3.7/site-packages/airflow/example_dags/example_branch_operator.py
[2023-04-16T18:12:30.710+0000] {processor.py:743} INFO - Processing file /home/airflow/.local/lib/python3.7/site-packages/airflow/example_dags/example_branch_operator.py for tasks to queue
[2023-04-16T18:12:30.711+0000] {logging_mixin.py:137} INFO - [2023-04-16T18:12:30.711+0000] {dagbag.py:532} INFO - Filling up the DagBag from /home/airflow/.local/lib/python3.7/site-packages/airflow/example_dags/example_branch_operator.py
[2023-04-16T18:12:30.739+0000] {processor.py:753} INFO - DAG(s) dict_keys(['example_branch_operator']) retrieved from /home/airflow/.local/lib/python3.7/site-packages/airflow/example_dags/example_branch_operator.py
[2023-04-16T18:12:30.792+0000] {logging_mixin.py:137} INFO - [2023-04-16T18:12:30.792+0000] {dag.py:2705} INFO - Sync 1 DAGs
[2023-04-16T18:12:30.845+0000] {logging_mixin.py:137} INFO - [2023-04-16T18:12:30.845+0000] {dag.py:3456} INFO - Setting next_dagrun for example_branch_operator to 2023-04-15T00:00:00+00:00, run_after=2023-04-16T00:00:00+00:00
[2023-04-16T18:12:30.882+0000] {processor.py:175} INFO - Processing /home/airflow/.local/lib/python3.7/site-packages/airflow/example_dags/example_branch_operator.py took 0.179 seconds
[2023-04-16T18:13:01.392+0000] {processor.py:153} INFO - Started process (PID=1386) to work on /home/airflow/.local/lib/python3.7/site-packages/airflow/example_dags/example_branch_operator.py
[2023-04-16T18:13:01.394+0000] {processor.py:743} INFO - Processing file /home/airflow/.local/lib/python3.7/site-packages/airflow/example_dags/example_branch_operator.py for tasks to queue
[2023-04-16T18:13:01.395+0000] {logging_mixin.py:137} INFO - [2023-04-16T18:13:01.395+0000] {dagbag.py:532} INFO - Filling up the DagBag from /home/airflow/.local/lib/python3.7/site-packages/airflow/example_dags/example_branch_operator.py
[2023-04-16T18:13:01.424+0000] {processor.py:753} INFO - DAG(s) dict_keys(['example_branch_operator']) retrieved from /home/airflow/.local/lib/python3.7/site-packages/airflow/example_dags/example_branch_operator.py
[2023-04-16T18:13:01.465+0000] {logging_mixin.py:137} INFO - [2023-04-16T18:13:01.465+0000] {dag.py:2705} INFO - Sync 1 DAGs
[2023-04-16T18:13:01.503+0000] {logging_mixin.py:137} INFO - [2023-04-16T18:13:01.503+0000] {dag.py:3456} INFO - Setting next_dagrun for example_branch_operator to 2023-04-15T00:00:00+00:00, run_after=2023-04-16T00:00:00+00:00
[2023-04-16T18:13:01.527+0000] {processor.py:175} INFO - Processing /home/airflow/.local/lib/python3.7/site-packages/airflow/example_dags/example_branch_operator.py took 0.143 seconds
[2023-04-16T18:13:32.079+0000] {processor.py:153} INFO - Started process (PID=1437) to work on /home/airflow/.local/lib/python3.7/site-packages/airflow/example_dags/example_branch_operator.py
[2023-04-16T18:13:32.080+0000] {processor.py:743} INFO - Processing file /home/airflow/.local/lib/python3.7/site-packages/airflow/example_dags/example_branch_operator.py for tasks to queue
[2023-04-16T18:13:32.081+0000] {logging_mixin.py:137} INFO - [2023-04-16T18:13:32.081+0000] {dagbag.py:532} INFO - Filling up the DagBag from /home/airflow/.local/lib/python3.7/site-packages/airflow/example_dags/example_branch_operator.py
[2023-04-16T18:13:32.107+0000] {processor.py:753} INFO - DAG(s) dict_keys(['example_branch_operator']) retrieved from /home/airflow/.local/lib/python3.7/site-packages/airflow/example_dags/example_branch_operator.py
[2023-04-16T18:13:32.158+0000] {logging_mixin.py:137} INFO - [2023-04-16T18:13:32.158+0000] {dag.py:2705} INFO - Sync 1 DAGs
[2023-04-16T18:13:32.217+0000] {logging_mixin.py:137} INFO - [2023-04-16T18:13:32.217+0000] {dag.py:3456} INFO - Setting next_dagrun for example_branch_operator to 2023-04-15T00:00:00+00:00, run_after=2023-04-16T00:00:00+00:00
[2023-04-16T18:13:32.252+0000] {processor.py:175} INFO - Processing /home/airflow/.local/lib/python3.7/site-packages/airflow/example_dags/example_branch_operator.py took 0.178 seconds
[2023-04-16T18:14:02.633+0000] {processor.py:153} INFO - Started process (PID=1488) to work on /home/airflow/.local/lib/python3.7/site-packages/airflow/example_dags/example_branch_operator.py
[2023-04-16T18:14:02.634+0000] {processor.py:743} INFO - Processing file /home/airflow/.local/lib/python3.7/site-packages/airflow/example_dags/example_branch_operator.py for tasks to queue
[2023-04-16T18:14:02.635+0000] {logging_mixin.py:137} INFO - [2023-04-16T18:14:02.635+0000] {dagbag.py:532} INFO - Filling up the DagBag from /home/airflow/.local/lib/python3.7/site-packages/airflow/example_dags/example_branch_operator.py
[2023-04-16T18:14:02.660+0000] {processor.py:753} INFO - DAG(s) dict_keys(['example_branch_operator']) retrieved from /home/airflow/.local/lib/python3.7/site-packages/airflow/example_dags/example_branch_operator.py
[2023-04-16T18:14:02.701+0000] {logging_mixin.py:137} INFO - [2023-04-16T18:14:02.701+0000] {dag.py:2705} INFO - Sync 1 DAGs
[2023-04-16T18:14:02.739+0000] {logging_mixin.py:137} INFO - [2023-04-16T18:14:02.739+0000] {dag.py:3456} INFO - Setting next_dagrun for example_branch_operator to 2023-04-15T00:00:00+00:00, run_after=2023-04-16T00:00:00+00:00
[2023-04-16T18:14:02.764+0000] {processor.py:175} INFO - Processing /home/airflow/.local/lib/python3.7/site-packages/airflow/example_dags/example_branch_operator.py took 0.136 seconds
[2023-04-16T18:14:33.238+0000] {processor.py:153} INFO - Started process (PID=1538) to work on /home/airflow/.local/lib/python3.7/site-packages/airflow/example_dags/example_branch_operator.py
[2023-04-16T18:14:33.239+0000] {processor.py:743} INFO - Processing file /home/airflow/.local/lib/python3.7/site-packages/airflow/example_dags/example_branch_operator.py for tasks to queue
[2023-04-16T18:14:33.240+0000] {logging_mixin.py:137} INFO - [2023-04-16T18:14:33.240+0000] {dagbag.py:532} INFO - Filling up the DagBag from /home/airflow/.local/lib/python3.7/site-packages/airflow/example_dags/example_branch_operator.py
[2023-04-16T18:14:33.265+0000] {processor.py:753} INFO - DAG(s) dict_keys(['example_branch_operator']) retrieved from /home/airflow/.local/lib/python3.7/site-packages/airflow/example_dags/example_branch_operator.py
[2023-04-16T18:14:33.309+0000] {logging_mixin.py:137} INFO - [2023-04-16T18:14:33.309+0000] {dag.py:2705} INFO - Sync 1 DAGs
[2023-04-16T18:14:33.374+0000] {logging_mixin.py:137} INFO - [2023-04-16T18:14:33.374+0000] {dag.py:3456} INFO - Setting next_dagrun for example_branch_operator to 2023-04-15T00:00:00+00:00, run_after=2023-04-16T00:00:00+00:00
[2023-04-16T18:14:33.408+0000] {processor.py:175} INFO - Processing /home/airflow/.local/lib/python3.7/site-packages/airflow/example_dags/example_branch_operator.py took 0.175 seconds
[2023-04-16T18:15:04.028+0000] {processor.py:153} INFO - Started process (PID=1588) to work on /home/airflow/.local/lib/python3.7/site-packages/airflow/example_dags/example_branch_operator.py
[2023-04-16T18:15:04.030+0000] {processor.py:743} INFO - Processing file /home/airflow/.local/lib/python3.7/site-packages/airflow/example_dags/example_branch_operator.py for tasks to queue
[2023-04-16T18:15:04.031+0000] {logging_mixin.py:137} INFO - [2023-04-16T18:15:04.030+0000] {dagbag.py:532} INFO - Filling up the DagBag from /home/airflow/.local/lib/python3.7/site-packages/airflow/example_dags/example_branch_operator.py
[2023-04-16T18:15:04.058+0000] {processor.py:753} INFO - DAG(s) dict_keys(['example_branch_operator']) retrieved from /home/airflow/.local/lib/python3.7/site-packages/airflow/example_dags/example_branch_operator.py
[2023-04-16T18:15:04.101+0000] {logging_mixin.py:137} INFO - [2023-04-16T18:15:04.101+0000] {dag.py:2705} INFO - Sync 1 DAGs
[2023-04-16T18:15:04.140+0000] {logging_mixin.py:137} INFO - [2023-04-16T18:15:04.140+0000] {dag.py:3456} INFO - Setting next_dagrun for example_branch_operator to 2023-04-15T00:00:00+00:00, run_after=2023-04-16T00:00:00+00:00
[2023-04-16T18:15:04.174+0000] {processor.py:175} INFO - Processing /home/airflow/.local/lib/python3.7/site-packages/airflow/example_dags/example_branch_operator.py took 0.151 seconds
[2023-04-16T18:15:34.784+0000] {processor.py:153} INFO - Started process (PID=1638) to work on /home/airflow/.local/lib/python3.7/site-packages/airflow/example_dags/example_branch_operator.py
[2023-04-16T18:15:34.786+0000] {processor.py:743} INFO - Processing file /home/airflow/.local/lib/python3.7/site-packages/airflow/example_dags/example_branch_operator.py for tasks to queue
[2023-04-16T18:15:34.786+0000] {logging_mixin.py:137} INFO - [2023-04-16T18:15:34.786+0000] {dagbag.py:532} INFO - Filling up the DagBag from /home/airflow/.local/lib/python3.7/site-packages/airflow/example_dags/example_branch_operator.py
[2023-04-16T18:15:34.813+0000] {processor.py:753} INFO - DAG(s) dict_keys(['example_branch_operator']) retrieved from /home/airflow/.local/lib/python3.7/site-packages/airflow/example_dags/example_branch_operator.py
[2023-04-16T18:15:34.855+0000] {logging_mixin.py:137} INFO - [2023-04-16T18:15:34.855+0000] {dag.py:2705} INFO - Sync 1 DAGs
[2023-04-16T18:15:34.894+0000] {logging_mixin.py:137} INFO - [2023-04-16T18:15:34.894+0000] {dag.py:3456} INFO - Setting next_dagrun for example_branch_operator to 2023-04-15T00:00:00+00:00, run_after=2023-04-16T00:00:00+00:00
[2023-04-16T18:15:34.920+0000] {processor.py:175} INFO - Processing /home/airflow/.local/lib/python3.7/site-packages/airflow/example_dags/example_branch_operator.py took 0.142 seconds
[2023-04-16T18:16:05.564+0000] {processor.py:153} INFO - Started process (PID=1688) to work on /home/airflow/.local/lib/python3.7/site-packages/airflow/example_dags/example_branch_operator.py
[2023-04-16T18:16:05.565+0000] {processor.py:743} INFO - Processing file /home/airflow/.local/lib/python3.7/site-packages/airflow/example_dags/example_branch_operator.py for tasks to queue
[2023-04-16T18:16:05.566+0000] {logging_mixin.py:137} INFO - [2023-04-16T18:16:05.566+0000] {dagbag.py:532} INFO - Filling up the DagBag from /home/airflow/.local/lib/python3.7/site-packages/airflow/example_dags/example_branch_operator.py
[2023-04-16T18:16:05.590+0000] {processor.py:753} INFO - DAG(s) dict_keys(['example_branch_operator']) retrieved from /home/airflow/.local/lib/python3.7/site-packages/airflow/example_dags/example_branch_operator.py
[2023-04-16T18:16:05.631+0000] {logging_mixin.py:137} INFO - [2023-04-16T18:16:05.631+0000] {dag.py:2705} INFO - Sync 1 DAGs
[2023-04-16T18:16:05.670+0000] {logging_mixin.py:137} INFO - [2023-04-16T18:16:05.670+0000] {dag.py:3456} INFO - Setting next_dagrun for example_branch_operator to 2023-04-15T00:00:00+00:00, run_after=2023-04-16T00:00:00+00:00
[2023-04-16T18:16:05.694+0000] {processor.py:175} INFO - Processing /home/airflow/.local/lib/python3.7/site-packages/airflow/example_dags/example_branch_operator.py took 0.136 seconds
[2023-04-16T18:16:36.079+0000] {processor.py:153} INFO - Started process (PID=1738) to work on /home/airflow/.local/lib/python3.7/site-packages/airflow/example_dags/example_branch_operator.py
[2023-04-16T18:16:36.080+0000] {processor.py:743} INFO - Processing file /home/airflow/.local/lib/python3.7/site-packages/airflow/example_dags/example_branch_operator.py for tasks to queue
[2023-04-16T18:16:36.081+0000] {logging_mixin.py:137} INFO - [2023-04-16T18:16:36.081+0000] {dagbag.py:532} INFO - Filling up the DagBag from /home/airflow/.local/lib/python3.7/site-packages/airflow/example_dags/example_branch_operator.py
[2023-04-16T18:16:36.106+0000] {processor.py:753} INFO - DAG(s) dict_keys(['example_branch_operator']) retrieved from /home/airflow/.local/lib/python3.7/site-packages/airflow/example_dags/example_branch_operator.py
[2023-04-16T18:16:36.148+0000] {logging_mixin.py:137} INFO - [2023-04-16T18:16:36.148+0000] {dag.py:2705} INFO - Sync 1 DAGs
[2023-04-16T18:16:36.186+0000] {logging_mixin.py:137} INFO - [2023-04-16T18:16:36.185+0000] {dag.py:3456} INFO - Setting next_dagrun for example_branch_operator to 2023-04-15T00:00:00+00:00, run_after=2023-04-16T00:00:00+00:00
[2023-04-16T18:16:36.209+0000] {processor.py:175} INFO - Processing /home/airflow/.local/lib/python3.7/site-packages/airflow/example_dags/example_branch_operator.py took 0.136 seconds
[2023-04-16T18:17:06.812+0000] {processor.py:153} INFO - Started process (PID=1788) to work on /home/airflow/.local/lib/python3.7/site-packages/airflow/example_dags/example_branch_operator.py
[2023-04-16T18:17:06.813+0000] {processor.py:743} INFO - Processing file /home/airflow/.local/lib/python3.7/site-packages/airflow/example_dags/example_branch_operator.py for tasks to queue
[2023-04-16T18:17:06.814+0000] {logging_mixin.py:137} INFO - [2023-04-16T18:17:06.814+0000] {dagbag.py:532} INFO - Filling up the DagBag from /home/airflow/.local/lib/python3.7/site-packages/airflow/example_dags/example_branch_operator.py
[2023-04-16T18:17:06.840+0000] {processor.py:753} INFO - DAG(s) dict_keys(['example_branch_operator']) retrieved from /home/airflow/.local/lib/python3.7/site-packages/airflow/example_dags/example_branch_operator.py
[2023-04-16T18:17:06.900+0000] {logging_mixin.py:137} INFO - [2023-04-16T18:17:06.900+0000] {dag.py:2705} INFO - Sync 1 DAGs
[2023-04-16T18:17:06.961+0000] {logging_mixin.py:137} INFO - [2023-04-16T18:17:06.960+0000] {dag.py:3456} INFO - Setting next_dagrun for example_branch_operator to 2023-04-15T00:00:00+00:00, run_after=2023-04-16T00:00:00+00:00
[2023-04-16T18:17:06.991+0000] {processor.py:175} INFO - Processing /home/airflow/.local/lib/python3.7/site-packages/airflow/example_dags/example_branch_operator.py took 0.184 seconds
[2023-04-16T18:17:37.609+0000] {processor.py:153} INFO - Started process (PID=1838) to work on /home/airflow/.local/lib/python3.7/site-packages/airflow/example_dags/example_branch_operator.py
[2023-04-16T18:17:37.611+0000] {processor.py:743} INFO - Processing file /home/airflow/.local/lib/python3.7/site-packages/airflow/example_dags/example_branch_operator.py for tasks to queue
[2023-04-16T18:17:37.613+0000] {logging_mixin.py:137} INFO - [2023-04-16T18:17:37.612+0000] {dagbag.py:532} INFO - Filling up the DagBag from /home/airflow/.local/lib/python3.7/site-packages/airflow/example_dags/example_branch_operator.py
[2023-04-16T18:17:37.646+0000] {processor.py:753} INFO - DAG(s) dict_keys(['example_branch_operator']) retrieved from /home/airflow/.local/lib/python3.7/site-packages/airflow/example_dags/example_branch_operator.py
[2023-04-16T18:17:37.701+0000] {logging_mixin.py:137} INFO - [2023-04-16T18:17:37.701+0000] {dag.py:2705} INFO - Sync 1 DAGs
[2023-04-16T18:17:37.759+0000] {logging_mixin.py:137} INFO - [2023-04-16T18:17:37.759+0000] {dag.py:3456} INFO - Setting next_dagrun for example_branch_operator to 2023-04-15T00:00:00+00:00, run_after=2023-04-16T00:00:00+00:00
[2023-04-16T18:17:37.795+0000] {processor.py:175} INFO - Processing /home/airflow/.local/lib/python3.7/site-packages/airflow/example_dags/example_branch_operator.py took 0.193 seconds
[2023-04-16T18:18:08.424+0000] {processor.py:153} INFO - Started process (PID=1888) to work on /home/airflow/.local/lib/python3.7/site-packages/airflow/example_dags/example_branch_operator.py
[2023-04-16T18:18:08.425+0000] {processor.py:743} INFO - Processing file /home/airflow/.local/lib/python3.7/site-packages/airflow/example_dags/example_branch_operator.py for tasks to queue
[2023-04-16T18:18:08.426+0000] {logging_mixin.py:137} INFO - [2023-04-16T18:18:08.426+0000] {dagbag.py:532} INFO - Filling up the DagBag from /home/airflow/.local/lib/python3.7/site-packages/airflow/example_dags/example_branch_operator.py
[2023-04-16T18:18:08.457+0000] {processor.py:753} INFO - DAG(s) dict_keys(['example_branch_operator']) retrieved from /home/airflow/.local/lib/python3.7/site-packages/airflow/example_dags/example_branch_operator.py
[2023-04-16T18:18:08.512+0000] {logging_mixin.py:137} INFO - [2023-04-16T18:18:08.511+0000] {dag.py:2705} INFO - Sync 1 DAGs
[2023-04-16T18:18:08.563+0000] {logging_mixin.py:137} INFO - [2023-04-16T18:18:08.563+0000] {dag.py:3456} INFO - Setting next_dagrun for example_branch_operator to 2023-04-15T00:00:00+00:00, run_after=2023-04-16T00:00:00+00:00
[2023-04-16T18:18:08.594+0000] {processor.py:175} INFO - Processing /home/airflow/.local/lib/python3.7/site-packages/airflow/example_dags/example_branch_operator.py took 0.175 seconds
[2023-04-16T18:18:39.016+0000] {processor.py:153} INFO - Started process (PID=1938) to work on /home/airflow/.local/lib/python3.7/site-packages/airflow/example_dags/example_branch_operator.py
[2023-04-16T18:18:39.022+0000] {processor.py:743} INFO - Processing file /home/airflow/.local/lib/python3.7/site-packages/airflow/example_dags/example_branch_operator.py for tasks to queue
[2023-04-16T18:18:39.023+0000] {logging_mixin.py:137} INFO - [2023-04-16T18:18:39.022+0000] {dagbag.py:532} INFO - Filling up the DagBag from /home/airflow/.local/lib/python3.7/site-packages/airflow/example_dags/example_branch_operator.py
[2023-04-16T18:18:39.047+0000] {processor.py:753} INFO - DAG(s) dict_keys(['example_branch_operator']) retrieved from /home/airflow/.local/lib/python3.7/site-packages/airflow/example_dags/example_branch_operator.py
[2023-04-16T18:18:39.090+0000] {logging_mixin.py:137} INFO - [2023-04-16T18:18:39.090+0000] {dag.py:2705} INFO - Sync 1 DAGs
[2023-04-16T18:18:39.128+0000] {logging_mixin.py:137} INFO - [2023-04-16T18:18:39.127+0000] {dag.py:3456} INFO - Setting next_dagrun for example_branch_operator to 2023-04-15T00:00:00+00:00, run_after=2023-04-16T00:00:00+00:00
[2023-04-16T18:18:39.156+0000] {processor.py:175} INFO - Processing /home/airflow/.local/lib/python3.7/site-packages/airflow/example_dags/example_branch_operator.py took 0.146 seconds
[2023-04-16T18:19:09.765+0000] {processor.py:153} INFO - Started process (PID=1988) to work on /home/airflow/.local/lib/python3.7/site-packages/airflow/example_dags/example_branch_operator.py
[2023-04-16T18:19:09.766+0000] {processor.py:743} INFO - Processing file /home/airflow/.local/lib/python3.7/site-packages/airflow/example_dags/example_branch_operator.py for tasks to queue
[2023-04-16T18:19:09.767+0000] {logging_mixin.py:137} INFO - [2023-04-16T18:19:09.767+0000] {dagbag.py:532} INFO - Filling up the DagBag from /home/airflow/.local/lib/python3.7/site-packages/airflow/example_dags/example_branch_operator.py
[2023-04-16T18:19:09.796+0000] {processor.py:753} INFO - DAG(s) dict_keys(['example_branch_operator']) retrieved from /home/airflow/.local/lib/python3.7/site-packages/airflow/example_dags/example_branch_operator.py
[2023-04-16T18:19:09.837+0000] {logging_mixin.py:137} INFO - [2023-04-16T18:19:09.837+0000] {dag.py:2705} INFO - Sync 1 DAGs
[2023-04-16T18:19:09.875+0000] {logging_mixin.py:137} INFO - [2023-04-16T18:19:09.874+0000] {dag.py:3456} INFO - Setting next_dagrun for example_branch_operator to 2023-04-15T00:00:00+00:00, run_after=2023-04-16T00:00:00+00:00
[2023-04-16T18:19:09.900+0000] {processor.py:175} INFO - Processing /home/airflow/.local/lib/python3.7/site-packages/airflow/example_dags/example_branch_operator.py took 0.141 seconds
[2023-04-16T18:19:40.577+0000] {processor.py:153} INFO - Started process (PID=2045) to work on /home/airflow/.local/lib/python3.7/site-packages/airflow/example_dags/example_branch_operator.py
[2023-04-16T18:19:40.579+0000] {processor.py:743} INFO - Processing file /home/airflow/.local/lib/python3.7/site-packages/airflow/example_dags/example_branch_operator.py for tasks to queue
[2023-04-16T18:19:40.580+0000] {logging_mixin.py:137} INFO - [2023-04-16T18:19:40.580+0000] {dagbag.py:532} INFO - Filling up the DagBag from /home/airflow/.local/lib/python3.7/site-packages/airflow/example_dags/example_branch_operator.py
[2023-04-16T18:19:40.614+0000] {processor.py:753} INFO - DAG(s) dict_keys(['example_branch_operator']) retrieved from /home/airflow/.local/lib/python3.7/site-packages/airflow/example_dags/example_branch_operator.py
[2023-04-16T18:19:40.686+0000] {logging_mixin.py:137} INFO - [2023-04-16T18:19:40.686+0000] {dag.py:2705} INFO - Sync 1 DAGs
[2023-04-16T18:19:40.751+0000] {logging_mixin.py:137} INFO - [2023-04-16T18:19:40.751+0000] {dag.py:3456} INFO - Setting next_dagrun for example_branch_operator to 2023-04-15T00:00:00+00:00, run_after=2023-04-16T00:00:00+00:00
[2023-04-16T18:19:40.775+0000] {processor.py:175} INFO - Processing /home/airflow/.local/lib/python3.7/site-packages/airflow/example_dags/example_branch_operator.py took 0.203 seconds
[2023-04-16T18:20:11.282+0000] {processor.py:153} INFO - Started process (PID=2095) to work on /home/airflow/.local/lib/python3.7/site-packages/airflow/example_dags/example_branch_operator.py
[2023-04-16T18:20:11.283+0000] {processor.py:743} INFO - Processing file /home/airflow/.local/lib/python3.7/site-packages/airflow/example_dags/example_branch_operator.py for tasks to queue
[2023-04-16T18:20:11.285+0000] {logging_mixin.py:137} INFO - [2023-04-16T18:20:11.284+0000] {dagbag.py:532} INFO - Filling up the DagBag from /home/airflow/.local/lib/python3.7/site-packages/airflow/example_dags/example_branch_operator.py
[2023-04-16T18:20:11.318+0000] {processor.py:753} INFO - DAG(s) dict_keys(['example_branch_operator']) retrieved from /home/airflow/.local/lib/python3.7/site-packages/airflow/example_dags/example_branch_operator.py
[2023-04-16T18:20:11.374+0000] {logging_mixin.py:137} INFO - [2023-04-16T18:20:11.374+0000] {dag.py:2705} INFO - Sync 1 DAGs
[2023-04-16T18:20:11.431+0000] {logging_mixin.py:137} INFO - [2023-04-16T18:20:11.431+0000] {dag.py:3456} INFO - Setting next_dagrun for example_branch_operator to 2023-04-15T00:00:00+00:00, run_after=2023-04-16T00:00:00+00:00
[2023-04-16T18:20:11.465+0000] {processor.py:175} INFO - Processing /home/airflow/.local/lib/python3.7/site-packages/airflow/example_dags/example_branch_operator.py took 0.192 seconds
[2023-04-16T18:20:41.947+0000] {processor.py:153} INFO - Started process (PID=2146) to work on /home/airflow/.local/lib/python3.7/site-packages/airflow/example_dags/example_branch_operator.py
[2023-04-16T18:20:41.949+0000] {processor.py:743} INFO - Processing file /home/airflow/.local/lib/python3.7/site-packages/airflow/example_dags/example_branch_operator.py for tasks to queue
[2023-04-16T18:20:41.950+0000] {logging_mixin.py:137} INFO - [2023-04-16T18:20:41.950+0000] {dagbag.py:532} INFO - Filling up the DagBag from /home/airflow/.local/lib/python3.7/site-packages/airflow/example_dags/example_branch_operator.py
[2023-04-16T18:20:41.984+0000] {processor.py:753} INFO - DAG(s) dict_keys(['example_branch_operator']) retrieved from /home/airflow/.local/lib/python3.7/site-packages/airflow/example_dags/example_branch_operator.py
[2023-04-16T18:20:42.025+0000] {logging_mixin.py:137} INFO - [2023-04-16T18:20:42.025+0000] {dag.py:2705} INFO - Sync 1 DAGs
[2023-04-16T18:20:42.066+0000] {logging_mixin.py:137} INFO - [2023-04-16T18:20:42.066+0000] {dag.py:3456} INFO - Setting next_dagrun for example_branch_operator to 2023-04-15T00:00:00+00:00, run_after=2023-04-16T00:00:00+00:00
[2023-04-16T18:20:42.093+0000] {processor.py:175} INFO - Processing /home/airflow/.local/lib/python3.7/site-packages/airflow/example_dags/example_branch_operator.py took 0.154 seconds
[2023-04-16T18:21:12.543+0000] {processor.py:153} INFO - Started process (PID=2196) to work on /home/airflow/.local/lib/python3.7/site-packages/airflow/example_dags/example_branch_operator.py
[2023-04-16T18:21:12.545+0000] {processor.py:743} INFO - Processing file /home/airflow/.local/lib/python3.7/site-packages/airflow/example_dags/example_branch_operator.py for tasks to queue
[2023-04-16T18:21:12.546+0000] {logging_mixin.py:137} INFO - [2023-04-16T18:21:12.546+0000] {dagbag.py:532} INFO - Filling up the DagBag from /home/airflow/.local/lib/python3.7/site-packages/airflow/example_dags/example_branch_operator.py
[2023-04-16T18:21:12.574+0000] {processor.py:753} INFO - DAG(s) dict_keys(['example_branch_operator']) retrieved from /home/airflow/.local/lib/python3.7/site-packages/airflow/example_dags/example_branch_operator.py
[2023-04-16T18:21:12.617+0000] {logging_mixin.py:137} INFO - [2023-04-16T18:21:12.616+0000] {dag.py:2705} INFO - Sync 1 DAGs
[2023-04-16T18:21:12.655+0000] {logging_mixin.py:137} INFO - [2023-04-16T18:21:12.654+0000] {dag.py:3456} INFO - Setting next_dagrun for example_branch_operator to 2023-04-15T00:00:00+00:00, run_after=2023-04-16T00:00:00+00:00
[2023-04-16T18:21:12.679+0000] {processor.py:175} INFO - Processing /home/airflow/.local/lib/python3.7/site-packages/airflow/example_dags/example_branch_operator.py took 0.144 seconds
[2023-04-16T18:21:42.805+0000] {processor.py:153} INFO - Started process (PID=2246) to work on /home/airflow/.local/lib/python3.7/site-packages/airflow/example_dags/example_branch_operator.py
[2023-04-16T18:21:42.806+0000] {processor.py:743} INFO - Processing file /home/airflow/.local/lib/python3.7/site-packages/airflow/example_dags/example_branch_operator.py for tasks to queue
[2023-04-16T18:21:42.807+0000] {logging_mixin.py:137} INFO - [2023-04-16T18:21:42.807+0000] {dagbag.py:532} INFO - Filling up the DagBag from /home/airflow/.local/lib/python3.7/site-packages/airflow/example_dags/example_branch_operator.py
[2023-04-16T18:21:42.839+0000] {processor.py:753} INFO - DAG(s) dict_keys(['example_branch_operator']) retrieved from /home/airflow/.local/lib/python3.7/site-packages/airflow/example_dags/example_branch_operator.py
[2023-04-16T18:21:42.880+0000] {logging_mixin.py:137} INFO - [2023-04-16T18:21:42.880+0000] {dag.py:2705} INFO - Sync 1 DAGs
[2023-04-16T18:21:42.920+0000] {logging_mixin.py:137} INFO - [2023-04-16T18:21:42.920+0000] {dag.py:3456} INFO - Setting next_dagrun for example_branch_operator to 2023-04-15T00:00:00+00:00, run_after=2023-04-16T00:00:00+00:00
[2023-04-16T18:21:42.948+0000] {processor.py:175} INFO - Processing /home/airflow/.local/lib/python3.7/site-packages/airflow/example_dags/example_branch_operator.py took 0.149 seconds
[2023-04-16T18:22:13.167+0000] {processor.py:153} INFO - Started process (PID=2296) to work on /home/airflow/.local/lib/python3.7/site-packages/airflow/example_dags/example_branch_operator.py
[2023-04-16T18:22:13.168+0000] {processor.py:743} INFO - Processing file /home/airflow/.local/lib/python3.7/site-packages/airflow/example_dags/example_branch_operator.py for tasks to queue
[2023-04-16T18:22:13.169+0000] {logging_mixin.py:137} INFO - [2023-04-16T18:22:13.169+0000] {dagbag.py:532} INFO - Filling up the DagBag from /home/airflow/.local/lib/python3.7/site-packages/airflow/example_dags/example_branch_operator.py
[2023-04-16T18:22:13.193+0000] {processor.py:753} INFO - DAG(s) dict_keys(['example_branch_operator']) retrieved from /home/airflow/.local/lib/python3.7/site-packages/airflow/example_dags/example_branch_operator.py
[2023-04-16T18:22:13.233+0000] {logging_mixin.py:137} INFO - [2023-04-16T18:22:13.233+0000] {dag.py:2705} INFO - Sync 1 DAGs
[2023-04-16T18:22:13.271+0000] {logging_mixin.py:137} INFO - [2023-04-16T18:22:13.271+0000] {dag.py:3456} INFO - Setting next_dagrun for example_branch_operator to 2023-04-15T00:00:00+00:00, run_after=2023-04-16T00:00:00+00:00
[2023-04-16T18:22:13.297+0000] {processor.py:175} INFO - Processing /home/airflow/.local/lib/python3.7/site-packages/airflow/example_dags/example_branch_operator.py took 0.136 seconds
[2023-04-16T18:22:43.348+0000] {processor.py:153} INFO - Started process (PID=2345) to work on /home/airflow/.local/lib/python3.7/site-packages/airflow/example_dags/example_branch_operator.py
[2023-04-16T18:22:43.349+0000] {processor.py:743} INFO - Processing file /home/airflow/.local/lib/python3.7/site-packages/airflow/example_dags/example_branch_operator.py for tasks to queue
[2023-04-16T18:22:43.350+0000] {logging_mixin.py:137} INFO - [2023-04-16T18:22:43.349+0000] {dagbag.py:532} INFO - Filling up the DagBag from /home/airflow/.local/lib/python3.7/site-packages/airflow/example_dags/example_branch_operator.py
[2023-04-16T18:22:43.374+0000] {processor.py:753} INFO - DAG(s) dict_keys(['example_branch_operator']) retrieved from /home/airflow/.local/lib/python3.7/site-packages/airflow/example_dags/example_branch_operator.py
[2023-04-16T18:22:43.416+0000] {logging_mixin.py:137} INFO - [2023-04-16T18:22:43.416+0000] {dag.py:2705} INFO - Sync 1 DAGs
[2023-04-16T18:22:43.455+0000] {logging_mixin.py:137} INFO - [2023-04-16T18:22:43.455+0000] {dag.py:3456} INFO - Setting next_dagrun for example_branch_operator to 2023-04-15T00:00:00+00:00, run_after=2023-04-16T00:00:00+00:00
[2023-04-16T18:22:43.482+0000] {processor.py:175} INFO - Processing /home/airflow/.local/lib/python3.7/site-packages/airflow/example_dags/example_branch_operator.py took 0.140 seconds
[2023-04-16T18:23:13.730+0000] {processor.py:153} INFO - Started process (PID=2396) to work on /home/airflow/.local/lib/python3.7/site-packages/airflow/example_dags/example_branch_operator.py
[2023-04-16T18:23:13.731+0000] {processor.py:743} INFO - Processing file /home/airflow/.local/lib/python3.7/site-packages/airflow/example_dags/example_branch_operator.py for tasks to queue
[2023-04-16T18:23:13.732+0000] {logging_mixin.py:137} INFO - [2023-04-16T18:23:13.732+0000] {dagbag.py:532} INFO - Filling up the DagBag from /home/airflow/.local/lib/python3.7/site-packages/airflow/example_dags/example_branch_operator.py
[2023-04-16T18:23:13.758+0000] {processor.py:753} INFO - DAG(s) dict_keys(['example_branch_operator']) retrieved from /home/airflow/.local/lib/python3.7/site-packages/airflow/example_dags/example_branch_operator.py
[2023-04-16T18:23:13.809+0000] {logging_mixin.py:137} INFO - [2023-04-16T18:23:13.808+0000] {dag.py:2705} INFO - Sync 1 DAGs
[2023-04-16T18:23:13.862+0000] {logging_mixin.py:137} INFO - [2023-04-16T18:23:13.862+0000] {dag.py:3456} INFO - Setting next_dagrun for example_branch_operator to 2023-04-15T00:00:00+00:00, run_after=2023-04-16T00:00:00+00:00
[2023-04-16T18:23:13.899+0000] {processor.py:175} INFO - Processing /home/airflow/.local/lib/python3.7/site-packages/airflow/example_dags/example_branch_operator.py took 0.175 seconds
[2023-04-16T18:23:44.226+0000] {processor.py:153} INFO - Started process (PID=2446) to work on /home/airflow/.local/lib/python3.7/site-packages/airflow/example_dags/example_branch_operator.py
[2023-04-16T18:23:44.227+0000] {processor.py:743} INFO - Processing file /home/airflow/.local/lib/python3.7/site-packages/airflow/example_dags/example_branch_operator.py for tasks to queue
[2023-04-16T18:23:44.228+0000] {logging_mixin.py:137} INFO - [2023-04-16T18:23:44.228+0000] {dagbag.py:532} INFO - Filling up the DagBag from /home/airflow/.local/lib/python3.7/site-packages/airflow/example_dags/example_branch_operator.py
[2023-04-16T18:23:44.253+0000] {processor.py:753} INFO - DAG(s) dict_keys(['example_branch_operator']) retrieved from /home/airflow/.local/lib/python3.7/site-packages/airflow/example_dags/example_branch_operator.py
[2023-04-16T18:23:44.294+0000] {logging_mixin.py:137} INFO - [2023-04-16T18:23:44.294+0000] {dag.py:2705} INFO - Sync 1 DAGs
[2023-04-16T18:23:44.333+0000] {logging_mixin.py:137} INFO - [2023-04-16T18:23:44.333+0000] {dag.py:3456} INFO - Setting next_dagrun for example_branch_operator to 2023-04-15T00:00:00+00:00, run_after=2023-04-16T00:00:00+00:00
[2023-04-16T18:23:44.361+0000] {processor.py:175} INFO - Processing /home/airflow/.local/lib/python3.7/site-packages/airflow/example_dags/example_branch_operator.py took 0.140 seconds
[2023-04-16T18:24:14.612+0000] {processor.py:153} INFO - Started process (PID=2496) to work on /home/airflow/.local/lib/python3.7/site-packages/airflow/example_dags/example_branch_operator.py
[2023-04-16T18:24:14.614+0000] {processor.py:743} INFO - Processing file /home/airflow/.local/lib/python3.7/site-packages/airflow/example_dags/example_branch_operator.py for tasks to queue
[2023-04-16T18:24:14.615+0000] {logging_mixin.py:137} INFO - [2023-04-16T18:24:14.614+0000] {dagbag.py:532} INFO - Filling up the DagBag from /home/airflow/.local/lib/python3.7/site-packages/airflow/example_dags/example_branch_operator.py
[2023-04-16T18:24:14.640+0000] {processor.py:753} INFO - DAG(s) dict_keys(['example_branch_operator']) retrieved from /home/airflow/.local/lib/python3.7/site-packages/airflow/example_dags/example_branch_operator.py
[2023-04-16T18:24:14.681+0000] {logging_mixin.py:137} INFO - [2023-04-16T18:24:14.681+0000] {dag.py:2705} INFO - Sync 1 DAGs
[2023-04-16T18:24:14.719+0000] {logging_mixin.py:137} INFO - [2023-04-16T18:24:14.718+0000] {dag.py:3456} INFO - Setting next_dagrun for example_branch_operator to 2023-04-15T00:00:00+00:00, run_after=2023-04-16T00:00:00+00:00
[2023-04-16T18:24:14.743+0000] {processor.py:175} INFO - Processing /home/airflow/.local/lib/python3.7/site-packages/airflow/example_dags/example_branch_operator.py took 0.136 seconds
[2023-04-16T18:24:44.828+0000] {processor.py:153} INFO - Started process (PID=2546) to work on /home/airflow/.local/lib/python3.7/site-packages/airflow/example_dags/example_branch_operator.py
[2023-04-16T18:24:44.829+0000] {processor.py:743} INFO - Processing file /home/airflow/.local/lib/python3.7/site-packages/airflow/example_dags/example_branch_operator.py for tasks to queue
[2023-04-16T18:24:44.830+0000] {logging_mixin.py:137} INFO - [2023-04-16T18:24:44.830+0000] {dagbag.py:532} INFO - Filling up the DagBag from /home/airflow/.local/lib/python3.7/site-packages/airflow/example_dags/example_branch_operator.py
[2023-04-16T18:24:44.858+0000] {processor.py:753} INFO - DAG(s) dict_keys(['example_branch_operator']) retrieved from /home/airflow/.local/lib/python3.7/site-packages/airflow/example_dags/example_branch_operator.py
[2023-04-16T18:24:44.901+0000] {logging_mixin.py:137} INFO - [2023-04-16T18:24:44.901+0000] {dag.py:2705} INFO - Sync 1 DAGs
[2023-04-16T18:24:44.939+0000] {logging_mixin.py:137} INFO - [2023-04-16T18:24:44.939+0000] {dag.py:3456} INFO - Setting next_dagrun for example_branch_operator to 2023-04-15T00:00:00+00:00, run_after=2023-04-16T00:00:00+00:00
[2023-04-16T18:24:44.964+0000] {processor.py:175} INFO - Processing /home/airflow/.local/lib/python3.7/site-packages/airflow/example_dags/example_branch_operator.py took 0.141 seconds
[2023-04-16T18:25:15.763+0000] {processor.py:153} INFO - Started process (PID=2595) to work on /home/airflow/.local/lib/python3.7/site-packages/airflow/example_dags/example_branch_operator.py
[2023-04-16T18:25:15.765+0000] {processor.py:743} INFO - Processing file /home/airflow/.local/lib/python3.7/site-packages/airflow/example_dags/example_branch_operator.py for tasks to queue
[2023-04-16T18:25:15.766+0000] {logging_mixin.py:137} INFO - [2023-04-16T18:25:15.766+0000] {dagbag.py:532} INFO - Filling up the DagBag from /home/airflow/.local/lib/python3.7/site-packages/airflow/example_dags/example_branch_operator.py
[2023-04-16T18:25:15.790+0000] {processor.py:753} INFO - DAG(s) dict_keys(['example_branch_operator']) retrieved from /home/airflow/.local/lib/python3.7/site-packages/airflow/example_dags/example_branch_operator.py
[2023-04-16T18:25:15.846+0000] {logging_mixin.py:137} INFO - [2023-04-16T18:25:15.845+0000] {dag.py:2705} INFO - Sync 1 DAGs
[2023-04-16T18:25:15.893+0000] {logging_mixin.py:137} INFO - [2023-04-16T18:25:15.893+0000] {dag.py:3456} INFO - Setting next_dagrun for example_branch_operator to 2023-04-15T00:00:00+00:00, run_after=2023-04-16T00:00:00+00:00
[2023-04-16T18:25:15.918+0000] {processor.py:175} INFO - Processing /home/airflow/.local/lib/python3.7/site-packages/airflow/example_dags/example_branch_operator.py took 0.160 seconds
[2023-04-16T18:25:46.507+0000] {processor.py:153} INFO - Started process (PID=2646) to work on /home/airflow/.local/lib/python3.7/site-packages/airflow/example_dags/example_branch_operator.py
[2023-04-16T18:25:46.508+0000] {processor.py:743} INFO - Processing file /home/airflow/.local/lib/python3.7/site-packages/airflow/example_dags/example_branch_operator.py for tasks to queue
[2023-04-16T18:25:46.509+0000] {logging_mixin.py:137} INFO - [2023-04-16T18:25:46.509+0000] {dagbag.py:532} INFO - Filling up the DagBag from /home/airflow/.local/lib/python3.7/site-packages/airflow/example_dags/example_branch_operator.py
[2023-04-16T18:25:46.535+0000] {processor.py:753} INFO - DAG(s) dict_keys(['example_branch_operator']) retrieved from /home/airflow/.local/lib/python3.7/site-packages/airflow/example_dags/example_branch_operator.py
[2023-04-16T18:25:46.576+0000] {logging_mixin.py:137} INFO - [2023-04-16T18:25:46.576+0000] {dag.py:2705} INFO - Sync 1 DAGs
[2023-04-16T18:25:46.620+0000] {logging_mixin.py:137} INFO - [2023-04-16T18:25:46.620+0000] {dag.py:3456} INFO - Setting next_dagrun for example_branch_operator to 2023-04-15T00:00:00+00:00, run_after=2023-04-16T00:00:00+00:00
[2023-04-16T18:25:46.645+0000] {processor.py:175} INFO - Processing /home/airflow/.local/lib/python3.7/site-packages/airflow/example_dags/example_branch_operator.py took 0.144 seconds
[2023-04-16T18:26:17.194+0000] {processor.py:153} INFO - Started process (PID=2695) to work on /home/airflow/.local/lib/python3.7/site-packages/airflow/example_dags/example_branch_operator.py
[2023-04-16T18:26:17.195+0000] {processor.py:743} INFO - Processing file /home/airflow/.local/lib/python3.7/site-packages/airflow/example_dags/example_branch_operator.py for tasks to queue
[2023-04-16T18:26:17.196+0000] {logging_mixin.py:137} INFO - [2023-04-16T18:26:17.195+0000] {dagbag.py:532} INFO - Filling up the DagBag from /home/airflow/.local/lib/python3.7/site-packages/airflow/example_dags/example_branch_operator.py
[2023-04-16T18:26:17.219+0000] {processor.py:753} INFO - DAG(s) dict_keys(['example_branch_operator']) retrieved from /home/airflow/.local/lib/python3.7/site-packages/airflow/example_dags/example_branch_operator.py
[2023-04-16T18:26:17.260+0000] {logging_mixin.py:137} INFO - [2023-04-16T18:26:17.260+0000] {dag.py:2705} INFO - Sync 1 DAGs
[2023-04-16T18:26:17.298+0000] {logging_mixin.py:137} INFO - [2023-04-16T18:26:17.298+0000] {dag.py:3456} INFO - Setting next_dagrun for example_branch_operator to 2023-04-15T00:00:00+00:00, run_after=2023-04-16T00:00:00+00:00
[2023-04-16T18:26:17.328+0000] {processor.py:175} INFO - Processing /home/airflow/.local/lib/python3.7/site-packages/airflow/example_dags/example_branch_operator.py took 0.140 seconds
[2023-04-16T18:26:47.993+0000] {processor.py:153} INFO - Started process (PID=2745) to work on /home/airflow/.local/lib/python3.7/site-packages/airflow/example_dags/example_branch_operator.py
[2023-04-16T18:26:47.995+0000] {processor.py:743} INFO - Processing file /home/airflow/.local/lib/python3.7/site-packages/airflow/example_dags/example_branch_operator.py for tasks to queue
[2023-04-16T18:26:47.997+0000] {logging_mixin.py:137} INFO - [2023-04-16T18:26:47.996+0000] {dagbag.py:532} INFO - Filling up the DagBag from /home/airflow/.local/lib/python3.7/site-packages/airflow/example_dags/example_branch_operator.py
[2023-04-16T18:26:48.024+0000] {processor.py:753} INFO - DAG(s) dict_keys(['example_branch_operator']) retrieved from /home/airflow/.local/lib/python3.7/site-packages/airflow/example_dags/example_branch_operator.py
[2023-04-16T18:26:48.066+0000] {logging_mixin.py:137} INFO - [2023-04-16T18:26:48.066+0000] {dag.py:2705} INFO - Sync 1 DAGs
[2023-04-16T18:26:48.105+0000] {logging_mixin.py:137} INFO - [2023-04-16T18:26:48.105+0000] {dag.py:3456} INFO - Setting next_dagrun for example_branch_operator to 2023-04-15T00:00:00+00:00, run_after=2023-04-16T00:00:00+00:00
[2023-04-16T18:26:48.137+0000] {processor.py:175} INFO - Processing /home/airflow/.local/lib/python3.7/site-packages/airflow/example_dags/example_branch_operator.py took 0.151 seconds
[2023-04-16T18:27:18.670+0000] {processor.py:153} INFO - Started process (PID=2795) to work on /home/airflow/.local/lib/python3.7/site-packages/airflow/example_dags/example_branch_operator.py
[2023-04-16T18:27:18.672+0000] {processor.py:743} INFO - Processing file /home/airflow/.local/lib/python3.7/site-packages/airflow/example_dags/example_branch_operator.py for tasks to queue
[2023-04-16T18:27:18.673+0000] {logging_mixin.py:137} INFO - [2023-04-16T18:27:18.673+0000] {dagbag.py:532} INFO - Filling up the DagBag from /home/airflow/.local/lib/python3.7/site-packages/airflow/example_dags/example_branch_operator.py
[2023-04-16T18:27:18.703+0000] {processor.py:753} INFO - DAG(s) dict_keys(['example_branch_operator']) retrieved from /home/airflow/.local/lib/python3.7/site-packages/airflow/example_dags/example_branch_operator.py
[2023-04-16T18:27:18.745+0000] {logging_mixin.py:137} INFO - [2023-04-16T18:27:18.745+0000] {dag.py:2705} INFO - Sync 1 DAGs
[2023-04-16T18:27:18.783+0000] {logging_mixin.py:137} INFO - [2023-04-16T18:27:18.783+0000] {dag.py:3456} INFO - Setting next_dagrun for example_branch_operator to 2023-04-15T00:00:00+00:00, run_after=2023-04-16T00:00:00+00:00
[2023-04-16T18:27:18.811+0000] {processor.py:175} INFO - Processing /home/airflow/.local/lib/python3.7/site-packages/airflow/example_dags/example_branch_operator.py took 0.146 seconds
[2023-04-16T18:27:49.414+0000] {processor.py:153} INFO - Started process (PID=2846) to work on /home/airflow/.local/lib/python3.7/site-packages/airflow/example_dags/example_branch_operator.py
[2023-04-16T18:27:49.415+0000] {processor.py:743} INFO - Processing file /home/airflow/.local/lib/python3.7/site-packages/airflow/example_dags/example_branch_operator.py for tasks to queue
[2023-04-16T18:27:49.416+0000] {logging_mixin.py:137} INFO - [2023-04-16T18:27:49.416+0000] {dagbag.py:532} INFO - Filling up the DagBag from /home/airflow/.local/lib/python3.7/site-packages/airflow/example_dags/example_branch_operator.py
[2023-04-16T18:27:49.441+0000] {processor.py:753} INFO - DAG(s) dict_keys(['example_branch_operator']) retrieved from /home/airflow/.local/lib/python3.7/site-packages/airflow/example_dags/example_branch_operator.py
[2023-04-16T18:27:49.483+0000] {logging_mixin.py:137} INFO - [2023-04-16T18:27:49.482+0000] {dag.py:2705} INFO - Sync 1 DAGs
[2023-04-16T18:27:49.525+0000] {logging_mixin.py:137} INFO - [2023-04-16T18:27:49.525+0000] {dag.py:3456} INFO - Setting next_dagrun for example_branch_operator to 2023-04-15T00:00:00+00:00, run_after=2023-04-16T00:00:00+00:00
[2023-04-16T18:27:49.554+0000] {processor.py:175} INFO - Processing /home/airflow/.local/lib/python3.7/site-packages/airflow/example_dags/example_branch_operator.py took 0.147 seconds
[2023-04-16T18:28:19.962+0000] {processor.py:153} INFO - Started process (PID=2896) to work on /home/airflow/.local/lib/python3.7/site-packages/airflow/example_dags/example_branch_operator.py
[2023-04-16T18:28:19.963+0000] {processor.py:743} INFO - Processing file /home/airflow/.local/lib/python3.7/site-packages/airflow/example_dags/example_branch_operator.py for tasks to queue
[2023-04-16T18:28:19.965+0000] {logging_mixin.py:137} INFO - [2023-04-16T18:28:19.964+0000] {dagbag.py:532} INFO - Filling up the DagBag from /home/airflow/.local/lib/python3.7/site-packages/airflow/example_dags/example_branch_operator.py
[2023-04-16T18:28:20.000+0000] {processor.py:753} INFO - DAG(s) dict_keys(['example_branch_operator']) retrieved from /home/airflow/.local/lib/python3.7/site-packages/airflow/example_dags/example_branch_operator.py
[2023-04-16T18:28:20.043+0000] {logging_mixin.py:137} INFO - [2023-04-16T18:28:20.043+0000] {dag.py:2705} INFO - Sync 1 DAGs
[2023-04-16T18:28:20.081+0000] {logging_mixin.py:137} INFO - [2023-04-16T18:28:20.081+0000] {dag.py:3456} INFO - Setting next_dagrun for example_branch_operator to 2023-04-15T00:00:00+00:00, run_after=2023-04-16T00:00:00+00:00
[2023-04-16T18:28:20.107+0000] {processor.py:175} INFO - Processing /home/airflow/.local/lib/python3.7/site-packages/airflow/example_dags/example_branch_operator.py took 0.152 seconds
[2023-04-16T18:28:50.625+0000] {processor.py:153} INFO - Started process (PID=2946) to work on /home/airflow/.local/lib/python3.7/site-packages/airflow/example_dags/example_branch_operator.py
[2023-04-16T18:28:50.626+0000] {processor.py:743} INFO - Processing file /home/airflow/.local/lib/python3.7/site-packages/airflow/example_dags/example_branch_operator.py for tasks to queue
[2023-04-16T18:28:50.627+0000] {logging_mixin.py:137} INFO - [2023-04-16T18:28:50.627+0000] {dagbag.py:532} INFO - Filling up the DagBag from /home/airflow/.local/lib/python3.7/site-packages/airflow/example_dags/example_branch_operator.py
[2023-04-16T18:28:50.651+0000] {processor.py:753} INFO - DAG(s) dict_keys(['example_branch_operator']) retrieved from /home/airflow/.local/lib/python3.7/site-packages/airflow/example_dags/example_branch_operator.py
[2023-04-16T18:28:50.693+0000] {logging_mixin.py:137} INFO - [2023-04-16T18:28:50.693+0000] {dag.py:2705} INFO - Sync 1 DAGs
[2023-04-16T18:28:50.731+0000] {logging_mixin.py:137} INFO - [2023-04-16T18:28:50.731+0000] {dag.py:3456} INFO - Setting next_dagrun for example_branch_operator to 2023-04-15T00:00:00+00:00, run_after=2023-04-16T00:00:00+00:00
[2023-04-16T18:28:50.762+0000] {processor.py:175} INFO - Processing /home/airflow/.local/lib/python3.7/site-packages/airflow/example_dags/example_branch_operator.py took 0.142 seconds
[2023-04-16T18:29:21.450+0000] {processor.py:153} INFO - Started process (PID=2997) to work on /home/airflow/.local/lib/python3.7/site-packages/airflow/example_dags/example_branch_operator.py
[2023-04-16T18:29:21.451+0000] {processor.py:743} INFO - Processing file /home/airflow/.local/lib/python3.7/site-packages/airflow/example_dags/example_branch_operator.py for tasks to queue
[2023-04-16T18:29:21.452+0000] {logging_mixin.py:137} INFO - [2023-04-16T18:29:21.452+0000] {dagbag.py:532} INFO - Filling up the DagBag from /home/airflow/.local/lib/python3.7/site-packages/airflow/example_dags/example_branch_operator.py
[2023-04-16T18:29:21.477+0000] {processor.py:753} INFO - DAG(s) dict_keys(['example_branch_operator']) retrieved from /home/airflow/.local/lib/python3.7/site-packages/airflow/example_dags/example_branch_operator.py
[2023-04-16T18:29:21.518+0000] {logging_mixin.py:137} INFO - [2023-04-16T18:29:21.518+0000] {dag.py:2705} INFO - Sync 1 DAGs
[2023-04-16T18:29:21.558+0000] {logging_mixin.py:137} INFO - [2023-04-16T18:29:21.557+0000] {dag.py:3456} INFO - Setting next_dagrun for example_branch_operator to 2023-04-15T00:00:00+00:00, run_after=2023-04-16T00:00:00+00:00
[2023-04-16T18:29:21.587+0000] {processor.py:175} INFO - Processing /home/airflow/.local/lib/python3.7/site-packages/airflow/example_dags/example_branch_operator.py took 0.142 seconds
[2023-04-16T18:29:52.000+0000] {processor.py:153} INFO - Started process (PID=3048) to work on /home/airflow/.local/lib/python3.7/site-packages/airflow/example_dags/example_branch_operator.py
[2023-04-16T18:29:52.002+0000] {processor.py:743} INFO - Processing file /home/airflow/.local/lib/python3.7/site-packages/airflow/example_dags/example_branch_operator.py for tasks to queue
[2023-04-16T18:29:52.003+0000] {logging_mixin.py:137} INFO - [2023-04-16T18:29:52.003+0000] {dagbag.py:532} INFO - Filling up the DagBag from /home/airflow/.local/lib/python3.7/site-packages/airflow/example_dags/example_branch_operator.py
[2023-04-16T18:29:52.029+0000] {processor.py:753} INFO - DAG(s) dict_keys(['example_branch_operator']) retrieved from /home/airflow/.local/lib/python3.7/site-packages/airflow/example_dags/example_branch_operator.py
[2023-04-16T18:29:52.071+0000] {logging_mixin.py:137} INFO - [2023-04-16T18:29:52.071+0000] {dag.py:2705} INFO - Sync 1 DAGs
[2023-04-16T18:29:52.109+0000] {logging_mixin.py:137} INFO - [2023-04-16T18:29:52.109+0000] {dag.py:3456} INFO - Setting next_dagrun for example_branch_operator to 2023-04-15T00:00:00+00:00, run_after=2023-04-16T00:00:00+00:00
[2023-04-16T18:29:52.134+0000] {processor.py:175} INFO - Processing /home/airflow/.local/lib/python3.7/site-packages/airflow/example_dags/example_branch_operator.py took 0.139 seconds
[2023-04-16T18:30:22.697+0000] {processor.py:153} INFO - Started process (PID=3098) to work on /home/airflow/.local/lib/python3.7/site-packages/airflow/example_dags/example_branch_operator.py
[2023-04-16T18:30:22.698+0000] {processor.py:743} INFO - Processing file /home/airflow/.local/lib/python3.7/site-packages/airflow/example_dags/example_branch_operator.py for tasks to queue
[2023-04-16T18:30:22.699+0000] {logging_mixin.py:137} INFO - [2023-04-16T18:30:22.699+0000] {dagbag.py:532} INFO - Filling up the DagBag from /home/airflow/.local/lib/python3.7/site-packages/airflow/example_dags/example_branch_operator.py
[2023-04-16T18:30:22.724+0000] {processor.py:753} INFO - DAG(s) dict_keys(['example_branch_operator']) retrieved from /home/airflow/.local/lib/python3.7/site-packages/airflow/example_dags/example_branch_operator.py
[2023-04-16T18:30:22.765+0000] {logging_mixin.py:137} INFO - [2023-04-16T18:30:22.765+0000] {dag.py:2705} INFO - Sync 1 DAGs
[2023-04-16T18:30:22.807+0000] {logging_mixin.py:137} INFO - [2023-04-16T18:30:22.807+0000] {dag.py:3456} INFO - Setting next_dagrun for example_branch_operator to 2023-04-15T00:00:00+00:00, run_after=2023-04-16T00:00:00+00:00
[2023-04-16T18:30:22.836+0000] {processor.py:175} INFO - Processing /home/airflow/.local/lib/python3.7/site-packages/airflow/example_dags/example_branch_operator.py took 0.146 seconds
