[2023-04-16T17:59:23.919+0000] {processor.py:153} INFO - Started process (PID=70) to work on /home/airflow/.local/lib/python3.7/site-packages/airflow/example_dags/example_sla_dag.py
[2023-04-16T17:59:23.920+0000] {processor.py:743} INFO - Processing file /home/airflow/.local/lib/python3.7/site-packages/airflow/example_dags/example_sla_dag.py for tasks to queue
[2023-04-16T17:59:23.922+0000] {logging_mixin.py:137} INFO - [2023-04-16T17:59:23.922+0000] {dagbag.py:532} INFO - Filling up the DagBag from /home/airflow/.local/lib/python3.7/site-packages/airflow/example_dags/example_sla_dag.py
[2023-04-16T17:59:23.967+0000] {processor.py:753} INFO - DAG(s) dict_keys(['example_sla_dag']) retrieved from /home/airflow/.local/lib/python3.7/site-packages/airflow/example_dags/example_sla_dag.py
[2023-04-16T17:59:24.016+0000] {logging_mixin.py:137} INFO - [2023-04-16T17:59:24.016+0000] {dag.py:2705} INFO - Sync 1 DAGs
[2023-04-16T17:59:24.071+0000] {logging_mixin.py:137} INFO - [2023-04-16T17:59:24.071+0000] {dag.py:3456} INFO - Setting next_dagrun for example_sla_dag to 2023-04-16T17:56:00+00:00, run_after=2023-04-16T17:58:00+00:00
[2023-04-16T17:59:24.100+0000] {processor.py:175} INFO - Processing /home/airflow/.local/lib/python3.7/site-packages/airflow/example_dags/example_sla_dag.py took 0.188 seconds
[2023-04-16T17:59:54.610+0000] {processor.py:153} INFO - Started process (PID=120) to work on /home/airflow/.local/lib/python3.7/site-packages/airflow/example_dags/example_sla_dag.py
[2023-04-16T17:59:54.611+0000] {processor.py:743} INFO - Processing file /home/airflow/.local/lib/python3.7/site-packages/airflow/example_dags/example_sla_dag.py for tasks to queue
[2023-04-16T17:59:54.612+0000] {logging_mixin.py:137} INFO - [2023-04-16T17:59:54.611+0000] {dagbag.py:532} INFO - Filling up the DagBag from /home/airflow/.local/lib/python3.7/site-packages/airflow/example_dags/example_sla_dag.py
[2023-04-16T17:59:54.644+0000] {processor.py:753} INFO - DAG(s) dict_keys(['example_sla_dag']) retrieved from /home/airflow/.local/lib/python3.7/site-packages/airflow/example_dags/example_sla_dag.py
[2023-04-16T17:59:54.682+0000] {logging_mixin.py:137} INFO - [2023-04-16T17:59:54.681+0000] {dag.py:2705} INFO - Sync 1 DAGs
[2023-04-16T17:59:54.730+0000] {logging_mixin.py:137} INFO - [2023-04-16T17:59:54.729+0000] {dag.py:3456} INFO - Setting next_dagrun for example_sla_dag to 2023-04-16T17:56:00+00:00, run_after=2023-04-16T17:58:00+00:00
[2023-04-16T17:59:54.756+0000] {processor.py:175} INFO - Processing /home/airflow/.local/lib/python3.7/site-packages/airflow/example_dags/example_sla_dag.py took 0.151 seconds
[2023-04-16T18:00:24.996+0000] {processor.py:153} INFO - Started process (PID=171) to work on /home/airflow/.local/lib/python3.7/site-packages/airflow/example_dags/example_sla_dag.py
[2023-04-16T18:00:24.998+0000] {processor.py:743} INFO - Processing file /home/airflow/.local/lib/python3.7/site-packages/airflow/example_dags/example_sla_dag.py for tasks to queue
[2023-04-16T18:00:24.999+0000] {logging_mixin.py:137} INFO - [2023-04-16T18:00:24.998+0000] {dagbag.py:532} INFO - Filling up the DagBag from /home/airflow/.local/lib/python3.7/site-packages/airflow/example_dags/example_sla_dag.py
[2023-04-16T18:00:25.032+0000] {processor.py:753} INFO - DAG(s) dict_keys(['example_sla_dag']) retrieved from /home/airflow/.local/lib/python3.7/site-packages/airflow/example_dags/example_sla_dag.py
[2023-04-16T18:00:25.072+0000] {logging_mixin.py:137} INFO - [2023-04-16T18:00:25.072+0000] {dag.py:2705} INFO - Sync 1 DAGs
[2023-04-16T18:00:25.139+0000] {logging_mixin.py:137} INFO - [2023-04-16T18:00:25.139+0000] {dag.py:3456} INFO - Setting next_dagrun for example_sla_dag to 2023-04-16T17:58:00+00:00, run_after=2023-04-16T18:00:00+00:00
[2023-04-16T18:00:25.173+0000] {processor.py:175} INFO - Processing /home/airflow/.local/lib/python3.7/site-packages/airflow/example_dags/example_sla_dag.py took 0.182 seconds
[2023-04-16T18:00:55.356+0000] {processor.py:153} INFO - Started process (PID=221) to work on /home/airflow/.local/lib/python3.7/site-packages/airflow/example_dags/example_sla_dag.py
[2023-04-16T18:00:55.358+0000] {processor.py:743} INFO - Processing file /home/airflow/.local/lib/python3.7/site-packages/airflow/example_dags/example_sla_dag.py for tasks to queue
[2023-04-16T18:00:55.359+0000] {logging_mixin.py:137} INFO - [2023-04-16T18:00:55.359+0000] {dagbag.py:532} INFO - Filling up the DagBag from /home/airflow/.local/lib/python3.7/site-packages/airflow/example_dags/example_sla_dag.py
[2023-04-16T18:00:55.400+0000] {processor.py:753} INFO - DAG(s) dict_keys(['example_sla_dag']) retrieved from /home/airflow/.local/lib/python3.7/site-packages/airflow/example_dags/example_sla_dag.py
[2023-04-16T18:00:55.438+0000] {logging_mixin.py:137} INFO - [2023-04-16T18:00:55.438+0000] {dag.py:2705} INFO - Sync 1 DAGs
[2023-04-16T18:00:55.487+0000] {logging_mixin.py:137} INFO - [2023-04-16T18:00:55.487+0000] {dag.py:3456} INFO - Setting next_dagrun for example_sla_dag to 2023-04-16T17:58:00+00:00, run_after=2023-04-16T18:00:00+00:00
[2023-04-16T18:00:55.512+0000] {processor.py:175} INFO - Processing /home/airflow/.local/lib/python3.7/site-packages/airflow/example_dags/example_sla_dag.py took 0.162 seconds
[2023-04-16T18:01:25.637+0000] {processor.py:153} INFO - Started process (PID=271) to work on /home/airflow/.local/lib/python3.7/site-packages/airflow/example_dags/example_sla_dag.py
[2023-04-16T18:01:25.638+0000] {processor.py:743} INFO - Processing file /home/airflow/.local/lib/python3.7/site-packages/airflow/example_dags/example_sla_dag.py for tasks to queue
[2023-04-16T18:01:25.639+0000] {logging_mixin.py:137} INFO - [2023-04-16T18:01:25.638+0000] {dagbag.py:532} INFO - Filling up the DagBag from /home/airflow/.local/lib/python3.7/site-packages/airflow/example_dags/example_sla_dag.py
[2023-04-16T18:01:25.671+0000] {processor.py:753} INFO - DAG(s) dict_keys(['example_sla_dag']) retrieved from /home/airflow/.local/lib/python3.7/site-packages/airflow/example_dags/example_sla_dag.py
[2023-04-16T18:01:25.712+0000] {logging_mixin.py:137} INFO - [2023-04-16T18:01:25.712+0000] {dag.py:2705} INFO - Sync 1 DAGs
[2023-04-16T18:01:25.757+0000] {logging_mixin.py:137} INFO - [2023-04-16T18:01:25.757+0000] {dag.py:3456} INFO - Setting next_dagrun for example_sla_dag to 2023-04-16T17:58:00+00:00, run_after=2023-04-16T18:00:00+00:00
[2023-04-16T18:01:25.785+0000] {processor.py:175} INFO - Processing /home/airflow/.local/lib/python3.7/site-packages/airflow/example_dags/example_sla_dag.py took 0.154 seconds
[2023-04-16T18:01:56.255+0000] {processor.py:153} INFO - Started process (PID=321) to work on /home/airflow/.local/lib/python3.7/site-packages/airflow/example_dags/example_sla_dag.py
[2023-04-16T18:01:56.257+0000] {processor.py:743} INFO - Processing file /home/airflow/.local/lib/python3.7/site-packages/airflow/example_dags/example_sla_dag.py for tasks to queue
[2023-04-16T18:01:56.258+0000] {logging_mixin.py:137} INFO - [2023-04-16T18:01:56.257+0000] {dagbag.py:532} INFO - Filling up the DagBag from /home/airflow/.local/lib/python3.7/site-packages/airflow/example_dags/example_sla_dag.py
[2023-04-16T18:01:56.291+0000] {processor.py:753} INFO - DAG(s) dict_keys(['example_sla_dag']) retrieved from /home/airflow/.local/lib/python3.7/site-packages/airflow/example_dags/example_sla_dag.py
[2023-04-16T18:01:56.329+0000] {logging_mixin.py:137} INFO - [2023-04-16T18:01:56.328+0000] {dag.py:2705} INFO - Sync 1 DAGs
[2023-04-16T18:01:56.370+0000] {logging_mixin.py:137} INFO - [2023-04-16T18:01:56.369+0000] {dag.py:3456} INFO - Setting next_dagrun for example_sla_dag to 2023-04-16T17:58:00+00:00, run_after=2023-04-16T18:00:00+00:00
[2023-04-16T18:01:56.394+0000] {processor.py:175} INFO - Processing /home/airflow/.local/lib/python3.7/site-packages/airflow/example_dags/example_sla_dag.py took 0.145 seconds
[2023-04-16T18:02:27.187+0000] {processor.py:153} INFO - Started process (PID=372) to work on /home/airflow/.local/lib/python3.7/site-packages/airflow/example_dags/example_sla_dag.py
[2023-04-16T18:02:27.188+0000] {processor.py:743} INFO - Processing file /home/airflow/.local/lib/python3.7/site-packages/airflow/example_dags/example_sla_dag.py for tasks to queue
[2023-04-16T18:02:27.189+0000] {logging_mixin.py:137} INFO - [2023-04-16T18:02:27.189+0000] {dagbag.py:532} INFO - Filling up the DagBag from /home/airflow/.local/lib/python3.7/site-packages/airflow/example_dags/example_sla_dag.py
[2023-04-16T18:02:27.228+0000] {processor.py:753} INFO - DAG(s) dict_keys(['example_sla_dag']) retrieved from /home/airflow/.local/lib/python3.7/site-packages/airflow/example_dags/example_sla_dag.py
[2023-04-16T18:02:27.270+0000] {logging_mixin.py:137} INFO - [2023-04-16T18:02:27.270+0000] {dag.py:2705} INFO - Sync 1 DAGs
[2023-04-16T18:02:27.311+0000] {logging_mixin.py:137} INFO - [2023-04-16T18:02:27.311+0000] {dag.py:3456} INFO - Setting next_dagrun for example_sla_dag to 2023-04-16T18:00:00+00:00, run_after=2023-04-16T18:02:00+00:00
[2023-04-16T18:02:27.335+0000] {processor.py:175} INFO - Processing /home/airflow/.local/lib/python3.7/site-packages/airflow/example_dags/example_sla_dag.py took 0.154 seconds
[2023-04-16T18:02:57.992+0000] {processor.py:153} INFO - Started process (PID=423) to work on /home/airflow/.local/lib/python3.7/site-packages/airflow/example_dags/example_sla_dag.py
[2023-04-16T18:02:57.994+0000] {processor.py:743} INFO - Processing file /home/airflow/.local/lib/python3.7/site-packages/airflow/example_dags/example_sla_dag.py for tasks to queue
[2023-04-16T18:02:57.995+0000] {logging_mixin.py:137} INFO - [2023-04-16T18:02:57.995+0000] {dagbag.py:532} INFO - Filling up the DagBag from /home/airflow/.local/lib/python3.7/site-packages/airflow/example_dags/example_sla_dag.py
[2023-04-16T18:02:58.042+0000] {processor.py:753} INFO - DAG(s) dict_keys(['example_sla_dag']) retrieved from /home/airflow/.local/lib/python3.7/site-packages/airflow/example_dags/example_sla_dag.py
[2023-04-16T18:02:58.081+0000] {logging_mixin.py:137} INFO - [2023-04-16T18:02:58.081+0000] {dag.py:2705} INFO - Sync 1 DAGs
[2023-04-16T18:02:58.131+0000] {logging_mixin.py:137} INFO - [2023-04-16T18:02:58.131+0000] {dag.py:3456} INFO - Setting next_dagrun for example_sla_dag to 2023-04-16T18:00:00+00:00, run_after=2023-04-16T18:02:00+00:00
[2023-04-16T18:02:58.166+0000] {processor.py:175} INFO - Processing /home/airflow/.local/lib/python3.7/site-packages/airflow/example_dags/example_sla_dag.py took 0.181 seconds
[2023-04-16T18:03:28.910+0000] {processor.py:153} INFO - Started process (PID=473) to work on /home/airflow/.local/lib/python3.7/site-packages/airflow/example_dags/example_sla_dag.py
[2023-04-16T18:03:28.912+0000] {processor.py:743} INFO - Processing file /home/airflow/.local/lib/python3.7/site-packages/airflow/example_dags/example_sla_dag.py for tasks to queue
[2023-04-16T18:03:28.913+0000] {logging_mixin.py:137} INFO - [2023-04-16T18:03:28.913+0000] {dagbag.py:532} INFO - Filling up the DagBag from /home/airflow/.local/lib/python3.7/site-packages/airflow/example_dags/example_sla_dag.py
[2023-04-16T18:03:28.948+0000] {processor.py:753} INFO - DAG(s) dict_keys(['example_sla_dag']) retrieved from /home/airflow/.local/lib/python3.7/site-packages/airflow/example_dags/example_sla_dag.py
[2023-04-16T18:03:28.995+0000] {logging_mixin.py:137} INFO - [2023-04-16T18:03:28.995+0000] {dag.py:2705} INFO - Sync 1 DAGs
[2023-04-16T18:03:29.048+0000] {logging_mixin.py:137} INFO - [2023-04-16T18:03:29.048+0000] {dag.py:3456} INFO - Setting next_dagrun for example_sla_dag to 2023-04-16T18:00:00+00:00, run_after=2023-04-16T18:02:00+00:00
[2023-04-16T18:03:29.071+0000] {processor.py:175} INFO - Processing /home/airflow/.local/lib/python3.7/site-packages/airflow/example_dags/example_sla_dag.py took 0.167 seconds
[2023-04-16T18:03:59.226+0000] {processor.py:153} INFO - Started process (PID=522) to work on /home/airflow/.local/lib/python3.7/site-packages/airflow/example_dags/example_sla_dag.py
[2023-04-16T18:03:59.228+0000] {processor.py:743} INFO - Processing file /home/airflow/.local/lib/python3.7/site-packages/airflow/example_dags/example_sla_dag.py for tasks to queue
[2023-04-16T18:03:59.229+0000] {logging_mixin.py:137} INFO - [2023-04-16T18:03:59.229+0000] {dagbag.py:532} INFO - Filling up the DagBag from /home/airflow/.local/lib/python3.7/site-packages/airflow/example_dags/example_sla_dag.py
[2023-04-16T18:03:59.263+0000] {processor.py:753} INFO - DAG(s) dict_keys(['example_sla_dag']) retrieved from /home/airflow/.local/lib/python3.7/site-packages/airflow/example_dags/example_sla_dag.py
[2023-04-16T18:03:59.301+0000] {logging_mixin.py:137} INFO - [2023-04-16T18:03:59.301+0000] {dag.py:2705} INFO - Sync 1 DAGs
[2023-04-16T18:03:59.342+0000] {logging_mixin.py:137} INFO - [2023-04-16T18:03:59.342+0000] {dag.py:3456} INFO - Setting next_dagrun for example_sla_dag to 2023-04-16T18:00:00+00:00, run_after=2023-04-16T18:02:00+00:00
[2023-04-16T18:03:59.373+0000] {processor.py:175} INFO - Processing /home/airflow/.local/lib/python3.7/site-packages/airflow/example_dags/example_sla_dag.py took 0.152 seconds
[2023-04-16T18:04:29.417+0000] {processor.py:153} INFO - Started process (PID=572) to work on /home/airflow/.local/lib/python3.7/site-packages/airflow/example_dags/example_sla_dag.py
[2023-04-16T18:04:29.418+0000] {processor.py:743} INFO - Processing file /home/airflow/.local/lib/python3.7/site-packages/airflow/example_dags/example_sla_dag.py for tasks to queue
[2023-04-16T18:04:29.419+0000] {logging_mixin.py:137} INFO - [2023-04-16T18:04:29.419+0000] {dagbag.py:532} INFO - Filling up the DagBag from /home/airflow/.local/lib/python3.7/site-packages/airflow/example_dags/example_sla_dag.py
[2023-04-16T18:04:29.456+0000] {processor.py:753} INFO - DAG(s) dict_keys(['example_sla_dag']) retrieved from /home/airflow/.local/lib/python3.7/site-packages/airflow/example_dags/example_sla_dag.py
[2023-04-16T18:04:29.497+0000] {logging_mixin.py:137} INFO - [2023-04-16T18:04:29.497+0000] {dag.py:2705} INFO - Sync 1 DAGs
[2023-04-16T18:04:29.550+0000] {logging_mixin.py:137} INFO - [2023-04-16T18:04:29.549+0000] {dag.py:3456} INFO - Setting next_dagrun for example_sla_dag to 2023-04-16T18:02:00+00:00, run_after=2023-04-16T18:04:00+00:00
[2023-04-16T18:04:29.575+0000] {processor.py:175} INFO - Processing /home/airflow/.local/lib/python3.7/site-packages/airflow/example_dags/example_sla_dag.py took 0.166 seconds
[2023-04-16T18:04:59.603+0000] {processor.py:153} INFO - Started process (PID=620) to work on /home/airflow/.local/lib/python3.7/site-packages/airflow/example_dags/example_sla_dag.py
[2023-04-16T18:04:59.605+0000] {processor.py:743} INFO - Processing file /home/airflow/.local/lib/python3.7/site-packages/airflow/example_dags/example_sla_dag.py for tasks to queue
[2023-04-16T18:04:59.606+0000] {logging_mixin.py:137} INFO - [2023-04-16T18:04:59.606+0000] {dagbag.py:532} INFO - Filling up the DagBag from /home/airflow/.local/lib/python3.7/site-packages/airflow/example_dags/example_sla_dag.py
[2023-04-16T18:04:59.639+0000] {processor.py:753} INFO - DAG(s) dict_keys(['example_sla_dag']) retrieved from /home/airflow/.local/lib/python3.7/site-packages/airflow/example_dags/example_sla_dag.py
[2023-04-16T18:04:59.675+0000] {logging_mixin.py:137} INFO - [2023-04-16T18:04:59.674+0000] {dag.py:2705} INFO - Sync 1 DAGs
[2023-04-16T18:04:59.715+0000] {logging_mixin.py:137} INFO - [2023-04-16T18:04:59.715+0000] {dag.py:3456} INFO - Setting next_dagrun for example_sla_dag to 2023-04-16T18:02:00+00:00, run_after=2023-04-16T18:04:00+00:00
[2023-04-16T18:04:59.738+0000] {processor.py:175} INFO - Processing /home/airflow/.local/lib/python3.7/site-packages/airflow/example_dags/example_sla_dag.py took 0.142 seconds
[2023-04-16T18:05:29.943+0000] {processor.py:153} INFO - Started process (PID=670) to work on /home/airflow/.local/lib/python3.7/site-packages/airflow/example_dags/example_sla_dag.py
[2023-04-16T18:05:29.945+0000] {processor.py:743} INFO - Processing file /home/airflow/.local/lib/python3.7/site-packages/airflow/example_dags/example_sla_dag.py for tasks to queue
[2023-04-16T18:05:29.946+0000] {logging_mixin.py:137} INFO - [2023-04-16T18:05:29.945+0000] {dagbag.py:532} INFO - Filling up the DagBag from /home/airflow/.local/lib/python3.7/site-packages/airflow/example_dags/example_sla_dag.py
[2023-04-16T18:05:29.978+0000] {processor.py:753} INFO - DAG(s) dict_keys(['example_sla_dag']) retrieved from /home/airflow/.local/lib/python3.7/site-packages/airflow/example_dags/example_sla_dag.py
[2023-04-16T18:05:30.015+0000] {logging_mixin.py:137} INFO - [2023-04-16T18:05:30.015+0000] {dag.py:2705} INFO - Sync 1 DAGs
[2023-04-16T18:05:30.055+0000] {logging_mixin.py:137} INFO - [2023-04-16T18:05:30.055+0000] {dag.py:3456} INFO - Setting next_dagrun for example_sla_dag to 2023-04-16T18:02:00+00:00, run_after=2023-04-16T18:04:00+00:00
[2023-04-16T18:05:30.080+0000] {processor.py:175} INFO - Processing /home/airflow/.local/lib/python3.7/site-packages/airflow/example_dags/example_sla_dag.py took 0.144 seconds
[2023-04-16T18:06:00.199+0000] {processor.py:153} INFO - Started process (PID=719) to work on /home/airflow/.local/lib/python3.7/site-packages/airflow/example_dags/example_sla_dag.py
[2023-04-16T18:06:00.201+0000] {processor.py:743} INFO - Processing file /home/airflow/.local/lib/python3.7/site-packages/airflow/example_dags/example_sla_dag.py for tasks to queue
[2023-04-16T18:06:00.202+0000] {logging_mixin.py:137} INFO - [2023-04-16T18:06:00.202+0000] {dagbag.py:532} INFO - Filling up the DagBag from /home/airflow/.local/lib/python3.7/site-packages/airflow/example_dags/example_sla_dag.py
[2023-04-16T18:06:00.239+0000] {processor.py:753} INFO - DAG(s) dict_keys(['example_sla_dag']) retrieved from /home/airflow/.local/lib/python3.7/site-packages/airflow/example_dags/example_sla_dag.py
[2023-04-16T18:06:00.275+0000] {logging_mixin.py:137} INFO - [2023-04-16T18:06:00.275+0000] {dag.py:2705} INFO - Sync 1 DAGs
[2023-04-16T18:06:00.315+0000] {logging_mixin.py:137} INFO - [2023-04-16T18:06:00.315+0000] {dag.py:3456} INFO - Setting next_dagrun for example_sla_dag to 2023-04-16T18:04:00+00:00, run_after=2023-04-16T18:06:00+00:00
[2023-04-16T18:06:00.340+0000] {processor.py:175} INFO - Processing /home/airflow/.local/lib/python3.7/site-packages/airflow/example_dags/example_sla_dag.py took 0.148 seconds
[2023-04-16T18:06:30.533+0000] {processor.py:153} INFO - Started process (PID=768) to work on /home/airflow/.local/lib/python3.7/site-packages/airflow/example_dags/example_sla_dag.py
[2023-04-16T18:06:30.534+0000] {processor.py:743} INFO - Processing file /home/airflow/.local/lib/python3.7/site-packages/airflow/example_dags/example_sla_dag.py for tasks to queue
[2023-04-16T18:06:30.535+0000] {logging_mixin.py:137} INFO - [2023-04-16T18:06:30.535+0000] {dagbag.py:532} INFO - Filling up the DagBag from /home/airflow/.local/lib/python3.7/site-packages/airflow/example_dags/example_sla_dag.py
[2023-04-16T18:06:30.568+0000] {processor.py:753} INFO - DAG(s) dict_keys(['example_sla_dag']) retrieved from /home/airflow/.local/lib/python3.7/site-packages/airflow/example_dags/example_sla_dag.py
[2023-04-16T18:06:30.604+0000] {logging_mixin.py:137} INFO - [2023-04-16T18:06:30.604+0000] {dag.py:2705} INFO - Sync 1 DAGs
[2023-04-16T18:06:30.645+0000] {logging_mixin.py:137} INFO - [2023-04-16T18:06:30.645+0000] {dag.py:3456} INFO - Setting next_dagrun for example_sla_dag to 2023-04-16T18:04:00+00:00, run_after=2023-04-16T18:06:00+00:00
[2023-04-16T18:06:30.670+0000] {processor.py:175} INFO - Processing /home/airflow/.local/lib/python3.7/site-packages/airflow/example_dags/example_sla_dag.py took 0.144 seconds
[2023-04-16T18:07:00.947+0000] {processor.py:153} INFO - Started process (PID=817) to work on /home/airflow/.local/lib/python3.7/site-packages/airflow/example_dags/example_sla_dag.py
[2023-04-16T18:07:00.949+0000] {processor.py:743} INFO - Processing file /home/airflow/.local/lib/python3.7/site-packages/airflow/example_dags/example_sla_dag.py for tasks to queue
[2023-04-16T18:07:00.950+0000] {logging_mixin.py:137} INFO - [2023-04-16T18:07:00.950+0000] {dagbag.py:532} INFO - Filling up the DagBag from /home/airflow/.local/lib/python3.7/site-packages/airflow/example_dags/example_sla_dag.py
[2023-04-16T18:07:00.988+0000] {processor.py:753} INFO - DAG(s) dict_keys(['example_sla_dag']) retrieved from /home/airflow/.local/lib/python3.7/site-packages/airflow/example_dags/example_sla_dag.py
[2023-04-16T18:07:01.026+0000] {logging_mixin.py:137} INFO - [2023-04-16T18:07:01.025+0000] {dag.py:2705} INFO - Sync 1 DAGs
[2023-04-16T18:07:01.068+0000] {logging_mixin.py:137} INFO - [2023-04-16T18:07:01.067+0000] {dag.py:3456} INFO - Setting next_dagrun for example_sla_dag to 2023-04-16T18:04:00+00:00, run_after=2023-04-16T18:06:00+00:00
[2023-04-16T18:07:01.093+0000] {processor.py:175} INFO - Processing /home/airflow/.local/lib/python3.7/site-packages/airflow/example_dags/example_sla_dag.py took 0.151 seconds
[2023-04-16T18:07:31.190+0000] {processor.py:153} INFO - Started process (PID=867) to work on /home/airflow/.local/lib/python3.7/site-packages/airflow/example_dags/example_sla_dag.py
[2023-04-16T18:07:31.192+0000] {processor.py:743} INFO - Processing file /home/airflow/.local/lib/python3.7/site-packages/airflow/example_dags/example_sla_dag.py for tasks to queue
[2023-04-16T18:07:31.193+0000] {logging_mixin.py:137} INFO - [2023-04-16T18:07:31.193+0000] {dagbag.py:532} INFO - Filling up the DagBag from /home/airflow/.local/lib/python3.7/site-packages/airflow/example_dags/example_sla_dag.py
[2023-04-16T18:07:31.226+0000] {processor.py:753} INFO - DAG(s) dict_keys(['example_sla_dag']) retrieved from /home/airflow/.local/lib/python3.7/site-packages/airflow/example_dags/example_sla_dag.py
[2023-04-16T18:07:31.265+0000] {logging_mixin.py:137} INFO - [2023-04-16T18:07:31.265+0000] {dag.py:2705} INFO - Sync 1 DAGs
[2023-04-16T18:07:31.306+0000] {logging_mixin.py:137} INFO - [2023-04-16T18:07:31.306+0000] {dag.py:3456} INFO - Setting next_dagrun for example_sla_dag to 2023-04-16T18:04:00+00:00, run_after=2023-04-16T18:06:00+00:00
[2023-04-16T18:07:31.331+0000] {processor.py:175} INFO - Processing /home/airflow/.local/lib/python3.7/site-packages/airflow/example_dags/example_sla_dag.py took 0.147 seconds
[2023-04-16T18:08:01.467+0000] {processor.py:153} INFO - Started process (PID=916) to work on /home/airflow/.local/lib/python3.7/site-packages/airflow/example_dags/example_sla_dag.py
[2023-04-16T18:08:01.469+0000] {processor.py:743} INFO - Processing file /home/airflow/.local/lib/python3.7/site-packages/airflow/example_dags/example_sla_dag.py for tasks to queue
[2023-04-16T18:08:01.470+0000] {logging_mixin.py:137} INFO - [2023-04-16T18:08:01.470+0000] {dagbag.py:532} INFO - Filling up the DagBag from /home/airflow/.local/lib/python3.7/site-packages/airflow/example_dags/example_sla_dag.py
[2023-04-16T18:08:01.503+0000] {processor.py:753} INFO - DAG(s) dict_keys(['example_sla_dag']) retrieved from /home/airflow/.local/lib/python3.7/site-packages/airflow/example_dags/example_sla_dag.py
[2023-04-16T18:08:01.538+0000] {logging_mixin.py:137} INFO - [2023-04-16T18:08:01.537+0000] {dag.py:2705} INFO - Sync 1 DAGs
[2023-04-16T18:08:01.577+0000] {logging_mixin.py:137} INFO - [2023-04-16T18:08:01.577+0000] {dag.py:3456} INFO - Setting next_dagrun for example_sla_dag to 2023-04-16T18:06:00+00:00, run_after=2023-04-16T18:08:00+00:00
[2023-04-16T18:08:01.601+0000] {processor.py:175} INFO - Processing /home/airflow/.local/lib/python3.7/site-packages/airflow/example_dags/example_sla_dag.py took 0.140 seconds
[2023-04-16T18:08:31.738+0000] {processor.py:153} INFO - Started process (PID=965) to work on /home/airflow/.local/lib/python3.7/site-packages/airflow/example_dags/example_sla_dag.py
[2023-04-16T18:08:31.740+0000] {processor.py:743} INFO - Processing file /home/airflow/.local/lib/python3.7/site-packages/airflow/example_dags/example_sla_dag.py for tasks to queue
[2023-04-16T18:08:31.741+0000] {logging_mixin.py:137} INFO - [2023-04-16T18:08:31.741+0000] {dagbag.py:532} INFO - Filling up the DagBag from /home/airflow/.local/lib/python3.7/site-packages/airflow/example_dags/example_sla_dag.py
[2023-04-16T18:08:31.776+0000] {processor.py:753} INFO - DAG(s) dict_keys(['example_sla_dag']) retrieved from /home/airflow/.local/lib/python3.7/site-packages/airflow/example_dags/example_sla_dag.py
[2023-04-16T18:08:31.812+0000] {logging_mixin.py:137} INFO - [2023-04-16T18:08:31.811+0000] {dag.py:2705} INFO - Sync 1 DAGs
[2023-04-16T18:08:31.853+0000] {logging_mixin.py:137} INFO - [2023-04-16T18:08:31.853+0000] {dag.py:3456} INFO - Setting next_dagrun for example_sla_dag to 2023-04-16T18:06:00+00:00, run_after=2023-04-16T18:08:00+00:00
[2023-04-16T18:08:31.877+0000] {processor.py:175} INFO - Processing /home/airflow/.local/lib/python3.7/site-packages/airflow/example_dags/example_sla_dag.py took 0.145 seconds
[2023-04-16T18:09:01.954+0000] {processor.py:153} INFO - Started process (PID=1015) to work on /home/airflow/.local/lib/python3.7/site-packages/airflow/example_dags/example_sla_dag.py
[2023-04-16T18:09:01.955+0000] {processor.py:743} INFO - Processing file /home/airflow/.local/lib/python3.7/site-packages/airflow/example_dags/example_sla_dag.py for tasks to queue
[2023-04-16T18:09:01.955+0000] {logging_mixin.py:137} INFO - [2023-04-16T18:09:01.955+0000] {dagbag.py:532} INFO - Filling up the DagBag from /home/airflow/.local/lib/python3.7/site-packages/airflow/example_dags/example_sla_dag.py
[2023-04-16T18:09:01.994+0000] {processor.py:753} INFO - DAG(s) dict_keys(['example_sla_dag']) retrieved from /home/airflow/.local/lib/python3.7/site-packages/airflow/example_dags/example_sla_dag.py
[2023-04-16T18:09:02.031+0000] {logging_mixin.py:137} INFO - [2023-04-16T18:09:02.031+0000] {dag.py:2705} INFO - Sync 1 DAGs
[2023-04-16T18:09:02.071+0000] {logging_mixin.py:137} INFO - [2023-04-16T18:09:02.071+0000] {dag.py:3456} INFO - Setting next_dagrun for example_sla_dag to 2023-04-16T18:06:00+00:00, run_after=2023-04-16T18:08:00+00:00
[2023-04-16T18:09:02.095+0000] {processor.py:175} INFO - Processing /home/airflow/.local/lib/python3.7/site-packages/airflow/example_dags/example_sla_dag.py took 0.147 seconds
[2023-04-16T18:09:32.155+0000] {processor.py:153} INFO - Started process (PID=1064) to work on /home/airflow/.local/lib/python3.7/site-packages/airflow/example_dags/example_sla_dag.py
[2023-04-16T18:09:32.157+0000] {processor.py:743} INFO - Processing file /home/airflow/.local/lib/python3.7/site-packages/airflow/example_dags/example_sla_dag.py for tasks to queue
[2023-04-16T18:09:32.158+0000] {logging_mixin.py:137} INFO - [2023-04-16T18:09:32.158+0000] {dagbag.py:532} INFO - Filling up the DagBag from /home/airflow/.local/lib/python3.7/site-packages/airflow/example_dags/example_sla_dag.py
[2023-04-16T18:09:32.191+0000] {processor.py:753} INFO - DAG(s) dict_keys(['example_sla_dag']) retrieved from /home/airflow/.local/lib/python3.7/site-packages/airflow/example_dags/example_sla_dag.py
[2023-04-16T18:09:32.226+0000] {logging_mixin.py:137} INFO - [2023-04-16T18:09:32.226+0000] {dag.py:2705} INFO - Sync 1 DAGs
[2023-04-16T18:09:32.267+0000] {logging_mixin.py:137} INFO - [2023-04-16T18:09:32.266+0000] {dag.py:3456} INFO - Setting next_dagrun for example_sla_dag to 2023-04-16T18:06:00+00:00, run_after=2023-04-16T18:08:00+00:00
[2023-04-16T18:09:32.291+0000] {processor.py:175} INFO - Processing /home/airflow/.local/lib/python3.7/site-packages/airflow/example_dags/example_sla_dag.py took 0.143 seconds
[2023-04-16T18:10:02.942+0000] {processor.py:153} INFO - Started process (PID=1115) to work on /home/airflow/.local/lib/python3.7/site-packages/airflow/example_dags/example_sla_dag.py
[2023-04-16T18:10:02.943+0000] {processor.py:743} INFO - Processing file /home/airflow/.local/lib/python3.7/site-packages/airflow/example_dags/example_sla_dag.py for tasks to queue
[2023-04-16T18:10:02.944+0000] {logging_mixin.py:137} INFO - [2023-04-16T18:10:02.944+0000] {dagbag.py:532} INFO - Filling up the DagBag from /home/airflow/.local/lib/python3.7/site-packages/airflow/example_dags/example_sla_dag.py
[2023-04-16T18:10:02.977+0000] {processor.py:753} INFO - DAG(s) dict_keys(['example_sla_dag']) retrieved from /home/airflow/.local/lib/python3.7/site-packages/airflow/example_dags/example_sla_dag.py
[2023-04-16T18:10:03.014+0000] {logging_mixin.py:137} INFO - [2023-04-16T18:10:03.014+0000] {dag.py:2705} INFO - Sync 1 DAGs
[2023-04-16T18:10:03.054+0000] {logging_mixin.py:137} INFO - [2023-04-16T18:10:03.054+0000] {dag.py:3456} INFO - Setting next_dagrun for example_sla_dag to 2023-04-16T18:08:00+00:00, run_after=2023-04-16T18:10:00+00:00
[2023-04-16T18:10:03.081+0000] {processor.py:175} INFO - Processing /home/airflow/.local/lib/python3.7/site-packages/airflow/example_dags/example_sla_dag.py took 0.145 seconds
[2023-04-16T18:10:33.686+0000] {processor.py:153} INFO - Started process (PID=1165) to work on /home/airflow/.local/lib/python3.7/site-packages/airflow/example_dags/example_sla_dag.py
[2023-04-16T18:10:33.687+0000] {processor.py:743} INFO - Processing file /home/airflow/.local/lib/python3.7/site-packages/airflow/example_dags/example_sla_dag.py for tasks to queue
[2023-04-16T18:10:33.688+0000] {logging_mixin.py:137} INFO - [2023-04-16T18:10:33.688+0000] {dagbag.py:532} INFO - Filling up the DagBag from /home/airflow/.local/lib/python3.7/site-packages/airflow/example_dags/example_sla_dag.py
[2023-04-16T18:10:33.721+0000] {processor.py:753} INFO - DAG(s) dict_keys(['example_sla_dag']) retrieved from /home/airflow/.local/lib/python3.7/site-packages/airflow/example_dags/example_sla_dag.py
[2023-04-16T18:10:33.758+0000] {logging_mixin.py:137} INFO - [2023-04-16T18:10:33.758+0000] {dag.py:2705} INFO - Sync 1 DAGs
[2023-04-16T18:10:33.804+0000] {logging_mixin.py:137} INFO - [2023-04-16T18:10:33.804+0000] {dag.py:3456} INFO - Setting next_dagrun for example_sla_dag to 2023-04-16T18:08:00+00:00, run_after=2023-04-16T18:10:00+00:00
[2023-04-16T18:10:33.831+0000] {processor.py:175} INFO - Processing /home/airflow/.local/lib/python3.7/site-packages/airflow/example_dags/example_sla_dag.py took 0.152 seconds
[2023-04-16T18:11:04.488+0000] {processor.py:153} INFO - Started process (PID=1215) to work on /home/airflow/.local/lib/python3.7/site-packages/airflow/example_dags/example_sla_dag.py
[2023-04-16T18:11:04.489+0000] {processor.py:743} INFO - Processing file /home/airflow/.local/lib/python3.7/site-packages/airflow/example_dags/example_sla_dag.py for tasks to queue
[2023-04-16T18:11:04.490+0000] {logging_mixin.py:137} INFO - [2023-04-16T18:11:04.489+0000] {dagbag.py:532} INFO - Filling up the DagBag from /home/airflow/.local/lib/python3.7/site-packages/airflow/example_dags/example_sla_dag.py
[2023-04-16T18:11:04.522+0000] {processor.py:753} INFO - DAG(s) dict_keys(['example_sla_dag']) retrieved from /home/airflow/.local/lib/python3.7/site-packages/airflow/example_dags/example_sla_dag.py
[2023-04-16T18:11:04.560+0000] {logging_mixin.py:137} INFO - [2023-04-16T18:11:04.560+0000] {dag.py:2705} INFO - Sync 1 DAGs
[2023-04-16T18:11:04.600+0000] {logging_mixin.py:137} INFO - [2023-04-16T18:11:04.599+0000] {dag.py:3456} INFO - Setting next_dagrun for example_sla_dag to 2023-04-16T18:08:00+00:00, run_after=2023-04-16T18:10:00+00:00
[2023-04-16T18:11:04.624+0000] {processor.py:175} INFO - Processing /home/airflow/.local/lib/python3.7/site-packages/airflow/example_dags/example_sla_dag.py took 0.143 seconds
[2023-04-16T18:11:35.260+0000] {processor.py:153} INFO - Started process (PID=1266) to work on /home/airflow/.local/lib/python3.7/site-packages/airflow/example_dags/example_sla_dag.py
[2023-04-16T18:11:35.262+0000] {processor.py:743} INFO - Processing file /home/airflow/.local/lib/python3.7/site-packages/airflow/example_dags/example_sla_dag.py for tasks to queue
[2023-04-16T18:11:35.263+0000] {logging_mixin.py:137} INFO - [2023-04-16T18:11:35.263+0000] {dagbag.py:532} INFO - Filling up the DagBag from /home/airflow/.local/lib/python3.7/site-packages/airflow/example_dags/example_sla_dag.py
[2023-04-16T18:11:35.296+0000] {processor.py:753} INFO - DAG(s) dict_keys(['example_sla_dag']) retrieved from /home/airflow/.local/lib/python3.7/site-packages/airflow/example_dags/example_sla_dag.py
[2023-04-16T18:11:35.332+0000] {logging_mixin.py:137} INFO - [2023-04-16T18:11:35.332+0000] {dag.py:2705} INFO - Sync 1 DAGs
[2023-04-16T18:11:35.371+0000] {logging_mixin.py:137} INFO - [2023-04-16T18:11:35.371+0000] {dag.py:3456} INFO - Setting next_dagrun for example_sla_dag to 2023-04-16T18:08:00+00:00, run_after=2023-04-16T18:10:00+00:00
[2023-04-16T18:11:35.397+0000] {processor.py:175} INFO - Processing /home/airflow/.local/lib/python3.7/site-packages/airflow/example_dags/example_sla_dag.py took 0.145 seconds
[2023-04-16T18:12:05.864+0000] {processor.py:153} INFO - Started process (PID=1316) to work on /home/airflow/.local/lib/python3.7/site-packages/airflow/example_dags/example_sla_dag.py
[2023-04-16T18:12:05.865+0000] {processor.py:743} INFO - Processing file /home/airflow/.local/lib/python3.7/site-packages/airflow/example_dags/example_sla_dag.py for tasks to queue
[2023-04-16T18:12:05.867+0000] {logging_mixin.py:137} INFO - [2023-04-16T18:12:05.866+0000] {dagbag.py:532} INFO - Filling up the DagBag from /home/airflow/.local/lib/python3.7/site-packages/airflow/example_dags/example_sla_dag.py
[2023-04-16T18:12:05.901+0000] {processor.py:753} INFO - DAG(s) dict_keys(['example_sla_dag']) retrieved from /home/airflow/.local/lib/python3.7/site-packages/airflow/example_dags/example_sla_dag.py
[2023-04-16T18:12:05.936+0000] {logging_mixin.py:137} INFO - [2023-04-16T18:12:05.936+0000] {dag.py:2705} INFO - Sync 1 DAGs
[2023-04-16T18:12:05.983+0000] {logging_mixin.py:137} INFO - [2023-04-16T18:12:05.983+0000] {dag.py:3456} INFO - Setting next_dagrun for example_sla_dag to 2023-04-16T18:10:00+00:00, run_after=2023-04-16T18:12:00+00:00
[2023-04-16T18:12:06.007+0000] {processor.py:175} INFO - Processing /home/airflow/.local/lib/python3.7/site-packages/airflow/example_dags/example_sla_dag.py took 0.149 seconds
[2023-04-16T18:12:36.565+0000] {processor.py:153} INFO - Started process (PID=1366) to work on /home/airflow/.local/lib/python3.7/site-packages/airflow/example_dags/example_sla_dag.py
[2023-04-16T18:12:36.566+0000] {processor.py:743} INFO - Processing file /home/airflow/.local/lib/python3.7/site-packages/airflow/example_dags/example_sla_dag.py for tasks to queue
[2023-04-16T18:12:36.567+0000] {logging_mixin.py:137} INFO - [2023-04-16T18:12:36.567+0000] {dagbag.py:532} INFO - Filling up the DagBag from /home/airflow/.local/lib/python3.7/site-packages/airflow/example_dags/example_sla_dag.py
[2023-04-16T18:12:36.600+0000] {processor.py:753} INFO - DAG(s) dict_keys(['example_sla_dag']) retrieved from /home/airflow/.local/lib/python3.7/site-packages/airflow/example_dags/example_sla_dag.py
[2023-04-16T18:12:36.637+0000] {logging_mixin.py:137} INFO - [2023-04-16T18:12:36.637+0000] {dag.py:2705} INFO - Sync 1 DAGs
[2023-04-16T18:12:36.677+0000] {logging_mixin.py:137} INFO - [2023-04-16T18:12:36.677+0000] {dag.py:3456} INFO - Setting next_dagrun for example_sla_dag to 2023-04-16T18:10:00+00:00, run_after=2023-04-16T18:12:00+00:00
[2023-04-16T18:12:36.702+0000] {processor.py:175} INFO - Processing /home/airflow/.local/lib/python3.7/site-packages/airflow/example_dags/example_sla_dag.py took 0.143 seconds
[2023-04-16T18:13:07.217+0000] {processor.py:153} INFO - Started process (PID=1416) to work on /home/airflow/.local/lib/python3.7/site-packages/airflow/example_dags/example_sla_dag.py
[2023-04-16T18:13:07.219+0000] {processor.py:743} INFO - Processing file /home/airflow/.local/lib/python3.7/site-packages/airflow/example_dags/example_sla_dag.py for tasks to queue
[2023-04-16T18:13:07.220+0000] {logging_mixin.py:137} INFO - [2023-04-16T18:13:07.220+0000] {dagbag.py:532} INFO - Filling up the DagBag from /home/airflow/.local/lib/python3.7/site-packages/airflow/example_dags/example_sla_dag.py
[2023-04-16T18:13:07.254+0000] {processor.py:753} INFO - DAG(s) dict_keys(['example_sla_dag']) retrieved from /home/airflow/.local/lib/python3.7/site-packages/airflow/example_dags/example_sla_dag.py
[2023-04-16T18:13:07.292+0000] {logging_mixin.py:137} INFO - [2023-04-16T18:13:07.292+0000] {dag.py:2705} INFO - Sync 1 DAGs
[2023-04-16T18:13:07.334+0000] {logging_mixin.py:137} INFO - [2023-04-16T18:13:07.334+0000] {dag.py:3456} INFO - Setting next_dagrun for example_sla_dag to 2023-04-16T18:10:00+00:00, run_after=2023-04-16T18:12:00+00:00
[2023-04-16T18:13:07.359+0000] {processor.py:175} INFO - Processing /home/airflow/.local/lib/python3.7/site-packages/airflow/example_dags/example_sla_dag.py took 0.147 seconds
[2023-04-16T18:13:37.980+0000] {processor.py:153} INFO - Started process (PID=1467) to work on /home/airflow/.local/lib/python3.7/site-packages/airflow/example_dags/example_sla_dag.py
[2023-04-16T18:13:37.981+0000] {processor.py:743} INFO - Processing file /home/airflow/.local/lib/python3.7/site-packages/airflow/example_dags/example_sla_dag.py for tasks to queue
[2023-04-16T18:13:37.982+0000] {logging_mixin.py:137} INFO - [2023-04-16T18:13:37.982+0000] {dagbag.py:532} INFO - Filling up the DagBag from /home/airflow/.local/lib/python3.7/site-packages/airflow/example_dags/example_sla_dag.py
[2023-04-16T18:13:38.016+0000] {processor.py:753} INFO - DAG(s) dict_keys(['example_sla_dag']) retrieved from /home/airflow/.local/lib/python3.7/site-packages/airflow/example_dags/example_sla_dag.py
[2023-04-16T18:13:38.062+0000] {logging_mixin.py:137} INFO - [2023-04-16T18:13:38.062+0000] {dag.py:2705} INFO - Sync 1 DAGs
[2023-04-16T18:13:38.105+0000] {logging_mixin.py:137} INFO - [2023-04-16T18:13:38.105+0000] {dag.py:3456} INFO - Setting next_dagrun for example_sla_dag to 2023-04-16T18:10:00+00:00, run_after=2023-04-16T18:12:00+00:00
[2023-04-16T18:13:38.143+0000] {processor.py:175} INFO - Processing /home/airflow/.local/lib/python3.7/site-packages/airflow/example_dags/example_sla_dag.py took 0.169 seconds
[2023-04-16T18:14:08.356+0000] {processor.py:153} INFO - Started process (PID=1518) to work on /home/airflow/.local/lib/python3.7/site-packages/airflow/example_dags/example_sla_dag.py
[2023-04-16T18:14:08.357+0000] {processor.py:743} INFO - Processing file /home/airflow/.local/lib/python3.7/site-packages/airflow/example_dags/example_sla_dag.py for tasks to queue
[2023-04-16T18:14:08.358+0000] {logging_mixin.py:137} INFO - [2023-04-16T18:14:08.358+0000] {dagbag.py:532} INFO - Filling up the DagBag from /home/airflow/.local/lib/python3.7/site-packages/airflow/example_dags/example_sla_dag.py
[2023-04-16T18:14:08.391+0000] {processor.py:753} INFO - DAG(s) dict_keys(['example_sla_dag']) retrieved from /home/airflow/.local/lib/python3.7/site-packages/airflow/example_dags/example_sla_dag.py
[2023-04-16T18:14:08.426+0000] {logging_mixin.py:137} INFO - [2023-04-16T18:14:08.426+0000] {dag.py:2705} INFO - Sync 1 DAGs
[2023-04-16T18:14:08.467+0000] {logging_mixin.py:137} INFO - [2023-04-16T18:14:08.466+0000] {dag.py:3456} INFO - Setting next_dagrun for example_sla_dag to 2023-04-16T18:12:00+00:00, run_after=2023-04-16T18:14:00+00:00
[2023-04-16T18:14:08.491+0000] {processor.py:175} INFO - Processing /home/airflow/.local/lib/python3.7/site-packages/airflow/example_dags/example_sla_dag.py took 0.140 seconds
[2023-04-16T18:14:39.168+0000] {processor.py:153} INFO - Started process (PID=1575) to work on /home/airflow/.local/lib/python3.7/site-packages/airflow/example_dags/example_sla_dag.py
[2023-04-16T18:14:39.169+0000] {processor.py:743} INFO - Processing file /home/airflow/.local/lib/python3.7/site-packages/airflow/example_dags/example_sla_dag.py for tasks to queue
[2023-04-16T18:14:39.170+0000] {logging_mixin.py:137} INFO - [2023-04-16T18:14:39.170+0000] {dagbag.py:532} INFO - Filling up the DagBag from /home/airflow/.local/lib/python3.7/site-packages/airflow/example_dags/example_sla_dag.py
[2023-04-16T18:14:39.203+0000] {processor.py:753} INFO - DAG(s) dict_keys(['example_sla_dag']) retrieved from /home/airflow/.local/lib/python3.7/site-packages/airflow/example_dags/example_sla_dag.py
[2023-04-16T18:14:39.239+0000] {logging_mixin.py:137} INFO - [2023-04-16T18:14:39.238+0000] {dag.py:2705} INFO - Sync 1 DAGs
[2023-04-16T18:14:39.279+0000] {logging_mixin.py:137} INFO - [2023-04-16T18:14:39.278+0000] {dag.py:3456} INFO - Setting next_dagrun for example_sla_dag to 2023-04-16T18:12:00+00:00, run_after=2023-04-16T18:14:00+00:00
[2023-04-16T18:14:39.304+0000] {processor.py:175} INFO - Processing /home/airflow/.local/lib/python3.7/site-packages/airflow/example_dags/example_sla_dag.py took 0.142 seconds
[2023-04-16T18:15:09.889+0000] {processor.py:153} INFO - Started process (PID=1625) to work on /home/airflow/.local/lib/python3.7/site-packages/airflow/example_dags/example_sla_dag.py
[2023-04-16T18:15:09.890+0000] {processor.py:743} INFO - Processing file /home/airflow/.local/lib/python3.7/site-packages/airflow/example_dags/example_sla_dag.py for tasks to queue
[2023-04-16T18:15:09.891+0000] {logging_mixin.py:137} INFO - [2023-04-16T18:15:09.890+0000] {dagbag.py:532} INFO - Filling up the DagBag from /home/airflow/.local/lib/python3.7/site-packages/airflow/example_dags/example_sla_dag.py
[2023-04-16T18:15:09.927+0000] {processor.py:753} INFO - DAG(s) dict_keys(['example_sla_dag']) retrieved from /home/airflow/.local/lib/python3.7/site-packages/airflow/example_dags/example_sla_dag.py
[2023-04-16T18:15:09.961+0000] {logging_mixin.py:137} INFO - [2023-04-16T18:15:09.961+0000] {dag.py:2705} INFO - Sync 1 DAGs
[2023-04-16T18:15:10.001+0000] {logging_mixin.py:137} INFO - [2023-04-16T18:15:10.001+0000] {dag.py:3456} INFO - Setting next_dagrun for example_sla_dag to 2023-04-16T18:12:00+00:00, run_after=2023-04-16T18:14:00+00:00
[2023-04-16T18:15:10.025+0000] {processor.py:175} INFO - Processing /home/airflow/.local/lib/python3.7/site-packages/airflow/example_dags/example_sla_dag.py took 0.142 seconds
[2023-04-16T18:15:40.725+0000] {processor.py:153} INFO - Started process (PID=1675) to work on /home/airflow/.local/lib/python3.7/site-packages/airflow/example_dags/example_sla_dag.py
[2023-04-16T18:15:40.726+0000] {processor.py:743} INFO - Processing file /home/airflow/.local/lib/python3.7/site-packages/airflow/example_dags/example_sla_dag.py for tasks to queue
[2023-04-16T18:15:40.727+0000] {logging_mixin.py:137} INFO - [2023-04-16T18:15:40.727+0000] {dagbag.py:532} INFO - Filling up the DagBag from /home/airflow/.local/lib/python3.7/site-packages/airflow/example_dags/example_sla_dag.py
[2023-04-16T18:15:40.761+0000] {processor.py:753} INFO - DAG(s) dict_keys(['example_sla_dag']) retrieved from /home/airflow/.local/lib/python3.7/site-packages/airflow/example_dags/example_sla_dag.py
[2023-04-16T18:15:40.799+0000] {logging_mixin.py:137} INFO - [2023-04-16T18:15:40.798+0000] {dag.py:2705} INFO - Sync 1 DAGs
[2023-04-16T18:15:40.840+0000] {logging_mixin.py:137} INFO - [2023-04-16T18:15:40.840+0000] {dag.py:3456} INFO - Setting next_dagrun for example_sla_dag to 2023-04-16T18:12:00+00:00, run_after=2023-04-16T18:14:00+00:00
[2023-04-16T18:15:40.865+0000] {processor.py:175} INFO - Processing /home/airflow/.local/lib/python3.7/site-packages/airflow/example_dags/example_sla_dag.py took 0.145 seconds
[2023-04-16T18:16:11.238+0000] {processor.py:153} INFO - Started process (PID=1725) to work on /home/airflow/.local/lib/python3.7/site-packages/airflow/example_dags/example_sla_dag.py
[2023-04-16T18:16:11.240+0000] {processor.py:743} INFO - Processing file /home/airflow/.local/lib/python3.7/site-packages/airflow/example_dags/example_sla_dag.py for tasks to queue
[2023-04-16T18:16:11.241+0000] {logging_mixin.py:137} INFO - [2023-04-16T18:16:11.240+0000] {dagbag.py:532} INFO - Filling up the DagBag from /home/airflow/.local/lib/python3.7/site-packages/airflow/example_dags/example_sla_dag.py
[2023-04-16T18:16:11.273+0000] {processor.py:753} INFO - DAG(s) dict_keys(['example_sla_dag']) retrieved from /home/airflow/.local/lib/python3.7/site-packages/airflow/example_dags/example_sla_dag.py
[2023-04-16T18:16:11.310+0000] {logging_mixin.py:137} INFO - [2023-04-16T18:16:11.310+0000] {dag.py:2705} INFO - Sync 1 DAGs
[2023-04-16T18:16:11.352+0000] {logging_mixin.py:137} INFO - [2023-04-16T18:16:11.351+0000] {dag.py:3456} INFO - Setting next_dagrun for example_sla_dag to 2023-04-16T18:14:00+00:00, run_after=2023-04-16T18:16:00+00:00
[2023-04-16T18:16:11.376+0000] {processor.py:175} INFO - Processing /home/airflow/.local/lib/python3.7/site-packages/airflow/example_dags/example_sla_dag.py took 0.144 seconds
[2023-04-16T18:16:41.938+0000] {processor.py:153} INFO - Started process (PID=1775) to work on /home/airflow/.local/lib/python3.7/site-packages/airflow/example_dags/example_sla_dag.py
[2023-04-16T18:16:41.940+0000] {processor.py:743} INFO - Processing file /home/airflow/.local/lib/python3.7/site-packages/airflow/example_dags/example_sla_dag.py for tasks to queue
[2023-04-16T18:16:41.941+0000] {logging_mixin.py:137} INFO - [2023-04-16T18:16:41.941+0000] {dagbag.py:532} INFO - Filling up the DagBag from /home/airflow/.local/lib/python3.7/site-packages/airflow/example_dags/example_sla_dag.py
[2023-04-16T18:16:41.974+0000] {processor.py:753} INFO - DAG(s) dict_keys(['example_sla_dag']) retrieved from /home/airflow/.local/lib/python3.7/site-packages/airflow/example_dags/example_sla_dag.py
[2023-04-16T18:16:42.012+0000] {logging_mixin.py:137} INFO - [2023-04-16T18:16:42.012+0000] {dag.py:2705} INFO - Sync 1 DAGs
[2023-04-16T18:16:42.053+0000] {logging_mixin.py:137} INFO - [2023-04-16T18:16:42.052+0000] {dag.py:3456} INFO - Setting next_dagrun for example_sla_dag to 2023-04-16T18:14:00+00:00, run_after=2023-04-16T18:16:00+00:00
[2023-04-16T18:16:42.078+0000] {processor.py:175} INFO - Processing /home/airflow/.local/lib/python3.7/site-packages/airflow/example_dags/example_sla_dag.py took 0.145 seconds
[2023-04-16T18:17:12.738+0000] {processor.py:153} INFO - Started process (PID=1825) to work on /home/airflow/.local/lib/python3.7/site-packages/airflow/example_dags/example_sla_dag.py
[2023-04-16T18:17:12.740+0000] {processor.py:743} INFO - Processing file /home/airflow/.local/lib/python3.7/site-packages/airflow/example_dags/example_sla_dag.py for tasks to queue
[2023-04-16T18:17:12.741+0000] {logging_mixin.py:137} INFO - [2023-04-16T18:17:12.741+0000] {dagbag.py:532} INFO - Filling up the DagBag from /home/airflow/.local/lib/python3.7/site-packages/airflow/example_dags/example_sla_dag.py
[2023-04-16T18:17:12.774+0000] {processor.py:753} INFO - DAG(s) dict_keys(['example_sla_dag']) retrieved from /home/airflow/.local/lib/python3.7/site-packages/airflow/example_dags/example_sla_dag.py
[2023-04-16T18:17:12.811+0000] {logging_mixin.py:137} INFO - [2023-04-16T18:17:12.810+0000] {dag.py:2705} INFO - Sync 1 DAGs
[2023-04-16T18:17:12.851+0000] {logging_mixin.py:137} INFO - [2023-04-16T18:17:12.851+0000] {dag.py:3456} INFO - Setting next_dagrun for example_sla_dag to 2023-04-16T18:14:00+00:00, run_after=2023-04-16T18:16:00+00:00
[2023-04-16T18:17:12.875+0000] {processor.py:175} INFO - Processing /home/airflow/.local/lib/python3.7/site-packages/airflow/example_dags/example_sla_dag.py took 0.142 seconds
[2023-04-16T18:17:43.541+0000] {processor.py:153} INFO - Started process (PID=1875) to work on /home/airflow/.local/lib/python3.7/site-packages/airflow/example_dags/example_sla_dag.py
[2023-04-16T18:17:43.543+0000] {processor.py:743} INFO - Processing file /home/airflow/.local/lib/python3.7/site-packages/airflow/example_dags/example_sla_dag.py for tasks to queue
[2023-04-16T18:17:43.544+0000] {logging_mixin.py:137} INFO - [2023-04-16T18:17:43.543+0000] {dagbag.py:532} INFO - Filling up the DagBag from /home/airflow/.local/lib/python3.7/site-packages/airflow/example_dags/example_sla_dag.py
[2023-04-16T18:17:43.578+0000] {processor.py:753} INFO - DAG(s) dict_keys(['example_sla_dag']) retrieved from /home/airflow/.local/lib/python3.7/site-packages/airflow/example_dags/example_sla_dag.py
[2023-04-16T18:17:43.614+0000] {logging_mixin.py:137} INFO - [2023-04-16T18:17:43.614+0000] {dag.py:2705} INFO - Sync 1 DAGs
[2023-04-16T18:17:43.655+0000] {logging_mixin.py:137} INFO - [2023-04-16T18:17:43.654+0000] {dag.py:3456} INFO - Setting next_dagrun for example_sla_dag to 2023-04-16T18:14:00+00:00, run_after=2023-04-16T18:16:00+00:00
[2023-04-16T18:17:43.679+0000] {processor.py:175} INFO - Processing /home/airflow/.local/lib/python3.7/site-packages/airflow/example_dags/example_sla_dag.py took 0.145 seconds
[2023-04-16T18:18:14.168+0000] {processor.py:153} INFO - Started process (PID=1925) to work on /home/airflow/.local/lib/python3.7/site-packages/airflow/example_dags/example_sla_dag.py
[2023-04-16T18:18:14.169+0000] {processor.py:743} INFO - Processing file /home/airflow/.local/lib/python3.7/site-packages/airflow/example_dags/example_sla_dag.py for tasks to queue
[2023-04-16T18:18:14.170+0000] {logging_mixin.py:137} INFO - [2023-04-16T18:18:14.170+0000] {dagbag.py:532} INFO - Filling up the DagBag from /home/airflow/.local/lib/python3.7/site-packages/airflow/example_dags/example_sla_dag.py
[2023-04-16T18:18:14.206+0000] {processor.py:753} INFO - DAG(s) dict_keys(['example_sla_dag']) retrieved from /home/airflow/.local/lib/python3.7/site-packages/airflow/example_dags/example_sla_dag.py
[2023-04-16T18:18:14.247+0000] {logging_mixin.py:137} INFO - [2023-04-16T18:18:14.247+0000] {dag.py:2705} INFO - Sync 1 DAGs
[2023-04-16T18:18:14.287+0000] {logging_mixin.py:137} INFO - [2023-04-16T18:18:14.287+0000] {dag.py:3456} INFO - Setting next_dagrun for example_sla_dag to 2023-04-16T18:16:00+00:00, run_after=2023-04-16T18:18:00+00:00
[2023-04-16T18:18:14.312+0000] {processor.py:175} INFO - Processing /home/airflow/.local/lib/python3.7/site-packages/airflow/example_dags/example_sla_dag.py took 0.150 seconds
[2023-04-16T18:18:45.061+0000] {processor.py:153} INFO - Started process (PID=1975) to work on /home/airflow/.local/lib/python3.7/site-packages/airflow/example_dags/example_sla_dag.py
[2023-04-16T18:18:45.062+0000] {processor.py:743} INFO - Processing file /home/airflow/.local/lib/python3.7/site-packages/airflow/example_dags/example_sla_dag.py for tasks to queue
[2023-04-16T18:18:45.063+0000] {logging_mixin.py:137} INFO - [2023-04-16T18:18:45.063+0000] {dagbag.py:532} INFO - Filling up the DagBag from /home/airflow/.local/lib/python3.7/site-packages/airflow/example_dags/example_sla_dag.py
[2023-04-16T18:18:45.098+0000] {processor.py:753} INFO - DAG(s) dict_keys(['example_sla_dag']) retrieved from /home/airflow/.local/lib/python3.7/site-packages/airflow/example_dags/example_sla_dag.py
[2023-04-16T18:18:45.136+0000] {logging_mixin.py:137} INFO - [2023-04-16T18:18:45.136+0000] {dag.py:2705} INFO - Sync 1 DAGs
[2023-04-16T18:18:45.189+0000] {logging_mixin.py:137} INFO - [2023-04-16T18:18:45.189+0000] {dag.py:3456} INFO - Setting next_dagrun for example_sla_dag to 2023-04-16T18:16:00+00:00, run_after=2023-04-16T18:18:00+00:00
[2023-04-16T18:18:45.220+0000] {processor.py:175} INFO - Processing /home/airflow/.local/lib/python3.7/site-packages/airflow/example_dags/example_sla_dag.py took 0.164 seconds
[2023-04-16T18:19:15.662+0000] {processor.py:153} INFO - Started process (PID=2025) to work on /home/airflow/.local/lib/python3.7/site-packages/airflow/example_dags/example_sla_dag.py
[2023-04-16T18:19:15.663+0000] {processor.py:743} INFO - Processing file /home/airflow/.local/lib/python3.7/site-packages/airflow/example_dags/example_sla_dag.py for tasks to queue
[2023-04-16T18:19:15.664+0000] {logging_mixin.py:137} INFO - [2023-04-16T18:19:15.664+0000] {dagbag.py:532} INFO - Filling up the DagBag from /home/airflow/.local/lib/python3.7/site-packages/airflow/example_dags/example_sla_dag.py
[2023-04-16T18:19:15.697+0000] {processor.py:753} INFO - DAG(s) dict_keys(['example_sla_dag']) retrieved from /home/airflow/.local/lib/python3.7/site-packages/airflow/example_dags/example_sla_dag.py
[2023-04-16T18:19:15.734+0000] {logging_mixin.py:137} INFO - [2023-04-16T18:19:15.734+0000] {dag.py:2705} INFO - Sync 1 DAGs
[2023-04-16T18:19:15.774+0000] {logging_mixin.py:137} INFO - [2023-04-16T18:19:15.774+0000] {dag.py:3456} INFO - Setting next_dagrun for example_sla_dag to 2023-04-16T18:16:00+00:00, run_after=2023-04-16T18:18:00+00:00
[2023-04-16T18:19:15.801+0000] {processor.py:175} INFO - Processing /home/airflow/.local/lib/python3.7/site-packages/airflow/example_dags/example_sla_dag.py took 0.146 seconds
[2023-04-16T18:19:46.429+0000] {processor.py:153} INFO - Started process (PID=2075) to work on /home/airflow/.local/lib/python3.7/site-packages/airflow/example_dags/example_sla_dag.py
[2023-04-16T18:19:46.431+0000] {processor.py:743} INFO - Processing file /home/airflow/.local/lib/python3.7/site-packages/airflow/example_dags/example_sla_dag.py for tasks to queue
[2023-04-16T18:19:46.432+0000] {logging_mixin.py:137} INFO - [2023-04-16T18:19:46.432+0000] {dagbag.py:532} INFO - Filling up the DagBag from /home/airflow/.local/lib/python3.7/site-packages/airflow/example_dags/example_sla_dag.py
[2023-04-16T18:19:46.465+0000] {processor.py:753} INFO - DAG(s) dict_keys(['example_sla_dag']) retrieved from /home/airflow/.local/lib/python3.7/site-packages/airflow/example_dags/example_sla_dag.py
[2023-04-16T18:19:46.500+0000] {logging_mixin.py:137} INFO - [2023-04-16T18:19:46.500+0000] {dag.py:2705} INFO - Sync 1 DAGs
[2023-04-16T18:19:46.541+0000] {logging_mixin.py:137} INFO - [2023-04-16T18:19:46.541+0000] {dag.py:3456} INFO - Setting next_dagrun for example_sla_dag to 2023-04-16T18:16:00+00:00, run_after=2023-04-16T18:18:00+00:00
[2023-04-16T18:19:46.565+0000] {processor.py:175} INFO - Processing /home/airflow/.local/lib/python3.7/site-packages/airflow/example_dags/example_sla_dag.py took 0.144 seconds
[2023-04-16T18:20:17.102+0000] {processor.py:153} INFO - Started process (PID=2125) to work on /home/airflow/.local/lib/python3.7/site-packages/airflow/example_dags/example_sla_dag.py
[2023-04-16T18:20:17.104+0000] {processor.py:743} INFO - Processing file /home/airflow/.local/lib/python3.7/site-packages/airflow/example_dags/example_sla_dag.py for tasks to queue
[2023-04-16T18:20:17.105+0000] {logging_mixin.py:137} INFO - [2023-04-16T18:20:17.104+0000] {dagbag.py:532} INFO - Filling up the DagBag from /home/airflow/.local/lib/python3.7/site-packages/airflow/example_dags/example_sla_dag.py
[2023-04-16T18:20:17.139+0000] {processor.py:753} INFO - DAG(s) dict_keys(['example_sla_dag']) retrieved from /home/airflow/.local/lib/python3.7/site-packages/airflow/example_dags/example_sla_dag.py
[2023-04-16T18:20:17.177+0000] {logging_mixin.py:137} INFO - [2023-04-16T18:20:17.177+0000] {dag.py:2705} INFO - Sync 1 DAGs
[2023-04-16T18:20:17.220+0000] {logging_mixin.py:137} INFO - [2023-04-16T18:20:17.219+0000] {dag.py:3456} INFO - Setting next_dagrun for example_sla_dag to 2023-04-16T18:18:00+00:00, run_after=2023-04-16T18:20:00+00:00
[2023-04-16T18:20:17.244+0000] {processor.py:175} INFO - Processing /home/airflow/.local/lib/python3.7/site-packages/airflow/example_dags/example_sla_dag.py took 0.148 seconds
[2023-04-16T18:20:47.694+0000] {processor.py:153} INFO - Started process (PID=2176) to work on /home/airflow/.local/lib/python3.7/site-packages/airflow/example_dags/example_sla_dag.py
[2023-04-16T18:20:47.695+0000] {processor.py:743} INFO - Processing file /home/airflow/.local/lib/python3.7/site-packages/airflow/example_dags/example_sla_dag.py for tasks to queue
[2023-04-16T18:20:47.696+0000] {logging_mixin.py:137} INFO - [2023-04-16T18:20:47.696+0000] {dagbag.py:532} INFO - Filling up the DagBag from /home/airflow/.local/lib/python3.7/site-packages/airflow/example_dags/example_sla_dag.py
[2023-04-16T18:20:47.729+0000] {processor.py:753} INFO - DAG(s) dict_keys(['example_sla_dag']) retrieved from /home/airflow/.local/lib/python3.7/site-packages/airflow/example_dags/example_sla_dag.py
[2023-04-16T18:20:47.768+0000] {logging_mixin.py:137} INFO - [2023-04-16T18:20:47.768+0000] {dag.py:2705} INFO - Sync 1 DAGs
[2023-04-16T18:20:47.808+0000] {logging_mixin.py:137} INFO - [2023-04-16T18:20:47.807+0000] {dag.py:3456} INFO - Setting next_dagrun for example_sla_dag to 2023-04-16T18:18:00+00:00, run_after=2023-04-16T18:20:00+00:00
[2023-04-16T18:20:47.834+0000] {processor.py:175} INFO - Processing /home/airflow/.local/lib/python3.7/site-packages/airflow/example_dags/example_sla_dag.py took 0.146 seconds
[2023-04-16T18:21:18.564+0000] {processor.py:153} INFO - Started process (PID=2226) to work on /home/airflow/.local/lib/python3.7/site-packages/airflow/example_dags/example_sla_dag.py
[2023-04-16T18:21:18.566+0000] {processor.py:743} INFO - Processing file /home/airflow/.local/lib/python3.7/site-packages/airflow/example_dags/example_sla_dag.py for tasks to queue
[2023-04-16T18:21:18.567+0000] {logging_mixin.py:137} INFO - [2023-04-16T18:21:18.566+0000] {dagbag.py:532} INFO - Filling up the DagBag from /home/airflow/.local/lib/python3.7/site-packages/airflow/example_dags/example_sla_dag.py
[2023-04-16T18:21:18.600+0000] {processor.py:753} INFO - DAG(s) dict_keys(['example_sla_dag']) retrieved from /home/airflow/.local/lib/python3.7/site-packages/airflow/example_dags/example_sla_dag.py
[2023-04-16T18:21:18.636+0000] {logging_mixin.py:137} INFO - [2023-04-16T18:21:18.636+0000] {dag.py:2705} INFO - Sync 1 DAGs
[2023-04-16T18:21:18.677+0000] {logging_mixin.py:137} INFO - [2023-04-16T18:21:18.677+0000] {dag.py:3456} INFO - Setting next_dagrun for example_sla_dag to 2023-04-16T18:18:00+00:00, run_after=2023-04-16T18:20:00+00:00
[2023-04-16T18:21:18.701+0000] {processor.py:175} INFO - Processing /home/airflow/.local/lib/python3.7/site-packages/airflow/example_dags/example_sla_dag.py took 0.145 seconds
[2023-04-16T18:21:48.885+0000] {processor.py:153} INFO - Started process (PID=2276) to work on /home/airflow/.local/lib/python3.7/site-packages/airflow/example_dags/example_sla_dag.py
[2023-04-16T18:21:48.886+0000] {processor.py:743} INFO - Processing file /home/airflow/.local/lib/python3.7/site-packages/airflow/example_dags/example_sla_dag.py for tasks to queue
[2023-04-16T18:21:48.887+0000] {logging_mixin.py:137} INFO - [2023-04-16T18:21:48.887+0000] {dagbag.py:532} INFO - Filling up the DagBag from /home/airflow/.local/lib/python3.7/site-packages/airflow/example_dags/example_sla_dag.py
[2023-04-16T18:21:48.920+0000] {processor.py:753} INFO - DAG(s) dict_keys(['example_sla_dag']) retrieved from /home/airflow/.local/lib/python3.7/site-packages/airflow/example_dags/example_sla_dag.py
[2023-04-16T18:21:48.958+0000] {logging_mixin.py:137} INFO - [2023-04-16T18:21:48.958+0000] {dag.py:2705} INFO - Sync 1 DAGs
[2023-04-16T18:21:48.999+0000] {logging_mixin.py:137} INFO - [2023-04-16T18:21:48.999+0000] {dag.py:3456} INFO - Setting next_dagrun for example_sla_dag to 2023-04-16T18:18:00+00:00, run_after=2023-04-16T18:20:00+00:00
[2023-04-16T18:21:49.024+0000] {processor.py:175} INFO - Processing /home/airflow/.local/lib/python3.7/site-packages/airflow/example_dags/example_sla_dag.py took 0.144 seconds
[2023-04-16T18:22:19.288+0000] {processor.py:153} INFO - Started process (PID=2326) to work on /home/airflow/.local/lib/python3.7/site-packages/airflow/example_dags/example_sla_dag.py
[2023-04-16T18:22:19.290+0000] {processor.py:743} INFO - Processing file /home/airflow/.local/lib/python3.7/site-packages/airflow/example_dags/example_sla_dag.py for tasks to queue
[2023-04-16T18:22:19.291+0000] {logging_mixin.py:137} INFO - [2023-04-16T18:22:19.291+0000] {dagbag.py:532} INFO - Filling up the DagBag from /home/airflow/.local/lib/python3.7/site-packages/airflow/example_dags/example_sla_dag.py
[2023-04-16T18:22:19.326+0000] {processor.py:753} INFO - DAG(s) dict_keys(['example_sla_dag']) retrieved from /home/airflow/.local/lib/python3.7/site-packages/airflow/example_dags/example_sla_dag.py
[2023-04-16T18:22:19.365+0000] {logging_mixin.py:137} INFO - [2023-04-16T18:22:19.365+0000] {dag.py:2705} INFO - Sync 1 DAGs
[2023-04-16T18:22:19.408+0000] {logging_mixin.py:137} INFO - [2023-04-16T18:22:19.408+0000] {dag.py:3456} INFO - Setting next_dagrun for example_sla_dag to 2023-04-16T18:20:00+00:00, run_after=2023-04-16T18:22:00+00:00
[2023-04-16T18:22:19.433+0000] {processor.py:175} INFO - Processing /home/airflow/.local/lib/python3.7/site-packages/airflow/example_dags/example_sla_dag.py took 0.151 seconds
[2023-04-16T18:22:49.616+0000] {processor.py:153} INFO - Started process (PID=2376) to work on /home/airflow/.local/lib/python3.7/site-packages/airflow/example_dags/example_sla_dag.py
[2023-04-16T18:22:49.617+0000] {processor.py:743} INFO - Processing file /home/airflow/.local/lib/python3.7/site-packages/airflow/example_dags/example_sla_dag.py for tasks to queue
[2023-04-16T18:22:49.618+0000] {logging_mixin.py:137} INFO - [2023-04-16T18:22:49.618+0000] {dagbag.py:532} INFO - Filling up the DagBag from /home/airflow/.local/lib/python3.7/site-packages/airflow/example_dags/example_sla_dag.py
[2023-04-16T18:22:49.651+0000] {processor.py:753} INFO - DAG(s) dict_keys(['example_sla_dag']) retrieved from /home/airflow/.local/lib/python3.7/site-packages/airflow/example_dags/example_sla_dag.py
[2023-04-16T18:22:49.687+0000] {logging_mixin.py:137} INFO - [2023-04-16T18:22:49.687+0000] {dag.py:2705} INFO - Sync 1 DAGs
[2023-04-16T18:22:49.727+0000] {logging_mixin.py:137} INFO - [2023-04-16T18:22:49.726+0000] {dag.py:3456} INFO - Setting next_dagrun for example_sla_dag to 2023-04-16T18:20:00+00:00, run_after=2023-04-16T18:22:00+00:00
[2023-04-16T18:22:49.752+0000] {processor.py:175} INFO - Processing /home/airflow/.local/lib/python3.7/site-packages/airflow/example_dags/example_sla_dag.py took 0.142 seconds
[2023-04-16T18:23:20.091+0000] {processor.py:153} INFO - Started process (PID=2426) to work on /home/airflow/.local/lib/python3.7/site-packages/airflow/example_dags/example_sla_dag.py
[2023-04-16T18:23:20.093+0000] {processor.py:743} INFO - Processing file /home/airflow/.local/lib/python3.7/site-packages/airflow/example_dags/example_sla_dag.py for tasks to queue
[2023-04-16T18:23:20.094+0000] {logging_mixin.py:137} INFO - [2023-04-16T18:23:20.094+0000] {dagbag.py:532} INFO - Filling up the DagBag from /home/airflow/.local/lib/python3.7/site-packages/airflow/example_dags/example_sla_dag.py
[2023-04-16T18:23:20.128+0000] {processor.py:753} INFO - DAG(s) dict_keys(['example_sla_dag']) retrieved from /home/airflow/.local/lib/python3.7/site-packages/airflow/example_dags/example_sla_dag.py
[2023-04-16T18:23:20.165+0000] {logging_mixin.py:137} INFO - [2023-04-16T18:23:20.165+0000] {dag.py:2705} INFO - Sync 1 DAGs
[2023-04-16T18:23:20.207+0000] {logging_mixin.py:137} INFO - [2023-04-16T18:23:20.207+0000] {dag.py:3456} INFO - Setting next_dagrun for example_sla_dag to 2023-04-16T18:20:00+00:00, run_after=2023-04-16T18:22:00+00:00
[2023-04-16T18:23:20.232+0000] {processor.py:175} INFO - Processing /home/airflow/.local/lib/python3.7/site-packages/airflow/example_dags/example_sla_dag.py took 0.145 seconds
[2023-04-16T18:23:50.417+0000] {processor.py:153} INFO - Started process (PID=2476) to work on /home/airflow/.local/lib/python3.7/site-packages/airflow/example_dags/example_sla_dag.py
[2023-04-16T18:23:50.418+0000] {processor.py:743} INFO - Processing file /home/airflow/.local/lib/python3.7/site-packages/airflow/example_dags/example_sla_dag.py for tasks to queue
[2023-04-16T18:23:50.419+0000] {logging_mixin.py:137} INFO - [2023-04-16T18:23:50.419+0000] {dagbag.py:532} INFO - Filling up the DagBag from /home/airflow/.local/lib/python3.7/site-packages/airflow/example_dags/example_sla_dag.py
[2023-04-16T18:23:50.452+0000] {processor.py:753} INFO - DAG(s) dict_keys(['example_sla_dag']) retrieved from /home/airflow/.local/lib/python3.7/site-packages/airflow/example_dags/example_sla_dag.py
[2023-04-16T18:23:50.489+0000] {logging_mixin.py:137} INFO - [2023-04-16T18:23:50.489+0000] {dag.py:2705} INFO - Sync 1 DAGs
[2023-04-16T18:23:50.528+0000] {logging_mixin.py:137} INFO - [2023-04-16T18:23:50.528+0000] {dag.py:3456} INFO - Setting next_dagrun for example_sla_dag to 2023-04-16T18:20:00+00:00, run_after=2023-04-16T18:22:00+00:00
[2023-04-16T18:23:50.552+0000] {processor.py:175} INFO - Processing /home/airflow/.local/lib/python3.7/site-packages/airflow/example_dags/example_sla_dag.py took 0.140 seconds
[2023-04-16T18:24:20.591+0000] {processor.py:153} INFO - Started process (PID=2526) to work on /home/airflow/.local/lib/python3.7/site-packages/airflow/example_dags/example_sla_dag.py
[2023-04-16T18:24:20.593+0000] {processor.py:743} INFO - Processing file /home/airflow/.local/lib/python3.7/site-packages/airflow/example_dags/example_sla_dag.py for tasks to queue
[2023-04-16T18:24:20.594+0000] {logging_mixin.py:137} INFO - [2023-04-16T18:24:20.594+0000] {dagbag.py:532} INFO - Filling up the DagBag from /home/airflow/.local/lib/python3.7/site-packages/airflow/example_dags/example_sla_dag.py
[2023-04-16T18:24:20.633+0000] {processor.py:753} INFO - DAG(s) dict_keys(['example_sla_dag']) retrieved from /home/airflow/.local/lib/python3.7/site-packages/airflow/example_dags/example_sla_dag.py
[2023-04-16T18:24:20.675+0000] {logging_mixin.py:137} INFO - [2023-04-16T18:24:20.675+0000] {dag.py:2705} INFO - Sync 1 DAGs
[2023-04-16T18:24:20.732+0000] {logging_mixin.py:137} INFO - [2023-04-16T18:24:20.731+0000] {dag.py:3456} INFO - Setting next_dagrun for example_sla_dag to 2023-04-16T18:22:00+00:00, run_after=2023-04-16T18:24:00+00:00
[2023-04-16T18:24:20.762+0000] {processor.py:175} INFO - Processing /home/airflow/.local/lib/python3.7/site-packages/airflow/example_dags/example_sla_dag.py took 0.179 seconds
[2023-04-16T18:24:50.846+0000] {processor.py:153} INFO - Started process (PID=2576) to work on /home/airflow/.local/lib/python3.7/site-packages/airflow/example_dags/example_sla_dag.py
[2023-04-16T18:24:50.847+0000] {processor.py:743} INFO - Processing file /home/airflow/.local/lib/python3.7/site-packages/airflow/example_dags/example_sla_dag.py for tasks to queue
[2023-04-16T18:24:50.848+0000] {logging_mixin.py:137} INFO - [2023-04-16T18:24:50.848+0000] {dagbag.py:532} INFO - Filling up the DagBag from /home/airflow/.local/lib/python3.7/site-packages/airflow/example_dags/example_sla_dag.py
[2023-04-16T18:24:50.881+0000] {processor.py:753} INFO - DAG(s) dict_keys(['example_sla_dag']) retrieved from /home/airflow/.local/lib/python3.7/site-packages/airflow/example_dags/example_sla_dag.py
[2023-04-16T18:24:50.929+0000] {logging_mixin.py:137} INFO - [2023-04-16T18:24:50.928+0000] {dag.py:2705} INFO - Sync 1 DAGs
[2023-04-16T18:24:50.988+0000] {logging_mixin.py:137} INFO - [2023-04-16T18:24:50.988+0000] {dag.py:3456} INFO - Setting next_dagrun for example_sla_dag to 2023-04-16T18:22:00+00:00, run_after=2023-04-16T18:24:00+00:00
[2023-04-16T18:24:51.015+0000] {processor.py:175} INFO - Processing /home/airflow/.local/lib/python3.7/site-packages/airflow/example_dags/example_sla_dag.py took 0.175 seconds
[2023-04-16T18:25:21.587+0000] {processor.py:153} INFO - Started process (PID=2625) to work on /home/airflow/.local/lib/python3.7/site-packages/airflow/example_dags/example_sla_dag.py
[2023-04-16T18:25:21.589+0000] {processor.py:743} INFO - Processing file /home/airflow/.local/lib/python3.7/site-packages/airflow/example_dags/example_sla_dag.py for tasks to queue
[2023-04-16T18:25:21.590+0000] {logging_mixin.py:137} INFO - [2023-04-16T18:25:21.590+0000] {dagbag.py:532} INFO - Filling up the DagBag from /home/airflow/.local/lib/python3.7/site-packages/airflow/example_dags/example_sla_dag.py
[2023-04-16T18:25:21.624+0000] {processor.py:753} INFO - DAG(s) dict_keys(['example_sla_dag']) retrieved from /home/airflow/.local/lib/python3.7/site-packages/airflow/example_dags/example_sla_dag.py
[2023-04-16T18:25:21.661+0000] {logging_mixin.py:137} INFO - [2023-04-16T18:25:21.661+0000] {dag.py:2705} INFO - Sync 1 DAGs
[2023-04-16T18:25:21.703+0000] {logging_mixin.py:137} INFO - [2023-04-16T18:25:21.703+0000] {dag.py:3456} INFO - Setting next_dagrun for example_sla_dag to 2023-04-16T18:22:00+00:00, run_after=2023-04-16T18:24:00+00:00
[2023-04-16T18:25:21.727+0000] {processor.py:175} INFO - Processing /home/airflow/.local/lib/python3.7/site-packages/airflow/example_dags/example_sla_dag.py took 0.145 seconds
[2023-04-16T18:25:52.292+0000] {processor.py:153} INFO - Started process (PID=2676) to work on /home/airflow/.local/lib/python3.7/site-packages/airflow/example_dags/example_sla_dag.py
[2023-04-16T18:25:52.294+0000] {processor.py:743} INFO - Processing file /home/airflow/.local/lib/python3.7/site-packages/airflow/example_dags/example_sla_dag.py for tasks to queue
[2023-04-16T18:25:52.295+0000] {logging_mixin.py:137} INFO - [2023-04-16T18:25:52.294+0000] {dagbag.py:532} INFO - Filling up the DagBag from /home/airflow/.local/lib/python3.7/site-packages/airflow/example_dags/example_sla_dag.py
[2023-04-16T18:25:52.328+0000] {processor.py:753} INFO - DAG(s) dict_keys(['example_sla_dag']) retrieved from /home/airflow/.local/lib/python3.7/site-packages/airflow/example_dags/example_sla_dag.py
[2023-04-16T18:25:52.364+0000] {logging_mixin.py:137} INFO - [2023-04-16T18:25:52.364+0000] {dag.py:2705} INFO - Sync 1 DAGs
[2023-04-16T18:25:52.405+0000] {logging_mixin.py:137} INFO - [2023-04-16T18:25:52.405+0000] {dag.py:3456} INFO - Setting next_dagrun for example_sla_dag to 2023-04-16T18:22:00+00:00, run_after=2023-04-16T18:24:00+00:00
[2023-04-16T18:25:52.429+0000] {processor.py:175} INFO - Processing /home/airflow/.local/lib/python3.7/site-packages/airflow/example_dags/example_sla_dag.py took 0.144 seconds
[2023-04-16T18:26:23.077+0000] {processor.py:153} INFO - Started process (PID=2725) to work on /home/airflow/.local/lib/python3.7/site-packages/airflow/example_dags/example_sla_dag.py
[2023-04-16T18:26:23.079+0000] {processor.py:743} INFO - Processing file /home/airflow/.local/lib/python3.7/site-packages/airflow/example_dags/example_sla_dag.py for tasks to queue
[2023-04-16T18:26:23.080+0000] {logging_mixin.py:137} INFO - [2023-04-16T18:26:23.080+0000] {dagbag.py:532} INFO - Filling up the DagBag from /home/airflow/.local/lib/python3.7/site-packages/airflow/example_dags/example_sla_dag.py
[2023-04-16T18:26:23.114+0000] {processor.py:753} INFO - DAG(s) dict_keys(['example_sla_dag']) retrieved from /home/airflow/.local/lib/python3.7/site-packages/airflow/example_dags/example_sla_dag.py
[2023-04-16T18:26:23.150+0000] {logging_mixin.py:137} INFO - [2023-04-16T18:26:23.149+0000] {dag.py:2705} INFO - Sync 1 DAGs
[2023-04-16T18:26:23.190+0000] {logging_mixin.py:137} INFO - [2023-04-16T18:26:23.190+0000] {dag.py:3456} INFO - Setting next_dagrun for example_sla_dag to 2023-04-16T18:24:00+00:00, run_after=2023-04-16T18:26:00+00:00
[2023-04-16T18:26:23.214+0000] {processor.py:175} INFO - Processing /home/airflow/.local/lib/python3.7/site-packages/airflow/example_dags/example_sla_dag.py took 0.144 seconds
[2023-04-16T18:26:53.757+0000] {processor.py:153} INFO - Started process (PID=2775) to work on /home/airflow/.local/lib/python3.7/site-packages/airflow/example_dags/example_sla_dag.py
[2023-04-16T18:26:53.758+0000] {processor.py:743} INFO - Processing file /home/airflow/.local/lib/python3.7/site-packages/airflow/example_dags/example_sla_dag.py for tasks to queue
[2023-04-16T18:26:53.759+0000] {logging_mixin.py:137} INFO - [2023-04-16T18:26:53.759+0000] {dagbag.py:532} INFO - Filling up the DagBag from /home/airflow/.local/lib/python3.7/site-packages/airflow/example_dags/example_sla_dag.py
[2023-04-16T18:26:53.793+0000] {processor.py:753} INFO - DAG(s) dict_keys(['example_sla_dag']) retrieved from /home/airflow/.local/lib/python3.7/site-packages/airflow/example_dags/example_sla_dag.py
[2023-04-16T18:26:53.827+0000] {logging_mixin.py:137} INFO - [2023-04-16T18:26:53.827+0000] {dag.py:2705} INFO - Sync 1 DAGs
[2023-04-16T18:26:53.868+0000] {logging_mixin.py:137} INFO - [2023-04-16T18:26:53.868+0000] {dag.py:3456} INFO - Setting next_dagrun for example_sla_dag to 2023-04-16T18:24:00+00:00, run_after=2023-04-16T18:26:00+00:00
[2023-04-16T18:26:53.893+0000] {processor.py:175} INFO - Processing /home/airflow/.local/lib/python3.7/site-packages/airflow/example_dags/example_sla_dag.py took 0.143 seconds
[2023-04-16T18:27:24.503+0000] {processor.py:153} INFO - Started process (PID=2825) to work on /home/airflow/.local/lib/python3.7/site-packages/airflow/example_dags/example_sla_dag.py
[2023-04-16T18:27:24.504+0000] {processor.py:743} INFO - Processing file /home/airflow/.local/lib/python3.7/site-packages/airflow/example_dags/example_sla_dag.py for tasks to queue
[2023-04-16T18:27:24.505+0000] {logging_mixin.py:137} INFO - [2023-04-16T18:27:24.505+0000] {dagbag.py:532} INFO - Filling up the DagBag from /home/airflow/.local/lib/python3.7/site-packages/airflow/example_dags/example_sla_dag.py
[2023-04-16T18:27:24.538+0000] {processor.py:753} INFO - DAG(s) dict_keys(['example_sla_dag']) retrieved from /home/airflow/.local/lib/python3.7/site-packages/airflow/example_dags/example_sla_dag.py
[2023-04-16T18:27:24.576+0000] {logging_mixin.py:137} INFO - [2023-04-16T18:27:24.576+0000] {dag.py:2705} INFO - Sync 1 DAGs
[2023-04-16T18:27:24.616+0000] {logging_mixin.py:137} INFO - [2023-04-16T18:27:24.616+0000] {dag.py:3456} INFO - Setting next_dagrun for example_sla_dag to 2023-04-16T18:24:00+00:00, run_after=2023-04-16T18:26:00+00:00
[2023-04-16T18:27:24.639+0000] {processor.py:175} INFO - Processing /home/airflow/.local/lib/python3.7/site-packages/airflow/example_dags/example_sla_dag.py took 0.142 seconds
[2023-04-16T18:27:55.100+0000] {processor.py:153} INFO - Started process (PID=2876) to work on /home/airflow/.local/lib/python3.7/site-packages/airflow/example_dags/example_sla_dag.py
[2023-04-16T18:27:55.102+0000] {processor.py:743} INFO - Processing file /home/airflow/.local/lib/python3.7/site-packages/airflow/example_dags/example_sla_dag.py for tasks to queue
[2023-04-16T18:27:55.103+0000] {logging_mixin.py:137} INFO - [2023-04-16T18:27:55.102+0000] {dagbag.py:532} INFO - Filling up the DagBag from /home/airflow/.local/lib/python3.7/site-packages/airflow/example_dags/example_sla_dag.py
[2023-04-16T18:27:55.136+0000] {processor.py:753} INFO - DAG(s) dict_keys(['example_sla_dag']) retrieved from /home/airflow/.local/lib/python3.7/site-packages/airflow/example_dags/example_sla_dag.py
[2023-04-16T18:27:55.172+0000] {logging_mixin.py:137} INFO - [2023-04-16T18:27:55.172+0000] {dag.py:2705} INFO - Sync 1 DAGs
[2023-04-16T18:27:55.212+0000] {logging_mixin.py:137} INFO - [2023-04-16T18:27:55.211+0000] {dag.py:3456} INFO - Setting next_dagrun for example_sla_dag to 2023-04-16T18:24:00+00:00, run_after=2023-04-16T18:26:00+00:00
[2023-04-16T18:27:55.237+0000] {processor.py:175} INFO - Processing /home/airflow/.local/lib/python3.7/site-packages/airflow/example_dags/example_sla_dag.py took 0.144 seconds
[2023-04-16T18:28:25.739+0000] {processor.py:153} INFO - Started process (PID=2926) to work on /home/airflow/.local/lib/python3.7/site-packages/airflow/example_dags/example_sla_dag.py
[2023-04-16T18:28:25.741+0000] {processor.py:743} INFO - Processing file /home/airflow/.local/lib/python3.7/site-packages/airflow/example_dags/example_sla_dag.py for tasks to queue
[2023-04-16T18:28:25.742+0000] {logging_mixin.py:137} INFO - [2023-04-16T18:28:25.742+0000] {dagbag.py:532} INFO - Filling up the DagBag from /home/airflow/.local/lib/python3.7/site-packages/airflow/example_dags/example_sla_dag.py
[2023-04-16T18:28:25.778+0000] {processor.py:753} INFO - DAG(s) dict_keys(['example_sla_dag']) retrieved from /home/airflow/.local/lib/python3.7/site-packages/airflow/example_dags/example_sla_dag.py
[2023-04-16T18:28:25.817+0000] {logging_mixin.py:137} INFO - [2023-04-16T18:28:25.816+0000] {dag.py:2705} INFO - Sync 1 DAGs
[2023-04-16T18:28:25.859+0000] {logging_mixin.py:137} INFO - [2023-04-16T18:28:25.859+0000] {dag.py:3456} INFO - Setting next_dagrun for example_sla_dag to 2023-04-16T18:26:00+00:00, run_after=2023-04-16T18:28:00+00:00
[2023-04-16T18:28:25.887+0000] {processor.py:175} INFO - Processing /home/airflow/.local/lib/python3.7/site-packages/airflow/example_dags/example_sla_dag.py took 0.153 seconds
[2023-04-16T18:28:56.504+0000] {processor.py:153} INFO - Started process (PID=2976) to work on /home/airflow/.local/lib/python3.7/site-packages/airflow/example_dags/example_sla_dag.py
[2023-04-16T18:28:56.506+0000] {processor.py:743} INFO - Processing file /home/airflow/.local/lib/python3.7/site-packages/airflow/example_dags/example_sla_dag.py for tasks to queue
[2023-04-16T18:28:56.507+0000] {logging_mixin.py:137} INFO - [2023-04-16T18:28:56.507+0000] {dagbag.py:532} INFO - Filling up the DagBag from /home/airflow/.local/lib/python3.7/site-packages/airflow/example_dags/example_sla_dag.py
[2023-04-16T18:28:56.541+0000] {processor.py:753} INFO - DAG(s) dict_keys(['example_sla_dag']) retrieved from /home/airflow/.local/lib/python3.7/site-packages/airflow/example_dags/example_sla_dag.py
[2023-04-16T18:28:56.577+0000] {logging_mixin.py:137} INFO - [2023-04-16T18:28:56.577+0000] {dag.py:2705} INFO - Sync 1 DAGs
[2023-04-16T18:28:56.618+0000] {logging_mixin.py:137} INFO - [2023-04-16T18:28:56.618+0000] {dag.py:3456} INFO - Setting next_dagrun for example_sla_dag to 2023-04-16T18:26:00+00:00, run_after=2023-04-16T18:28:00+00:00
[2023-04-16T18:28:56.641+0000] {processor.py:175} INFO - Processing /home/airflow/.local/lib/python3.7/site-packages/airflow/example_dags/example_sla_dag.py took 0.143 seconds
[2023-04-16T18:29:27.121+0000] {processor.py:153} INFO - Started process (PID=3027) to work on /home/airflow/.local/lib/python3.7/site-packages/airflow/example_dags/example_sla_dag.py
[2023-04-16T18:29:27.122+0000] {processor.py:743} INFO - Processing file /home/airflow/.local/lib/python3.7/site-packages/airflow/example_dags/example_sla_dag.py for tasks to queue
[2023-04-16T18:29:27.123+0000] {logging_mixin.py:137} INFO - [2023-04-16T18:29:27.122+0000] {dagbag.py:532} INFO - Filling up the DagBag from /home/airflow/.local/lib/python3.7/site-packages/airflow/example_dags/example_sla_dag.py
[2023-04-16T18:29:27.156+0000] {processor.py:753} INFO - DAG(s) dict_keys(['example_sla_dag']) retrieved from /home/airflow/.local/lib/python3.7/site-packages/airflow/example_dags/example_sla_dag.py
[2023-04-16T18:29:27.193+0000] {logging_mixin.py:137} INFO - [2023-04-16T18:29:27.193+0000] {dag.py:2705} INFO - Sync 1 DAGs
[2023-04-16T18:29:27.233+0000] {logging_mixin.py:137} INFO - [2023-04-16T18:29:27.233+0000] {dag.py:3456} INFO - Setting next_dagrun for example_sla_dag to 2023-04-16T18:26:00+00:00, run_after=2023-04-16T18:28:00+00:00
[2023-04-16T18:29:27.257+0000] {processor.py:175} INFO - Processing /home/airflow/.local/lib/python3.7/site-packages/airflow/example_dags/example_sla_dag.py took 0.141 seconds
[2023-04-16T18:29:57.776+0000] {processor.py:153} INFO - Started process (PID=3078) to work on /home/airflow/.local/lib/python3.7/site-packages/airflow/example_dags/example_sla_dag.py
[2023-04-16T18:29:57.778+0000] {processor.py:743} INFO - Processing file /home/airflow/.local/lib/python3.7/site-packages/airflow/example_dags/example_sla_dag.py for tasks to queue
[2023-04-16T18:29:57.779+0000] {logging_mixin.py:137} INFO - [2023-04-16T18:29:57.778+0000] {dagbag.py:532} INFO - Filling up the DagBag from /home/airflow/.local/lib/python3.7/site-packages/airflow/example_dags/example_sla_dag.py
[2023-04-16T18:29:57.812+0000] {processor.py:753} INFO - DAG(s) dict_keys(['example_sla_dag']) retrieved from /home/airflow/.local/lib/python3.7/site-packages/airflow/example_dags/example_sla_dag.py
[2023-04-16T18:29:57.849+0000] {logging_mixin.py:137} INFO - [2023-04-16T18:29:57.849+0000] {dag.py:2705} INFO - Sync 1 DAGs
[2023-04-16T18:29:57.891+0000] {logging_mixin.py:137} INFO - [2023-04-16T18:29:57.891+0000] {dag.py:3456} INFO - Setting next_dagrun for example_sla_dag to 2023-04-16T18:26:00+00:00, run_after=2023-04-16T18:28:00+00:00
[2023-04-16T18:29:57.915+0000] {processor.py:175} INFO - Processing /home/airflow/.local/lib/python3.7/site-packages/airflow/example_dags/example_sla_dag.py took 0.147 seconds
[2023-04-16T18:30:28.547+0000] {processor.py:153} INFO - Started process (PID=3128) to work on /home/airflow/.local/lib/python3.7/site-packages/airflow/example_dags/example_sla_dag.py
[2023-04-16T18:30:28.549+0000] {processor.py:743} INFO - Processing file /home/airflow/.local/lib/python3.7/site-packages/airflow/example_dags/example_sla_dag.py for tasks to queue
[2023-04-16T18:30:28.549+0000] {logging_mixin.py:137} INFO - [2023-04-16T18:30:28.549+0000] {dagbag.py:532} INFO - Filling up the DagBag from /home/airflow/.local/lib/python3.7/site-packages/airflow/example_dags/example_sla_dag.py
[2023-04-16T18:30:28.592+0000] {processor.py:753} INFO - DAG(s) dict_keys(['example_sla_dag']) retrieved from /home/airflow/.local/lib/python3.7/site-packages/airflow/example_dags/example_sla_dag.py
[2023-04-16T18:30:28.649+0000] {logging_mixin.py:137} INFO - [2023-04-16T18:30:28.649+0000] {dag.py:2705} INFO - Sync 1 DAGs
[2023-04-16T18:30:28.695+0000] {logging_mixin.py:137} INFO - [2023-04-16T18:30:28.695+0000] {dag.py:3456} INFO - Setting next_dagrun for example_sla_dag to 2023-04-16T18:28:00+00:00, run_after=2023-04-16T18:30:00+00:00
[2023-04-16T18:30:28.719+0000] {processor.py:175} INFO - Processing /home/airflow/.local/lib/python3.7/site-packages/airflow/example_dags/example_sla_dag.py took 0.177 seconds
