[2023-04-16T17:59:19.347+0000] {processor.py:153} INFO - Started process (PID=41) to work on /home/airflow/.local/lib/python3.7/site-packages/airflow/example_dags/example_nested_branch_dag.py
[2023-04-16T17:59:19.349+0000] {processor.py:743} INFO - Processing file /home/airflow/.local/lib/python3.7/site-packages/airflow/example_dags/example_nested_branch_dag.py for tasks to queue
[2023-04-16T17:59:19.350+0000] {logging_mixin.py:137} INFO - [2023-04-16T17:59:19.350+0000] {dagbag.py:532} INFO - Filling up the DagBag from /home/airflow/.local/lib/python3.7/site-packages/airflow/example_dags/example_nested_branch_dag.py
[2023-04-16T17:59:19.419+0000] {processor.py:753} INFO - DAG(s) dict_keys(['example_nested_branch_dag']) retrieved from /home/airflow/.local/lib/python3.7/site-packages/airflow/example_dags/example_nested_branch_dag.py
[2023-04-16T17:59:19.472+0000] {logging_mixin.py:137} INFO - [2023-04-16T17:59:19.471+0000] {dag.py:2705} INFO - Sync 1 DAGs
[2023-04-16T17:59:19.543+0000] {logging_mixin.py:137} INFO - [2023-04-16T17:59:19.543+0000] {dag.py:3456} INFO - Setting next_dagrun for example_nested_branch_dag to 2023-04-15T00:00:00+00:00, run_after=2023-04-16T00:00:00+00:00
[2023-04-16T17:59:19.580+0000] {processor.py:175} INFO - Processing /home/airflow/.local/lib/python3.7/site-packages/airflow/example_dags/example_nested_branch_dag.py took 0.241 seconds
[2023-04-16T17:59:49.846+0000] {processor.py:153} INFO - Started process (PID=91) to work on /home/airflow/.local/lib/python3.7/site-packages/airflow/example_dags/example_nested_branch_dag.py
[2023-04-16T17:59:49.848+0000] {processor.py:743} INFO - Processing file /home/airflow/.local/lib/python3.7/site-packages/airflow/example_dags/example_nested_branch_dag.py for tasks to queue
[2023-04-16T17:59:49.849+0000] {logging_mixin.py:137} INFO - [2023-04-16T17:59:49.849+0000] {dagbag.py:532} INFO - Filling up the DagBag from /home/airflow/.local/lib/python3.7/site-packages/airflow/example_dags/example_nested_branch_dag.py
[2023-04-16T17:59:49.885+0000] {processor.py:753} INFO - DAG(s) dict_keys(['example_nested_branch_dag']) retrieved from /home/airflow/.local/lib/python3.7/site-packages/airflow/example_dags/example_nested_branch_dag.py
[2023-04-16T17:59:49.925+0000] {logging_mixin.py:137} INFO - [2023-04-16T17:59:49.924+0000] {dag.py:2705} INFO - Sync 1 DAGs
[2023-04-16T17:59:49.963+0000] {logging_mixin.py:137} INFO - [2023-04-16T17:59:49.963+0000] {dag.py:3456} INFO - Setting next_dagrun for example_nested_branch_dag to 2023-04-15T00:00:00+00:00, run_after=2023-04-16T00:00:00+00:00
[2023-04-16T17:59:49.988+0000] {processor.py:175} INFO - Processing /home/airflow/.local/lib/python3.7/site-packages/airflow/example_dags/example_nested_branch_dag.py took 0.149 seconds
[2023-04-16T18:00:20.125+0000] {processor.py:153} INFO - Started process (PID=142) to work on /home/airflow/.local/lib/python3.7/site-packages/airflow/example_dags/example_nested_branch_dag.py
[2023-04-16T18:00:20.127+0000] {processor.py:743} INFO - Processing file /home/airflow/.local/lib/python3.7/site-packages/airflow/example_dags/example_nested_branch_dag.py for tasks to queue
[2023-04-16T18:00:20.128+0000] {logging_mixin.py:137} INFO - [2023-04-16T18:00:20.128+0000] {dagbag.py:532} INFO - Filling up the DagBag from /home/airflow/.local/lib/python3.7/site-packages/airflow/example_dags/example_nested_branch_dag.py
[2023-04-16T18:00:20.166+0000] {processor.py:753} INFO - DAG(s) dict_keys(['example_nested_branch_dag']) retrieved from /home/airflow/.local/lib/python3.7/site-packages/airflow/example_dags/example_nested_branch_dag.py
[2023-04-16T18:00:20.207+0000] {logging_mixin.py:137} INFO - [2023-04-16T18:00:20.206+0000] {dag.py:2705} INFO - Sync 1 DAGs
[2023-04-16T18:00:20.245+0000] {logging_mixin.py:137} INFO - [2023-04-16T18:00:20.245+0000] {dag.py:3456} INFO - Setting next_dagrun for example_nested_branch_dag to 2023-04-15T00:00:00+00:00, run_after=2023-04-16T00:00:00+00:00
[2023-04-16T18:00:20.271+0000] {processor.py:175} INFO - Processing /home/airflow/.local/lib/python3.7/site-packages/airflow/example_dags/example_nested_branch_dag.py took 0.151 seconds
[2023-04-16T18:00:50.366+0000] {processor.py:153} INFO - Started process (PID=192) to work on /home/airflow/.local/lib/python3.7/site-packages/airflow/example_dags/example_nested_branch_dag.py
[2023-04-16T18:00:50.367+0000] {processor.py:743} INFO - Processing file /home/airflow/.local/lib/python3.7/site-packages/airflow/example_dags/example_nested_branch_dag.py for tasks to queue
[2023-04-16T18:00:50.368+0000] {logging_mixin.py:137} INFO - [2023-04-16T18:00:50.368+0000] {dagbag.py:532} INFO - Filling up the DagBag from /home/airflow/.local/lib/python3.7/site-packages/airflow/example_dags/example_nested_branch_dag.py
[2023-04-16T18:00:50.415+0000] {processor.py:753} INFO - DAG(s) dict_keys(['example_nested_branch_dag']) retrieved from /home/airflow/.local/lib/python3.7/site-packages/airflow/example_dags/example_nested_branch_dag.py
[2023-04-16T18:00:50.456+0000] {logging_mixin.py:137} INFO - [2023-04-16T18:00:50.456+0000] {dag.py:2705} INFO - Sync 1 DAGs
[2023-04-16T18:00:50.493+0000] {logging_mixin.py:137} INFO - [2023-04-16T18:00:50.492+0000] {dag.py:3456} INFO - Setting next_dagrun for example_nested_branch_dag to 2023-04-15T00:00:00+00:00, run_after=2023-04-16T00:00:00+00:00
[2023-04-16T18:00:50.524+0000] {processor.py:175} INFO - Processing /home/airflow/.local/lib/python3.7/site-packages/airflow/example_dags/example_nested_branch_dag.py took 0.164 seconds
[2023-04-16T18:01:20.698+0000] {processor.py:153} INFO - Started process (PID=242) to work on /home/airflow/.local/lib/python3.7/site-packages/airflow/example_dags/example_nested_branch_dag.py
[2023-04-16T18:01:20.700+0000] {processor.py:743} INFO - Processing file /home/airflow/.local/lib/python3.7/site-packages/airflow/example_dags/example_nested_branch_dag.py for tasks to queue
[2023-04-16T18:01:20.700+0000] {logging_mixin.py:137} INFO - [2023-04-16T18:01:20.700+0000] {dagbag.py:532} INFO - Filling up the DagBag from /home/airflow/.local/lib/python3.7/site-packages/airflow/example_dags/example_nested_branch_dag.py
[2023-04-16T18:01:20.735+0000] {processor.py:753} INFO - DAG(s) dict_keys(['example_nested_branch_dag']) retrieved from /home/airflow/.local/lib/python3.7/site-packages/airflow/example_dags/example_nested_branch_dag.py
[2023-04-16T18:01:20.774+0000] {logging_mixin.py:137} INFO - [2023-04-16T18:01:20.774+0000] {dag.py:2705} INFO - Sync 1 DAGs
[2023-04-16T18:01:20.813+0000] {logging_mixin.py:137} INFO - [2023-04-16T18:01:20.813+0000] {dag.py:3456} INFO - Setting next_dagrun for example_nested_branch_dag to 2023-04-15T00:00:00+00:00, run_after=2023-04-16T00:00:00+00:00
[2023-04-16T18:01:20.837+0000] {processor.py:175} INFO - Processing /home/airflow/.local/lib/python3.7/site-packages/airflow/example_dags/example_nested_branch_dag.py took 0.144 seconds
[2023-04-16T18:01:50.994+0000] {processor.py:153} INFO - Started process (PID=292) to work on /home/airflow/.local/lib/python3.7/site-packages/airflow/example_dags/example_nested_branch_dag.py
[2023-04-16T18:01:50.995+0000] {processor.py:743} INFO - Processing file /home/airflow/.local/lib/python3.7/site-packages/airflow/example_dags/example_nested_branch_dag.py for tasks to queue
[2023-04-16T18:01:50.996+0000] {logging_mixin.py:137} INFO - [2023-04-16T18:01:50.996+0000] {dagbag.py:532} INFO - Filling up the DagBag from /home/airflow/.local/lib/python3.7/site-packages/airflow/example_dags/example_nested_branch_dag.py
[2023-04-16T18:01:51.044+0000] {processor.py:753} INFO - DAG(s) dict_keys(['example_nested_branch_dag']) retrieved from /home/airflow/.local/lib/python3.7/site-packages/airflow/example_dags/example_nested_branch_dag.py
[2023-04-16T18:01:51.086+0000] {logging_mixin.py:137} INFO - [2023-04-16T18:01:51.086+0000] {dag.py:2705} INFO - Sync 1 DAGs
[2023-04-16T18:01:51.125+0000] {logging_mixin.py:137} INFO - [2023-04-16T18:01:51.124+0000] {dag.py:3456} INFO - Setting next_dagrun for example_nested_branch_dag to 2023-04-15T00:00:00+00:00, run_after=2023-04-16T00:00:00+00:00
[2023-04-16T18:01:51.157+0000] {processor.py:175} INFO - Processing /home/airflow/.local/lib/python3.7/site-packages/airflow/example_dags/example_nested_branch_dag.py took 0.168 seconds
[2023-04-16T18:02:21.446+0000] {processor.py:153} INFO - Started process (PID=343) to work on /home/airflow/.local/lib/python3.7/site-packages/airflow/example_dags/example_nested_branch_dag.py
[2023-04-16T18:02:21.448+0000] {processor.py:743} INFO - Processing file /home/airflow/.local/lib/python3.7/site-packages/airflow/example_dags/example_nested_branch_dag.py for tasks to queue
[2023-04-16T18:02:21.449+0000] {logging_mixin.py:137} INFO - [2023-04-16T18:02:21.449+0000] {dagbag.py:532} INFO - Filling up the DagBag from /home/airflow/.local/lib/python3.7/site-packages/airflow/example_dags/example_nested_branch_dag.py
[2023-04-16T18:02:21.485+0000] {processor.py:753} INFO - DAG(s) dict_keys(['example_nested_branch_dag']) retrieved from /home/airflow/.local/lib/python3.7/site-packages/airflow/example_dags/example_nested_branch_dag.py
[2023-04-16T18:02:21.524+0000] {logging_mixin.py:137} INFO - [2023-04-16T18:02:21.524+0000] {dag.py:2705} INFO - Sync 1 DAGs
[2023-04-16T18:02:21.569+0000] {logging_mixin.py:137} INFO - [2023-04-16T18:02:21.568+0000] {dag.py:3456} INFO - Setting next_dagrun for example_nested_branch_dag to 2023-04-15T00:00:00+00:00, run_after=2023-04-16T00:00:00+00:00
[2023-04-16T18:02:21.602+0000] {processor.py:175} INFO - Processing /home/airflow/.local/lib/python3.7/site-packages/airflow/example_dags/example_nested_branch_dag.py took 0.161 seconds
[2023-04-16T18:02:52.396+0000] {processor.py:153} INFO - Started process (PID=394) to work on /home/airflow/.local/lib/python3.7/site-packages/airflow/example_dags/example_nested_branch_dag.py
[2023-04-16T18:02:52.398+0000] {processor.py:743} INFO - Processing file /home/airflow/.local/lib/python3.7/site-packages/airflow/example_dags/example_nested_branch_dag.py for tasks to queue
[2023-04-16T18:02:52.399+0000] {logging_mixin.py:137} INFO - [2023-04-16T18:02:52.399+0000] {dagbag.py:532} INFO - Filling up the DagBag from /home/airflow/.local/lib/python3.7/site-packages/airflow/example_dags/example_nested_branch_dag.py
[2023-04-16T18:02:52.433+0000] {processor.py:753} INFO - DAG(s) dict_keys(['example_nested_branch_dag']) retrieved from /home/airflow/.local/lib/python3.7/site-packages/airflow/example_dags/example_nested_branch_dag.py
[2023-04-16T18:02:52.474+0000] {logging_mixin.py:137} INFO - [2023-04-16T18:02:52.473+0000] {dag.py:2705} INFO - Sync 1 DAGs
[2023-04-16T18:02:52.511+0000] {logging_mixin.py:137} INFO - [2023-04-16T18:02:52.510+0000] {dag.py:3456} INFO - Setting next_dagrun for example_nested_branch_dag to 2023-04-15T00:00:00+00:00, run_after=2023-04-16T00:00:00+00:00
[2023-04-16T18:02:52.539+0000] {processor.py:175} INFO - Processing /home/airflow/.local/lib/python3.7/site-packages/airflow/example_dags/example_nested_branch_dag.py took 0.148 seconds
[2023-04-16T18:03:23.052+0000] {processor.py:153} INFO - Started process (PID=444) to work on /home/airflow/.local/lib/python3.7/site-packages/airflow/example_dags/example_nested_branch_dag.py
[2023-04-16T18:03:23.053+0000] {processor.py:743} INFO - Processing file /home/airflow/.local/lib/python3.7/site-packages/airflow/example_dags/example_nested_branch_dag.py for tasks to queue
[2023-04-16T18:03:23.054+0000] {logging_mixin.py:137} INFO - [2023-04-16T18:03:23.054+0000] {dagbag.py:532} INFO - Filling up the DagBag from /home/airflow/.local/lib/python3.7/site-packages/airflow/example_dags/example_nested_branch_dag.py
[2023-04-16T18:03:23.098+0000] {processor.py:753} INFO - DAG(s) dict_keys(['example_nested_branch_dag']) retrieved from /home/airflow/.local/lib/python3.7/site-packages/airflow/example_dags/example_nested_branch_dag.py
[2023-04-16T18:03:23.143+0000] {logging_mixin.py:137} INFO - [2023-04-16T18:03:23.143+0000] {dag.py:2705} INFO - Sync 1 DAGs
[2023-04-16T18:03:23.182+0000] {logging_mixin.py:137} INFO - [2023-04-16T18:03:23.181+0000] {dag.py:3456} INFO - Setting next_dagrun for example_nested_branch_dag to 2023-04-15T00:00:00+00:00, run_after=2023-04-16T00:00:00+00:00
[2023-04-16T18:03:23.212+0000] {processor.py:175} INFO - Processing /home/airflow/.local/lib/python3.7/site-packages/airflow/example_dags/example_nested_branch_dag.py took 0.165 seconds
[2023-04-16T18:03:53.389+0000] {processor.py:153} INFO - Started process (PID=493) to work on /home/airflow/.local/lib/python3.7/site-packages/airflow/example_dags/example_nested_branch_dag.py
[2023-04-16T18:03:53.391+0000] {processor.py:743} INFO - Processing file /home/airflow/.local/lib/python3.7/site-packages/airflow/example_dags/example_nested_branch_dag.py for tasks to queue
[2023-04-16T18:03:53.392+0000] {logging_mixin.py:137} INFO - [2023-04-16T18:03:53.392+0000] {dagbag.py:532} INFO - Filling up the DagBag from /home/airflow/.local/lib/python3.7/site-packages/airflow/example_dags/example_nested_branch_dag.py
[2023-04-16T18:03:53.440+0000] {processor.py:753} INFO - DAG(s) dict_keys(['example_nested_branch_dag']) retrieved from /home/airflow/.local/lib/python3.7/site-packages/airflow/example_dags/example_nested_branch_dag.py
[2023-04-16T18:03:53.481+0000] {logging_mixin.py:137} INFO - [2023-04-16T18:03:53.480+0000] {dag.py:2705} INFO - Sync 1 DAGs
[2023-04-16T18:03:53.517+0000] {logging_mixin.py:137} INFO - [2023-04-16T18:03:53.517+0000] {dag.py:3456} INFO - Setting next_dagrun for example_nested_branch_dag to 2023-04-15T00:00:00+00:00, run_after=2023-04-16T00:00:00+00:00
[2023-04-16T18:03:53.550+0000] {processor.py:175} INFO - Processing /home/airflow/.local/lib/python3.7/site-packages/airflow/example_dags/example_nested_branch_dag.py took 0.169 seconds
[2023-04-16T18:04:23.720+0000] {processor.py:153} INFO - Started process (PID=543) to work on /home/airflow/.local/lib/python3.7/site-packages/airflow/example_dags/example_nested_branch_dag.py
[2023-04-16T18:04:23.722+0000] {processor.py:743} INFO - Processing file /home/airflow/.local/lib/python3.7/site-packages/airflow/example_dags/example_nested_branch_dag.py for tasks to queue
[2023-04-16T18:04:23.723+0000] {logging_mixin.py:137} INFO - [2023-04-16T18:04:23.723+0000] {dagbag.py:532} INFO - Filling up the DagBag from /home/airflow/.local/lib/python3.7/site-packages/airflow/example_dags/example_nested_branch_dag.py
[2023-04-16T18:04:23.759+0000] {processor.py:753} INFO - DAG(s) dict_keys(['example_nested_branch_dag']) retrieved from /home/airflow/.local/lib/python3.7/site-packages/airflow/example_dags/example_nested_branch_dag.py
[2023-04-16T18:04:23.802+0000] {logging_mixin.py:137} INFO - [2023-04-16T18:04:23.802+0000] {dag.py:2705} INFO - Sync 1 DAGs
[2023-04-16T18:04:23.841+0000] {logging_mixin.py:137} INFO - [2023-04-16T18:04:23.841+0000] {dag.py:3456} INFO - Setting next_dagrun for example_nested_branch_dag to 2023-04-15T00:00:00+00:00, run_after=2023-04-16T00:00:00+00:00
[2023-04-16T18:04:23.869+0000] {processor.py:175} INFO - Processing /home/airflow/.local/lib/python3.7/site-packages/airflow/example_dags/example_nested_branch_dag.py took 0.155 seconds
[2023-04-16T18:04:54.017+0000] {processor.py:153} INFO - Started process (PID=592) to work on /home/airflow/.local/lib/python3.7/site-packages/airflow/example_dags/example_nested_branch_dag.py
[2023-04-16T18:04:54.019+0000] {processor.py:743} INFO - Processing file /home/airflow/.local/lib/python3.7/site-packages/airflow/example_dags/example_nested_branch_dag.py for tasks to queue
[2023-04-16T18:04:54.019+0000] {logging_mixin.py:137} INFO - [2023-04-16T18:04:54.019+0000] {dagbag.py:532} INFO - Filling up the DagBag from /home/airflow/.local/lib/python3.7/site-packages/airflow/example_dags/example_nested_branch_dag.py
[2023-04-16T18:04:54.055+0000] {processor.py:753} INFO - DAG(s) dict_keys(['example_nested_branch_dag']) retrieved from /home/airflow/.local/lib/python3.7/site-packages/airflow/example_dags/example_nested_branch_dag.py
[2023-04-16T18:04:54.100+0000] {logging_mixin.py:137} INFO - [2023-04-16T18:04:54.100+0000] {dag.py:2705} INFO - Sync 1 DAGs
[2023-04-16T18:04:54.142+0000] {logging_mixin.py:137} INFO - [2023-04-16T18:04:54.142+0000] {dag.py:3456} INFO - Setting next_dagrun for example_nested_branch_dag to 2023-04-15T00:00:00+00:00, run_after=2023-04-16T00:00:00+00:00
[2023-04-16T18:04:54.172+0000] {processor.py:175} INFO - Processing /home/airflow/.local/lib/python3.7/site-packages/airflow/example_dags/example_nested_branch_dag.py took 0.161 seconds
[2023-04-16T18:05:24.244+0000] {processor.py:153} INFO - Started process (PID=642) to work on /home/airflow/.local/lib/python3.7/site-packages/airflow/example_dags/example_nested_branch_dag.py
[2023-04-16T18:05:24.246+0000] {processor.py:743} INFO - Processing file /home/airflow/.local/lib/python3.7/site-packages/airflow/example_dags/example_nested_branch_dag.py for tasks to queue
[2023-04-16T18:05:24.247+0000] {logging_mixin.py:137} INFO - [2023-04-16T18:05:24.247+0000] {dagbag.py:532} INFO - Filling up the DagBag from /home/airflow/.local/lib/python3.7/site-packages/airflow/example_dags/example_nested_branch_dag.py
[2023-04-16T18:05:24.286+0000] {processor.py:753} INFO - DAG(s) dict_keys(['example_nested_branch_dag']) retrieved from /home/airflow/.local/lib/python3.7/site-packages/airflow/example_dags/example_nested_branch_dag.py
[2023-04-16T18:05:24.340+0000] {logging_mixin.py:137} INFO - [2023-04-16T18:05:24.340+0000] {dag.py:2705} INFO - Sync 1 DAGs
[2023-04-16T18:05:24.387+0000] {logging_mixin.py:137} INFO - [2023-04-16T18:05:24.387+0000] {dag.py:3456} INFO - Setting next_dagrun for example_nested_branch_dag to 2023-04-15T00:00:00+00:00, run_after=2023-04-16T00:00:00+00:00
[2023-04-16T18:05:24.418+0000] {processor.py:175} INFO - Processing /home/airflow/.local/lib/python3.7/site-packages/airflow/example_dags/example_nested_branch_dag.py took 0.180 seconds
[2023-04-16T18:05:54.457+0000] {processor.py:153} INFO - Started process (PID=691) to work on /home/airflow/.local/lib/python3.7/site-packages/airflow/example_dags/example_nested_branch_dag.py
[2023-04-16T18:05:54.459+0000] {processor.py:743} INFO - Processing file /home/airflow/.local/lib/python3.7/site-packages/airflow/example_dags/example_nested_branch_dag.py for tasks to queue
[2023-04-16T18:05:54.460+0000] {logging_mixin.py:137} INFO - [2023-04-16T18:05:54.460+0000] {dagbag.py:532} INFO - Filling up the DagBag from /home/airflow/.local/lib/python3.7/site-packages/airflow/example_dags/example_nested_branch_dag.py
[2023-04-16T18:05:54.496+0000] {processor.py:753} INFO - DAG(s) dict_keys(['example_nested_branch_dag']) retrieved from /home/airflow/.local/lib/python3.7/site-packages/airflow/example_dags/example_nested_branch_dag.py
[2023-04-16T18:05:54.534+0000] {logging_mixin.py:137} INFO - [2023-04-16T18:05:54.534+0000] {dag.py:2705} INFO - Sync 1 DAGs
[2023-04-16T18:05:54.572+0000] {logging_mixin.py:137} INFO - [2023-04-16T18:05:54.572+0000] {dag.py:3456} INFO - Setting next_dagrun for example_nested_branch_dag to 2023-04-15T00:00:00+00:00, run_after=2023-04-16T00:00:00+00:00
[2023-04-16T18:05:54.597+0000] {processor.py:175} INFO - Processing /home/airflow/.local/lib/python3.7/site-packages/airflow/example_dags/example_nested_branch_dag.py took 0.145 seconds
[2023-04-16T18:06:24.721+0000] {processor.py:153} INFO - Started process (PID=740) to work on /home/airflow/.local/lib/python3.7/site-packages/airflow/example_dags/example_nested_branch_dag.py
[2023-04-16T18:06:24.723+0000] {processor.py:743} INFO - Processing file /home/airflow/.local/lib/python3.7/site-packages/airflow/example_dags/example_nested_branch_dag.py for tasks to queue
[2023-04-16T18:06:24.723+0000] {logging_mixin.py:137} INFO - [2023-04-16T18:06:24.723+0000] {dagbag.py:532} INFO - Filling up the DagBag from /home/airflow/.local/lib/python3.7/site-packages/airflow/example_dags/example_nested_branch_dag.py
[2023-04-16T18:06:24.759+0000] {processor.py:753} INFO - DAG(s) dict_keys(['example_nested_branch_dag']) retrieved from /home/airflow/.local/lib/python3.7/site-packages/airflow/example_dags/example_nested_branch_dag.py
[2023-04-16T18:06:24.798+0000] {logging_mixin.py:137} INFO - [2023-04-16T18:06:24.797+0000] {dag.py:2705} INFO - Sync 1 DAGs
[2023-04-16T18:06:24.835+0000] {logging_mixin.py:137} INFO - [2023-04-16T18:06:24.835+0000] {dag.py:3456} INFO - Setting next_dagrun for example_nested_branch_dag to 2023-04-15T00:00:00+00:00, run_after=2023-04-16T00:00:00+00:00
[2023-04-16T18:06:24.861+0000] {processor.py:175} INFO - Processing /home/airflow/.local/lib/python3.7/site-packages/airflow/example_dags/example_nested_branch_dag.py took 0.147 seconds
[2023-04-16T18:06:55.006+0000] {processor.py:153} INFO - Started process (PID=789) to work on /home/airflow/.local/lib/python3.7/site-packages/airflow/example_dags/example_nested_branch_dag.py
[2023-04-16T18:06:55.008+0000] {processor.py:743} INFO - Processing file /home/airflow/.local/lib/python3.7/site-packages/airflow/example_dags/example_nested_branch_dag.py for tasks to queue
[2023-04-16T18:06:55.010+0000] {logging_mixin.py:137} INFO - [2023-04-16T18:06:55.009+0000] {dagbag.py:532} INFO - Filling up the DagBag from /home/airflow/.local/lib/python3.7/site-packages/airflow/example_dags/example_nested_branch_dag.py
[2023-04-16T18:06:55.047+0000] {processor.py:753} INFO - DAG(s) dict_keys(['example_nested_branch_dag']) retrieved from /home/airflow/.local/lib/python3.7/site-packages/airflow/example_dags/example_nested_branch_dag.py
[2023-04-16T18:06:55.085+0000] {logging_mixin.py:137} INFO - [2023-04-16T18:06:55.085+0000] {dag.py:2705} INFO - Sync 1 DAGs
[2023-04-16T18:06:55.125+0000] {logging_mixin.py:137} INFO - [2023-04-16T18:06:55.124+0000] {dag.py:3456} INFO - Setting next_dagrun for example_nested_branch_dag to 2023-04-15T00:00:00+00:00, run_after=2023-04-16T00:00:00+00:00
[2023-04-16T18:06:55.150+0000] {processor.py:175} INFO - Processing /home/airflow/.local/lib/python3.7/site-packages/airflow/example_dags/example_nested_branch_dag.py took 0.149 seconds
[2023-04-16T18:07:25.344+0000] {processor.py:153} INFO - Started process (PID=839) to work on /home/airflow/.local/lib/python3.7/site-packages/airflow/example_dags/example_nested_branch_dag.py
[2023-04-16T18:07:25.346+0000] {processor.py:743} INFO - Processing file /home/airflow/.local/lib/python3.7/site-packages/airflow/example_dags/example_nested_branch_dag.py for tasks to queue
[2023-04-16T18:07:25.347+0000] {logging_mixin.py:137} INFO - [2023-04-16T18:07:25.346+0000] {dagbag.py:532} INFO - Filling up the DagBag from /home/airflow/.local/lib/python3.7/site-packages/airflow/example_dags/example_nested_branch_dag.py
[2023-04-16T18:07:25.388+0000] {processor.py:753} INFO - DAG(s) dict_keys(['example_nested_branch_dag']) retrieved from /home/airflow/.local/lib/python3.7/site-packages/airflow/example_dags/example_nested_branch_dag.py
[2023-04-16T18:07:25.428+0000] {logging_mixin.py:137} INFO - [2023-04-16T18:07:25.428+0000] {dag.py:2705} INFO - Sync 1 DAGs
[2023-04-16T18:07:25.468+0000] {logging_mixin.py:137} INFO - [2023-04-16T18:07:25.468+0000] {dag.py:3456} INFO - Setting next_dagrun for example_nested_branch_dag to 2023-04-15T00:00:00+00:00, run_after=2023-04-16T00:00:00+00:00
[2023-04-16T18:07:25.499+0000] {processor.py:175} INFO - Processing /home/airflow/.local/lib/python3.7/site-packages/airflow/example_dags/example_nested_branch_dag.py took 0.160 seconds
[2023-04-16T18:07:55.590+0000] {processor.py:153} INFO - Started process (PID=888) to work on /home/airflow/.local/lib/python3.7/site-packages/airflow/example_dags/example_nested_branch_dag.py
[2023-04-16T18:07:55.592+0000] {processor.py:743} INFO - Processing file /home/airflow/.local/lib/python3.7/site-packages/airflow/example_dags/example_nested_branch_dag.py for tasks to queue
[2023-04-16T18:07:55.592+0000] {logging_mixin.py:137} INFO - [2023-04-16T18:07:55.592+0000] {dagbag.py:532} INFO - Filling up the DagBag from /home/airflow/.local/lib/python3.7/site-packages/airflow/example_dags/example_nested_branch_dag.py
[2023-04-16T18:07:55.628+0000] {processor.py:753} INFO - DAG(s) dict_keys(['example_nested_branch_dag']) retrieved from /home/airflow/.local/lib/python3.7/site-packages/airflow/example_dags/example_nested_branch_dag.py
[2023-04-16T18:07:55.668+0000] {logging_mixin.py:137} INFO - [2023-04-16T18:07:55.668+0000] {dag.py:2705} INFO - Sync 1 DAGs
[2023-04-16T18:07:55.713+0000] {logging_mixin.py:137} INFO - [2023-04-16T18:07:55.713+0000] {dag.py:3456} INFO - Setting next_dagrun for example_nested_branch_dag to 2023-04-15T00:00:00+00:00, run_after=2023-04-16T00:00:00+00:00
[2023-04-16T18:07:55.737+0000] {processor.py:175} INFO - Processing /home/airflow/.local/lib/python3.7/site-packages/airflow/example_dags/example_nested_branch_dag.py took 0.152 seconds
[2023-04-16T18:08:25.820+0000] {processor.py:153} INFO - Started process (PID=937) to work on /home/airflow/.local/lib/python3.7/site-packages/airflow/example_dags/example_nested_branch_dag.py
[2023-04-16T18:08:25.821+0000] {processor.py:743} INFO - Processing file /home/airflow/.local/lib/python3.7/site-packages/airflow/example_dags/example_nested_branch_dag.py for tasks to queue
[2023-04-16T18:08:25.822+0000] {logging_mixin.py:137} INFO - [2023-04-16T18:08:25.822+0000] {dagbag.py:532} INFO - Filling up the DagBag from /home/airflow/.local/lib/python3.7/site-packages/airflow/example_dags/example_nested_branch_dag.py
[2023-04-16T18:08:25.858+0000] {processor.py:753} INFO - DAG(s) dict_keys(['example_nested_branch_dag']) retrieved from /home/airflow/.local/lib/python3.7/site-packages/airflow/example_dags/example_nested_branch_dag.py
[2023-04-16T18:08:25.911+0000] {logging_mixin.py:137} INFO - [2023-04-16T18:08:25.911+0000] {dag.py:2705} INFO - Sync 1 DAGs
[2023-04-16T18:08:25.965+0000] {logging_mixin.py:137} INFO - [2023-04-16T18:08:25.965+0000] {dag.py:3456} INFO - Setting next_dagrun for example_nested_branch_dag to 2023-04-15T00:00:00+00:00, run_after=2023-04-16T00:00:00+00:00
[2023-04-16T18:08:26.000+0000] {processor.py:175} INFO - Processing /home/airflow/.local/lib/python3.7/site-packages/airflow/example_dags/example_nested_branch_dag.py took 0.186 seconds
[2023-04-16T18:08:56.226+0000] {processor.py:153} INFO - Started process (PID=987) to work on /home/airflow/.local/lib/python3.7/site-packages/airflow/example_dags/example_nested_branch_dag.py
[2023-04-16T18:08:56.227+0000] {processor.py:743} INFO - Processing file /home/airflow/.local/lib/python3.7/site-packages/airflow/example_dags/example_nested_branch_dag.py for tasks to queue
[2023-04-16T18:08:56.228+0000] {logging_mixin.py:137} INFO - [2023-04-16T18:08:56.228+0000] {dagbag.py:532} INFO - Filling up the DagBag from /home/airflow/.local/lib/python3.7/site-packages/airflow/example_dags/example_nested_branch_dag.py
[2023-04-16T18:08:56.265+0000] {processor.py:753} INFO - DAG(s) dict_keys(['example_nested_branch_dag']) retrieved from /home/airflow/.local/lib/python3.7/site-packages/airflow/example_dags/example_nested_branch_dag.py
[2023-04-16T18:08:56.306+0000] {logging_mixin.py:137} INFO - [2023-04-16T18:08:56.306+0000] {dag.py:2705} INFO - Sync 1 DAGs
[2023-04-16T18:08:56.344+0000] {logging_mixin.py:137} INFO - [2023-04-16T18:08:56.344+0000] {dag.py:3456} INFO - Setting next_dagrun for example_nested_branch_dag to 2023-04-15T00:00:00+00:00, run_after=2023-04-16T00:00:00+00:00
[2023-04-16T18:08:56.374+0000] {processor.py:175} INFO - Processing /home/airflow/.local/lib/python3.7/site-packages/airflow/example_dags/example_nested_branch_dag.py took 0.153 seconds
[2023-04-16T18:09:26.652+0000] {processor.py:153} INFO - Started process (PID=1036) to work on /home/airflow/.local/lib/python3.7/site-packages/airflow/example_dags/example_nested_branch_dag.py
[2023-04-16T18:09:26.654+0000] {processor.py:743} INFO - Processing file /home/airflow/.local/lib/python3.7/site-packages/airflow/example_dags/example_nested_branch_dag.py for tasks to queue
[2023-04-16T18:09:26.655+0000] {logging_mixin.py:137} INFO - [2023-04-16T18:09:26.655+0000] {dagbag.py:532} INFO - Filling up the DagBag from /home/airflow/.local/lib/python3.7/site-packages/airflow/example_dags/example_nested_branch_dag.py
[2023-04-16T18:09:26.690+0000] {processor.py:753} INFO - DAG(s) dict_keys(['example_nested_branch_dag']) retrieved from /home/airflow/.local/lib/python3.7/site-packages/airflow/example_dags/example_nested_branch_dag.py
[2023-04-16T18:09:26.731+0000] {logging_mixin.py:137} INFO - [2023-04-16T18:09:26.731+0000] {dag.py:2705} INFO - Sync 1 DAGs
[2023-04-16T18:09:26.768+0000] {logging_mixin.py:137} INFO - [2023-04-16T18:09:26.767+0000] {dag.py:3456} INFO - Setting next_dagrun for example_nested_branch_dag to 2023-04-15T00:00:00+00:00, run_after=2023-04-16T00:00:00+00:00
[2023-04-16T18:09:26.795+0000] {processor.py:175} INFO - Processing /home/airflow/.local/lib/python3.7/site-packages/airflow/example_dags/example_nested_branch_dag.py took 0.148 seconds
[2023-04-16T18:09:57.223+0000] {processor.py:153} INFO - Started process (PID=1087) to work on /home/airflow/.local/lib/python3.7/site-packages/airflow/example_dags/example_nested_branch_dag.py
[2023-04-16T18:09:57.225+0000] {processor.py:743} INFO - Processing file /home/airflow/.local/lib/python3.7/site-packages/airflow/example_dags/example_nested_branch_dag.py for tasks to queue
[2023-04-16T18:09:57.226+0000] {logging_mixin.py:137} INFO - [2023-04-16T18:09:57.225+0000] {dagbag.py:532} INFO - Filling up the DagBag from /home/airflow/.local/lib/python3.7/site-packages/airflow/example_dags/example_nested_branch_dag.py
[2023-04-16T18:09:57.263+0000] {processor.py:753} INFO - DAG(s) dict_keys(['example_nested_branch_dag']) retrieved from /home/airflow/.local/lib/python3.7/site-packages/airflow/example_dags/example_nested_branch_dag.py
[2023-04-16T18:09:57.303+0000] {logging_mixin.py:137} INFO - [2023-04-16T18:09:57.303+0000] {dag.py:2705} INFO - Sync 1 DAGs
[2023-04-16T18:09:57.340+0000] {logging_mixin.py:137} INFO - [2023-04-16T18:09:57.339+0000] {dag.py:3456} INFO - Setting next_dagrun for example_nested_branch_dag to 2023-04-15T00:00:00+00:00, run_after=2023-04-16T00:00:00+00:00
[2023-04-16T18:09:57.369+0000] {processor.py:175} INFO - Processing /home/airflow/.local/lib/python3.7/site-packages/airflow/example_dags/example_nested_branch_dag.py took 0.151 seconds
[2023-04-16T18:10:28.086+0000] {processor.py:153} INFO - Started process (PID=1137) to work on /home/airflow/.local/lib/python3.7/site-packages/airflow/example_dags/example_nested_branch_dag.py
[2023-04-16T18:10:28.088+0000] {processor.py:743} INFO - Processing file /home/airflow/.local/lib/python3.7/site-packages/airflow/example_dags/example_nested_branch_dag.py for tasks to queue
[2023-04-16T18:10:28.089+0000] {logging_mixin.py:137} INFO - [2023-04-16T18:10:28.089+0000] {dagbag.py:532} INFO - Filling up the DagBag from /home/airflow/.local/lib/python3.7/site-packages/airflow/example_dags/example_nested_branch_dag.py
[2023-04-16T18:10:28.126+0000] {processor.py:753} INFO - DAG(s) dict_keys(['example_nested_branch_dag']) retrieved from /home/airflow/.local/lib/python3.7/site-packages/airflow/example_dags/example_nested_branch_dag.py
[2023-04-16T18:10:28.182+0000] {logging_mixin.py:137} INFO - [2023-04-16T18:10:28.182+0000] {dag.py:2705} INFO - Sync 1 DAGs
[2023-04-16T18:10:28.242+0000] {logging_mixin.py:137} INFO - [2023-04-16T18:10:28.242+0000] {dag.py:3456} INFO - Setting next_dagrun for example_nested_branch_dag to 2023-04-15T00:00:00+00:00, run_after=2023-04-16T00:00:00+00:00
[2023-04-16T18:10:28.269+0000] {processor.py:175} INFO - Processing /home/airflow/.local/lib/python3.7/site-packages/airflow/example_dags/example_nested_branch_dag.py took 0.189 seconds
[2023-04-16T18:10:58.888+0000] {processor.py:153} INFO - Started process (PID=1187) to work on /home/airflow/.local/lib/python3.7/site-packages/airflow/example_dags/example_nested_branch_dag.py
[2023-04-16T18:10:58.889+0000] {processor.py:743} INFO - Processing file /home/airflow/.local/lib/python3.7/site-packages/airflow/example_dags/example_nested_branch_dag.py for tasks to queue
[2023-04-16T18:10:58.890+0000] {logging_mixin.py:137} INFO - [2023-04-16T18:10:58.889+0000] {dagbag.py:532} INFO - Filling up the DagBag from /home/airflow/.local/lib/python3.7/site-packages/airflow/example_dags/example_nested_branch_dag.py
[2023-04-16T18:10:58.925+0000] {processor.py:753} INFO - DAG(s) dict_keys(['example_nested_branch_dag']) retrieved from /home/airflow/.local/lib/python3.7/site-packages/airflow/example_dags/example_nested_branch_dag.py
[2023-04-16T18:10:58.965+0000] {logging_mixin.py:137} INFO - [2023-04-16T18:10:58.965+0000] {dag.py:2705} INFO - Sync 1 DAGs
[2023-04-16T18:10:59.003+0000] {logging_mixin.py:137} INFO - [2023-04-16T18:10:59.003+0000] {dag.py:3456} INFO - Setting next_dagrun for example_nested_branch_dag to 2023-04-15T00:00:00+00:00, run_after=2023-04-16T00:00:00+00:00
[2023-04-16T18:10:59.027+0000] {processor.py:175} INFO - Processing /home/airflow/.local/lib/python3.7/site-packages/airflow/example_dags/example_nested_branch_dag.py took 0.145 seconds
[2023-04-16T18:11:29.639+0000] {processor.py:153} INFO - Started process (PID=1238) to work on /home/airflow/.local/lib/python3.7/site-packages/airflow/example_dags/example_nested_branch_dag.py
[2023-04-16T18:11:29.640+0000] {processor.py:743} INFO - Processing file /home/airflow/.local/lib/python3.7/site-packages/airflow/example_dags/example_nested_branch_dag.py for tasks to queue
[2023-04-16T18:11:29.641+0000] {logging_mixin.py:137} INFO - [2023-04-16T18:11:29.641+0000] {dagbag.py:532} INFO - Filling up the DagBag from /home/airflow/.local/lib/python3.7/site-packages/airflow/example_dags/example_nested_branch_dag.py
[2023-04-16T18:11:29.676+0000] {processor.py:753} INFO - DAG(s) dict_keys(['example_nested_branch_dag']) retrieved from /home/airflow/.local/lib/python3.7/site-packages/airflow/example_dags/example_nested_branch_dag.py
[2023-04-16T18:11:29.714+0000] {logging_mixin.py:137} INFO - [2023-04-16T18:11:29.714+0000] {dag.py:2705} INFO - Sync 1 DAGs
[2023-04-16T18:11:29.759+0000] {logging_mixin.py:137} INFO - [2023-04-16T18:11:29.759+0000] {dag.py:3456} INFO - Setting next_dagrun for example_nested_branch_dag to 2023-04-15T00:00:00+00:00, run_after=2023-04-16T00:00:00+00:00
[2023-04-16T18:11:29.783+0000] {processor.py:175} INFO - Processing /home/airflow/.local/lib/python3.7/site-packages/airflow/example_dags/example_nested_branch_dag.py took 0.150 seconds
[2023-04-16T18:12:00.329+0000] {processor.py:153} INFO - Started process (PID=1288) to work on /home/airflow/.local/lib/python3.7/site-packages/airflow/example_dags/example_nested_branch_dag.py
[2023-04-16T18:12:00.330+0000] {processor.py:743} INFO - Processing file /home/airflow/.local/lib/python3.7/site-packages/airflow/example_dags/example_nested_branch_dag.py for tasks to queue
[2023-04-16T18:12:00.331+0000] {logging_mixin.py:137} INFO - [2023-04-16T18:12:00.330+0000] {dagbag.py:532} INFO - Filling up the DagBag from /home/airflow/.local/lib/python3.7/site-packages/airflow/example_dags/example_nested_branch_dag.py
[2023-04-16T18:12:00.366+0000] {processor.py:753} INFO - DAG(s) dict_keys(['example_nested_branch_dag']) retrieved from /home/airflow/.local/lib/python3.7/site-packages/airflow/example_dags/example_nested_branch_dag.py
[2023-04-16T18:12:00.407+0000] {logging_mixin.py:137} INFO - [2023-04-16T18:12:00.406+0000] {dag.py:2705} INFO - Sync 1 DAGs
[2023-04-16T18:12:00.445+0000] {logging_mixin.py:137} INFO - [2023-04-16T18:12:00.445+0000] {dag.py:3456} INFO - Setting next_dagrun for example_nested_branch_dag to 2023-04-15T00:00:00+00:00, run_after=2023-04-16T00:00:00+00:00
[2023-04-16T18:12:00.478+0000] {processor.py:175} INFO - Processing /home/airflow/.local/lib/python3.7/site-packages/airflow/example_dags/example_nested_branch_dag.py took 0.155 seconds
[2023-04-16T18:12:30.934+0000] {processor.py:153} INFO - Started process (PID=1338) to work on /home/airflow/.local/lib/python3.7/site-packages/airflow/example_dags/example_nested_branch_dag.py
[2023-04-16T18:12:30.936+0000] {processor.py:743} INFO - Processing file /home/airflow/.local/lib/python3.7/site-packages/airflow/example_dags/example_nested_branch_dag.py for tasks to queue
[2023-04-16T18:12:30.937+0000] {logging_mixin.py:137} INFO - [2023-04-16T18:12:30.936+0000] {dagbag.py:532} INFO - Filling up the DagBag from /home/airflow/.local/lib/python3.7/site-packages/airflow/example_dags/example_nested_branch_dag.py
[2023-04-16T18:12:30.973+0000] {processor.py:753} INFO - DAG(s) dict_keys(['example_nested_branch_dag']) retrieved from /home/airflow/.local/lib/python3.7/site-packages/airflow/example_dags/example_nested_branch_dag.py
[2023-04-16T18:12:31.011+0000] {logging_mixin.py:137} INFO - [2023-04-16T18:12:31.011+0000] {dag.py:2705} INFO - Sync 1 DAGs
[2023-04-16T18:12:31.054+0000] {logging_mixin.py:137} INFO - [2023-04-16T18:12:31.054+0000] {dag.py:3456} INFO - Setting next_dagrun for example_nested_branch_dag to 2023-04-15T00:00:00+00:00, run_after=2023-04-16T00:00:00+00:00
[2023-04-16T18:12:31.078+0000] {processor.py:175} INFO - Processing /home/airflow/.local/lib/python3.7/site-packages/airflow/example_dags/example_nested_branch_dag.py took 0.150 seconds
[2023-04-16T18:13:01.595+0000] {processor.py:153} INFO - Started process (PID=1388) to work on /home/airflow/.local/lib/python3.7/site-packages/airflow/example_dags/example_nested_branch_dag.py
[2023-04-16T18:13:01.596+0000] {processor.py:743} INFO - Processing file /home/airflow/.local/lib/python3.7/site-packages/airflow/example_dags/example_nested_branch_dag.py for tasks to queue
[2023-04-16T18:13:01.600+0000] {logging_mixin.py:137} INFO - [2023-04-16T18:13:01.600+0000] {dagbag.py:532} INFO - Filling up the DagBag from /home/airflow/.local/lib/python3.7/site-packages/airflow/example_dags/example_nested_branch_dag.py
[2023-04-16T18:13:01.652+0000] {processor.py:753} INFO - DAG(s) dict_keys(['example_nested_branch_dag']) retrieved from /home/airflow/.local/lib/python3.7/site-packages/airflow/example_dags/example_nested_branch_dag.py
[2023-04-16T18:13:01.693+0000] {logging_mixin.py:137} INFO - [2023-04-16T18:13:01.693+0000] {dag.py:2705} INFO - Sync 1 DAGs
[2023-04-16T18:13:01.737+0000] {logging_mixin.py:137} INFO - [2023-04-16T18:13:01.737+0000] {dag.py:3456} INFO - Setting next_dagrun for example_nested_branch_dag to 2023-04-15T00:00:00+00:00, run_after=2023-04-16T00:00:00+00:00
[2023-04-16T18:13:01.765+0000] {processor.py:175} INFO - Processing /home/airflow/.local/lib/python3.7/site-packages/airflow/example_dags/example_nested_branch_dag.py took 0.177 seconds
[2023-04-16T18:13:32.310+0000] {processor.py:153} INFO - Started process (PID=1439) to work on /home/airflow/.local/lib/python3.7/site-packages/airflow/example_dags/example_nested_branch_dag.py
[2023-04-16T18:13:32.312+0000] {processor.py:743} INFO - Processing file /home/airflow/.local/lib/python3.7/site-packages/airflow/example_dags/example_nested_branch_dag.py for tasks to queue
[2023-04-16T18:13:32.314+0000] {logging_mixin.py:137} INFO - [2023-04-16T18:13:32.313+0000] {dagbag.py:532} INFO - Filling up the DagBag from /home/airflow/.local/lib/python3.7/site-packages/airflow/example_dags/example_nested_branch_dag.py
[2023-04-16T18:13:32.369+0000] {processor.py:753} INFO - DAG(s) dict_keys(['example_nested_branch_dag']) retrieved from /home/airflow/.local/lib/python3.7/site-packages/airflow/example_dags/example_nested_branch_dag.py
[2023-04-16T18:13:32.411+0000] {logging_mixin.py:137} INFO - [2023-04-16T18:13:32.411+0000] {dag.py:2705} INFO - Sync 1 DAGs
[2023-04-16T18:13:32.449+0000] {logging_mixin.py:137} INFO - [2023-04-16T18:13:32.449+0000] {dag.py:3456} INFO - Setting next_dagrun for example_nested_branch_dag to 2023-04-15T00:00:00+00:00, run_after=2023-04-16T00:00:00+00:00
[2023-04-16T18:13:32.479+0000] {processor.py:175} INFO - Processing /home/airflow/.local/lib/python3.7/site-packages/airflow/example_dags/example_nested_branch_dag.py took 0.175 seconds
[2023-04-16T18:14:02.818+0000] {processor.py:153} INFO - Started process (PID=1490) to work on /home/airflow/.local/lib/python3.7/site-packages/airflow/example_dags/example_nested_branch_dag.py
[2023-04-16T18:14:02.823+0000] {processor.py:743} INFO - Processing file /home/airflow/.local/lib/python3.7/site-packages/airflow/example_dags/example_nested_branch_dag.py for tasks to queue
[2023-04-16T18:14:02.824+0000] {logging_mixin.py:137} INFO - [2023-04-16T18:14:02.824+0000] {dagbag.py:532} INFO - Filling up the DagBag from /home/airflow/.local/lib/python3.7/site-packages/airflow/example_dags/example_nested_branch_dag.py
[2023-04-16T18:14:02.863+0000] {processor.py:753} INFO - DAG(s) dict_keys(['example_nested_branch_dag']) retrieved from /home/airflow/.local/lib/python3.7/site-packages/airflow/example_dags/example_nested_branch_dag.py
[2023-04-16T18:14:02.917+0000] {logging_mixin.py:137} INFO - [2023-04-16T18:14:02.917+0000] {dag.py:2705} INFO - Sync 1 DAGs
[2023-04-16T18:14:02.958+0000] {logging_mixin.py:137} INFO - [2023-04-16T18:14:02.957+0000] {dag.py:3456} INFO - Setting next_dagrun for example_nested_branch_dag to 2023-04-15T00:00:00+00:00, run_after=2023-04-16T00:00:00+00:00
[2023-04-16T18:14:02.985+0000] {processor.py:175} INFO - Processing /home/airflow/.local/lib/python3.7/site-packages/airflow/example_dags/example_nested_branch_dag.py took 0.173 seconds
[2023-04-16T18:14:33.591+0000] {processor.py:153} INFO - Started process (PID=1540) to work on /home/airflow/.local/lib/python3.7/site-packages/airflow/example_dags/example_nested_branch_dag.py
[2023-04-16T18:14:33.593+0000] {processor.py:743} INFO - Processing file /home/airflow/.local/lib/python3.7/site-packages/airflow/example_dags/example_nested_branch_dag.py for tasks to queue
[2023-04-16T18:14:33.594+0000] {logging_mixin.py:137} INFO - [2023-04-16T18:14:33.594+0000] {dagbag.py:532} INFO - Filling up the DagBag from /home/airflow/.local/lib/python3.7/site-packages/airflow/example_dags/example_nested_branch_dag.py
[2023-04-16T18:14:33.633+0000] {processor.py:753} INFO - DAG(s) dict_keys(['example_nested_branch_dag']) retrieved from /home/airflow/.local/lib/python3.7/site-packages/airflow/example_dags/example_nested_branch_dag.py
[2023-04-16T18:14:33.672+0000] {logging_mixin.py:137} INFO - [2023-04-16T18:14:33.672+0000] {dag.py:2705} INFO - Sync 1 DAGs
[2023-04-16T18:14:33.713+0000] {logging_mixin.py:137} INFO - [2023-04-16T18:14:33.713+0000] {dag.py:3456} INFO - Setting next_dagrun for example_nested_branch_dag to 2023-04-15T00:00:00+00:00, run_after=2023-04-16T00:00:00+00:00
[2023-04-16T18:14:33.742+0000] {processor.py:175} INFO - Processing /home/airflow/.local/lib/python3.7/site-packages/airflow/example_dags/example_nested_branch_dag.py took 0.156 seconds
[2023-04-16T18:15:04.230+0000] {processor.py:153} INFO - Started process (PID=1590) to work on /home/airflow/.local/lib/python3.7/site-packages/airflow/example_dags/example_nested_branch_dag.py
[2023-04-16T18:15:04.231+0000] {processor.py:743} INFO - Processing file /home/airflow/.local/lib/python3.7/site-packages/airflow/example_dags/example_nested_branch_dag.py for tasks to queue
[2023-04-16T18:15:04.232+0000] {logging_mixin.py:137} INFO - [2023-04-16T18:15:04.232+0000] {dagbag.py:532} INFO - Filling up the DagBag from /home/airflow/.local/lib/python3.7/site-packages/airflow/example_dags/example_nested_branch_dag.py
[2023-04-16T18:15:04.272+0000] {processor.py:753} INFO - DAG(s) dict_keys(['example_nested_branch_dag']) retrieved from /home/airflow/.local/lib/python3.7/site-packages/airflow/example_dags/example_nested_branch_dag.py
[2023-04-16T18:15:04.313+0000] {logging_mixin.py:137} INFO - [2023-04-16T18:15:04.313+0000] {dag.py:2705} INFO - Sync 1 DAGs
[2023-04-16T18:15:04.352+0000] {logging_mixin.py:137} INFO - [2023-04-16T18:15:04.352+0000] {dag.py:3456} INFO - Setting next_dagrun for example_nested_branch_dag to 2023-04-15T00:00:00+00:00, run_after=2023-04-16T00:00:00+00:00
[2023-04-16T18:15:04.383+0000] {processor.py:175} INFO - Processing /home/airflow/.local/lib/python3.7/site-packages/airflow/example_dags/example_nested_branch_dag.py took 0.158 seconds
[2023-04-16T18:15:34.973+0000] {processor.py:153} INFO - Started process (PID=1640) to work on /home/airflow/.local/lib/python3.7/site-packages/airflow/example_dags/example_nested_branch_dag.py
[2023-04-16T18:15:34.975+0000] {processor.py:743} INFO - Processing file /home/airflow/.local/lib/python3.7/site-packages/airflow/example_dags/example_nested_branch_dag.py for tasks to queue
[2023-04-16T18:15:34.976+0000] {logging_mixin.py:137} INFO - [2023-04-16T18:15:34.976+0000] {dagbag.py:532} INFO - Filling up the DagBag from /home/airflow/.local/lib/python3.7/site-packages/airflow/example_dags/example_nested_branch_dag.py
[2023-04-16T18:15:35.020+0000] {processor.py:753} INFO - DAG(s) dict_keys(['example_nested_branch_dag']) retrieved from /home/airflow/.local/lib/python3.7/site-packages/airflow/example_dags/example_nested_branch_dag.py
[2023-04-16T18:15:35.078+0000] {logging_mixin.py:137} INFO - [2023-04-16T18:15:35.077+0000] {dag.py:2705} INFO - Sync 1 DAGs
[2023-04-16T18:15:35.138+0000] {logging_mixin.py:137} INFO - [2023-04-16T18:15:35.137+0000] {dag.py:3456} INFO - Setting next_dagrun for example_nested_branch_dag to 2023-04-15T00:00:00+00:00, run_after=2023-04-16T00:00:00+00:00
[2023-04-16T18:15:35.174+0000] {processor.py:175} INFO - Processing /home/airflow/.local/lib/python3.7/site-packages/airflow/example_dags/example_nested_branch_dag.py took 0.207 seconds
[2023-04-16T18:16:05.744+0000] {processor.py:153} INFO - Started process (PID=1690) to work on /home/airflow/.local/lib/python3.7/site-packages/airflow/example_dags/example_nested_branch_dag.py
[2023-04-16T18:16:05.746+0000] {processor.py:743} INFO - Processing file /home/airflow/.local/lib/python3.7/site-packages/airflow/example_dags/example_nested_branch_dag.py for tasks to queue
[2023-04-16T18:16:05.746+0000] {logging_mixin.py:137} INFO - [2023-04-16T18:16:05.746+0000] {dagbag.py:532} INFO - Filling up the DagBag from /home/airflow/.local/lib/python3.7/site-packages/airflow/example_dags/example_nested_branch_dag.py
[2023-04-16T18:16:05.782+0000] {processor.py:753} INFO - DAG(s) dict_keys(['example_nested_branch_dag']) retrieved from /home/airflow/.local/lib/python3.7/site-packages/airflow/example_dags/example_nested_branch_dag.py
[2023-04-16T18:16:05.822+0000] {logging_mixin.py:137} INFO - [2023-04-16T18:16:05.822+0000] {dag.py:2705} INFO - Sync 1 DAGs
[2023-04-16T18:16:05.862+0000] {logging_mixin.py:137} INFO - [2023-04-16T18:16:05.862+0000] {dag.py:3456} INFO - Setting next_dagrun for example_nested_branch_dag to 2023-04-15T00:00:00+00:00, run_after=2023-04-16T00:00:00+00:00
[2023-04-16T18:16:05.891+0000] {processor.py:175} INFO - Processing /home/airflow/.local/lib/python3.7/site-packages/airflow/example_dags/example_nested_branch_dag.py took 0.152 seconds
[2023-04-16T18:16:36.258+0000] {processor.py:153} INFO - Started process (PID=1740) to work on /home/airflow/.local/lib/python3.7/site-packages/airflow/example_dags/example_nested_branch_dag.py
[2023-04-16T18:16:36.260+0000] {processor.py:743} INFO - Processing file /home/airflow/.local/lib/python3.7/site-packages/airflow/example_dags/example_nested_branch_dag.py for tasks to queue
[2023-04-16T18:16:36.261+0000] {logging_mixin.py:137} INFO - [2023-04-16T18:16:36.261+0000] {dagbag.py:532} INFO - Filling up the DagBag from /home/airflow/.local/lib/python3.7/site-packages/airflow/example_dags/example_nested_branch_dag.py
[2023-04-16T18:16:36.298+0000] {processor.py:753} INFO - DAG(s) dict_keys(['example_nested_branch_dag']) retrieved from /home/airflow/.local/lib/python3.7/site-packages/airflow/example_dags/example_nested_branch_dag.py
[2023-04-16T18:16:36.351+0000] {logging_mixin.py:137} INFO - [2023-04-16T18:16:36.351+0000] {dag.py:2705} INFO - Sync 1 DAGs
[2023-04-16T18:16:36.401+0000] {logging_mixin.py:137} INFO - [2023-04-16T18:16:36.401+0000] {dag.py:3456} INFO - Setting next_dagrun for example_nested_branch_dag to 2023-04-15T00:00:00+00:00, run_after=2023-04-16T00:00:00+00:00
[2023-04-16T18:16:36.427+0000] {processor.py:175} INFO - Processing /home/airflow/.local/lib/python3.7/site-packages/airflow/example_dags/example_nested_branch_dag.py took 0.174 seconds
[2023-04-16T18:17:07.050+0000] {processor.py:153} INFO - Started process (PID=1790) to work on /home/airflow/.local/lib/python3.7/site-packages/airflow/example_dags/example_nested_branch_dag.py
[2023-04-16T18:17:07.052+0000] {processor.py:743} INFO - Processing file /home/airflow/.local/lib/python3.7/site-packages/airflow/example_dags/example_nested_branch_dag.py for tasks to queue
[2023-04-16T18:17:07.053+0000] {logging_mixin.py:137} INFO - [2023-04-16T18:17:07.053+0000] {dagbag.py:532} INFO - Filling up the DagBag from /home/airflow/.local/lib/python3.7/site-packages/airflow/example_dags/example_nested_branch_dag.py
[2023-04-16T18:17:07.090+0000] {processor.py:753} INFO - DAG(s) dict_keys(['example_nested_branch_dag']) retrieved from /home/airflow/.local/lib/python3.7/site-packages/airflow/example_dags/example_nested_branch_dag.py
[2023-04-16T18:17:07.136+0000] {logging_mixin.py:137} INFO - [2023-04-16T18:17:07.136+0000] {dag.py:2705} INFO - Sync 1 DAGs
[2023-04-16T18:17:07.172+0000] {logging_mixin.py:137} INFO - [2023-04-16T18:17:07.172+0000] {dag.py:3456} INFO - Setting next_dagrun for example_nested_branch_dag to 2023-04-15T00:00:00+00:00, run_after=2023-04-16T00:00:00+00:00
[2023-04-16T18:17:07.202+0000] {processor.py:175} INFO - Processing /home/airflow/.local/lib/python3.7/site-packages/airflow/example_dags/example_nested_branch_dag.py took 0.157 seconds
[2023-04-16T18:17:37.854+0000] {processor.py:153} INFO - Started process (PID=1840) to work on /home/airflow/.local/lib/python3.7/site-packages/airflow/example_dags/example_nested_branch_dag.py
[2023-04-16T18:17:37.856+0000] {processor.py:743} INFO - Processing file /home/airflow/.local/lib/python3.7/site-packages/airflow/example_dags/example_nested_branch_dag.py for tasks to queue
[2023-04-16T18:17:37.856+0000] {logging_mixin.py:137} INFO - [2023-04-16T18:17:37.856+0000] {dagbag.py:532} INFO - Filling up the DagBag from /home/airflow/.local/lib/python3.7/site-packages/airflow/example_dags/example_nested_branch_dag.py
[2023-04-16T18:17:37.904+0000] {processor.py:753} INFO - DAG(s) dict_keys(['example_nested_branch_dag']) retrieved from /home/airflow/.local/lib/python3.7/site-packages/airflow/example_dags/example_nested_branch_dag.py
[2023-04-16T18:17:37.945+0000] {logging_mixin.py:137} INFO - [2023-04-16T18:17:37.945+0000] {dag.py:2705} INFO - Sync 1 DAGs
[2023-04-16T18:17:37.993+0000] {logging_mixin.py:137} INFO - [2023-04-16T18:17:37.993+0000] {dag.py:3456} INFO - Setting next_dagrun for example_nested_branch_dag to 2023-04-15T00:00:00+00:00, run_after=2023-04-16T00:00:00+00:00
[2023-04-16T18:17:38.025+0000] {processor.py:175} INFO - Processing /home/airflow/.local/lib/python3.7/site-packages/airflow/example_dags/example_nested_branch_dag.py took 0.176 seconds
[2023-04-16T18:18:08.650+0000] {processor.py:153} INFO - Started process (PID=1890) to work on /home/airflow/.local/lib/python3.7/site-packages/airflow/example_dags/example_nested_branch_dag.py
[2023-04-16T18:18:08.651+0000] {processor.py:743} INFO - Processing file /home/airflow/.local/lib/python3.7/site-packages/airflow/example_dags/example_nested_branch_dag.py for tasks to queue
[2023-04-16T18:18:08.652+0000] {logging_mixin.py:137} INFO - [2023-04-16T18:18:08.652+0000] {dagbag.py:532} INFO - Filling up the DagBag from /home/airflow/.local/lib/python3.7/site-packages/airflow/example_dags/example_nested_branch_dag.py
[2023-04-16T18:18:08.687+0000] {processor.py:753} INFO - DAG(s) dict_keys(['example_nested_branch_dag']) retrieved from /home/airflow/.local/lib/python3.7/site-packages/airflow/example_dags/example_nested_branch_dag.py
[2023-04-16T18:18:08.726+0000] {logging_mixin.py:137} INFO - [2023-04-16T18:18:08.726+0000] {dag.py:2705} INFO - Sync 1 DAGs
[2023-04-16T18:18:08.764+0000] {logging_mixin.py:137} INFO - [2023-04-16T18:18:08.764+0000] {dag.py:3456} INFO - Setting next_dagrun for example_nested_branch_dag to 2023-04-15T00:00:00+00:00, run_after=2023-04-16T00:00:00+00:00
[2023-04-16T18:18:08.791+0000] {processor.py:175} INFO - Processing /home/airflow/.local/lib/python3.7/site-packages/airflow/example_dags/example_nested_branch_dag.py took 0.146 seconds
[2023-04-16T18:18:39.364+0000] {processor.py:153} INFO - Started process (PID=1940) to work on /home/airflow/.local/lib/python3.7/site-packages/airflow/example_dags/example_nested_branch_dag.py
[2023-04-16T18:18:39.366+0000] {processor.py:743} INFO - Processing file /home/airflow/.local/lib/python3.7/site-packages/airflow/example_dags/example_nested_branch_dag.py for tasks to queue
[2023-04-16T18:18:39.367+0000] {logging_mixin.py:137} INFO - [2023-04-16T18:18:39.367+0000] {dagbag.py:532} INFO - Filling up the DagBag from /home/airflow/.local/lib/python3.7/site-packages/airflow/example_dags/example_nested_branch_dag.py
[2023-04-16T18:18:39.403+0000] {processor.py:753} INFO - DAG(s) dict_keys(['example_nested_branch_dag']) retrieved from /home/airflow/.local/lib/python3.7/site-packages/airflow/example_dags/example_nested_branch_dag.py
[2023-04-16T18:18:39.442+0000] {logging_mixin.py:137} INFO - [2023-04-16T18:18:39.442+0000] {dag.py:2705} INFO - Sync 1 DAGs
[2023-04-16T18:18:39.479+0000] {logging_mixin.py:137} INFO - [2023-04-16T18:18:39.479+0000] {dag.py:3456} INFO - Setting next_dagrun for example_nested_branch_dag to 2023-04-15T00:00:00+00:00, run_after=2023-04-16T00:00:00+00:00
[2023-04-16T18:18:39.504+0000] {processor.py:175} INFO - Processing /home/airflow/.local/lib/python3.7/site-packages/airflow/example_dags/example_nested_branch_dag.py took 0.147 seconds
[2023-04-16T18:19:09.969+0000] {processor.py:153} INFO - Started process (PID=1990) to work on /home/airflow/.local/lib/python3.7/site-packages/airflow/example_dags/example_nested_branch_dag.py
[2023-04-16T18:19:09.972+0000] {processor.py:743} INFO - Processing file /home/airflow/.local/lib/python3.7/site-packages/airflow/example_dags/example_nested_branch_dag.py for tasks to queue
[2023-04-16T18:19:09.975+0000] {logging_mixin.py:137} INFO - [2023-04-16T18:19:09.974+0000] {dagbag.py:532} INFO - Filling up the DagBag from /home/airflow/.local/lib/python3.7/site-packages/airflow/example_dags/example_nested_branch_dag.py
[2023-04-16T18:19:10.026+0000] {processor.py:753} INFO - DAG(s) dict_keys(['example_nested_branch_dag']) retrieved from /home/airflow/.local/lib/python3.7/site-packages/airflow/example_dags/example_nested_branch_dag.py
[2023-04-16T18:19:10.084+0000] {logging_mixin.py:137} INFO - [2023-04-16T18:19:10.083+0000] {dag.py:2705} INFO - Sync 1 DAGs
[2023-04-16T18:19:10.150+0000] {logging_mixin.py:137} INFO - [2023-04-16T18:19:10.149+0000] {dag.py:3456} INFO - Setting next_dagrun for example_nested_branch_dag to 2023-04-15T00:00:00+00:00, run_after=2023-04-16T00:00:00+00:00
[2023-04-16T18:19:10.178+0000] {processor.py:175} INFO - Processing /home/airflow/.local/lib/python3.7/site-packages/airflow/example_dags/example_nested_branch_dag.py took 0.219 seconds
[2023-04-16T18:19:40.839+0000] {processor.py:153} INFO - Started process (PID=2047) to work on /home/airflow/.local/lib/python3.7/site-packages/airflow/example_dags/example_nested_branch_dag.py
[2023-04-16T18:19:40.841+0000] {processor.py:743} INFO - Processing file /home/airflow/.local/lib/python3.7/site-packages/airflow/example_dags/example_nested_branch_dag.py for tasks to queue
[2023-04-16T18:19:40.842+0000] {logging_mixin.py:137} INFO - [2023-04-16T18:19:40.842+0000] {dagbag.py:532} INFO - Filling up the DagBag from /home/airflow/.local/lib/python3.7/site-packages/airflow/example_dags/example_nested_branch_dag.py
[2023-04-16T18:19:40.880+0000] {processor.py:753} INFO - DAG(s) dict_keys(['example_nested_branch_dag']) retrieved from /home/airflow/.local/lib/python3.7/site-packages/airflow/example_dags/example_nested_branch_dag.py
[2023-04-16T18:19:40.930+0000] {logging_mixin.py:137} INFO - [2023-04-16T18:19:40.930+0000] {dag.py:2705} INFO - Sync 1 DAGs
[2023-04-16T18:19:40.988+0000] {logging_mixin.py:137} INFO - [2023-04-16T18:19:40.988+0000] {dag.py:3456} INFO - Setting next_dagrun for example_nested_branch_dag to 2023-04-15T00:00:00+00:00, run_after=2023-04-16T00:00:00+00:00
[2023-04-16T18:19:41.014+0000] {processor.py:175} INFO - Processing /home/airflow/.local/lib/python3.7/site-packages/airflow/example_dags/example_nested_branch_dag.py took 0.181 seconds
[2023-04-16T18:20:11.519+0000] {processor.py:153} INFO - Started process (PID=2097) to work on /home/airflow/.local/lib/python3.7/site-packages/airflow/example_dags/example_nested_branch_dag.py
[2023-04-16T18:20:11.520+0000] {processor.py:743} INFO - Processing file /home/airflow/.local/lib/python3.7/site-packages/airflow/example_dags/example_nested_branch_dag.py for tasks to queue
[2023-04-16T18:20:11.522+0000] {logging_mixin.py:137} INFO - [2023-04-16T18:20:11.521+0000] {dagbag.py:532} INFO - Filling up the DagBag from /home/airflow/.local/lib/python3.7/site-packages/airflow/example_dags/example_nested_branch_dag.py
[2023-04-16T18:20:11.566+0000] {processor.py:753} INFO - DAG(s) dict_keys(['example_nested_branch_dag']) retrieved from /home/airflow/.local/lib/python3.7/site-packages/airflow/example_dags/example_nested_branch_dag.py
[2023-04-16T18:20:11.609+0000] {logging_mixin.py:137} INFO - [2023-04-16T18:20:11.608+0000] {dag.py:2705} INFO - Sync 1 DAGs
[2023-04-16T18:20:11.653+0000] {logging_mixin.py:137} INFO - [2023-04-16T18:20:11.653+0000] {dag.py:3456} INFO - Setting next_dagrun for example_nested_branch_dag to 2023-04-15T00:00:00+00:00, run_after=2023-04-16T00:00:00+00:00
[2023-04-16T18:20:11.679+0000] {processor.py:175} INFO - Processing /home/airflow/.local/lib/python3.7/site-packages/airflow/example_dags/example_nested_branch_dag.py took 0.167 seconds
[2023-04-16T18:20:42.293+0000] {processor.py:153} INFO - Started process (PID=2148) to work on /home/airflow/.local/lib/python3.7/site-packages/airflow/example_dags/example_nested_branch_dag.py
[2023-04-16T18:20:42.294+0000] {processor.py:743} INFO - Processing file /home/airflow/.local/lib/python3.7/site-packages/airflow/example_dags/example_nested_branch_dag.py for tasks to queue
[2023-04-16T18:20:42.295+0000] {logging_mixin.py:137} INFO - [2023-04-16T18:20:42.295+0000] {dagbag.py:532} INFO - Filling up the DagBag from /home/airflow/.local/lib/python3.7/site-packages/airflow/example_dags/example_nested_branch_dag.py
[2023-04-16T18:20:42.334+0000] {processor.py:753} INFO - DAG(s) dict_keys(['example_nested_branch_dag']) retrieved from /home/airflow/.local/lib/python3.7/site-packages/airflow/example_dags/example_nested_branch_dag.py
[2023-04-16T18:20:42.380+0000] {logging_mixin.py:137} INFO - [2023-04-16T18:20:42.379+0000] {dag.py:2705} INFO - Sync 1 DAGs
[2023-04-16T18:20:42.423+0000] {logging_mixin.py:137} INFO - [2023-04-16T18:20:42.423+0000] {dag.py:3456} INFO - Setting next_dagrun for example_nested_branch_dag to 2023-04-15T00:00:00+00:00, run_after=2023-04-16T00:00:00+00:00
[2023-04-16T18:20:42.456+0000] {processor.py:175} INFO - Processing /home/airflow/.local/lib/python3.7/site-packages/airflow/example_dags/example_nested_branch_dag.py took 0.168 seconds
[2023-04-16T18:21:12.874+0000] {processor.py:153} INFO - Started process (PID=2198) to work on /home/airflow/.local/lib/python3.7/site-packages/airflow/example_dags/example_nested_branch_dag.py
[2023-04-16T18:21:12.875+0000] {processor.py:743} INFO - Processing file /home/airflow/.local/lib/python3.7/site-packages/airflow/example_dags/example_nested_branch_dag.py for tasks to queue
[2023-04-16T18:21:12.876+0000] {logging_mixin.py:137} INFO - [2023-04-16T18:21:12.876+0000] {dagbag.py:532} INFO - Filling up the DagBag from /home/airflow/.local/lib/python3.7/site-packages/airflow/example_dags/example_nested_branch_dag.py
[2023-04-16T18:21:12.912+0000] {processor.py:753} INFO - DAG(s) dict_keys(['example_nested_branch_dag']) retrieved from /home/airflow/.local/lib/python3.7/site-packages/airflow/example_dags/example_nested_branch_dag.py
[2023-04-16T18:21:12.952+0000] {logging_mixin.py:137} INFO - [2023-04-16T18:21:12.952+0000] {dag.py:2705} INFO - Sync 1 DAGs
[2023-04-16T18:21:12.990+0000] {logging_mixin.py:137} INFO - [2023-04-16T18:21:12.990+0000] {dag.py:3456} INFO - Setting next_dagrun for example_nested_branch_dag to 2023-04-15T00:00:00+00:00, run_after=2023-04-16T00:00:00+00:00
[2023-04-16T18:21:13.016+0000] {processor.py:175} INFO - Processing /home/airflow/.local/lib/python3.7/site-packages/airflow/example_dags/example_nested_branch_dag.py took 0.148 seconds
[2023-04-16T18:21:43.142+0000] {processor.py:153} INFO - Started process (PID=2248) to work on /home/airflow/.local/lib/python3.7/site-packages/airflow/example_dags/example_nested_branch_dag.py
[2023-04-16T18:21:43.143+0000] {processor.py:743} INFO - Processing file /home/airflow/.local/lib/python3.7/site-packages/airflow/example_dags/example_nested_branch_dag.py for tasks to queue
[2023-04-16T18:21:43.144+0000] {logging_mixin.py:137} INFO - [2023-04-16T18:21:43.144+0000] {dagbag.py:532} INFO - Filling up the DagBag from /home/airflow/.local/lib/python3.7/site-packages/airflow/example_dags/example_nested_branch_dag.py
[2023-04-16T18:21:43.179+0000] {processor.py:753} INFO - DAG(s) dict_keys(['example_nested_branch_dag']) retrieved from /home/airflow/.local/lib/python3.7/site-packages/airflow/example_dags/example_nested_branch_dag.py
[2023-04-16T18:21:43.218+0000] {logging_mixin.py:137} INFO - [2023-04-16T18:21:43.217+0000] {dag.py:2705} INFO - Sync 1 DAGs
[2023-04-16T18:21:43.258+0000] {logging_mixin.py:137} INFO - [2023-04-16T18:21:43.258+0000] {dag.py:3456} INFO - Setting next_dagrun for example_nested_branch_dag to 2023-04-15T00:00:00+00:00, run_after=2023-04-16T00:00:00+00:00
[2023-04-16T18:21:43.286+0000] {processor.py:175} INFO - Processing /home/airflow/.local/lib/python3.7/site-packages/airflow/example_dags/example_nested_branch_dag.py took 0.149 seconds
[2023-04-16T18:22:13.358+0000] {processor.py:153} INFO - Started process (PID=2298) to work on /home/airflow/.local/lib/python3.7/site-packages/airflow/example_dags/example_nested_branch_dag.py
[2023-04-16T18:22:13.360+0000] {processor.py:743} INFO - Processing file /home/airflow/.local/lib/python3.7/site-packages/airflow/example_dags/example_nested_branch_dag.py for tasks to queue
[2023-04-16T18:22:13.361+0000] {logging_mixin.py:137} INFO - [2023-04-16T18:22:13.361+0000] {dagbag.py:532} INFO - Filling up the DagBag from /home/airflow/.local/lib/python3.7/site-packages/airflow/example_dags/example_nested_branch_dag.py
[2023-04-16T18:22:13.397+0000] {processor.py:753} INFO - DAG(s) dict_keys(['example_nested_branch_dag']) retrieved from /home/airflow/.local/lib/python3.7/site-packages/airflow/example_dags/example_nested_branch_dag.py
[2023-04-16T18:22:13.437+0000] {logging_mixin.py:137} INFO - [2023-04-16T18:22:13.437+0000] {dag.py:2705} INFO - Sync 1 DAGs
[2023-04-16T18:22:13.483+0000] {logging_mixin.py:137} INFO - [2023-04-16T18:22:13.483+0000] {dag.py:3456} INFO - Setting next_dagrun for example_nested_branch_dag to 2023-04-15T00:00:00+00:00, run_after=2023-04-16T00:00:00+00:00
[2023-04-16T18:22:13.507+0000] {processor.py:175} INFO - Processing /home/airflow/.local/lib/python3.7/site-packages/airflow/example_dags/example_nested_branch_dag.py took 0.155 seconds
[2023-04-16T18:22:43.693+0000] {processor.py:153} INFO - Started process (PID=2348) to work on /home/airflow/.local/lib/python3.7/site-packages/airflow/example_dags/example_nested_branch_dag.py
[2023-04-16T18:22:43.695+0000] {processor.py:743} INFO - Processing file /home/airflow/.local/lib/python3.7/site-packages/airflow/example_dags/example_nested_branch_dag.py for tasks to queue
[2023-04-16T18:22:43.695+0000] {logging_mixin.py:137} INFO - [2023-04-16T18:22:43.695+0000] {dagbag.py:532} INFO - Filling up the DagBag from /home/airflow/.local/lib/python3.7/site-packages/airflow/example_dags/example_nested_branch_dag.py
[2023-04-16T18:22:43.737+0000] {processor.py:753} INFO - DAG(s) dict_keys(['example_nested_branch_dag']) retrieved from /home/airflow/.local/lib/python3.7/site-packages/airflow/example_dags/example_nested_branch_dag.py
[2023-04-16T18:22:43.775+0000] {logging_mixin.py:137} INFO - [2023-04-16T18:22:43.775+0000] {dag.py:2705} INFO - Sync 1 DAGs
[2023-04-16T18:22:43.814+0000] {logging_mixin.py:137} INFO - [2023-04-16T18:22:43.813+0000] {dag.py:3456} INFO - Setting next_dagrun for example_nested_branch_dag to 2023-04-15T00:00:00+00:00, run_after=2023-04-16T00:00:00+00:00
[2023-04-16T18:22:43.837+0000] {processor.py:175} INFO - Processing /home/airflow/.local/lib/python3.7/site-packages/airflow/example_dags/example_nested_branch_dag.py took 0.150 seconds
[2023-04-16T18:23:13.972+0000] {processor.py:153} INFO - Started process (PID=2398) to work on /home/airflow/.local/lib/python3.7/site-packages/airflow/example_dags/example_nested_branch_dag.py
[2023-04-16T18:23:13.973+0000] {processor.py:743} INFO - Processing file /home/airflow/.local/lib/python3.7/site-packages/airflow/example_dags/example_nested_branch_dag.py for tasks to queue
[2023-04-16T18:23:13.974+0000] {logging_mixin.py:137} INFO - [2023-04-16T18:23:13.974+0000] {dagbag.py:532} INFO - Filling up the DagBag from /home/airflow/.local/lib/python3.7/site-packages/airflow/example_dags/example_nested_branch_dag.py
[2023-04-16T18:23:14.009+0000] {processor.py:753} INFO - DAG(s) dict_keys(['example_nested_branch_dag']) retrieved from /home/airflow/.local/lib/python3.7/site-packages/airflow/example_dags/example_nested_branch_dag.py
[2023-04-16T18:23:14.061+0000] {logging_mixin.py:137} INFO - [2023-04-16T18:23:14.061+0000] {dag.py:2705} INFO - Sync 1 DAGs
[2023-04-16T18:23:14.111+0000] {logging_mixin.py:137} INFO - [2023-04-16T18:23:14.110+0000] {dag.py:3456} INFO - Setting next_dagrun for example_nested_branch_dag to 2023-04-15T00:00:00+00:00, run_after=2023-04-16T00:00:00+00:00
[2023-04-16T18:23:14.135+0000] {processor.py:175} INFO - Processing /home/airflow/.local/lib/python3.7/site-packages/airflow/example_dags/example_nested_branch_dag.py took 0.169 seconds
[2023-04-16T18:23:44.416+0000] {processor.py:153} INFO - Started process (PID=2448) to work on /home/airflow/.local/lib/python3.7/site-packages/airflow/example_dags/example_nested_branch_dag.py
[2023-04-16T18:23:44.417+0000] {processor.py:743} INFO - Processing file /home/airflow/.local/lib/python3.7/site-packages/airflow/example_dags/example_nested_branch_dag.py for tasks to queue
[2023-04-16T18:23:44.418+0000] {logging_mixin.py:137} INFO - [2023-04-16T18:23:44.417+0000] {dagbag.py:532} INFO - Filling up the DagBag from /home/airflow/.local/lib/python3.7/site-packages/airflow/example_dags/example_nested_branch_dag.py
[2023-04-16T18:23:44.455+0000] {processor.py:753} INFO - DAG(s) dict_keys(['example_nested_branch_dag']) retrieved from /home/airflow/.local/lib/python3.7/site-packages/airflow/example_dags/example_nested_branch_dag.py
[2023-04-16T18:23:44.495+0000] {logging_mixin.py:137} INFO - [2023-04-16T18:23:44.495+0000] {dag.py:2705} INFO - Sync 1 DAGs
[2023-04-16T18:23:44.535+0000] {logging_mixin.py:137} INFO - [2023-04-16T18:23:44.535+0000] {dag.py:3456} INFO - Setting next_dagrun for example_nested_branch_dag to 2023-04-15T00:00:00+00:00, run_after=2023-04-16T00:00:00+00:00
[2023-04-16T18:23:44.563+0000] {processor.py:175} INFO - Processing /home/airflow/.local/lib/python3.7/site-packages/airflow/example_dags/example_nested_branch_dag.py took 0.153 seconds
[2023-04-16T18:24:14.801+0000] {processor.py:153} INFO - Started process (PID=2498) to work on /home/airflow/.local/lib/python3.7/site-packages/airflow/example_dags/example_nested_branch_dag.py
[2023-04-16T18:24:14.803+0000] {processor.py:743} INFO - Processing file /home/airflow/.local/lib/python3.7/site-packages/airflow/example_dags/example_nested_branch_dag.py for tasks to queue
[2023-04-16T18:24:14.803+0000] {logging_mixin.py:137} INFO - [2023-04-16T18:24:14.803+0000] {dagbag.py:532} INFO - Filling up the DagBag from /home/airflow/.local/lib/python3.7/site-packages/airflow/example_dags/example_nested_branch_dag.py
[2023-04-16T18:24:14.839+0000] {processor.py:753} INFO - DAG(s) dict_keys(['example_nested_branch_dag']) retrieved from /home/airflow/.local/lib/python3.7/site-packages/airflow/example_dags/example_nested_branch_dag.py
[2023-04-16T18:24:14.881+0000] {logging_mixin.py:137} INFO - [2023-04-16T18:24:14.881+0000] {dag.py:2705} INFO - Sync 1 DAGs
[2023-04-16T18:24:14.925+0000] {logging_mixin.py:137} INFO - [2023-04-16T18:24:14.925+0000] {dag.py:3456} INFO - Setting next_dagrun for example_nested_branch_dag to 2023-04-15T00:00:00+00:00, run_after=2023-04-16T00:00:00+00:00
[2023-04-16T18:24:14.956+0000] {processor.py:175} INFO - Processing /home/airflow/.local/lib/python3.7/site-packages/airflow/example_dags/example_nested_branch_dag.py took 0.162 seconds
[2023-04-16T18:24:45.157+0000] {processor.py:153} INFO - Started process (PID=2548) to work on /home/airflow/.local/lib/python3.7/site-packages/airflow/example_dags/example_nested_branch_dag.py
[2023-04-16T18:24:45.158+0000] {processor.py:743} INFO - Processing file /home/airflow/.local/lib/python3.7/site-packages/airflow/example_dags/example_nested_branch_dag.py for tasks to queue
[2023-04-16T18:24:45.159+0000] {logging_mixin.py:137} INFO - [2023-04-16T18:24:45.159+0000] {dagbag.py:532} INFO - Filling up the DagBag from /home/airflow/.local/lib/python3.7/site-packages/airflow/example_dags/example_nested_branch_dag.py
[2023-04-16T18:24:45.199+0000] {processor.py:753} INFO - DAG(s) dict_keys(['example_nested_branch_dag']) retrieved from /home/airflow/.local/lib/python3.7/site-packages/airflow/example_dags/example_nested_branch_dag.py
[2023-04-16T18:24:45.240+0000] {logging_mixin.py:137} INFO - [2023-04-16T18:24:45.240+0000] {dag.py:2705} INFO - Sync 1 DAGs
[2023-04-16T18:24:45.279+0000] {logging_mixin.py:137} INFO - [2023-04-16T18:24:45.278+0000] {dag.py:3456} INFO - Setting next_dagrun for example_nested_branch_dag to 2023-04-15T00:00:00+00:00, run_after=2023-04-16T00:00:00+00:00
[2023-04-16T18:24:45.305+0000] {processor.py:175} INFO - Processing /home/airflow/.local/lib/python3.7/site-packages/airflow/example_dags/example_nested_branch_dag.py took 0.154 seconds
[2023-04-16T18:25:15.973+0000] {processor.py:153} INFO - Started process (PID=2597) to work on /home/airflow/.local/lib/python3.7/site-packages/airflow/example_dags/example_nested_branch_dag.py
[2023-04-16T18:25:15.974+0000] {processor.py:743} INFO - Processing file /home/airflow/.local/lib/python3.7/site-packages/airflow/example_dags/example_nested_branch_dag.py for tasks to queue
[2023-04-16T18:25:15.975+0000] {logging_mixin.py:137} INFO - [2023-04-16T18:25:15.975+0000] {dagbag.py:532} INFO - Filling up the DagBag from /home/airflow/.local/lib/python3.7/site-packages/airflow/example_dags/example_nested_branch_dag.py
[2023-04-16T18:25:16.011+0000] {processor.py:753} INFO - DAG(s) dict_keys(['example_nested_branch_dag']) retrieved from /home/airflow/.local/lib/python3.7/site-packages/airflow/example_dags/example_nested_branch_dag.py
[2023-04-16T18:25:16.053+0000] {logging_mixin.py:137} INFO - [2023-04-16T18:25:16.053+0000] {dag.py:2705} INFO - Sync 1 DAGs
[2023-04-16T18:25:16.094+0000] {logging_mixin.py:137} INFO - [2023-04-16T18:25:16.093+0000] {dag.py:3456} INFO - Setting next_dagrun for example_nested_branch_dag to 2023-04-15T00:00:00+00:00, run_after=2023-04-16T00:00:00+00:00
[2023-04-16T18:25:16.128+0000] {processor.py:175} INFO - Processing /home/airflow/.local/lib/python3.7/site-packages/airflow/example_dags/example_nested_branch_dag.py took 0.161 seconds
[2023-04-16T18:25:46.691+0000] {processor.py:153} INFO - Started process (PID=2648) to work on /home/airflow/.local/lib/python3.7/site-packages/airflow/example_dags/example_nested_branch_dag.py
[2023-04-16T18:25:46.692+0000] {processor.py:743} INFO - Processing file /home/airflow/.local/lib/python3.7/site-packages/airflow/example_dags/example_nested_branch_dag.py for tasks to queue
[2023-04-16T18:25:46.693+0000] {logging_mixin.py:137} INFO - [2023-04-16T18:25:46.693+0000] {dagbag.py:532} INFO - Filling up the DagBag from /home/airflow/.local/lib/python3.7/site-packages/airflow/example_dags/example_nested_branch_dag.py
[2023-04-16T18:25:46.730+0000] {processor.py:753} INFO - DAG(s) dict_keys(['example_nested_branch_dag']) retrieved from /home/airflow/.local/lib/python3.7/site-packages/airflow/example_dags/example_nested_branch_dag.py
[2023-04-16T18:25:46.776+0000] {logging_mixin.py:137} INFO - [2023-04-16T18:25:46.776+0000] {dag.py:2705} INFO - Sync 1 DAGs
[2023-04-16T18:25:46.829+0000] {logging_mixin.py:137} INFO - [2023-04-16T18:25:46.829+0000] {dag.py:3456} INFO - Setting next_dagrun for example_nested_branch_dag to 2023-04-15T00:00:00+00:00, run_after=2023-04-16T00:00:00+00:00
[2023-04-16T18:25:46.862+0000] {processor.py:175} INFO - Processing /home/airflow/.local/lib/python3.7/site-packages/airflow/example_dags/example_nested_branch_dag.py took 0.177 seconds
[2023-04-16T18:26:17.379+0000] {processor.py:153} INFO - Started process (PID=2697) to work on /home/airflow/.local/lib/python3.7/site-packages/airflow/example_dags/example_nested_branch_dag.py
[2023-04-16T18:26:17.380+0000] {processor.py:743} INFO - Processing file /home/airflow/.local/lib/python3.7/site-packages/airflow/example_dags/example_nested_branch_dag.py for tasks to queue
[2023-04-16T18:26:17.381+0000] {logging_mixin.py:137} INFO - [2023-04-16T18:26:17.381+0000] {dagbag.py:532} INFO - Filling up the DagBag from /home/airflow/.local/lib/python3.7/site-packages/airflow/example_dags/example_nested_branch_dag.py
[2023-04-16T18:26:17.419+0000] {processor.py:753} INFO - DAG(s) dict_keys(['example_nested_branch_dag']) retrieved from /home/airflow/.local/lib/python3.7/site-packages/airflow/example_dags/example_nested_branch_dag.py
[2023-04-16T18:26:17.469+0000] {logging_mixin.py:137} INFO - [2023-04-16T18:26:17.468+0000] {dag.py:2705} INFO - Sync 1 DAGs
[2023-04-16T18:26:17.517+0000] {logging_mixin.py:137} INFO - [2023-04-16T18:26:17.517+0000] {dag.py:3456} INFO - Setting next_dagrun for example_nested_branch_dag to 2023-04-15T00:00:00+00:00, run_after=2023-04-16T00:00:00+00:00
[2023-04-16T18:26:17.552+0000] {processor.py:175} INFO - Processing /home/airflow/.local/lib/python3.7/site-packages/airflow/example_dags/example_nested_branch_dag.py took 0.179 seconds
[2023-04-16T18:26:48.191+0000] {processor.py:153} INFO - Started process (PID=2747) to work on /home/airflow/.local/lib/python3.7/site-packages/airflow/example_dags/example_nested_branch_dag.py
[2023-04-16T18:26:48.193+0000] {processor.py:743} INFO - Processing file /home/airflow/.local/lib/python3.7/site-packages/airflow/example_dags/example_nested_branch_dag.py for tasks to queue
[2023-04-16T18:26:48.194+0000] {logging_mixin.py:137} INFO - [2023-04-16T18:26:48.194+0000] {dagbag.py:532} INFO - Filling up the DagBag from /home/airflow/.local/lib/python3.7/site-packages/airflow/example_dags/example_nested_branch_dag.py
[2023-04-16T18:26:48.237+0000] {processor.py:753} INFO - DAG(s) dict_keys(['example_nested_branch_dag']) retrieved from /home/airflow/.local/lib/python3.7/site-packages/airflow/example_dags/example_nested_branch_dag.py
[2023-04-16T18:26:48.279+0000] {logging_mixin.py:137} INFO - [2023-04-16T18:26:48.279+0000] {dag.py:2705} INFO - Sync 1 DAGs
[2023-04-16T18:26:48.317+0000] {logging_mixin.py:137} INFO - [2023-04-16T18:26:48.317+0000] {dag.py:3456} INFO - Setting next_dagrun for example_nested_branch_dag to 2023-04-15T00:00:00+00:00, run_after=2023-04-16T00:00:00+00:00
[2023-04-16T18:26:48.352+0000] {processor.py:175} INFO - Processing /home/airflow/.local/lib/python3.7/site-packages/airflow/example_dags/example_nested_branch_dag.py took 0.166 seconds
[2023-04-16T18:27:18.866+0000] {processor.py:153} INFO - Started process (PID=2797) to work on /home/airflow/.local/lib/python3.7/site-packages/airflow/example_dags/example_nested_branch_dag.py
[2023-04-16T18:27:18.868+0000] {processor.py:743} INFO - Processing file /home/airflow/.local/lib/python3.7/site-packages/airflow/example_dags/example_nested_branch_dag.py for tasks to queue
[2023-04-16T18:27:18.869+0000] {logging_mixin.py:137} INFO - [2023-04-16T18:27:18.869+0000] {dagbag.py:532} INFO - Filling up the DagBag from /home/airflow/.local/lib/python3.7/site-packages/airflow/example_dags/example_nested_branch_dag.py
[2023-04-16T18:27:18.912+0000] {processor.py:753} INFO - DAG(s) dict_keys(['example_nested_branch_dag']) retrieved from /home/airflow/.local/lib/python3.7/site-packages/airflow/example_dags/example_nested_branch_dag.py
[2023-04-16T18:27:18.952+0000] {logging_mixin.py:137} INFO - [2023-04-16T18:27:18.951+0000] {dag.py:2705} INFO - Sync 1 DAGs
[2023-04-16T18:27:18.990+0000] {logging_mixin.py:137} INFO - [2023-04-16T18:27:18.990+0000] {dag.py:3456} INFO - Setting next_dagrun for example_nested_branch_dag to 2023-04-15T00:00:00+00:00, run_after=2023-04-16T00:00:00+00:00
[2023-04-16T18:27:19.015+0000] {processor.py:175} INFO - Processing /home/airflow/.local/lib/python3.7/site-packages/airflow/example_dags/example_nested_branch_dag.py took 0.154 seconds
[2023-04-16T18:27:49.602+0000] {processor.py:153} INFO - Started process (PID=2848) to work on /home/airflow/.local/lib/python3.7/site-packages/airflow/example_dags/example_nested_branch_dag.py
[2023-04-16T18:27:49.604+0000] {processor.py:743} INFO - Processing file /home/airflow/.local/lib/python3.7/site-packages/airflow/example_dags/example_nested_branch_dag.py for tasks to queue
[2023-04-16T18:27:49.605+0000] {logging_mixin.py:137} INFO - [2023-04-16T18:27:49.604+0000] {dagbag.py:532} INFO - Filling up the DagBag from /home/airflow/.local/lib/python3.7/site-packages/airflow/example_dags/example_nested_branch_dag.py
[2023-04-16T18:27:49.655+0000] {processor.py:753} INFO - DAG(s) dict_keys(['example_nested_branch_dag']) retrieved from /home/airflow/.local/lib/python3.7/site-packages/airflow/example_dags/example_nested_branch_dag.py
[2023-04-16T18:27:49.719+0000] {logging_mixin.py:137} INFO - [2023-04-16T18:27:49.718+0000] {dag.py:2705} INFO - Sync 1 DAGs
[2023-04-16T18:27:49.757+0000] {logging_mixin.py:137} INFO - [2023-04-16T18:27:49.757+0000] {dag.py:3456} INFO - Setting next_dagrun for example_nested_branch_dag to 2023-04-15T00:00:00+00:00, run_after=2023-04-16T00:00:00+00:00
[2023-04-16T18:27:49.785+0000] {processor.py:175} INFO - Processing /home/airflow/.local/lib/python3.7/site-packages/airflow/example_dags/example_nested_branch_dag.py took 0.189 seconds
[2023-04-16T18:28:20.165+0000] {processor.py:153} INFO - Started process (PID=2898) to work on /home/airflow/.local/lib/python3.7/site-packages/airflow/example_dags/example_nested_branch_dag.py
[2023-04-16T18:28:20.167+0000] {processor.py:743} INFO - Processing file /home/airflow/.local/lib/python3.7/site-packages/airflow/example_dags/example_nested_branch_dag.py for tasks to queue
[2023-04-16T18:28:20.168+0000] {logging_mixin.py:137} INFO - [2023-04-16T18:28:20.167+0000] {dagbag.py:532} INFO - Filling up the DagBag from /home/airflow/.local/lib/python3.7/site-packages/airflow/example_dags/example_nested_branch_dag.py
[2023-04-16T18:28:20.216+0000] {processor.py:753} INFO - DAG(s) dict_keys(['example_nested_branch_dag']) retrieved from /home/airflow/.local/lib/python3.7/site-packages/airflow/example_dags/example_nested_branch_dag.py
[2023-04-16T18:28:20.257+0000] {logging_mixin.py:137} INFO - [2023-04-16T18:28:20.257+0000] {dag.py:2705} INFO - Sync 1 DAGs
[2023-04-16T18:28:20.294+0000] {logging_mixin.py:137} INFO - [2023-04-16T18:28:20.294+0000] {dag.py:3456} INFO - Setting next_dagrun for example_nested_branch_dag to 2023-04-15T00:00:00+00:00, run_after=2023-04-16T00:00:00+00:00
[2023-04-16T18:28:20.325+0000] {processor.py:175} INFO - Processing /home/airflow/.local/lib/python3.7/site-packages/airflow/example_dags/example_nested_branch_dag.py took 0.168 seconds
[2023-04-16T18:28:50.950+0000] {processor.py:153} INFO - Started process (PID=2948) to work on /home/airflow/.local/lib/python3.7/site-packages/airflow/example_dags/example_nested_branch_dag.py
[2023-04-16T18:28:50.953+0000] {processor.py:743} INFO - Processing file /home/airflow/.local/lib/python3.7/site-packages/airflow/example_dags/example_nested_branch_dag.py for tasks to queue
[2023-04-16T18:28:50.954+0000] {logging_mixin.py:137} INFO - [2023-04-16T18:28:50.954+0000] {dagbag.py:532} INFO - Filling up the DagBag from /home/airflow/.local/lib/python3.7/site-packages/airflow/example_dags/example_nested_branch_dag.py
[2023-04-16T18:28:51.009+0000] {processor.py:753} INFO - DAG(s) dict_keys(['example_nested_branch_dag']) retrieved from /home/airflow/.local/lib/python3.7/site-packages/airflow/example_dags/example_nested_branch_dag.py
[2023-04-16T18:28:51.049+0000] {logging_mixin.py:137} INFO - [2023-04-16T18:28:51.049+0000] {dag.py:2705} INFO - Sync 1 DAGs
[2023-04-16T18:28:51.088+0000] {logging_mixin.py:137} INFO - [2023-04-16T18:28:51.088+0000] {dag.py:3456} INFO - Setting next_dagrun for example_nested_branch_dag to 2023-04-15T00:00:00+00:00, run_after=2023-04-16T00:00:00+00:00
[2023-04-16T18:28:51.112+0000] {processor.py:175} INFO - Processing /home/airflow/.local/lib/python3.7/site-packages/airflow/example_dags/example_nested_branch_dag.py took 0.167 seconds
[2023-04-16T18:29:21.642+0000] {processor.py:153} INFO - Started process (PID=2999) to work on /home/airflow/.local/lib/python3.7/site-packages/airflow/example_dags/example_nested_branch_dag.py
[2023-04-16T18:29:21.643+0000] {processor.py:743} INFO - Processing file /home/airflow/.local/lib/python3.7/site-packages/airflow/example_dags/example_nested_branch_dag.py for tasks to queue
[2023-04-16T18:29:21.644+0000] {logging_mixin.py:137} INFO - [2023-04-16T18:29:21.644+0000] {dagbag.py:532} INFO - Filling up the DagBag from /home/airflow/.local/lib/python3.7/site-packages/airflow/example_dags/example_nested_branch_dag.py
[2023-04-16T18:29:21.680+0000] {processor.py:753} INFO - DAG(s) dict_keys(['example_nested_branch_dag']) retrieved from /home/airflow/.local/lib/python3.7/site-packages/airflow/example_dags/example_nested_branch_dag.py
[2023-04-16T18:29:21.720+0000] {logging_mixin.py:137} INFO - [2023-04-16T18:29:21.720+0000] {dag.py:2705} INFO - Sync 1 DAGs
[2023-04-16T18:29:21.756+0000] {logging_mixin.py:137} INFO - [2023-04-16T18:29:21.756+0000] {dag.py:3456} INFO - Setting next_dagrun for example_nested_branch_dag to 2023-04-15T00:00:00+00:00, run_after=2023-04-16T00:00:00+00:00
[2023-04-16T18:29:21.779+0000] {processor.py:175} INFO - Processing /home/airflow/.local/lib/python3.7/site-packages/airflow/example_dags/example_nested_branch_dag.py took 0.143 seconds
[2023-04-16T18:29:52.188+0000] {processor.py:153} INFO - Started process (PID=3050) to work on /home/airflow/.local/lib/python3.7/site-packages/airflow/example_dags/example_nested_branch_dag.py
[2023-04-16T18:29:52.190+0000] {processor.py:743} INFO - Processing file /home/airflow/.local/lib/python3.7/site-packages/airflow/example_dags/example_nested_branch_dag.py for tasks to queue
[2023-04-16T18:29:52.191+0000] {logging_mixin.py:137} INFO - [2023-04-16T18:29:52.191+0000] {dagbag.py:532} INFO - Filling up the DagBag from /home/airflow/.local/lib/python3.7/site-packages/airflow/example_dags/example_nested_branch_dag.py
[2023-04-16T18:29:52.232+0000] {processor.py:753} INFO - DAG(s) dict_keys(['example_nested_branch_dag']) retrieved from /home/airflow/.local/lib/python3.7/site-packages/airflow/example_dags/example_nested_branch_dag.py
[2023-04-16T18:29:52.273+0000] {logging_mixin.py:137} INFO - [2023-04-16T18:29:52.273+0000] {dag.py:2705} INFO - Sync 1 DAGs
[2023-04-16T18:29:52.314+0000] {logging_mixin.py:137} INFO - [2023-04-16T18:29:52.314+0000] {dag.py:3456} INFO - Setting next_dagrun for example_nested_branch_dag to 2023-04-15T00:00:00+00:00, run_after=2023-04-16T00:00:00+00:00
[2023-04-16T18:29:52.345+0000] {processor.py:175} INFO - Processing /home/airflow/.local/lib/python3.7/site-packages/airflow/example_dags/example_nested_branch_dag.py took 0.163 seconds
[2023-04-16T18:30:22.891+0000] {processor.py:153} INFO - Started process (PID=3100) to work on /home/airflow/.local/lib/python3.7/site-packages/airflow/example_dags/example_nested_branch_dag.py
[2023-04-16T18:30:22.892+0000] {processor.py:743} INFO - Processing file /home/airflow/.local/lib/python3.7/site-packages/airflow/example_dags/example_nested_branch_dag.py for tasks to queue
[2023-04-16T18:30:22.893+0000] {logging_mixin.py:137} INFO - [2023-04-16T18:30:22.893+0000] {dagbag.py:532} INFO - Filling up the DagBag from /home/airflow/.local/lib/python3.7/site-packages/airflow/example_dags/example_nested_branch_dag.py
[2023-04-16T18:30:22.932+0000] {processor.py:753} INFO - DAG(s) dict_keys(['example_nested_branch_dag']) retrieved from /home/airflow/.local/lib/python3.7/site-packages/airflow/example_dags/example_nested_branch_dag.py
[2023-04-16T18:30:22.981+0000] {logging_mixin.py:137} INFO - [2023-04-16T18:30:22.981+0000] {dag.py:2705} INFO - Sync 1 DAGs
[2023-04-16T18:30:23.018+0000] {logging_mixin.py:137} INFO - [2023-04-16T18:30:23.018+0000] {dag.py:3456} INFO - Setting next_dagrun for example_nested_branch_dag to 2023-04-15T00:00:00+00:00, run_after=2023-04-16T00:00:00+00:00
[2023-04-16T18:30:23.055+0000] {processor.py:175} INFO - Processing /home/airflow/.local/lib/python3.7/site-packages/airflow/example_dags/example_nested_branch_dag.py took 0.170 seconds
