[2023-04-16T17:59:24.493+0000] {processor.py:153} INFO - Started process (PID=75) to work on /home/airflow/.local/lib/python3.7/site-packages/airflow/example_dags/example_xcom.py
[2023-04-16T17:59:24.494+0000] {processor.py:743} INFO - Processing file /home/airflow/.local/lib/python3.7/site-packages/airflow/example_dags/example_xcom.py for tasks to queue
[2023-04-16T17:59:24.495+0000] {logging_mixin.py:137} INFO - [2023-04-16T17:59:24.494+0000] {dagbag.py:532} INFO - Filling up the DagBag from /home/airflow/.local/lib/python3.7/site-packages/airflow/example_dags/example_xcom.py
[2023-04-16T17:59:24.529+0000] {processor.py:753} INFO - DAG(s) dict_keys(['example_xcom']) retrieved from /home/airflow/.local/lib/python3.7/site-packages/airflow/example_dags/example_xcom.py
[2023-04-16T17:59:24.586+0000] {logging_mixin.py:137} INFO - [2023-04-16T17:59:24.586+0000] {dag.py:2705} INFO - Sync 1 DAGs
[2023-04-16T17:59:24.632+0000] {logging_mixin.py:137} INFO - [2023-04-16T17:59:24.632+0000] {dag.py:3456} INFO - Setting next_dagrun for example_xcom to 2021-01-01T00:00:00+00:00, run_after=2021-01-01T00:00:00+00:00
[2023-04-16T17:59:24.667+0000] {processor.py:175} INFO - Processing /home/airflow/.local/lib/python3.7/site-packages/airflow/example_dags/example_xcom.py took 0.181 seconds
[2023-04-16T17:59:55.064+0000] {processor.py:153} INFO - Started process (PID=125) to work on /home/airflow/.local/lib/python3.7/site-packages/airflow/example_dags/example_xcom.py
[2023-04-16T17:59:55.066+0000] {processor.py:743} INFO - Processing file /home/airflow/.local/lib/python3.7/site-packages/airflow/example_dags/example_xcom.py for tasks to queue
[2023-04-16T17:59:55.066+0000] {logging_mixin.py:137} INFO - [2023-04-16T17:59:55.066+0000] {dagbag.py:532} INFO - Filling up the DagBag from /home/airflow/.local/lib/python3.7/site-packages/airflow/example_dags/example_xcom.py
[2023-04-16T17:59:55.100+0000] {processor.py:753} INFO - DAG(s) dict_keys(['example_xcom']) retrieved from /home/airflow/.local/lib/python3.7/site-packages/airflow/example_dags/example_xcom.py
[2023-04-16T17:59:55.140+0000] {logging_mixin.py:137} INFO - [2023-04-16T17:59:55.140+0000] {dag.py:2705} INFO - Sync 1 DAGs
[2023-04-16T17:59:55.179+0000] {logging_mixin.py:137} INFO - [2023-04-16T17:59:55.179+0000] {dag.py:3456} INFO - Setting next_dagrun for example_xcom to 2021-01-01T00:00:00+00:00, run_after=2021-01-01T00:00:00+00:00
[2023-04-16T17:59:55.207+0000] {processor.py:175} INFO - Processing /home/airflow/.local/lib/python3.7/site-packages/airflow/example_dags/example_xcom.py took 0.148 seconds
[2023-04-16T18:00:25.500+0000] {processor.py:153} INFO - Started process (PID=176) to work on /home/airflow/.local/lib/python3.7/site-packages/airflow/example_dags/example_xcom.py
[2023-04-16T18:00:25.502+0000] {processor.py:743} INFO - Processing file /home/airflow/.local/lib/python3.7/site-packages/airflow/example_dags/example_xcom.py for tasks to queue
[2023-04-16T18:00:25.503+0000] {logging_mixin.py:137} INFO - [2023-04-16T18:00:25.503+0000] {dagbag.py:532} INFO - Filling up the DagBag from /home/airflow/.local/lib/python3.7/site-packages/airflow/example_dags/example_xcom.py
[2023-04-16T18:00:25.553+0000] {processor.py:753} INFO - DAG(s) dict_keys(['example_xcom']) retrieved from /home/airflow/.local/lib/python3.7/site-packages/airflow/example_dags/example_xcom.py
[2023-04-16T18:00:25.594+0000] {logging_mixin.py:137} INFO - [2023-04-16T18:00:25.594+0000] {dag.py:2705} INFO - Sync 1 DAGs
[2023-04-16T18:00:25.634+0000] {logging_mixin.py:137} INFO - [2023-04-16T18:00:25.634+0000] {dag.py:3456} INFO - Setting next_dagrun for example_xcom to 2021-01-01T00:00:00+00:00, run_after=2021-01-01T00:00:00+00:00
[2023-04-16T18:00:25.663+0000] {processor.py:175} INFO - Processing /home/airflow/.local/lib/python3.7/site-packages/airflow/example_dags/example_xcom.py took 0.172 seconds
[2023-04-16T18:00:55.789+0000] {processor.py:153} INFO - Started process (PID=226) to work on /home/airflow/.local/lib/python3.7/site-packages/airflow/example_dags/example_xcom.py
[2023-04-16T18:00:55.791+0000] {processor.py:743} INFO - Processing file /home/airflow/.local/lib/python3.7/site-packages/airflow/example_dags/example_xcom.py for tasks to queue
[2023-04-16T18:00:55.792+0000] {logging_mixin.py:137} INFO - [2023-04-16T18:00:55.792+0000] {dagbag.py:532} INFO - Filling up the DagBag from /home/airflow/.local/lib/python3.7/site-packages/airflow/example_dags/example_xcom.py
[2023-04-16T18:00:55.836+0000] {processor.py:753} INFO - DAG(s) dict_keys(['example_xcom']) retrieved from /home/airflow/.local/lib/python3.7/site-packages/airflow/example_dags/example_xcom.py
[2023-04-16T18:00:55.879+0000] {logging_mixin.py:137} INFO - [2023-04-16T18:00:55.879+0000] {dag.py:2705} INFO - Sync 1 DAGs
[2023-04-16T18:00:55.917+0000] {logging_mixin.py:137} INFO - [2023-04-16T18:00:55.917+0000] {dag.py:3456} INFO - Setting next_dagrun for example_xcom to 2021-01-01T00:00:00+00:00, run_after=2021-01-01T00:00:00+00:00
[2023-04-16T18:00:55.943+0000] {processor.py:175} INFO - Processing /home/airflow/.local/lib/python3.7/site-packages/airflow/example_dags/example_xcom.py took 0.159 seconds
[2023-04-16T18:01:26.096+0000] {processor.py:153} INFO - Started process (PID=276) to work on /home/airflow/.local/lib/python3.7/site-packages/airflow/example_dags/example_xcom.py
[2023-04-16T18:01:26.097+0000] {processor.py:743} INFO - Processing file /home/airflow/.local/lib/python3.7/site-packages/airflow/example_dags/example_xcom.py for tasks to queue
[2023-04-16T18:01:26.098+0000] {logging_mixin.py:137} INFO - [2023-04-16T18:01:26.097+0000] {dagbag.py:532} INFO - Filling up the DagBag from /home/airflow/.local/lib/python3.7/site-packages/airflow/example_dags/example_xcom.py
[2023-04-16T18:01:26.133+0000] {processor.py:753} INFO - DAG(s) dict_keys(['example_xcom']) retrieved from /home/airflow/.local/lib/python3.7/site-packages/airflow/example_dags/example_xcom.py
[2023-04-16T18:01:26.175+0000] {logging_mixin.py:137} INFO - [2023-04-16T18:01:26.175+0000] {dag.py:2705} INFO - Sync 1 DAGs
[2023-04-16T18:01:26.214+0000] {logging_mixin.py:137} INFO - [2023-04-16T18:01:26.214+0000] {dag.py:3456} INFO - Setting next_dagrun for example_xcom to 2021-01-01T00:00:00+00:00, run_after=2021-01-01T00:00:00+00:00
[2023-04-16T18:01:26.251+0000] {processor.py:175} INFO - Processing /home/airflow/.local/lib/python3.7/site-packages/airflow/example_dags/example_xcom.py took 0.160 seconds
[2023-04-16T18:01:56.806+0000] {processor.py:153} INFO - Started process (PID=326) to work on /home/airflow/.local/lib/python3.7/site-packages/airflow/example_dags/example_xcom.py
[2023-04-16T18:01:56.807+0000] {processor.py:743} INFO - Processing file /home/airflow/.local/lib/python3.7/site-packages/airflow/example_dags/example_xcom.py for tasks to queue
[2023-04-16T18:01:56.808+0000] {logging_mixin.py:137} INFO - [2023-04-16T18:01:56.808+0000] {dagbag.py:532} INFO - Filling up the DagBag from /home/airflow/.local/lib/python3.7/site-packages/airflow/example_dags/example_xcom.py
[2023-04-16T18:01:56.841+0000] {processor.py:753} INFO - DAG(s) dict_keys(['example_xcom']) retrieved from /home/airflow/.local/lib/python3.7/site-packages/airflow/example_dags/example_xcom.py
[2023-04-16T18:01:56.881+0000] {logging_mixin.py:137} INFO - [2023-04-16T18:01:56.881+0000] {dag.py:2705} INFO - Sync 1 DAGs
[2023-04-16T18:01:56.915+0000] {logging_mixin.py:137} INFO - [2023-04-16T18:01:56.915+0000] {dag.py:3456} INFO - Setting next_dagrun for example_xcom to 2021-01-01T00:00:00+00:00, run_after=2021-01-01T00:00:00+00:00
[2023-04-16T18:01:56.951+0000] {processor.py:175} INFO - Processing /home/airflow/.local/lib/python3.7/site-packages/airflow/example_dags/example_xcom.py took 0.151 seconds
[2023-04-16T18:02:27.717+0000] {processor.py:153} INFO - Started process (PID=377) to work on /home/airflow/.local/lib/python3.7/site-packages/airflow/example_dags/example_xcom.py
[2023-04-16T18:02:27.720+0000] {processor.py:743} INFO - Processing file /home/airflow/.local/lib/python3.7/site-packages/airflow/example_dags/example_xcom.py for tasks to queue
[2023-04-16T18:02:27.721+0000] {logging_mixin.py:137} INFO - [2023-04-16T18:02:27.721+0000] {dagbag.py:532} INFO - Filling up the DagBag from /home/airflow/.local/lib/python3.7/site-packages/airflow/example_dags/example_xcom.py
[2023-04-16T18:02:27.762+0000] {processor.py:753} INFO - DAG(s) dict_keys(['example_xcom']) retrieved from /home/airflow/.local/lib/python3.7/site-packages/airflow/example_dags/example_xcom.py
[2023-04-16T18:02:27.816+0000] {logging_mixin.py:137} INFO - [2023-04-16T18:02:27.815+0000] {dag.py:2705} INFO - Sync 1 DAGs
[2023-04-16T18:02:27.873+0000] {logging_mixin.py:137} INFO - [2023-04-16T18:02:27.873+0000] {dag.py:3456} INFO - Setting next_dagrun for example_xcom to 2021-01-01T00:00:00+00:00, run_after=2021-01-01T00:00:00+00:00
[2023-04-16T18:02:27.899+0000] {processor.py:175} INFO - Processing /home/airflow/.local/lib/python3.7/site-packages/airflow/example_dags/example_xcom.py took 0.189 seconds
[2023-04-16T18:02:58.501+0000] {processor.py:153} INFO - Started process (PID=428) to work on /home/airflow/.local/lib/python3.7/site-packages/airflow/example_dags/example_xcom.py
[2023-04-16T18:02:58.503+0000] {processor.py:743} INFO - Processing file /home/airflow/.local/lib/python3.7/site-packages/airflow/example_dags/example_xcom.py for tasks to queue
[2023-04-16T18:02:58.504+0000] {logging_mixin.py:137} INFO - [2023-04-16T18:02:58.504+0000] {dagbag.py:532} INFO - Filling up the DagBag from /home/airflow/.local/lib/python3.7/site-packages/airflow/example_dags/example_xcom.py
[2023-04-16T18:02:58.543+0000] {processor.py:753} INFO - DAG(s) dict_keys(['example_xcom']) retrieved from /home/airflow/.local/lib/python3.7/site-packages/airflow/example_dags/example_xcom.py
[2023-04-16T18:02:58.590+0000] {logging_mixin.py:137} INFO - [2023-04-16T18:02:58.589+0000] {dag.py:2705} INFO - Sync 1 DAGs
[2023-04-16T18:02:58.630+0000] {logging_mixin.py:137} INFO - [2023-04-16T18:02:58.630+0000] {dag.py:3456} INFO - Setting next_dagrun for example_xcom to 2021-01-01T00:00:00+00:00, run_after=2021-01-01T00:00:00+00:00
[2023-04-16T18:02:58.656+0000] {processor.py:175} INFO - Processing /home/airflow/.local/lib/python3.7/site-packages/airflow/example_dags/example_xcom.py took 0.161 seconds
[2023-04-16T18:03:29.353+0000] {processor.py:153} INFO - Started process (PID=478) to work on /home/airflow/.local/lib/python3.7/site-packages/airflow/example_dags/example_xcom.py
[2023-04-16T18:03:29.354+0000] {processor.py:743} INFO - Processing file /home/airflow/.local/lib/python3.7/site-packages/airflow/example_dags/example_xcom.py for tasks to queue
[2023-04-16T18:03:29.356+0000] {logging_mixin.py:137} INFO - [2023-04-16T18:03:29.356+0000] {dagbag.py:532} INFO - Filling up the DagBag from /home/airflow/.local/lib/python3.7/site-packages/airflow/example_dags/example_xcom.py
[2023-04-16T18:03:29.403+0000] {processor.py:753} INFO - DAG(s) dict_keys(['example_xcom']) retrieved from /home/airflow/.local/lib/python3.7/site-packages/airflow/example_dags/example_xcom.py
[2023-04-16T18:03:29.454+0000] {logging_mixin.py:137} INFO - [2023-04-16T18:03:29.454+0000] {dag.py:2705} INFO - Sync 1 DAGs
[2023-04-16T18:03:29.493+0000] {logging_mixin.py:137} INFO - [2023-04-16T18:03:29.493+0000] {dag.py:3456} INFO - Setting next_dagrun for example_xcom to 2021-01-01T00:00:00+00:00, run_after=2021-01-01T00:00:00+00:00
[2023-04-16T18:03:29.523+0000] {processor.py:175} INFO - Processing /home/airflow/.local/lib/python3.7/site-packages/airflow/example_dags/example_xcom.py took 0.175 seconds
[2023-04-16T18:03:59.683+0000] {processor.py:153} INFO - Started process (PID=527) to work on /home/airflow/.local/lib/python3.7/site-packages/airflow/example_dags/example_xcom.py
[2023-04-16T18:03:59.685+0000] {processor.py:743} INFO - Processing file /home/airflow/.local/lib/python3.7/site-packages/airflow/example_dags/example_xcom.py for tasks to queue
[2023-04-16T18:03:59.685+0000] {logging_mixin.py:137} INFO - [2023-04-16T18:03:59.685+0000] {dagbag.py:532} INFO - Filling up the DagBag from /home/airflow/.local/lib/python3.7/site-packages/airflow/example_dags/example_xcom.py
[2023-04-16T18:03:59.718+0000] {processor.py:753} INFO - DAG(s) dict_keys(['example_xcom']) retrieved from /home/airflow/.local/lib/python3.7/site-packages/airflow/example_dags/example_xcom.py
[2023-04-16T18:03:59.758+0000] {logging_mixin.py:137} INFO - [2023-04-16T18:03:59.758+0000] {dag.py:2705} INFO - Sync 1 DAGs
[2023-04-16T18:03:59.798+0000] {logging_mixin.py:137} INFO - [2023-04-16T18:03:59.798+0000] {dag.py:3456} INFO - Setting next_dagrun for example_xcom to 2021-01-01T00:00:00+00:00, run_after=2021-01-01T00:00:00+00:00
[2023-04-16T18:03:59.829+0000] {processor.py:175} INFO - Processing /home/airflow/.local/lib/python3.7/site-packages/airflow/example_dags/example_xcom.py took 0.151 seconds
[2023-04-16T18:04:29.973+0000] {processor.py:153} INFO - Started process (PID=577) to work on /home/airflow/.local/lib/python3.7/site-packages/airflow/example_dags/example_xcom.py
[2023-04-16T18:04:29.974+0000] {processor.py:743} INFO - Processing file /home/airflow/.local/lib/python3.7/site-packages/airflow/example_dags/example_xcom.py for tasks to queue
[2023-04-16T18:04:29.975+0000] {logging_mixin.py:137} INFO - [2023-04-16T18:04:29.975+0000] {dagbag.py:532} INFO - Filling up the DagBag from /home/airflow/.local/lib/python3.7/site-packages/airflow/example_dags/example_xcom.py
[2023-04-16T18:04:30.008+0000] {processor.py:753} INFO - DAG(s) dict_keys(['example_xcom']) retrieved from /home/airflow/.local/lib/python3.7/site-packages/airflow/example_dags/example_xcom.py
[2023-04-16T18:04:30.050+0000] {logging_mixin.py:137} INFO - [2023-04-16T18:04:30.049+0000] {dag.py:2705} INFO - Sync 1 DAGs
[2023-04-16T18:04:30.088+0000] {logging_mixin.py:137} INFO - [2023-04-16T18:04:30.088+0000] {dag.py:3456} INFO - Setting next_dagrun for example_xcom to 2021-01-01T00:00:00+00:00, run_after=2021-01-01T00:00:00+00:00
[2023-04-16T18:04:30.123+0000] {processor.py:175} INFO - Processing /home/airflow/.local/lib/python3.7/site-packages/airflow/example_dags/example_xcom.py took 0.155 seconds
[2023-04-16T18:05:00.584+0000] {processor.py:153} INFO - Started process (PID=626) to work on /home/airflow/.local/lib/python3.7/site-packages/airflow/example_dags/example_xcom.py
[2023-04-16T18:05:00.586+0000] {processor.py:743} INFO - Processing file /home/airflow/.local/lib/python3.7/site-packages/airflow/example_dags/example_xcom.py for tasks to queue
[2023-04-16T18:05:00.587+0000] {logging_mixin.py:137} INFO - [2023-04-16T18:05:00.587+0000] {dagbag.py:532} INFO - Filling up the DagBag from /home/airflow/.local/lib/python3.7/site-packages/airflow/example_dags/example_xcom.py
[2023-04-16T18:05:00.624+0000] {processor.py:753} INFO - DAG(s) dict_keys(['example_xcom']) retrieved from /home/airflow/.local/lib/python3.7/site-packages/airflow/example_dags/example_xcom.py
[2023-04-16T18:05:00.664+0000] {logging_mixin.py:137} INFO - [2023-04-16T18:05:00.663+0000] {dag.py:2705} INFO - Sync 1 DAGs
[2023-04-16T18:05:00.700+0000] {logging_mixin.py:137} INFO - [2023-04-16T18:05:00.700+0000] {dag.py:3456} INFO - Setting next_dagrun for example_xcom to 2021-01-01T00:00:00+00:00, run_after=2021-01-01T00:00:00+00:00
[2023-04-16T18:05:00.724+0000] {processor.py:175} INFO - Processing /home/airflow/.local/lib/python3.7/site-packages/airflow/example_dags/example_xcom.py took 0.145 seconds
[2023-04-16T18:05:30.764+0000] {processor.py:153} INFO - Started process (PID=676) to work on /home/airflow/.local/lib/python3.7/site-packages/airflow/example_dags/example_xcom.py
[2023-04-16T18:05:30.766+0000] {processor.py:743} INFO - Processing file /home/airflow/.local/lib/python3.7/site-packages/airflow/example_dags/example_xcom.py for tasks to queue
[2023-04-16T18:05:30.767+0000] {logging_mixin.py:137} INFO - [2023-04-16T18:05:30.766+0000] {dagbag.py:532} INFO - Filling up the DagBag from /home/airflow/.local/lib/python3.7/site-packages/airflow/example_dags/example_xcom.py
[2023-04-16T18:05:30.801+0000] {processor.py:753} INFO - DAG(s) dict_keys(['example_xcom']) retrieved from /home/airflow/.local/lib/python3.7/site-packages/airflow/example_dags/example_xcom.py
[2023-04-16T18:05:30.841+0000] {logging_mixin.py:137} INFO - [2023-04-16T18:05:30.841+0000] {dag.py:2705} INFO - Sync 1 DAGs
[2023-04-16T18:05:30.877+0000] {logging_mixin.py:137} INFO - [2023-04-16T18:05:30.877+0000] {dag.py:3456} INFO - Setting next_dagrun for example_xcom to 2021-01-01T00:00:00+00:00, run_after=2021-01-01T00:00:00+00:00
[2023-04-16T18:05:30.902+0000] {processor.py:175} INFO - Processing /home/airflow/.local/lib/python3.7/site-packages/airflow/example_dags/example_xcom.py took 0.144 seconds
[2023-04-16T18:06:01.676+0000] {processor.py:153} INFO - Started process (PID=725) to work on /home/airflow/.local/lib/python3.7/site-packages/airflow/example_dags/example_xcom.py
[2023-04-16T18:06:01.677+0000] {processor.py:743} INFO - Processing file /home/airflow/.local/lib/python3.7/site-packages/airflow/example_dags/example_xcom.py for tasks to queue
[2023-04-16T18:06:01.678+0000] {logging_mixin.py:137} INFO - [2023-04-16T18:06:01.677+0000] {dagbag.py:532} INFO - Filling up the DagBag from /home/airflow/.local/lib/python3.7/site-packages/airflow/example_dags/example_xcom.py
[2023-04-16T18:06:01.709+0000] {processor.py:753} INFO - DAG(s) dict_keys(['example_xcom']) retrieved from /home/airflow/.local/lib/python3.7/site-packages/airflow/example_dags/example_xcom.py
[2023-04-16T18:06:01.751+0000] {logging_mixin.py:137} INFO - [2023-04-16T18:06:01.751+0000] {dag.py:2705} INFO - Sync 1 DAGs
[2023-04-16T18:06:01.790+0000] {logging_mixin.py:137} INFO - [2023-04-16T18:06:01.789+0000] {dag.py:3456} INFO - Setting next_dagrun for example_xcom to 2021-01-01T00:00:00+00:00, run_after=2021-01-01T00:00:00+00:00
[2023-04-16T18:06:01.815+0000] {processor.py:175} INFO - Processing /home/airflow/.local/lib/python3.7/site-packages/airflow/example_dags/example_xcom.py took 0.145 seconds
[2023-04-16T18:06:32.005+0000] {processor.py:153} INFO - Started process (PID=774) to work on /home/airflow/.local/lib/python3.7/site-packages/airflow/example_dags/example_xcom.py
[2023-04-16T18:06:32.007+0000] {processor.py:743} INFO - Processing file /home/airflow/.local/lib/python3.7/site-packages/airflow/example_dags/example_xcom.py for tasks to queue
[2023-04-16T18:06:32.008+0000] {logging_mixin.py:137} INFO - [2023-04-16T18:06:32.008+0000] {dagbag.py:532} INFO - Filling up the DagBag from /home/airflow/.local/lib/python3.7/site-packages/airflow/example_dags/example_xcom.py
[2023-04-16T18:06:32.056+0000] {processor.py:753} INFO - DAG(s) dict_keys(['example_xcom']) retrieved from /home/airflow/.local/lib/python3.7/site-packages/airflow/example_dags/example_xcom.py
[2023-04-16T18:06:32.103+0000] {logging_mixin.py:137} INFO - [2023-04-16T18:06:32.103+0000] {dag.py:2705} INFO - Sync 1 DAGs
[2023-04-16T18:06:32.140+0000] {logging_mixin.py:137} INFO - [2023-04-16T18:06:32.140+0000] {dag.py:3456} INFO - Setting next_dagrun for example_xcom to 2021-01-01T00:00:00+00:00, run_after=2021-01-01T00:00:00+00:00
[2023-04-16T18:06:32.171+0000] {processor.py:175} INFO - Processing /home/airflow/.local/lib/python3.7/site-packages/airflow/example_dags/example_xcom.py took 0.171 seconds
[2023-04-16T18:07:02.427+0000] {processor.py:153} INFO - Started process (PID=823) to work on /home/airflow/.local/lib/python3.7/site-packages/airflow/example_dags/example_xcom.py
[2023-04-16T18:07:02.429+0000] {processor.py:743} INFO - Processing file /home/airflow/.local/lib/python3.7/site-packages/airflow/example_dags/example_xcom.py for tasks to queue
[2023-04-16T18:07:02.430+0000] {logging_mixin.py:137} INFO - [2023-04-16T18:07:02.430+0000] {dagbag.py:532} INFO - Filling up the DagBag from /home/airflow/.local/lib/python3.7/site-packages/airflow/example_dags/example_xcom.py
[2023-04-16T18:07:02.470+0000] {processor.py:753} INFO - DAG(s) dict_keys(['example_xcom']) retrieved from /home/airflow/.local/lib/python3.7/site-packages/airflow/example_dags/example_xcom.py
[2023-04-16T18:07:02.516+0000] {logging_mixin.py:137} INFO - [2023-04-16T18:07:02.516+0000] {dag.py:2705} INFO - Sync 1 DAGs
[2023-04-16T18:07:02.562+0000] {logging_mixin.py:137} INFO - [2023-04-16T18:07:02.561+0000] {dag.py:3456} INFO - Setting next_dagrun for example_xcom to 2021-01-01T00:00:00+00:00, run_after=2021-01-01T00:00:00+00:00
[2023-04-16T18:07:02.586+0000] {processor.py:175} INFO - Processing /home/airflow/.local/lib/python3.7/site-packages/airflow/example_dags/example_xcom.py took 0.165 seconds
[2023-04-16T18:07:32.993+0000] {processor.py:153} INFO - Started process (PID=873) to work on /home/airflow/.local/lib/python3.7/site-packages/airflow/example_dags/example_xcom.py
[2023-04-16T18:07:32.995+0000] {processor.py:743} INFO - Processing file /home/airflow/.local/lib/python3.7/site-packages/airflow/example_dags/example_xcom.py for tasks to queue
[2023-04-16T18:07:32.996+0000] {logging_mixin.py:137} INFO - [2023-04-16T18:07:32.995+0000] {dagbag.py:532} INFO - Filling up the DagBag from /home/airflow/.local/lib/python3.7/site-packages/airflow/example_dags/example_xcom.py
[2023-04-16T18:07:33.029+0000] {processor.py:753} INFO - DAG(s) dict_keys(['example_xcom']) retrieved from /home/airflow/.local/lib/python3.7/site-packages/airflow/example_dags/example_xcom.py
[2023-04-16T18:07:33.069+0000] {logging_mixin.py:137} INFO - [2023-04-16T18:07:33.069+0000] {dag.py:2705} INFO - Sync 1 DAGs
[2023-04-16T18:07:33.105+0000] {logging_mixin.py:137} INFO - [2023-04-16T18:07:33.105+0000] {dag.py:3456} INFO - Setting next_dagrun for example_xcom to 2021-01-01T00:00:00+00:00, run_after=2021-01-01T00:00:00+00:00
[2023-04-16T18:07:33.132+0000] {processor.py:175} INFO - Processing /home/airflow/.local/lib/python3.7/site-packages/airflow/example_dags/example_xcom.py took 0.144 seconds
[2023-04-16T18:08:03.264+0000] {processor.py:153} INFO - Started process (PID=922) to work on /home/airflow/.local/lib/python3.7/site-packages/airflow/example_dags/example_xcom.py
[2023-04-16T18:08:03.266+0000] {processor.py:743} INFO - Processing file /home/airflow/.local/lib/python3.7/site-packages/airflow/example_dags/example_xcom.py for tasks to queue
[2023-04-16T18:08:03.266+0000] {logging_mixin.py:137} INFO - [2023-04-16T18:08:03.266+0000] {dagbag.py:532} INFO - Filling up the DagBag from /home/airflow/.local/lib/python3.7/site-packages/airflow/example_dags/example_xcom.py
[2023-04-16T18:08:03.301+0000] {processor.py:753} INFO - DAG(s) dict_keys(['example_xcom']) retrieved from /home/airflow/.local/lib/python3.7/site-packages/airflow/example_dags/example_xcom.py
[2023-04-16T18:08:03.342+0000] {logging_mixin.py:137} INFO - [2023-04-16T18:08:03.342+0000] {dag.py:2705} INFO - Sync 1 DAGs
[2023-04-16T18:08:03.378+0000] {logging_mixin.py:137} INFO - [2023-04-16T18:08:03.378+0000] {dag.py:3456} INFO - Setting next_dagrun for example_xcom to 2021-01-01T00:00:00+00:00, run_after=2021-01-01T00:00:00+00:00
[2023-04-16T18:08:03.407+0000] {processor.py:175} INFO - Processing /home/airflow/.local/lib/python3.7/site-packages/airflow/example_dags/example_xcom.py took 0.150 seconds
[2023-04-16T18:08:34.322+0000] {processor.py:153} INFO - Started process (PID=971) to work on /home/airflow/.local/lib/python3.7/site-packages/airflow/example_dags/example_xcom.py
[2023-04-16T18:08:34.324+0000] {processor.py:743} INFO - Processing file /home/airflow/.local/lib/python3.7/site-packages/airflow/example_dags/example_xcom.py for tasks to queue
[2023-04-16T18:08:34.325+0000] {logging_mixin.py:137} INFO - [2023-04-16T18:08:34.324+0000] {dagbag.py:532} INFO - Filling up the DagBag from /home/airflow/.local/lib/python3.7/site-packages/airflow/example_dags/example_xcom.py
[2023-04-16T18:08:34.359+0000] {processor.py:753} INFO - DAG(s) dict_keys(['example_xcom']) retrieved from /home/airflow/.local/lib/python3.7/site-packages/airflow/example_dags/example_xcom.py
[2023-04-16T18:08:34.398+0000] {logging_mixin.py:137} INFO - [2023-04-16T18:08:34.398+0000] {dag.py:2705} INFO - Sync 1 DAGs
[2023-04-16T18:08:34.435+0000] {logging_mixin.py:137} INFO - [2023-04-16T18:08:34.435+0000] {dag.py:3456} INFO - Setting next_dagrun for example_xcom to 2021-01-01T00:00:00+00:00, run_after=2021-01-01T00:00:00+00:00
[2023-04-16T18:08:34.462+0000] {processor.py:175} INFO - Processing /home/airflow/.local/lib/python3.7/site-packages/airflow/example_dags/example_xcom.py took 0.146 seconds
[2023-04-16T18:09:04.744+0000] {processor.py:153} INFO - Started process (PID=1021) to work on /home/airflow/.local/lib/python3.7/site-packages/airflow/example_dags/example_xcom.py
[2023-04-16T18:09:04.745+0000] {processor.py:743} INFO - Processing file /home/airflow/.local/lib/python3.7/site-packages/airflow/example_dags/example_xcom.py for tasks to queue
[2023-04-16T18:09:04.747+0000] {logging_mixin.py:137} INFO - [2023-04-16T18:09:04.746+0000] {dagbag.py:532} INFO - Filling up the DagBag from /home/airflow/.local/lib/python3.7/site-packages/airflow/example_dags/example_xcom.py
[2023-04-16T18:09:04.781+0000] {processor.py:753} INFO - DAG(s) dict_keys(['example_xcom']) retrieved from /home/airflow/.local/lib/python3.7/site-packages/airflow/example_dags/example_xcom.py
[2023-04-16T18:09:04.824+0000] {logging_mixin.py:137} INFO - [2023-04-16T18:09:04.823+0000] {dag.py:2705} INFO - Sync 1 DAGs
[2023-04-16T18:09:04.878+0000] {logging_mixin.py:137} INFO - [2023-04-16T18:09:04.878+0000] {dag.py:3456} INFO - Setting next_dagrun for example_xcom to 2021-01-01T00:00:00+00:00, run_after=2021-01-01T00:00:00+00:00
[2023-04-16T18:09:04.905+0000] {processor.py:175} INFO - Processing /home/airflow/.local/lib/python3.7/site-packages/airflow/example_dags/example_xcom.py took 0.168 seconds
[2023-04-16T18:09:35.719+0000] {processor.py:153} INFO - Started process (PID=1070) to work on /home/airflow/.local/lib/python3.7/site-packages/airflow/example_dags/example_xcom.py
[2023-04-16T18:09:35.721+0000] {processor.py:743} INFO - Processing file /home/airflow/.local/lib/python3.7/site-packages/airflow/example_dags/example_xcom.py for tasks to queue
[2023-04-16T18:09:35.722+0000] {logging_mixin.py:137} INFO - [2023-04-16T18:09:35.722+0000] {dagbag.py:532} INFO - Filling up the DagBag from /home/airflow/.local/lib/python3.7/site-packages/airflow/example_dags/example_xcom.py
[2023-04-16T18:09:35.762+0000] {processor.py:753} INFO - DAG(s) dict_keys(['example_xcom']) retrieved from /home/airflow/.local/lib/python3.7/site-packages/airflow/example_dags/example_xcom.py
[2023-04-16T18:09:35.800+0000] {logging_mixin.py:137} INFO - [2023-04-16T18:09:35.800+0000] {dag.py:2705} INFO - Sync 1 DAGs
[2023-04-16T18:09:35.846+0000] {logging_mixin.py:137} INFO - [2023-04-16T18:09:35.846+0000] {dag.py:3456} INFO - Setting next_dagrun for example_xcom to 2021-01-01T00:00:00+00:00, run_after=2021-01-01T00:00:00+00:00
[2023-04-16T18:09:35.870+0000] {processor.py:175} INFO - Processing /home/airflow/.local/lib/python3.7/site-packages/airflow/example_dags/example_xcom.py took 0.157 seconds
[2023-04-16T18:10:06.494+0000] {processor.py:153} INFO - Started process (PID=1121) to work on /home/airflow/.local/lib/python3.7/site-packages/airflow/example_dags/example_xcom.py
[2023-04-16T18:10:06.496+0000] {processor.py:743} INFO - Processing file /home/airflow/.local/lib/python3.7/site-packages/airflow/example_dags/example_xcom.py for tasks to queue
[2023-04-16T18:10:06.497+0000] {logging_mixin.py:137} INFO - [2023-04-16T18:10:06.497+0000] {dagbag.py:532} INFO - Filling up the DagBag from /home/airflow/.local/lib/python3.7/site-packages/airflow/example_dags/example_xcom.py
[2023-04-16T18:10:06.550+0000] {processor.py:753} INFO - DAG(s) dict_keys(['example_xcom']) retrieved from /home/airflow/.local/lib/python3.7/site-packages/airflow/example_dags/example_xcom.py
[2023-04-16T18:10:06.595+0000] {logging_mixin.py:137} INFO - [2023-04-16T18:10:06.595+0000] {dag.py:2705} INFO - Sync 1 DAGs
[2023-04-16T18:10:06.633+0000] {logging_mixin.py:137} INFO - [2023-04-16T18:10:06.633+0000] {dag.py:3456} INFO - Setting next_dagrun for example_xcom to 2021-01-01T00:00:00+00:00, run_after=2021-01-01T00:00:00+00:00
[2023-04-16T18:10:06.657+0000] {processor.py:175} INFO - Processing /home/airflow/.local/lib/python3.7/site-packages/airflow/example_dags/example_xcom.py took 0.169 seconds
[2023-04-16T18:10:37.181+0000] {processor.py:153} INFO - Started process (PID=1171) to work on /home/airflow/.local/lib/python3.7/site-packages/airflow/example_dags/example_xcom.py
[2023-04-16T18:10:37.183+0000] {processor.py:743} INFO - Processing file /home/airflow/.local/lib/python3.7/site-packages/airflow/example_dags/example_xcom.py for tasks to queue
[2023-04-16T18:10:37.184+0000] {logging_mixin.py:137} INFO - [2023-04-16T18:10:37.184+0000] {dagbag.py:532} INFO - Filling up the DagBag from /home/airflow/.local/lib/python3.7/site-packages/airflow/example_dags/example_xcom.py
[2023-04-16T18:10:37.229+0000] {processor.py:753} INFO - DAG(s) dict_keys(['example_xcom']) retrieved from /home/airflow/.local/lib/python3.7/site-packages/airflow/example_dags/example_xcom.py
[2023-04-16T18:10:37.277+0000] {logging_mixin.py:137} INFO - [2023-04-16T18:10:37.277+0000] {dag.py:2705} INFO - Sync 1 DAGs
[2023-04-16T18:10:37.314+0000] {logging_mixin.py:137} INFO - [2023-04-16T18:10:37.313+0000] {dag.py:3456} INFO - Setting next_dagrun for example_xcom to 2021-01-01T00:00:00+00:00, run_after=2021-01-01T00:00:00+00:00
[2023-04-16T18:10:37.346+0000] {processor.py:175} INFO - Processing /home/airflow/.local/lib/python3.7/site-packages/airflow/example_dags/example_xcom.py took 0.171 seconds
[2023-04-16T18:11:07.973+0000] {processor.py:153} INFO - Started process (PID=1221) to work on /home/airflow/.local/lib/python3.7/site-packages/airflow/example_dags/example_xcom.py
[2023-04-16T18:11:07.974+0000] {processor.py:743} INFO - Processing file /home/airflow/.local/lib/python3.7/site-packages/airflow/example_dags/example_xcom.py for tasks to queue
[2023-04-16T18:11:07.975+0000] {logging_mixin.py:137} INFO - [2023-04-16T18:11:07.975+0000] {dagbag.py:532} INFO - Filling up the DagBag from /home/airflow/.local/lib/python3.7/site-packages/airflow/example_dags/example_xcom.py
[2023-04-16T18:11:08.014+0000] {processor.py:753} INFO - DAG(s) dict_keys(['example_xcom']) retrieved from /home/airflow/.local/lib/python3.7/site-packages/airflow/example_dags/example_xcom.py
[2023-04-16T18:11:08.074+0000] {logging_mixin.py:137} INFO - [2023-04-16T18:11:08.074+0000] {dag.py:2705} INFO - Sync 1 DAGs
[2023-04-16T18:11:08.124+0000] {logging_mixin.py:137} INFO - [2023-04-16T18:11:08.124+0000] {dag.py:3456} INFO - Setting next_dagrun for example_xcom to 2021-01-01T00:00:00+00:00, run_after=2021-01-01T00:00:00+00:00
[2023-04-16T18:11:08.178+0000] {processor.py:175} INFO - Processing /home/airflow/.local/lib/python3.7/site-packages/airflow/example_dags/example_xcom.py took 0.211 seconds
[2023-04-16T18:11:38.789+0000] {processor.py:153} INFO - Started process (PID=1279) to work on /home/airflow/.local/lib/python3.7/site-packages/airflow/example_dags/example_xcom.py
[2023-04-16T18:11:38.791+0000] {processor.py:743} INFO - Processing file /home/airflow/.local/lib/python3.7/site-packages/airflow/example_dags/example_xcom.py for tasks to queue
[2023-04-16T18:11:38.793+0000] {logging_mixin.py:137} INFO - [2023-04-16T18:11:38.792+0000] {dagbag.py:532} INFO - Filling up the DagBag from /home/airflow/.local/lib/python3.7/site-packages/airflow/example_dags/example_xcom.py
[2023-04-16T18:11:38.835+0000] {processor.py:753} INFO - DAG(s) dict_keys(['example_xcom']) retrieved from /home/airflow/.local/lib/python3.7/site-packages/airflow/example_dags/example_xcom.py
[2023-04-16T18:11:38.882+0000] {logging_mixin.py:137} INFO - [2023-04-16T18:11:38.882+0000] {dag.py:2705} INFO - Sync 1 DAGs
[2023-04-16T18:11:38.926+0000] {logging_mixin.py:137} INFO - [2023-04-16T18:11:38.926+0000] {dag.py:3456} INFO - Setting next_dagrun for example_xcom to 2021-01-01T00:00:00+00:00, run_after=2021-01-01T00:00:00+00:00
[2023-04-16T18:11:38.958+0000] {processor.py:175} INFO - Processing /home/airflow/.local/lib/python3.7/site-packages/airflow/example_dags/example_xcom.py took 0.174 seconds
[2023-04-16T18:12:09.365+0000] {processor.py:153} INFO - Started process (PID=1329) to work on /home/airflow/.local/lib/python3.7/site-packages/airflow/example_dags/example_xcom.py
[2023-04-16T18:12:09.366+0000] {processor.py:743} INFO - Processing file /home/airflow/.local/lib/python3.7/site-packages/airflow/example_dags/example_xcom.py for tasks to queue
[2023-04-16T18:12:09.366+0000] {logging_mixin.py:137} INFO - [2023-04-16T18:12:09.366+0000] {dagbag.py:532} INFO - Filling up the DagBag from /home/airflow/.local/lib/python3.7/site-packages/airflow/example_dags/example_xcom.py
[2023-04-16T18:12:09.399+0000] {processor.py:753} INFO - DAG(s) dict_keys(['example_xcom']) retrieved from /home/airflow/.local/lib/python3.7/site-packages/airflow/example_dags/example_xcom.py
[2023-04-16T18:12:09.438+0000] {logging_mixin.py:137} INFO - [2023-04-16T18:12:09.438+0000] {dag.py:2705} INFO - Sync 1 DAGs
[2023-04-16T18:12:09.475+0000] {logging_mixin.py:137} INFO - [2023-04-16T18:12:09.474+0000] {dag.py:3456} INFO - Setting next_dagrun for example_xcom to 2021-01-01T00:00:00+00:00, run_after=2021-01-01T00:00:00+00:00
[2023-04-16T18:12:09.499+0000] {processor.py:175} INFO - Processing /home/airflow/.local/lib/python3.7/site-packages/airflow/example_dags/example_xcom.py took 0.141 seconds
[2023-04-16T18:12:40.055+0000] {processor.py:153} INFO - Started process (PID=1379) to work on /home/airflow/.local/lib/python3.7/site-packages/airflow/example_dags/example_xcom.py
[2023-04-16T18:12:40.057+0000] {processor.py:743} INFO - Processing file /home/airflow/.local/lib/python3.7/site-packages/airflow/example_dags/example_xcom.py for tasks to queue
[2023-04-16T18:12:40.058+0000] {logging_mixin.py:137} INFO - [2023-04-16T18:12:40.057+0000] {dagbag.py:532} INFO - Filling up the DagBag from /home/airflow/.local/lib/python3.7/site-packages/airflow/example_dags/example_xcom.py
[2023-04-16T18:12:40.092+0000] {processor.py:753} INFO - DAG(s) dict_keys(['example_xcom']) retrieved from /home/airflow/.local/lib/python3.7/site-packages/airflow/example_dags/example_xcom.py
[2023-04-16T18:12:40.133+0000] {logging_mixin.py:137} INFO - [2023-04-16T18:12:40.132+0000] {dag.py:2705} INFO - Sync 1 DAGs
[2023-04-16T18:12:40.168+0000] {logging_mixin.py:137} INFO - [2023-04-16T18:12:40.167+0000] {dag.py:3456} INFO - Setting next_dagrun for example_xcom to 2021-01-01T00:00:00+00:00, run_after=2021-01-01T00:00:00+00:00
[2023-04-16T18:12:40.191+0000] {processor.py:175} INFO - Processing /home/airflow/.local/lib/python3.7/site-packages/airflow/example_dags/example_xcom.py took 0.142 seconds
[2023-04-16T18:13:10.727+0000] {processor.py:153} INFO - Started process (PID=1430) to work on /home/airflow/.local/lib/python3.7/site-packages/airflow/example_dags/example_xcom.py
[2023-04-16T18:13:10.729+0000] {processor.py:743} INFO - Processing file /home/airflow/.local/lib/python3.7/site-packages/airflow/example_dags/example_xcom.py for tasks to queue
[2023-04-16T18:13:10.730+0000] {logging_mixin.py:137} INFO - [2023-04-16T18:13:10.730+0000] {dagbag.py:532} INFO - Filling up the DagBag from /home/airflow/.local/lib/python3.7/site-packages/airflow/example_dags/example_xcom.py
[2023-04-16T18:13:10.764+0000] {processor.py:753} INFO - DAG(s) dict_keys(['example_xcom']) retrieved from /home/airflow/.local/lib/python3.7/site-packages/airflow/example_dags/example_xcom.py
[2023-04-16T18:13:10.802+0000] {logging_mixin.py:137} INFO - [2023-04-16T18:13:10.802+0000] {dag.py:2705} INFO - Sync 1 DAGs
[2023-04-16T18:13:10.838+0000] {logging_mixin.py:137} INFO - [2023-04-16T18:13:10.837+0000] {dag.py:3456} INFO - Setting next_dagrun for example_xcom to 2021-01-01T00:00:00+00:00, run_after=2021-01-01T00:00:00+00:00
[2023-04-16T18:13:10.879+0000] {processor.py:175} INFO - Processing /home/airflow/.local/lib/python3.7/site-packages/airflow/example_dags/example_xcom.py took 0.157 seconds
[2023-04-16T18:13:41.291+0000] {processor.py:153} INFO - Started process (PID=1481) to work on /home/airflow/.local/lib/python3.7/site-packages/airflow/example_dags/example_xcom.py
[2023-04-16T18:13:41.293+0000] {processor.py:743} INFO - Processing file /home/airflow/.local/lib/python3.7/site-packages/airflow/example_dags/example_xcom.py for tasks to queue
[2023-04-16T18:13:41.293+0000] {logging_mixin.py:137} INFO - [2023-04-16T18:13:41.293+0000] {dagbag.py:532} INFO - Filling up the DagBag from /home/airflow/.local/lib/python3.7/site-packages/airflow/example_dags/example_xcom.py
[2023-04-16T18:13:41.326+0000] {processor.py:753} INFO - DAG(s) dict_keys(['example_xcom']) retrieved from /home/airflow/.local/lib/python3.7/site-packages/airflow/example_dags/example_xcom.py
[2023-04-16T18:13:41.365+0000] {logging_mixin.py:137} INFO - [2023-04-16T18:13:41.364+0000] {dag.py:2705} INFO - Sync 1 DAGs
[2023-04-16T18:13:41.402+0000] {logging_mixin.py:137} INFO - [2023-04-16T18:13:41.402+0000] {dag.py:3456} INFO - Setting next_dagrun for example_xcom to 2021-01-01T00:00:00+00:00, run_after=2021-01-01T00:00:00+00:00
[2023-04-16T18:13:41.429+0000] {processor.py:175} INFO - Processing /home/airflow/.local/lib/python3.7/site-packages/airflow/example_dags/example_xcom.py took 0.145 seconds
[2023-04-16T18:14:11.842+0000] {processor.py:153} INFO - Started process (PID=1531) to work on /home/airflow/.local/lib/python3.7/site-packages/airflow/example_dags/example_xcom.py
[2023-04-16T18:14:11.844+0000] {processor.py:743} INFO - Processing file /home/airflow/.local/lib/python3.7/site-packages/airflow/example_dags/example_xcom.py for tasks to queue
[2023-04-16T18:14:11.845+0000] {logging_mixin.py:137} INFO - [2023-04-16T18:14:11.845+0000] {dagbag.py:532} INFO - Filling up the DagBag from /home/airflow/.local/lib/python3.7/site-packages/airflow/example_dags/example_xcom.py
[2023-04-16T18:14:11.891+0000] {processor.py:753} INFO - DAG(s) dict_keys(['example_xcom']) retrieved from /home/airflow/.local/lib/python3.7/site-packages/airflow/example_dags/example_xcom.py
[2023-04-16T18:14:11.934+0000] {logging_mixin.py:137} INFO - [2023-04-16T18:14:11.934+0000] {dag.py:2705} INFO - Sync 1 DAGs
[2023-04-16T18:14:11.974+0000] {logging_mixin.py:137} INFO - [2023-04-16T18:14:11.973+0000] {dag.py:3456} INFO - Setting next_dagrun for example_xcom to 2021-01-01T00:00:00+00:00, run_after=2021-01-01T00:00:00+00:00
[2023-04-16T18:14:12.004+0000] {processor.py:175} INFO - Processing /home/airflow/.local/lib/python3.7/site-packages/airflow/example_dags/example_xcom.py took 0.167 seconds
[2023-04-16T18:14:42.694+0000] {processor.py:153} INFO - Started process (PID=1581) to work on /home/airflow/.local/lib/python3.7/site-packages/airflow/example_dags/example_xcom.py
[2023-04-16T18:14:42.696+0000] {processor.py:743} INFO - Processing file /home/airflow/.local/lib/python3.7/site-packages/airflow/example_dags/example_xcom.py for tasks to queue
[2023-04-16T18:14:42.697+0000] {logging_mixin.py:137} INFO - [2023-04-16T18:14:42.696+0000] {dagbag.py:532} INFO - Filling up the DagBag from /home/airflow/.local/lib/python3.7/site-packages/airflow/example_dags/example_xcom.py
[2023-04-16T18:14:42.730+0000] {processor.py:753} INFO - DAG(s) dict_keys(['example_xcom']) retrieved from /home/airflow/.local/lib/python3.7/site-packages/airflow/example_dags/example_xcom.py
[2023-04-16T18:14:42.769+0000] {logging_mixin.py:137} INFO - [2023-04-16T18:14:42.769+0000] {dag.py:2705} INFO - Sync 1 DAGs
[2023-04-16T18:14:42.805+0000] {logging_mixin.py:137} INFO - [2023-04-16T18:14:42.805+0000] {dag.py:3456} INFO - Setting next_dagrun for example_xcom to 2021-01-01T00:00:00+00:00, run_after=2021-01-01T00:00:00+00:00
[2023-04-16T18:14:42.829+0000] {processor.py:175} INFO - Processing /home/airflow/.local/lib/python3.7/site-packages/airflow/example_dags/example_xcom.py took 0.141 seconds
[2023-04-16T18:15:13.400+0000] {processor.py:153} INFO - Started process (PID=1631) to work on /home/airflow/.local/lib/python3.7/site-packages/airflow/example_dags/example_xcom.py
[2023-04-16T18:15:13.401+0000] {processor.py:743} INFO - Processing file /home/airflow/.local/lib/python3.7/site-packages/airflow/example_dags/example_xcom.py for tasks to queue
[2023-04-16T18:15:13.402+0000] {logging_mixin.py:137} INFO - [2023-04-16T18:15:13.402+0000] {dagbag.py:532} INFO - Filling up the DagBag from /home/airflow/.local/lib/python3.7/site-packages/airflow/example_dags/example_xcom.py
[2023-04-16T18:15:13.456+0000] {processor.py:753} INFO - DAG(s) dict_keys(['example_xcom']) retrieved from /home/airflow/.local/lib/python3.7/site-packages/airflow/example_dags/example_xcom.py
[2023-04-16T18:15:13.513+0000] {logging_mixin.py:137} INFO - [2023-04-16T18:15:13.513+0000] {dag.py:2705} INFO - Sync 1 DAGs
[2023-04-16T18:15:13.551+0000] {logging_mixin.py:137} INFO - [2023-04-16T18:15:13.550+0000] {dag.py:3456} INFO - Setting next_dagrun for example_xcom to 2021-01-01T00:00:00+00:00, run_after=2021-01-01T00:00:00+00:00
[2023-04-16T18:15:13.575+0000] {processor.py:175} INFO - Processing /home/airflow/.local/lib/python3.7/site-packages/airflow/example_dags/example_xcom.py took 0.181 seconds
[2023-04-16T18:15:44.220+0000] {processor.py:153} INFO - Started process (PID=1681) to work on /home/airflow/.local/lib/python3.7/site-packages/airflow/example_dags/example_xcom.py
[2023-04-16T18:15:44.222+0000] {processor.py:743} INFO - Processing file /home/airflow/.local/lib/python3.7/site-packages/airflow/example_dags/example_xcom.py for tasks to queue
[2023-04-16T18:15:44.222+0000] {logging_mixin.py:137} INFO - [2023-04-16T18:15:44.222+0000] {dagbag.py:532} INFO - Filling up the DagBag from /home/airflow/.local/lib/python3.7/site-packages/airflow/example_dags/example_xcom.py
[2023-04-16T18:15:44.265+0000] {processor.py:753} INFO - DAG(s) dict_keys(['example_xcom']) retrieved from /home/airflow/.local/lib/python3.7/site-packages/airflow/example_dags/example_xcom.py
[2023-04-16T18:15:44.314+0000] {logging_mixin.py:137} INFO - [2023-04-16T18:15:44.314+0000] {dag.py:2705} INFO - Sync 1 DAGs
[2023-04-16T18:15:44.351+0000] {logging_mixin.py:137} INFO - [2023-04-16T18:15:44.351+0000] {dag.py:3456} INFO - Setting next_dagrun for example_xcom to 2021-01-01T00:00:00+00:00, run_after=2021-01-01T00:00:00+00:00
[2023-04-16T18:15:44.377+0000] {processor.py:175} INFO - Processing /home/airflow/.local/lib/python3.7/site-packages/airflow/example_dags/example_xcom.py took 0.162 seconds
[2023-04-16T18:16:14.736+0000] {processor.py:153} INFO - Started process (PID=1731) to work on /home/airflow/.local/lib/python3.7/site-packages/airflow/example_dags/example_xcom.py
[2023-04-16T18:16:14.737+0000] {processor.py:743} INFO - Processing file /home/airflow/.local/lib/python3.7/site-packages/airflow/example_dags/example_xcom.py for tasks to queue
[2023-04-16T18:16:14.737+0000] {logging_mixin.py:137} INFO - [2023-04-16T18:16:14.737+0000] {dagbag.py:532} INFO - Filling up the DagBag from /home/airflow/.local/lib/python3.7/site-packages/airflow/example_dags/example_xcom.py
[2023-04-16T18:16:14.773+0000] {processor.py:753} INFO - DAG(s) dict_keys(['example_xcom']) retrieved from /home/airflow/.local/lib/python3.7/site-packages/airflow/example_dags/example_xcom.py
[2023-04-16T18:16:14.814+0000] {logging_mixin.py:137} INFO - [2023-04-16T18:16:14.814+0000] {dag.py:2705} INFO - Sync 1 DAGs
[2023-04-16T18:16:14.849+0000] {logging_mixin.py:137} INFO - [2023-04-16T18:16:14.849+0000] {dag.py:3456} INFO - Setting next_dagrun for example_xcom to 2021-01-01T00:00:00+00:00, run_after=2021-01-01T00:00:00+00:00
[2023-04-16T18:16:14.881+0000] {processor.py:175} INFO - Processing /home/airflow/.local/lib/python3.7/site-packages/airflow/example_dags/example_xcom.py took 0.150 seconds
[2023-04-16T18:16:45.467+0000] {processor.py:153} INFO - Started process (PID=1781) to work on /home/airflow/.local/lib/python3.7/site-packages/airflow/example_dags/example_xcom.py
[2023-04-16T18:16:45.468+0000] {processor.py:743} INFO - Processing file /home/airflow/.local/lib/python3.7/site-packages/airflow/example_dags/example_xcom.py for tasks to queue
[2023-04-16T18:16:45.469+0000] {logging_mixin.py:137} INFO - [2023-04-16T18:16:45.469+0000] {dagbag.py:532} INFO - Filling up the DagBag from /home/airflow/.local/lib/python3.7/site-packages/airflow/example_dags/example_xcom.py
[2023-04-16T18:16:45.523+0000] {processor.py:753} INFO - DAG(s) dict_keys(['example_xcom']) retrieved from /home/airflow/.local/lib/python3.7/site-packages/airflow/example_dags/example_xcom.py
[2023-04-16T18:16:45.567+0000] {logging_mixin.py:137} INFO - [2023-04-16T18:16:45.567+0000] {dag.py:2705} INFO - Sync 1 DAGs
[2023-04-16T18:16:45.603+0000] {logging_mixin.py:137} INFO - [2023-04-16T18:16:45.603+0000] {dag.py:3456} INFO - Setting next_dagrun for example_xcom to 2021-01-01T00:00:00+00:00, run_after=2021-01-01T00:00:00+00:00
[2023-04-16T18:16:45.633+0000] {processor.py:175} INFO - Processing /home/airflow/.local/lib/python3.7/site-packages/airflow/example_dags/example_xcom.py took 0.173 seconds
[2023-04-16T18:17:16.245+0000] {processor.py:153} INFO - Started process (PID=1831) to work on /home/airflow/.local/lib/python3.7/site-packages/airflow/example_dags/example_xcom.py
[2023-04-16T18:17:16.247+0000] {processor.py:743} INFO - Processing file /home/airflow/.local/lib/python3.7/site-packages/airflow/example_dags/example_xcom.py for tasks to queue
[2023-04-16T18:17:16.248+0000] {logging_mixin.py:137} INFO - [2023-04-16T18:17:16.248+0000] {dagbag.py:532} INFO - Filling up the DagBag from /home/airflow/.local/lib/python3.7/site-packages/airflow/example_dags/example_xcom.py
[2023-04-16T18:17:16.289+0000] {processor.py:753} INFO - DAG(s) dict_keys(['example_xcom']) retrieved from /home/airflow/.local/lib/python3.7/site-packages/airflow/example_dags/example_xcom.py
[2023-04-16T18:17:16.329+0000] {logging_mixin.py:137} INFO - [2023-04-16T18:17:16.329+0000] {dag.py:2705} INFO - Sync 1 DAGs
[2023-04-16T18:17:16.372+0000] {logging_mixin.py:137} INFO - [2023-04-16T18:17:16.371+0000] {dag.py:3456} INFO - Setting next_dagrun for example_xcom to 2021-01-01T00:00:00+00:00, run_after=2021-01-01T00:00:00+00:00
[2023-04-16T18:17:16.398+0000] {processor.py:175} INFO - Processing /home/airflow/.local/lib/python3.7/site-packages/airflow/example_dags/example_xcom.py took 0.159 seconds
[2023-04-16T18:17:47.077+0000] {processor.py:153} INFO - Started process (PID=1881) to work on /home/airflow/.local/lib/python3.7/site-packages/airflow/example_dags/example_xcom.py
[2023-04-16T18:17:47.079+0000] {processor.py:743} INFO - Processing file /home/airflow/.local/lib/python3.7/site-packages/airflow/example_dags/example_xcom.py for tasks to queue
[2023-04-16T18:17:47.080+0000] {logging_mixin.py:137} INFO - [2023-04-16T18:17:47.080+0000] {dagbag.py:532} INFO - Filling up the DagBag from /home/airflow/.local/lib/python3.7/site-packages/airflow/example_dags/example_xcom.py
[2023-04-16T18:17:47.113+0000] {processor.py:753} INFO - DAG(s) dict_keys(['example_xcom']) retrieved from /home/airflow/.local/lib/python3.7/site-packages/airflow/example_dags/example_xcom.py
[2023-04-16T18:17:47.152+0000] {logging_mixin.py:137} INFO - [2023-04-16T18:17:47.151+0000] {dag.py:2705} INFO - Sync 1 DAGs
[2023-04-16T18:17:47.188+0000] {logging_mixin.py:137} INFO - [2023-04-16T18:17:47.188+0000] {dag.py:3456} INFO - Setting next_dagrun for example_xcom to 2021-01-01T00:00:00+00:00, run_after=2021-01-01T00:00:00+00:00
[2023-04-16T18:17:47.222+0000] {processor.py:175} INFO - Processing /home/airflow/.local/lib/python3.7/site-packages/airflow/example_dags/example_xcom.py took 0.151 seconds
[2023-04-16T18:18:17.657+0000] {processor.py:153} INFO - Started process (PID=1931) to work on /home/airflow/.local/lib/python3.7/site-packages/airflow/example_dags/example_xcom.py
[2023-04-16T18:18:17.658+0000] {processor.py:743} INFO - Processing file /home/airflow/.local/lib/python3.7/site-packages/airflow/example_dags/example_xcom.py for tasks to queue
[2023-04-16T18:18:17.659+0000] {logging_mixin.py:137} INFO - [2023-04-16T18:18:17.659+0000] {dagbag.py:532} INFO - Filling up the DagBag from /home/airflow/.local/lib/python3.7/site-packages/airflow/example_dags/example_xcom.py
[2023-04-16T18:18:17.691+0000] {processor.py:753} INFO - DAG(s) dict_keys(['example_xcom']) retrieved from /home/airflow/.local/lib/python3.7/site-packages/airflow/example_dags/example_xcom.py
[2023-04-16T18:18:17.739+0000] {logging_mixin.py:137} INFO - [2023-04-16T18:18:17.739+0000] {dag.py:2705} INFO - Sync 1 DAGs
[2023-04-16T18:18:17.781+0000] {logging_mixin.py:137} INFO - [2023-04-16T18:18:17.781+0000] {dag.py:3456} INFO - Setting next_dagrun for example_xcom to 2021-01-01T00:00:00+00:00, run_after=2021-01-01T00:00:00+00:00
[2023-04-16T18:18:17.815+0000] {processor.py:175} INFO - Processing /home/airflow/.local/lib/python3.7/site-packages/airflow/example_dags/example_xcom.py took 0.164 seconds
[2023-04-16T18:18:48.405+0000] {processor.py:153} INFO - Started process (PID=1981) to work on /home/airflow/.local/lib/python3.7/site-packages/airflow/example_dags/example_xcom.py
[2023-04-16T18:18:48.406+0000] {processor.py:743} INFO - Processing file /home/airflow/.local/lib/python3.7/site-packages/airflow/example_dags/example_xcom.py for tasks to queue
[2023-04-16T18:18:48.407+0000] {logging_mixin.py:137} INFO - [2023-04-16T18:18:48.407+0000] {dagbag.py:532} INFO - Filling up the DagBag from /home/airflow/.local/lib/python3.7/site-packages/airflow/example_dags/example_xcom.py
[2023-04-16T18:18:48.449+0000] {processor.py:753} INFO - DAG(s) dict_keys(['example_xcom']) retrieved from /home/airflow/.local/lib/python3.7/site-packages/airflow/example_dags/example_xcom.py
[2023-04-16T18:18:48.498+0000] {logging_mixin.py:137} INFO - [2023-04-16T18:18:48.498+0000] {dag.py:2705} INFO - Sync 1 DAGs
[2023-04-16T18:18:48.543+0000] {logging_mixin.py:137} INFO - [2023-04-16T18:18:48.542+0000] {dag.py:3456} INFO - Setting next_dagrun for example_xcom to 2021-01-01T00:00:00+00:00, run_after=2021-01-01T00:00:00+00:00
[2023-04-16T18:18:48.569+0000] {processor.py:175} INFO - Processing /home/airflow/.local/lib/python3.7/site-packages/airflow/example_dags/example_xcom.py took 0.171 seconds
[2023-04-16T18:19:19.222+0000] {processor.py:153} INFO - Started process (PID=2031) to work on /home/airflow/.local/lib/python3.7/site-packages/airflow/example_dags/example_xcom.py
[2023-04-16T18:19:19.223+0000] {processor.py:743} INFO - Processing file /home/airflow/.local/lib/python3.7/site-packages/airflow/example_dags/example_xcom.py for tasks to queue
[2023-04-16T18:19:19.225+0000] {logging_mixin.py:137} INFO - [2023-04-16T18:19:19.224+0000] {dagbag.py:532} INFO - Filling up the DagBag from /home/airflow/.local/lib/python3.7/site-packages/airflow/example_dags/example_xcom.py
[2023-04-16T18:19:19.274+0000] {processor.py:753} INFO - DAG(s) dict_keys(['example_xcom']) retrieved from /home/airflow/.local/lib/python3.7/site-packages/airflow/example_dags/example_xcom.py
[2023-04-16T18:19:19.320+0000] {logging_mixin.py:137} INFO - [2023-04-16T18:19:19.320+0000] {dag.py:2705} INFO - Sync 1 DAGs
[2023-04-16T18:19:19.361+0000] {logging_mixin.py:137} INFO - [2023-04-16T18:19:19.361+0000] {dag.py:3456} INFO - Setting next_dagrun for example_xcom to 2021-01-01T00:00:00+00:00, run_after=2021-01-01T00:00:00+00:00
[2023-04-16T18:19:19.394+0000] {processor.py:175} INFO - Processing /home/airflow/.local/lib/python3.7/site-packages/airflow/example_dags/example_xcom.py took 0.179 seconds
[2023-04-16T18:19:49.930+0000] {processor.py:153} INFO - Started process (PID=2081) to work on /home/airflow/.local/lib/python3.7/site-packages/airflow/example_dags/example_xcom.py
[2023-04-16T18:19:49.932+0000] {processor.py:743} INFO - Processing file /home/airflow/.local/lib/python3.7/site-packages/airflow/example_dags/example_xcom.py for tasks to queue
[2023-04-16T18:19:49.933+0000] {logging_mixin.py:137} INFO - [2023-04-16T18:19:49.932+0000] {dagbag.py:532} INFO - Filling up the DagBag from /home/airflow/.local/lib/python3.7/site-packages/airflow/example_dags/example_xcom.py
[2023-04-16T18:19:49.974+0000] {processor.py:753} INFO - DAG(s) dict_keys(['example_xcom']) retrieved from /home/airflow/.local/lib/python3.7/site-packages/airflow/example_dags/example_xcom.py
[2023-04-16T18:19:50.026+0000] {logging_mixin.py:137} INFO - [2023-04-16T18:19:50.026+0000] {dag.py:2705} INFO - Sync 1 DAGs
[2023-04-16T18:19:50.072+0000] {logging_mixin.py:137} INFO - [2023-04-16T18:19:50.072+0000] {dag.py:3456} INFO - Setting next_dagrun for example_xcom to 2021-01-01T00:00:00+00:00, run_after=2021-01-01T00:00:00+00:00
[2023-04-16T18:19:50.110+0000] {processor.py:175} INFO - Processing /home/airflow/.local/lib/python3.7/site-packages/airflow/example_dags/example_xcom.py took 0.186 seconds
[2023-04-16T18:20:20.586+0000] {processor.py:153} INFO - Started process (PID=2131) to work on /home/airflow/.local/lib/python3.7/site-packages/airflow/example_dags/example_xcom.py
[2023-04-16T18:20:20.587+0000] {processor.py:743} INFO - Processing file /home/airflow/.local/lib/python3.7/site-packages/airflow/example_dags/example_xcom.py for tasks to queue
[2023-04-16T18:20:20.588+0000] {logging_mixin.py:137} INFO - [2023-04-16T18:20:20.588+0000] {dagbag.py:532} INFO - Filling up the DagBag from /home/airflow/.local/lib/python3.7/site-packages/airflow/example_dags/example_xcom.py
[2023-04-16T18:20:20.632+0000] {processor.py:753} INFO - DAG(s) dict_keys(['example_xcom']) retrieved from /home/airflow/.local/lib/python3.7/site-packages/airflow/example_dags/example_xcom.py
[2023-04-16T18:20:20.673+0000] {logging_mixin.py:137} INFO - [2023-04-16T18:20:20.673+0000] {dag.py:2705} INFO - Sync 1 DAGs
[2023-04-16T18:20:20.709+0000] {logging_mixin.py:137} INFO - [2023-04-16T18:20:20.709+0000] {dag.py:3456} INFO - Setting next_dagrun for example_xcom to 2021-01-01T00:00:00+00:00, run_after=2021-01-01T00:00:00+00:00
[2023-04-16T18:20:20.733+0000] {processor.py:175} INFO - Processing /home/airflow/.local/lib/python3.7/site-packages/airflow/example_dags/example_xcom.py took 0.153 seconds
[2023-04-16T18:20:51.185+0000] {processor.py:153} INFO - Started process (PID=2182) to work on /home/airflow/.local/lib/python3.7/site-packages/airflow/example_dags/example_xcom.py
[2023-04-16T18:20:51.186+0000] {processor.py:743} INFO - Processing file /home/airflow/.local/lib/python3.7/site-packages/airflow/example_dags/example_xcom.py for tasks to queue
[2023-04-16T18:20:51.187+0000] {logging_mixin.py:137} INFO - [2023-04-16T18:20:51.186+0000] {dagbag.py:532} INFO - Filling up the DagBag from /home/airflow/.local/lib/python3.7/site-packages/airflow/example_dags/example_xcom.py
[2023-04-16T18:20:51.219+0000] {processor.py:753} INFO - DAG(s) dict_keys(['example_xcom']) retrieved from /home/airflow/.local/lib/python3.7/site-packages/airflow/example_dags/example_xcom.py
[2023-04-16T18:20:51.258+0000] {logging_mixin.py:137} INFO - [2023-04-16T18:20:51.258+0000] {dag.py:2705} INFO - Sync 1 DAGs
[2023-04-16T18:20:51.295+0000] {logging_mixin.py:137} INFO - [2023-04-16T18:20:51.295+0000] {dag.py:3456} INFO - Setting next_dagrun for example_xcom to 2021-01-01T00:00:00+00:00, run_after=2021-01-01T00:00:00+00:00
[2023-04-16T18:20:51.324+0000] {processor.py:175} INFO - Processing /home/airflow/.local/lib/python3.7/site-packages/airflow/example_dags/example_xcom.py took 0.145 seconds
[2023-04-16T18:21:22.137+0000] {processor.py:153} INFO - Started process (PID=2232) to work on /home/airflow/.local/lib/python3.7/site-packages/airflow/example_dags/example_xcom.py
[2023-04-16T18:21:22.138+0000] {processor.py:743} INFO - Processing file /home/airflow/.local/lib/python3.7/site-packages/airflow/example_dags/example_xcom.py for tasks to queue
[2023-04-16T18:21:22.139+0000] {logging_mixin.py:137} INFO - [2023-04-16T18:21:22.139+0000] {dagbag.py:532} INFO - Filling up the DagBag from /home/airflow/.local/lib/python3.7/site-packages/airflow/example_dags/example_xcom.py
[2023-04-16T18:21:22.173+0000] {processor.py:753} INFO - DAG(s) dict_keys(['example_xcom']) retrieved from /home/airflow/.local/lib/python3.7/site-packages/airflow/example_dags/example_xcom.py
[2023-04-16T18:21:22.214+0000] {logging_mixin.py:137} INFO - [2023-04-16T18:21:22.214+0000] {dag.py:2705} INFO - Sync 1 DAGs
[2023-04-16T18:21:22.251+0000] {logging_mixin.py:137} INFO - [2023-04-16T18:21:22.251+0000] {dag.py:3456} INFO - Setting next_dagrun for example_xcom to 2021-01-01T00:00:00+00:00, run_after=2021-01-01T00:00:00+00:00
[2023-04-16T18:21:22.283+0000] {processor.py:175} INFO - Processing /home/airflow/.local/lib/python3.7/site-packages/airflow/example_dags/example_xcom.py took 0.152 seconds
[2023-04-16T18:21:52.486+0000] {processor.py:153} INFO - Started process (PID=2282) to work on /home/airflow/.local/lib/python3.7/site-packages/airflow/example_dags/example_xcom.py
[2023-04-16T18:21:52.488+0000] {processor.py:743} INFO - Processing file /home/airflow/.local/lib/python3.7/site-packages/airflow/example_dags/example_xcom.py for tasks to queue
[2023-04-16T18:21:52.489+0000] {logging_mixin.py:137} INFO - [2023-04-16T18:21:52.488+0000] {dagbag.py:532} INFO - Filling up the DagBag from /home/airflow/.local/lib/python3.7/site-packages/airflow/example_dags/example_xcom.py
[2023-04-16T18:21:52.522+0000] {processor.py:753} INFO - DAG(s) dict_keys(['example_xcom']) retrieved from /home/airflow/.local/lib/python3.7/site-packages/airflow/example_dags/example_xcom.py
[2023-04-16T18:21:52.575+0000] {logging_mixin.py:137} INFO - [2023-04-16T18:21:52.575+0000] {dag.py:2705} INFO - Sync 1 DAGs
[2023-04-16T18:21:52.629+0000] {logging_mixin.py:137} INFO - [2023-04-16T18:21:52.628+0000] {dag.py:3456} INFO - Setting next_dagrun for example_xcom to 2021-01-01T00:00:00+00:00, run_after=2021-01-01T00:00:00+00:00
[2023-04-16T18:21:52.656+0000] {processor.py:175} INFO - Processing /home/airflow/.local/lib/python3.7/site-packages/airflow/example_dags/example_xcom.py took 0.175 seconds
[2023-04-16T18:22:23.059+0000] {processor.py:153} INFO - Started process (PID=2333) to work on /home/airflow/.local/lib/python3.7/site-packages/airflow/example_dags/example_xcom.py
[2023-04-16T18:22:23.061+0000] {processor.py:743} INFO - Processing file /home/airflow/.local/lib/python3.7/site-packages/airflow/example_dags/example_xcom.py for tasks to queue
[2023-04-16T18:22:23.062+0000] {logging_mixin.py:137} INFO - [2023-04-16T18:22:23.062+0000] {dagbag.py:532} INFO - Filling up the DagBag from /home/airflow/.local/lib/python3.7/site-packages/airflow/example_dags/example_xcom.py
[2023-04-16T18:22:23.108+0000] {processor.py:753} INFO - DAG(s) dict_keys(['example_xcom']) retrieved from /home/airflow/.local/lib/python3.7/site-packages/airflow/example_dags/example_xcom.py
[2023-04-16T18:22:23.148+0000] {logging_mixin.py:137} INFO - [2023-04-16T18:22:23.147+0000] {dag.py:2705} INFO - Sync 1 DAGs
[2023-04-16T18:22:23.184+0000] {logging_mixin.py:137} INFO - [2023-04-16T18:22:23.184+0000] {dag.py:3456} INFO - Setting next_dagrun for example_xcom to 2021-01-01T00:00:00+00:00, run_after=2021-01-01T00:00:00+00:00
[2023-04-16T18:22:23.209+0000] {processor.py:175} INFO - Processing /home/airflow/.local/lib/python3.7/site-packages/airflow/example_dags/example_xcom.py took 0.157 seconds
[2023-04-16T18:22:53.975+0000] {processor.py:153} INFO - Started process (PID=2382) to work on /home/airflow/.local/lib/python3.7/site-packages/airflow/example_dags/example_xcom.py
[2023-04-16T18:22:53.976+0000] {processor.py:743} INFO - Processing file /home/airflow/.local/lib/python3.7/site-packages/airflow/example_dags/example_xcom.py for tasks to queue
[2023-04-16T18:22:53.977+0000] {logging_mixin.py:137} INFO - [2023-04-16T18:22:53.977+0000] {dagbag.py:532} INFO - Filling up the DagBag from /home/airflow/.local/lib/python3.7/site-packages/airflow/example_dags/example_xcom.py
[2023-04-16T18:22:54.009+0000] {processor.py:753} INFO - DAG(s) dict_keys(['example_xcom']) retrieved from /home/airflow/.local/lib/python3.7/site-packages/airflow/example_dags/example_xcom.py
[2023-04-16T18:22:54.049+0000] {logging_mixin.py:137} INFO - [2023-04-16T18:22:54.048+0000] {dag.py:2705} INFO - Sync 1 DAGs
[2023-04-16T18:22:54.084+0000] {logging_mixin.py:137} INFO - [2023-04-16T18:22:54.084+0000] {dag.py:3456} INFO - Setting next_dagrun for example_xcom to 2021-01-01T00:00:00+00:00, run_after=2021-01-01T00:00:00+00:00
[2023-04-16T18:22:54.115+0000] {processor.py:175} INFO - Processing /home/airflow/.local/lib/python3.7/site-packages/airflow/example_dags/example_xcom.py took 0.147 seconds
[2023-04-16T18:23:24.452+0000] {processor.py:153} INFO - Started process (PID=2432) to work on /home/airflow/.local/lib/python3.7/site-packages/airflow/example_dags/example_xcom.py
[2023-04-16T18:23:24.454+0000] {processor.py:743} INFO - Processing file /home/airflow/.local/lib/python3.7/site-packages/airflow/example_dags/example_xcom.py for tasks to queue
[2023-04-16T18:23:24.456+0000] {logging_mixin.py:137} INFO - [2023-04-16T18:23:24.455+0000] {dagbag.py:532} INFO - Filling up the DagBag from /home/airflow/.local/lib/python3.7/site-packages/airflow/example_dags/example_xcom.py
[2023-04-16T18:23:24.490+0000] {processor.py:753} INFO - DAG(s) dict_keys(['example_xcom']) retrieved from /home/airflow/.local/lib/python3.7/site-packages/airflow/example_dags/example_xcom.py
[2023-04-16T18:23:24.541+0000] {logging_mixin.py:137} INFO - [2023-04-16T18:23:24.541+0000] {dag.py:2705} INFO - Sync 1 DAGs
[2023-04-16T18:23:24.582+0000] {logging_mixin.py:137} INFO - [2023-04-16T18:23:24.582+0000] {dag.py:3456} INFO - Setting next_dagrun for example_xcom to 2021-01-01T00:00:00+00:00, run_after=2021-01-01T00:00:00+00:00
[2023-04-16T18:23:24.605+0000] {processor.py:175} INFO - Processing /home/airflow/.local/lib/python3.7/site-packages/airflow/example_dags/example_xcom.py took 0.158 seconds
[2023-04-16T18:23:54.818+0000] {processor.py:153} INFO - Started process (PID=2482) to work on /home/airflow/.local/lib/python3.7/site-packages/airflow/example_dags/example_xcom.py
[2023-04-16T18:23:54.819+0000] {processor.py:743} INFO - Processing file /home/airflow/.local/lib/python3.7/site-packages/airflow/example_dags/example_xcom.py for tasks to queue
[2023-04-16T18:23:54.820+0000] {logging_mixin.py:137} INFO - [2023-04-16T18:23:54.819+0000] {dagbag.py:532} INFO - Filling up the DagBag from /home/airflow/.local/lib/python3.7/site-packages/airflow/example_dags/example_xcom.py
[2023-04-16T18:23:54.852+0000] {processor.py:753} INFO - DAG(s) dict_keys(['example_xcom']) retrieved from /home/airflow/.local/lib/python3.7/site-packages/airflow/example_dags/example_xcom.py
[2023-04-16T18:23:54.893+0000] {logging_mixin.py:137} INFO - [2023-04-16T18:23:54.893+0000] {dag.py:2705} INFO - Sync 1 DAGs
[2023-04-16T18:23:54.930+0000] {logging_mixin.py:137} INFO - [2023-04-16T18:23:54.929+0000] {dag.py:3456} INFO - Setting next_dagrun for example_xcom to 2021-01-01T00:00:00+00:00, run_after=2021-01-01T00:00:00+00:00
[2023-04-16T18:23:54.954+0000] {processor.py:175} INFO - Processing /home/airflow/.local/lib/python3.7/site-packages/airflow/example_dags/example_xcom.py took 0.143 seconds
[2023-04-16T18:24:24.987+0000] {processor.py:153} INFO - Started process (PID=2531) to work on /home/airflow/.local/lib/python3.7/site-packages/airflow/example_dags/example_xcom.py
[2023-04-16T18:24:24.989+0000] {processor.py:743} INFO - Processing file /home/airflow/.local/lib/python3.7/site-packages/airflow/example_dags/example_xcom.py for tasks to queue
[2023-04-16T18:24:24.989+0000] {logging_mixin.py:137} INFO - [2023-04-16T18:24:24.989+0000] {dagbag.py:532} INFO - Filling up the DagBag from /home/airflow/.local/lib/python3.7/site-packages/airflow/example_dags/example_xcom.py
[2023-04-16T18:24:25.023+0000] {processor.py:753} INFO - DAG(s) dict_keys(['example_xcom']) retrieved from /home/airflow/.local/lib/python3.7/site-packages/airflow/example_dags/example_xcom.py
[2023-04-16T18:24:25.061+0000] {logging_mixin.py:137} INFO - [2023-04-16T18:24:25.061+0000] {dag.py:2705} INFO - Sync 1 DAGs
[2023-04-16T18:24:25.097+0000] {logging_mixin.py:137} INFO - [2023-04-16T18:24:25.096+0000] {dag.py:3456} INFO - Setting next_dagrun for example_xcom to 2021-01-01T00:00:00+00:00, run_after=2021-01-01T00:00:00+00:00
[2023-04-16T18:24:25.121+0000] {processor.py:175} INFO - Processing /home/airflow/.local/lib/python3.7/site-packages/airflow/example_dags/example_xcom.py took 0.139 seconds
[2023-04-16T18:24:55.252+0000] {processor.py:153} INFO - Started process (PID=2581) to work on /home/airflow/.local/lib/python3.7/site-packages/airflow/example_dags/example_xcom.py
[2023-04-16T18:24:55.253+0000] {processor.py:743} INFO - Processing file /home/airflow/.local/lib/python3.7/site-packages/airflow/example_dags/example_xcom.py for tasks to queue
[2023-04-16T18:24:55.254+0000] {logging_mixin.py:137} INFO - [2023-04-16T18:24:55.254+0000] {dagbag.py:532} INFO - Filling up the DagBag from /home/airflow/.local/lib/python3.7/site-packages/airflow/example_dags/example_xcom.py
[2023-04-16T18:24:55.287+0000] {processor.py:753} INFO - DAG(s) dict_keys(['example_xcom']) retrieved from /home/airflow/.local/lib/python3.7/site-packages/airflow/example_dags/example_xcom.py
[2023-04-16T18:24:55.326+0000] {logging_mixin.py:137} INFO - [2023-04-16T18:24:55.326+0000] {dag.py:2705} INFO - Sync 1 DAGs
[2023-04-16T18:24:55.365+0000] {logging_mixin.py:137} INFO - [2023-04-16T18:24:55.364+0000] {dag.py:3456} INFO - Setting next_dagrun for example_xcom to 2021-01-01T00:00:00+00:00, run_after=2021-01-01T00:00:00+00:00
[2023-04-16T18:24:55.397+0000] {processor.py:175} INFO - Processing /home/airflow/.local/lib/python3.7/site-packages/airflow/example_dags/example_xcom.py took 0.152 seconds
[2023-04-16T18:25:25.945+0000] {processor.py:153} INFO - Started process (PID=2630) to work on /home/airflow/.local/lib/python3.7/site-packages/airflow/example_dags/example_xcom.py
[2023-04-16T18:25:25.946+0000] {processor.py:743} INFO - Processing file /home/airflow/.local/lib/python3.7/site-packages/airflow/example_dags/example_xcom.py for tasks to queue
[2023-04-16T18:25:25.947+0000] {logging_mixin.py:137} INFO - [2023-04-16T18:25:25.947+0000] {dagbag.py:532} INFO - Filling up the DagBag from /home/airflow/.local/lib/python3.7/site-packages/airflow/example_dags/example_xcom.py
[2023-04-16T18:25:25.988+0000] {processor.py:753} INFO - DAG(s) dict_keys(['example_xcom']) retrieved from /home/airflow/.local/lib/python3.7/site-packages/airflow/example_dags/example_xcom.py
[2023-04-16T18:25:26.032+0000] {logging_mixin.py:137} INFO - [2023-04-16T18:25:26.032+0000] {dag.py:2705} INFO - Sync 1 DAGs
[2023-04-16T18:25:26.069+0000] {logging_mixin.py:137} INFO - [2023-04-16T18:25:26.068+0000] {dag.py:3456} INFO - Setting next_dagrun for example_xcom to 2021-01-01T00:00:00+00:00, run_after=2021-01-01T00:00:00+00:00
[2023-04-16T18:25:26.095+0000] {processor.py:175} INFO - Processing /home/airflow/.local/lib/python3.7/site-packages/airflow/example_dags/example_xcom.py took 0.155 seconds
[2023-04-16T18:25:56.679+0000] {processor.py:153} INFO - Started process (PID=2681) to work on /home/airflow/.local/lib/python3.7/site-packages/airflow/example_dags/example_xcom.py
[2023-04-16T18:25:56.681+0000] {processor.py:743} INFO - Processing file /home/airflow/.local/lib/python3.7/site-packages/airflow/example_dags/example_xcom.py for tasks to queue
[2023-04-16T18:25:56.681+0000] {logging_mixin.py:137} INFO - [2023-04-16T18:25:56.681+0000] {dagbag.py:532} INFO - Filling up the DagBag from /home/airflow/.local/lib/python3.7/site-packages/airflow/example_dags/example_xcom.py
[2023-04-16T18:25:56.717+0000] {processor.py:753} INFO - DAG(s) dict_keys(['example_xcom']) retrieved from /home/airflow/.local/lib/python3.7/site-packages/airflow/example_dags/example_xcom.py
[2023-04-16T18:25:56.755+0000] {logging_mixin.py:137} INFO - [2023-04-16T18:25:56.754+0000] {dag.py:2705} INFO - Sync 1 DAGs
[2023-04-16T18:25:56.804+0000] {logging_mixin.py:137} INFO - [2023-04-16T18:25:56.804+0000] {dag.py:3456} INFO - Setting next_dagrun for example_xcom to 2021-01-01T00:00:00+00:00, run_after=2021-01-01T00:00:00+00:00
[2023-04-16T18:25:56.831+0000] {processor.py:175} INFO - Processing /home/airflow/.local/lib/python3.7/site-packages/airflow/example_dags/example_xcom.py took 0.157 seconds
[2023-04-16T18:26:27.430+0000] {processor.py:153} INFO - Started process (PID=2730) to work on /home/airflow/.local/lib/python3.7/site-packages/airflow/example_dags/example_xcom.py
[2023-04-16T18:26:27.431+0000] {processor.py:743} INFO - Processing file /home/airflow/.local/lib/python3.7/site-packages/airflow/example_dags/example_xcom.py for tasks to queue
[2023-04-16T18:26:27.432+0000] {logging_mixin.py:137} INFO - [2023-04-16T18:26:27.431+0000] {dagbag.py:532} INFO - Filling up the DagBag from /home/airflow/.local/lib/python3.7/site-packages/airflow/example_dags/example_xcom.py
[2023-04-16T18:26:27.481+0000] {processor.py:753} INFO - DAG(s) dict_keys(['example_xcom']) retrieved from /home/airflow/.local/lib/python3.7/site-packages/airflow/example_dags/example_xcom.py
[2023-04-16T18:26:27.520+0000] {logging_mixin.py:137} INFO - [2023-04-16T18:26:27.520+0000] {dag.py:2705} INFO - Sync 1 DAGs
[2023-04-16T18:26:27.565+0000] {logging_mixin.py:137} INFO - [2023-04-16T18:26:27.564+0000] {dag.py:3456} INFO - Setting next_dagrun for example_xcom to 2021-01-01T00:00:00+00:00, run_after=2021-01-01T00:00:00+00:00
[2023-04-16T18:26:27.593+0000] {processor.py:175} INFO - Processing /home/airflow/.local/lib/python3.7/site-packages/airflow/example_dags/example_xcom.py took 0.169 seconds
[2023-04-16T18:26:58.116+0000] {processor.py:153} INFO - Started process (PID=2780) to work on /home/airflow/.local/lib/python3.7/site-packages/airflow/example_dags/example_xcom.py
[2023-04-16T18:26:58.117+0000] {processor.py:743} INFO - Processing file /home/airflow/.local/lib/python3.7/site-packages/airflow/example_dags/example_xcom.py for tasks to queue
[2023-04-16T18:26:58.118+0000] {logging_mixin.py:137} INFO - [2023-04-16T18:26:58.118+0000] {dagbag.py:532} INFO - Filling up the DagBag from /home/airflow/.local/lib/python3.7/site-packages/airflow/example_dags/example_xcom.py
[2023-04-16T18:26:58.152+0000] {processor.py:753} INFO - DAG(s) dict_keys(['example_xcom']) retrieved from /home/airflow/.local/lib/python3.7/site-packages/airflow/example_dags/example_xcom.py
[2023-04-16T18:26:58.191+0000] {logging_mixin.py:137} INFO - [2023-04-16T18:26:58.191+0000] {dag.py:2705} INFO - Sync 1 DAGs
[2023-04-16T18:26:58.227+0000] {logging_mixin.py:137} INFO - [2023-04-16T18:26:58.227+0000] {dag.py:3456} INFO - Setting next_dagrun for example_xcom to 2021-01-01T00:00:00+00:00, run_after=2021-01-01T00:00:00+00:00
[2023-04-16T18:26:58.251+0000] {processor.py:175} INFO - Processing /home/airflow/.local/lib/python3.7/site-packages/airflow/example_dags/example_xcom.py took 0.140 seconds
[2023-04-16T18:27:28.855+0000] {processor.py:153} INFO - Started process (PID=2830) to work on /home/airflow/.local/lib/python3.7/site-packages/airflow/example_dags/example_xcom.py
[2023-04-16T18:27:28.857+0000] {processor.py:743} INFO - Processing file /home/airflow/.local/lib/python3.7/site-packages/airflow/example_dags/example_xcom.py for tasks to queue
[2023-04-16T18:27:28.858+0000] {logging_mixin.py:137} INFO - [2023-04-16T18:27:28.858+0000] {dagbag.py:532} INFO - Filling up the DagBag from /home/airflow/.local/lib/python3.7/site-packages/airflow/example_dags/example_xcom.py
[2023-04-16T18:27:28.906+0000] {processor.py:753} INFO - DAG(s) dict_keys(['example_xcom']) retrieved from /home/airflow/.local/lib/python3.7/site-packages/airflow/example_dags/example_xcom.py
[2023-04-16T18:27:28.954+0000] {logging_mixin.py:137} INFO - [2023-04-16T18:27:28.954+0000] {dag.py:2705} INFO - Sync 1 DAGs
[2023-04-16T18:27:28.989+0000] {logging_mixin.py:137} INFO - [2023-04-16T18:27:28.989+0000] {dag.py:3456} INFO - Setting next_dagrun for example_xcom to 2021-01-01T00:00:00+00:00, run_after=2021-01-01T00:00:00+00:00
[2023-04-16T18:27:29.014+0000] {processor.py:175} INFO - Processing /home/airflow/.local/lib/python3.7/site-packages/airflow/example_dags/example_xcom.py took 0.165 seconds
[2023-04-16T18:27:59.447+0000] {processor.py:153} INFO - Started process (PID=2881) to work on /home/airflow/.local/lib/python3.7/site-packages/airflow/example_dags/example_xcom.py
[2023-04-16T18:27:59.448+0000] {processor.py:743} INFO - Processing file /home/airflow/.local/lib/python3.7/site-packages/airflow/example_dags/example_xcom.py for tasks to queue
[2023-04-16T18:27:59.449+0000] {logging_mixin.py:137} INFO - [2023-04-16T18:27:59.448+0000] {dagbag.py:532} INFO - Filling up the DagBag from /home/airflow/.local/lib/python3.7/site-packages/airflow/example_dags/example_xcom.py
[2023-04-16T18:27:59.483+0000] {processor.py:753} INFO - DAG(s) dict_keys(['example_xcom']) retrieved from /home/airflow/.local/lib/python3.7/site-packages/airflow/example_dags/example_xcom.py
[2023-04-16T18:27:59.524+0000] {logging_mixin.py:137} INFO - [2023-04-16T18:27:59.524+0000] {dag.py:2705} INFO - Sync 1 DAGs
[2023-04-16T18:27:59.561+0000] {logging_mixin.py:137} INFO - [2023-04-16T18:27:59.560+0000] {dag.py:3456} INFO - Setting next_dagrun for example_xcom to 2021-01-01T00:00:00+00:00, run_after=2021-01-01T00:00:00+00:00
[2023-04-16T18:27:59.590+0000] {processor.py:175} INFO - Processing /home/airflow/.local/lib/python3.7/site-packages/airflow/example_dags/example_xcom.py took 0.149 seconds
[2023-04-16T18:28:30.114+0000] {processor.py:153} INFO - Started process (PID=2931) to work on /home/airflow/.local/lib/python3.7/site-packages/airflow/example_dags/example_xcom.py
[2023-04-16T18:28:30.115+0000] {processor.py:743} INFO - Processing file /home/airflow/.local/lib/python3.7/site-packages/airflow/example_dags/example_xcom.py for tasks to queue
[2023-04-16T18:28:30.116+0000] {logging_mixin.py:137} INFO - [2023-04-16T18:28:30.116+0000] {dagbag.py:532} INFO - Filling up the DagBag from /home/airflow/.local/lib/python3.7/site-packages/airflow/example_dags/example_xcom.py
[2023-04-16T18:28:30.150+0000] {processor.py:753} INFO - DAG(s) dict_keys(['example_xcom']) retrieved from /home/airflow/.local/lib/python3.7/site-packages/airflow/example_dags/example_xcom.py
[2023-04-16T18:28:30.191+0000] {logging_mixin.py:137} INFO - [2023-04-16T18:28:30.191+0000] {dag.py:2705} INFO - Sync 1 DAGs
[2023-04-16T18:28:30.233+0000] {logging_mixin.py:137} INFO - [2023-04-16T18:28:30.233+0000] {dag.py:3456} INFO - Setting next_dagrun for example_xcom to 2021-01-01T00:00:00+00:00, run_after=2021-01-01T00:00:00+00:00
[2023-04-16T18:28:30.259+0000] {processor.py:175} INFO - Processing /home/airflow/.local/lib/python3.7/site-packages/airflow/example_dags/example_xcom.py took 0.151 seconds
[2023-04-16T18:29:00.856+0000] {processor.py:153} INFO - Started process (PID=2981) to work on /home/airflow/.local/lib/python3.7/site-packages/airflow/example_dags/example_xcom.py
[2023-04-16T18:29:00.858+0000] {processor.py:743} INFO - Processing file /home/airflow/.local/lib/python3.7/site-packages/airflow/example_dags/example_xcom.py for tasks to queue
[2023-04-16T18:29:00.859+0000] {logging_mixin.py:137} INFO - [2023-04-16T18:29:00.859+0000] {dagbag.py:532} INFO - Filling up the DagBag from /home/airflow/.local/lib/python3.7/site-packages/airflow/example_dags/example_xcom.py
[2023-04-16T18:29:00.892+0000] {processor.py:753} INFO - DAG(s) dict_keys(['example_xcom']) retrieved from /home/airflow/.local/lib/python3.7/site-packages/airflow/example_dags/example_xcom.py
[2023-04-16T18:29:00.932+0000] {logging_mixin.py:137} INFO - [2023-04-16T18:29:00.931+0000] {dag.py:2705} INFO - Sync 1 DAGs
[2023-04-16T18:29:00.968+0000] {logging_mixin.py:137} INFO - [2023-04-16T18:29:00.968+0000] {dag.py:3456} INFO - Setting next_dagrun for example_xcom to 2021-01-01T00:00:00+00:00, run_after=2021-01-01T00:00:00+00:00
[2023-04-16T18:29:00.992+0000] {processor.py:175} INFO - Processing /home/airflow/.local/lib/python3.7/site-packages/airflow/example_dags/example_xcom.py took 0.141 seconds
[2023-04-16T18:29:31.495+0000] {processor.py:153} INFO - Started process (PID=3032) to work on /home/airflow/.local/lib/python3.7/site-packages/airflow/example_dags/example_xcom.py
[2023-04-16T18:29:31.496+0000] {processor.py:743} INFO - Processing file /home/airflow/.local/lib/python3.7/site-packages/airflow/example_dags/example_xcom.py for tasks to queue
[2023-04-16T18:29:31.497+0000] {logging_mixin.py:137} INFO - [2023-04-16T18:29:31.497+0000] {dagbag.py:532} INFO - Filling up the DagBag from /home/airflow/.local/lib/python3.7/site-packages/airflow/example_dags/example_xcom.py
[2023-04-16T18:29:31.532+0000] {processor.py:753} INFO - DAG(s) dict_keys(['example_xcom']) retrieved from /home/airflow/.local/lib/python3.7/site-packages/airflow/example_dags/example_xcom.py
[2023-04-16T18:29:31.570+0000] {logging_mixin.py:137} INFO - [2023-04-16T18:29:31.570+0000] {dag.py:2705} INFO - Sync 1 DAGs
[2023-04-16T18:29:31.605+0000] {logging_mixin.py:137} INFO - [2023-04-16T18:29:31.605+0000] {dag.py:3456} INFO - Setting next_dagrun for example_xcom to 2021-01-01T00:00:00+00:00, run_after=2021-01-01T00:00:00+00:00
[2023-04-16T18:29:31.633+0000] {processor.py:175} INFO - Processing /home/airflow/.local/lib/python3.7/site-packages/airflow/example_dags/example_xcom.py took 0.143 seconds
[2023-04-16T18:30:02.138+0000] {processor.py:153} INFO - Started process (PID=3083) to work on /home/airflow/.local/lib/python3.7/site-packages/airflow/example_dags/example_xcom.py
[2023-04-16T18:30:02.139+0000] {processor.py:743} INFO - Processing file /home/airflow/.local/lib/python3.7/site-packages/airflow/example_dags/example_xcom.py for tasks to queue
[2023-04-16T18:30:02.140+0000] {logging_mixin.py:137} INFO - [2023-04-16T18:30:02.140+0000] {dagbag.py:532} INFO - Filling up the DagBag from /home/airflow/.local/lib/python3.7/site-packages/airflow/example_dags/example_xcom.py
[2023-04-16T18:30:02.184+0000] {processor.py:753} INFO - DAG(s) dict_keys(['example_xcom']) retrieved from /home/airflow/.local/lib/python3.7/site-packages/airflow/example_dags/example_xcom.py
[2023-04-16T18:30:02.225+0000] {logging_mixin.py:137} INFO - [2023-04-16T18:30:02.225+0000] {dag.py:2705} INFO - Sync 1 DAGs
[2023-04-16T18:30:02.261+0000] {logging_mixin.py:137} INFO - [2023-04-16T18:30:02.261+0000] {dag.py:3456} INFO - Setting next_dagrun for example_xcom to 2021-01-01T00:00:00+00:00, run_after=2021-01-01T00:00:00+00:00
[2023-04-16T18:30:02.286+0000] {processor.py:175} INFO - Processing /home/airflow/.local/lib/python3.7/site-packages/airflow/example_dags/example_xcom.py took 0.154 seconds
[2023-04-16T18:30:32.942+0000] {processor.py:153} INFO - Started process (PID=3133) to work on /home/airflow/.local/lib/python3.7/site-packages/airflow/example_dags/example_xcom.py
[2023-04-16T18:30:32.943+0000] {processor.py:743} INFO - Processing file /home/airflow/.local/lib/python3.7/site-packages/airflow/example_dags/example_xcom.py for tasks to queue
[2023-04-16T18:30:32.944+0000] {logging_mixin.py:137} INFO - [2023-04-16T18:30:32.944+0000] {dagbag.py:532} INFO - Filling up the DagBag from /home/airflow/.local/lib/python3.7/site-packages/airflow/example_dags/example_xcom.py
[2023-04-16T18:30:32.987+0000] {processor.py:753} INFO - DAG(s) dict_keys(['example_xcom']) retrieved from /home/airflow/.local/lib/python3.7/site-packages/airflow/example_dags/example_xcom.py
[2023-04-16T18:30:33.027+0000] {logging_mixin.py:137} INFO - [2023-04-16T18:30:33.027+0000] {dag.py:2705} INFO - Sync 1 DAGs
[2023-04-16T18:30:33.067+0000] {logging_mixin.py:137} INFO - [2023-04-16T18:30:33.067+0000] {dag.py:3456} INFO - Setting next_dagrun for example_xcom to 2021-01-01T00:00:00+00:00, run_after=2021-01-01T00:00:00+00:00
[2023-04-16T18:30:33.094+0000] {processor.py:175} INFO - Processing /home/airflow/.local/lib/python3.7/site-packages/airflow/example_dags/example_xcom.py took 0.157 seconds
