[2023-04-16T17:59:20.458+0000] {processor.py:153} INFO - Started process (PID=47) to work on /home/airflow/.local/lib/python3.7/site-packages/airflow/example_dags/example_bash_operator.py
[2023-04-16T17:59:20.460+0000] {processor.py:743} INFO - Processing file /home/airflow/.local/lib/python3.7/site-packages/airflow/example_dags/example_bash_operator.py for tasks to queue
[2023-04-16T17:59:20.461+0000] {logging_mixin.py:137} INFO - [2023-04-16T17:59:20.461+0000] {dagbag.py:532} INFO - Filling up the DagBag from /home/airflow/.local/lib/python3.7/site-packages/airflow/example_dags/example_bash_operator.py
[2023-04-16T17:59:20.517+0000] {processor.py:753} INFO - DAG(s) dict_keys(['example_bash_operator']) retrieved from /home/airflow/.local/lib/python3.7/site-packages/airflow/example_dags/example_bash_operator.py
[2023-04-16T17:59:20.617+0000] {logging_mixin.py:137} INFO - [2023-04-16T17:59:20.617+0000] {dag.py:2705} INFO - Sync 1 DAGs
[2023-04-16T17:59:20.724+0000] {logging_mixin.py:137} INFO - [2023-04-16T17:59:20.723+0000] {dag.py:3456} INFO - Setting next_dagrun for example_bash_operator to 2023-04-15T00:00:00+00:00, run_after=2023-04-16T00:00:00+00:00
[2023-04-16T17:59:20.759+0000] {processor.py:175} INFO - Processing /home/airflow/.local/lib/python3.7/site-packages/airflow/example_dags/example_bash_operator.py took 0.309 seconds
[2023-04-16T17:59:51.399+0000] {processor.py:153} INFO - Started process (PID=97) to work on /home/airflow/.local/lib/python3.7/site-packages/airflow/example_dags/example_bash_operator.py
[2023-04-16T17:59:51.401+0000] {processor.py:743} INFO - Processing file /home/airflow/.local/lib/python3.7/site-packages/airflow/example_dags/example_bash_operator.py for tasks to queue
[2023-04-16T17:59:51.401+0000] {logging_mixin.py:137} INFO - [2023-04-16T17:59:51.401+0000] {dagbag.py:532} INFO - Filling up the DagBag from /home/airflow/.local/lib/python3.7/site-packages/airflow/example_dags/example_bash_operator.py
[2023-04-16T17:59:51.434+0000] {processor.py:753} INFO - DAG(s) dict_keys(['example_bash_operator']) retrieved from /home/airflow/.local/lib/python3.7/site-packages/airflow/example_dags/example_bash_operator.py
[2023-04-16T17:59:51.491+0000] {logging_mixin.py:137} INFO - [2023-04-16T17:59:51.491+0000] {dag.py:2705} INFO - Sync 1 DAGs
[2023-04-16T17:59:51.533+0000] {logging_mixin.py:137} INFO - [2023-04-16T17:59:51.533+0000] {dag.py:3456} INFO - Setting next_dagrun for example_bash_operator to 2023-04-15T00:00:00+00:00, run_after=2023-04-16T00:00:00+00:00
[2023-04-16T17:59:51.564+0000] {processor.py:175} INFO - Processing /home/airflow/.local/lib/python3.7/site-packages/airflow/example_dags/example_bash_operator.py took 0.170 seconds
[2023-04-16T18:00:21.810+0000] {processor.py:153} INFO - Started process (PID=148) to work on /home/airflow/.local/lib/python3.7/site-packages/airflow/example_dags/example_bash_operator.py
[2023-04-16T18:00:21.811+0000] {processor.py:743} INFO - Processing file /home/airflow/.local/lib/python3.7/site-packages/airflow/example_dags/example_bash_operator.py for tasks to queue
[2023-04-16T18:00:21.812+0000] {logging_mixin.py:137} INFO - [2023-04-16T18:00:21.812+0000] {dagbag.py:532} INFO - Filling up the DagBag from /home/airflow/.local/lib/python3.7/site-packages/airflow/example_dags/example_bash_operator.py
[2023-04-16T18:00:21.845+0000] {processor.py:753} INFO - DAG(s) dict_keys(['example_bash_operator']) retrieved from /home/airflow/.local/lib/python3.7/site-packages/airflow/example_dags/example_bash_operator.py
[2023-04-16T18:00:21.902+0000] {logging_mixin.py:137} INFO - [2023-04-16T18:00:21.901+0000] {dag.py:2705} INFO - Sync 1 DAGs
[2023-04-16T18:00:21.941+0000] {logging_mixin.py:137} INFO - [2023-04-16T18:00:21.941+0000] {dag.py:3456} INFO - Setting next_dagrun for example_bash_operator to 2023-04-15T00:00:00+00:00, run_after=2023-04-16T00:00:00+00:00
[2023-04-16T18:00:21.970+0000] {processor.py:175} INFO - Processing /home/airflow/.local/lib/python3.7/site-packages/airflow/example_dags/example_bash_operator.py took 0.165 seconds
[2023-04-16T18:00:52.100+0000] {processor.py:153} INFO - Started process (PID=198) to work on /home/airflow/.local/lib/python3.7/site-packages/airflow/example_dags/example_bash_operator.py
[2023-04-16T18:00:52.102+0000] {processor.py:743} INFO - Processing file /home/airflow/.local/lib/python3.7/site-packages/airflow/example_dags/example_bash_operator.py for tasks to queue
[2023-04-16T18:00:52.103+0000] {logging_mixin.py:137} INFO - [2023-04-16T18:00:52.103+0000] {dagbag.py:532} INFO - Filling up the DagBag from /home/airflow/.local/lib/python3.7/site-packages/airflow/example_dags/example_bash_operator.py
[2023-04-16T18:00:52.135+0000] {processor.py:753} INFO - DAG(s) dict_keys(['example_bash_operator']) retrieved from /home/airflow/.local/lib/python3.7/site-packages/airflow/example_dags/example_bash_operator.py
[2023-04-16T18:00:52.196+0000] {logging_mixin.py:137} INFO - [2023-04-16T18:00:52.196+0000] {dag.py:2705} INFO - Sync 1 DAGs
[2023-04-16T18:00:52.234+0000] {logging_mixin.py:137} INFO - [2023-04-16T18:00:52.234+0000] {dag.py:3456} INFO - Setting next_dagrun for example_bash_operator to 2023-04-15T00:00:00+00:00, run_after=2023-04-16T00:00:00+00:00
[2023-04-16T18:00:52.261+0000] {processor.py:175} INFO - Processing /home/airflow/.local/lib/python3.7/site-packages/airflow/example_dags/example_bash_operator.py took 0.166 seconds
[2023-04-16T18:01:22.367+0000] {processor.py:153} INFO - Started process (PID=248) to work on /home/airflow/.local/lib/python3.7/site-packages/airflow/example_dags/example_bash_operator.py
[2023-04-16T18:01:22.368+0000] {processor.py:743} INFO - Processing file /home/airflow/.local/lib/python3.7/site-packages/airflow/example_dags/example_bash_operator.py for tasks to queue
[2023-04-16T18:01:22.369+0000] {logging_mixin.py:137} INFO - [2023-04-16T18:01:22.369+0000] {dagbag.py:532} INFO - Filling up the DagBag from /home/airflow/.local/lib/python3.7/site-packages/airflow/example_dags/example_bash_operator.py
[2023-04-16T18:01:22.401+0000] {processor.py:753} INFO - DAG(s) dict_keys(['example_bash_operator']) retrieved from /home/airflow/.local/lib/python3.7/site-packages/airflow/example_dags/example_bash_operator.py
[2023-04-16T18:01:22.467+0000] {logging_mixin.py:137} INFO - [2023-04-16T18:01:22.467+0000] {dag.py:2705} INFO - Sync 1 DAGs
[2023-04-16T18:01:22.507+0000] {logging_mixin.py:137} INFO - [2023-04-16T18:01:22.507+0000] {dag.py:3456} INFO - Setting next_dagrun for example_bash_operator to 2023-04-15T00:00:00+00:00, run_after=2023-04-16T00:00:00+00:00
[2023-04-16T18:01:22.531+0000] {processor.py:175} INFO - Processing /home/airflow/.local/lib/python3.7/site-packages/airflow/example_dags/example_bash_operator.py took 0.169 seconds
[2023-04-16T18:01:52.579+0000] {processor.py:153} INFO - Started process (PID=298) to work on /home/airflow/.local/lib/python3.7/site-packages/airflow/example_dags/example_bash_operator.py
[2023-04-16T18:01:52.581+0000] {processor.py:743} INFO - Processing file /home/airflow/.local/lib/python3.7/site-packages/airflow/example_dags/example_bash_operator.py for tasks to queue
[2023-04-16T18:01:52.581+0000] {logging_mixin.py:137} INFO - [2023-04-16T18:01:52.581+0000] {dagbag.py:532} INFO - Filling up the DagBag from /home/airflow/.local/lib/python3.7/site-packages/airflow/example_dags/example_bash_operator.py
[2023-04-16T18:01:52.615+0000] {processor.py:753} INFO - DAG(s) dict_keys(['example_bash_operator']) retrieved from /home/airflow/.local/lib/python3.7/site-packages/airflow/example_dags/example_bash_operator.py
[2023-04-16T18:01:52.673+0000] {logging_mixin.py:137} INFO - [2023-04-16T18:01:52.673+0000] {dag.py:2705} INFO - Sync 1 DAGs
[2023-04-16T18:01:52.713+0000] {logging_mixin.py:137} INFO - [2023-04-16T18:01:52.713+0000] {dag.py:3456} INFO - Setting next_dagrun for example_bash_operator to 2023-04-15T00:00:00+00:00, run_after=2023-04-16T00:00:00+00:00
[2023-04-16T18:01:52.754+0000] {processor.py:175} INFO - Processing /home/airflow/.local/lib/python3.7/site-packages/airflow/example_dags/example_bash_operator.py took 0.180 seconds
[2023-04-16T18:02:22.979+0000] {processor.py:153} INFO - Started process (PID=349) to work on /home/airflow/.local/lib/python3.7/site-packages/airflow/example_dags/example_bash_operator.py
[2023-04-16T18:02:22.981+0000] {processor.py:743} INFO - Processing file /home/airflow/.local/lib/python3.7/site-packages/airflow/example_dags/example_bash_operator.py for tasks to queue
[2023-04-16T18:02:22.981+0000] {logging_mixin.py:137} INFO - [2023-04-16T18:02:22.981+0000] {dagbag.py:532} INFO - Filling up the DagBag from /home/airflow/.local/lib/python3.7/site-packages/airflow/example_dags/example_bash_operator.py
[2023-04-16T18:02:23.012+0000] {processor.py:753} INFO - DAG(s) dict_keys(['example_bash_operator']) retrieved from /home/airflow/.local/lib/python3.7/site-packages/airflow/example_dags/example_bash_operator.py
[2023-04-16T18:02:23.070+0000] {logging_mixin.py:137} INFO - [2023-04-16T18:02:23.070+0000] {dag.py:2705} INFO - Sync 1 DAGs
[2023-04-16T18:02:23.109+0000] {logging_mixin.py:137} INFO - [2023-04-16T18:02:23.109+0000] {dag.py:3456} INFO - Setting next_dagrun for example_bash_operator to 2023-04-15T00:00:00+00:00, run_after=2023-04-16T00:00:00+00:00
[2023-04-16T18:02:23.139+0000] {processor.py:175} INFO - Processing /home/airflow/.local/lib/python3.7/site-packages/airflow/example_dags/example_bash_operator.py took 0.166 seconds
[2023-04-16T18:02:53.952+0000] {processor.py:153} INFO - Started process (PID=400) to work on /home/airflow/.local/lib/python3.7/site-packages/airflow/example_dags/example_bash_operator.py
[2023-04-16T18:02:53.953+0000] {processor.py:743} INFO - Processing file /home/airflow/.local/lib/python3.7/site-packages/airflow/example_dags/example_bash_operator.py for tasks to queue
[2023-04-16T18:02:53.954+0000] {logging_mixin.py:137} INFO - [2023-04-16T18:02:53.954+0000] {dagbag.py:532} INFO - Filling up the DagBag from /home/airflow/.local/lib/python3.7/site-packages/airflow/example_dags/example_bash_operator.py
[2023-04-16T18:02:53.993+0000] {processor.py:753} INFO - DAG(s) dict_keys(['example_bash_operator']) retrieved from /home/airflow/.local/lib/python3.7/site-packages/airflow/example_dags/example_bash_operator.py
[2023-04-16T18:02:54.049+0000] {logging_mixin.py:137} INFO - [2023-04-16T18:02:54.049+0000] {dag.py:2705} INFO - Sync 1 DAGs
[2023-04-16T18:02:54.088+0000] {logging_mixin.py:137} INFO - [2023-04-16T18:02:54.088+0000] {dag.py:3456} INFO - Setting next_dagrun for example_bash_operator to 2023-04-15T00:00:00+00:00, run_after=2023-04-16T00:00:00+00:00
[2023-04-16T18:02:54.118+0000] {processor.py:175} INFO - Processing /home/airflow/.local/lib/python3.7/site-packages/airflow/example_dags/example_bash_operator.py took 0.171 seconds
[2023-04-16T18:03:24.645+0000] {processor.py:153} INFO - Started process (PID=450) to work on /home/airflow/.local/lib/python3.7/site-packages/airflow/example_dags/example_bash_operator.py
[2023-04-16T18:03:24.647+0000] {processor.py:743} INFO - Processing file /home/airflow/.local/lib/python3.7/site-packages/airflow/example_dags/example_bash_operator.py for tasks to queue
[2023-04-16T18:03:24.648+0000] {logging_mixin.py:137} INFO - [2023-04-16T18:03:24.648+0000] {dagbag.py:532} INFO - Filling up the DagBag from /home/airflow/.local/lib/python3.7/site-packages/airflow/example_dags/example_bash_operator.py
[2023-04-16T18:03:24.687+0000] {processor.py:753} INFO - DAG(s) dict_keys(['example_bash_operator']) retrieved from /home/airflow/.local/lib/python3.7/site-packages/airflow/example_dags/example_bash_operator.py
[2023-04-16T18:03:24.770+0000] {logging_mixin.py:137} INFO - [2023-04-16T18:03:24.770+0000] {dag.py:2705} INFO - Sync 1 DAGs
[2023-04-16T18:03:24.809+0000] {logging_mixin.py:137} INFO - [2023-04-16T18:03:24.808+0000] {dag.py:3456} INFO - Setting next_dagrun for example_bash_operator to 2023-04-15T00:00:00+00:00, run_after=2023-04-16T00:00:00+00:00
[2023-04-16T18:03:24.835+0000] {processor.py:175} INFO - Processing /home/airflow/.local/lib/python3.7/site-packages/airflow/example_dags/example_bash_operator.py took 0.195 seconds
[2023-04-16T18:03:54.945+0000] {processor.py:153} INFO - Started process (PID=499) to work on /home/airflow/.local/lib/python3.7/site-packages/airflow/example_dags/example_bash_operator.py
[2023-04-16T18:03:54.946+0000] {processor.py:743} INFO - Processing file /home/airflow/.local/lib/python3.7/site-packages/airflow/example_dags/example_bash_operator.py for tasks to queue
[2023-04-16T18:03:54.947+0000] {logging_mixin.py:137} INFO - [2023-04-16T18:03:54.947+0000] {dagbag.py:532} INFO - Filling up the DagBag from /home/airflow/.local/lib/python3.7/site-packages/airflow/example_dags/example_bash_operator.py
[2023-04-16T18:03:54.988+0000] {processor.py:753} INFO - DAG(s) dict_keys(['example_bash_operator']) retrieved from /home/airflow/.local/lib/python3.7/site-packages/airflow/example_dags/example_bash_operator.py
[2023-04-16T18:03:55.045+0000] {logging_mixin.py:137} INFO - [2023-04-16T18:03:55.045+0000] {dag.py:2705} INFO - Sync 1 DAGs
[2023-04-16T18:03:55.086+0000] {logging_mixin.py:137} INFO - [2023-04-16T18:03:55.086+0000] {dag.py:3456} INFO - Setting next_dagrun for example_bash_operator to 2023-04-15T00:00:00+00:00, run_after=2023-04-16T00:00:00+00:00
[2023-04-16T18:03:55.116+0000] {processor.py:175} INFO - Processing /home/airflow/.local/lib/python3.7/site-packages/airflow/example_dags/example_bash_operator.py took 0.177 seconds
[2023-04-16T18:04:25.248+0000] {processor.py:153} INFO - Started process (PID=549) to work on /home/airflow/.local/lib/python3.7/site-packages/airflow/example_dags/example_bash_operator.py
[2023-04-16T18:04:25.250+0000] {processor.py:743} INFO - Processing file /home/airflow/.local/lib/python3.7/site-packages/airflow/example_dags/example_bash_operator.py for tasks to queue
[2023-04-16T18:04:25.251+0000] {logging_mixin.py:137} INFO - [2023-04-16T18:04:25.251+0000] {dagbag.py:532} INFO - Filling up the DagBag from /home/airflow/.local/lib/python3.7/site-packages/airflow/example_dags/example_bash_operator.py
[2023-04-16T18:04:25.285+0000] {processor.py:753} INFO - DAG(s) dict_keys(['example_bash_operator']) retrieved from /home/airflow/.local/lib/python3.7/site-packages/airflow/example_dags/example_bash_operator.py
[2023-04-16T18:04:25.347+0000] {logging_mixin.py:137} INFO - [2023-04-16T18:04:25.346+0000] {dag.py:2705} INFO - Sync 1 DAGs
[2023-04-16T18:04:25.390+0000] {logging_mixin.py:137} INFO - [2023-04-16T18:04:25.390+0000] {dag.py:3456} INFO - Setting next_dagrun for example_bash_operator to 2023-04-15T00:00:00+00:00, run_after=2023-04-16T00:00:00+00:00
[2023-04-16T18:04:25.423+0000] {processor.py:175} INFO - Processing /home/airflow/.local/lib/python3.7/site-packages/airflow/example_dags/example_bash_operator.py took 0.181 seconds
[2023-04-16T18:04:55.564+0000] {processor.py:153} INFO - Started process (PID=598) to work on /home/airflow/.local/lib/python3.7/site-packages/airflow/example_dags/example_bash_operator.py
[2023-04-16T18:04:55.566+0000] {processor.py:743} INFO - Processing file /home/airflow/.local/lib/python3.7/site-packages/airflow/example_dags/example_bash_operator.py for tasks to queue
[2023-04-16T18:04:55.567+0000] {logging_mixin.py:137} INFO - [2023-04-16T18:04:55.567+0000] {dagbag.py:532} INFO - Filling up the DagBag from /home/airflow/.local/lib/python3.7/site-packages/airflow/example_dags/example_bash_operator.py
[2023-04-16T18:04:55.609+0000] {processor.py:753} INFO - DAG(s) dict_keys(['example_bash_operator']) retrieved from /home/airflow/.local/lib/python3.7/site-packages/airflow/example_dags/example_bash_operator.py
[2023-04-16T18:04:55.686+0000] {logging_mixin.py:137} INFO - [2023-04-16T18:04:55.685+0000] {dag.py:2705} INFO - Sync 1 DAGs
[2023-04-16T18:04:55.734+0000] {logging_mixin.py:137} INFO - [2023-04-16T18:04:55.734+0000] {dag.py:3456} INFO - Setting next_dagrun for example_bash_operator to 2023-04-15T00:00:00+00:00, run_after=2023-04-16T00:00:00+00:00
[2023-04-16T18:04:55.759+0000] {processor.py:175} INFO - Processing /home/airflow/.local/lib/python3.7/site-packages/airflow/example_dags/example_bash_operator.py took 0.200 seconds
[2023-04-16T18:05:25.841+0000] {processor.py:153} INFO - Started process (PID=648) to work on /home/airflow/.local/lib/python3.7/site-packages/airflow/example_dags/example_bash_operator.py
[2023-04-16T18:05:25.843+0000] {processor.py:743} INFO - Processing file /home/airflow/.local/lib/python3.7/site-packages/airflow/example_dags/example_bash_operator.py for tasks to queue
[2023-04-16T18:05:25.844+0000] {logging_mixin.py:137} INFO - [2023-04-16T18:05:25.844+0000] {dagbag.py:532} INFO - Filling up the DagBag from /home/airflow/.local/lib/python3.7/site-packages/airflow/example_dags/example_bash_operator.py
[2023-04-16T18:05:25.876+0000] {processor.py:753} INFO - DAG(s) dict_keys(['example_bash_operator']) retrieved from /home/airflow/.local/lib/python3.7/site-packages/airflow/example_dags/example_bash_operator.py
[2023-04-16T18:05:25.937+0000] {logging_mixin.py:137} INFO - [2023-04-16T18:05:25.937+0000] {dag.py:2705} INFO - Sync 1 DAGs
[2023-04-16T18:05:25.978+0000] {logging_mixin.py:137} INFO - [2023-04-16T18:05:25.978+0000] {dag.py:3456} INFO - Setting next_dagrun for example_bash_operator to 2023-04-15T00:00:00+00:00, run_after=2023-04-16T00:00:00+00:00
[2023-04-16T18:05:26.004+0000] {processor.py:175} INFO - Processing /home/airflow/.local/lib/python3.7/site-packages/airflow/example_dags/example_bash_operator.py took 0.169 seconds
[2023-04-16T18:05:56.178+0000] {processor.py:153} INFO - Started process (PID=697) to work on /home/airflow/.local/lib/python3.7/site-packages/airflow/example_dags/example_bash_operator.py
[2023-04-16T18:05:56.179+0000] {processor.py:743} INFO - Processing file /home/airflow/.local/lib/python3.7/site-packages/airflow/example_dags/example_bash_operator.py for tasks to queue
[2023-04-16T18:05:56.180+0000] {logging_mixin.py:137} INFO - [2023-04-16T18:05:56.180+0000] {dagbag.py:532} INFO - Filling up the DagBag from /home/airflow/.local/lib/python3.7/site-packages/airflow/example_dags/example_bash_operator.py
[2023-04-16T18:05:56.220+0000] {processor.py:753} INFO - DAG(s) dict_keys(['example_bash_operator']) retrieved from /home/airflow/.local/lib/python3.7/site-packages/airflow/example_dags/example_bash_operator.py
[2023-04-16T18:05:56.277+0000] {logging_mixin.py:137} INFO - [2023-04-16T18:05:56.277+0000] {dag.py:2705} INFO - Sync 1 DAGs
[2023-04-16T18:05:56.317+0000] {logging_mixin.py:137} INFO - [2023-04-16T18:05:56.316+0000] {dag.py:3456} INFO - Setting next_dagrun for example_bash_operator to 2023-04-15T00:00:00+00:00, run_after=2023-04-16T00:00:00+00:00
[2023-04-16T18:05:56.341+0000] {processor.py:175} INFO - Processing /home/airflow/.local/lib/python3.7/site-packages/airflow/example_dags/example_bash_operator.py took 0.169 seconds
[2023-04-16T18:06:26.443+0000] {processor.py:153} INFO - Started process (PID=746) to work on /home/airflow/.local/lib/python3.7/site-packages/airflow/example_dags/example_bash_operator.py
[2023-04-16T18:06:26.445+0000] {processor.py:743} INFO - Processing file /home/airflow/.local/lib/python3.7/site-packages/airflow/example_dags/example_bash_operator.py for tasks to queue
[2023-04-16T18:06:26.446+0000] {logging_mixin.py:137} INFO - [2023-04-16T18:06:26.446+0000] {dagbag.py:532} INFO - Filling up the DagBag from /home/airflow/.local/lib/python3.7/site-packages/airflow/example_dags/example_bash_operator.py
[2023-04-16T18:06:26.478+0000] {processor.py:753} INFO - DAG(s) dict_keys(['example_bash_operator']) retrieved from /home/airflow/.local/lib/python3.7/site-packages/airflow/example_dags/example_bash_operator.py
[2023-04-16T18:06:26.551+0000] {logging_mixin.py:137} INFO - [2023-04-16T18:06:26.550+0000] {dag.py:2705} INFO - Sync 1 DAGs
[2023-04-16T18:06:26.589+0000] {logging_mixin.py:137} INFO - [2023-04-16T18:06:26.589+0000] {dag.py:3456} INFO - Setting next_dagrun for example_bash_operator to 2023-04-15T00:00:00+00:00, run_after=2023-04-16T00:00:00+00:00
[2023-04-16T18:06:26.619+0000] {processor.py:175} INFO - Processing /home/airflow/.local/lib/python3.7/site-packages/airflow/example_dags/example_bash_operator.py took 0.183 seconds
[2023-04-16T18:06:56.757+0000] {processor.py:153} INFO - Started process (PID=795) to work on /home/airflow/.local/lib/python3.7/site-packages/airflow/example_dags/example_bash_operator.py
[2023-04-16T18:06:56.759+0000] {processor.py:743} INFO - Processing file /home/airflow/.local/lib/python3.7/site-packages/airflow/example_dags/example_bash_operator.py for tasks to queue
[2023-04-16T18:06:56.760+0000] {logging_mixin.py:137} INFO - [2023-04-16T18:06:56.760+0000] {dagbag.py:532} INFO - Filling up the DagBag from /home/airflow/.local/lib/python3.7/site-packages/airflow/example_dags/example_bash_operator.py
[2023-04-16T18:06:56.796+0000] {processor.py:753} INFO - DAG(s) dict_keys(['example_bash_operator']) retrieved from /home/airflow/.local/lib/python3.7/site-packages/airflow/example_dags/example_bash_operator.py
[2023-04-16T18:06:56.851+0000] {logging_mixin.py:137} INFO - [2023-04-16T18:06:56.851+0000] {dag.py:2705} INFO - Sync 1 DAGs
[2023-04-16T18:06:56.903+0000] {logging_mixin.py:137} INFO - [2023-04-16T18:06:56.903+0000] {dag.py:3456} INFO - Setting next_dagrun for example_bash_operator to 2023-04-15T00:00:00+00:00, run_after=2023-04-16T00:00:00+00:00
[2023-04-16T18:06:56.933+0000] {processor.py:175} INFO - Processing /home/airflow/.local/lib/python3.7/site-packages/airflow/example_dags/example_bash_operator.py took 0.182 seconds
[2023-04-16T18:07:27.046+0000] {processor.py:153} INFO - Started process (PID=845) to work on /home/airflow/.local/lib/python3.7/site-packages/airflow/example_dags/example_bash_operator.py
[2023-04-16T18:07:27.047+0000] {processor.py:743} INFO - Processing file /home/airflow/.local/lib/python3.7/site-packages/airflow/example_dags/example_bash_operator.py for tasks to queue
[2023-04-16T18:07:27.048+0000] {logging_mixin.py:137} INFO - [2023-04-16T18:07:27.048+0000] {dagbag.py:532} INFO - Filling up the DagBag from /home/airflow/.local/lib/python3.7/site-packages/airflow/example_dags/example_bash_operator.py
[2023-04-16T18:07:27.080+0000] {processor.py:753} INFO - DAG(s) dict_keys(['example_bash_operator']) retrieved from /home/airflow/.local/lib/python3.7/site-packages/airflow/example_dags/example_bash_operator.py
[2023-04-16T18:07:27.159+0000] {logging_mixin.py:137} INFO - [2023-04-16T18:07:27.159+0000] {dag.py:2705} INFO - Sync 1 DAGs
[2023-04-16T18:07:27.199+0000] {logging_mixin.py:137} INFO - [2023-04-16T18:07:27.199+0000] {dag.py:3456} INFO - Setting next_dagrun for example_bash_operator to 2023-04-15T00:00:00+00:00, run_after=2023-04-16T00:00:00+00:00
[2023-04-16T18:07:27.223+0000] {processor.py:175} INFO - Processing /home/airflow/.local/lib/python3.7/site-packages/airflow/example_dags/example_bash_operator.py took 0.183 seconds
[2023-04-16T18:07:57.289+0000] {processor.py:153} INFO - Started process (PID=894) to work on /home/airflow/.local/lib/python3.7/site-packages/airflow/example_dags/example_bash_operator.py
[2023-04-16T18:07:57.291+0000] {processor.py:743} INFO - Processing file /home/airflow/.local/lib/python3.7/site-packages/airflow/example_dags/example_bash_operator.py for tasks to queue
[2023-04-16T18:07:57.292+0000] {logging_mixin.py:137} INFO - [2023-04-16T18:07:57.292+0000] {dagbag.py:532} INFO - Filling up the DagBag from /home/airflow/.local/lib/python3.7/site-packages/airflow/example_dags/example_bash_operator.py
[2023-04-16T18:07:57.334+0000] {processor.py:753} INFO - DAG(s) dict_keys(['example_bash_operator']) retrieved from /home/airflow/.local/lib/python3.7/site-packages/airflow/example_dags/example_bash_operator.py
[2023-04-16T18:07:57.389+0000] {logging_mixin.py:137} INFO - [2023-04-16T18:07:57.389+0000] {dag.py:2705} INFO - Sync 1 DAGs
[2023-04-16T18:07:57.427+0000] {logging_mixin.py:137} INFO - [2023-04-16T18:07:57.427+0000] {dag.py:3456} INFO - Setting next_dagrun for example_bash_operator to 2023-04-15T00:00:00+00:00, run_after=2023-04-16T00:00:00+00:00
[2023-04-16T18:07:57.451+0000] {processor.py:175} INFO - Processing /home/airflow/.local/lib/python3.7/site-packages/airflow/example_dags/example_bash_operator.py took 0.168 seconds
[2023-04-16T18:08:27.545+0000] {processor.py:153} INFO - Started process (PID=943) to work on /home/airflow/.local/lib/python3.7/site-packages/airflow/example_dags/example_bash_operator.py
[2023-04-16T18:08:27.546+0000] {processor.py:743} INFO - Processing file /home/airflow/.local/lib/python3.7/site-packages/airflow/example_dags/example_bash_operator.py for tasks to queue
[2023-04-16T18:08:27.547+0000] {logging_mixin.py:137} INFO - [2023-04-16T18:08:27.547+0000] {dagbag.py:532} INFO - Filling up the DagBag from /home/airflow/.local/lib/python3.7/site-packages/airflow/example_dags/example_bash_operator.py
[2023-04-16T18:08:27.585+0000] {processor.py:753} INFO - DAG(s) dict_keys(['example_bash_operator']) retrieved from /home/airflow/.local/lib/python3.7/site-packages/airflow/example_dags/example_bash_operator.py
[2023-04-16T18:08:27.641+0000] {logging_mixin.py:137} INFO - [2023-04-16T18:08:27.641+0000] {dag.py:2705} INFO - Sync 1 DAGs
[2023-04-16T18:08:27.683+0000] {logging_mixin.py:137} INFO - [2023-04-16T18:08:27.683+0000] {dag.py:3456} INFO - Setting next_dagrun for example_bash_operator to 2023-04-15T00:00:00+00:00, run_after=2023-04-16T00:00:00+00:00
[2023-04-16T18:08:27.706+0000] {processor.py:175} INFO - Processing /home/airflow/.local/lib/python3.7/site-packages/airflow/example_dags/example_bash_operator.py took 0.169 seconds
[2023-04-16T18:08:57.768+0000] {processor.py:153} INFO - Started process (PID=993) to work on /home/airflow/.local/lib/python3.7/site-packages/airflow/example_dags/example_bash_operator.py
[2023-04-16T18:08:57.769+0000] {processor.py:743} INFO - Processing file /home/airflow/.local/lib/python3.7/site-packages/airflow/example_dags/example_bash_operator.py for tasks to queue
[2023-04-16T18:08:57.770+0000] {logging_mixin.py:137} INFO - [2023-04-16T18:08:57.770+0000] {dagbag.py:532} INFO - Filling up the DagBag from /home/airflow/.local/lib/python3.7/site-packages/airflow/example_dags/example_bash_operator.py
[2023-04-16T18:08:57.802+0000] {processor.py:753} INFO - DAG(s) dict_keys(['example_bash_operator']) retrieved from /home/airflow/.local/lib/python3.7/site-packages/airflow/example_dags/example_bash_operator.py
[2023-04-16T18:08:57.862+0000] {logging_mixin.py:137} INFO - [2023-04-16T18:08:57.862+0000] {dag.py:2705} INFO - Sync 1 DAGs
[2023-04-16T18:08:57.914+0000] {logging_mixin.py:137} INFO - [2023-04-16T18:08:57.913+0000] {dag.py:3456} INFO - Setting next_dagrun for example_bash_operator to 2023-04-15T00:00:00+00:00, run_after=2023-04-16T00:00:00+00:00
[2023-04-16T18:08:57.939+0000] {processor.py:175} INFO - Processing /home/airflow/.local/lib/python3.7/site-packages/airflow/example_dags/example_bash_operator.py took 0.176 seconds
[2023-04-16T18:09:28.207+0000] {processor.py:153} INFO - Started process (PID=1042) to work on /home/airflow/.local/lib/python3.7/site-packages/airflow/example_dags/example_bash_operator.py
[2023-04-16T18:09:28.208+0000] {processor.py:743} INFO - Processing file /home/airflow/.local/lib/python3.7/site-packages/airflow/example_dags/example_bash_operator.py for tasks to queue
[2023-04-16T18:09:28.210+0000] {logging_mixin.py:137} INFO - [2023-04-16T18:09:28.209+0000] {dagbag.py:532} INFO - Filling up the DagBag from /home/airflow/.local/lib/python3.7/site-packages/airflow/example_dags/example_bash_operator.py
[2023-04-16T18:09:28.250+0000] {processor.py:753} INFO - DAG(s) dict_keys(['example_bash_operator']) retrieved from /home/airflow/.local/lib/python3.7/site-packages/airflow/example_dags/example_bash_operator.py
[2023-04-16T18:09:28.307+0000] {logging_mixin.py:137} INFO - [2023-04-16T18:09:28.307+0000] {dag.py:2705} INFO - Sync 1 DAGs
[2023-04-16T18:09:28.345+0000] {logging_mixin.py:137} INFO - [2023-04-16T18:09:28.345+0000] {dag.py:3456} INFO - Setting next_dagrun for example_bash_operator to 2023-04-15T00:00:00+00:00, run_after=2023-04-16T00:00:00+00:00
[2023-04-16T18:09:28.369+0000] {processor.py:175} INFO - Processing /home/airflow/.local/lib/python3.7/site-packages/airflow/example_dags/example_bash_operator.py took 0.171 seconds
[2023-04-16T18:09:58.782+0000] {processor.py:153} INFO - Started process (PID=1093) to work on /home/airflow/.local/lib/python3.7/site-packages/airflow/example_dags/example_bash_operator.py
[2023-04-16T18:09:58.784+0000] {processor.py:743} INFO - Processing file /home/airflow/.local/lib/python3.7/site-packages/airflow/example_dags/example_bash_operator.py for tasks to queue
[2023-04-16T18:09:58.785+0000] {logging_mixin.py:137} INFO - [2023-04-16T18:09:58.785+0000] {dagbag.py:532} INFO - Filling up the DagBag from /home/airflow/.local/lib/python3.7/site-packages/airflow/example_dags/example_bash_operator.py
[2023-04-16T18:09:58.821+0000] {processor.py:753} INFO - DAG(s) dict_keys(['example_bash_operator']) retrieved from /home/airflow/.local/lib/python3.7/site-packages/airflow/example_dags/example_bash_operator.py
[2023-04-16T18:09:58.902+0000] {logging_mixin.py:137} INFO - [2023-04-16T18:09:58.902+0000] {dag.py:2705} INFO - Sync 1 DAGs
[2023-04-16T18:09:58.940+0000] {logging_mixin.py:137} INFO - [2023-04-16T18:09:58.940+0000] {dag.py:3456} INFO - Setting next_dagrun for example_bash_operator to 2023-04-15T00:00:00+00:00, run_after=2023-04-16T00:00:00+00:00
[2023-04-16T18:09:58.965+0000] {processor.py:175} INFO - Processing /home/airflow/.local/lib/python3.7/site-packages/airflow/example_dags/example_bash_operator.py took 0.188 seconds
[2023-04-16T18:10:29.674+0000] {processor.py:153} INFO - Started process (PID=1143) to work on /home/airflow/.local/lib/python3.7/site-packages/airflow/example_dags/example_bash_operator.py
[2023-04-16T18:10:29.675+0000] {processor.py:743} INFO - Processing file /home/airflow/.local/lib/python3.7/site-packages/airflow/example_dags/example_bash_operator.py for tasks to queue
[2023-04-16T18:10:29.677+0000] {logging_mixin.py:137} INFO - [2023-04-16T18:10:29.676+0000] {dagbag.py:532} INFO - Filling up the DagBag from /home/airflow/.local/lib/python3.7/site-packages/airflow/example_dags/example_bash_operator.py
[2023-04-16T18:10:29.713+0000] {processor.py:753} INFO - DAG(s) dict_keys(['example_bash_operator']) retrieved from /home/airflow/.local/lib/python3.7/site-packages/airflow/example_dags/example_bash_operator.py
[2023-04-16T18:10:29.773+0000] {logging_mixin.py:137} INFO - [2023-04-16T18:10:29.773+0000] {dag.py:2705} INFO - Sync 1 DAGs
[2023-04-16T18:10:29.811+0000] {logging_mixin.py:137} INFO - [2023-04-16T18:10:29.811+0000] {dag.py:3456} INFO - Setting next_dagrun for example_bash_operator to 2023-04-15T00:00:00+00:00, run_after=2023-04-16T00:00:00+00:00
[2023-04-16T18:10:29.835+0000] {processor.py:175} INFO - Processing /home/airflow/.local/lib/python3.7/site-packages/airflow/example_dags/example_bash_operator.py took 0.167 seconds
[2023-04-16T18:11:00.442+0000] {processor.py:153} INFO - Started process (PID=1193) to work on /home/airflow/.local/lib/python3.7/site-packages/airflow/example_dags/example_bash_operator.py
[2023-04-16T18:11:00.443+0000] {processor.py:743} INFO - Processing file /home/airflow/.local/lib/python3.7/site-packages/airflow/example_dags/example_bash_operator.py for tasks to queue
[2023-04-16T18:11:00.444+0000] {logging_mixin.py:137} INFO - [2023-04-16T18:11:00.444+0000] {dagbag.py:532} INFO - Filling up the DagBag from /home/airflow/.local/lib/python3.7/site-packages/airflow/example_dags/example_bash_operator.py
[2023-04-16T18:11:00.475+0000] {processor.py:753} INFO - DAG(s) dict_keys(['example_bash_operator']) retrieved from /home/airflow/.local/lib/python3.7/site-packages/airflow/example_dags/example_bash_operator.py
[2023-04-16T18:11:00.560+0000] {logging_mixin.py:137} INFO - [2023-04-16T18:11:00.560+0000] {dag.py:2705} INFO - Sync 1 DAGs
[2023-04-16T18:11:00.621+0000] {logging_mixin.py:137} INFO - [2023-04-16T18:11:00.621+0000] {dag.py:3456} INFO - Setting next_dagrun for example_bash_operator to 2023-04-15T00:00:00+00:00, run_after=2023-04-16T00:00:00+00:00
[2023-04-16T18:11:00.656+0000] {processor.py:175} INFO - Processing /home/airflow/.local/lib/python3.7/site-packages/airflow/example_dags/example_bash_operator.py took 0.219 seconds
[2023-04-16T18:11:31.214+0000] {processor.py:153} INFO - Started process (PID=1244) to work on /home/airflow/.local/lib/python3.7/site-packages/airflow/example_dags/example_bash_operator.py
[2023-04-16T18:11:31.216+0000] {processor.py:743} INFO - Processing file /home/airflow/.local/lib/python3.7/site-packages/airflow/example_dags/example_bash_operator.py for tasks to queue
[2023-04-16T18:11:31.217+0000] {logging_mixin.py:137} INFO - [2023-04-16T18:11:31.217+0000] {dagbag.py:532} INFO - Filling up the DagBag from /home/airflow/.local/lib/python3.7/site-packages/airflow/example_dags/example_bash_operator.py
[2023-04-16T18:11:31.259+0000] {processor.py:753} INFO - DAG(s) dict_keys(['example_bash_operator']) retrieved from /home/airflow/.local/lib/python3.7/site-packages/airflow/example_dags/example_bash_operator.py
[2023-04-16T18:11:31.331+0000] {logging_mixin.py:137} INFO - [2023-04-16T18:11:31.331+0000] {dag.py:2705} INFO - Sync 1 DAGs
[2023-04-16T18:11:31.378+0000] {logging_mixin.py:137} INFO - [2023-04-16T18:11:31.377+0000] {dag.py:3456} INFO - Setting next_dagrun for example_bash_operator to 2023-04-15T00:00:00+00:00, run_after=2023-04-16T00:00:00+00:00
[2023-04-16T18:11:31.410+0000] {processor.py:175} INFO - Processing /home/airflow/.local/lib/python3.7/site-packages/airflow/example_dags/example_bash_operator.py took 0.203 seconds
[2023-04-16T18:12:01.907+0000] {processor.py:153} INFO - Started process (PID=1294) to work on /home/airflow/.local/lib/python3.7/site-packages/airflow/example_dags/example_bash_operator.py
[2023-04-16T18:12:01.908+0000] {processor.py:743} INFO - Processing file /home/airflow/.local/lib/python3.7/site-packages/airflow/example_dags/example_bash_operator.py for tasks to queue
[2023-04-16T18:12:01.909+0000] {logging_mixin.py:137} INFO - [2023-04-16T18:12:01.909+0000] {dagbag.py:532} INFO - Filling up the DagBag from /home/airflow/.local/lib/python3.7/site-packages/airflow/example_dags/example_bash_operator.py
[2023-04-16T18:12:01.941+0000] {processor.py:753} INFO - DAG(s) dict_keys(['example_bash_operator']) retrieved from /home/airflow/.local/lib/python3.7/site-packages/airflow/example_dags/example_bash_operator.py
[2023-04-16T18:12:01.996+0000] {logging_mixin.py:137} INFO - [2023-04-16T18:12:01.996+0000] {dag.py:2705} INFO - Sync 1 DAGs
[2023-04-16T18:12:02.034+0000] {logging_mixin.py:137} INFO - [2023-04-16T18:12:02.034+0000] {dag.py:3456} INFO - Setting next_dagrun for example_bash_operator to 2023-04-15T00:00:00+00:00, run_after=2023-04-16T00:00:00+00:00
[2023-04-16T18:12:02.062+0000] {processor.py:175} INFO - Processing /home/airflow/.local/lib/python3.7/site-packages/airflow/example_dags/example_bash_operator.py took 0.160 seconds
[2023-04-16T18:12:32.512+0000] {processor.py:153} INFO - Started process (PID=1344) to work on /home/airflow/.local/lib/python3.7/site-packages/airflow/example_dags/example_bash_operator.py
[2023-04-16T18:12:32.514+0000] {processor.py:743} INFO - Processing file /home/airflow/.local/lib/python3.7/site-packages/airflow/example_dags/example_bash_operator.py for tasks to queue
[2023-04-16T18:12:32.514+0000] {logging_mixin.py:137} INFO - [2023-04-16T18:12:32.514+0000] {dagbag.py:532} INFO - Filling up the DagBag from /home/airflow/.local/lib/python3.7/site-packages/airflow/example_dags/example_bash_operator.py
[2023-04-16T18:12:32.549+0000] {processor.py:753} INFO - DAG(s) dict_keys(['example_bash_operator']) retrieved from /home/airflow/.local/lib/python3.7/site-packages/airflow/example_dags/example_bash_operator.py
[2023-04-16T18:12:32.614+0000] {logging_mixin.py:137} INFO - [2023-04-16T18:12:32.614+0000] {dag.py:2705} INFO - Sync 1 DAGs
[2023-04-16T18:12:32.657+0000] {logging_mixin.py:137} INFO - [2023-04-16T18:12:32.656+0000] {dag.py:3456} INFO - Setting next_dagrun for example_bash_operator to 2023-04-15T00:00:00+00:00, run_after=2023-04-16T00:00:00+00:00
[2023-04-16T18:12:32.692+0000] {processor.py:175} INFO - Processing /home/airflow/.local/lib/python3.7/site-packages/airflow/example_dags/example_bash_operator.py took 0.185 seconds
[2023-04-16T18:13:03.174+0000] {processor.py:153} INFO - Started process (PID=1394) to work on /home/airflow/.local/lib/python3.7/site-packages/airflow/example_dags/example_bash_operator.py
[2023-04-16T18:13:03.176+0000] {processor.py:743} INFO - Processing file /home/airflow/.local/lib/python3.7/site-packages/airflow/example_dags/example_bash_operator.py for tasks to queue
[2023-04-16T18:13:03.177+0000] {logging_mixin.py:137} INFO - [2023-04-16T18:13:03.177+0000] {dagbag.py:532} INFO - Filling up the DagBag from /home/airflow/.local/lib/python3.7/site-packages/airflow/example_dags/example_bash_operator.py
[2023-04-16T18:13:03.209+0000] {processor.py:753} INFO - DAG(s) dict_keys(['example_bash_operator']) retrieved from /home/airflow/.local/lib/python3.7/site-packages/airflow/example_dags/example_bash_operator.py
[2023-04-16T18:13:03.267+0000] {logging_mixin.py:137} INFO - [2023-04-16T18:13:03.267+0000] {dag.py:2705} INFO - Sync 1 DAGs
[2023-04-16T18:13:03.306+0000] {logging_mixin.py:137} INFO - [2023-04-16T18:13:03.305+0000] {dag.py:3456} INFO - Setting next_dagrun for example_bash_operator to 2023-04-15T00:00:00+00:00, run_after=2023-04-16T00:00:00+00:00
[2023-04-16T18:13:03.331+0000] {processor.py:175} INFO - Processing /home/airflow/.local/lib/python3.7/site-packages/airflow/example_dags/example_bash_operator.py took 0.162 seconds
[2023-04-16T18:13:33.890+0000] {processor.py:153} INFO - Started process (PID=1445) to work on /home/airflow/.local/lib/python3.7/site-packages/airflow/example_dags/example_bash_operator.py
[2023-04-16T18:13:33.893+0000] {processor.py:743} INFO - Processing file /home/airflow/.local/lib/python3.7/site-packages/airflow/example_dags/example_bash_operator.py for tasks to queue
[2023-04-16T18:13:33.894+0000] {logging_mixin.py:137} INFO - [2023-04-16T18:13:33.894+0000] {dagbag.py:532} INFO - Filling up the DagBag from /home/airflow/.local/lib/python3.7/site-packages/airflow/example_dags/example_bash_operator.py
[2023-04-16T18:13:33.939+0000] {processor.py:753} INFO - DAG(s) dict_keys(['example_bash_operator']) retrieved from /home/airflow/.local/lib/python3.7/site-packages/airflow/example_dags/example_bash_operator.py
[2023-04-16T18:13:34.022+0000] {logging_mixin.py:137} INFO - [2023-04-16T18:13:34.022+0000] {dag.py:2705} INFO - Sync 1 DAGs
[2023-04-16T18:13:34.060+0000] {logging_mixin.py:137} INFO - [2023-04-16T18:13:34.060+0000] {dag.py:3456} INFO - Setting next_dagrun for example_bash_operator to 2023-04-15T00:00:00+00:00, run_after=2023-04-16T00:00:00+00:00
[2023-04-16T18:13:34.086+0000] {processor.py:175} INFO - Processing /home/airflow/.local/lib/python3.7/site-packages/airflow/example_dags/example_bash_operator.py took 0.203 seconds
[2023-04-16T18:14:04.385+0000] {processor.py:153} INFO - Started process (PID=1496) to work on /home/airflow/.local/lib/python3.7/site-packages/airflow/example_dags/example_bash_operator.py
[2023-04-16T18:14:04.386+0000] {processor.py:743} INFO - Processing file /home/airflow/.local/lib/python3.7/site-packages/airflow/example_dags/example_bash_operator.py for tasks to queue
[2023-04-16T18:14:04.387+0000] {logging_mixin.py:137} INFO - [2023-04-16T18:14:04.387+0000] {dagbag.py:532} INFO - Filling up the DagBag from /home/airflow/.local/lib/python3.7/site-packages/airflow/example_dags/example_bash_operator.py
[2023-04-16T18:14:04.420+0000] {processor.py:753} INFO - DAG(s) dict_keys(['example_bash_operator']) retrieved from /home/airflow/.local/lib/python3.7/site-packages/airflow/example_dags/example_bash_operator.py
[2023-04-16T18:14:04.477+0000] {logging_mixin.py:137} INFO - [2023-04-16T18:14:04.477+0000] {dag.py:2705} INFO - Sync 1 DAGs
[2023-04-16T18:14:04.518+0000] {logging_mixin.py:137} INFO - [2023-04-16T18:14:04.518+0000] {dag.py:3456} INFO - Setting next_dagrun for example_bash_operator to 2023-04-15T00:00:00+00:00, run_after=2023-04-16T00:00:00+00:00
[2023-04-16T18:14:04.545+0000] {processor.py:175} INFO - Processing /home/airflow/.local/lib/python3.7/site-packages/airflow/example_dags/example_bash_operator.py took 0.165 seconds
[2023-04-16T18:14:35.144+0000] {processor.py:153} INFO - Started process (PID=1546) to work on /home/airflow/.local/lib/python3.7/site-packages/airflow/example_dags/example_bash_operator.py
[2023-04-16T18:14:35.146+0000] {processor.py:743} INFO - Processing file /home/airflow/.local/lib/python3.7/site-packages/airflow/example_dags/example_bash_operator.py for tasks to queue
[2023-04-16T18:14:35.147+0000] {logging_mixin.py:137} INFO - [2023-04-16T18:14:35.147+0000] {dagbag.py:532} INFO - Filling up the DagBag from /home/airflow/.local/lib/python3.7/site-packages/airflow/example_dags/example_bash_operator.py
[2023-04-16T18:14:35.181+0000] {processor.py:753} INFO - DAG(s) dict_keys(['example_bash_operator']) retrieved from /home/airflow/.local/lib/python3.7/site-packages/airflow/example_dags/example_bash_operator.py
[2023-04-16T18:14:35.239+0000] {logging_mixin.py:137} INFO - [2023-04-16T18:14:35.239+0000] {dag.py:2705} INFO - Sync 1 DAGs
[2023-04-16T18:14:35.278+0000] {logging_mixin.py:137} INFO - [2023-04-16T18:14:35.278+0000] {dag.py:3456} INFO - Setting next_dagrun for example_bash_operator to 2023-04-15T00:00:00+00:00, run_after=2023-04-16T00:00:00+00:00
[2023-04-16T18:14:35.304+0000] {processor.py:175} INFO - Processing /home/airflow/.local/lib/python3.7/site-packages/airflow/example_dags/example_bash_operator.py took 0.165 seconds
[2023-04-16T18:15:05.801+0000] {processor.py:153} INFO - Started process (PID=1596) to work on /home/airflow/.local/lib/python3.7/site-packages/airflow/example_dags/example_bash_operator.py
[2023-04-16T18:15:05.802+0000] {processor.py:743} INFO - Processing file /home/airflow/.local/lib/python3.7/site-packages/airflow/example_dags/example_bash_operator.py for tasks to queue
[2023-04-16T18:15:05.803+0000] {logging_mixin.py:137} INFO - [2023-04-16T18:15:05.803+0000] {dagbag.py:532} INFO - Filling up the DagBag from /home/airflow/.local/lib/python3.7/site-packages/airflow/example_dags/example_bash_operator.py
[2023-04-16T18:15:05.835+0000] {processor.py:753} INFO - DAG(s) dict_keys(['example_bash_operator']) retrieved from /home/airflow/.local/lib/python3.7/site-packages/airflow/example_dags/example_bash_operator.py
[2023-04-16T18:15:05.917+0000] {logging_mixin.py:137} INFO - [2023-04-16T18:15:05.917+0000] {dag.py:2705} INFO - Sync 1 DAGs
[2023-04-16T18:15:05.967+0000] {logging_mixin.py:137} INFO - [2023-04-16T18:15:05.967+0000] {dag.py:3456} INFO - Setting next_dagrun for example_bash_operator to 2023-04-15T00:00:00+00:00, run_after=2023-04-16T00:00:00+00:00
[2023-04-16T18:15:05.997+0000] {processor.py:175} INFO - Processing /home/airflow/.local/lib/python3.7/site-packages/airflow/example_dags/example_bash_operator.py took 0.201 seconds
[2023-04-16T18:15:36.583+0000] {processor.py:153} INFO - Started process (PID=1646) to work on /home/airflow/.local/lib/python3.7/site-packages/airflow/example_dags/example_bash_operator.py
[2023-04-16T18:15:36.584+0000] {processor.py:743} INFO - Processing file /home/airflow/.local/lib/python3.7/site-packages/airflow/example_dags/example_bash_operator.py for tasks to queue
[2023-04-16T18:15:36.585+0000] {logging_mixin.py:137} INFO - [2023-04-16T18:15:36.585+0000] {dagbag.py:532} INFO - Filling up the DagBag from /home/airflow/.local/lib/python3.7/site-packages/airflow/example_dags/example_bash_operator.py
[2023-04-16T18:15:36.618+0000] {processor.py:753} INFO - DAG(s) dict_keys(['example_bash_operator']) retrieved from /home/airflow/.local/lib/python3.7/site-packages/airflow/example_dags/example_bash_operator.py
[2023-04-16T18:15:36.673+0000] {logging_mixin.py:137} INFO - [2023-04-16T18:15:36.673+0000] {dag.py:2705} INFO - Sync 1 DAGs
[2023-04-16T18:15:36.711+0000] {logging_mixin.py:137} INFO - [2023-04-16T18:15:36.711+0000] {dag.py:3456} INFO - Setting next_dagrun for example_bash_operator to 2023-04-15T00:00:00+00:00, run_after=2023-04-16T00:00:00+00:00
[2023-04-16T18:15:36.742+0000] {processor.py:175} INFO - Processing /home/airflow/.local/lib/python3.7/site-packages/airflow/example_dags/example_bash_operator.py took 0.165 seconds
[2023-04-16T18:16:07.301+0000] {processor.py:153} INFO - Started process (PID=1696) to work on /home/airflow/.local/lib/python3.7/site-packages/airflow/example_dags/example_bash_operator.py
[2023-04-16T18:16:07.302+0000] {processor.py:743} INFO - Processing file /home/airflow/.local/lib/python3.7/site-packages/airflow/example_dags/example_bash_operator.py for tasks to queue
[2023-04-16T18:16:07.302+0000] {logging_mixin.py:137} INFO - [2023-04-16T18:16:07.302+0000] {dagbag.py:532} INFO - Filling up the DagBag from /home/airflow/.local/lib/python3.7/site-packages/airflow/example_dags/example_bash_operator.py
[2023-04-16T18:16:07.335+0000] {processor.py:753} INFO - DAG(s) dict_keys(['example_bash_operator']) retrieved from /home/airflow/.local/lib/python3.7/site-packages/airflow/example_dags/example_bash_operator.py
[2023-04-16T18:16:07.391+0000] {logging_mixin.py:137} INFO - [2023-04-16T18:16:07.391+0000] {dag.py:2705} INFO - Sync 1 DAGs
[2023-04-16T18:16:07.430+0000] {logging_mixin.py:137} INFO - [2023-04-16T18:16:07.430+0000] {dag.py:3456} INFO - Setting next_dagrun for example_bash_operator to 2023-04-15T00:00:00+00:00, run_after=2023-04-16T00:00:00+00:00
[2023-04-16T18:16:07.453+0000] {processor.py:175} INFO - Processing /home/airflow/.local/lib/python3.7/site-packages/airflow/example_dags/example_bash_operator.py took 0.158 seconds
[2023-04-16T18:16:37.849+0000] {processor.py:153} INFO - Started process (PID=1746) to work on /home/airflow/.local/lib/python3.7/site-packages/airflow/example_dags/example_bash_operator.py
[2023-04-16T18:16:37.851+0000] {processor.py:743} INFO - Processing file /home/airflow/.local/lib/python3.7/site-packages/airflow/example_dags/example_bash_operator.py for tasks to queue
[2023-04-16T18:16:37.852+0000] {logging_mixin.py:137} INFO - [2023-04-16T18:16:37.852+0000] {dagbag.py:532} INFO - Filling up the DagBag from /home/airflow/.local/lib/python3.7/site-packages/airflow/example_dags/example_bash_operator.py
[2023-04-16T18:16:37.891+0000] {processor.py:753} INFO - DAG(s) dict_keys(['example_bash_operator']) retrieved from /home/airflow/.local/lib/python3.7/site-packages/airflow/example_dags/example_bash_operator.py
[2023-04-16T18:16:37.976+0000] {logging_mixin.py:137} INFO - [2023-04-16T18:16:37.975+0000] {dag.py:2705} INFO - Sync 1 DAGs
[2023-04-16T18:16:38.013+0000] {logging_mixin.py:137} INFO - [2023-04-16T18:16:38.013+0000] {dag.py:3456} INFO - Setting next_dagrun for example_bash_operator to 2023-04-15T00:00:00+00:00, run_after=2023-04-16T00:00:00+00:00
[2023-04-16T18:16:38.038+0000] {processor.py:175} INFO - Processing /home/airflow/.local/lib/python3.7/site-packages/airflow/example_dags/example_bash_operator.py took 0.194 seconds
[2023-04-16T18:17:08.610+0000] {processor.py:153} INFO - Started process (PID=1796) to work on /home/airflow/.local/lib/python3.7/site-packages/airflow/example_dags/example_bash_operator.py
[2023-04-16T18:17:08.613+0000] {processor.py:743} INFO - Processing file /home/airflow/.local/lib/python3.7/site-packages/airflow/example_dags/example_bash_operator.py for tasks to queue
[2023-04-16T18:17:08.614+0000] {logging_mixin.py:137} INFO - [2023-04-16T18:17:08.614+0000] {dagbag.py:532} INFO - Filling up the DagBag from /home/airflow/.local/lib/python3.7/site-packages/airflow/example_dags/example_bash_operator.py
[2023-04-16T18:17:08.664+0000] {processor.py:753} INFO - DAG(s) dict_keys(['example_bash_operator']) retrieved from /home/airflow/.local/lib/python3.7/site-packages/airflow/example_dags/example_bash_operator.py
[2023-04-16T18:17:08.734+0000] {logging_mixin.py:137} INFO - [2023-04-16T18:17:08.734+0000] {dag.py:2705} INFO - Sync 1 DAGs
[2023-04-16T18:17:08.782+0000] {logging_mixin.py:137} INFO - [2023-04-16T18:17:08.782+0000] {dag.py:3456} INFO - Setting next_dagrun for example_bash_operator to 2023-04-15T00:00:00+00:00, run_after=2023-04-16T00:00:00+00:00
[2023-04-16T18:17:08.810+0000] {processor.py:175} INFO - Processing /home/airflow/.local/lib/python3.7/site-packages/airflow/example_dags/example_bash_operator.py took 0.207 seconds
[2023-04-16T18:17:39.488+0000] {processor.py:153} INFO - Started process (PID=1846) to work on /home/airflow/.local/lib/python3.7/site-packages/airflow/example_dags/example_bash_operator.py
[2023-04-16T18:17:39.489+0000] {processor.py:743} INFO - Processing file /home/airflow/.local/lib/python3.7/site-packages/airflow/example_dags/example_bash_operator.py for tasks to queue
[2023-04-16T18:17:39.490+0000] {logging_mixin.py:137} INFO - [2023-04-16T18:17:39.490+0000] {dagbag.py:532} INFO - Filling up the DagBag from /home/airflow/.local/lib/python3.7/site-packages/airflow/example_dags/example_bash_operator.py
[2023-04-16T18:17:39.523+0000] {processor.py:753} INFO - DAG(s) dict_keys(['example_bash_operator']) retrieved from /home/airflow/.local/lib/python3.7/site-packages/airflow/example_dags/example_bash_operator.py
[2023-04-16T18:17:39.579+0000] {logging_mixin.py:137} INFO - [2023-04-16T18:17:39.579+0000] {dag.py:2705} INFO - Sync 1 DAGs
[2023-04-16T18:17:39.631+0000] {logging_mixin.py:137} INFO - [2023-04-16T18:17:39.630+0000] {dag.py:3456} INFO - Setting next_dagrun for example_bash_operator to 2023-04-15T00:00:00+00:00, run_after=2023-04-16T00:00:00+00:00
[2023-04-16T18:17:39.678+0000] {processor.py:175} INFO - Processing /home/airflow/.local/lib/python3.7/site-packages/airflow/example_dags/example_bash_operator.py took 0.196 seconds
[2023-04-16T18:18:10.184+0000] {processor.py:153} INFO - Started process (PID=1903) to work on /home/airflow/.local/lib/python3.7/site-packages/airflow/example_dags/example_bash_operator.py
[2023-04-16T18:18:10.185+0000] {processor.py:743} INFO - Processing file /home/airflow/.local/lib/python3.7/site-packages/airflow/example_dags/example_bash_operator.py for tasks to queue
[2023-04-16T18:18:10.186+0000] {logging_mixin.py:137} INFO - [2023-04-16T18:18:10.185+0000] {dagbag.py:532} INFO - Filling up the DagBag from /home/airflow/.local/lib/python3.7/site-packages/airflow/example_dags/example_bash_operator.py
[2023-04-16T18:18:10.223+0000] {processor.py:753} INFO - DAG(s) dict_keys(['example_bash_operator']) retrieved from /home/airflow/.local/lib/python3.7/site-packages/airflow/example_dags/example_bash_operator.py
[2023-04-16T18:18:10.280+0000] {logging_mixin.py:137} INFO - [2023-04-16T18:18:10.280+0000] {dag.py:2705} INFO - Sync 1 DAGs
[2023-04-16T18:18:10.319+0000] {logging_mixin.py:137} INFO - [2023-04-16T18:18:10.319+0000] {dag.py:3456} INFO - Setting next_dagrun for example_bash_operator to 2023-04-15T00:00:00+00:00, run_after=2023-04-16T00:00:00+00:00
[2023-04-16T18:18:10.343+0000] {processor.py:175} INFO - Processing /home/airflow/.local/lib/python3.7/site-packages/airflow/example_dags/example_bash_operator.py took 0.165 seconds
[2023-04-16T18:18:40.968+0000] {processor.py:153} INFO - Started process (PID=1953) to work on /home/airflow/.local/lib/python3.7/site-packages/airflow/example_dags/example_bash_operator.py
[2023-04-16T18:18:40.970+0000] {processor.py:743} INFO - Processing file /home/airflow/.local/lib/python3.7/site-packages/airflow/example_dags/example_bash_operator.py for tasks to queue
[2023-04-16T18:18:40.972+0000] {logging_mixin.py:137} INFO - [2023-04-16T18:18:40.972+0000] {dagbag.py:532} INFO - Filling up the DagBag from /home/airflow/.local/lib/python3.7/site-packages/airflow/example_dags/example_bash_operator.py
[2023-04-16T18:18:41.003+0000] {processor.py:753} INFO - DAG(s) dict_keys(['example_bash_operator']) retrieved from /home/airflow/.local/lib/python3.7/site-packages/airflow/example_dags/example_bash_operator.py
[2023-04-16T18:18:41.062+0000] {logging_mixin.py:137} INFO - [2023-04-16T18:18:41.062+0000] {dag.py:2705} INFO - Sync 1 DAGs
[2023-04-16T18:18:41.106+0000] {logging_mixin.py:137} INFO - [2023-04-16T18:18:41.106+0000] {dag.py:3456} INFO - Setting next_dagrun for example_bash_operator to 2023-04-15T00:00:00+00:00, run_after=2023-04-16T00:00:00+00:00
[2023-04-16T18:18:41.142+0000] {processor.py:175} INFO - Processing /home/airflow/.local/lib/python3.7/site-packages/airflow/example_dags/example_bash_operator.py took 0.179 seconds
[2023-04-16T18:19:11.624+0000] {processor.py:153} INFO - Started process (PID=2003) to work on /home/airflow/.local/lib/python3.7/site-packages/airflow/example_dags/example_bash_operator.py
[2023-04-16T18:19:11.625+0000] {processor.py:743} INFO - Processing file /home/airflow/.local/lib/python3.7/site-packages/airflow/example_dags/example_bash_operator.py for tasks to queue
[2023-04-16T18:19:11.627+0000] {logging_mixin.py:137} INFO - [2023-04-16T18:19:11.625+0000] {dagbag.py:532} INFO - Filling up the DagBag from /home/airflow/.local/lib/python3.7/site-packages/airflow/example_dags/example_bash_operator.py
[2023-04-16T18:19:11.664+0000] {processor.py:753} INFO - DAG(s) dict_keys(['example_bash_operator']) retrieved from /home/airflow/.local/lib/python3.7/site-packages/airflow/example_dags/example_bash_operator.py
[2023-04-16T18:19:11.723+0000] {logging_mixin.py:137} INFO - [2023-04-16T18:19:11.722+0000] {dag.py:2705} INFO - Sync 1 DAGs
[2023-04-16T18:19:11.772+0000] {logging_mixin.py:137} INFO - [2023-04-16T18:19:11.772+0000] {dag.py:3456} INFO - Setting next_dagrun for example_bash_operator to 2023-04-15T00:00:00+00:00, run_after=2023-04-16T00:00:00+00:00
[2023-04-16T18:19:11.808+0000] {processor.py:175} INFO - Processing /home/airflow/.local/lib/python3.7/site-packages/airflow/example_dags/example_bash_operator.py took 0.190 seconds
[2023-04-16T18:19:42.421+0000] {processor.py:153} INFO - Started process (PID=2053) to work on /home/airflow/.local/lib/python3.7/site-packages/airflow/example_dags/example_bash_operator.py
[2023-04-16T18:19:42.423+0000] {processor.py:743} INFO - Processing file /home/airflow/.local/lib/python3.7/site-packages/airflow/example_dags/example_bash_operator.py for tasks to queue
[2023-04-16T18:19:42.424+0000] {logging_mixin.py:137} INFO - [2023-04-16T18:19:42.423+0000] {dagbag.py:532} INFO - Filling up the DagBag from /home/airflow/.local/lib/python3.7/site-packages/airflow/example_dags/example_bash_operator.py
[2023-04-16T18:19:42.459+0000] {processor.py:753} INFO - DAG(s) dict_keys(['example_bash_operator']) retrieved from /home/airflow/.local/lib/python3.7/site-packages/airflow/example_dags/example_bash_operator.py
[2023-04-16T18:19:42.515+0000] {logging_mixin.py:137} INFO - [2023-04-16T18:19:42.515+0000] {dag.py:2705} INFO - Sync 1 DAGs
[2023-04-16T18:19:42.554+0000] {logging_mixin.py:137} INFO - [2023-04-16T18:19:42.554+0000] {dag.py:3456} INFO - Setting next_dagrun for example_bash_operator to 2023-04-15T00:00:00+00:00, run_after=2023-04-16T00:00:00+00:00
[2023-04-16T18:19:42.579+0000] {processor.py:175} INFO - Processing /home/airflow/.local/lib/python3.7/site-packages/airflow/example_dags/example_bash_operator.py took 0.165 seconds
[2023-04-16T18:20:13.081+0000] {processor.py:153} INFO - Started process (PID=2103) to work on /home/airflow/.local/lib/python3.7/site-packages/airflow/example_dags/example_bash_operator.py
[2023-04-16T18:20:13.082+0000] {processor.py:743} INFO - Processing file /home/airflow/.local/lib/python3.7/site-packages/airflow/example_dags/example_bash_operator.py for tasks to queue
[2023-04-16T18:20:13.083+0000] {logging_mixin.py:137} INFO - [2023-04-16T18:20:13.083+0000] {dagbag.py:532} INFO - Filling up the DagBag from /home/airflow/.local/lib/python3.7/site-packages/airflow/example_dags/example_bash_operator.py
[2023-04-16T18:20:13.116+0000] {processor.py:753} INFO - DAG(s) dict_keys(['example_bash_operator']) retrieved from /home/airflow/.local/lib/python3.7/site-packages/airflow/example_dags/example_bash_operator.py
[2023-04-16T18:20:13.174+0000] {logging_mixin.py:137} INFO - [2023-04-16T18:20:13.173+0000] {dag.py:2705} INFO - Sync 1 DAGs
[2023-04-16T18:20:13.219+0000] {logging_mixin.py:137} INFO - [2023-04-16T18:20:13.219+0000] {dag.py:3456} INFO - Setting next_dagrun for example_bash_operator to 2023-04-15T00:00:00+00:00, run_after=2023-04-16T00:00:00+00:00
[2023-04-16T18:20:13.244+0000] {processor.py:175} INFO - Processing /home/airflow/.local/lib/python3.7/site-packages/airflow/example_dags/example_bash_operator.py took 0.168 seconds
[2023-04-16T18:20:43.667+0000] {processor.py:153} INFO - Started process (PID=2154) to work on /home/airflow/.local/lib/python3.7/site-packages/airflow/example_dags/example_bash_operator.py
[2023-04-16T18:20:43.668+0000] {processor.py:743} INFO - Processing file /home/airflow/.local/lib/python3.7/site-packages/airflow/example_dags/example_bash_operator.py for tasks to queue
[2023-04-16T18:20:43.669+0000] {logging_mixin.py:137} INFO - [2023-04-16T18:20:43.669+0000] {dagbag.py:532} INFO - Filling up the DagBag from /home/airflow/.local/lib/python3.7/site-packages/airflow/example_dags/example_bash_operator.py
[2023-04-16T18:20:43.702+0000] {processor.py:753} INFO - DAG(s) dict_keys(['example_bash_operator']) retrieved from /home/airflow/.local/lib/python3.7/site-packages/airflow/example_dags/example_bash_operator.py
[2023-04-16T18:20:43.758+0000] {logging_mixin.py:137} INFO - [2023-04-16T18:20:43.758+0000] {dag.py:2705} INFO - Sync 1 DAGs
[2023-04-16T18:20:43.809+0000] {logging_mixin.py:137} INFO - [2023-04-16T18:20:43.809+0000] {dag.py:3456} INFO - Setting next_dagrun for example_bash_operator to 2023-04-15T00:00:00+00:00, run_after=2023-04-16T00:00:00+00:00
[2023-04-16T18:20:43.844+0000] {processor.py:175} INFO - Processing /home/airflow/.local/lib/python3.7/site-packages/airflow/example_dags/example_bash_operator.py took 0.183 seconds
[2023-04-16T18:21:14.401+0000] {processor.py:153} INFO - Started process (PID=2204) to work on /home/airflow/.local/lib/python3.7/site-packages/airflow/example_dags/example_bash_operator.py
[2023-04-16T18:21:14.402+0000] {processor.py:743} INFO - Processing file /home/airflow/.local/lib/python3.7/site-packages/airflow/example_dags/example_bash_operator.py for tasks to queue
[2023-04-16T18:21:14.403+0000] {logging_mixin.py:137} INFO - [2023-04-16T18:21:14.403+0000] {dagbag.py:532} INFO - Filling up the DagBag from /home/airflow/.local/lib/python3.7/site-packages/airflow/example_dags/example_bash_operator.py
[2023-04-16T18:21:14.438+0000] {processor.py:753} INFO - DAG(s) dict_keys(['example_bash_operator']) retrieved from /home/airflow/.local/lib/python3.7/site-packages/airflow/example_dags/example_bash_operator.py
[2023-04-16T18:21:14.527+0000] {logging_mixin.py:137} INFO - [2023-04-16T18:21:14.527+0000] {dag.py:2705} INFO - Sync 1 DAGs
[2023-04-16T18:21:14.568+0000] {logging_mixin.py:137} INFO - [2023-04-16T18:21:14.567+0000] {dag.py:3456} INFO - Setting next_dagrun for example_bash_operator to 2023-04-15T00:00:00+00:00, run_after=2023-04-16T00:00:00+00:00
[2023-04-16T18:21:14.593+0000] {processor.py:175} INFO - Processing /home/airflow/.local/lib/python3.7/site-packages/airflow/example_dags/example_bash_operator.py took 0.198 seconds
[2023-04-16T18:21:44.680+0000] {processor.py:153} INFO - Started process (PID=2254) to work on /home/airflow/.local/lib/python3.7/site-packages/airflow/example_dags/example_bash_operator.py
[2023-04-16T18:21:44.681+0000] {processor.py:743} INFO - Processing file /home/airflow/.local/lib/python3.7/site-packages/airflow/example_dags/example_bash_operator.py for tasks to queue
[2023-04-16T18:21:44.682+0000] {logging_mixin.py:137} INFO - [2023-04-16T18:21:44.681+0000] {dagbag.py:532} INFO - Filling up the DagBag from /home/airflow/.local/lib/python3.7/site-packages/airflow/example_dags/example_bash_operator.py
[2023-04-16T18:21:44.725+0000] {processor.py:753} INFO - DAG(s) dict_keys(['example_bash_operator']) retrieved from /home/airflow/.local/lib/python3.7/site-packages/airflow/example_dags/example_bash_operator.py
[2023-04-16T18:21:44.780+0000] {logging_mixin.py:137} INFO - [2023-04-16T18:21:44.780+0000] {dag.py:2705} INFO - Sync 1 DAGs
[2023-04-16T18:21:44.829+0000] {logging_mixin.py:137} INFO - [2023-04-16T18:21:44.829+0000] {dag.py:3456} INFO - Setting next_dagrun for example_bash_operator to 2023-04-15T00:00:00+00:00, run_after=2023-04-16T00:00:00+00:00
[2023-04-16T18:21:44.860+0000] {processor.py:175} INFO - Processing /home/airflow/.local/lib/python3.7/site-packages/airflow/example_dags/example_bash_operator.py took 0.186 seconds
[2023-04-16T18:22:14.928+0000] {processor.py:153} INFO - Started process (PID=2304) to work on /home/airflow/.local/lib/python3.7/site-packages/airflow/example_dags/example_bash_operator.py
[2023-04-16T18:22:14.930+0000] {processor.py:743} INFO - Processing file /home/airflow/.local/lib/python3.7/site-packages/airflow/example_dags/example_bash_operator.py for tasks to queue
[2023-04-16T18:22:14.931+0000] {logging_mixin.py:137} INFO - [2023-04-16T18:22:14.931+0000] {dagbag.py:532} INFO - Filling up the DagBag from /home/airflow/.local/lib/python3.7/site-packages/airflow/example_dags/example_bash_operator.py
[2023-04-16T18:22:14.966+0000] {processor.py:753} INFO - DAG(s) dict_keys(['example_bash_operator']) retrieved from /home/airflow/.local/lib/python3.7/site-packages/airflow/example_dags/example_bash_operator.py
[2023-04-16T18:22:15.026+0000] {logging_mixin.py:137} INFO - [2023-04-16T18:22:15.025+0000] {dag.py:2705} INFO - Sync 1 DAGs
[2023-04-16T18:22:15.064+0000] {logging_mixin.py:137} INFO - [2023-04-16T18:22:15.063+0000] {dag.py:3456} INFO - Setting next_dagrun for example_bash_operator to 2023-04-15T00:00:00+00:00, run_after=2023-04-16T00:00:00+00:00
[2023-04-16T18:22:15.089+0000] {processor.py:175} INFO - Processing /home/airflow/.local/lib/python3.7/site-packages/airflow/example_dags/example_bash_operator.py took 0.166 seconds
[2023-04-16T18:22:45.234+0000] {processor.py:153} INFO - Started process (PID=2354) to work on /home/airflow/.local/lib/python3.7/site-packages/airflow/example_dags/example_bash_operator.py
[2023-04-16T18:22:45.235+0000] {processor.py:743} INFO - Processing file /home/airflow/.local/lib/python3.7/site-packages/airflow/example_dags/example_bash_operator.py for tasks to queue
[2023-04-16T18:22:45.236+0000] {logging_mixin.py:137} INFO - [2023-04-16T18:22:45.236+0000] {dagbag.py:532} INFO - Filling up the DagBag from /home/airflow/.local/lib/python3.7/site-packages/airflow/example_dags/example_bash_operator.py
[2023-04-16T18:22:45.269+0000] {processor.py:753} INFO - DAG(s) dict_keys(['example_bash_operator']) retrieved from /home/airflow/.local/lib/python3.7/site-packages/airflow/example_dags/example_bash_operator.py
[2023-04-16T18:22:45.329+0000] {logging_mixin.py:137} INFO - [2023-04-16T18:22:45.329+0000] {dag.py:2705} INFO - Sync 1 DAGs
[2023-04-16T18:22:45.369+0000] {logging_mixin.py:137} INFO - [2023-04-16T18:22:45.369+0000] {dag.py:3456} INFO - Setting next_dagrun for example_bash_operator to 2023-04-15T00:00:00+00:00, run_after=2023-04-16T00:00:00+00:00
[2023-04-16T18:22:45.394+0000] {processor.py:175} INFO - Processing /home/airflow/.local/lib/python3.7/site-packages/airflow/example_dags/example_bash_operator.py took 0.165 seconds
[2023-04-16T18:23:15.764+0000] {processor.py:153} INFO - Started process (PID=2404) to work on /home/airflow/.local/lib/python3.7/site-packages/airflow/example_dags/example_bash_operator.py
[2023-04-16T18:23:15.766+0000] {processor.py:743} INFO - Processing file /home/airflow/.local/lib/python3.7/site-packages/airflow/example_dags/example_bash_operator.py for tasks to queue
[2023-04-16T18:23:15.767+0000] {logging_mixin.py:137} INFO - [2023-04-16T18:23:15.767+0000] {dagbag.py:532} INFO - Filling up the DagBag from /home/airflow/.local/lib/python3.7/site-packages/airflow/example_dags/example_bash_operator.py
[2023-04-16T18:23:15.799+0000] {processor.py:753} INFO - DAG(s) dict_keys(['example_bash_operator']) retrieved from /home/airflow/.local/lib/python3.7/site-packages/airflow/example_dags/example_bash_operator.py
[2023-04-16T18:23:15.857+0000] {logging_mixin.py:137} INFO - [2023-04-16T18:23:15.857+0000] {dag.py:2705} INFO - Sync 1 DAGs
[2023-04-16T18:23:15.897+0000] {logging_mixin.py:137} INFO - [2023-04-16T18:23:15.897+0000] {dag.py:3456} INFO - Setting next_dagrun for example_bash_operator to 2023-04-15T00:00:00+00:00, run_after=2023-04-16T00:00:00+00:00
[2023-04-16T18:23:15.928+0000] {processor.py:175} INFO - Processing /home/airflow/.local/lib/python3.7/site-packages/airflow/example_dags/example_bash_operator.py took 0.169 seconds
[2023-04-16T18:23:46.036+0000] {processor.py:153} INFO - Started process (PID=2455) to work on /home/airflow/.local/lib/python3.7/site-packages/airflow/example_dags/example_bash_operator.py
[2023-04-16T18:23:46.037+0000] {processor.py:743} INFO - Processing file /home/airflow/.local/lib/python3.7/site-packages/airflow/example_dags/example_bash_operator.py for tasks to queue
[2023-04-16T18:23:46.038+0000] {logging_mixin.py:137} INFO - [2023-04-16T18:23:46.038+0000] {dagbag.py:532} INFO - Filling up the DagBag from /home/airflow/.local/lib/python3.7/site-packages/airflow/example_dags/example_bash_operator.py
[2023-04-16T18:23:46.069+0000] {processor.py:753} INFO - DAG(s) dict_keys(['example_bash_operator']) retrieved from /home/airflow/.local/lib/python3.7/site-packages/airflow/example_dags/example_bash_operator.py
[2023-04-16T18:23:46.140+0000] {logging_mixin.py:137} INFO - [2023-04-16T18:23:46.140+0000] {dag.py:2705} INFO - Sync 1 DAGs
[2023-04-16T18:23:46.179+0000] {logging_mixin.py:137} INFO - [2023-04-16T18:23:46.179+0000] {dag.py:3456} INFO - Setting next_dagrun for example_bash_operator to 2023-04-15T00:00:00+00:00, run_after=2023-04-16T00:00:00+00:00
[2023-04-16T18:23:46.204+0000] {processor.py:175} INFO - Processing /home/airflow/.local/lib/python3.7/site-packages/airflow/example_dags/example_bash_operator.py took 0.175 seconds
[2023-04-16T18:24:16.386+0000] {processor.py:153} INFO - Started process (PID=2504) to work on /home/airflow/.local/lib/python3.7/site-packages/airflow/example_dags/example_bash_operator.py
[2023-04-16T18:24:16.388+0000] {processor.py:743} INFO - Processing file /home/airflow/.local/lib/python3.7/site-packages/airflow/example_dags/example_bash_operator.py for tasks to queue
[2023-04-16T18:24:16.389+0000] {logging_mixin.py:137} INFO - [2023-04-16T18:24:16.389+0000] {dagbag.py:532} INFO - Filling up the DagBag from /home/airflow/.local/lib/python3.7/site-packages/airflow/example_dags/example_bash_operator.py
[2023-04-16T18:24:16.437+0000] {processor.py:753} INFO - DAG(s) dict_keys(['example_bash_operator']) retrieved from /home/airflow/.local/lib/python3.7/site-packages/airflow/example_dags/example_bash_operator.py
[2023-04-16T18:24:16.499+0000] {logging_mixin.py:137} INFO - [2023-04-16T18:24:16.499+0000] {dag.py:2705} INFO - Sync 1 DAGs
[2023-04-16T18:24:16.537+0000] {logging_mixin.py:137} INFO - [2023-04-16T18:24:16.537+0000] {dag.py:3456} INFO - Setting next_dagrun for example_bash_operator to 2023-04-15T00:00:00+00:00, run_after=2023-04-16T00:00:00+00:00
[2023-04-16T18:24:16.562+0000] {processor.py:175} INFO - Processing /home/airflow/.local/lib/python3.7/site-packages/airflow/example_dags/example_bash_operator.py took 0.184 seconds
[2023-04-16T18:24:46.675+0000] {processor.py:153} INFO - Started process (PID=2554) to work on /home/airflow/.local/lib/python3.7/site-packages/airflow/example_dags/example_bash_operator.py
[2023-04-16T18:24:46.676+0000] {processor.py:743} INFO - Processing file /home/airflow/.local/lib/python3.7/site-packages/airflow/example_dags/example_bash_operator.py for tasks to queue
[2023-04-16T18:24:46.677+0000] {logging_mixin.py:137} INFO - [2023-04-16T18:24:46.677+0000] {dagbag.py:532} INFO - Filling up the DagBag from /home/airflow/.local/lib/python3.7/site-packages/airflow/example_dags/example_bash_operator.py
[2023-04-16T18:24:46.709+0000] {processor.py:753} INFO - DAG(s) dict_keys(['example_bash_operator']) retrieved from /home/airflow/.local/lib/python3.7/site-packages/airflow/example_dags/example_bash_operator.py
[2023-04-16T18:24:46.764+0000] {logging_mixin.py:137} INFO - [2023-04-16T18:24:46.764+0000] {dag.py:2705} INFO - Sync 1 DAGs
[2023-04-16T18:24:46.801+0000] {logging_mixin.py:137} INFO - [2023-04-16T18:24:46.801+0000] {dag.py:3456} INFO - Setting next_dagrun for example_bash_operator to 2023-04-15T00:00:00+00:00, run_after=2023-04-16T00:00:00+00:00
[2023-04-16T18:24:46.830+0000] {processor.py:175} INFO - Processing /home/airflow/.local/lib/python3.7/site-packages/airflow/example_dags/example_bash_operator.py took 0.161 seconds
[2023-04-16T18:25:17.570+0000] {processor.py:153} INFO - Started process (PID=2603) to work on /home/airflow/.local/lib/python3.7/site-packages/airflow/example_dags/example_bash_operator.py
[2023-04-16T18:25:17.572+0000] {processor.py:743} INFO - Processing file /home/airflow/.local/lib/python3.7/site-packages/airflow/example_dags/example_bash_operator.py for tasks to queue
[2023-04-16T18:25:17.573+0000] {logging_mixin.py:137} INFO - [2023-04-16T18:25:17.573+0000] {dagbag.py:532} INFO - Filling up the DagBag from /home/airflow/.local/lib/python3.7/site-packages/airflow/example_dags/example_bash_operator.py
[2023-04-16T18:25:17.611+0000] {processor.py:753} INFO - DAG(s) dict_keys(['example_bash_operator']) retrieved from /home/airflow/.local/lib/python3.7/site-packages/airflow/example_dags/example_bash_operator.py
[2023-04-16T18:25:17.670+0000] {logging_mixin.py:137} INFO - [2023-04-16T18:25:17.670+0000] {dag.py:2705} INFO - Sync 1 DAGs
[2023-04-16T18:25:17.710+0000] {logging_mixin.py:137} INFO - [2023-04-16T18:25:17.710+0000] {dag.py:3456} INFO - Setting next_dagrun for example_bash_operator to 2023-04-15T00:00:00+00:00, run_after=2023-04-16T00:00:00+00:00
[2023-04-16T18:25:17.734+0000] {processor.py:175} INFO - Processing /home/airflow/.local/lib/python3.7/site-packages/airflow/example_dags/example_bash_operator.py took 0.171 seconds
[2023-04-16T18:25:48.253+0000] {processor.py:153} INFO - Started process (PID=2654) to work on /home/airflow/.local/lib/python3.7/site-packages/airflow/example_dags/example_bash_operator.py
[2023-04-16T18:25:48.254+0000] {processor.py:743} INFO - Processing file /home/airflow/.local/lib/python3.7/site-packages/airflow/example_dags/example_bash_operator.py for tasks to queue
[2023-04-16T18:25:48.255+0000] {logging_mixin.py:137} INFO - [2023-04-16T18:25:48.255+0000] {dagbag.py:532} INFO - Filling up the DagBag from /home/airflow/.local/lib/python3.7/site-packages/airflow/example_dags/example_bash_operator.py
[2023-04-16T18:25:48.295+0000] {processor.py:753} INFO - DAG(s) dict_keys(['example_bash_operator']) retrieved from /home/airflow/.local/lib/python3.7/site-packages/airflow/example_dags/example_bash_operator.py
[2023-04-16T18:25:48.353+0000] {logging_mixin.py:137} INFO - [2023-04-16T18:25:48.353+0000] {dag.py:2705} INFO - Sync 1 DAGs
[2023-04-16T18:25:48.393+0000] {logging_mixin.py:137} INFO - [2023-04-16T18:25:48.392+0000] {dag.py:3456} INFO - Setting next_dagrun for example_bash_operator to 2023-04-15T00:00:00+00:00, run_after=2023-04-16T00:00:00+00:00
[2023-04-16T18:25:48.423+0000] {processor.py:175} INFO - Processing /home/airflow/.local/lib/python3.7/site-packages/airflow/example_dags/example_bash_operator.py took 0.175 seconds
[2023-04-16T18:26:18.977+0000] {processor.py:153} INFO - Started process (PID=2703) to work on /home/airflow/.local/lib/python3.7/site-packages/airflow/example_dags/example_bash_operator.py
[2023-04-16T18:26:18.979+0000] {processor.py:743} INFO - Processing file /home/airflow/.local/lib/python3.7/site-packages/airflow/example_dags/example_bash_operator.py for tasks to queue
[2023-04-16T18:26:18.980+0000] {logging_mixin.py:137} INFO - [2023-04-16T18:26:18.979+0000] {dagbag.py:532} INFO - Filling up the DagBag from /home/airflow/.local/lib/python3.7/site-packages/airflow/example_dags/example_bash_operator.py
[2023-04-16T18:26:19.016+0000] {processor.py:753} INFO - DAG(s) dict_keys(['example_bash_operator']) retrieved from /home/airflow/.local/lib/python3.7/site-packages/airflow/example_dags/example_bash_operator.py
[2023-04-16T18:26:19.072+0000] {logging_mixin.py:137} INFO - [2023-04-16T18:26:19.071+0000] {dag.py:2705} INFO - Sync 1 DAGs
[2023-04-16T18:26:19.110+0000] {logging_mixin.py:137} INFO - [2023-04-16T18:26:19.110+0000] {dag.py:3456} INFO - Setting next_dagrun for example_bash_operator to 2023-04-15T00:00:00+00:00, run_after=2023-04-16T00:00:00+00:00
[2023-04-16T18:26:19.136+0000] {processor.py:175} INFO - Processing /home/airflow/.local/lib/python3.7/site-packages/airflow/example_dags/example_bash_operator.py took 0.165 seconds
[2023-04-16T18:26:49.771+0000] {processor.py:153} INFO - Started process (PID=2753) to work on /home/airflow/.local/lib/python3.7/site-packages/airflow/example_dags/example_bash_operator.py
[2023-04-16T18:26:49.772+0000] {processor.py:743} INFO - Processing file /home/airflow/.local/lib/python3.7/site-packages/airflow/example_dags/example_bash_operator.py for tasks to queue
[2023-04-16T18:26:49.773+0000] {logging_mixin.py:137} INFO - [2023-04-16T18:26:49.773+0000] {dagbag.py:532} INFO - Filling up the DagBag from /home/airflow/.local/lib/python3.7/site-packages/airflow/example_dags/example_bash_operator.py
[2023-04-16T18:26:49.809+0000] {processor.py:753} INFO - DAG(s) dict_keys(['example_bash_operator']) retrieved from /home/airflow/.local/lib/python3.7/site-packages/airflow/example_dags/example_bash_operator.py
[2023-04-16T18:26:49.867+0000] {logging_mixin.py:137} INFO - [2023-04-16T18:26:49.867+0000] {dag.py:2705} INFO - Sync 1 DAGs
[2023-04-16T18:26:49.905+0000] {logging_mixin.py:137} INFO - [2023-04-16T18:26:49.904+0000] {dag.py:3456} INFO - Setting next_dagrun for example_bash_operator to 2023-04-15T00:00:00+00:00, run_after=2023-04-16T00:00:00+00:00
[2023-04-16T18:26:49.936+0000] {processor.py:175} INFO - Processing /home/airflow/.local/lib/python3.7/site-packages/airflow/example_dags/example_bash_operator.py took 0.171 seconds
[2023-04-16T18:27:20.474+0000] {processor.py:153} INFO - Started process (PID=2803) to work on /home/airflow/.local/lib/python3.7/site-packages/airflow/example_dags/example_bash_operator.py
[2023-04-16T18:27:20.476+0000] {processor.py:743} INFO - Processing file /home/airflow/.local/lib/python3.7/site-packages/airflow/example_dags/example_bash_operator.py for tasks to queue
[2023-04-16T18:27:20.477+0000] {logging_mixin.py:137} INFO - [2023-04-16T18:27:20.477+0000] {dagbag.py:532} INFO - Filling up the DagBag from /home/airflow/.local/lib/python3.7/site-packages/airflow/example_dags/example_bash_operator.py
[2023-04-16T18:27:20.509+0000] {processor.py:753} INFO - DAG(s) dict_keys(['example_bash_operator']) retrieved from /home/airflow/.local/lib/python3.7/site-packages/airflow/example_dags/example_bash_operator.py
[2023-04-16T18:27:20.588+0000] {logging_mixin.py:137} INFO - [2023-04-16T18:27:20.588+0000] {dag.py:2705} INFO - Sync 1 DAGs
[2023-04-16T18:27:20.638+0000] {logging_mixin.py:137} INFO - [2023-04-16T18:27:20.638+0000] {dag.py:3456} INFO - Setting next_dagrun for example_bash_operator to 2023-04-15T00:00:00+00:00, run_after=2023-04-16T00:00:00+00:00
[2023-04-16T18:27:20.664+0000] {processor.py:175} INFO - Processing /home/airflow/.local/lib/python3.7/site-packages/airflow/example_dags/example_bash_operator.py took 0.195 seconds
[2023-04-16T18:27:51.172+0000] {processor.py:153} INFO - Started process (PID=2854) to work on /home/airflow/.local/lib/python3.7/site-packages/airflow/example_dags/example_bash_operator.py
[2023-04-16T18:27:51.173+0000] {processor.py:743} INFO - Processing file /home/airflow/.local/lib/python3.7/site-packages/airflow/example_dags/example_bash_operator.py for tasks to queue
[2023-04-16T18:27:51.174+0000] {logging_mixin.py:137} INFO - [2023-04-16T18:27:51.174+0000] {dagbag.py:532} INFO - Filling up the DagBag from /home/airflow/.local/lib/python3.7/site-packages/airflow/example_dags/example_bash_operator.py
[2023-04-16T18:27:51.206+0000] {processor.py:753} INFO - DAG(s) dict_keys(['example_bash_operator']) retrieved from /home/airflow/.local/lib/python3.7/site-packages/airflow/example_dags/example_bash_operator.py
[2023-04-16T18:27:51.265+0000] {logging_mixin.py:137} INFO - [2023-04-16T18:27:51.265+0000] {dag.py:2705} INFO - Sync 1 DAGs
[2023-04-16T18:27:51.316+0000] {logging_mixin.py:137} INFO - [2023-04-16T18:27:51.316+0000] {dag.py:3456} INFO - Setting next_dagrun for example_bash_operator to 2023-04-15T00:00:00+00:00, run_after=2023-04-16T00:00:00+00:00
[2023-04-16T18:27:51.347+0000] {processor.py:175} INFO - Processing /home/airflow/.local/lib/python3.7/site-packages/airflow/example_dags/example_bash_operator.py took 0.180 seconds
[2023-04-16T18:28:21.725+0000] {processor.py:153} INFO - Started process (PID=2904) to work on /home/airflow/.local/lib/python3.7/site-packages/airflow/example_dags/example_bash_operator.py
[2023-04-16T18:28:21.727+0000] {processor.py:743} INFO - Processing file /home/airflow/.local/lib/python3.7/site-packages/airflow/example_dags/example_bash_operator.py for tasks to queue
[2023-04-16T18:28:21.728+0000] {logging_mixin.py:137} INFO - [2023-04-16T18:28:21.728+0000] {dagbag.py:532} INFO - Filling up the DagBag from /home/airflow/.local/lib/python3.7/site-packages/airflow/example_dags/example_bash_operator.py
[2023-04-16T18:28:21.767+0000] {processor.py:753} INFO - DAG(s) dict_keys(['example_bash_operator']) retrieved from /home/airflow/.local/lib/python3.7/site-packages/airflow/example_dags/example_bash_operator.py
[2023-04-16T18:28:21.826+0000] {logging_mixin.py:137} INFO - [2023-04-16T18:28:21.826+0000] {dag.py:2705} INFO - Sync 1 DAGs
[2023-04-16T18:28:21.866+0000] {logging_mixin.py:137} INFO - [2023-04-16T18:28:21.866+0000] {dag.py:3456} INFO - Setting next_dagrun for example_bash_operator to 2023-04-15T00:00:00+00:00, run_after=2023-04-16T00:00:00+00:00
[2023-04-16T18:28:21.894+0000] {processor.py:175} INFO - Processing /home/airflow/.local/lib/python3.7/site-packages/airflow/example_dags/example_bash_operator.py took 0.174 seconds
[2023-04-16T18:28:52.525+0000] {processor.py:153} INFO - Started process (PID=2954) to work on /home/airflow/.local/lib/python3.7/site-packages/airflow/example_dags/example_bash_operator.py
[2023-04-16T18:28:52.527+0000] {processor.py:743} INFO - Processing file /home/airflow/.local/lib/python3.7/site-packages/airflow/example_dags/example_bash_operator.py for tasks to queue
[2023-04-16T18:28:52.528+0000] {logging_mixin.py:137} INFO - [2023-04-16T18:28:52.528+0000] {dagbag.py:532} INFO - Filling up the DagBag from /home/airflow/.local/lib/python3.7/site-packages/airflow/example_dags/example_bash_operator.py
[2023-04-16T18:28:52.559+0000] {processor.py:753} INFO - DAG(s) dict_keys(['example_bash_operator']) retrieved from /home/airflow/.local/lib/python3.7/site-packages/airflow/example_dags/example_bash_operator.py
[2023-04-16T18:28:52.628+0000] {logging_mixin.py:137} INFO - [2023-04-16T18:28:52.628+0000] {dag.py:2705} INFO - Sync 1 DAGs
[2023-04-16T18:28:52.671+0000] {logging_mixin.py:137} INFO - [2023-04-16T18:28:52.671+0000] {dag.py:3456} INFO - Setting next_dagrun for example_bash_operator to 2023-04-15T00:00:00+00:00, run_after=2023-04-16T00:00:00+00:00
[2023-04-16T18:28:52.697+0000] {processor.py:175} INFO - Processing /home/airflow/.local/lib/python3.7/site-packages/airflow/example_dags/example_bash_operator.py took 0.178 seconds
[2023-04-16T18:29:23.184+0000] {processor.py:153} INFO - Started process (PID=3005) to work on /home/airflow/.local/lib/python3.7/site-packages/airflow/example_dags/example_bash_operator.py
[2023-04-16T18:29:23.186+0000] {processor.py:743} INFO - Processing file /home/airflow/.local/lib/python3.7/site-packages/airflow/example_dags/example_bash_operator.py for tasks to queue
[2023-04-16T18:29:23.187+0000] {logging_mixin.py:137} INFO - [2023-04-16T18:29:23.187+0000] {dagbag.py:532} INFO - Filling up the DagBag from /home/airflow/.local/lib/python3.7/site-packages/airflow/example_dags/example_bash_operator.py
[2023-04-16T18:29:23.219+0000] {processor.py:753} INFO - DAG(s) dict_keys(['example_bash_operator']) retrieved from /home/airflow/.local/lib/python3.7/site-packages/airflow/example_dags/example_bash_operator.py
[2023-04-16T18:29:23.275+0000] {logging_mixin.py:137} INFO - [2023-04-16T18:29:23.274+0000] {dag.py:2705} INFO - Sync 1 DAGs
[2023-04-16T18:29:23.312+0000] {logging_mixin.py:137} INFO - [2023-04-16T18:29:23.312+0000] {dag.py:3456} INFO - Setting next_dagrun for example_bash_operator to 2023-04-15T00:00:00+00:00, run_after=2023-04-16T00:00:00+00:00
[2023-04-16T18:29:23.338+0000] {processor.py:175} INFO - Processing /home/airflow/.local/lib/python3.7/site-packages/airflow/example_dags/example_bash_operator.py took 0.159 seconds
[2023-04-16T18:29:53.745+0000] {processor.py:153} INFO - Started process (PID=3056) to work on /home/airflow/.local/lib/python3.7/site-packages/airflow/example_dags/example_bash_operator.py
[2023-04-16T18:29:53.747+0000] {processor.py:743} INFO - Processing file /home/airflow/.local/lib/python3.7/site-packages/airflow/example_dags/example_bash_operator.py for tasks to queue
[2023-04-16T18:29:53.747+0000] {logging_mixin.py:137} INFO - [2023-04-16T18:29:53.747+0000] {dagbag.py:532} INFO - Filling up the DagBag from /home/airflow/.local/lib/python3.7/site-packages/airflow/example_dags/example_bash_operator.py
[2023-04-16T18:29:53.788+0000] {processor.py:753} INFO - DAG(s) dict_keys(['example_bash_operator']) retrieved from /home/airflow/.local/lib/python3.7/site-packages/airflow/example_dags/example_bash_operator.py
[2023-04-16T18:29:53.844+0000] {logging_mixin.py:137} INFO - [2023-04-16T18:29:53.844+0000] {dag.py:2705} INFO - Sync 1 DAGs
[2023-04-16T18:29:53.883+0000] {logging_mixin.py:137} INFO - [2023-04-16T18:29:53.883+0000] {dag.py:3456} INFO - Setting next_dagrun for example_bash_operator to 2023-04-15T00:00:00+00:00, run_after=2023-04-16T00:00:00+00:00
[2023-04-16T18:29:53.908+0000] {processor.py:175} INFO - Processing /home/airflow/.local/lib/python3.7/site-packages/airflow/example_dags/example_bash_operator.py took 0.169 seconds
[2023-04-16T18:30:24.522+0000] {processor.py:153} INFO - Started process (PID=3106) to work on /home/airflow/.local/lib/python3.7/site-packages/airflow/example_dags/example_bash_operator.py
[2023-04-16T18:30:24.524+0000] {processor.py:743} INFO - Processing file /home/airflow/.local/lib/python3.7/site-packages/airflow/example_dags/example_bash_operator.py for tasks to queue
[2023-04-16T18:30:24.525+0000] {logging_mixin.py:137} INFO - [2023-04-16T18:30:24.525+0000] {dagbag.py:532} INFO - Filling up the DagBag from /home/airflow/.local/lib/python3.7/site-packages/airflow/example_dags/example_bash_operator.py
[2023-04-16T18:30:24.573+0000] {processor.py:753} INFO - DAG(s) dict_keys(['example_bash_operator']) retrieved from /home/airflow/.local/lib/python3.7/site-packages/airflow/example_dags/example_bash_operator.py
[2023-04-16T18:30:24.640+0000] {logging_mixin.py:137} INFO - [2023-04-16T18:30:24.640+0000] {dag.py:2705} INFO - Sync 1 DAGs
[2023-04-16T18:30:24.680+0000] {logging_mixin.py:137} INFO - [2023-04-16T18:30:24.679+0000] {dag.py:3456} INFO - Setting next_dagrun for example_bash_operator to 2023-04-15T00:00:00+00:00, run_after=2023-04-16T00:00:00+00:00
[2023-04-16T18:30:24.706+0000] {processor.py:175} INFO - Processing /home/airflow/.local/lib/python3.7/site-packages/airflow/example_dags/example_bash_operator.py took 0.190 seconds
