[2023-04-16T17:59:23.668+0000] {processor.py:153} INFO - Started process (PID=68) to work on /home/airflow/.local/lib/python3.7/site-packages/airflow/example_dags/example_branch_python_dop_operator_3.py
[2023-04-16T17:59:23.669+0000] {processor.py:743} INFO - Processing file /home/airflow/.local/lib/python3.7/site-packages/airflow/example_dags/example_branch_python_dop_operator_3.py for tasks to queue
[2023-04-16T17:59:23.670+0000] {logging_mixin.py:137} INFO - [2023-04-16T17:59:23.670+0000] {dagbag.py:532} INFO - Filling up the DagBag from /home/airflow/.local/lib/python3.7/site-packages/airflow/example_dags/example_branch_python_dop_operator_3.py
[2023-04-16T17:59:23.715+0000] {processor.py:753} INFO - DAG(s) dict_keys(['example_branch_dop_operator_v3']) retrieved from /home/airflow/.local/lib/python3.7/site-packages/airflow/example_dags/example_branch_python_dop_operator_3.py
[2023-04-16T17:59:23.765+0000] {logging_mixin.py:137} INFO - [2023-04-16T17:59:23.765+0000] {dag.py:2705} INFO - Sync 1 DAGs
[2023-04-16T17:59:23.833+0000] {logging_mixin.py:137} INFO - [2023-04-16T17:59:23.833+0000] {dag.py:3456} INFO - Setting next_dagrun for example_branch_dop_operator_v3 to 2023-04-16T17:58:00+00:00, run_after=2023-04-16T17:59:00+00:00
[2023-04-16T17:59:23.876+0000] {processor.py:175} INFO - Processing /home/airflow/.local/lib/python3.7/site-packages/airflow/example_dags/example_branch_python_dop_operator_3.py took 0.215 seconds
[2023-04-16T17:59:54.425+0000] {processor.py:153} INFO - Started process (PID=118) to work on /home/airflow/.local/lib/python3.7/site-packages/airflow/example_dags/example_branch_python_dop_operator_3.py
[2023-04-16T17:59:54.426+0000] {processor.py:743} INFO - Processing file /home/airflow/.local/lib/python3.7/site-packages/airflow/example_dags/example_branch_python_dop_operator_3.py for tasks to queue
[2023-04-16T17:59:54.427+0000] {logging_mixin.py:137} INFO - [2023-04-16T17:59:54.427+0000] {dagbag.py:532} INFO - Filling up the DagBag from /home/airflow/.local/lib/python3.7/site-packages/airflow/example_dags/example_branch_python_dop_operator_3.py
[2023-04-16T17:59:54.460+0000] {processor.py:753} INFO - DAG(s) dict_keys(['example_branch_dop_operator_v3']) retrieved from /home/airflow/.local/lib/python3.7/site-packages/airflow/example_dags/example_branch_python_dop_operator_3.py
[2023-04-16T17:59:54.498+0000] {logging_mixin.py:137} INFO - [2023-04-16T17:59:54.498+0000] {dag.py:2705} INFO - Sync 1 DAGs
[2023-04-16T17:59:54.553+0000] {logging_mixin.py:137} INFO - [2023-04-16T17:59:54.553+0000] {dag.py:3456} INFO - Setting next_dagrun for example_branch_dop_operator_v3 to 2023-04-16T17:58:00+00:00, run_after=2023-04-16T17:59:00+00:00
[2023-04-16T17:59:54.579+0000] {processor.py:175} INFO - Processing /home/airflow/.local/lib/python3.7/site-packages/airflow/example_dags/example_branch_python_dop_operator_3.py took 0.160 seconds
[2023-04-16T18:00:24.786+0000] {processor.py:153} INFO - Started process (PID=169) to work on /home/airflow/.local/lib/python3.7/site-packages/airflow/example_dags/example_branch_python_dop_operator_3.py
[2023-04-16T18:00:24.787+0000] {processor.py:743} INFO - Processing file /home/airflow/.local/lib/python3.7/site-packages/airflow/example_dags/example_branch_python_dop_operator_3.py for tasks to queue
[2023-04-16T18:00:24.788+0000] {logging_mixin.py:137} INFO - [2023-04-16T18:00:24.788+0000] {dagbag.py:532} INFO - Filling up the DagBag from /home/airflow/.local/lib/python3.7/site-packages/airflow/example_dags/example_branch_python_dop_operator_3.py
[2023-04-16T18:00:24.826+0000] {processor.py:753} INFO - DAG(s) dict_keys(['example_branch_dop_operator_v3']) retrieved from /home/airflow/.local/lib/python3.7/site-packages/airflow/example_dags/example_branch_python_dop_operator_3.py
[2023-04-16T18:00:24.873+0000] {logging_mixin.py:137} INFO - [2023-04-16T18:00:24.873+0000] {dag.py:2705} INFO - Sync 1 DAGs
[2023-04-16T18:00:24.928+0000] {logging_mixin.py:137} INFO - [2023-04-16T18:00:24.928+0000] {dag.py:3456} INFO - Setting next_dagrun for example_branch_dop_operator_v3 to 2023-04-16T17:59:00+00:00, run_after=2023-04-16T18:00:00+00:00
[2023-04-16T18:00:24.963+0000] {processor.py:175} INFO - Processing /home/airflow/.local/lib/python3.7/site-packages/airflow/example_dags/example_branch_python_dop_operator_3.py took 0.183 seconds
[2023-04-16T18:00:55.176+0000] {processor.py:153} INFO - Started process (PID=219) to work on /home/airflow/.local/lib/python3.7/site-packages/airflow/example_dags/example_branch_python_dop_operator_3.py
[2023-04-16T18:00:55.178+0000] {processor.py:743} INFO - Processing file /home/airflow/.local/lib/python3.7/site-packages/airflow/example_dags/example_branch_python_dop_operator_3.py for tasks to queue
[2023-04-16T18:00:55.179+0000] {logging_mixin.py:137} INFO - [2023-04-16T18:00:55.178+0000] {dagbag.py:532} INFO - Filling up the DagBag from /home/airflow/.local/lib/python3.7/site-packages/airflow/example_dags/example_branch_python_dop_operator_3.py
[2023-04-16T18:00:55.214+0000] {processor.py:753} INFO - DAG(s) dict_keys(['example_branch_dop_operator_v3']) retrieved from /home/airflow/.local/lib/python3.7/site-packages/airflow/example_dags/example_branch_python_dop_operator_3.py
[2023-04-16T18:00:55.251+0000] {logging_mixin.py:137} INFO - [2023-04-16T18:00:55.251+0000] {dag.py:2705} INFO - Sync 1 DAGs
[2023-04-16T18:00:55.294+0000] {logging_mixin.py:137} INFO - [2023-04-16T18:00:55.294+0000] {dag.py:3456} INFO - Setting next_dagrun for example_branch_dop_operator_v3 to 2023-04-16T17:59:00+00:00, run_after=2023-04-16T18:00:00+00:00
[2023-04-16T18:00:55.326+0000] {processor.py:175} INFO - Processing /home/airflow/.local/lib/python3.7/site-packages/airflow/example_dags/example_branch_python_dop_operator_3.py took 0.155 seconds
[2023-04-16T18:01:25.456+0000] {processor.py:153} INFO - Started process (PID=269) to work on /home/airflow/.local/lib/python3.7/site-packages/airflow/example_dags/example_branch_python_dop_operator_3.py
[2023-04-16T18:01:25.458+0000] {processor.py:743} INFO - Processing file /home/airflow/.local/lib/python3.7/site-packages/airflow/example_dags/example_branch_python_dop_operator_3.py for tasks to queue
[2023-04-16T18:01:25.458+0000] {logging_mixin.py:137} INFO - [2023-04-16T18:01:25.458+0000] {dagbag.py:532} INFO - Filling up the DagBag from /home/airflow/.local/lib/python3.7/site-packages/airflow/example_dags/example_branch_python_dop_operator_3.py
[2023-04-16T18:01:25.493+0000] {processor.py:753} INFO - DAG(s) dict_keys(['example_branch_dop_operator_v3']) retrieved from /home/airflow/.local/lib/python3.7/site-packages/airflow/example_dags/example_branch_python_dop_operator_3.py
[2023-04-16T18:01:25.531+0000] {logging_mixin.py:137} INFO - [2023-04-16T18:01:25.531+0000] {dag.py:2705} INFO - Sync 1 DAGs
[2023-04-16T18:01:25.577+0000] {logging_mixin.py:137} INFO - [2023-04-16T18:01:25.576+0000] {dag.py:3456} INFO - Setting next_dagrun for example_branch_dop_operator_v3 to 2023-04-16T18:00:00+00:00, run_after=2023-04-16T18:01:00+00:00
[2023-04-16T18:01:25.603+0000] {processor.py:175} INFO - Processing /home/airflow/.local/lib/python3.7/site-packages/airflow/example_dags/example_branch_python_dop_operator_3.py took 0.152 seconds
[2023-04-16T18:01:56.091+0000] {processor.py:153} INFO - Started process (PID=319) to work on /home/airflow/.local/lib/python3.7/site-packages/airflow/example_dags/example_branch_python_dop_operator_3.py
[2023-04-16T18:01:56.092+0000] {processor.py:743} INFO - Processing file /home/airflow/.local/lib/python3.7/site-packages/airflow/example_dags/example_branch_python_dop_operator_3.py for tasks to queue
[2023-04-16T18:01:56.093+0000] {logging_mixin.py:137} INFO - [2023-04-16T18:01:56.093+0000] {dagbag.py:532} INFO - Filling up the DagBag from /home/airflow/.local/lib/python3.7/site-packages/airflow/example_dags/example_branch_python_dop_operator_3.py
[2023-04-16T18:01:56.127+0000] {processor.py:753} INFO - DAG(s) dict_keys(['example_branch_dop_operator_v3']) retrieved from /home/airflow/.local/lib/python3.7/site-packages/airflow/example_dags/example_branch_python_dop_operator_3.py
[2023-04-16T18:01:56.165+0000] {logging_mixin.py:137} INFO - [2023-04-16T18:01:56.165+0000] {dag.py:2705} INFO - Sync 1 DAGs
[2023-04-16T18:01:56.208+0000] {logging_mixin.py:137} INFO - [2023-04-16T18:01:56.208+0000] {dag.py:3456} INFO - Setting next_dagrun for example_branch_dop_operator_v3 to 2023-04-16T18:00:00+00:00, run_after=2023-04-16T18:01:00+00:00
[2023-04-16T18:01:56.233+0000] {processor.py:175} INFO - Processing /home/airflow/.local/lib/python3.7/site-packages/airflow/example_dags/example_branch_python_dop_operator_3.py took 0.148 seconds
[2023-04-16T18:02:26.921+0000] {processor.py:153} INFO - Started process (PID=370) to work on /home/airflow/.local/lib/python3.7/site-packages/airflow/example_dags/example_branch_python_dop_operator_3.py
[2023-04-16T18:02:26.923+0000] {processor.py:743} INFO - Processing file /home/airflow/.local/lib/python3.7/site-packages/airflow/example_dags/example_branch_python_dop_operator_3.py for tasks to queue
[2023-04-16T18:02:26.923+0000] {logging_mixin.py:137} INFO - [2023-04-16T18:02:26.923+0000] {dagbag.py:532} INFO - Filling up the DagBag from /home/airflow/.local/lib/python3.7/site-packages/airflow/example_dags/example_branch_python_dop_operator_3.py
[2023-04-16T18:02:26.958+0000] {processor.py:753} INFO - DAG(s) dict_keys(['example_branch_dop_operator_v3']) retrieved from /home/airflow/.local/lib/python3.7/site-packages/airflow/example_dags/example_branch_python_dop_operator_3.py
[2023-04-16T18:02:26.996+0000] {logging_mixin.py:137} INFO - [2023-04-16T18:02:26.996+0000] {dag.py:2705} INFO - Sync 1 DAGs
[2023-04-16T18:02:27.039+0000] {logging_mixin.py:137} INFO - [2023-04-16T18:02:27.039+0000] {dag.py:3456} INFO - Setting next_dagrun for example_branch_dop_operator_v3 to 2023-04-16T18:01:00+00:00, run_after=2023-04-16T18:02:00+00:00
[2023-04-16T18:02:27.066+0000] {processor.py:175} INFO - Processing /home/airflow/.local/lib/python3.7/site-packages/airflow/example_dags/example_branch_python_dop_operator_3.py took 0.150 seconds
[2023-04-16T18:02:57.724+0000] {processor.py:153} INFO - Started process (PID=421) to work on /home/airflow/.local/lib/python3.7/site-packages/airflow/example_dags/example_branch_python_dop_operator_3.py
[2023-04-16T18:02:57.725+0000] {processor.py:743} INFO - Processing file /home/airflow/.local/lib/python3.7/site-packages/airflow/example_dags/example_branch_python_dop_operator_3.py for tasks to queue
[2023-04-16T18:02:57.726+0000] {logging_mixin.py:137} INFO - [2023-04-16T18:02:57.726+0000] {dagbag.py:532} INFO - Filling up the DagBag from /home/airflow/.local/lib/python3.7/site-packages/airflow/example_dags/example_branch_python_dop_operator_3.py
[2023-04-16T18:02:57.764+0000] {processor.py:753} INFO - DAG(s) dict_keys(['example_branch_dop_operator_v3']) retrieved from /home/airflow/.local/lib/python3.7/site-packages/airflow/example_dags/example_branch_python_dop_operator_3.py
[2023-04-16T18:02:57.802+0000] {logging_mixin.py:137} INFO - [2023-04-16T18:02:57.802+0000] {dag.py:2705} INFO - Sync 1 DAGs
[2023-04-16T18:02:57.846+0000] {logging_mixin.py:137} INFO - [2023-04-16T18:02:57.846+0000] {dag.py:3456} INFO - Setting next_dagrun for example_branch_dop_operator_v3 to 2023-04-16T18:01:00+00:00, run_after=2023-04-16T18:02:00+00:00
[2023-04-16T18:02:57.873+0000] {processor.py:175} INFO - Processing /home/airflow/.local/lib/python3.7/site-packages/airflow/example_dags/example_branch_python_dop_operator_3.py took 0.154 seconds
[2023-04-16T18:03:28.563+0000] {processor.py:153} INFO - Started process (PID=471) to work on /home/airflow/.local/lib/python3.7/site-packages/airflow/example_dags/example_branch_python_dop_operator_3.py
[2023-04-16T18:03:28.565+0000] {processor.py:743} INFO - Processing file /home/airflow/.local/lib/python3.7/site-packages/airflow/example_dags/example_branch_python_dop_operator_3.py for tasks to queue
[2023-04-16T18:03:28.566+0000] {logging_mixin.py:137} INFO - [2023-04-16T18:03:28.566+0000] {dagbag.py:532} INFO - Filling up the DagBag from /home/airflow/.local/lib/python3.7/site-packages/airflow/example_dags/example_branch_python_dop_operator_3.py
[2023-04-16T18:03:28.608+0000] {processor.py:753} INFO - DAG(s) dict_keys(['example_branch_dop_operator_v3']) retrieved from /home/airflow/.local/lib/python3.7/site-packages/airflow/example_dags/example_branch_python_dop_operator_3.py
[2023-04-16T18:03:28.662+0000] {logging_mixin.py:137} INFO - [2023-04-16T18:03:28.662+0000] {dag.py:2705} INFO - Sync 1 DAGs
[2023-04-16T18:03:28.732+0000] {logging_mixin.py:137} INFO - [2023-04-16T18:03:28.732+0000] {dag.py:3456} INFO - Setting next_dagrun for example_branch_dop_operator_v3 to 2023-04-16T18:02:00+00:00, run_after=2023-04-16T18:03:00+00:00
[2023-04-16T18:03:28.769+0000] {processor.py:175} INFO - Processing /home/airflow/.local/lib/python3.7/site-packages/airflow/example_dags/example_branch_python_dop_operator_3.py took 0.213 seconds
[2023-04-16T18:03:58.837+0000] {processor.py:153} INFO - Started process (PID=519) to work on /home/airflow/.local/lib/python3.7/site-packages/airflow/example_dags/example_branch_python_dop_operator_3.py
[2023-04-16T18:03:58.839+0000] {processor.py:743} INFO - Processing file /home/airflow/.local/lib/python3.7/site-packages/airflow/example_dags/example_branch_python_dop_operator_3.py for tasks to queue
[2023-04-16T18:03:58.841+0000] {logging_mixin.py:137} INFO - [2023-04-16T18:03:58.840+0000] {dagbag.py:532} INFO - Filling up the DagBag from /home/airflow/.local/lib/python3.7/site-packages/airflow/example_dags/example_branch_python_dop_operator_3.py
[2023-04-16T18:03:58.876+0000] {processor.py:753} INFO - DAG(s) dict_keys(['example_branch_dop_operator_v3']) retrieved from /home/airflow/.local/lib/python3.7/site-packages/airflow/example_dags/example_branch_python_dop_operator_3.py
[2023-04-16T18:03:58.914+0000] {logging_mixin.py:137} INFO - [2023-04-16T18:03:58.913+0000] {dag.py:2705} INFO - Sync 1 DAGs
[2023-04-16T18:03:58.965+0000] {logging_mixin.py:137} INFO - [2023-04-16T18:03:58.964+0000] {dag.py:3456} INFO - Setting next_dagrun for example_branch_dop_operator_v3 to 2023-04-16T18:02:00+00:00, run_after=2023-04-16T18:03:00+00:00
[2023-04-16T18:03:59.019+0000] {processor.py:175} INFO - Processing /home/airflow/.local/lib/python3.7/site-packages/airflow/example_dags/example_branch_python_dop_operator_3.py took 0.186 seconds
[2023-04-16T18:04:29.071+0000] {processor.py:153} INFO - Started process (PID=569) to work on /home/airflow/.local/lib/python3.7/site-packages/airflow/example_dags/example_branch_python_dop_operator_3.py
[2023-04-16T18:04:29.073+0000] {processor.py:743} INFO - Processing file /home/airflow/.local/lib/python3.7/site-packages/airflow/example_dags/example_branch_python_dop_operator_3.py for tasks to queue
[2023-04-16T18:04:29.073+0000] {logging_mixin.py:137} INFO - [2023-04-16T18:04:29.073+0000] {dagbag.py:532} INFO - Filling up the DagBag from /home/airflow/.local/lib/python3.7/site-packages/airflow/example_dags/example_branch_python_dop_operator_3.py
[2023-04-16T18:04:29.107+0000] {processor.py:753} INFO - DAG(s) dict_keys(['example_branch_dop_operator_v3']) retrieved from /home/airflow/.local/lib/python3.7/site-packages/airflow/example_dags/example_branch_python_dop_operator_3.py
[2023-04-16T18:04:29.145+0000] {logging_mixin.py:137} INFO - [2023-04-16T18:04:29.145+0000] {dag.py:2705} INFO - Sync 1 DAGs
[2023-04-16T18:04:29.186+0000] {logging_mixin.py:137} INFO - [2023-04-16T18:04:29.186+0000] {dag.py:3456} INFO - Setting next_dagrun for example_branch_dop_operator_v3 to 2023-04-16T18:03:00+00:00, run_after=2023-04-16T18:04:00+00:00
[2023-04-16T18:04:29.213+0000] {processor.py:175} INFO - Processing /home/airflow/.local/lib/python3.7/site-packages/airflow/example_dags/example_branch_python_dop_operator_3.py took 0.146 seconds
[2023-04-16T18:04:59.435+0000] {processor.py:153} INFO - Started process (PID=618) to work on /home/airflow/.local/lib/python3.7/site-packages/airflow/example_dags/example_branch_python_dop_operator_3.py
[2023-04-16T18:04:59.437+0000] {processor.py:743} INFO - Processing file /home/airflow/.local/lib/python3.7/site-packages/airflow/example_dags/example_branch_python_dop_operator_3.py for tasks to queue
[2023-04-16T18:04:59.438+0000] {logging_mixin.py:137} INFO - [2023-04-16T18:04:59.438+0000] {dagbag.py:532} INFO - Filling up the DagBag from /home/airflow/.local/lib/python3.7/site-packages/airflow/example_dags/example_branch_python_dop_operator_3.py
[2023-04-16T18:04:59.484+0000] {processor.py:753} INFO - DAG(s) dict_keys(['example_branch_dop_operator_v3']) retrieved from /home/airflow/.local/lib/python3.7/site-packages/airflow/example_dags/example_branch_python_dop_operator_3.py
[2023-04-16T18:04:59.521+0000] {logging_mixin.py:137} INFO - [2023-04-16T18:04:59.520+0000] {dag.py:2705} INFO - Sync 1 DAGs
[2023-04-16T18:04:59.565+0000] {logging_mixin.py:137} INFO - [2023-04-16T18:04:59.564+0000] {dag.py:3456} INFO - Setting next_dagrun for example_branch_dop_operator_v3 to 2023-04-16T18:03:00+00:00, run_after=2023-04-16T18:04:00+00:00
[2023-04-16T18:04:59.588+0000] {processor.py:175} INFO - Processing /home/airflow/.local/lib/python3.7/site-packages/airflow/example_dags/example_branch_python_dop_operator_3.py took 0.159 seconds
[2023-04-16T18:05:29.772+0000] {processor.py:153} INFO - Started process (PID=668) to work on /home/airflow/.local/lib/python3.7/site-packages/airflow/example_dags/example_branch_python_dop_operator_3.py
[2023-04-16T18:05:29.774+0000] {processor.py:743} INFO - Processing file /home/airflow/.local/lib/python3.7/site-packages/airflow/example_dags/example_branch_python_dop_operator_3.py for tasks to queue
[2023-04-16T18:05:29.775+0000] {logging_mixin.py:137} INFO - [2023-04-16T18:05:29.774+0000] {dagbag.py:532} INFO - Filling up the DagBag from /home/airflow/.local/lib/python3.7/site-packages/airflow/example_dags/example_branch_python_dop_operator_3.py
[2023-04-16T18:05:29.809+0000] {processor.py:753} INFO - DAG(s) dict_keys(['example_branch_dop_operator_v3']) retrieved from /home/airflow/.local/lib/python3.7/site-packages/airflow/example_dags/example_branch_python_dop_operator_3.py
[2023-04-16T18:05:29.853+0000] {logging_mixin.py:137} INFO - [2023-04-16T18:05:29.852+0000] {dag.py:2705} INFO - Sync 1 DAGs
[2023-04-16T18:05:29.896+0000] {logging_mixin.py:137} INFO - [2023-04-16T18:05:29.896+0000] {dag.py:3456} INFO - Setting next_dagrun for example_branch_dop_operator_v3 to 2023-04-16T18:04:00+00:00, run_after=2023-04-16T18:05:00+00:00
[2023-04-16T18:05:29.922+0000] {processor.py:175} INFO - Processing /home/airflow/.local/lib/python3.7/site-packages/airflow/example_dags/example_branch_python_dop_operator_3.py took 0.155 seconds
[2023-04-16T18:06:00.039+0000] {processor.py:153} INFO - Started process (PID=717) to work on /home/airflow/.local/lib/python3.7/site-packages/airflow/example_dags/example_branch_python_dop_operator_3.py
[2023-04-16T18:06:00.040+0000] {processor.py:743} INFO - Processing file /home/airflow/.local/lib/python3.7/site-packages/airflow/example_dags/example_branch_python_dop_operator_3.py for tasks to queue
[2023-04-16T18:06:00.041+0000] {logging_mixin.py:137} INFO - [2023-04-16T18:06:00.041+0000] {dagbag.py:532} INFO - Filling up the DagBag from /home/airflow/.local/lib/python3.7/site-packages/airflow/example_dags/example_branch_python_dop_operator_3.py
[2023-04-16T18:06:00.075+0000] {processor.py:753} INFO - DAG(s) dict_keys(['example_branch_dop_operator_v3']) retrieved from /home/airflow/.local/lib/python3.7/site-packages/airflow/example_dags/example_branch_python_dop_operator_3.py
[2023-04-16T18:06:00.112+0000] {logging_mixin.py:137} INFO - [2023-04-16T18:06:00.112+0000] {dag.py:2705} INFO - Sync 1 DAGs
[2023-04-16T18:06:00.159+0000] {logging_mixin.py:137} INFO - [2023-04-16T18:06:00.159+0000] {dag.py:3456} INFO - Setting next_dagrun for example_branch_dop_operator_v3 to 2023-04-16T18:05:00+00:00, run_after=2023-04-16T18:06:00+00:00
[2023-04-16T18:06:00.187+0000] {processor.py:175} INFO - Processing /home/airflow/.local/lib/python3.7/site-packages/airflow/example_dags/example_branch_python_dop_operator_3.py took 0.155 seconds
[2023-04-16T18:06:30.359+0000] {processor.py:153} INFO - Started process (PID=766) to work on /home/airflow/.local/lib/python3.7/site-packages/airflow/example_dags/example_branch_python_dop_operator_3.py
[2023-04-16T18:06:30.361+0000] {processor.py:743} INFO - Processing file /home/airflow/.local/lib/python3.7/site-packages/airflow/example_dags/example_branch_python_dop_operator_3.py for tasks to queue
[2023-04-16T18:06:30.362+0000] {logging_mixin.py:137} INFO - [2023-04-16T18:06:30.362+0000] {dagbag.py:532} INFO - Filling up the DagBag from /home/airflow/.local/lib/python3.7/site-packages/airflow/example_dags/example_branch_python_dop_operator_3.py
[2023-04-16T18:06:30.396+0000] {processor.py:753} INFO - DAG(s) dict_keys(['example_branch_dop_operator_v3']) retrieved from /home/airflow/.local/lib/python3.7/site-packages/airflow/example_dags/example_branch_python_dop_operator_3.py
[2023-04-16T18:06:30.431+0000] {logging_mixin.py:137} INFO - [2023-04-16T18:06:30.431+0000] {dag.py:2705} INFO - Sync 1 DAGs
[2023-04-16T18:06:30.474+0000] {logging_mixin.py:137} INFO - [2023-04-16T18:06:30.474+0000] {dag.py:3456} INFO - Setting next_dagrun for example_branch_dop_operator_v3 to 2023-04-16T18:05:00+00:00, run_after=2023-04-16T18:06:00+00:00
[2023-04-16T18:06:30.505+0000] {processor.py:175} INFO - Processing /home/airflow/.local/lib/python3.7/site-packages/airflow/example_dags/example_branch_python_dop_operator_3.py took 0.151 seconds
[2023-04-16T18:07:00.761+0000] {processor.py:153} INFO - Started process (PID=815) to work on /home/airflow/.local/lib/python3.7/site-packages/airflow/example_dags/example_branch_python_dop_operator_3.py
[2023-04-16T18:07:00.763+0000] {processor.py:743} INFO - Processing file /home/airflow/.local/lib/python3.7/site-packages/airflow/example_dags/example_branch_python_dop_operator_3.py for tasks to queue
[2023-04-16T18:07:00.764+0000] {logging_mixin.py:137} INFO - [2023-04-16T18:07:00.763+0000] {dagbag.py:532} INFO - Filling up the DagBag from /home/airflow/.local/lib/python3.7/site-packages/airflow/example_dags/example_branch_python_dop_operator_3.py
[2023-04-16T18:07:00.797+0000] {processor.py:753} INFO - DAG(s) dict_keys(['example_branch_dop_operator_v3']) retrieved from /home/airflow/.local/lib/python3.7/site-packages/airflow/example_dags/example_branch_python_dop_operator_3.py
[2023-04-16T18:07:00.841+0000] {logging_mixin.py:137} INFO - [2023-04-16T18:07:00.840+0000] {dag.py:2705} INFO - Sync 1 DAGs
[2023-04-16T18:07:00.896+0000] {logging_mixin.py:137} INFO - [2023-04-16T18:07:00.896+0000] {dag.py:3456} INFO - Setting next_dagrun for example_branch_dop_operator_v3 to 2023-04-16T18:06:00+00:00, run_after=2023-04-16T18:07:00+00:00
[2023-04-16T18:07:00.927+0000] {processor.py:175} INFO - Processing /home/airflow/.local/lib/python3.7/site-packages/airflow/example_dags/example_branch_python_dop_operator_3.py took 0.171 seconds
[2023-04-16T18:07:30.979+0000] {processor.py:153} INFO - Started process (PID=865) to work on /home/airflow/.local/lib/python3.7/site-packages/airflow/example_dags/example_branch_python_dop_operator_3.py
[2023-04-16T18:07:30.981+0000] {processor.py:743} INFO - Processing file /home/airflow/.local/lib/python3.7/site-packages/airflow/example_dags/example_branch_python_dop_operator_3.py for tasks to queue
[2023-04-16T18:07:30.983+0000] {logging_mixin.py:137} INFO - [2023-04-16T18:07:30.982+0000] {dagbag.py:532} INFO - Filling up the DagBag from /home/airflow/.local/lib/python3.7/site-packages/airflow/example_dags/example_branch_python_dop_operator_3.py
[2023-04-16T18:07:31.036+0000] {processor.py:753} INFO - DAG(s) dict_keys(['example_branch_dop_operator_v3']) retrieved from /home/airflow/.local/lib/python3.7/site-packages/airflow/example_dags/example_branch_python_dop_operator_3.py
[2023-04-16T18:07:31.074+0000] {logging_mixin.py:137} INFO - [2023-04-16T18:07:31.074+0000] {dag.py:2705} INFO - Sync 1 DAGs
[2023-04-16T18:07:31.131+0000] {logging_mixin.py:137} INFO - [2023-04-16T18:07:31.131+0000] {dag.py:3456} INFO - Setting next_dagrun for example_branch_dop_operator_v3 to 2023-04-16T18:06:00+00:00, run_after=2023-04-16T18:07:00+00:00
[2023-04-16T18:07:31.161+0000] {processor.py:175} INFO - Processing /home/airflow/.local/lib/python3.7/site-packages/airflow/example_dags/example_branch_python_dop_operator_3.py took 0.188 seconds
[2023-04-16T18:08:01.278+0000] {processor.py:153} INFO - Started process (PID=914) to work on /home/airflow/.local/lib/python3.7/site-packages/airflow/example_dags/example_branch_python_dop_operator_3.py
[2023-04-16T18:08:01.279+0000] {processor.py:743} INFO - Processing file /home/airflow/.local/lib/python3.7/site-packages/airflow/example_dags/example_branch_python_dop_operator_3.py for tasks to queue
[2023-04-16T18:08:01.281+0000] {logging_mixin.py:137} INFO - [2023-04-16T18:08:01.280+0000] {dagbag.py:532} INFO - Filling up the DagBag from /home/airflow/.local/lib/python3.7/site-packages/airflow/example_dags/example_branch_python_dop_operator_3.py
[2023-04-16T18:08:01.317+0000] {processor.py:753} INFO - DAG(s) dict_keys(['example_branch_dop_operator_v3']) retrieved from /home/airflow/.local/lib/python3.7/site-packages/airflow/example_dags/example_branch_python_dop_operator_3.py
[2023-04-16T18:08:01.367+0000] {logging_mixin.py:137} INFO - [2023-04-16T18:08:01.367+0000] {dag.py:2705} INFO - Sync 1 DAGs
[2023-04-16T18:08:01.420+0000] {logging_mixin.py:137} INFO - [2023-04-16T18:08:01.420+0000] {dag.py:3456} INFO - Setting next_dagrun for example_branch_dop_operator_v3 to 2023-04-16T18:07:00+00:00, run_after=2023-04-16T18:08:00+00:00
[2023-04-16T18:08:01.448+0000] {processor.py:175} INFO - Processing /home/airflow/.local/lib/python3.7/site-packages/airflow/example_dags/example_branch_python_dop_operator_3.py took 0.176 seconds
[2023-04-16T18:08:31.556+0000] {processor.py:153} INFO - Started process (PID=963) to work on /home/airflow/.local/lib/python3.7/site-packages/airflow/example_dags/example_branch_python_dop_operator_3.py
[2023-04-16T18:08:31.558+0000] {processor.py:743} INFO - Processing file /home/airflow/.local/lib/python3.7/site-packages/airflow/example_dags/example_branch_python_dop_operator_3.py for tasks to queue
[2023-04-16T18:08:31.560+0000] {logging_mixin.py:137} INFO - [2023-04-16T18:08:31.559+0000] {dagbag.py:532} INFO - Filling up the DagBag from /home/airflow/.local/lib/python3.7/site-packages/airflow/example_dags/example_branch_python_dop_operator_3.py
[2023-04-16T18:08:31.612+0000] {processor.py:753} INFO - DAG(s) dict_keys(['example_branch_dop_operator_v3']) retrieved from /home/airflow/.local/lib/python3.7/site-packages/airflow/example_dags/example_branch_python_dop_operator_3.py
[2023-04-16T18:08:31.650+0000] {logging_mixin.py:137} INFO - [2023-04-16T18:08:31.650+0000] {dag.py:2705} INFO - Sync 1 DAGs
[2023-04-16T18:08:31.694+0000] {logging_mixin.py:137} INFO - [2023-04-16T18:08:31.694+0000] {dag.py:3456} INFO - Setting next_dagrun for example_branch_dop_operator_v3 to 2023-04-16T18:07:00+00:00, run_after=2023-04-16T18:08:00+00:00
[2023-04-16T18:08:31.718+0000] {processor.py:175} INFO - Processing /home/airflow/.local/lib/python3.7/site-packages/airflow/example_dags/example_branch_python_dop_operator_3.py took 0.168 seconds
[2023-04-16T18:09:01.781+0000] {processor.py:153} INFO - Started process (PID=1013) to work on /home/airflow/.local/lib/python3.7/site-packages/airflow/example_dags/example_branch_python_dop_operator_3.py
[2023-04-16T18:09:01.782+0000] {processor.py:743} INFO - Processing file /home/airflow/.local/lib/python3.7/site-packages/airflow/example_dags/example_branch_python_dop_operator_3.py for tasks to queue
[2023-04-16T18:09:01.783+0000] {logging_mixin.py:137} INFO - [2023-04-16T18:09:01.783+0000] {dagbag.py:532} INFO - Filling up the DagBag from /home/airflow/.local/lib/python3.7/site-packages/airflow/example_dags/example_branch_python_dop_operator_3.py
[2023-04-16T18:09:01.817+0000] {processor.py:753} INFO - DAG(s) dict_keys(['example_branch_dop_operator_v3']) retrieved from /home/airflow/.local/lib/python3.7/site-packages/airflow/example_dags/example_branch_python_dop_operator_3.py
[2023-04-16T18:09:01.854+0000] {logging_mixin.py:137} INFO - [2023-04-16T18:09:01.854+0000] {dag.py:2705} INFO - Sync 1 DAGs
[2023-04-16T18:09:01.896+0000] {logging_mixin.py:137} INFO - [2023-04-16T18:09:01.896+0000] {dag.py:3456} INFO - Setting next_dagrun for example_branch_dop_operator_v3 to 2023-04-16T18:08:00+00:00, run_after=2023-04-16T18:09:00+00:00
[2023-04-16T18:09:01.929+0000] {processor.py:175} INFO - Processing /home/airflow/.local/lib/python3.7/site-packages/airflow/example_dags/example_branch_python_dop_operator_3.py took 0.154 seconds
[2023-04-16T18:09:31.989+0000] {processor.py:153} INFO - Started process (PID=1062) to work on /home/airflow/.local/lib/python3.7/site-packages/airflow/example_dags/example_branch_python_dop_operator_3.py
[2023-04-16T18:09:31.991+0000] {processor.py:743} INFO - Processing file /home/airflow/.local/lib/python3.7/site-packages/airflow/example_dags/example_branch_python_dop_operator_3.py for tasks to queue
[2023-04-16T18:09:31.991+0000] {logging_mixin.py:137} INFO - [2023-04-16T18:09:31.991+0000] {dagbag.py:532} INFO - Filling up the DagBag from /home/airflow/.local/lib/python3.7/site-packages/airflow/example_dags/example_branch_python_dop_operator_3.py
[2023-04-16T18:09:32.027+0000] {processor.py:753} INFO - DAG(s) dict_keys(['example_branch_dop_operator_v3']) retrieved from /home/airflow/.local/lib/python3.7/site-packages/airflow/example_dags/example_branch_python_dop_operator_3.py
[2023-04-16T18:09:32.066+0000] {logging_mixin.py:137} INFO - [2023-04-16T18:09:32.066+0000] {dag.py:2705} INFO - Sync 1 DAGs
[2023-04-16T18:09:32.111+0000] {logging_mixin.py:137} INFO - [2023-04-16T18:09:32.111+0000] {dag.py:3456} INFO - Setting next_dagrun for example_branch_dop_operator_v3 to 2023-04-16T18:08:00+00:00, run_after=2023-04-16T18:09:00+00:00
[2023-04-16T18:09:32.141+0000] {processor.py:175} INFO - Processing /home/airflow/.local/lib/python3.7/site-packages/airflow/example_dags/example_branch_python_dop_operator_3.py took 0.157 seconds
[2023-04-16T18:10:02.769+0000] {processor.py:153} INFO - Started process (PID=1113) to work on /home/airflow/.local/lib/python3.7/site-packages/airflow/example_dags/example_branch_python_dop_operator_3.py
[2023-04-16T18:10:02.771+0000] {processor.py:743} INFO - Processing file /home/airflow/.local/lib/python3.7/site-packages/airflow/example_dags/example_branch_python_dop_operator_3.py for tasks to queue
[2023-04-16T18:10:02.772+0000] {logging_mixin.py:137} INFO - [2023-04-16T18:10:02.772+0000] {dagbag.py:532} INFO - Filling up the DagBag from /home/airflow/.local/lib/python3.7/site-packages/airflow/example_dags/example_branch_python_dop_operator_3.py
[2023-04-16T18:10:02.806+0000] {processor.py:753} INFO - DAG(s) dict_keys(['example_branch_dop_operator_v3']) retrieved from /home/airflow/.local/lib/python3.7/site-packages/airflow/example_dags/example_branch_python_dop_operator_3.py
[2023-04-16T18:10:02.841+0000] {logging_mixin.py:137} INFO - [2023-04-16T18:10:02.841+0000] {dag.py:2705} INFO - Sync 1 DAGs
[2023-04-16T18:10:02.882+0000] {logging_mixin.py:137} INFO - [2023-04-16T18:10:02.882+0000] {dag.py:3456} INFO - Setting next_dagrun for example_branch_dop_operator_v3 to 2023-04-16T18:09:00+00:00, run_after=2023-04-16T18:10:00+00:00
[2023-04-16T18:10:02.912+0000] {processor.py:175} INFO - Processing /home/airflow/.local/lib/python3.7/site-packages/airflow/example_dags/example_branch_python_dop_operator_3.py took 0.148 seconds
[2023-04-16T18:10:33.500+0000] {processor.py:153} INFO - Started process (PID=1163) to work on /home/airflow/.local/lib/python3.7/site-packages/airflow/example_dags/example_branch_python_dop_operator_3.py
[2023-04-16T18:10:33.501+0000] {processor.py:743} INFO - Processing file /home/airflow/.local/lib/python3.7/site-packages/airflow/example_dags/example_branch_python_dop_operator_3.py for tasks to queue
[2023-04-16T18:10:33.502+0000] {logging_mixin.py:137} INFO - [2023-04-16T18:10:33.502+0000] {dagbag.py:532} INFO - Filling up the DagBag from /home/airflow/.local/lib/python3.7/site-packages/airflow/example_dags/example_branch_python_dop_operator_3.py
[2023-04-16T18:10:33.536+0000] {processor.py:753} INFO - DAG(s) dict_keys(['example_branch_dop_operator_v3']) retrieved from /home/airflow/.local/lib/python3.7/site-packages/airflow/example_dags/example_branch_python_dop_operator_3.py
[2023-04-16T18:10:33.574+0000] {logging_mixin.py:137} INFO - [2023-04-16T18:10:33.574+0000] {dag.py:2705} INFO - Sync 1 DAGs
[2023-04-16T18:10:33.629+0000] {logging_mixin.py:137} INFO - [2023-04-16T18:10:33.629+0000] {dag.py:3456} INFO - Setting next_dagrun for example_branch_dop_operator_v3 to 2023-04-16T18:09:00+00:00, run_after=2023-04-16T18:10:00+00:00
[2023-04-16T18:10:33.663+0000] {processor.py:175} INFO - Processing /home/airflow/.local/lib/python3.7/site-packages/airflow/example_dags/example_branch_python_dop_operator_3.py took 0.169 seconds
[2023-04-16T18:11:04.317+0000] {processor.py:153} INFO - Started process (PID=1213) to work on /home/airflow/.local/lib/python3.7/site-packages/airflow/example_dags/example_branch_python_dop_operator_3.py
[2023-04-16T18:11:04.318+0000] {processor.py:743} INFO - Processing file /home/airflow/.local/lib/python3.7/site-packages/airflow/example_dags/example_branch_python_dop_operator_3.py for tasks to queue
[2023-04-16T18:11:04.319+0000] {logging_mixin.py:137} INFO - [2023-04-16T18:11:04.319+0000] {dagbag.py:532} INFO - Filling up the DagBag from /home/airflow/.local/lib/python3.7/site-packages/airflow/example_dags/example_branch_python_dop_operator_3.py
[2023-04-16T18:11:04.354+0000] {processor.py:753} INFO - DAG(s) dict_keys(['example_branch_dop_operator_v3']) retrieved from /home/airflow/.local/lib/python3.7/site-packages/airflow/example_dags/example_branch_python_dop_operator_3.py
[2023-04-16T18:11:04.394+0000] {logging_mixin.py:137} INFO - [2023-04-16T18:11:04.394+0000] {dag.py:2705} INFO - Sync 1 DAGs
[2023-04-16T18:11:04.441+0000] {logging_mixin.py:137} INFO - [2023-04-16T18:11:04.441+0000] {dag.py:3456} INFO - Setting next_dagrun for example_branch_dop_operator_v3 to 2023-04-16T18:10:00+00:00, run_after=2023-04-16T18:11:00+00:00
[2023-04-16T18:11:04.466+0000] {processor.py:175} INFO - Processing /home/airflow/.local/lib/python3.7/site-packages/airflow/example_dags/example_branch_python_dop_operator_3.py took 0.155 seconds
[2023-04-16T18:11:35.076+0000] {processor.py:153} INFO - Started process (PID=1264) to work on /home/airflow/.local/lib/python3.7/site-packages/airflow/example_dags/example_branch_python_dop_operator_3.py
[2023-04-16T18:11:35.078+0000] {processor.py:743} INFO - Processing file /home/airflow/.local/lib/python3.7/site-packages/airflow/example_dags/example_branch_python_dop_operator_3.py for tasks to queue
[2023-04-16T18:11:35.079+0000] {logging_mixin.py:137} INFO - [2023-04-16T18:11:35.079+0000] {dagbag.py:532} INFO - Filling up the DagBag from /home/airflow/.local/lib/python3.7/site-packages/airflow/example_dags/example_branch_python_dop_operator_3.py
[2023-04-16T18:11:35.134+0000] {processor.py:753} INFO - DAG(s) dict_keys(['example_branch_dop_operator_v3']) retrieved from /home/airflow/.local/lib/python3.7/site-packages/airflow/example_dags/example_branch_python_dop_operator_3.py
[2023-04-16T18:11:35.171+0000] {logging_mixin.py:137} INFO - [2023-04-16T18:11:35.171+0000] {dag.py:2705} INFO - Sync 1 DAGs
[2023-04-16T18:11:35.215+0000] {logging_mixin.py:137} INFO - [2023-04-16T18:11:35.215+0000] {dag.py:3456} INFO - Setting next_dagrun for example_branch_dop_operator_v3 to 2023-04-16T18:10:00+00:00, run_after=2023-04-16T18:11:00+00:00
[2023-04-16T18:11:35.239+0000] {processor.py:175} INFO - Processing /home/airflow/.local/lib/python3.7/site-packages/airflow/example_dags/example_branch_python_dop_operator_3.py took 0.169 seconds
[2023-04-16T18:12:05.700+0000] {processor.py:153} INFO - Started process (PID=1314) to work on /home/airflow/.local/lib/python3.7/site-packages/airflow/example_dags/example_branch_python_dop_operator_3.py
[2023-04-16T18:12:05.701+0000] {processor.py:743} INFO - Processing file /home/airflow/.local/lib/python3.7/site-packages/airflow/example_dags/example_branch_python_dop_operator_3.py for tasks to queue
[2023-04-16T18:12:05.702+0000] {logging_mixin.py:137} INFO - [2023-04-16T18:12:05.702+0000] {dagbag.py:532} INFO - Filling up the DagBag from /home/airflow/.local/lib/python3.7/site-packages/airflow/example_dags/example_branch_python_dop_operator_3.py
[2023-04-16T18:12:05.739+0000] {processor.py:753} INFO - DAG(s) dict_keys(['example_branch_dop_operator_v3']) retrieved from /home/airflow/.local/lib/python3.7/site-packages/airflow/example_dags/example_branch_python_dop_operator_3.py
[2023-04-16T18:12:05.779+0000] {logging_mixin.py:137} INFO - [2023-04-16T18:12:05.779+0000] {dag.py:2705} INFO - Sync 1 DAGs
[2023-04-16T18:12:05.824+0000] {logging_mixin.py:137} INFO - [2023-04-16T18:12:05.824+0000] {dag.py:3456} INFO - Setting next_dagrun for example_branch_dop_operator_v3 to 2023-04-16T18:11:00+00:00, run_after=2023-04-16T18:12:00+00:00
[2023-04-16T18:12:05.851+0000] {processor.py:175} INFO - Processing /home/airflow/.local/lib/python3.7/site-packages/airflow/example_dags/example_branch_python_dop_operator_3.py took 0.158 seconds
[2023-04-16T18:12:36.375+0000] {processor.py:153} INFO - Started process (PID=1364) to work on /home/airflow/.local/lib/python3.7/site-packages/airflow/example_dags/example_branch_python_dop_operator_3.py
[2023-04-16T18:12:36.377+0000] {processor.py:743} INFO - Processing file /home/airflow/.local/lib/python3.7/site-packages/airflow/example_dags/example_branch_python_dop_operator_3.py for tasks to queue
[2023-04-16T18:12:36.378+0000] {logging_mixin.py:137} INFO - [2023-04-16T18:12:36.378+0000] {dagbag.py:532} INFO - Filling up the DagBag from /home/airflow/.local/lib/python3.7/site-packages/airflow/example_dags/example_branch_python_dop_operator_3.py
[2023-04-16T18:12:36.412+0000] {processor.py:753} INFO - DAG(s) dict_keys(['example_branch_dop_operator_v3']) retrieved from /home/airflow/.local/lib/python3.7/site-packages/airflow/example_dags/example_branch_python_dop_operator_3.py
[2023-04-16T18:12:36.459+0000] {logging_mixin.py:137} INFO - [2023-04-16T18:12:36.459+0000] {dag.py:2705} INFO - Sync 1 DAGs
[2023-04-16T18:12:36.514+0000] {logging_mixin.py:137} INFO - [2023-04-16T18:12:36.513+0000] {dag.py:3456} INFO - Setting next_dagrun for example_branch_dop_operator_v3 to 2023-04-16T18:11:00+00:00, run_after=2023-04-16T18:12:00+00:00
[2023-04-16T18:12:36.539+0000] {processor.py:175} INFO - Processing /home/airflow/.local/lib/python3.7/site-packages/airflow/example_dags/example_branch_python_dop_operator_3.py took 0.169 seconds
[2023-04-16T18:13:07.011+0000] {processor.py:153} INFO - Started process (PID=1414) to work on /home/airflow/.local/lib/python3.7/site-packages/airflow/example_dags/example_branch_python_dop_operator_3.py
[2023-04-16T18:13:07.012+0000] {processor.py:743} INFO - Processing file /home/airflow/.local/lib/python3.7/site-packages/airflow/example_dags/example_branch_python_dop_operator_3.py for tasks to queue
[2023-04-16T18:13:07.013+0000] {logging_mixin.py:137} INFO - [2023-04-16T18:13:07.013+0000] {dagbag.py:532} INFO - Filling up the DagBag from /home/airflow/.local/lib/python3.7/site-packages/airflow/example_dags/example_branch_python_dop_operator_3.py
[2023-04-16T18:13:07.048+0000] {processor.py:753} INFO - DAG(s) dict_keys(['example_branch_dop_operator_v3']) retrieved from /home/airflow/.local/lib/python3.7/site-packages/airflow/example_dags/example_branch_python_dop_operator_3.py
[2023-04-16T18:13:07.100+0000] {logging_mixin.py:137} INFO - [2023-04-16T18:13:07.100+0000] {dag.py:2705} INFO - Sync 1 DAGs
[2023-04-16T18:13:07.159+0000] {logging_mixin.py:137} INFO - [2023-04-16T18:13:07.159+0000] {dag.py:3456} INFO - Setting next_dagrun for example_branch_dop_operator_v3 to 2023-04-16T18:12:00+00:00, run_after=2023-04-16T18:13:00+00:00
[2023-04-16T18:13:07.193+0000] {processor.py:175} INFO - Processing /home/airflow/.local/lib/python3.7/site-packages/airflow/example_dags/example_branch_python_dop_operator_3.py took 0.187 seconds
[2023-04-16T18:13:37.802+0000] {processor.py:153} INFO - Started process (PID=1465) to work on /home/airflow/.local/lib/python3.7/site-packages/airflow/example_dags/example_branch_python_dop_operator_3.py
[2023-04-16T18:13:37.803+0000] {processor.py:743} INFO - Processing file /home/airflow/.local/lib/python3.7/site-packages/airflow/example_dags/example_branch_python_dop_operator_3.py for tasks to queue
[2023-04-16T18:13:37.805+0000] {logging_mixin.py:137} INFO - [2023-04-16T18:13:37.804+0000] {dagbag.py:532} INFO - Filling up the DagBag from /home/airflow/.local/lib/python3.7/site-packages/airflow/example_dags/example_branch_python_dop_operator_3.py
[2023-04-16T18:13:37.841+0000] {processor.py:753} INFO - DAG(s) dict_keys(['example_branch_dop_operator_v3']) retrieved from /home/airflow/.local/lib/python3.7/site-packages/airflow/example_dags/example_branch_python_dop_operator_3.py
[2023-04-16T18:13:37.880+0000] {logging_mixin.py:137} INFO - [2023-04-16T18:13:37.880+0000] {dag.py:2705} INFO - Sync 1 DAGs
[2023-04-16T18:13:37.924+0000] {logging_mixin.py:137} INFO - [2023-04-16T18:13:37.924+0000] {dag.py:3456} INFO - Setting next_dagrun for example_branch_dop_operator_v3 to 2023-04-16T18:12:00+00:00, run_after=2023-04-16T18:13:00+00:00
[2023-04-16T18:13:37.952+0000] {processor.py:175} INFO - Processing /home/airflow/.local/lib/python3.7/site-packages/airflow/example_dags/example_branch_python_dop_operator_3.py took 0.155 seconds
[2023-04-16T18:14:08.164+0000] {processor.py:153} INFO - Started process (PID=1516) to work on /home/airflow/.local/lib/python3.7/site-packages/airflow/example_dags/example_branch_python_dop_operator_3.py
[2023-04-16T18:14:08.165+0000] {processor.py:743} INFO - Processing file /home/airflow/.local/lib/python3.7/site-packages/airflow/example_dags/example_branch_python_dop_operator_3.py for tasks to queue
[2023-04-16T18:14:08.167+0000] {logging_mixin.py:137} INFO - [2023-04-16T18:14:08.166+0000] {dagbag.py:532} INFO - Filling up the DagBag from /home/airflow/.local/lib/python3.7/site-packages/airflow/example_dags/example_branch_python_dop_operator_3.py
[2023-04-16T18:14:08.217+0000] {processor.py:753} INFO - DAG(s) dict_keys(['example_branch_dop_operator_v3']) retrieved from /home/airflow/.local/lib/python3.7/site-packages/airflow/example_dags/example_branch_python_dop_operator_3.py
[2023-04-16T18:14:08.256+0000] {logging_mixin.py:137} INFO - [2023-04-16T18:14:08.256+0000] {dag.py:2705} INFO - Sync 1 DAGs
[2023-04-16T18:14:08.303+0000] {logging_mixin.py:137} INFO - [2023-04-16T18:14:08.303+0000] {dag.py:3456} INFO - Setting next_dagrun for example_branch_dop_operator_v3 to 2023-04-16T18:13:00+00:00, run_after=2023-04-16T18:14:00+00:00
[2023-04-16T18:14:08.329+0000] {processor.py:175} INFO - Processing /home/airflow/.local/lib/python3.7/site-packages/airflow/example_dags/example_branch_python_dop_operator_3.py took 0.173 seconds
[2023-04-16T18:14:38.953+0000] {processor.py:153} INFO - Started process (PID=1572) to work on /home/airflow/.local/lib/python3.7/site-packages/airflow/example_dags/example_branch_python_dop_operator_3.py
[2023-04-16T18:14:38.956+0000] {processor.py:743} INFO - Processing file /home/airflow/.local/lib/python3.7/site-packages/airflow/example_dags/example_branch_python_dop_operator_3.py for tasks to queue
[2023-04-16T18:14:38.962+0000] {logging_mixin.py:137} INFO - [2023-04-16T18:14:38.961+0000] {dagbag.py:532} INFO - Filling up the DagBag from /home/airflow/.local/lib/python3.7/site-packages/airflow/example_dags/example_branch_python_dop_operator_3.py
[2023-04-16T18:14:39.036+0000] {processor.py:753} INFO - DAG(s) dict_keys(['example_branch_dop_operator_v3']) retrieved from /home/airflow/.local/lib/python3.7/site-packages/airflow/example_dags/example_branch_python_dop_operator_3.py
[2023-04-16T18:14:39.075+0000] {logging_mixin.py:137} INFO - [2023-04-16T18:14:39.074+0000] {dag.py:2705} INFO - Sync 1 DAGs
[2023-04-16T18:14:39.125+0000] {logging_mixin.py:137} INFO - [2023-04-16T18:14:39.125+0000] {dag.py:3456} INFO - Setting next_dagrun for example_branch_dop_operator_v3 to 2023-04-16T18:13:00+00:00, run_after=2023-04-16T18:14:00+00:00
[2023-04-16T18:14:39.156+0000] {processor.py:175} INFO - Processing /home/airflow/.local/lib/python3.7/site-packages/airflow/example_dags/example_branch_python_dop_operator_3.py took 0.213 seconds
[2023-04-16T18:15:09.678+0000] {processor.py:153} INFO - Started process (PID=1623) to work on /home/airflow/.local/lib/python3.7/site-packages/airflow/example_dags/example_branch_python_dop_operator_3.py
[2023-04-16T18:15:09.680+0000] {processor.py:743} INFO - Processing file /home/airflow/.local/lib/python3.7/site-packages/airflow/example_dags/example_branch_python_dop_operator_3.py for tasks to queue
[2023-04-16T18:15:09.681+0000] {logging_mixin.py:137} INFO - [2023-04-16T18:15:09.681+0000] {dagbag.py:532} INFO - Filling up the DagBag from /home/airflow/.local/lib/python3.7/site-packages/airflow/example_dags/example_branch_python_dop_operator_3.py
[2023-04-16T18:15:09.735+0000] {processor.py:753} INFO - DAG(s) dict_keys(['example_branch_dop_operator_v3']) retrieved from /home/airflow/.local/lib/python3.7/site-packages/airflow/example_dags/example_branch_python_dop_operator_3.py
[2023-04-16T18:15:09.786+0000] {logging_mixin.py:137} INFO - [2023-04-16T18:15:09.785+0000] {dag.py:2705} INFO - Sync 1 DAGs
[2023-04-16T18:15:09.854+0000] {logging_mixin.py:137} INFO - [2023-04-16T18:15:09.854+0000] {dag.py:3456} INFO - Setting next_dagrun for example_branch_dop_operator_v3 to 2023-04-16T18:14:00+00:00, run_after=2023-04-16T18:15:00+00:00
[2023-04-16T18:15:09.883+0000] {processor.py:175} INFO - Processing /home/airflow/.local/lib/python3.7/site-packages/airflow/example_dags/example_branch_python_dop_operator_3.py took 0.212 seconds
[2023-04-16T18:15:40.559+0000] {processor.py:153} INFO - Started process (PID=1673) to work on /home/airflow/.local/lib/python3.7/site-packages/airflow/example_dags/example_branch_python_dop_operator_3.py
[2023-04-16T18:15:40.561+0000] {processor.py:743} INFO - Processing file /home/airflow/.local/lib/python3.7/site-packages/airflow/example_dags/example_branch_python_dop_operator_3.py for tasks to queue
[2023-04-16T18:15:40.562+0000] {logging_mixin.py:137} INFO - [2023-04-16T18:15:40.562+0000] {dagbag.py:532} INFO - Filling up the DagBag from /home/airflow/.local/lib/python3.7/site-packages/airflow/example_dags/example_branch_python_dop_operator_3.py
[2023-04-16T18:15:40.596+0000] {processor.py:753} INFO - DAG(s) dict_keys(['example_branch_dop_operator_v3']) retrieved from /home/airflow/.local/lib/python3.7/site-packages/airflow/example_dags/example_branch_python_dop_operator_3.py
[2023-04-16T18:15:40.635+0000] {logging_mixin.py:137} INFO - [2023-04-16T18:15:40.634+0000] {dag.py:2705} INFO - Sync 1 DAGs
[2023-04-16T18:15:40.681+0000] {logging_mixin.py:137} INFO - [2023-04-16T18:15:40.681+0000] {dag.py:3456} INFO - Setting next_dagrun for example_branch_dop_operator_v3 to 2023-04-16T18:14:00+00:00, run_after=2023-04-16T18:15:00+00:00
[2023-04-16T18:15:40.705+0000] {processor.py:175} INFO - Processing /home/airflow/.local/lib/python3.7/site-packages/airflow/example_dags/example_branch_python_dop_operator_3.py took 0.152 seconds
[2023-04-16T18:16:11.072+0000] {processor.py:153} INFO - Started process (PID=1723) to work on /home/airflow/.local/lib/python3.7/site-packages/airflow/example_dags/example_branch_python_dop_operator_3.py
[2023-04-16T18:16:11.074+0000] {processor.py:743} INFO - Processing file /home/airflow/.local/lib/python3.7/site-packages/airflow/example_dags/example_branch_python_dop_operator_3.py for tasks to queue
[2023-04-16T18:16:11.075+0000] {logging_mixin.py:137} INFO - [2023-04-16T18:16:11.075+0000] {dagbag.py:532} INFO - Filling up the DagBag from /home/airflow/.local/lib/python3.7/site-packages/airflow/example_dags/example_branch_python_dop_operator_3.py
[2023-04-16T18:16:11.108+0000] {processor.py:753} INFO - DAG(s) dict_keys(['example_branch_dop_operator_v3']) retrieved from /home/airflow/.local/lib/python3.7/site-packages/airflow/example_dags/example_branch_python_dop_operator_3.py
[2023-04-16T18:16:11.145+0000] {logging_mixin.py:137} INFO - [2023-04-16T18:16:11.144+0000] {dag.py:2705} INFO - Sync 1 DAGs
[2023-04-16T18:16:11.187+0000] {logging_mixin.py:137} INFO - [2023-04-16T18:16:11.187+0000] {dag.py:3456} INFO - Setting next_dagrun for example_branch_dop_operator_v3 to 2023-04-16T18:15:00+00:00, run_after=2023-04-16T18:16:00+00:00
[2023-04-16T18:16:11.211+0000] {processor.py:175} INFO - Processing /home/airflow/.local/lib/python3.7/site-packages/airflow/example_dags/example_branch_python_dop_operator_3.py took 0.144 seconds
[2023-04-16T18:16:41.744+0000] {processor.py:153} INFO - Started process (PID=1773) to work on /home/airflow/.local/lib/python3.7/site-packages/airflow/example_dags/example_branch_python_dop_operator_3.py
[2023-04-16T18:16:41.746+0000] {processor.py:743} INFO - Processing file /home/airflow/.local/lib/python3.7/site-packages/airflow/example_dags/example_branch_python_dop_operator_3.py for tasks to queue
[2023-04-16T18:16:41.747+0000] {logging_mixin.py:137} INFO - [2023-04-16T18:16:41.746+0000] {dagbag.py:532} INFO - Filling up the DagBag from /home/airflow/.local/lib/python3.7/site-packages/airflow/example_dags/example_branch_python_dop_operator_3.py
[2023-04-16T18:16:41.782+0000] {processor.py:753} INFO - DAG(s) dict_keys(['example_branch_dop_operator_v3']) retrieved from /home/airflow/.local/lib/python3.7/site-packages/airflow/example_dags/example_branch_python_dop_operator_3.py
[2023-04-16T18:16:41.832+0000] {logging_mixin.py:137} INFO - [2023-04-16T18:16:41.832+0000] {dag.py:2705} INFO - Sync 1 DAGs
[2023-04-16T18:16:41.887+0000] {logging_mixin.py:137} INFO - [2023-04-16T18:16:41.887+0000] {dag.py:3456} INFO - Setting next_dagrun for example_branch_dop_operator_v3 to 2023-04-16T18:15:00+00:00, run_after=2023-04-16T18:16:00+00:00
[2023-04-16T18:16:41.913+0000] {processor.py:175} INFO - Processing /home/airflow/.local/lib/python3.7/site-packages/airflow/example_dags/example_branch_python_dop_operator_3.py took 0.174 seconds
[2023-04-16T18:17:12.555+0000] {processor.py:153} INFO - Started process (PID=1823) to work on /home/airflow/.local/lib/python3.7/site-packages/airflow/example_dags/example_branch_python_dop_operator_3.py
[2023-04-16T18:17:12.557+0000] {processor.py:743} INFO - Processing file /home/airflow/.local/lib/python3.7/site-packages/airflow/example_dags/example_branch_python_dop_operator_3.py for tasks to queue
[2023-04-16T18:17:12.557+0000] {logging_mixin.py:137} INFO - [2023-04-16T18:17:12.557+0000] {dagbag.py:532} INFO - Filling up the DagBag from /home/airflow/.local/lib/python3.7/site-packages/airflow/example_dags/example_branch_python_dop_operator_3.py
[2023-04-16T18:17:12.590+0000] {processor.py:753} INFO - DAG(s) dict_keys(['example_branch_dop_operator_v3']) retrieved from /home/airflow/.local/lib/python3.7/site-packages/airflow/example_dags/example_branch_python_dop_operator_3.py
[2023-04-16T18:17:12.631+0000] {logging_mixin.py:137} INFO - [2023-04-16T18:17:12.630+0000] {dag.py:2705} INFO - Sync 1 DAGs
[2023-04-16T18:17:12.691+0000] {logging_mixin.py:137} INFO - [2023-04-16T18:17:12.691+0000] {dag.py:3456} INFO - Setting next_dagrun for example_branch_dop_operator_v3 to 2023-04-16T18:16:00+00:00, run_after=2023-04-16T18:17:00+00:00
[2023-04-16T18:17:12.719+0000] {processor.py:175} INFO - Processing /home/airflow/.local/lib/python3.7/site-packages/airflow/example_dags/example_branch_python_dop_operator_3.py took 0.170 seconds
[2023-04-16T18:17:43.319+0000] {processor.py:153} INFO - Started process (PID=1873) to work on /home/airflow/.local/lib/python3.7/site-packages/airflow/example_dags/example_branch_python_dop_operator_3.py
[2023-04-16T18:17:43.321+0000] {processor.py:743} INFO - Processing file /home/airflow/.local/lib/python3.7/site-packages/airflow/example_dags/example_branch_python_dop_operator_3.py for tasks to queue
[2023-04-16T18:17:43.323+0000] {logging_mixin.py:137} INFO - [2023-04-16T18:17:43.322+0000] {dagbag.py:532} INFO - Filling up the DagBag from /home/airflow/.local/lib/python3.7/site-packages/airflow/example_dags/example_branch_python_dop_operator_3.py
[2023-04-16T18:17:43.378+0000] {processor.py:753} INFO - DAG(s) dict_keys(['example_branch_dop_operator_v3']) retrieved from /home/airflow/.local/lib/python3.7/site-packages/airflow/example_dags/example_branch_python_dop_operator_3.py
[2023-04-16T18:17:43.428+0000] {logging_mixin.py:137} INFO - [2023-04-16T18:17:43.428+0000] {dag.py:2705} INFO - Sync 1 DAGs
[2023-04-16T18:17:43.495+0000] {logging_mixin.py:137} INFO - [2023-04-16T18:17:43.495+0000] {dag.py:3456} INFO - Setting next_dagrun for example_branch_dop_operator_v3 to 2023-04-16T18:16:00+00:00, run_after=2023-04-16T18:17:00+00:00
[2023-04-16T18:17:43.522+0000] {processor.py:175} INFO - Processing /home/airflow/.local/lib/python3.7/site-packages/airflow/example_dags/example_branch_python_dop_operator_3.py took 0.207 seconds
[2023-04-16T18:18:13.982+0000] {processor.py:153} INFO - Started process (PID=1923) to work on /home/airflow/.local/lib/python3.7/site-packages/airflow/example_dags/example_branch_python_dop_operator_3.py
[2023-04-16T18:18:13.983+0000] {processor.py:743} INFO - Processing file /home/airflow/.local/lib/python3.7/site-packages/airflow/example_dags/example_branch_python_dop_operator_3.py for tasks to queue
[2023-04-16T18:18:13.984+0000] {logging_mixin.py:137} INFO - [2023-04-16T18:18:13.984+0000] {dagbag.py:532} INFO - Filling up the DagBag from /home/airflow/.local/lib/python3.7/site-packages/airflow/example_dags/example_branch_python_dop_operator_3.py
[2023-04-16T18:18:14.021+0000] {processor.py:753} INFO - DAG(s) dict_keys(['example_branch_dop_operator_v3']) retrieved from /home/airflow/.local/lib/python3.7/site-packages/airflow/example_dags/example_branch_python_dop_operator_3.py
[2023-04-16T18:18:14.062+0000] {logging_mixin.py:137} INFO - [2023-04-16T18:18:14.062+0000] {dag.py:2705} INFO - Sync 1 DAGs
[2023-04-16T18:18:14.121+0000] {logging_mixin.py:137} INFO - [2023-04-16T18:18:14.121+0000] {dag.py:3456} INFO - Setting next_dagrun for example_branch_dop_operator_v3 to 2023-04-16T18:17:00+00:00, run_after=2023-04-16T18:18:00+00:00
[2023-04-16T18:18:14.156+0000] {processor.py:175} INFO - Processing /home/airflow/.local/lib/python3.7/site-packages/airflow/example_dags/example_branch_python_dop_operator_3.py took 0.179 seconds
[2023-04-16T18:18:44.888+0000] {processor.py:153} INFO - Started process (PID=1973) to work on /home/airflow/.local/lib/python3.7/site-packages/airflow/example_dags/example_branch_python_dop_operator_3.py
[2023-04-16T18:18:44.889+0000] {processor.py:743} INFO - Processing file /home/airflow/.local/lib/python3.7/site-packages/airflow/example_dags/example_branch_python_dop_operator_3.py for tasks to queue
[2023-04-16T18:18:44.890+0000] {logging_mixin.py:137} INFO - [2023-04-16T18:18:44.890+0000] {dagbag.py:532} INFO - Filling up the DagBag from /home/airflow/.local/lib/python3.7/site-packages/airflow/example_dags/example_branch_python_dop_operator_3.py
[2023-04-16T18:18:44.925+0000] {processor.py:753} INFO - DAG(s) dict_keys(['example_branch_dop_operator_v3']) retrieved from /home/airflow/.local/lib/python3.7/site-packages/airflow/example_dags/example_branch_python_dop_operator_3.py
[2023-04-16T18:18:44.964+0000] {logging_mixin.py:137} INFO - [2023-04-16T18:18:44.963+0000] {dag.py:2705} INFO - Sync 1 DAGs
[2023-04-16T18:18:45.010+0000] {logging_mixin.py:137} INFO - [2023-04-16T18:18:45.009+0000] {dag.py:3456} INFO - Setting next_dagrun for example_branch_dop_operator_v3 to 2023-04-16T18:17:00+00:00, run_after=2023-04-16T18:18:00+00:00
[2023-04-16T18:18:45.040+0000] {processor.py:175} INFO - Processing /home/airflow/.local/lib/python3.7/site-packages/airflow/example_dags/example_branch_python_dop_operator_3.py took 0.158 seconds
[2023-04-16T18:19:15.489+0000] {processor.py:153} INFO - Started process (PID=2023) to work on /home/airflow/.local/lib/python3.7/site-packages/airflow/example_dags/example_branch_python_dop_operator_3.py
[2023-04-16T18:19:15.490+0000] {processor.py:743} INFO - Processing file /home/airflow/.local/lib/python3.7/site-packages/airflow/example_dags/example_branch_python_dop_operator_3.py for tasks to queue
[2023-04-16T18:19:15.491+0000] {logging_mixin.py:137} INFO - [2023-04-16T18:19:15.491+0000] {dagbag.py:532} INFO - Filling up the DagBag from /home/airflow/.local/lib/python3.7/site-packages/airflow/example_dags/example_branch_python_dop_operator_3.py
[2023-04-16T18:19:15.528+0000] {processor.py:753} INFO - DAG(s) dict_keys(['example_branch_dop_operator_v3']) retrieved from /home/airflow/.local/lib/python3.7/site-packages/airflow/example_dags/example_branch_python_dop_operator_3.py
[2023-04-16T18:19:15.576+0000] {logging_mixin.py:137} INFO - [2023-04-16T18:19:15.575+0000] {dag.py:2705} INFO - Sync 1 DAGs
[2023-04-16T18:19:15.618+0000] {logging_mixin.py:137} INFO - [2023-04-16T18:19:15.618+0000] {dag.py:3456} INFO - Setting next_dagrun for example_branch_dop_operator_v3 to 2023-04-16T18:18:00+00:00, run_after=2023-04-16T18:19:00+00:00
[2023-04-16T18:19:15.645+0000] {processor.py:175} INFO - Processing /home/airflow/.local/lib/python3.7/site-packages/airflow/example_dags/example_branch_python_dop_operator_3.py took 0.161 seconds
[2023-04-16T18:19:46.251+0000] {processor.py:153} INFO - Started process (PID=2073) to work on /home/airflow/.local/lib/python3.7/site-packages/airflow/example_dags/example_branch_python_dop_operator_3.py
[2023-04-16T18:19:46.253+0000] {processor.py:743} INFO - Processing file /home/airflow/.local/lib/python3.7/site-packages/airflow/example_dags/example_branch_python_dop_operator_3.py for tasks to queue
[2023-04-16T18:19:46.253+0000] {logging_mixin.py:137} INFO - [2023-04-16T18:19:46.253+0000] {dagbag.py:532} INFO - Filling up the DagBag from /home/airflow/.local/lib/python3.7/site-packages/airflow/example_dags/example_branch_python_dop_operator_3.py
[2023-04-16T18:19:46.307+0000] {processor.py:753} INFO - DAG(s) dict_keys(['example_branch_dop_operator_v3']) retrieved from /home/airflow/.local/lib/python3.7/site-packages/airflow/example_dags/example_branch_python_dop_operator_3.py
[2023-04-16T18:19:46.341+0000] {logging_mixin.py:137} INFO - [2023-04-16T18:19:46.341+0000] {dag.py:2705} INFO - Sync 1 DAGs
[2023-04-16T18:19:46.384+0000] {logging_mixin.py:137} INFO - [2023-04-16T18:19:46.383+0000] {dag.py:3456} INFO - Setting next_dagrun for example_branch_dop_operator_v3 to 2023-04-16T18:18:00+00:00, run_after=2023-04-16T18:19:00+00:00
[2023-04-16T18:19:46.409+0000] {processor.py:175} INFO - Processing /home/airflow/.local/lib/python3.7/site-packages/airflow/example_dags/example_branch_python_dop_operator_3.py took 0.164 seconds
[2023-04-16T18:20:16.894+0000] {processor.py:153} INFO - Started process (PID=2123) to work on /home/airflow/.local/lib/python3.7/site-packages/airflow/example_dags/example_branch_python_dop_operator_3.py
[2023-04-16T18:20:16.896+0000] {processor.py:743} INFO - Processing file /home/airflow/.local/lib/python3.7/site-packages/airflow/example_dags/example_branch_python_dop_operator_3.py for tasks to queue
[2023-04-16T18:20:16.898+0000] {logging_mixin.py:137} INFO - [2023-04-16T18:20:16.897+0000] {dagbag.py:532} INFO - Filling up the DagBag from /home/airflow/.local/lib/python3.7/site-packages/airflow/example_dags/example_branch_python_dop_operator_3.py
[2023-04-16T18:20:16.934+0000] {processor.py:753} INFO - DAG(s) dict_keys(['example_branch_dop_operator_v3']) retrieved from /home/airflow/.local/lib/python3.7/site-packages/airflow/example_dags/example_branch_python_dop_operator_3.py
[2023-04-16T18:20:16.980+0000] {logging_mixin.py:137} INFO - [2023-04-16T18:20:16.980+0000] {dag.py:2705} INFO - Sync 1 DAGs
[2023-04-16T18:20:17.044+0000] {logging_mixin.py:137} INFO - [2023-04-16T18:20:17.043+0000] {dag.py:3456} INFO - Setting next_dagrun for example_branch_dop_operator_v3 to 2023-04-16T18:19:00+00:00, run_after=2023-04-16T18:20:00+00:00
[2023-04-16T18:20:17.074+0000] {processor.py:175} INFO - Processing /home/airflow/.local/lib/python3.7/site-packages/airflow/example_dags/example_branch_python_dop_operator_3.py took 0.187 seconds
[2023-04-16T18:20:47.531+0000] {processor.py:153} INFO - Started process (PID=2174) to work on /home/airflow/.local/lib/python3.7/site-packages/airflow/example_dags/example_branch_python_dop_operator_3.py
[2023-04-16T18:20:47.532+0000] {processor.py:743} INFO - Processing file /home/airflow/.local/lib/python3.7/site-packages/airflow/example_dags/example_branch_python_dop_operator_3.py for tasks to queue
[2023-04-16T18:20:47.533+0000] {logging_mixin.py:137} INFO - [2023-04-16T18:20:47.533+0000] {dagbag.py:532} INFO - Filling up the DagBag from /home/airflow/.local/lib/python3.7/site-packages/airflow/example_dags/example_branch_python_dop_operator_3.py
[2023-04-16T18:20:47.568+0000] {processor.py:753} INFO - DAG(s) dict_keys(['example_branch_dop_operator_v3']) retrieved from /home/airflow/.local/lib/python3.7/site-packages/airflow/example_dags/example_branch_python_dop_operator_3.py
[2023-04-16T18:20:47.605+0000] {logging_mixin.py:137} INFO - [2023-04-16T18:20:47.604+0000] {dag.py:2705} INFO - Sync 1 DAGs
[2023-04-16T18:20:47.646+0000] {logging_mixin.py:137} INFO - [2023-04-16T18:20:47.646+0000] {dag.py:3456} INFO - Setting next_dagrun for example_branch_dop_operator_v3 to 2023-04-16T18:19:00+00:00, run_after=2023-04-16T18:20:00+00:00
[2023-04-16T18:20:47.669+0000] {processor.py:175} INFO - Processing /home/airflow/.local/lib/python3.7/site-packages/airflow/example_dags/example_branch_python_dop_operator_3.py took 0.144 seconds
[2023-04-16T18:21:18.392+0000] {processor.py:153} INFO - Started process (PID=2224) to work on /home/airflow/.local/lib/python3.7/site-packages/airflow/example_dags/example_branch_python_dop_operator_3.py
[2023-04-16T18:21:18.394+0000] {processor.py:743} INFO - Processing file /home/airflow/.local/lib/python3.7/site-packages/airflow/example_dags/example_branch_python_dop_operator_3.py for tasks to queue
[2023-04-16T18:21:18.395+0000] {logging_mixin.py:137} INFO - [2023-04-16T18:21:18.395+0000] {dagbag.py:532} INFO - Filling up the DagBag from /home/airflow/.local/lib/python3.7/site-packages/airflow/example_dags/example_branch_python_dop_operator_3.py
[2023-04-16T18:21:18.430+0000] {processor.py:753} INFO - DAG(s) dict_keys(['example_branch_dop_operator_v3']) retrieved from /home/airflow/.local/lib/python3.7/site-packages/airflow/example_dags/example_branch_python_dop_operator_3.py
[2023-04-16T18:21:18.469+0000] {logging_mixin.py:137} INFO - [2023-04-16T18:21:18.469+0000] {dag.py:2705} INFO - Sync 1 DAGs
[2023-04-16T18:21:18.515+0000] {logging_mixin.py:137} INFO - [2023-04-16T18:21:18.515+0000] {dag.py:3456} INFO - Setting next_dagrun for example_branch_dop_operator_v3 to 2023-04-16T18:20:00+00:00, run_after=2023-04-16T18:21:00+00:00
[2023-04-16T18:21:18.548+0000] {processor.py:175} INFO - Processing /home/airflow/.local/lib/python3.7/site-packages/airflow/example_dags/example_branch_python_dop_operator_3.py took 0.161 seconds
[2023-04-16T18:21:48.716+0000] {processor.py:153} INFO - Started process (PID=2275) to work on /home/airflow/.local/lib/python3.7/site-packages/airflow/example_dags/example_branch_python_dop_operator_3.py
[2023-04-16T18:21:48.717+0000] {processor.py:743} INFO - Processing file /home/airflow/.local/lib/python3.7/site-packages/airflow/example_dags/example_branch_python_dop_operator_3.py for tasks to queue
[2023-04-16T18:21:48.718+0000] {logging_mixin.py:137} INFO - [2023-04-16T18:21:48.717+0000] {dagbag.py:532} INFO - Filling up the DagBag from /home/airflow/.local/lib/python3.7/site-packages/airflow/example_dags/example_branch_python_dop_operator_3.py
[2023-04-16T18:21:48.751+0000] {processor.py:753} INFO - DAG(s) dict_keys(['example_branch_dop_operator_v3']) retrieved from /home/airflow/.local/lib/python3.7/site-packages/airflow/example_dags/example_branch_python_dop_operator_3.py
[2023-04-16T18:21:48.788+0000] {logging_mixin.py:137} INFO - [2023-04-16T18:21:48.788+0000] {dag.py:2705} INFO - Sync 1 DAGs
[2023-04-16T18:21:48.831+0000] {logging_mixin.py:137} INFO - [2023-04-16T18:21:48.830+0000] {dag.py:3456} INFO - Setting next_dagrun for example_branch_dop_operator_v3 to 2023-04-16T18:20:00+00:00, run_after=2023-04-16T18:21:00+00:00
[2023-04-16T18:21:48.855+0000] {processor.py:175} INFO - Processing /home/airflow/.local/lib/python3.7/site-packages/airflow/example_dags/example_branch_python_dop_operator_3.py took 0.144 seconds
[2023-04-16T18:22:19.117+0000] {processor.py:153} INFO - Started process (PID=2324) to work on /home/airflow/.local/lib/python3.7/site-packages/airflow/example_dags/example_branch_python_dop_operator_3.py
[2023-04-16T18:22:19.119+0000] {processor.py:743} INFO - Processing file /home/airflow/.local/lib/python3.7/site-packages/airflow/example_dags/example_branch_python_dop_operator_3.py for tasks to queue
[2023-04-16T18:22:19.120+0000] {logging_mixin.py:137} INFO - [2023-04-16T18:22:19.120+0000] {dagbag.py:532} INFO - Filling up the DagBag from /home/airflow/.local/lib/python3.7/site-packages/airflow/example_dags/example_branch_python_dop_operator_3.py
[2023-04-16T18:22:19.156+0000] {processor.py:753} INFO - DAG(s) dict_keys(['example_branch_dop_operator_v3']) retrieved from /home/airflow/.local/lib/python3.7/site-packages/airflow/example_dags/example_branch_python_dop_operator_3.py
[2023-04-16T18:22:19.194+0000] {logging_mixin.py:137} INFO - [2023-04-16T18:22:19.194+0000] {dag.py:2705} INFO - Sync 1 DAGs
[2023-04-16T18:22:19.238+0000] {logging_mixin.py:137} INFO - [2023-04-16T18:22:19.238+0000] {dag.py:3456} INFO - Setting next_dagrun for example_branch_dop_operator_v3 to 2023-04-16T18:21:00+00:00, run_after=2023-04-16T18:22:00+00:00
[2023-04-16T18:22:19.264+0000] {processor.py:175} INFO - Processing /home/airflow/.local/lib/python3.7/site-packages/airflow/example_dags/example_branch_python_dop_operator_3.py took 0.153 seconds
[2023-04-16T18:22:49.443+0000] {processor.py:153} INFO - Started process (PID=2375) to work on /home/airflow/.local/lib/python3.7/site-packages/airflow/example_dags/example_branch_python_dop_operator_3.py
[2023-04-16T18:22:49.444+0000] {processor.py:743} INFO - Processing file /home/airflow/.local/lib/python3.7/site-packages/airflow/example_dags/example_branch_python_dop_operator_3.py for tasks to queue
[2023-04-16T18:22:49.445+0000] {logging_mixin.py:137} INFO - [2023-04-16T18:22:49.445+0000] {dagbag.py:532} INFO - Filling up the DagBag from /home/airflow/.local/lib/python3.7/site-packages/airflow/example_dags/example_branch_python_dop_operator_3.py
[2023-04-16T18:22:49.480+0000] {processor.py:753} INFO - DAG(s) dict_keys(['example_branch_dop_operator_v3']) retrieved from /home/airflow/.local/lib/python3.7/site-packages/airflow/example_dags/example_branch_python_dop_operator_3.py
[2023-04-16T18:22:49.519+0000] {logging_mixin.py:137} INFO - [2023-04-16T18:22:49.519+0000] {dag.py:2705} INFO - Sync 1 DAGs
[2023-04-16T18:22:49.561+0000] {logging_mixin.py:137} INFO - [2023-04-16T18:22:49.561+0000] {dag.py:3456} INFO - Setting next_dagrun for example_branch_dop_operator_v3 to 2023-04-16T18:21:00+00:00, run_after=2023-04-16T18:22:00+00:00
[2023-04-16T18:22:49.587+0000] {processor.py:175} INFO - Processing /home/airflow/.local/lib/python3.7/site-packages/airflow/example_dags/example_branch_python_dop_operator_3.py took 0.150 seconds
[2023-04-16T18:23:19.879+0000] {processor.py:153} INFO - Started process (PID=2424) to work on /home/airflow/.local/lib/python3.7/site-packages/airflow/example_dags/example_branch_python_dop_operator_3.py
[2023-04-16T18:23:19.881+0000] {processor.py:743} INFO - Processing file /home/airflow/.local/lib/python3.7/site-packages/airflow/example_dags/example_branch_python_dop_operator_3.py for tasks to queue
[2023-04-16T18:23:19.881+0000] {logging_mixin.py:137} INFO - [2023-04-16T18:23:19.881+0000] {dagbag.py:532} INFO - Filling up the DagBag from /home/airflow/.local/lib/python3.7/site-packages/airflow/example_dags/example_branch_python_dop_operator_3.py
[2023-04-16T18:23:19.915+0000] {processor.py:753} INFO - DAG(s) dict_keys(['example_branch_dop_operator_v3']) retrieved from /home/airflow/.local/lib/python3.7/site-packages/airflow/example_dags/example_branch_python_dop_operator_3.py
[2023-04-16T18:23:19.966+0000] {logging_mixin.py:137} INFO - [2023-04-16T18:23:19.966+0000] {dag.py:2705} INFO - Sync 1 DAGs
[2023-04-16T18:23:20.034+0000] {logging_mixin.py:137} INFO - [2023-04-16T18:23:20.034+0000] {dag.py:3456} INFO - Setting next_dagrun for example_branch_dop_operator_v3 to 2023-04-16T18:22:00+00:00, run_after=2023-04-16T18:23:00+00:00
[2023-04-16T18:23:20.064+0000] {processor.py:175} INFO - Processing /home/airflow/.local/lib/python3.7/site-packages/airflow/example_dags/example_branch_python_dop_operator_3.py took 0.191 seconds
[2023-04-16T18:23:50.207+0000] {processor.py:153} INFO - Started process (PID=2474) to work on /home/airflow/.local/lib/python3.7/site-packages/airflow/example_dags/example_branch_python_dop_operator_3.py
[2023-04-16T18:23:50.209+0000] {processor.py:743} INFO - Processing file /home/airflow/.local/lib/python3.7/site-packages/airflow/example_dags/example_branch_python_dop_operator_3.py for tasks to queue
[2023-04-16T18:23:50.210+0000] {logging_mixin.py:137} INFO - [2023-04-16T18:23:50.209+0000] {dagbag.py:532} INFO - Filling up the DagBag from /home/airflow/.local/lib/python3.7/site-packages/airflow/example_dags/example_branch_python_dop_operator_3.py
[2023-04-16T18:23:50.253+0000] {processor.py:753} INFO - DAG(s) dict_keys(['example_branch_dop_operator_v3']) retrieved from /home/airflow/.local/lib/python3.7/site-packages/airflow/example_dags/example_branch_python_dop_operator_3.py
[2023-04-16T18:23:50.305+0000] {logging_mixin.py:137} INFO - [2023-04-16T18:23:50.305+0000] {dag.py:2705} INFO - Sync 1 DAGs
[2023-04-16T18:23:50.372+0000] {logging_mixin.py:137} INFO - [2023-04-16T18:23:50.371+0000] {dag.py:3456} INFO - Setting next_dagrun for example_branch_dop_operator_v3 to 2023-04-16T18:22:00+00:00, run_after=2023-04-16T18:23:00+00:00
[2023-04-16T18:23:50.403+0000] {processor.py:175} INFO - Processing /home/airflow/.local/lib/python3.7/site-packages/airflow/example_dags/example_branch_python_dop_operator_3.py took 0.201 seconds
[2023-04-16T18:24:20.581+0000] {processor.py:153} INFO - Started process (PID=2525) to work on /home/airflow/.local/lib/python3.7/site-packages/airflow/example_dags/example_branch_python_dop_operator_3.py
[2023-04-16T18:24:20.583+0000] {processor.py:743} INFO - Processing file /home/airflow/.local/lib/python3.7/site-packages/airflow/example_dags/example_branch_python_dop_operator_3.py for tasks to queue
[2023-04-16T18:24:20.584+0000] {logging_mixin.py:137} INFO - [2023-04-16T18:24:20.584+0000] {dagbag.py:532} INFO - Filling up the DagBag from /home/airflow/.local/lib/python3.7/site-packages/airflow/example_dags/example_branch_python_dop_operator_3.py
[2023-04-16T18:24:20.630+0000] {processor.py:753} INFO - DAG(s) dict_keys(['example_branch_dop_operator_v3']) retrieved from /home/airflow/.local/lib/python3.7/site-packages/airflow/example_dags/example_branch_python_dop_operator_3.py
[2023-04-16T18:24:20.672+0000] {logging_mixin.py:137} INFO - [2023-04-16T18:24:20.671+0000] {dag.py:2705} INFO - Sync 1 DAGs
[2023-04-16T18:24:20.733+0000] {logging_mixin.py:137} INFO - [2023-04-16T18:24:20.732+0000] {dag.py:3456} INFO - Setting next_dagrun for example_branch_dop_operator_v3 to 2023-04-16T18:23:00+00:00, run_after=2023-04-16T18:24:00+00:00
[2023-04-16T18:24:20.764+0000] {processor.py:175} INFO - Processing /home/airflow/.local/lib/python3.7/site-packages/airflow/example_dags/example_branch_python_dop_operator_3.py took 0.188 seconds
[2023-04-16T18:24:50.840+0000] {processor.py:153} INFO - Started process (PID=2575) to work on /home/airflow/.local/lib/python3.7/site-packages/airflow/example_dags/example_branch_python_dop_operator_3.py
[2023-04-16T18:24:50.842+0000] {processor.py:743} INFO - Processing file /home/airflow/.local/lib/python3.7/site-packages/airflow/example_dags/example_branch_python_dop_operator_3.py for tasks to queue
[2023-04-16T18:24:50.843+0000] {logging_mixin.py:137} INFO - [2023-04-16T18:24:50.843+0000] {dagbag.py:532} INFO - Filling up the DagBag from /home/airflow/.local/lib/python3.7/site-packages/airflow/example_dags/example_branch_python_dop_operator_3.py
[2023-04-16T18:24:50.890+0000] {processor.py:753} INFO - DAG(s) dict_keys(['example_branch_dop_operator_v3']) retrieved from /home/airflow/.local/lib/python3.7/site-packages/airflow/example_dags/example_branch_python_dop_operator_3.py
[2023-04-16T18:24:50.939+0000] {logging_mixin.py:137} INFO - [2023-04-16T18:24:50.939+0000] {dag.py:2705} INFO - Sync 1 DAGs
[2023-04-16T18:24:50.997+0000] {logging_mixin.py:137} INFO - [2023-04-16T18:24:50.996+0000] {dag.py:3456} INFO - Setting next_dagrun for example_branch_dop_operator_v3 to 2023-04-16T18:23:00+00:00, run_after=2023-04-16T18:24:00+00:00
[2023-04-16T18:24:51.023+0000] {processor.py:175} INFO - Processing /home/airflow/.local/lib/python3.7/site-packages/airflow/example_dags/example_branch_python_dop_operator_3.py took 0.189 seconds
[2023-04-16T18:25:21.415+0000] {processor.py:153} INFO - Started process (PID=2623) to work on /home/airflow/.local/lib/python3.7/site-packages/airflow/example_dags/example_branch_python_dop_operator_3.py
[2023-04-16T18:25:21.417+0000] {processor.py:743} INFO - Processing file /home/airflow/.local/lib/python3.7/site-packages/airflow/example_dags/example_branch_python_dop_operator_3.py for tasks to queue
[2023-04-16T18:25:21.418+0000] {logging_mixin.py:137} INFO - [2023-04-16T18:25:21.418+0000] {dagbag.py:532} INFO - Filling up the DagBag from /home/airflow/.local/lib/python3.7/site-packages/airflow/example_dags/example_branch_python_dop_operator_3.py
[2023-04-16T18:25:21.454+0000] {processor.py:753} INFO - DAG(s) dict_keys(['example_branch_dop_operator_v3']) retrieved from /home/airflow/.local/lib/python3.7/site-packages/airflow/example_dags/example_branch_python_dop_operator_3.py
[2023-04-16T18:25:21.493+0000] {logging_mixin.py:137} INFO - [2023-04-16T18:25:21.493+0000] {dag.py:2705} INFO - Sync 1 DAGs
[2023-04-16T18:25:21.536+0000] {logging_mixin.py:137} INFO - [2023-04-16T18:25:21.536+0000] {dag.py:3456} INFO - Setting next_dagrun for example_branch_dop_operator_v3 to 2023-04-16T18:24:00+00:00, run_after=2023-04-16T18:25:00+00:00
[2023-04-16T18:25:21.568+0000] {processor.py:175} INFO - Processing /home/airflow/.local/lib/python3.7/site-packages/airflow/example_dags/example_branch_python_dop_operator_3.py took 0.159 seconds
[2023-04-16T18:25:52.123+0000] {processor.py:153} INFO - Started process (PID=2674) to work on /home/airflow/.local/lib/python3.7/site-packages/airflow/example_dags/example_branch_python_dop_operator_3.py
[2023-04-16T18:25:52.125+0000] {processor.py:743} INFO - Processing file /home/airflow/.local/lib/python3.7/site-packages/airflow/example_dags/example_branch_python_dop_operator_3.py for tasks to queue
[2023-04-16T18:25:52.126+0000] {logging_mixin.py:137} INFO - [2023-04-16T18:25:52.126+0000] {dagbag.py:532} INFO - Filling up the DagBag from /home/airflow/.local/lib/python3.7/site-packages/airflow/example_dags/example_branch_python_dop_operator_3.py
[2023-04-16T18:25:52.159+0000] {processor.py:753} INFO - DAG(s) dict_keys(['example_branch_dop_operator_v3']) retrieved from /home/airflow/.local/lib/python3.7/site-packages/airflow/example_dags/example_branch_python_dop_operator_3.py
[2023-04-16T18:25:52.198+0000] {logging_mixin.py:137} INFO - [2023-04-16T18:25:52.198+0000] {dag.py:2705} INFO - Sync 1 DAGs
[2023-04-16T18:25:52.240+0000] {logging_mixin.py:137} INFO - [2023-04-16T18:25:52.240+0000] {dag.py:3456} INFO - Setting next_dagrun for example_branch_dop_operator_v3 to 2023-04-16T18:24:00+00:00, run_after=2023-04-16T18:25:00+00:00
[2023-04-16T18:25:52.269+0000] {processor.py:175} INFO - Processing /home/airflow/.local/lib/python3.7/site-packages/airflow/example_dags/example_branch_python_dop_operator_3.py took 0.153 seconds
[2023-04-16T18:26:22.888+0000] {processor.py:153} INFO - Started process (PID=2723) to work on /home/airflow/.local/lib/python3.7/site-packages/airflow/example_dags/example_branch_python_dop_operator_3.py
[2023-04-16T18:26:22.890+0000] {processor.py:743} INFO - Processing file /home/airflow/.local/lib/python3.7/site-packages/airflow/example_dags/example_branch_python_dop_operator_3.py for tasks to queue
[2023-04-16T18:26:22.891+0000] {logging_mixin.py:137} INFO - [2023-04-16T18:26:22.890+0000] {dagbag.py:532} INFO - Filling up the DagBag from /home/airflow/.local/lib/python3.7/site-packages/airflow/example_dags/example_branch_python_dop_operator_3.py
[2023-04-16T18:26:22.925+0000] {processor.py:753} INFO - DAG(s) dict_keys(['example_branch_dop_operator_v3']) retrieved from /home/airflow/.local/lib/python3.7/site-packages/airflow/example_dags/example_branch_python_dop_operator_3.py
[2023-04-16T18:26:22.977+0000] {logging_mixin.py:137} INFO - [2023-04-16T18:26:22.977+0000] {dag.py:2705} INFO - Sync 1 DAGs
[2023-04-16T18:26:23.033+0000] {logging_mixin.py:137} INFO - [2023-04-16T18:26:23.032+0000] {dag.py:3456} INFO - Setting next_dagrun for example_branch_dop_operator_v3 to 2023-04-16T18:25:00+00:00, run_after=2023-04-16T18:26:00+00:00
[2023-04-16T18:26:23.059+0000] {processor.py:175} INFO - Processing /home/airflow/.local/lib/python3.7/site-packages/airflow/example_dags/example_branch_python_dop_operator_3.py took 0.177 seconds
[2023-04-16T18:26:53.592+0000] {processor.py:153} INFO - Started process (PID=2773) to work on /home/airflow/.local/lib/python3.7/site-packages/airflow/example_dags/example_branch_python_dop_operator_3.py
[2023-04-16T18:26:53.593+0000] {processor.py:743} INFO - Processing file /home/airflow/.local/lib/python3.7/site-packages/airflow/example_dags/example_branch_python_dop_operator_3.py for tasks to queue
[2023-04-16T18:26:53.594+0000] {logging_mixin.py:137} INFO - [2023-04-16T18:26:53.594+0000] {dagbag.py:532} INFO - Filling up the DagBag from /home/airflow/.local/lib/python3.7/site-packages/airflow/example_dags/example_branch_python_dop_operator_3.py
[2023-04-16T18:26:53.631+0000] {processor.py:753} INFO - DAG(s) dict_keys(['example_branch_dop_operator_v3']) retrieved from /home/airflow/.local/lib/python3.7/site-packages/airflow/example_dags/example_branch_python_dop_operator_3.py
[2023-04-16T18:26:53.670+0000] {logging_mixin.py:137} INFO - [2023-04-16T18:26:53.669+0000] {dag.py:2705} INFO - Sync 1 DAGs
[2023-04-16T18:26:53.712+0000] {logging_mixin.py:137} INFO - [2023-04-16T18:26:53.712+0000] {dag.py:3456} INFO - Setting next_dagrun for example_branch_dop_operator_v3 to 2023-04-16T18:25:00+00:00, run_after=2023-04-16T18:26:00+00:00
[2023-04-16T18:26:53.738+0000] {processor.py:175} INFO - Processing /home/airflow/.local/lib/python3.7/site-packages/airflow/example_dags/example_branch_python_dop_operator_3.py took 0.151 seconds
[2023-04-16T18:27:24.342+0000] {processor.py:153} INFO - Started process (PID=2823) to work on /home/airflow/.local/lib/python3.7/site-packages/airflow/example_dags/example_branch_python_dop_operator_3.py
[2023-04-16T18:27:24.343+0000] {processor.py:743} INFO - Processing file /home/airflow/.local/lib/python3.7/site-packages/airflow/example_dags/example_branch_python_dop_operator_3.py for tasks to queue
[2023-04-16T18:27:24.344+0000] {logging_mixin.py:137} INFO - [2023-04-16T18:27:24.344+0000] {dagbag.py:532} INFO - Filling up the DagBag from /home/airflow/.local/lib/python3.7/site-packages/airflow/example_dags/example_branch_python_dop_operator_3.py
[2023-04-16T18:27:24.377+0000] {processor.py:753} INFO - DAG(s) dict_keys(['example_branch_dop_operator_v3']) retrieved from /home/airflow/.local/lib/python3.7/site-packages/airflow/example_dags/example_branch_python_dop_operator_3.py
[2023-04-16T18:27:24.413+0000] {logging_mixin.py:137} INFO - [2023-04-16T18:27:24.413+0000] {dag.py:2705} INFO - Sync 1 DAGs
[2023-04-16T18:27:24.456+0000] {logging_mixin.py:137} INFO - [2023-04-16T18:27:24.456+0000] {dag.py:3456} INFO - Setting next_dagrun for example_branch_dop_operator_v3 to 2023-04-16T18:26:00+00:00, run_after=2023-04-16T18:27:00+00:00
[2023-04-16T18:27:24.484+0000] {processor.py:175} INFO - Processing /home/airflow/.local/lib/python3.7/site-packages/airflow/example_dags/example_branch_python_dop_operator_3.py took 0.148 seconds
[2023-04-16T18:27:54.938+0000] {processor.py:153} INFO - Started process (PID=2874) to work on /home/airflow/.local/lib/python3.7/site-packages/airflow/example_dags/example_branch_python_dop_operator_3.py
[2023-04-16T18:27:54.940+0000] {processor.py:743} INFO - Processing file /home/airflow/.local/lib/python3.7/site-packages/airflow/example_dags/example_branch_python_dop_operator_3.py for tasks to queue
[2023-04-16T18:27:54.941+0000] {logging_mixin.py:137} INFO - [2023-04-16T18:27:54.941+0000] {dagbag.py:532} INFO - Filling up the DagBag from /home/airflow/.local/lib/python3.7/site-packages/airflow/example_dags/example_branch_python_dop_operator_3.py
[2023-04-16T18:27:54.976+0000] {processor.py:753} INFO - DAG(s) dict_keys(['example_branch_dop_operator_v3']) retrieved from /home/airflow/.local/lib/python3.7/site-packages/airflow/example_dags/example_branch_python_dop_operator_3.py
[2023-04-16T18:27:55.014+0000] {logging_mixin.py:137} INFO - [2023-04-16T18:27:55.014+0000] {dag.py:2705} INFO - Sync 1 DAGs
[2023-04-16T18:27:55.058+0000] {logging_mixin.py:137} INFO - [2023-04-16T18:27:55.057+0000] {dag.py:3456} INFO - Setting next_dagrun for example_branch_dop_operator_v3 to 2023-04-16T18:26:00+00:00, run_after=2023-04-16T18:27:00+00:00
[2023-04-16T18:27:55.096+0000] {processor.py:175} INFO - Processing /home/airflow/.local/lib/python3.7/site-packages/airflow/example_dags/example_branch_python_dop_operator_3.py took 0.163 seconds
[2023-04-16T18:28:25.560+0000] {processor.py:153} INFO - Started process (PID=2924) to work on /home/airflow/.local/lib/python3.7/site-packages/airflow/example_dags/example_branch_python_dop_operator_3.py
[2023-04-16T18:28:25.562+0000] {processor.py:743} INFO - Processing file /home/airflow/.local/lib/python3.7/site-packages/airflow/example_dags/example_branch_python_dop_operator_3.py for tasks to queue
[2023-04-16T18:28:25.563+0000] {logging_mixin.py:137} INFO - [2023-04-16T18:28:25.563+0000] {dagbag.py:532} INFO - Filling up the DagBag from /home/airflow/.local/lib/python3.7/site-packages/airflow/example_dags/example_branch_python_dop_operator_3.py
[2023-04-16T18:28:25.615+0000] {processor.py:753} INFO - DAG(s) dict_keys(['example_branch_dop_operator_v3']) retrieved from /home/airflow/.local/lib/python3.7/site-packages/airflow/example_dags/example_branch_python_dop_operator_3.py
[2023-04-16T18:28:25.653+0000] {logging_mixin.py:137} INFO - [2023-04-16T18:28:25.653+0000] {dag.py:2705} INFO - Sync 1 DAGs
[2023-04-16T18:28:25.694+0000] {logging_mixin.py:137} INFO - [2023-04-16T18:28:25.694+0000] {dag.py:3456} INFO - Setting next_dagrun for example_branch_dop_operator_v3 to 2023-04-16T18:27:00+00:00, run_after=2023-04-16T18:28:00+00:00
[2023-04-16T18:28:25.728+0000] {processor.py:175} INFO - Processing /home/airflow/.local/lib/python3.7/site-packages/airflow/example_dags/example_branch_python_dop_operator_3.py took 0.173 seconds
[2023-04-16T18:28:56.319+0000] {processor.py:153} INFO - Started process (PID=2974) to work on /home/airflow/.local/lib/python3.7/site-packages/airflow/example_dags/example_branch_python_dop_operator_3.py
[2023-04-16T18:28:56.320+0000] {processor.py:743} INFO - Processing file /home/airflow/.local/lib/python3.7/site-packages/airflow/example_dags/example_branch_python_dop_operator_3.py for tasks to queue
[2023-04-16T18:28:56.321+0000] {logging_mixin.py:137} INFO - [2023-04-16T18:28:56.321+0000] {dagbag.py:532} INFO - Filling up the DagBag from /home/airflow/.local/lib/python3.7/site-packages/airflow/example_dags/example_branch_python_dop_operator_3.py
[2023-04-16T18:28:56.369+0000] {processor.py:753} INFO - DAG(s) dict_keys(['example_branch_dop_operator_v3']) retrieved from /home/airflow/.local/lib/python3.7/site-packages/airflow/example_dags/example_branch_python_dop_operator_3.py
[2023-04-16T18:28:56.416+0000] {logging_mixin.py:137} INFO - [2023-04-16T18:28:56.416+0000] {dag.py:2705} INFO - Sync 1 DAGs
[2023-04-16T18:28:56.462+0000] {logging_mixin.py:137} INFO - [2023-04-16T18:28:56.462+0000] {dag.py:3456} INFO - Setting next_dagrun for example_branch_dop_operator_v3 to 2023-04-16T18:27:00+00:00, run_after=2023-04-16T18:28:00+00:00
[2023-04-16T18:28:56.489+0000] {processor.py:175} INFO - Processing /home/airflow/.local/lib/python3.7/site-packages/airflow/example_dags/example_branch_python_dop_operator_3.py took 0.176 seconds
[2023-04-16T18:29:26.950+0000] {processor.py:153} INFO - Started process (PID=3025) to work on /home/airflow/.local/lib/python3.7/site-packages/airflow/example_dags/example_branch_python_dop_operator_3.py
[2023-04-16T18:29:26.951+0000] {processor.py:743} INFO - Processing file /home/airflow/.local/lib/python3.7/site-packages/airflow/example_dags/example_branch_python_dop_operator_3.py for tasks to queue
[2023-04-16T18:29:26.952+0000] {logging_mixin.py:137} INFO - [2023-04-16T18:29:26.952+0000] {dagbag.py:532} INFO - Filling up the DagBag from /home/airflow/.local/lib/python3.7/site-packages/airflow/example_dags/example_branch_python_dop_operator_3.py
[2023-04-16T18:29:26.986+0000] {processor.py:753} INFO - DAG(s) dict_keys(['example_branch_dop_operator_v3']) retrieved from /home/airflow/.local/lib/python3.7/site-packages/airflow/example_dags/example_branch_python_dop_operator_3.py
[2023-04-16T18:29:27.032+0000] {logging_mixin.py:137} INFO - [2023-04-16T18:29:27.032+0000] {dag.py:2705} INFO - Sync 1 DAGs
[2023-04-16T18:29:27.073+0000] {logging_mixin.py:137} INFO - [2023-04-16T18:29:27.073+0000] {dag.py:3456} INFO - Setting next_dagrun for example_branch_dop_operator_v3 to 2023-04-16T18:28:00+00:00, run_after=2023-04-16T18:29:00+00:00
[2023-04-16T18:29:27.097+0000] {processor.py:175} INFO - Processing /home/airflow/.local/lib/python3.7/site-packages/airflow/example_dags/example_branch_python_dop_operator_3.py took 0.152 seconds
[2023-04-16T18:29:57.578+0000] {processor.py:153} INFO - Started process (PID=3076) to work on /home/airflow/.local/lib/python3.7/site-packages/airflow/example_dags/example_branch_python_dop_operator_3.py
[2023-04-16T18:29:57.580+0000] {processor.py:743} INFO - Processing file /home/airflow/.local/lib/python3.7/site-packages/airflow/example_dags/example_branch_python_dop_operator_3.py for tasks to queue
[2023-04-16T18:29:57.581+0000] {logging_mixin.py:137} INFO - [2023-04-16T18:29:57.581+0000] {dagbag.py:532} INFO - Filling up the DagBag from /home/airflow/.local/lib/python3.7/site-packages/airflow/example_dags/example_branch_python_dop_operator_3.py
[2023-04-16T18:29:57.617+0000] {processor.py:753} INFO - DAG(s) dict_keys(['example_branch_dop_operator_v3']) retrieved from /home/airflow/.local/lib/python3.7/site-packages/airflow/example_dags/example_branch_python_dop_operator_3.py
[2023-04-16T18:29:57.667+0000] {logging_mixin.py:137} INFO - [2023-04-16T18:29:57.667+0000] {dag.py:2705} INFO - Sync 1 DAGs
[2023-04-16T18:29:57.726+0000] {logging_mixin.py:137} INFO - [2023-04-16T18:29:57.726+0000] {dag.py:3456} INFO - Setting next_dagrun for example_branch_dop_operator_v3 to 2023-04-16T18:28:00+00:00, run_after=2023-04-16T18:29:00+00:00
[2023-04-16T18:29:57.752+0000] {processor.py:175} INFO - Processing /home/airflow/.local/lib/python3.7/site-packages/airflow/example_dags/example_branch_python_dop_operator_3.py took 0.179 seconds
[2023-04-16T18:30:28.373+0000] {processor.py:153} INFO - Started process (PID=3126) to work on /home/airflow/.local/lib/python3.7/site-packages/airflow/example_dags/example_branch_python_dop_operator_3.py
[2023-04-16T18:30:28.374+0000] {processor.py:743} INFO - Processing file /home/airflow/.local/lib/python3.7/site-packages/airflow/example_dags/example_branch_python_dop_operator_3.py for tasks to queue
[2023-04-16T18:30:28.375+0000] {logging_mixin.py:137} INFO - [2023-04-16T18:30:28.374+0000] {dagbag.py:532} INFO - Filling up the DagBag from /home/airflow/.local/lib/python3.7/site-packages/airflow/example_dags/example_branch_python_dop_operator_3.py
[2023-04-16T18:30:28.409+0000] {processor.py:753} INFO - DAG(s) dict_keys(['example_branch_dop_operator_v3']) retrieved from /home/airflow/.local/lib/python3.7/site-packages/airflow/example_dags/example_branch_python_dop_operator_3.py
[2023-04-16T18:30:28.455+0000] {logging_mixin.py:137} INFO - [2023-04-16T18:30:28.455+0000] {dag.py:2705} INFO - Sync 1 DAGs
[2023-04-16T18:30:28.518+0000] {logging_mixin.py:137} INFO - [2023-04-16T18:30:28.517+0000] {dag.py:3456} INFO - Setting next_dagrun for example_branch_dop_operator_v3 to 2023-04-16T18:29:00+00:00, run_after=2023-04-16T18:30:00+00:00
[2023-04-16T18:30:28.548+0000] {processor.py:175} INFO - Processing /home/airflow/.local/lib/python3.7/site-packages/airflow/example_dags/example_branch_python_dop_operator_3.py took 0.181 seconds
