[2023-04-16T17:59:20.226+0000] {processor.py:153} INFO - Started process (PID=45) to work on /home/airflow/.local/lib/python3.7/site-packages/airflow/example_dags/example_sensor_decorator.py
[2023-04-16T17:59:20.228+0000] {processor.py:743} INFO - Processing file /home/airflow/.local/lib/python3.7/site-packages/airflow/example_dags/example_sensor_decorator.py for tasks to queue
[2023-04-16T17:59:20.229+0000] {logging_mixin.py:137} INFO - [2023-04-16T17:59:20.229+0000] {dagbag.py:532} INFO - Filling up the DagBag from /home/airflow/.local/lib/python3.7/site-packages/airflow/example_dags/example_sensor_decorator.py
[2023-04-16T17:59:20.280+0000] {processor.py:753} INFO - DAG(s) dict_keys(['example_sensor_decorator']) retrieved from /home/airflow/.local/lib/python3.7/site-packages/airflow/example_dags/example_sensor_decorator.py
[2023-04-16T17:59:20.325+0000] {logging_mixin.py:137} INFO - [2023-04-16T17:59:20.325+0000] {dag.py:2705} INFO - Sync 1 DAGs
[2023-04-16T17:59:20.379+0000] {logging_mixin.py:137} INFO - [2023-04-16T17:59:20.378+0000] {dag.py:3456} INFO - Setting next_dagrun for example_sensor_decorator to None, run_after=None
[2023-04-16T17:59:20.414+0000] {processor.py:175} INFO - Processing /home/airflow/.local/lib/python3.7/site-packages/airflow/example_dags/example_sensor_decorator.py took 0.195 seconds
[2023-04-16T17:59:51.230+0000] {processor.py:153} INFO - Started process (PID=95) to work on /home/airflow/.local/lib/python3.7/site-packages/airflow/example_dags/example_sensor_decorator.py
[2023-04-16T17:59:51.231+0000] {processor.py:743} INFO - Processing file /home/airflow/.local/lib/python3.7/site-packages/airflow/example_dags/example_sensor_decorator.py for tasks to queue
[2023-04-16T17:59:51.232+0000] {logging_mixin.py:137} INFO - [2023-04-16T17:59:51.232+0000] {dagbag.py:532} INFO - Filling up the DagBag from /home/airflow/.local/lib/python3.7/site-packages/airflow/example_dags/example_sensor_decorator.py
[2023-04-16T17:59:51.264+0000] {processor.py:753} INFO - DAG(s) dict_keys(['example_sensor_decorator']) retrieved from /home/airflow/.local/lib/python3.7/site-packages/airflow/example_dags/example_sensor_decorator.py
[2023-04-16T17:59:51.299+0000] {logging_mixin.py:137} INFO - [2023-04-16T17:59:51.299+0000] {dag.py:2705} INFO - Sync 1 DAGs
[2023-04-16T17:59:51.343+0000] {logging_mixin.py:137} INFO - [2023-04-16T17:59:51.343+0000] {dag.py:3456} INFO - Setting next_dagrun for example_sensor_decorator to None, run_after=None
[2023-04-16T17:59:51.368+0000] {processor.py:175} INFO - Processing /home/airflow/.local/lib/python3.7/site-packages/airflow/example_dags/example_sensor_decorator.py took 0.143 seconds
[2023-04-16T18:00:21.502+0000] {processor.py:153} INFO - Started process (PID=146) to work on /home/airflow/.local/lib/python3.7/site-packages/airflow/example_dags/example_sensor_decorator.py
[2023-04-16T18:00:21.504+0000] {processor.py:743} INFO - Processing file /home/airflow/.local/lib/python3.7/site-packages/airflow/example_dags/example_sensor_decorator.py for tasks to queue
[2023-04-16T18:00:21.505+0000] {logging_mixin.py:137} INFO - [2023-04-16T18:00:21.505+0000] {dagbag.py:532} INFO - Filling up the DagBag from /home/airflow/.local/lib/python3.7/site-packages/airflow/example_dags/example_sensor_decorator.py
[2023-04-16T18:00:21.553+0000] {processor.py:753} INFO - DAG(s) dict_keys(['example_sensor_decorator']) retrieved from /home/airflow/.local/lib/python3.7/site-packages/airflow/example_dags/example_sensor_decorator.py
[2023-04-16T18:00:21.603+0000] {logging_mixin.py:137} INFO - [2023-04-16T18:00:21.603+0000] {dag.py:2705} INFO - Sync 1 DAGs
[2023-04-16T18:00:21.660+0000] {logging_mixin.py:137} INFO - [2023-04-16T18:00:21.659+0000] {dag.py:3456} INFO - Setting next_dagrun for example_sensor_decorator to None, run_after=None
[2023-04-16T18:00:21.696+0000] {processor.py:175} INFO - Processing /home/airflow/.local/lib/python3.7/site-packages/airflow/example_dags/example_sensor_decorator.py took 0.202 seconds
[2023-04-16T18:00:51.739+0000] {processor.py:153} INFO - Started process (PID=195) to work on /home/airflow/.local/lib/python3.7/site-packages/airflow/example_dags/example_sensor_decorator.py
[2023-04-16T18:00:51.741+0000] {processor.py:743} INFO - Processing file /home/airflow/.local/lib/python3.7/site-packages/airflow/example_dags/example_sensor_decorator.py for tasks to queue
[2023-04-16T18:00:51.742+0000] {logging_mixin.py:137} INFO - [2023-04-16T18:00:51.742+0000] {dagbag.py:532} INFO - Filling up the DagBag from /home/airflow/.local/lib/python3.7/site-packages/airflow/example_dags/example_sensor_decorator.py
[2023-04-16T18:00:51.775+0000] {processor.py:753} INFO - DAG(s) dict_keys(['example_sensor_decorator']) retrieved from /home/airflow/.local/lib/python3.7/site-packages/airflow/example_dags/example_sensor_decorator.py
[2023-04-16T18:00:51.815+0000] {logging_mixin.py:137} INFO - [2023-04-16T18:00:51.815+0000] {dag.py:2705} INFO - Sync 1 DAGs
[2023-04-16T18:00:51.851+0000] {logging_mixin.py:137} INFO - [2023-04-16T18:00:51.851+0000] {dag.py:3456} INFO - Setting next_dagrun for example_sensor_decorator to None, run_after=None
[2023-04-16T18:00:51.879+0000] {processor.py:175} INFO - Processing /home/airflow/.local/lib/python3.7/site-packages/airflow/example_dags/example_sensor_decorator.py took 0.145 seconds
[2023-04-16T18:01:22.031+0000] {processor.py:153} INFO - Started process (PID=245) to work on /home/airflow/.local/lib/python3.7/site-packages/airflow/example_dags/example_sensor_decorator.py
[2023-04-16T18:01:22.032+0000] {processor.py:743} INFO - Processing file /home/airflow/.local/lib/python3.7/site-packages/airflow/example_dags/example_sensor_decorator.py for tasks to queue
[2023-04-16T18:01:22.033+0000] {logging_mixin.py:137} INFO - [2023-04-16T18:01:22.033+0000] {dagbag.py:532} INFO - Filling up the DagBag from /home/airflow/.local/lib/python3.7/site-packages/airflow/example_dags/example_sensor_decorator.py
[2023-04-16T18:01:22.070+0000] {processor.py:753} INFO - DAG(s) dict_keys(['example_sensor_decorator']) retrieved from /home/airflow/.local/lib/python3.7/site-packages/airflow/example_dags/example_sensor_decorator.py
[2023-04-16T18:01:22.104+0000] {logging_mixin.py:137} INFO - [2023-04-16T18:01:22.104+0000] {dag.py:2705} INFO - Sync 1 DAGs
[2023-04-16T18:01:22.144+0000] {logging_mixin.py:137} INFO - [2023-04-16T18:01:22.144+0000] {dag.py:3456} INFO - Setting next_dagrun for example_sensor_decorator to None, run_after=None
[2023-04-16T18:01:22.169+0000] {processor.py:175} INFO - Processing /home/airflow/.local/lib/python3.7/site-packages/airflow/example_dags/example_sensor_decorator.py took 0.144 seconds
[2023-04-16T18:01:52.330+0000] {processor.py:153} INFO - Started process (PID=295) to work on /home/airflow/.local/lib/python3.7/site-packages/airflow/example_dags/example_sensor_decorator.py
[2023-04-16T18:01:52.332+0000] {processor.py:743} INFO - Processing file /home/airflow/.local/lib/python3.7/site-packages/airflow/example_dags/example_sensor_decorator.py for tasks to queue
[2023-04-16T18:01:52.333+0000] {logging_mixin.py:137} INFO - [2023-04-16T18:01:52.333+0000] {dagbag.py:532} INFO - Filling up the DagBag from /home/airflow/.local/lib/python3.7/site-packages/airflow/example_dags/example_sensor_decorator.py
[2023-04-16T18:01:52.367+0000] {processor.py:753} INFO - DAG(s) dict_keys(['example_sensor_decorator']) retrieved from /home/airflow/.local/lib/python3.7/site-packages/airflow/example_dags/example_sensor_decorator.py
[2023-04-16T18:01:52.403+0000] {logging_mixin.py:137} INFO - [2023-04-16T18:01:52.403+0000] {dag.py:2705} INFO - Sync 1 DAGs
[2023-04-16T18:01:52.439+0000] {logging_mixin.py:137} INFO - [2023-04-16T18:01:52.439+0000] {dag.py:3456} INFO - Setting next_dagrun for example_sensor_decorator to None, run_after=None
[2023-04-16T18:01:52.462+0000] {processor.py:175} INFO - Processing /home/airflow/.local/lib/python3.7/site-packages/airflow/example_dags/example_sensor_decorator.py took 0.138 seconds
[2023-04-16T18:02:22.647+0000] {processor.py:153} INFO - Started process (PID=346) to work on /home/airflow/.local/lib/python3.7/site-packages/airflow/example_dags/example_sensor_decorator.py
[2023-04-16T18:02:22.648+0000] {processor.py:743} INFO - Processing file /home/airflow/.local/lib/python3.7/site-packages/airflow/example_dags/example_sensor_decorator.py for tasks to queue
[2023-04-16T18:02:22.649+0000] {logging_mixin.py:137} INFO - [2023-04-16T18:02:22.649+0000] {dagbag.py:532} INFO - Filling up the DagBag from /home/airflow/.local/lib/python3.7/site-packages/airflow/example_dags/example_sensor_decorator.py
[2023-04-16T18:02:22.681+0000] {processor.py:753} INFO - DAG(s) dict_keys(['example_sensor_decorator']) retrieved from /home/airflow/.local/lib/python3.7/site-packages/airflow/example_dags/example_sensor_decorator.py
[2023-04-16T18:02:22.718+0000] {logging_mixin.py:137} INFO - [2023-04-16T18:02:22.718+0000] {dag.py:2705} INFO - Sync 1 DAGs
[2023-04-16T18:02:22.756+0000] {logging_mixin.py:137} INFO - [2023-04-16T18:02:22.756+0000] {dag.py:3456} INFO - Setting next_dagrun for example_sensor_decorator to None, run_after=None
[2023-04-16T18:02:22.786+0000] {processor.py:175} INFO - Processing /home/airflow/.local/lib/python3.7/site-packages/airflow/example_dags/example_sensor_decorator.py took 0.144 seconds
[2023-04-16T18:02:53.772+0000] {processor.py:153} INFO - Started process (PID=398) to work on /home/airflow/.local/lib/python3.7/site-packages/airflow/example_dags/example_sensor_decorator.py
[2023-04-16T18:02:53.773+0000] {processor.py:743} INFO - Processing file /home/airflow/.local/lib/python3.7/site-packages/airflow/example_dags/example_sensor_decorator.py for tasks to queue
[2023-04-16T18:02:53.774+0000] {logging_mixin.py:137} INFO - [2023-04-16T18:02:53.774+0000] {dagbag.py:532} INFO - Filling up the DagBag from /home/airflow/.local/lib/python3.7/site-packages/airflow/example_dags/example_sensor_decorator.py
[2023-04-16T18:02:53.812+0000] {processor.py:753} INFO - DAG(s) dict_keys(['example_sensor_decorator']) retrieved from /home/airflow/.local/lib/python3.7/site-packages/airflow/example_dags/example_sensor_decorator.py
[2023-04-16T18:02:53.854+0000] {logging_mixin.py:137} INFO - [2023-04-16T18:02:53.853+0000] {dag.py:2705} INFO - Sync 1 DAGs
[2023-04-16T18:02:53.890+0000] {logging_mixin.py:137} INFO - [2023-04-16T18:02:53.890+0000] {dag.py:3456} INFO - Setting next_dagrun for example_sensor_decorator to None, run_after=None
[2023-04-16T18:02:53.923+0000] {processor.py:175} INFO - Processing /home/airflow/.local/lib/python3.7/site-packages/airflow/example_dags/example_sensor_decorator.py took 0.156 seconds
[2023-04-16T18:03:24.436+0000] {processor.py:153} INFO - Started process (PID=448) to work on /home/airflow/.local/lib/python3.7/site-packages/airflow/example_dags/example_sensor_decorator.py
[2023-04-16T18:03:24.438+0000] {processor.py:743} INFO - Processing file /home/airflow/.local/lib/python3.7/site-packages/airflow/example_dags/example_sensor_decorator.py for tasks to queue
[2023-04-16T18:03:24.439+0000] {logging_mixin.py:137} INFO - [2023-04-16T18:03:24.439+0000] {dagbag.py:532} INFO - Filling up the DagBag from /home/airflow/.local/lib/python3.7/site-packages/airflow/example_dags/example_sensor_decorator.py
[2023-04-16T18:03:24.481+0000] {processor.py:753} INFO - DAG(s) dict_keys(['example_sensor_decorator']) retrieved from /home/airflow/.local/lib/python3.7/site-packages/airflow/example_dags/example_sensor_decorator.py
[2023-04-16T18:03:24.530+0000] {logging_mixin.py:137} INFO - [2023-04-16T18:03:24.530+0000] {dag.py:2705} INFO - Sync 1 DAGs
[2023-04-16T18:03:24.579+0000] {logging_mixin.py:137} INFO - [2023-04-16T18:03:24.579+0000] {dag.py:3456} INFO - Setting next_dagrun for example_sensor_decorator to None, run_after=None
[2023-04-16T18:03:24.614+0000] {processor.py:175} INFO - Processing /home/airflow/.local/lib/python3.7/site-packages/airflow/example_dags/example_sensor_decorator.py took 0.184 seconds
[2023-04-16T18:03:54.767+0000] {processor.py:153} INFO - Started process (PID=497) to work on /home/airflow/.local/lib/python3.7/site-packages/airflow/example_dags/example_sensor_decorator.py
[2023-04-16T18:03:54.769+0000] {processor.py:743} INFO - Processing file /home/airflow/.local/lib/python3.7/site-packages/airflow/example_dags/example_sensor_decorator.py for tasks to queue
[2023-04-16T18:03:54.769+0000] {logging_mixin.py:137} INFO - [2023-04-16T18:03:54.769+0000] {dagbag.py:532} INFO - Filling up the DagBag from /home/airflow/.local/lib/python3.7/site-packages/airflow/example_dags/example_sensor_decorator.py
[2023-04-16T18:03:54.808+0000] {processor.py:753} INFO - DAG(s) dict_keys(['example_sensor_decorator']) retrieved from /home/airflow/.local/lib/python3.7/site-packages/airflow/example_dags/example_sensor_decorator.py
[2023-04-16T18:03:54.850+0000] {logging_mixin.py:137} INFO - [2023-04-16T18:03:54.849+0000] {dag.py:2705} INFO - Sync 1 DAGs
[2023-04-16T18:03:54.885+0000] {logging_mixin.py:137} INFO - [2023-04-16T18:03:54.885+0000] {dag.py:3456} INFO - Setting next_dagrun for example_sensor_decorator to None, run_after=None
[2023-04-16T18:03:54.913+0000] {processor.py:175} INFO - Processing /home/airflow/.local/lib/python3.7/site-packages/airflow/example_dags/example_sensor_decorator.py took 0.151 seconds
[2023-04-16T18:04:25.081+0000] {processor.py:153} INFO - Started process (PID=547) to work on /home/airflow/.local/lib/python3.7/site-packages/airflow/example_dags/example_sensor_decorator.py
[2023-04-16T18:04:25.083+0000] {processor.py:743} INFO - Processing file /home/airflow/.local/lib/python3.7/site-packages/airflow/example_dags/example_sensor_decorator.py for tasks to queue
[2023-04-16T18:04:25.084+0000] {logging_mixin.py:137} INFO - [2023-04-16T18:04:25.084+0000] {dagbag.py:532} INFO - Filling up the DagBag from /home/airflow/.local/lib/python3.7/site-packages/airflow/example_dags/example_sensor_decorator.py
[2023-04-16T18:04:25.118+0000] {processor.py:753} INFO - DAG(s) dict_keys(['example_sensor_decorator']) retrieved from /home/airflow/.local/lib/python3.7/site-packages/airflow/example_dags/example_sensor_decorator.py
[2023-04-16T18:04:25.158+0000] {logging_mixin.py:137} INFO - [2023-04-16T18:04:25.158+0000] {dag.py:2705} INFO - Sync 1 DAGs
[2023-04-16T18:04:25.193+0000] {logging_mixin.py:137} INFO - [2023-04-16T18:04:25.193+0000] {dag.py:3456} INFO - Setting next_dagrun for example_sensor_decorator to None, run_after=None
[2023-04-16T18:04:25.217+0000] {processor.py:175} INFO - Processing /home/airflow/.local/lib/python3.7/site-packages/airflow/example_dags/example_sensor_decorator.py took 0.141 seconds
[2023-04-16T18:04:55.393+0000] {processor.py:153} INFO - Started process (PID=596) to work on /home/airflow/.local/lib/python3.7/site-packages/airflow/example_dags/example_sensor_decorator.py
[2023-04-16T18:04:55.395+0000] {processor.py:743} INFO - Processing file /home/airflow/.local/lib/python3.7/site-packages/airflow/example_dags/example_sensor_decorator.py for tasks to queue
[2023-04-16T18:04:55.395+0000] {logging_mixin.py:137} INFO - [2023-04-16T18:04:55.395+0000] {dagbag.py:532} INFO - Filling up the DagBag from /home/airflow/.local/lib/python3.7/site-packages/airflow/example_dags/example_sensor_decorator.py
[2023-04-16T18:04:55.432+0000] {processor.py:753} INFO - DAG(s) dict_keys(['example_sensor_decorator']) retrieved from /home/airflow/.local/lib/python3.7/site-packages/airflow/example_dags/example_sensor_decorator.py
[2023-04-16T18:04:55.469+0000] {logging_mixin.py:137} INFO - [2023-04-16T18:04:55.468+0000] {dag.py:2705} INFO - Sync 1 DAGs
[2023-04-16T18:04:55.506+0000] {logging_mixin.py:137} INFO - [2023-04-16T18:04:55.506+0000] {dag.py:3456} INFO - Setting next_dagrun for example_sensor_decorator to None, run_after=None
[2023-04-16T18:04:55.532+0000] {processor.py:175} INFO - Processing /home/airflow/.local/lib/python3.7/site-packages/airflow/example_dags/example_sensor_decorator.py took 0.145 seconds
[2023-04-16T18:05:25.666+0000] {processor.py:153} INFO - Started process (PID=646) to work on /home/airflow/.local/lib/python3.7/site-packages/airflow/example_dags/example_sensor_decorator.py
[2023-04-16T18:05:25.668+0000] {processor.py:743} INFO - Processing file /home/airflow/.local/lib/python3.7/site-packages/airflow/example_dags/example_sensor_decorator.py for tasks to queue
[2023-04-16T18:05:25.669+0000] {logging_mixin.py:137} INFO - [2023-04-16T18:05:25.669+0000] {dagbag.py:532} INFO - Filling up the DagBag from /home/airflow/.local/lib/python3.7/site-packages/airflow/example_dags/example_sensor_decorator.py
[2023-04-16T18:05:25.714+0000] {processor.py:753} INFO - DAG(s) dict_keys(['example_sensor_decorator']) retrieved from /home/airflow/.local/lib/python3.7/site-packages/airflow/example_dags/example_sensor_decorator.py
[2023-04-16T18:05:25.750+0000] {logging_mixin.py:137} INFO - [2023-04-16T18:05:25.749+0000] {dag.py:2705} INFO - Sync 1 DAGs
[2023-04-16T18:05:25.786+0000] {logging_mixin.py:137} INFO - [2023-04-16T18:05:25.786+0000] {dag.py:3456} INFO - Setting next_dagrun for example_sensor_decorator to None, run_after=None
[2023-04-16T18:05:25.811+0000] {processor.py:175} INFO - Processing /home/airflow/.local/lib/python3.7/site-packages/airflow/example_dags/example_sensor_decorator.py took 0.150 seconds
[2023-04-16T18:05:56.002+0000] {processor.py:153} INFO - Started process (PID=695) to work on /home/airflow/.local/lib/python3.7/site-packages/airflow/example_dags/example_sensor_decorator.py
[2023-04-16T18:05:56.004+0000] {processor.py:743} INFO - Processing file /home/airflow/.local/lib/python3.7/site-packages/airflow/example_dags/example_sensor_decorator.py for tasks to queue
[2023-04-16T18:05:56.005+0000] {logging_mixin.py:137} INFO - [2023-04-16T18:05:56.005+0000] {dagbag.py:532} INFO - Filling up the DagBag from /home/airflow/.local/lib/python3.7/site-packages/airflow/example_dags/example_sensor_decorator.py
[2023-04-16T18:05:56.049+0000] {processor.py:753} INFO - DAG(s) dict_keys(['example_sensor_decorator']) retrieved from /home/airflow/.local/lib/python3.7/site-packages/airflow/example_dags/example_sensor_decorator.py
[2023-04-16T18:05:56.083+0000] {logging_mixin.py:137} INFO - [2023-04-16T18:05:56.083+0000] {dag.py:2705} INFO - Sync 1 DAGs
[2023-04-16T18:05:56.121+0000] {logging_mixin.py:137} INFO - [2023-04-16T18:05:56.121+0000] {dag.py:3456} INFO - Setting next_dagrun for example_sensor_decorator to None, run_after=None
[2023-04-16T18:05:56.146+0000] {processor.py:175} INFO - Processing /home/airflow/.local/lib/python3.7/site-packages/airflow/example_dags/example_sensor_decorator.py took 0.151 seconds
[2023-04-16T18:06:26.257+0000] {processor.py:153} INFO - Started process (PID=744) to work on /home/airflow/.local/lib/python3.7/site-packages/airflow/example_dags/example_sensor_decorator.py
[2023-04-16T18:06:26.259+0000] {processor.py:743} INFO - Processing file /home/airflow/.local/lib/python3.7/site-packages/airflow/example_dags/example_sensor_decorator.py for tasks to queue
[2023-04-16T18:06:26.259+0000] {logging_mixin.py:137} INFO - [2023-04-16T18:06:26.259+0000] {dagbag.py:532} INFO - Filling up the DagBag from /home/airflow/.local/lib/python3.7/site-packages/airflow/example_dags/example_sensor_decorator.py
[2023-04-16T18:06:26.293+0000] {processor.py:753} INFO - DAG(s) dict_keys(['example_sensor_decorator']) retrieved from /home/airflow/.local/lib/python3.7/site-packages/airflow/example_dags/example_sensor_decorator.py
[2023-04-16T18:06:26.339+0000] {logging_mixin.py:137} INFO - [2023-04-16T18:06:26.339+0000] {dag.py:2705} INFO - Sync 1 DAGs
[2023-04-16T18:06:26.374+0000] {logging_mixin.py:137} INFO - [2023-04-16T18:06:26.374+0000] {dag.py:3456} INFO - Setting next_dagrun for example_sensor_decorator to None, run_after=None
[2023-04-16T18:06:26.407+0000] {processor.py:175} INFO - Processing /home/airflow/.local/lib/python3.7/site-packages/airflow/example_dags/example_sensor_decorator.py took 0.155 seconds
[2023-04-16T18:06:56.577+0000] {processor.py:153} INFO - Started process (PID=793) to work on /home/airflow/.local/lib/python3.7/site-packages/airflow/example_dags/example_sensor_decorator.py
[2023-04-16T18:06:56.579+0000] {processor.py:743} INFO - Processing file /home/airflow/.local/lib/python3.7/site-packages/airflow/example_dags/example_sensor_decorator.py for tasks to queue
[2023-04-16T18:06:56.580+0000] {logging_mixin.py:137} INFO - [2023-04-16T18:06:56.580+0000] {dagbag.py:532} INFO - Filling up the DagBag from /home/airflow/.local/lib/python3.7/site-packages/airflow/example_dags/example_sensor_decorator.py
[2023-04-16T18:06:56.622+0000] {processor.py:753} INFO - DAG(s) dict_keys(['example_sensor_decorator']) retrieved from /home/airflow/.local/lib/python3.7/site-packages/airflow/example_dags/example_sensor_decorator.py
[2023-04-16T18:06:56.661+0000] {logging_mixin.py:137} INFO - [2023-04-16T18:06:56.661+0000] {dag.py:2705} INFO - Sync 1 DAGs
[2023-04-16T18:06:56.700+0000] {logging_mixin.py:137} INFO - [2023-04-16T18:06:56.700+0000] {dag.py:3456} INFO - Setting next_dagrun for example_sensor_decorator to None, run_after=None
[2023-04-16T18:06:56.725+0000] {processor.py:175} INFO - Processing /home/airflow/.local/lib/python3.7/site-packages/airflow/example_dags/example_sensor_decorator.py took 0.155 seconds
[2023-04-16T18:07:26.851+0000] {processor.py:153} INFO - Started process (PID=843) to work on /home/airflow/.local/lib/python3.7/site-packages/airflow/example_dags/example_sensor_decorator.py
[2023-04-16T18:07:26.854+0000] {processor.py:743} INFO - Processing file /home/airflow/.local/lib/python3.7/site-packages/airflow/example_dags/example_sensor_decorator.py for tasks to queue
[2023-04-16T18:07:26.855+0000] {logging_mixin.py:137} INFO - [2023-04-16T18:07:26.855+0000] {dagbag.py:532} INFO - Filling up the DagBag from /home/airflow/.local/lib/python3.7/site-packages/airflow/example_dags/example_sensor_decorator.py
[2023-04-16T18:07:26.896+0000] {processor.py:753} INFO - DAG(s) dict_keys(['example_sensor_decorator']) retrieved from /home/airflow/.local/lib/python3.7/site-packages/airflow/example_dags/example_sensor_decorator.py
[2023-04-16T18:07:26.938+0000] {logging_mixin.py:137} INFO - [2023-04-16T18:07:26.938+0000] {dag.py:2705} INFO - Sync 1 DAGs
[2023-04-16T18:07:26.986+0000] {logging_mixin.py:137} INFO - [2023-04-16T18:07:26.986+0000] {dag.py:3456} INFO - Setting next_dagrun for example_sensor_decorator to None, run_after=None
[2023-04-16T18:07:27.010+0000] {processor.py:175} INFO - Processing /home/airflow/.local/lib/python3.7/site-packages/airflow/example_dags/example_sensor_decorator.py took 0.163 seconds
[2023-04-16T18:07:57.109+0000] {processor.py:153} INFO - Started process (PID=892) to work on /home/airflow/.local/lib/python3.7/site-packages/airflow/example_dags/example_sensor_decorator.py
[2023-04-16T18:07:57.110+0000] {processor.py:743} INFO - Processing file /home/airflow/.local/lib/python3.7/site-packages/airflow/example_dags/example_sensor_decorator.py for tasks to queue
[2023-04-16T18:07:57.111+0000] {logging_mixin.py:137} INFO - [2023-04-16T18:07:57.111+0000] {dagbag.py:532} INFO - Filling up the DagBag from /home/airflow/.local/lib/python3.7/site-packages/airflow/example_dags/example_sensor_decorator.py
[2023-04-16T18:07:57.145+0000] {processor.py:753} INFO - DAG(s) dict_keys(['example_sensor_decorator']) retrieved from /home/airflow/.local/lib/python3.7/site-packages/airflow/example_dags/example_sensor_decorator.py
[2023-04-16T18:07:57.181+0000] {logging_mixin.py:137} INFO - [2023-04-16T18:07:57.181+0000] {dag.py:2705} INFO - Sync 1 DAGs
[2023-04-16T18:07:57.217+0000] {logging_mixin.py:137} INFO - [2023-04-16T18:07:57.217+0000] {dag.py:3456} INFO - Setting next_dagrun for example_sensor_decorator to None, run_after=None
[2023-04-16T18:07:57.247+0000] {processor.py:175} INFO - Processing /home/airflow/.local/lib/python3.7/site-packages/airflow/example_dags/example_sensor_decorator.py took 0.144 seconds
[2023-04-16T18:08:27.361+0000] {processor.py:153} INFO - Started process (PID=941) to work on /home/airflow/.local/lib/python3.7/site-packages/airflow/example_dags/example_sensor_decorator.py
[2023-04-16T18:08:27.363+0000] {processor.py:743} INFO - Processing file /home/airflow/.local/lib/python3.7/site-packages/airflow/example_dags/example_sensor_decorator.py for tasks to queue
[2023-04-16T18:08:27.364+0000] {logging_mixin.py:137} INFO - [2023-04-16T18:08:27.363+0000] {dagbag.py:532} INFO - Filling up the DagBag from /home/airflow/.local/lib/python3.7/site-packages/airflow/example_dags/example_sensor_decorator.py
[2023-04-16T18:08:27.410+0000] {processor.py:753} INFO - DAG(s) dict_keys(['example_sensor_decorator']) retrieved from /home/airflow/.local/lib/python3.7/site-packages/airflow/example_dags/example_sensor_decorator.py
[2023-04-16T18:08:27.446+0000] {logging_mixin.py:137} INFO - [2023-04-16T18:08:27.446+0000] {dag.py:2705} INFO - Sync 1 DAGs
[2023-04-16T18:08:27.481+0000] {logging_mixin.py:137} INFO - [2023-04-16T18:08:27.481+0000] {dag.py:3456} INFO - Setting next_dagrun for example_sensor_decorator to None, run_after=None
[2023-04-16T18:08:27.511+0000] {processor.py:175} INFO - Processing /home/airflow/.local/lib/python3.7/site-packages/airflow/example_dags/example_sensor_decorator.py took 0.155 seconds
[2023-04-16T18:08:57.598+0000] {processor.py:153} INFO - Started process (PID=991) to work on /home/airflow/.local/lib/python3.7/site-packages/airflow/example_dags/example_sensor_decorator.py
[2023-04-16T18:08:57.599+0000] {processor.py:743} INFO - Processing file /home/airflow/.local/lib/python3.7/site-packages/airflow/example_dags/example_sensor_decorator.py for tasks to queue
[2023-04-16T18:08:57.599+0000] {logging_mixin.py:137} INFO - [2023-04-16T18:08:57.599+0000] {dagbag.py:532} INFO - Filling up the DagBag from /home/airflow/.local/lib/python3.7/site-packages/airflow/example_dags/example_sensor_decorator.py
[2023-04-16T18:08:57.631+0000] {processor.py:753} INFO - DAG(s) dict_keys(['example_sensor_decorator']) retrieved from /home/airflow/.local/lib/python3.7/site-packages/airflow/example_dags/example_sensor_decorator.py
[2023-04-16T18:08:57.670+0000] {logging_mixin.py:137} INFO - [2023-04-16T18:08:57.670+0000] {dag.py:2705} INFO - Sync 1 DAGs
[2023-04-16T18:08:57.708+0000] {logging_mixin.py:137} INFO - [2023-04-16T18:08:57.708+0000] {dag.py:3456} INFO - Setting next_dagrun for example_sensor_decorator to None, run_after=None
[2023-04-16T18:08:57.738+0000] {processor.py:175} INFO - Processing /home/airflow/.local/lib/python3.7/site-packages/airflow/example_dags/example_sensor_decorator.py took 0.145 seconds
[2023-04-16T18:09:28.014+0000] {processor.py:153} INFO - Started process (PID=1040) to work on /home/airflow/.local/lib/python3.7/site-packages/airflow/example_dags/example_sensor_decorator.py
[2023-04-16T18:09:28.016+0000] {processor.py:743} INFO - Processing file /home/airflow/.local/lib/python3.7/site-packages/airflow/example_dags/example_sensor_decorator.py for tasks to queue
[2023-04-16T18:09:28.017+0000] {logging_mixin.py:137} INFO - [2023-04-16T18:09:28.017+0000] {dagbag.py:532} INFO - Filling up the DagBag from /home/airflow/.local/lib/python3.7/site-packages/airflow/example_dags/example_sensor_decorator.py
[2023-04-16T18:09:28.058+0000] {processor.py:753} INFO - DAG(s) dict_keys(['example_sensor_decorator']) retrieved from /home/airflow/.local/lib/python3.7/site-packages/airflow/example_dags/example_sensor_decorator.py
[2023-04-16T18:09:28.107+0000] {logging_mixin.py:137} INFO - [2023-04-16T18:09:28.107+0000] {dag.py:2705} INFO - Sync 1 DAGs
[2023-04-16T18:09:28.145+0000] {logging_mixin.py:137} INFO - [2023-04-16T18:09:28.145+0000] {dag.py:3456} INFO - Setting next_dagrun for example_sensor_decorator to None, run_after=None
[2023-04-16T18:09:28.169+0000] {processor.py:175} INFO - Processing /home/airflow/.local/lib/python3.7/site-packages/airflow/example_dags/example_sensor_decorator.py took 0.162 seconds
[2023-04-16T18:09:58.605+0000] {processor.py:153} INFO - Started process (PID=1091) to work on /home/airflow/.local/lib/python3.7/site-packages/airflow/example_dags/example_sensor_decorator.py
[2023-04-16T18:09:58.607+0000] {processor.py:743} INFO - Processing file /home/airflow/.local/lib/python3.7/site-packages/airflow/example_dags/example_sensor_decorator.py for tasks to queue
[2023-04-16T18:09:58.608+0000] {logging_mixin.py:137} INFO - [2023-04-16T18:09:58.608+0000] {dagbag.py:532} INFO - Filling up the DagBag from /home/airflow/.local/lib/python3.7/site-packages/airflow/example_dags/example_sensor_decorator.py
[2023-04-16T18:09:58.640+0000] {processor.py:753} INFO - DAG(s) dict_keys(['example_sensor_decorator']) retrieved from /home/airflow/.local/lib/python3.7/site-packages/airflow/example_dags/example_sensor_decorator.py
[2023-04-16T18:09:58.684+0000] {logging_mixin.py:137} INFO - [2023-04-16T18:09:58.684+0000] {dag.py:2705} INFO - Sync 1 DAGs
[2023-04-16T18:09:58.721+0000] {logging_mixin.py:137} INFO - [2023-04-16T18:09:58.721+0000] {dag.py:3456} INFO - Setting next_dagrun for example_sensor_decorator to None, run_after=None
[2023-04-16T18:09:58.753+0000] {processor.py:175} INFO - Processing /home/airflow/.local/lib/python3.7/site-packages/airflow/example_dags/example_sensor_decorator.py took 0.153 seconds
[2023-04-16T18:10:29.499+0000] {processor.py:153} INFO - Started process (PID=1141) to work on /home/airflow/.local/lib/python3.7/site-packages/airflow/example_dags/example_sensor_decorator.py
[2023-04-16T18:10:29.501+0000] {processor.py:743} INFO - Processing file /home/airflow/.local/lib/python3.7/site-packages/airflow/example_dags/example_sensor_decorator.py for tasks to queue
[2023-04-16T18:10:29.502+0000] {logging_mixin.py:137} INFO - [2023-04-16T18:10:29.502+0000] {dagbag.py:532} INFO - Filling up the DagBag from /home/airflow/.local/lib/python3.7/site-packages/airflow/example_dags/example_sensor_decorator.py
[2023-04-16T18:10:29.546+0000] {processor.py:753} INFO - DAG(s) dict_keys(['example_sensor_decorator']) retrieved from /home/airflow/.local/lib/python3.7/site-packages/airflow/example_dags/example_sensor_decorator.py
[2023-04-16T18:10:29.580+0000] {logging_mixin.py:137} INFO - [2023-04-16T18:10:29.579+0000] {dag.py:2705} INFO - Sync 1 DAGs
[2023-04-16T18:10:29.616+0000] {logging_mixin.py:137} INFO - [2023-04-16T18:10:29.616+0000] {dag.py:3456} INFO - Setting next_dagrun for example_sensor_decorator to None, run_after=None
[2023-04-16T18:10:29.640+0000] {processor.py:175} INFO - Processing /home/airflow/.local/lib/python3.7/site-packages/airflow/example_dags/example_sensor_decorator.py took 0.146 seconds
[2023-04-16T18:11:00.257+0000] {processor.py:153} INFO - Started process (PID=1191) to work on /home/airflow/.local/lib/python3.7/site-packages/airflow/example_dags/example_sensor_decorator.py
[2023-04-16T18:11:00.258+0000] {processor.py:743} INFO - Processing file /home/airflow/.local/lib/python3.7/site-packages/airflow/example_dags/example_sensor_decorator.py for tasks to queue
[2023-04-16T18:11:00.259+0000] {logging_mixin.py:137} INFO - [2023-04-16T18:11:00.259+0000] {dagbag.py:532} INFO - Filling up the DagBag from /home/airflow/.local/lib/python3.7/site-packages/airflow/example_dags/example_sensor_decorator.py
[2023-04-16T18:11:00.293+0000] {processor.py:753} INFO - DAG(s) dict_keys(['example_sensor_decorator']) retrieved from /home/airflow/.local/lib/python3.7/site-packages/airflow/example_dags/example_sensor_decorator.py
[2023-04-16T18:11:00.346+0000] {logging_mixin.py:137} INFO - [2023-04-16T18:11:00.346+0000] {dag.py:2705} INFO - Sync 1 DAGs
[2023-04-16T18:11:00.385+0000] {logging_mixin.py:137} INFO - [2023-04-16T18:11:00.385+0000] {dag.py:3456} INFO - Setting next_dagrun for example_sensor_decorator to None, run_after=None
[2023-04-16T18:11:00.411+0000] {processor.py:175} INFO - Processing /home/airflow/.local/lib/python3.7/site-packages/airflow/example_dags/example_sensor_decorator.py took 0.160 seconds
[2023-04-16T18:11:31.046+0000] {processor.py:153} INFO - Started process (PID=1242) to work on /home/airflow/.local/lib/python3.7/site-packages/airflow/example_dags/example_sensor_decorator.py
[2023-04-16T18:11:31.047+0000] {processor.py:743} INFO - Processing file /home/airflow/.local/lib/python3.7/site-packages/airflow/example_dags/example_sensor_decorator.py for tasks to queue
[2023-04-16T18:11:31.048+0000] {logging_mixin.py:137} INFO - [2023-04-16T18:11:31.048+0000] {dagbag.py:532} INFO - Filling up the DagBag from /home/airflow/.local/lib/python3.7/site-packages/airflow/example_dags/example_sensor_decorator.py
[2023-04-16T18:11:31.080+0000] {processor.py:753} INFO - DAG(s) dict_keys(['example_sensor_decorator']) retrieved from /home/airflow/.local/lib/python3.7/site-packages/airflow/example_dags/example_sensor_decorator.py
[2023-04-16T18:11:31.121+0000] {logging_mixin.py:137} INFO - [2023-04-16T18:11:31.120+0000] {dag.py:2705} INFO - Sync 1 DAGs
[2023-04-16T18:11:31.158+0000] {logging_mixin.py:137} INFO - [2023-04-16T18:11:31.158+0000] {dag.py:3456} INFO - Setting next_dagrun for example_sensor_decorator to None, run_after=None
[2023-04-16T18:11:31.183+0000] {processor.py:175} INFO - Processing /home/airflow/.local/lib/python3.7/site-packages/airflow/example_dags/example_sensor_decorator.py took 0.142 seconds
[2023-04-16T18:12:01.699+0000] {processor.py:153} INFO - Started process (PID=1292) to work on /home/airflow/.local/lib/python3.7/site-packages/airflow/example_dags/example_sensor_decorator.py
[2023-04-16T18:12:01.700+0000] {processor.py:743} INFO - Processing file /home/airflow/.local/lib/python3.7/site-packages/airflow/example_dags/example_sensor_decorator.py for tasks to queue
[2023-04-16T18:12:01.701+0000] {logging_mixin.py:137} INFO - [2023-04-16T18:12:01.701+0000] {dagbag.py:532} INFO - Filling up the DagBag from /home/airflow/.local/lib/python3.7/site-packages/airflow/example_dags/example_sensor_decorator.py
[2023-04-16T18:12:01.748+0000] {processor.py:753} INFO - DAG(s) dict_keys(['example_sensor_decorator']) retrieved from /home/airflow/.local/lib/python3.7/site-packages/airflow/example_dags/example_sensor_decorator.py
[2023-04-16T18:12:01.794+0000] {logging_mixin.py:137} INFO - [2023-04-16T18:12:01.794+0000] {dag.py:2705} INFO - Sync 1 DAGs
[2023-04-16T18:12:01.847+0000] {logging_mixin.py:137} INFO - [2023-04-16T18:12:01.847+0000] {dag.py:3456} INFO - Setting next_dagrun for example_sensor_decorator to None, run_after=None
[2023-04-16T18:12:01.873+0000] {processor.py:175} INFO - Processing /home/airflow/.local/lib/python3.7/site-packages/airflow/example_dags/example_sensor_decorator.py took 0.181 seconds
[2023-04-16T18:12:32.337+0000] {processor.py:153} INFO - Started process (PID=1342) to work on /home/airflow/.local/lib/python3.7/site-packages/airflow/example_dags/example_sensor_decorator.py
[2023-04-16T18:12:32.339+0000] {processor.py:743} INFO - Processing file /home/airflow/.local/lib/python3.7/site-packages/airflow/example_dags/example_sensor_decorator.py for tasks to queue
[2023-04-16T18:12:32.340+0000] {logging_mixin.py:137} INFO - [2023-04-16T18:12:32.340+0000] {dagbag.py:532} INFO - Filling up the DagBag from /home/airflow/.local/lib/python3.7/site-packages/airflow/example_dags/example_sensor_decorator.py
[2023-04-16T18:12:32.381+0000] {processor.py:753} INFO - DAG(s) dict_keys(['example_sensor_decorator']) retrieved from /home/airflow/.local/lib/python3.7/site-packages/airflow/example_dags/example_sensor_decorator.py
[2023-04-16T18:12:32.419+0000] {logging_mixin.py:137} INFO - [2023-04-16T18:12:32.419+0000] {dag.py:2705} INFO - Sync 1 DAGs
[2023-04-16T18:12:32.459+0000] {logging_mixin.py:137} INFO - [2023-04-16T18:12:32.459+0000] {dag.py:3456} INFO - Setting next_dagrun for example_sensor_decorator to None, run_after=None
[2023-04-16T18:12:32.483+0000] {processor.py:175} INFO - Processing /home/airflow/.local/lib/python3.7/site-packages/airflow/example_dags/example_sensor_decorator.py took 0.152 seconds
[2023-04-16T18:13:03.006+0000] {processor.py:153} INFO - Started process (PID=1392) to work on /home/airflow/.local/lib/python3.7/site-packages/airflow/example_dags/example_sensor_decorator.py
[2023-04-16T18:13:03.008+0000] {processor.py:743} INFO - Processing file /home/airflow/.local/lib/python3.7/site-packages/airflow/example_dags/example_sensor_decorator.py for tasks to queue
[2023-04-16T18:13:03.010+0000] {logging_mixin.py:137} INFO - [2023-04-16T18:13:03.009+0000] {dagbag.py:532} INFO - Filling up the DagBag from /home/airflow/.local/lib/python3.7/site-packages/airflow/example_dags/example_sensor_decorator.py
[2023-04-16T18:13:03.044+0000] {processor.py:753} INFO - DAG(s) dict_keys(['example_sensor_decorator']) retrieved from /home/airflow/.local/lib/python3.7/site-packages/airflow/example_dags/example_sensor_decorator.py
[2023-04-16T18:13:03.079+0000] {logging_mixin.py:137} INFO - [2023-04-16T18:13:03.079+0000] {dag.py:2705} INFO - Sync 1 DAGs
[2023-04-16T18:13:03.116+0000] {logging_mixin.py:137} INFO - [2023-04-16T18:13:03.115+0000] {dag.py:3456} INFO - Setting next_dagrun for example_sensor_decorator to None, run_after=None
[2023-04-16T18:13:03.143+0000] {processor.py:175} INFO - Processing /home/airflow/.local/lib/python3.7/site-packages/airflow/example_dags/example_sensor_decorator.py took 0.142 seconds
[2023-04-16T18:13:33.703+0000] {processor.py:153} INFO - Started process (PID=1443) to work on /home/airflow/.local/lib/python3.7/site-packages/airflow/example_dags/example_sensor_decorator.py
[2023-04-16T18:13:33.705+0000] {processor.py:743} INFO - Processing file /home/airflow/.local/lib/python3.7/site-packages/airflow/example_dags/example_sensor_decorator.py for tasks to queue
[2023-04-16T18:13:33.706+0000] {logging_mixin.py:137} INFO - [2023-04-16T18:13:33.705+0000] {dagbag.py:532} INFO - Filling up the DagBag from /home/airflow/.local/lib/python3.7/site-packages/airflow/example_dags/example_sensor_decorator.py
[2023-04-16T18:13:33.738+0000] {processor.py:753} INFO - DAG(s) dict_keys(['example_sensor_decorator']) retrieved from /home/airflow/.local/lib/python3.7/site-packages/airflow/example_dags/example_sensor_decorator.py
[2023-04-16T18:13:33.777+0000] {logging_mixin.py:137} INFO - [2023-04-16T18:13:33.776+0000] {dag.py:2705} INFO - Sync 1 DAGs
[2023-04-16T18:13:33.823+0000] {logging_mixin.py:137} INFO - [2023-04-16T18:13:33.823+0000] {dag.py:3456} INFO - Setting next_dagrun for example_sensor_decorator to None, run_after=None
[2023-04-16T18:13:33.854+0000] {processor.py:175} INFO - Processing /home/airflow/.local/lib/python3.7/site-packages/airflow/example_dags/example_sensor_decorator.py took 0.158 seconds
[2023-04-16T18:14:04.211+0000] {processor.py:153} INFO - Started process (PID=1494) to work on /home/airflow/.local/lib/python3.7/site-packages/airflow/example_dags/example_sensor_decorator.py
[2023-04-16T18:14:04.213+0000] {processor.py:743} INFO - Processing file /home/airflow/.local/lib/python3.7/site-packages/airflow/example_dags/example_sensor_decorator.py for tasks to queue
[2023-04-16T18:14:04.213+0000] {logging_mixin.py:137} INFO - [2023-04-16T18:14:04.213+0000] {dagbag.py:532} INFO - Filling up the DagBag from /home/airflow/.local/lib/python3.7/site-packages/airflow/example_dags/example_sensor_decorator.py
[2023-04-16T18:14:04.246+0000] {processor.py:753} INFO - DAG(s) dict_keys(['example_sensor_decorator']) retrieved from /home/airflow/.local/lib/python3.7/site-packages/airflow/example_dags/example_sensor_decorator.py
[2023-04-16T18:14:04.287+0000] {logging_mixin.py:137} INFO - [2023-04-16T18:14:04.287+0000] {dag.py:2705} INFO - Sync 1 DAGs
[2023-04-16T18:14:04.325+0000] {logging_mixin.py:137} INFO - [2023-04-16T18:14:04.325+0000] {dag.py:3456} INFO - Setting next_dagrun for example_sensor_decorator to None, run_after=None
[2023-04-16T18:14:04.350+0000] {processor.py:175} INFO - Processing /home/airflow/.local/lib/python3.7/site-packages/airflow/example_dags/example_sensor_decorator.py took 0.144 seconds
[2023-04-16T18:14:34.958+0000] {processor.py:153} INFO - Started process (PID=1544) to work on /home/airflow/.local/lib/python3.7/site-packages/airflow/example_dags/example_sensor_decorator.py
[2023-04-16T18:14:34.960+0000] {processor.py:743} INFO - Processing file /home/airflow/.local/lib/python3.7/site-packages/airflow/example_dags/example_sensor_decorator.py for tasks to queue
[2023-04-16T18:14:34.961+0000] {logging_mixin.py:137} INFO - [2023-04-16T18:14:34.961+0000] {dagbag.py:532} INFO - Filling up the DagBag from /home/airflow/.local/lib/python3.7/site-packages/airflow/example_dags/example_sensor_decorator.py
[2023-04-16T18:14:34.995+0000] {processor.py:753} INFO - DAG(s) dict_keys(['example_sensor_decorator']) retrieved from /home/airflow/.local/lib/python3.7/site-packages/airflow/example_dags/example_sensor_decorator.py
[2023-04-16T18:14:35.034+0000] {logging_mixin.py:137} INFO - [2023-04-16T18:14:35.033+0000] {dag.py:2705} INFO - Sync 1 DAGs
[2023-04-16T18:14:35.079+0000] {logging_mixin.py:137} INFO - [2023-04-16T18:14:35.079+0000] {dag.py:3456} INFO - Setting next_dagrun for example_sensor_decorator to None, run_after=None
[2023-04-16T18:14:35.113+0000] {processor.py:175} INFO - Processing /home/airflow/.local/lib/python3.7/site-packages/airflow/example_dags/example_sensor_decorator.py took 0.160 seconds
[2023-04-16T18:15:05.636+0000] {processor.py:153} INFO - Started process (PID=1594) to work on /home/airflow/.local/lib/python3.7/site-packages/airflow/example_dags/example_sensor_decorator.py
[2023-04-16T18:15:05.637+0000] {processor.py:743} INFO - Processing file /home/airflow/.local/lib/python3.7/site-packages/airflow/example_dags/example_sensor_decorator.py for tasks to queue
[2023-04-16T18:15:05.638+0000] {logging_mixin.py:137} INFO - [2023-04-16T18:15:05.638+0000] {dagbag.py:532} INFO - Filling up the DagBag from /home/airflow/.local/lib/python3.7/site-packages/airflow/example_dags/example_sensor_decorator.py
[2023-04-16T18:15:05.671+0000] {processor.py:753} INFO - DAG(s) dict_keys(['example_sensor_decorator']) retrieved from /home/airflow/.local/lib/python3.7/site-packages/airflow/example_dags/example_sensor_decorator.py
[2023-04-16T18:15:05.711+0000] {logging_mixin.py:137} INFO - [2023-04-16T18:15:05.711+0000] {dag.py:2705} INFO - Sync 1 DAGs
[2023-04-16T18:15:05.747+0000] {logging_mixin.py:137} INFO - [2023-04-16T18:15:05.746+0000] {dag.py:3456} INFO - Setting next_dagrun for example_sensor_decorator to None, run_after=None
[2023-04-16T18:15:05.770+0000] {processor.py:175} INFO - Processing /home/airflow/.local/lib/python3.7/site-packages/airflow/example_dags/example_sensor_decorator.py took 0.140 seconds
[2023-04-16T18:15:36.399+0000] {processor.py:153} INFO - Started process (PID=1644) to work on /home/airflow/.local/lib/python3.7/site-packages/airflow/example_dags/example_sensor_decorator.py
[2023-04-16T18:15:36.401+0000] {processor.py:743} INFO - Processing file /home/airflow/.local/lib/python3.7/site-packages/airflow/example_dags/example_sensor_decorator.py for tasks to queue
[2023-04-16T18:15:36.402+0000] {logging_mixin.py:137} INFO - [2023-04-16T18:15:36.402+0000] {dagbag.py:532} INFO - Filling up the DagBag from /home/airflow/.local/lib/python3.7/site-packages/airflow/example_dags/example_sensor_decorator.py
[2023-04-16T18:15:36.443+0000] {processor.py:753} INFO - DAG(s) dict_keys(['example_sensor_decorator']) retrieved from /home/airflow/.local/lib/python3.7/site-packages/airflow/example_dags/example_sensor_decorator.py
[2023-04-16T18:15:36.479+0000] {logging_mixin.py:137} INFO - [2023-04-16T18:15:36.478+0000] {dag.py:2705} INFO - Sync 1 DAGs
[2023-04-16T18:15:36.516+0000] {logging_mixin.py:137} INFO - [2023-04-16T18:15:36.516+0000] {dag.py:3456} INFO - Setting next_dagrun for example_sensor_decorator to None, run_after=None
[2023-04-16T18:15:36.547+0000] {processor.py:175} INFO - Processing /home/airflow/.local/lib/python3.7/site-packages/airflow/example_dags/example_sensor_decorator.py took 0.153 seconds
[2023-04-16T18:16:07.137+0000] {processor.py:153} INFO - Started process (PID=1694) to work on /home/airflow/.local/lib/python3.7/site-packages/airflow/example_dags/example_sensor_decorator.py
[2023-04-16T18:16:07.138+0000] {processor.py:743} INFO - Processing file /home/airflow/.local/lib/python3.7/site-packages/airflow/example_dags/example_sensor_decorator.py for tasks to queue
[2023-04-16T18:16:07.139+0000] {logging_mixin.py:137} INFO - [2023-04-16T18:16:07.138+0000] {dagbag.py:532} INFO - Filling up the DagBag from /home/airflow/.local/lib/python3.7/site-packages/airflow/example_dags/example_sensor_decorator.py
[2023-04-16T18:16:07.170+0000] {processor.py:753} INFO - DAG(s) dict_keys(['example_sensor_decorator']) retrieved from /home/airflow/.local/lib/python3.7/site-packages/airflow/example_dags/example_sensor_decorator.py
[2023-04-16T18:16:07.206+0000] {logging_mixin.py:137} INFO - [2023-04-16T18:16:07.206+0000] {dag.py:2705} INFO - Sync 1 DAGs
[2023-04-16T18:16:07.243+0000] {logging_mixin.py:137} INFO - [2023-04-16T18:16:07.243+0000] {dag.py:3456} INFO - Setting next_dagrun for example_sensor_decorator to None, run_after=None
[2023-04-16T18:16:07.267+0000] {processor.py:175} INFO - Processing /home/airflow/.local/lib/python3.7/site-packages/airflow/example_dags/example_sensor_decorator.py took 0.136 seconds
[2023-04-16T18:16:37.666+0000] {processor.py:153} INFO - Started process (PID=1744) to work on /home/airflow/.local/lib/python3.7/site-packages/airflow/example_dags/example_sensor_decorator.py
[2023-04-16T18:16:37.668+0000] {processor.py:743} INFO - Processing file /home/airflow/.local/lib/python3.7/site-packages/airflow/example_dags/example_sensor_decorator.py for tasks to queue
[2023-04-16T18:16:37.669+0000] {logging_mixin.py:137} INFO - [2023-04-16T18:16:37.668+0000] {dagbag.py:532} INFO - Filling up the DagBag from /home/airflow/.local/lib/python3.7/site-packages/airflow/example_dags/example_sensor_decorator.py
[2023-04-16T18:16:37.701+0000] {processor.py:753} INFO - DAG(s) dict_keys(['example_sensor_decorator']) retrieved from /home/airflow/.local/lib/python3.7/site-packages/airflow/example_dags/example_sensor_decorator.py
[2023-04-16T18:16:37.739+0000] {logging_mixin.py:137} INFO - [2023-04-16T18:16:37.739+0000] {dag.py:2705} INFO - Sync 1 DAGs
[2023-04-16T18:16:37.789+0000] {logging_mixin.py:137} INFO - [2023-04-16T18:16:37.788+0000] {dag.py:3456} INFO - Setting next_dagrun for example_sensor_decorator to None, run_after=None
[2023-04-16T18:16:37.819+0000] {processor.py:175} INFO - Processing /home/airflow/.local/lib/python3.7/site-packages/airflow/example_dags/example_sensor_decorator.py took 0.158 seconds
[2023-04-16T18:17:08.423+0000] {processor.py:153} INFO - Started process (PID=1794) to work on /home/airflow/.local/lib/python3.7/site-packages/airflow/example_dags/example_sensor_decorator.py
[2023-04-16T18:17:08.424+0000] {processor.py:743} INFO - Processing file /home/airflow/.local/lib/python3.7/site-packages/airflow/example_dags/example_sensor_decorator.py for tasks to queue
[2023-04-16T18:17:08.425+0000] {logging_mixin.py:137} INFO - [2023-04-16T18:17:08.425+0000] {dagbag.py:532} INFO - Filling up the DagBag from /home/airflow/.local/lib/python3.7/site-packages/airflow/example_dags/example_sensor_decorator.py
[2023-04-16T18:17:08.457+0000] {processor.py:753} INFO - DAG(s) dict_keys(['example_sensor_decorator']) retrieved from /home/airflow/.local/lib/python3.7/site-packages/airflow/example_dags/example_sensor_decorator.py
[2023-04-16T18:17:08.495+0000] {logging_mixin.py:137} INFO - [2023-04-16T18:17:08.494+0000] {dag.py:2705} INFO - Sync 1 DAGs
[2023-04-16T18:17:08.543+0000] {logging_mixin.py:137} INFO - [2023-04-16T18:17:08.542+0000] {dag.py:3456} INFO - Setting next_dagrun for example_sensor_decorator to None, run_after=None
[2023-04-16T18:17:08.576+0000] {processor.py:175} INFO - Processing /home/airflow/.local/lib/python3.7/site-packages/airflow/example_dags/example_sensor_decorator.py took 0.160 seconds
[2023-04-16T18:17:39.277+0000] {processor.py:153} INFO - Started process (PID=1844) to work on /home/airflow/.local/lib/python3.7/site-packages/airflow/example_dags/example_sensor_decorator.py
[2023-04-16T18:17:39.278+0000] {processor.py:743} INFO - Processing file /home/airflow/.local/lib/python3.7/site-packages/airflow/example_dags/example_sensor_decorator.py for tasks to queue
[2023-04-16T18:17:39.279+0000] {logging_mixin.py:137} INFO - [2023-04-16T18:17:39.279+0000] {dagbag.py:532} INFO - Filling up the DagBag from /home/airflow/.local/lib/python3.7/site-packages/airflow/example_dags/example_sensor_decorator.py
[2023-04-16T18:17:39.325+0000] {processor.py:753} INFO - DAG(s) dict_keys(['example_sensor_decorator']) retrieved from /home/airflow/.local/lib/python3.7/site-packages/airflow/example_dags/example_sensor_decorator.py
[2023-04-16T18:17:39.374+0000] {logging_mixin.py:137} INFO - [2023-04-16T18:17:39.374+0000] {dag.py:2705} INFO - Sync 1 DAGs
[2023-04-16T18:17:39.421+0000] {logging_mixin.py:137} INFO - [2023-04-16T18:17:39.421+0000] {dag.py:3456} INFO - Setting next_dagrun for example_sensor_decorator to None, run_after=None
[2023-04-16T18:17:39.452+0000] {processor.py:175} INFO - Processing /home/airflow/.local/lib/python3.7/site-packages/airflow/example_dags/example_sensor_decorator.py took 0.181 seconds
[2023-04-16T18:18:10.024+0000] {processor.py:153} INFO - Started process (PID=1901) to work on /home/airflow/.local/lib/python3.7/site-packages/airflow/example_dags/example_sensor_decorator.py
[2023-04-16T18:18:10.025+0000] {processor.py:743} INFO - Processing file /home/airflow/.local/lib/python3.7/site-packages/airflow/example_dags/example_sensor_decorator.py for tasks to queue
[2023-04-16T18:18:10.026+0000] {logging_mixin.py:137} INFO - [2023-04-16T18:18:10.026+0000] {dagbag.py:532} INFO - Filling up the DagBag from /home/airflow/.local/lib/python3.7/site-packages/airflow/example_dags/example_sensor_decorator.py
[2023-04-16T18:18:10.058+0000] {processor.py:753} INFO - DAG(s) dict_keys(['example_sensor_decorator']) retrieved from /home/airflow/.local/lib/python3.7/site-packages/airflow/example_dags/example_sensor_decorator.py
[2023-04-16T18:18:10.094+0000] {logging_mixin.py:137} INFO - [2023-04-16T18:18:10.093+0000] {dag.py:2705} INFO - Sync 1 DAGs
[2023-04-16T18:18:10.130+0000] {logging_mixin.py:137} INFO - [2023-04-16T18:18:10.130+0000] {dag.py:3456} INFO - Setting next_dagrun for example_sensor_decorator to None, run_after=None
[2023-04-16T18:18:10.155+0000] {processor.py:175} INFO - Processing /home/airflow/.local/lib/python3.7/site-packages/airflow/example_dags/example_sensor_decorator.py took 0.137 seconds
[2023-04-16T18:18:40.790+0000] {processor.py:153} INFO - Started process (PID=1951) to work on /home/airflow/.local/lib/python3.7/site-packages/airflow/example_dags/example_sensor_decorator.py
[2023-04-16T18:18:40.792+0000] {processor.py:743} INFO - Processing file /home/airflow/.local/lib/python3.7/site-packages/airflow/example_dags/example_sensor_decorator.py for tasks to queue
[2023-04-16T18:18:40.793+0000] {logging_mixin.py:137} INFO - [2023-04-16T18:18:40.793+0000] {dagbag.py:532} INFO - Filling up the DagBag from /home/airflow/.local/lib/python3.7/site-packages/airflow/example_dags/example_sensor_decorator.py
[2023-04-16T18:18:40.833+0000] {processor.py:753} INFO - DAG(s) dict_keys(['example_sensor_decorator']) retrieved from /home/airflow/.local/lib/python3.7/site-packages/airflow/example_dags/example_sensor_decorator.py
[2023-04-16T18:18:40.869+0000] {logging_mixin.py:137} INFO - [2023-04-16T18:18:40.869+0000] {dag.py:2705} INFO - Sync 1 DAGs
[2023-04-16T18:18:40.905+0000] {logging_mixin.py:137} INFO - [2023-04-16T18:18:40.904+0000] {dag.py:3456} INFO - Setting next_dagrun for example_sensor_decorator to None, run_after=None
[2023-04-16T18:18:40.933+0000] {processor.py:175} INFO - Processing /home/airflow/.local/lib/python3.7/site-packages/airflow/example_dags/example_sensor_decorator.py took 0.148 seconds
[2023-04-16T18:19:11.453+0000] {processor.py:153} INFO - Started process (PID=2001) to work on /home/airflow/.local/lib/python3.7/site-packages/airflow/example_dags/example_sensor_decorator.py
[2023-04-16T18:19:11.455+0000] {processor.py:743} INFO - Processing file /home/airflow/.local/lib/python3.7/site-packages/airflow/example_dags/example_sensor_decorator.py for tasks to queue
[2023-04-16T18:19:11.456+0000] {logging_mixin.py:137} INFO - [2023-04-16T18:19:11.456+0000] {dagbag.py:532} INFO - Filling up the DagBag from /home/airflow/.local/lib/python3.7/site-packages/airflow/example_dags/example_sensor_decorator.py
[2023-04-16T18:19:11.493+0000] {processor.py:753} INFO - DAG(s) dict_keys(['example_sensor_decorator']) retrieved from /home/airflow/.local/lib/python3.7/site-packages/airflow/example_dags/example_sensor_decorator.py
[2023-04-16T18:19:11.529+0000] {logging_mixin.py:137} INFO - [2023-04-16T18:19:11.529+0000] {dag.py:2705} INFO - Sync 1 DAGs
[2023-04-16T18:19:11.568+0000] {logging_mixin.py:137} INFO - [2023-04-16T18:19:11.568+0000] {dag.py:3456} INFO - Setting next_dagrun for example_sensor_decorator to None, run_after=None
[2023-04-16T18:19:11.592+0000] {processor.py:175} INFO - Processing /home/airflow/.local/lib/python3.7/site-packages/airflow/example_dags/example_sensor_decorator.py took 0.145 seconds
[2023-04-16T18:19:42.239+0000] {processor.py:153} INFO - Started process (PID=2051) to work on /home/airflow/.local/lib/python3.7/site-packages/airflow/example_dags/example_sensor_decorator.py
[2023-04-16T18:19:42.241+0000] {processor.py:743} INFO - Processing file /home/airflow/.local/lib/python3.7/site-packages/airflow/example_dags/example_sensor_decorator.py for tasks to queue
[2023-04-16T18:19:42.242+0000] {logging_mixin.py:137} INFO - [2023-04-16T18:19:42.242+0000] {dagbag.py:532} INFO - Filling up the DagBag from /home/airflow/.local/lib/python3.7/site-packages/airflow/example_dags/example_sensor_decorator.py
[2023-04-16T18:19:42.281+0000] {processor.py:753} INFO - DAG(s) dict_keys(['example_sensor_decorator']) retrieved from /home/airflow/.local/lib/python3.7/site-packages/airflow/example_dags/example_sensor_decorator.py
[2023-04-16T18:19:42.321+0000] {logging_mixin.py:137} INFO - [2023-04-16T18:19:42.321+0000] {dag.py:2705} INFO - Sync 1 DAGs
[2023-04-16T18:19:42.357+0000] {logging_mixin.py:137} INFO - [2023-04-16T18:19:42.357+0000] {dag.py:3456} INFO - Setting next_dagrun for example_sensor_decorator to None, run_after=None
[2023-04-16T18:19:42.384+0000] {processor.py:175} INFO - Processing /home/airflow/.local/lib/python3.7/site-packages/airflow/example_dags/example_sensor_decorator.py took 0.151 seconds
[2023-04-16T18:20:12.910+0000] {processor.py:153} INFO - Started process (PID=2101) to work on /home/airflow/.local/lib/python3.7/site-packages/airflow/example_dags/example_sensor_decorator.py
[2023-04-16T18:20:12.912+0000] {processor.py:743} INFO - Processing file /home/airflow/.local/lib/python3.7/site-packages/airflow/example_dags/example_sensor_decorator.py for tasks to queue
[2023-04-16T18:20:12.913+0000] {logging_mixin.py:137} INFO - [2023-04-16T18:20:12.913+0000] {dagbag.py:532} INFO - Filling up the DagBag from /home/airflow/.local/lib/python3.7/site-packages/airflow/example_dags/example_sensor_decorator.py
[2023-04-16T18:20:12.945+0000] {processor.py:753} INFO - DAG(s) dict_keys(['example_sensor_decorator']) retrieved from /home/airflow/.local/lib/python3.7/site-packages/airflow/example_dags/example_sensor_decorator.py
[2023-04-16T18:20:12.983+0000] {logging_mixin.py:137} INFO - [2023-04-16T18:20:12.982+0000] {dag.py:2705} INFO - Sync 1 DAGs
[2023-04-16T18:20:13.022+0000] {logging_mixin.py:137} INFO - [2023-04-16T18:20:13.022+0000] {dag.py:3456} INFO - Setting next_dagrun for example_sensor_decorator to None, run_after=None
[2023-04-16T18:20:13.050+0000] {processor.py:175} INFO - Processing /home/airflow/.local/lib/python3.7/site-packages/airflow/example_dags/example_sensor_decorator.py took 0.145 seconds
[2023-04-16T18:20:43.501+0000] {processor.py:153} INFO - Started process (PID=2152) to work on /home/airflow/.local/lib/python3.7/site-packages/airflow/example_dags/example_sensor_decorator.py
[2023-04-16T18:20:43.502+0000] {processor.py:743} INFO - Processing file /home/airflow/.local/lib/python3.7/site-packages/airflow/example_dags/example_sensor_decorator.py for tasks to queue
[2023-04-16T18:20:43.503+0000] {logging_mixin.py:137} INFO - [2023-04-16T18:20:43.503+0000] {dagbag.py:532} INFO - Filling up the DagBag from /home/airflow/.local/lib/python3.7/site-packages/airflow/example_dags/example_sensor_decorator.py
[2023-04-16T18:20:43.536+0000] {processor.py:753} INFO - DAG(s) dict_keys(['example_sensor_decorator']) retrieved from /home/airflow/.local/lib/python3.7/site-packages/airflow/example_dags/example_sensor_decorator.py
[2023-04-16T18:20:43.573+0000] {logging_mixin.py:137} INFO - [2023-04-16T18:20:43.572+0000] {dag.py:2705} INFO - Sync 1 DAGs
[2023-04-16T18:20:43.608+0000] {logging_mixin.py:137} INFO - [2023-04-16T18:20:43.608+0000] {dag.py:3456} INFO - Setting next_dagrun for example_sensor_decorator to None, run_after=None
[2023-04-16T18:20:43.634+0000] {processor.py:175} INFO - Processing /home/airflow/.local/lib/python3.7/site-packages/airflow/example_dags/example_sensor_decorator.py took 0.139 seconds
[2023-04-16T18:21:14.237+0000] {processor.py:153} INFO - Started process (PID=2202) to work on /home/airflow/.local/lib/python3.7/site-packages/airflow/example_dags/example_sensor_decorator.py
[2023-04-16T18:21:14.239+0000] {processor.py:743} INFO - Processing file /home/airflow/.local/lib/python3.7/site-packages/airflow/example_dags/example_sensor_decorator.py for tasks to queue
[2023-04-16T18:21:14.239+0000] {logging_mixin.py:137} INFO - [2023-04-16T18:21:14.239+0000] {dagbag.py:532} INFO - Filling up the DagBag from /home/airflow/.local/lib/python3.7/site-packages/airflow/example_dags/example_sensor_decorator.py
[2023-04-16T18:21:14.273+0000] {processor.py:753} INFO - DAG(s) dict_keys(['example_sensor_decorator']) retrieved from /home/airflow/.local/lib/python3.7/site-packages/airflow/example_dags/example_sensor_decorator.py
[2023-04-16T18:21:14.310+0000] {logging_mixin.py:137} INFO - [2023-04-16T18:21:14.310+0000] {dag.py:2705} INFO - Sync 1 DAGs
[2023-04-16T18:21:14.345+0000] {logging_mixin.py:137} INFO - [2023-04-16T18:21:14.345+0000] {dag.py:3456} INFO - Setting next_dagrun for example_sensor_decorator to None, run_after=None
[2023-04-16T18:21:14.371+0000] {processor.py:175} INFO - Processing /home/airflow/.local/lib/python3.7/site-packages/airflow/example_dags/example_sensor_decorator.py took 0.139 seconds
[2023-04-16T18:21:44.509+0000] {processor.py:153} INFO - Started process (PID=2252) to work on /home/airflow/.local/lib/python3.7/site-packages/airflow/example_dags/example_sensor_decorator.py
[2023-04-16T18:21:44.510+0000] {processor.py:743} INFO - Processing file /home/airflow/.local/lib/python3.7/site-packages/airflow/example_dags/example_sensor_decorator.py for tasks to queue
[2023-04-16T18:21:44.511+0000] {logging_mixin.py:137} INFO - [2023-04-16T18:21:44.511+0000] {dagbag.py:532} INFO - Filling up the DagBag from /home/airflow/.local/lib/python3.7/site-packages/airflow/example_dags/example_sensor_decorator.py
[2023-04-16T18:21:44.545+0000] {processor.py:753} INFO - DAG(s) dict_keys(['example_sensor_decorator']) retrieved from /home/airflow/.local/lib/python3.7/site-packages/airflow/example_dags/example_sensor_decorator.py
[2023-04-16T18:21:44.586+0000] {logging_mixin.py:137} INFO - [2023-04-16T18:21:44.586+0000] {dag.py:2705} INFO - Sync 1 DAGs
[2023-04-16T18:21:44.625+0000] {logging_mixin.py:137} INFO - [2023-04-16T18:21:44.624+0000] {dag.py:3456} INFO - Setting next_dagrun for example_sensor_decorator to None, run_after=None
[2023-04-16T18:21:44.649+0000] {processor.py:175} INFO - Processing /home/airflow/.local/lib/python3.7/site-packages/airflow/example_dags/example_sensor_decorator.py took 0.146 seconds
[2023-04-16T18:22:14.738+0000] {processor.py:153} INFO - Started process (PID=2302) to work on /home/airflow/.local/lib/python3.7/site-packages/airflow/example_dags/example_sensor_decorator.py
[2023-04-16T18:22:14.740+0000] {processor.py:743} INFO - Processing file /home/airflow/.local/lib/python3.7/site-packages/airflow/example_dags/example_sensor_decorator.py for tasks to queue
[2023-04-16T18:22:14.741+0000] {logging_mixin.py:137} INFO - [2023-04-16T18:22:14.741+0000] {dagbag.py:532} INFO - Filling up the DagBag from /home/airflow/.local/lib/python3.7/site-packages/airflow/example_dags/example_sensor_decorator.py
[2023-04-16T18:22:14.774+0000] {processor.py:753} INFO - DAG(s) dict_keys(['example_sensor_decorator']) retrieved from /home/airflow/.local/lib/python3.7/site-packages/airflow/example_dags/example_sensor_decorator.py
[2023-04-16T18:22:14.811+0000] {logging_mixin.py:137} INFO - [2023-04-16T18:22:14.811+0000] {dag.py:2705} INFO - Sync 1 DAGs
[2023-04-16T18:22:14.848+0000] {logging_mixin.py:137} INFO - [2023-04-16T18:22:14.848+0000] {dag.py:3456} INFO - Setting next_dagrun for example_sensor_decorator to None, run_after=None
[2023-04-16T18:22:14.875+0000] {processor.py:175} INFO - Processing /home/airflow/.local/lib/python3.7/site-packages/airflow/example_dags/example_sensor_decorator.py took 0.142 seconds
[2023-04-16T18:22:44.906+0000] {processor.py:153} INFO - Started process (PID=2351) to work on /home/airflow/.local/lib/python3.7/site-packages/airflow/example_dags/example_sensor_decorator.py
[2023-04-16T18:22:44.907+0000] {processor.py:743} INFO - Processing file /home/airflow/.local/lib/python3.7/site-packages/airflow/example_dags/example_sensor_decorator.py for tasks to queue
[2023-04-16T18:22:44.908+0000] {logging_mixin.py:137} INFO - [2023-04-16T18:22:44.908+0000] {dagbag.py:532} INFO - Filling up the DagBag from /home/airflow/.local/lib/python3.7/site-packages/airflow/example_dags/example_sensor_decorator.py
[2023-04-16T18:22:44.947+0000] {processor.py:753} INFO - DAG(s) dict_keys(['example_sensor_decorator']) retrieved from /home/airflow/.local/lib/python3.7/site-packages/airflow/example_dags/example_sensor_decorator.py
[2023-04-16T18:22:44.983+0000] {logging_mixin.py:137} INFO - [2023-04-16T18:22:44.983+0000] {dag.py:2705} INFO - Sync 1 DAGs
[2023-04-16T18:22:45.018+0000] {logging_mixin.py:137} INFO - [2023-04-16T18:22:45.018+0000] {dag.py:3456} INFO - Setting next_dagrun for example_sensor_decorator to None, run_after=None
[2023-04-16T18:22:45.042+0000] {processor.py:175} INFO - Processing /home/airflow/.local/lib/python3.7/site-packages/airflow/example_dags/example_sensor_decorator.py took 0.142 seconds
[2023-04-16T18:23:15.182+0000] {processor.py:153} INFO - Started process (PID=2401) to work on /home/airflow/.local/lib/python3.7/site-packages/airflow/example_dags/example_sensor_decorator.py
[2023-04-16T18:23:15.183+0000] {processor.py:743} INFO - Processing file /home/airflow/.local/lib/python3.7/site-packages/airflow/example_dags/example_sensor_decorator.py for tasks to queue
[2023-04-16T18:23:15.184+0000] {logging_mixin.py:137} INFO - [2023-04-16T18:23:15.184+0000] {dagbag.py:532} INFO - Filling up the DagBag from /home/airflow/.local/lib/python3.7/site-packages/airflow/example_dags/example_sensor_decorator.py
[2023-04-16T18:23:15.215+0000] {processor.py:753} INFO - DAG(s) dict_keys(['example_sensor_decorator']) retrieved from /home/airflow/.local/lib/python3.7/site-packages/airflow/example_dags/example_sensor_decorator.py
[2023-04-16T18:23:15.260+0000] {logging_mixin.py:137} INFO - [2023-04-16T18:23:15.260+0000] {dag.py:2705} INFO - Sync 1 DAGs
[2023-04-16T18:23:15.311+0000] {logging_mixin.py:137} INFO - [2023-04-16T18:23:15.311+0000] {dag.py:3456} INFO - Setting next_dagrun for example_sensor_decorator to None, run_after=None
[2023-04-16T18:23:15.341+0000] {processor.py:175} INFO - Processing /home/airflow/.local/lib/python3.7/site-packages/airflow/example_dags/example_sensor_decorator.py took 0.165 seconds
[2023-04-16T18:23:45.612+0000] {processor.py:153} INFO - Started process (PID=2451) to work on /home/airflow/.local/lib/python3.7/site-packages/airflow/example_dags/example_sensor_decorator.py
[2023-04-16T18:23:45.613+0000] {processor.py:743} INFO - Processing file /home/airflow/.local/lib/python3.7/site-packages/airflow/example_dags/example_sensor_decorator.py for tasks to queue
[2023-04-16T18:23:45.614+0000] {logging_mixin.py:137} INFO - [2023-04-16T18:23:45.614+0000] {dagbag.py:532} INFO - Filling up the DagBag from /home/airflow/.local/lib/python3.7/site-packages/airflow/example_dags/example_sensor_decorator.py
[2023-04-16T18:23:45.645+0000] {processor.py:753} INFO - DAG(s) dict_keys(['example_sensor_decorator']) retrieved from /home/airflow/.local/lib/python3.7/site-packages/airflow/example_dags/example_sensor_decorator.py
[2023-04-16T18:23:45.681+0000] {logging_mixin.py:137} INFO - [2023-04-16T18:23:45.681+0000] {dag.py:2705} INFO - Sync 1 DAGs
[2023-04-16T18:23:45.717+0000] {logging_mixin.py:137} INFO - [2023-04-16T18:23:45.717+0000] {dag.py:3456} INFO - Setting next_dagrun for example_sensor_decorator to None, run_after=None
[2023-04-16T18:23:45.741+0000] {processor.py:175} INFO - Processing /home/airflow/.local/lib/python3.7/site-packages/airflow/example_dags/example_sensor_decorator.py took 0.135 seconds
[2023-04-16T18:24:16.007+0000] {processor.py:153} INFO - Started process (PID=2501) to work on /home/airflow/.local/lib/python3.7/site-packages/airflow/example_dags/example_sensor_decorator.py
[2023-04-16T18:24:16.009+0000] {processor.py:743} INFO - Processing file /home/airflow/.local/lib/python3.7/site-packages/airflow/example_dags/example_sensor_decorator.py for tasks to queue
[2023-04-16T18:24:16.010+0000] {logging_mixin.py:137} INFO - [2023-04-16T18:24:16.010+0000] {dagbag.py:532} INFO - Filling up the DagBag from /home/airflow/.local/lib/python3.7/site-packages/airflow/example_dags/example_sensor_decorator.py
[2023-04-16T18:24:16.055+0000] {processor.py:753} INFO - DAG(s) dict_keys(['example_sensor_decorator']) retrieved from /home/airflow/.local/lib/python3.7/site-packages/airflow/example_dags/example_sensor_decorator.py
[2023-04-16T18:24:16.105+0000] {logging_mixin.py:137} INFO - [2023-04-16T18:24:16.105+0000] {dag.py:2705} INFO - Sync 1 DAGs
[2023-04-16T18:24:16.159+0000] {logging_mixin.py:137} INFO - [2023-04-16T18:24:16.159+0000] {dag.py:3456} INFO - Setting next_dagrun for example_sensor_decorator to None, run_after=None
[2023-04-16T18:24:16.190+0000] {processor.py:175} INFO - Processing /home/airflow/.local/lib/python3.7/site-packages/airflow/example_dags/example_sensor_decorator.py took 0.191 seconds
[2023-04-16T18:24:46.355+0000] {processor.py:153} INFO - Started process (PID=2551) to work on /home/airflow/.local/lib/python3.7/site-packages/airflow/example_dags/example_sensor_decorator.py
[2023-04-16T18:24:46.356+0000] {processor.py:743} INFO - Processing file /home/airflow/.local/lib/python3.7/site-packages/airflow/example_dags/example_sensor_decorator.py for tasks to queue
[2023-04-16T18:24:46.357+0000] {logging_mixin.py:137} INFO - [2023-04-16T18:24:46.357+0000] {dagbag.py:532} INFO - Filling up the DagBag from /home/airflow/.local/lib/python3.7/site-packages/airflow/example_dags/example_sensor_decorator.py
[2023-04-16T18:24:46.389+0000] {processor.py:753} INFO - DAG(s) dict_keys(['example_sensor_decorator']) retrieved from /home/airflow/.local/lib/python3.7/site-packages/airflow/example_dags/example_sensor_decorator.py
[2023-04-16T18:24:46.425+0000] {logging_mixin.py:137} INFO - [2023-04-16T18:24:46.425+0000] {dag.py:2705} INFO - Sync 1 DAGs
[2023-04-16T18:24:46.461+0000] {logging_mixin.py:137} INFO - [2023-04-16T18:24:46.461+0000] {dag.py:3456} INFO - Setting next_dagrun for example_sensor_decorator to None, run_after=None
[2023-04-16T18:24:46.488+0000] {processor.py:175} INFO - Processing /home/airflow/.local/lib/python3.7/site-packages/airflow/example_dags/example_sensor_decorator.py took 0.139 seconds
[2023-04-16T18:25:17.390+0000] {processor.py:153} INFO - Started process (PID=2601) to work on /home/airflow/.local/lib/python3.7/site-packages/airflow/example_dags/example_sensor_decorator.py
[2023-04-16T18:25:17.392+0000] {processor.py:743} INFO - Processing file /home/airflow/.local/lib/python3.7/site-packages/airflow/example_dags/example_sensor_decorator.py for tasks to queue
[2023-04-16T18:25:17.393+0000] {logging_mixin.py:137} INFO - [2023-04-16T18:25:17.392+0000] {dagbag.py:532} INFO - Filling up the DagBag from /home/airflow/.local/lib/python3.7/site-packages/airflow/example_dags/example_sensor_decorator.py
[2023-04-16T18:25:17.433+0000] {processor.py:753} INFO - DAG(s) dict_keys(['example_sensor_decorator']) retrieved from /home/airflow/.local/lib/python3.7/site-packages/airflow/example_dags/example_sensor_decorator.py
[2023-04-16T18:25:17.470+0000] {logging_mixin.py:137} INFO - [2023-04-16T18:25:17.470+0000] {dag.py:2705} INFO - Sync 1 DAGs
[2023-04-16T18:25:17.507+0000] {logging_mixin.py:137} INFO - [2023-04-16T18:25:17.506+0000] {dag.py:3456} INFO - Setting next_dagrun for example_sensor_decorator to None, run_after=None
[2023-04-16T18:25:17.538+0000] {processor.py:175} INFO - Processing /home/airflow/.local/lib/python3.7/site-packages/airflow/example_dags/example_sensor_decorator.py took 0.153 seconds
[2023-04-16T18:25:48.086+0000] {processor.py:153} INFO - Started process (PID=2652) to work on /home/airflow/.local/lib/python3.7/site-packages/airflow/example_dags/example_sensor_decorator.py
[2023-04-16T18:25:48.087+0000] {processor.py:743} INFO - Processing file /home/airflow/.local/lib/python3.7/site-packages/airflow/example_dags/example_sensor_decorator.py for tasks to queue
[2023-04-16T18:25:48.088+0000] {logging_mixin.py:137} INFO - [2023-04-16T18:25:48.088+0000] {dagbag.py:532} INFO - Filling up the DagBag from /home/airflow/.local/lib/python3.7/site-packages/airflow/example_dags/example_sensor_decorator.py
[2023-04-16T18:25:48.124+0000] {processor.py:753} INFO - DAG(s) dict_keys(['example_sensor_decorator']) retrieved from /home/airflow/.local/lib/python3.7/site-packages/airflow/example_dags/example_sensor_decorator.py
[2023-04-16T18:25:48.162+0000] {logging_mixin.py:137} INFO - [2023-04-16T18:25:48.162+0000] {dag.py:2705} INFO - Sync 1 DAGs
[2023-04-16T18:25:48.198+0000] {logging_mixin.py:137} INFO - [2023-04-16T18:25:48.198+0000] {dag.py:3456} INFO - Setting next_dagrun for example_sensor_decorator to None, run_after=None
[2023-04-16T18:25:48.223+0000] {processor.py:175} INFO - Processing /home/airflow/.local/lib/python3.7/site-packages/airflow/example_dags/example_sensor_decorator.py took 0.145 seconds
[2023-04-16T18:26:18.777+0000] {processor.py:153} INFO - Started process (PID=2701) to work on /home/airflow/.local/lib/python3.7/site-packages/airflow/example_dags/example_sensor_decorator.py
[2023-04-16T18:26:18.779+0000] {processor.py:743} INFO - Processing file /home/airflow/.local/lib/python3.7/site-packages/airflow/example_dags/example_sensor_decorator.py for tasks to queue
[2023-04-16T18:26:18.779+0000] {logging_mixin.py:137} INFO - [2023-04-16T18:26:18.779+0000] {dagbag.py:532} INFO - Filling up the DagBag from /home/airflow/.local/lib/python3.7/site-packages/airflow/example_dags/example_sensor_decorator.py
[2023-04-16T18:26:18.812+0000] {processor.py:753} INFO - DAG(s) dict_keys(['example_sensor_decorator']) retrieved from /home/airflow/.local/lib/python3.7/site-packages/airflow/example_dags/example_sensor_decorator.py
[2023-04-16T18:26:18.862+0000] {logging_mixin.py:137} INFO - [2023-04-16T18:26:18.862+0000] {dag.py:2705} INFO - Sync 1 DAGs
[2023-04-16T18:26:18.918+0000] {logging_mixin.py:137} INFO - [2023-04-16T18:26:18.918+0000] {dag.py:3456} INFO - Setting next_dagrun for example_sensor_decorator to None, run_after=None
[2023-04-16T18:26:18.946+0000] {processor.py:175} INFO - Processing /home/airflow/.local/lib/python3.7/site-packages/airflow/example_dags/example_sensor_decorator.py took 0.175 seconds
[2023-04-16T18:26:49.587+0000] {processor.py:153} INFO - Started process (PID=2751) to work on /home/airflow/.local/lib/python3.7/site-packages/airflow/example_dags/example_sensor_decorator.py
[2023-04-16T18:26:49.588+0000] {processor.py:743} INFO - Processing file /home/airflow/.local/lib/python3.7/site-packages/airflow/example_dags/example_sensor_decorator.py for tasks to queue
[2023-04-16T18:26:49.589+0000] {logging_mixin.py:137} INFO - [2023-04-16T18:26:49.589+0000] {dagbag.py:532} INFO - Filling up the DagBag from /home/airflow/.local/lib/python3.7/site-packages/airflow/example_dags/example_sensor_decorator.py
[2023-04-16T18:26:49.629+0000] {processor.py:753} INFO - DAG(s) dict_keys(['example_sensor_decorator']) retrieved from /home/airflow/.local/lib/python3.7/site-packages/airflow/example_dags/example_sensor_decorator.py
[2023-04-16T18:26:49.667+0000] {logging_mixin.py:137} INFO - [2023-04-16T18:26:49.667+0000] {dag.py:2705} INFO - Sync 1 DAGs
[2023-04-16T18:26:49.704+0000] {logging_mixin.py:137} INFO - [2023-04-16T18:26:49.704+0000] {dag.py:3456} INFO - Setting next_dagrun for example_sensor_decorator to None, run_after=None
[2023-04-16T18:26:49.739+0000] {processor.py:175} INFO - Processing /home/airflow/.local/lib/python3.7/site-packages/airflow/example_dags/example_sensor_decorator.py took 0.159 seconds
[2023-04-16T18:27:20.298+0000] {processor.py:153} INFO - Started process (PID=2801) to work on /home/airflow/.local/lib/python3.7/site-packages/airflow/example_dags/example_sensor_decorator.py
[2023-04-16T18:27:20.300+0000] {processor.py:743} INFO - Processing file /home/airflow/.local/lib/python3.7/site-packages/airflow/example_dags/example_sensor_decorator.py for tasks to queue
[2023-04-16T18:27:20.301+0000] {logging_mixin.py:137} INFO - [2023-04-16T18:27:20.300+0000] {dagbag.py:532} INFO - Filling up the DagBag from /home/airflow/.local/lib/python3.7/site-packages/airflow/example_dags/example_sensor_decorator.py
[2023-04-16T18:27:20.332+0000] {processor.py:753} INFO - DAG(s) dict_keys(['example_sensor_decorator']) retrieved from /home/airflow/.local/lib/python3.7/site-packages/airflow/example_dags/example_sensor_decorator.py
[2023-04-16T18:27:20.371+0000] {logging_mixin.py:137} INFO - [2023-04-16T18:27:20.370+0000] {dag.py:2705} INFO - Sync 1 DAGs
[2023-04-16T18:27:20.417+0000] {logging_mixin.py:137} INFO - [2023-04-16T18:27:20.417+0000] {dag.py:3456} INFO - Setting next_dagrun for example_sensor_decorator to None, run_after=None
[2023-04-16T18:27:20.442+0000] {processor.py:175} INFO - Processing /home/airflow/.local/lib/python3.7/site-packages/airflow/example_dags/example_sensor_decorator.py took 0.151 seconds
[2023-04-16T18:27:51.002+0000] {processor.py:153} INFO - Started process (PID=2852) to work on /home/airflow/.local/lib/python3.7/site-packages/airflow/example_dags/example_sensor_decorator.py
[2023-04-16T18:27:51.004+0000] {processor.py:743} INFO - Processing file /home/airflow/.local/lib/python3.7/site-packages/airflow/example_dags/example_sensor_decorator.py for tasks to queue
[2023-04-16T18:27:51.005+0000] {logging_mixin.py:137} INFO - [2023-04-16T18:27:51.004+0000] {dagbag.py:532} INFO - Filling up the DagBag from /home/airflow/.local/lib/python3.7/site-packages/airflow/example_dags/example_sensor_decorator.py
[2023-04-16T18:27:51.037+0000] {processor.py:753} INFO - DAG(s) dict_keys(['example_sensor_decorator']) retrieved from /home/airflow/.local/lib/python3.7/site-packages/airflow/example_dags/example_sensor_decorator.py
[2023-04-16T18:27:51.081+0000] {logging_mixin.py:137} INFO - [2023-04-16T18:27:51.081+0000] {dag.py:2705} INFO - Sync 1 DAGs
[2023-04-16T18:27:51.117+0000] {logging_mixin.py:137} INFO - [2023-04-16T18:27:51.117+0000] {dag.py:3456} INFO - Setting next_dagrun for example_sensor_decorator to None, run_after=None
[2023-04-16T18:27:51.142+0000] {processor.py:175} INFO - Processing /home/airflow/.local/lib/python3.7/site-packages/airflow/example_dags/example_sensor_decorator.py took 0.145 seconds
[2023-04-16T18:28:21.547+0000] {processor.py:153} INFO - Started process (PID=2902) to work on /home/airflow/.local/lib/python3.7/site-packages/airflow/example_dags/example_sensor_decorator.py
[2023-04-16T18:28:21.548+0000] {processor.py:743} INFO - Processing file /home/airflow/.local/lib/python3.7/site-packages/airflow/example_dags/example_sensor_decorator.py for tasks to queue
[2023-04-16T18:28:21.549+0000] {logging_mixin.py:137} INFO - [2023-04-16T18:28:21.549+0000] {dagbag.py:532} INFO - Filling up the DagBag from /home/airflow/.local/lib/python3.7/site-packages/airflow/example_dags/example_sensor_decorator.py
[2023-04-16T18:28:21.582+0000] {processor.py:753} INFO - DAG(s) dict_keys(['example_sensor_decorator']) retrieved from /home/airflow/.local/lib/python3.7/site-packages/airflow/example_dags/example_sensor_decorator.py
[2023-04-16T18:28:21.618+0000] {logging_mixin.py:137} INFO - [2023-04-16T18:28:21.618+0000] {dag.py:2705} INFO - Sync 1 DAGs
[2023-04-16T18:28:21.664+0000] {logging_mixin.py:137} INFO - [2023-04-16T18:28:21.664+0000] {dag.py:3456} INFO - Setting next_dagrun for example_sensor_decorator to None, run_after=None
[2023-04-16T18:28:21.695+0000] {processor.py:175} INFO - Processing /home/airflow/.local/lib/python3.7/site-packages/airflow/example_dags/example_sensor_decorator.py took 0.154 seconds
[2023-04-16T18:28:52.336+0000] {processor.py:153} INFO - Started process (PID=2952) to work on /home/airflow/.local/lib/python3.7/site-packages/airflow/example_dags/example_sensor_decorator.py
[2023-04-16T18:28:52.338+0000] {processor.py:743} INFO - Processing file /home/airflow/.local/lib/python3.7/site-packages/airflow/example_dags/example_sensor_decorator.py for tasks to queue
[2023-04-16T18:28:52.340+0000] {logging_mixin.py:137} INFO - [2023-04-16T18:28:52.340+0000] {dagbag.py:532} INFO - Filling up the DagBag from /home/airflow/.local/lib/python3.7/site-packages/airflow/example_dags/example_sensor_decorator.py
[2023-04-16T18:28:52.374+0000] {processor.py:753} INFO - DAG(s) dict_keys(['example_sensor_decorator']) retrieved from /home/airflow/.local/lib/python3.7/site-packages/airflow/example_dags/example_sensor_decorator.py
[2023-04-16T18:28:52.414+0000] {logging_mixin.py:137} INFO - [2023-04-16T18:28:52.414+0000] {dag.py:2705} INFO - Sync 1 DAGs
[2023-04-16T18:28:52.465+0000] {logging_mixin.py:137} INFO - [2023-04-16T18:28:52.465+0000] {dag.py:3456} INFO - Setting next_dagrun for example_sensor_decorator to None, run_after=None
[2023-04-16T18:28:52.492+0000] {processor.py:175} INFO - Processing /home/airflow/.local/lib/python3.7/site-packages/airflow/example_dags/example_sensor_decorator.py took 0.161 seconds
[2023-04-16T18:29:23.014+0000] {processor.py:153} INFO - Started process (PID=3003) to work on /home/airflow/.local/lib/python3.7/site-packages/airflow/example_dags/example_sensor_decorator.py
[2023-04-16T18:29:23.016+0000] {processor.py:743} INFO - Processing file /home/airflow/.local/lib/python3.7/site-packages/airflow/example_dags/example_sensor_decorator.py for tasks to queue
[2023-04-16T18:29:23.017+0000] {logging_mixin.py:137} INFO - [2023-04-16T18:29:23.017+0000] {dagbag.py:532} INFO - Filling up the DagBag from /home/airflow/.local/lib/python3.7/site-packages/airflow/example_dags/example_sensor_decorator.py
[2023-04-16T18:29:23.051+0000] {processor.py:753} INFO - DAG(s) dict_keys(['example_sensor_decorator']) retrieved from /home/airflow/.local/lib/python3.7/site-packages/airflow/example_dags/example_sensor_decorator.py
[2023-04-16T18:29:23.089+0000] {logging_mixin.py:137} INFO - [2023-04-16T18:29:23.088+0000] {dag.py:2705} INFO - Sync 1 DAGs
[2023-04-16T18:29:23.127+0000] {logging_mixin.py:137} INFO - [2023-04-16T18:29:23.126+0000] {dag.py:3456} INFO - Setting next_dagrun for example_sensor_decorator to None, run_after=None
[2023-04-16T18:29:23.152+0000] {processor.py:175} INFO - Processing /home/airflow/.local/lib/python3.7/site-packages/airflow/example_dags/example_sensor_decorator.py took 0.143 seconds
[2023-04-16T18:29:53.574+0000] {processor.py:153} INFO - Started process (PID=3054) to work on /home/airflow/.local/lib/python3.7/site-packages/airflow/example_dags/example_sensor_decorator.py
[2023-04-16T18:29:53.577+0000] {processor.py:743} INFO - Processing file /home/airflow/.local/lib/python3.7/site-packages/airflow/example_dags/example_sensor_decorator.py for tasks to queue
[2023-04-16T18:29:53.578+0000] {logging_mixin.py:137} INFO - [2023-04-16T18:29:53.578+0000] {dagbag.py:532} INFO - Filling up the DagBag from /home/airflow/.local/lib/python3.7/site-packages/airflow/example_dags/example_sensor_decorator.py
[2023-04-16T18:29:53.622+0000] {processor.py:753} INFO - DAG(s) dict_keys(['example_sensor_decorator']) retrieved from /home/airflow/.local/lib/python3.7/site-packages/airflow/example_dags/example_sensor_decorator.py
[2023-04-16T18:29:53.656+0000] {logging_mixin.py:137} INFO - [2023-04-16T18:29:53.656+0000] {dag.py:2705} INFO - Sync 1 DAGs
[2023-04-16T18:29:53.691+0000] {logging_mixin.py:137} INFO - [2023-04-16T18:29:53.691+0000] {dag.py:3456} INFO - Setting next_dagrun for example_sensor_decorator to None, run_after=None
[2023-04-16T18:29:53.714+0000] {processor.py:175} INFO - Processing /home/airflow/.local/lib/python3.7/site-packages/airflow/example_dags/example_sensor_decorator.py took 0.147 seconds
[2023-04-16T18:30:24.329+0000] {processor.py:153} INFO - Started process (PID=3104) to work on /home/airflow/.local/lib/python3.7/site-packages/airflow/example_dags/example_sensor_decorator.py
[2023-04-16T18:30:24.330+0000] {processor.py:743} INFO - Processing file /home/airflow/.local/lib/python3.7/site-packages/airflow/example_dags/example_sensor_decorator.py for tasks to queue
[2023-04-16T18:30:24.332+0000] {logging_mixin.py:137} INFO - [2023-04-16T18:30:24.331+0000] {dagbag.py:532} INFO - Filling up the DagBag from /home/airflow/.local/lib/python3.7/site-packages/airflow/example_dags/example_sensor_decorator.py
[2023-04-16T18:30:24.368+0000] {processor.py:753} INFO - DAG(s) dict_keys(['example_sensor_decorator']) retrieved from /home/airflow/.local/lib/python3.7/site-packages/airflow/example_dags/example_sensor_decorator.py
[2023-04-16T18:30:24.406+0000] {logging_mixin.py:137} INFO - [2023-04-16T18:30:24.405+0000] {dag.py:2705} INFO - Sync 1 DAGs
[2023-04-16T18:30:24.454+0000] {logging_mixin.py:137} INFO - [2023-04-16T18:30:24.453+0000] {dag.py:3456} INFO - Setting next_dagrun for example_sensor_decorator to None, run_after=None
[2023-04-16T18:30:24.489+0000] {processor.py:175} INFO - Processing /home/airflow/.local/lib/python3.7/site-packages/airflow/example_dags/example_sensor_decorator.py took 0.166 seconds
