[2023-04-16T17:59:22.172+0000] {processor.py:153} INFO - Started process (PID=58) to work on /home/airflow/.local/lib/python3.7/site-packages/airflow/example_dags/example_branch_labels.py
[2023-04-16T17:59:22.173+0000] {processor.py:743} INFO - Processing file /home/airflow/.local/lib/python3.7/site-packages/airflow/example_dags/example_branch_labels.py for tasks to queue
[2023-04-16T17:59:22.174+0000] {logging_mixin.py:137} INFO - [2023-04-16T17:59:22.174+0000] {dagbag.py:532} INFO - Filling up the DagBag from /home/airflow/.local/lib/python3.7/site-packages/airflow/example_dags/example_branch_labels.py
[2023-04-16T17:59:22.202+0000] {processor.py:753} INFO - DAG(s) dict_keys(['example_branch_labels']) retrieved from /home/airflow/.local/lib/python3.7/site-packages/airflow/example_dags/example_branch_labels.py
[2023-04-16T17:59:22.261+0000] {logging_mixin.py:137} INFO - [2023-04-16T17:59:22.261+0000] {dag.py:2705} INFO - Sync 1 DAGs
[2023-04-16T17:59:22.335+0000] {logging_mixin.py:137} INFO - [2023-04-16T17:59:22.335+0000] {dag.py:3456} INFO - Setting next_dagrun for example_branch_labels to 2023-04-15T00:00:00+00:00, run_after=2023-04-16T00:00:00+00:00
[2023-04-16T17:59:22.372+0000] {processor.py:175} INFO - Processing /home/airflow/.local/lib/python3.7/site-packages/airflow/example_dags/example_branch_labels.py took 0.209 seconds
[2023-04-16T17:59:52.477+0000] {processor.py:153} INFO - Started process (PID=108) to work on /home/airflow/.local/lib/python3.7/site-packages/airflow/example_dags/example_branch_labels.py
[2023-04-16T17:59:52.478+0000] {processor.py:743} INFO - Processing file /home/airflow/.local/lib/python3.7/site-packages/airflow/example_dags/example_branch_labels.py for tasks to queue
[2023-04-16T17:59:52.479+0000] {logging_mixin.py:137} INFO - [2023-04-16T17:59:52.479+0000] {dagbag.py:532} INFO - Filling up the DagBag from /home/airflow/.local/lib/python3.7/site-packages/airflow/example_dags/example_branch_labels.py
[2023-04-16T17:59:52.502+0000] {processor.py:753} INFO - DAG(s) dict_keys(['example_branch_labels']) retrieved from /home/airflow/.local/lib/python3.7/site-packages/airflow/example_dags/example_branch_labels.py
[2023-04-16T17:59:52.540+0000] {logging_mixin.py:137} INFO - [2023-04-16T17:59:52.540+0000] {dag.py:2705} INFO - Sync 1 DAGs
[2023-04-16T17:59:52.579+0000] {logging_mixin.py:137} INFO - [2023-04-16T17:59:52.579+0000] {dag.py:3456} INFO - Setting next_dagrun for example_branch_labels to 2023-04-15T00:00:00+00:00, run_after=2023-04-16T00:00:00+00:00
[2023-04-16T17:59:52.603+0000] {processor.py:175} INFO - Processing /home/airflow/.local/lib/python3.7/site-packages/airflow/example_dags/example_branch_labels.py took 0.132 seconds
[2023-04-16T18:00:22.863+0000] {processor.py:153} INFO - Started process (PID=159) to work on /home/airflow/.local/lib/python3.7/site-packages/airflow/example_dags/example_branch_labels.py
[2023-04-16T18:00:22.865+0000] {processor.py:743} INFO - Processing file /home/airflow/.local/lib/python3.7/site-packages/airflow/example_dags/example_branch_labels.py for tasks to queue
[2023-04-16T18:00:22.865+0000] {logging_mixin.py:137} INFO - [2023-04-16T18:00:22.865+0000] {dagbag.py:532} INFO - Filling up the DagBag from /home/airflow/.local/lib/python3.7/site-packages/airflow/example_dags/example_branch_labels.py
[2023-04-16T18:00:22.888+0000] {processor.py:753} INFO - DAG(s) dict_keys(['example_branch_labels']) retrieved from /home/airflow/.local/lib/python3.7/site-packages/airflow/example_dags/example_branch_labels.py
[2023-04-16T18:00:22.927+0000] {logging_mixin.py:137} INFO - [2023-04-16T18:00:22.927+0000] {dag.py:2705} INFO - Sync 1 DAGs
[2023-04-16T18:00:22.966+0000] {logging_mixin.py:137} INFO - [2023-04-16T18:00:22.965+0000] {dag.py:3456} INFO - Setting next_dagrun for example_branch_labels to 2023-04-15T00:00:00+00:00, run_after=2023-04-16T00:00:00+00:00
[2023-04-16T18:00:22.990+0000] {processor.py:175} INFO - Processing /home/airflow/.local/lib/python3.7/site-packages/airflow/example_dags/example_branch_labels.py took 0.132 seconds
[2023-04-16T18:00:53.103+0000] {processor.py:153} INFO - Started process (PID=209) to work on /home/airflow/.local/lib/python3.7/site-packages/airflow/example_dags/example_branch_labels.py
[2023-04-16T18:00:53.105+0000] {processor.py:743} INFO - Processing file /home/airflow/.local/lib/python3.7/site-packages/airflow/example_dags/example_branch_labels.py for tasks to queue
[2023-04-16T18:00:53.107+0000] {logging_mixin.py:137} INFO - [2023-04-16T18:00:53.106+0000] {dagbag.py:532} INFO - Filling up the DagBag from /home/airflow/.local/lib/python3.7/site-packages/airflow/example_dags/example_branch_labels.py
[2023-04-16T18:00:53.137+0000] {processor.py:753} INFO - DAG(s) dict_keys(['example_branch_labels']) retrieved from /home/airflow/.local/lib/python3.7/site-packages/airflow/example_dags/example_branch_labels.py
[2023-04-16T18:00:53.182+0000] {logging_mixin.py:137} INFO - [2023-04-16T18:00:53.182+0000] {dag.py:2705} INFO - Sync 1 DAGs
[2023-04-16T18:00:53.226+0000] {logging_mixin.py:137} INFO - [2023-04-16T18:00:53.226+0000] {dag.py:3456} INFO - Setting next_dagrun for example_branch_labels to 2023-04-15T00:00:00+00:00, run_after=2023-04-16T00:00:00+00:00
[2023-04-16T18:00:53.250+0000] {processor.py:175} INFO - Processing /home/airflow/.local/lib/python3.7/site-packages/airflow/example_dags/example_branch_labels.py took 0.152 seconds
[2023-04-16T18:01:23.392+0000] {processor.py:153} INFO - Started process (PID=259) to work on /home/airflow/.local/lib/python3.7/site-packages/airflow/example_dags/example_branch_labels.py
[2023-04-16T18:01:23.395+0000] {processor.py:743} INFO - Processing file /home/airflow/.local/lib/python3.7/site-packages/airflow/example_dags/example_branch_labels.py for tasks to queue
[2023-04-16T18:01:23.396+0000] {logging_mixin.py:137} INFO - [2023-04-16T18:01:23.396+0000] {dagbag.py:532} INFO - Filling up the DagBag from /home/airflow/.local/lib/python3.7/site-packages/airflow/example_dags/example_branch_labels.py
[2023-04-16T18:01:23.419+0000] {processor.py:753} INFO - DAG(s) dict_keys(['example_branch_labels']) retrieved from /home/airflow/.local/lib/python3.7/site-packages/airflow/example_dags/example_branch_labels.py
[2023-04-16T18:01:23.467+0000] {logging_mixin.py:137} INFO - [2023-04-16T18:01:23.467+0000] {dag.py:2705} INFO - Sync 1 DAGs
[2023-04-16T18:01:23.503+0000] {logging_mixin.py:137} INFO - [2023-04-16T18:01:23.503+0000] {dag.py:3456} INFO - Setting next_dagrun for example_branch_labels to 2023-04-15T00:00:00+00:00, run_after=2023-04-16T00:00:00+00:00
[2023-04-16T18:01:23.528+0000] {processor.py:175} INFO - Processing /home/airflow/.local/lib/python3.7/site-packages/airflow/example_dags/example_branch_labels.py took 0.143 seconds
[2023-04-16T18:01:53.872+0000] {processor.py:153} INFO - Started process (PID=309) to work on /home/airflow/.local/lib/python3.7/site-packages/airflow/example_dags/example_branch_labels.py
[2023-04-16T18:01:53.874+0000] {processor.py:743} INFO - Processing file /home/airflow/.local/lib/python3.7/site-packages/airflow/example_dags/example_branch_labels.py for tasks to queue
[2023-04-16T18:01:53.875+0000] {logging_mixin.py:137} INFO - [2023-04-16T18:01:53.875+0000] {dagbag.py:532} INFO - Filling up the DagBag from /home/airflow/.local/lib/python3.7/site-packages/airflow/example_dags/example_branch_labels.py
[2023-04-16T18:01:53.895+0000] {processor.py:753} INFO - DAG(s) dict_keys(['example_branch_labels']) retrieved from /home/airflow/.local/lib/python3.7/site-packages/airflow/example_dags/example_branch_labels.py
[2023-04-16T18:01:53.935+0000] {logging_mixin.py:137} INFO - [2023-04-16T18:01:53.934+0000] {dag.py:2705} INFO - Sync 1 DAGs
[2023-04-16T18:01:53.977+0000] {logging_mixin.py:137} INFO - [2023-04-16T18:01:53.976+0000] {dag.py:3456} INFO - Setting next_dagrun for example_branch_labels to 2023-04-15T00:00:00+00:00, run_after=2023-04-16T00:00:00+00:00
[2023-04-16T18:01:54.006+0000] {processor.py:175} INFO - Processing /home/airflow/.local/lib/python3.7/site-packages/airflow/example_dags/example_branch_labels.py took 0.139 seconds
[2023-04-16T18:02:24.107+0000] {processor.py:153} INFO - Started process (PID=360) to work on /home/airflow/.local/lib/python3.7/site-packages/airflow/example_dags/example_branch_labels.py
[2023-04-16T18:02:24.109+0000] {processor.py:743} INFO - Processing file /home/airflow/.local/lib/python3.7/site-packages/airflow/example_dags/example_branch_labels.py for tasks to queue
[2023-04-16T18:02:24.110+0000] {logging_mixin.py:137} INFO - [2023-04-16T18:02:24.110+0000] {dagbag.py:532} INFO - Filling up the DagBag from /home/airflow/.local/lib/python3.7/site-packages/airflow/example_dags/example_branch_labels.py
[2023-04-16T18:02:24.131+0000] {processor.py:753} INFO - DAG(s) dict_keys(['example_branch_labels']) retrieved from /home/airflow/.local/lib/python3.7/site-packages/airflow/example_dags/example_branch_labels.py
[2023-04-16T18:02:24.170+0000] {logging_mixin.py:137} INFO - [2023-04-16T18:02:24.170+0000] {dag.py:2705} INFO - Sync 1 DAGs
[2023-04-16T18:02:24.208+0000] {logging_mixin.py:137} INFO - [2023-04-16T18:02:24.208+0000] {dag.py:3456} INFO - Setting next_dagrun for example_branch_labels to 2023-04-15T00:00:00+00:00, run_after=2023-04-16T00:00:00+00:00
[2023-04-16T18:02:24.237+0000] {processor.py:175} INFO - Processing /home/airflow/.local/lib/python3.7/site-packages/airflow/example_dags/example_branch_labels.py took 0.136 seconds
[2023-04-16T18:02:54.926+0000] {processor.py:153} INFO - Started process (PID=411) to work on /home/airflow/.local/lib/python3.7/site-packages/airflow/example_dags/example_branch_labels.py
[2023-04-16T18:02:54.927+0000] {processor.py:743} INFO - Processing file /home/airflow/.local/lib/python3.7/site-packages/airflow/example_dags/example_branch_labels.py for tasks to queue
[2023-04-16T18:02:54.928+0000] {logging_mixin.py:137} INFO - [2023-04-16T18:02:54.928+0000] {dagbag.py:532} INFO - Filling up the DagBag from /home/airflow/.local/lib/python3.7/site-packages/airflow/example_dags/example_branch_labels.py
[2023-04-16T18:02:54.953+0000] {processor.py:753} INFO - DAG(s) dict_keys(['example_branch_labels']) retrieved from /home/airflow/.local/lib/python3.7/site-packages/airflow/example_dags/example_branch_labels.py
[2023-04-16T18:02:54.992+0000] {logging_mixin.py:137} INFO - [2023-04-16T18:02:54.992+0000] {dag.py:2705} INFO - Sync 1 DAGs
[2023-04-16T18:02:55.033+0000] {logging_mixin.py:137} INFO - [2023-04-16T18:02:55.033+0000] {dag.py:3456} INFO - Setting next_dagrun for example_branch_labels to 2023-04-15T00:00:00+00:00, run_after=2023-04-16T00:00:00+00:00
[2023-04-16T18:02:55.056+0000] {processor.py:175} INFO - Processing /home/airflow/.local/lib/python3.7/site-packages/airflow/example_dags/example_branch_labels.py took 0.137 seconds
[2023-04-16T18:03:25.661+0000] {processor.py:153} INFO - Started process (PID=461) to work on /home/airflow/.local/lib/python3.7/site-packages/airflow/example_dags/example_branch_labels.py
[2023-04-16T18:03:25.663+0000] {processor.py:743} INFO - Processing file /home/airflow/.local/lib/python3.7/site-packages/airflow/example_dags/example_branch_labels.py for tasks to queue
[2023-04-16T18:03:25.664+0000] {logging_mixin.py:137} INFO - [2023-04-16T18:03:25.663+0000] {dagbag.py:532} INFO - Filling up the DagBag from /home/airflow/.local/lib/python3.7/site-packages/airflow/example_dags/example_branch_labels.py
[2023-04-16T18:03:25.684+0000] {processor.py:753} INFO - DAG(s) dict_keys(['example_branch_labels']) retrieved from /home/airflow/.local/lib/python3.7/site-packages/airflow/example_dags/example_branch_labels.py
[2023-04-16T18:03:25.723+0000] {logging_mixin.py:137} INFO - [2023-04-16T18:03:25.723+0000] {dag.py:2705} INFO - Sync 1 DAGs
[2023-04-16T18:03:25.765+0000] {logging_mixin.py:137} INFO - [2023-04-16T18:03:25.765+0000] {dag.py:3456} INFO - Setting next_dagrun for example_branch_labels to 2023-04-15T00:00:00+00:00, run_after=2023-04-16T00:00:00+00:00
[2023-04-16T18:03:25.789+0000] {processor.py:175} INFO - Processing /home/airflow/.local/lib/python3.7/site-packages/airflow/example_dags/example_branch_labels.py took 0.134 seconds
[2023-04-16T18:03:55.983+0000] {processor.py:153} INFO - Started process (PID=510) to work on /home/airflow/.local/lib/python3.7/site-packages/airflow/example_dags/example_branch_labels.py
[2023-04-16T18:03:55.985+0000] {processor.py:743} INFO - Processing file /home/airflow/.local/lib/python3.7/site-packages/airflow/example_dags/example_branch_labels.py for tasks to queue
[2023-04-16T18:03:55.987+0000] {logging_mixin.py:137} INFO - [2023-04-16T18:03:55.986+0000] {dagbag.py:532} INFO - Filling up the DagBag from /home/airflow/.local/lib/python3.7/site-packages/airflow/example_dags/example_branch_labels.py
[2023-04-16T18:03:56.016+0000] {processor.py:753} INFO - DAG(s) dict_keys(['example_branch_labels']) retrieved from /home/airflow/.local/lib/python3.7/site-packages/airflow/example_dags/example_branch_labels.py
[2023-04-16T18:03:56.066+0000] {logging_mixin.py:137} INFO - [2023-04-16T18:03:56.066+0000] {dag.py:2705} INFO - Sync 1 DAGs
[2023-04-16T18:03:56.106+0000] {logging_mixin.py:137} INFO - [2023-04-16T18:03:56.106+0000] {dag.py:3456} INFO - Setting next_dagrun for example_branch_labels to 2023-04-15T00:00:00+00:00, run_after=2023-04-16T00:00:00+00:00
[2023-04-16T18:03:56.130+0000] {processor.py:175} INFO - Processing /home/airflow/.local/lib/python3.7/site-packages/airflow/example_dags/example_branch_labels.py took 0.152 seconds
[2023-04-16T18:04:26.271+0000] {processor.py:153} INFO - Started process (PID=560) to work on /home/airflow/.local/lib/python3.7/site-packages/airflow/example_dags/example_branch_labels.py
[2023-04-16T18:04:26.272+0000] {processor.py:743} INFO - Processing file /home/airflow/.local/lib/python3.7/site-packages/airflow/example_dags/example_branch_labels.py for tasks to queue
[2023-04-16T18:04:26.273+0000] {logging_mixin.py:137} INFO - [2023-04-16T18:04:26.273+0000] {dagbag.py:532} INFO - Filling up the DagBag from /home/airflow/.local/lib/python3.7/site-packages/airflow/example_dags/example_branch_labels.py
[2023-04-16T18:04:26.295+0000] {processor.py:753} INFO - DAG(s) dict_keys(['example_branch_labels']) retrieved from /home/airflow/.local/lib/python3.7/site-packages/airflow/example_dags/example_branch_labels.py
[2023-04-16T18:04:26.333+0000] {logging_mixin.py:137} INFO - [2023-04-16T18:04:26.333+0000] {dag.py:2705} INFO - Sync 1 DAGs
[2023-04-16T18:04:26.370+0000] {logging_mixin.py:137} INFO - [2023-04-16T18:04:26.370+0000] {dag.py:3456} INFO - Setting next_dagrun for example_branch_labels to 2023-04-15T00:00:00+00:00, run_after=2023-04-16T00:00:00+00:00
[2023-04-16T18:04:26.394+0000] {processor.py:175} INFO - Processing /home/airflow/.local/lib/python3.7/site-packages/airflow/example_dags/example_branch_labels.py took 0.128 seconds
[2023-04-16T18:04:56.626+0000] {processor.py:153} INFO - Started process (PID=609) to work on /home/airflow/.local/lib/python3.7/site-packages/airflow/example_dags/example_branch_labels.py
[2023-04-16T18:04:56.628+0000] {processor.py:743} INFO - Processing file /home/airflow/.local/lib/python3.7/site-packages/airflow/example_dags/example_branch_labels.py for tasks to queue
[2023-04-16T18:04:56.629+0000] {logging_mixin.py:137} INFO - [2023-04-16T18:04:56.629+0000] {dagbag.py:532} INFO - Filling up the DagBag from /home/airflow/.local/lib/python3.7/site-packages/airflow/example_dags/example_branch_labels.py
[2023-04-16T18:04:56.650+0000] {processor.py:753} INFO - DAG(s) dict_keys(['example_branch_labels']) retrieved from /home/airflow/.local/lib/python3.7/site-packages/airflow/example_dags/example_branch_labels.py
[2023-04-16T18:04:56.692+0000] {logging_mixin.py:137} INFO - [2023-04-16T18:04:56.692+0000] {dag.py:2705} INFO - Sync 1 DAGs
[2023-04-16T18:04:56.734+0000] {logging_mixin.py:137} INFO - [2023-04-16T18:04:56.734+0000] {dag.py:3456} INFO - Setting next_dagrun for example_branch_labels to 2023-04-15T00:00:00+00:00, run_after=2023-04-16T00:00:00+00:00
[2023-04-16T18:04:56.759+0000] {processor.py:175} INFO - Processing /home/airflow/.local/lib/python3.7/site-packages/airflow/example_dags/example_branch_labels.py took 0.139 seconds
[2023-04-16T18:05:26.921+0000] {processor.py:153} INFO - Started process (PID=659) to work on /home/airflow/.local/lib/python3.7/site-packages/airflow/example_dags/example_branch_labels.py
[2023-04-16T18:05:26.923+0000] {processor.py:743} INFO - Processing file /home/airflow/.local/lib/python3.7/site-packages/airflow/example_dags/example_branch_labels.py for tasks to queue
[2023-04-16T18:05:26.924+0000] {logging_mixin.py:137} INFO - [2023-04-16T18:05:26.924+0000] {dagbag.py:532} INFO - Filling up the DagBag from /home/airflow/.local/lib/python3.7/site-packages/airflow/example_dags/example_branch_labels.py
[2023-04-16T18:05:26.945+0000] {processor.py:753} INFO - DAG(s) dict_keys(['example_branch_labels']) retrieved from /home/airflow/.local/lib/python3.7/site-packages/airflow/example_dags/example_branch_labels.py
[2023-04-16T18:05:26.988+0000] {logging_mixin.py:137} INFO - [2023-04-16T18:05:26.988+0000] {dag.py:2705} INFO - Sync 1 DAGs
[2023-04-16T18:05:27.027+0000] {logging_mixin.py:137} INFO - [2023-04-16T18:05:27.027+0000] {dag.py:3456} INFO - Setting next_dagrun for example_branch_labels to 2023-04-15T00:00:00+00:00, run_after=2023-04-16T00:00:00+00:00
[2023-04-16T18:05:27.051+0000] {processor.py:175} INFO - Processing /home/airflow/.local/lib/python3.7/site-packages/airflow/example_dags/example_branch_labels.py took 0.135 seconds
[2023-04-16T18:05:57.150+0000] {processor.py:153} INFO - Started process (PID=708) to work on /home/airflow/.local/lib/python3.7/site-packages/airflow/example_dags/example_branch_labels.py
[2023-04-16T18:05:57.151+0000] {processor.py:743} INFO - Processing file /home/airflow/.local/lib/python3.7/site-packages/airflow/example_dags/example_branch_labels.py for tasks to queue
[2023-04-16T18:05:57.153+0000] {logging_mixin.py:137} INFO - [2023-04-16T18:05:57.152+0000] {dagbag.py:532} INFO - Filling up the DagBag from /home/airflow/.local/lib/python3.7/site-packages/airflow/example_dags/example_branch_labels.py
[2023-04-16T18:05:57.176+0000] {processor.py:753} INFO - DAG(s) dict_keys(['example_branch_labels']) retrieved from /home/airflow/.local/lib/python3.7/site-packages/airflow/example_dags/example_branch_labels.py
[2023-04-16T18:05:57.217+0000] {logging_mixin.py:137} INFO - [2023-04-16T18:05:57.217+0000] {dag.py:2705} INFO - Sync 1 DAGs
[2023-04-16T18:05:57.253+0000] {logging_mixin.py:137} INFO - [2023-04-16T18:05:57.253+0000] {dag.py:3456} INFO - Setting next_dagrun for example_branch_labels to 2023-04-15T00:00:00+00:00, run_after=2023-04-16T00:00:00+00:00
[2023-04-16T18:05:57.281+0000] {processor.py:175} INFO - Processing /home/airflow/.local/lib/python3.7/site-packages/airflow/example_dags/example_branch_labels.py took 0.137 seconds
[2023-04-16T18:06:27.491+0000] {processor.py:153} INFO - Started process (PID=757) to work on /home/airflow/.local/lib/python3.7/site-packages/airflow/example_dags/example_branch_labels.py
[2023-04-16T18:06:27.492+0000] {processor.py:743} INFO - Processing file /home/airflow/.local/lib/python3.7/site-packages/airflow/example_dags/example_branch_labels.py for tasks to queue
[2023-04-16T18:06:27.494+0000] {logging_mixin.py:137} INFO - [2023-04-16T18:06:27.493+0000] {dagbag.py:532} INFO - Filling up the DagBag from /home/airflow/.local/lib/python3.7/site-packages/airflow/example_dags/example_branch_labels.py
[2023-04-16T18:06:27.524+0000] {processor.py:753} INFO - DAG(s) dict_keys(['example_branch_labels']) retrieved from /home/airflow/.local/lib/python3.7/site-packages/airflow/example_dags/example_branch_labels.py
[2023-04-16T18:06:27.568+0000] {logging_mixin.py:137} INFO - [2023-04-16T18:06:27.567+0000] {dag.py:2705} INFO - Sync 1 DAGs
[2023-04-16T18:06:27.608+0000] {logging_mixin.py:137} INFO - [2023-04-16T18:06:27.608+0000] {dag.py:3456} INFO - Setting next_dagrun for example_branch_labels to 2023-04-15T00:00:00+00:00, run_after=2023-04-16T00:00:00+00:00
[2023-04-16T18:06:27.634+0000] {processor.py:175} INFO - Processing /home/airflow/.local/lib/python3.7/site-packages/airflow/example_dags/example_branch_labels.py took 0.148 seconds
[2023-04-16T18:06:57.779+0000] {processor.py:153} INFO - Started process (PID=806) to work on /home/airflow/.local/lib/python3.7/site-packages/airflow/example_dags/example_branch_labels.py
[2023-04-16T18:06:57.781+0000] {processor.py:743} INFO - Processing file /home/airflow/.local/lib/python3.7/site-packages/airflow/example_dags/example_branch_labels.py for tasks to queue
[2023-04-16T18:06:57.782+0000] {logging_mixin.py:137} INFO - [2023-04-16T18:06:57.781+0000] {dagbag.py:532} INFO - Filling up the DagBag from /home/airflow/.local/lib/python3.7/site-packages/airflow/example_dags/example_branch_labels.py
[2023-04-16T18:06:57.803+0000] {processor.py:753} INFO - DAG(s) dict_keys(['example_branch_labels']) retrieved from /home/airflow/.local/lib/python3.7/site-packages/airflow/example_dags/example_branch_labels.py
[2023-04-16T18:06:57.842+0000] {logging_mixin.py:137} INFO - [2023-04-16T18:06:57.841+0000] {dag.py:2705} INFO - Sync 1 DAGs
[2023-04-16T18:06:57.881+0000] {logging_mixin.py:137} INFO - [2023-04-16T18:06:57.881+0000] {dag.py:3456} INFO - Setting next_dagrun for example_branch_labels to 2023-04-15T00:00:00+00:00, run_after=2023-04-16T00:00:00+00:00
[2023-04-16T18:06:57.909+0000] {processor.py:175} INFO - Processing /home/airflow/.local/lib/python3.7/site-packages/airflow/example_dags/example_branch_labels.py took 0.135 seconds
[2023-04-16T18:07:28.126+0000] {processor.py:153} INFO - Started process (PID=856) to work on /home/airflow/.local/lib/python3.7/site-packages/airflow/example_dags/example_branch_labels.py
[2023-04-16T18:07:28.128+0000] {processor.py:743} INFO - Processing file /home/airflow/.local/lib/python3.7/site-packages/airflow/example_dags/example_branch_labels.py for tasks to queue
[2023-04-16T18:07:28.129+0000] {logging_mixin.py:137} INFO - [2023-04-16T18:07:28.129+0000] {dagbag.py:532} INFO - Filling up the DagBag from /home/airflow/.local/lib/python3.7/site-packages/airflow/example_dags/example_branch_labels.py
[2023-04-16T18:07:28.149+0000] {processor.py:753} INFO - DAG(s) dict_keys(['example_branch_labels']) retrieved from /home/airflow/.local/lib/python3.7/site-packages/airflow/example_dags/example_branch_labels.py
[2023-04-16T18:07:28.203+0000] {logging_mixin.py:137} INFO - [2023-04-16T18:07:28.203+0000] {dag.py:2705} INFO - Sync 1 DAGs
[2023-04-16T18:07:28.254+0000] {logging_mixin.py:137} INFO - [2023-04-16T18:07:28.254+0000] {dag.py:3456} INFO - Setting next_dagrun for example_branch_labels to 2023-04-15T00:00:00+00:00, run_after=2023-04-16T00:00:00+00:00
[2023-04-16T18:07:28.278+0000] {processor.py:175} INFO - Processing /home/airflow/.local/lib/python3.7/site-packages/airflow/example_dags/example_branch_labels.py took 0.158 seconds
[2023-04-16T18:07:58.589+0000] {processor.py:153} INFO - Started process (PID=905) to work on /home/airflow/.local/lib/python3.7/site-packages/airflow/example_dags/example_branch_labels.py
[2023-04-16T18:07:58.590+0000] {processor.py:743} INFO - Processing file /home/airflow/.local/lib/python3.7/site-packages/airflow/example_dags/example_branch_labels.py for tasks to queue
[2023-04-16T18:07:58.591+0000] {logging_mixin.py:137} INFO - [2023-04-16T18:07:58.591+0000] {dagbag.py:532} INFO - Filling up the DagBag from /home/airflow/.local/lib/python3.7/site-packages/airflow/example_dags/example_branch_labels.py
[2023-04-16T18:07:58.612+0000] {processor.py:753} INFO - DAG(s) dict_keys(['example_branch_labels']) retrieved from /home/airflow/.local/lib/python3.7/site-packages/airflow/example_dags/example_branch_labels.py
[2023-04-16T18:07:58.651+0000] {logging_mixin.py:137} INFO - [2023-04-16T18:07:58.651+0000] {dag.py:2705} INFO - Sync 1 DAGs
[2023-04-16T18:07:58.689+0000] {logging_mixin.py:137} INFO - [2023-04-16T18:07:58.689+0000] {dag.py:3456} INFO - Setting next_dagrun for example_branch_labels to 2023-04-15T00:00:00+00:00, run_after=2023-04-16T00:00:00+00:00
[2023-04-16T18:07:58.713+0000] {processor.py:175} INFO - Processing /home/airflow/.local/lib/python3.7/site-packages/airflow/example_dags/example_branch_labels.py took 0.129 seconds
[2023-04-16T18:08:28.815+0000] {processor.py:153} INFO - Started process (PID=954) to work on /home/airflow/.local/lib/python3.7/site-packages/airflow/example_dags/example_branch_labels.py
[2023-04-16T18:08:28.817+0000] {processor.py:743} INFO - Processing file /home/airflow/.local/lib/python3.7/site-packages/airflow/example_dags/example_branch_labels.py for tasks to queue
[2023-04-16T18:08:28.817+0000] {logging_mixin.py:137} INFO - [2023-04-16T18:08:28.817+0000] {dagbag.py:532} INFO - Filling up the DagBag from /home/airflow/.local/lib/python3.7/site-packages/airflow/example_dags/example_branch_labels.py
[2023-04-16T18:08:28.838+0000] {processor.py:753} INFO - DAG(s) dict_keys(['example_branch_labels']) retrieved from /home/airflow/.local/lib/python3.7/site-packages/airflow/example_dags/example_branch_labels.py
[2023-04-16T18:08:28.878+0000] {logging_mixin.py:137} INFO - [2023-04-16T18:08:28.877+0000] {dag.py:2705} INFO - Sync 1 DAGs
[2023-04-16T18:08:28.915+0000] {logging_mixin.py:137} INFO - [2023-04-16T18:08:28.915+0000] {dag.py:3456} INFO - Setting next_dagrun for example_branch_labels to 2023-04-15T00:00:00+00:00, run_after=2023-04-16T00:00:00+00:00
[2023-04-16T18:08:28.942+0000] {processor.py:175} INFO - Processing /home/airflow/.local/lib/python3.7/site-packages/airflow/example_dags/example_branch_labels.py took 0.132 seconds
[2023-04-16T18:08:59.046+0000] {processor.py:153} INFO - Started process (PID=1004) to work on /home/airflow/.local/lib/python3.7/site-packages/airflow/example_dags/example_branch_labels.py
[2023-04-16T18:08:59.047+0000] {processor.py:743} INFO - Processing file /home/airflow/.local/lib/python3.7/site-packages/airflow/example_dags/example_branch_labels.py for tasks to queue
[2023-04-16T18:08:59.048+0000] {logging_mixin.py:137} INFO - [2023-04-16T18:08:59.048+0000] {dagbag.py:532} INFO - Filling up the DagBag from /home/airflow/.local/lib/python3.7/site-packages/airflow/example_dags/example_branch_labels.py
[2023-04-16T18:08:59.069+0000] {processor.py:753} INFO - DAG(s) dict_keys(['example_branch_labels']) retrieved from /home/airflow/.local/lib/python3.7/site-packages/airflow/example_dags/example_branch_labels.py
[2023-04-16T18:08:59.108+0000] {logging_mixin.py:137} INFO - [2023-04-16T18:08:59.108+0000] {dag.py:2705} INFO - Sync 1 DAGs
[2023-04-16T18:08:59.146+0000] {logging_mixin.py:137} INFO - [2023-04-16T18:08:59.146+0000] {dag.py:3456} INFO - Setting next_dagrun for example_branch_labels to 2023-04-15T00:00:00+00:00, run_after=2023-04-16T00:00:00+00:00
[2023-04-16T18:08:59.171+0000] {processor.py:175} INFO - Processing /home/airflow/.local/lib/python3.7/site-packages/airflow/example_dags/example_branch_labels.py took 0.130 seconds
[2023-04-16T18:09:29.241+0000] {processor.py:153} INFO - Started process (PID=1053) to work on /home/airflow/.local/lib/python3.7/site-packages/airflow/example_dags/example_branch_labels.py
[2023-04-16T18:09:29.242+0000] {processor.py:743} INFO - Processing file /home/airflow/.local/lib/python3.7/site-packages/airflow/example_dags/example_branch_labels.py for tasks to queue
[2023-04-16T18:09:29.243+0000] {logging_mixin.py:137} INFO - [2023-04-16T18:09:29.243+0000] {dagbag.py:532} INFO - Filling up the DagBag from /home/airflow/.local/lib/python3.7/site-packages/airflow/example_dags/example_branch_labels.py
[2023-04-16T18:09:29.273+0000] {processor.py:753} INFO - DAG(s) dict_keys(['example_branch_labels']) retrieved from /home/airflow/.local/lib/python3.7/site-packages/airflow/example_dags/example_branch_labels.py
[2023-04-16T18:09:29.314+0000] {logging_mixin.py:137} INFO - [2023-04-16T18:09:29.314+0000] {dag.py:2705} INFO - Sync 1 DAGs
[2023-04-16T18:09:29.352+0000] {logging_mixin.py:137} INFO - [2023-04-16T18:09:29.352+0000] {dag.py:3456} INFO - Setting next_dagrun for example_branch_labels to 2023-04-15T00:00:00+00:00, run_after=2023-04-16T00:00:00+00:00
[2023-04-16T18:09:29.377+0000] {processor.py:175} INFO - Processing /home/airflow/.local/lib/python3.7/site-packages/airflow/example_dags/example_branch_labels.py took 0.142 seconds
[2023-04-16T18:09:59.787+0000] {processor.py:153} INFO - Started process (PID=1104) to work on /home/airflow/.local/lib/python3.7/site-packages/airflow/example_dags/example_branch_labels.py
[2023-04-16T18:09:59.789+0000] {processor.py:743} INFO - Processing file /home/airflow/.local/lib/python3.7/site-packages/airflow/example_dags/example_branch_labels.py for tasks to queue
[2023-04-16T18:09:59.790+0000] {logging_mixin.py:137} INFO - [2023-04-16T18:09:59.790+0000] {dagbag.py:532} INFO - Filling up the DagBag from /home/airflow/.local/lib/python3.7/site-packages/airflow/example_dags/example_branch_labels.py
[2023-04-16T18:09:59.823+0000] {processor.py:753} INFO - DAG(s) dict_keys(['example_branch_labels']) retrieved from /home/airflow/.local/lib/python3.7/site-packages/airflow/example_dags/example_branch_labels.py
[2023-04-16T18:09:59.863+0000] {logging_mixin.py:137} INFO - [2023-04-16T18:09:59.863+0000] {dag.py:2705} INFO - Sync 1 DAGs
[2023-04-16T18:09:59.904+0000] {logging_mixin.py:137} INFO - [2023-04-16T18:09:59.904+0000] {dag.py:3456} INFO - Setting next_dagrun for example_branch_labels to 2023-04-15T00:00:00+00:00, run_after=2023-04-16T00:00:00+00:00
[2023-04-16T18:09:59.930+0000] {processor.py:175} INFO - Processing /home/airflow/.local/lib/python3.7/site-packages/airflow/example_dags/example_branch_labels.py took 0.149 seconds
[2023-04-16T18:10:30.686+0000] {processor.py:153} INFO - Started process (PID=1154) to work on /home/airflow/.local/lib/python3.7/site-packages/airflow/example_dags/example_branch_labels.py
[2023-04-16T18:10:30.688+0000] {processor.py:743} INFO - Processing file /home/airflow/.local/lib/python3.7/site-packages/airflow/example_dags/example_branch_labels.py for tasks to queue
[2023-04-16T18:10:30.689+0000] {logging_mixin.py:137} INFO - [2023-04-16T18:10:30.689+0000] {dagbag.py:532} INFO - Filling up the DagBag from /home/airflow/.local/lib/python3.7/site-packages/airflow/example_dags/example_branch_labels.py
[2023-04-16T18:10:30.709+0000] {processor.py:753} INFO - DAG(s) dict_keys(['example_branch_labels']) retrieved from /home/airflow/.local/lib/python3.7/site-packages/airflow/example_dags/example_branch_labels.py
[2023-04-16T18:10:30.759+0000] {logging_mixin.py:137} INFO - [2023-04-16T18:10:30.758+0000] {dag.py:2705} INFO - Sync 1 DAGs
[2023-04-16T18:10:30.801+0000] {logging_mixin.py:137} INFO - [2023-04-16T18:10:30.801+0000] {dag.py:3456} INFO - Setting next_dagrun for example_branch_labels to 2023-04-15T00:00:00+00:00, run_after=2023-04-16T00:00:00+00:00
[2023-04-16T18:10:30.825+0000] {processor.py:175} INFO - Processing /home/airflow/.local/lib/python3.7/site-packages/airflow/example_dags/example_branch_labels.py took 0.145 seconds
[2023-04-16T18:11:01.516+0000] {processor.py:153} INFO - Started process (PID=1204) to work on /home/airflow/.local/lib/python3.7/site-packages/airflow/example_dags/example_branch_labels.py
[2023-04-16T18:11:01.518+0000] {processor.py:743} INFO - Processing file /home/airflow/.local/lib/python3.7/site-packages/airflow/example_dags/example_branch_labels.py for tasks to queue
[2023-04-16T18:11:01.519+0000] {logging_mixin.py:137} INFO - [2023-04-16T18:11:01.519+0000] {dagbag.py:532} INFO - Filling up the DagBag from /home/airflow/.local/lib/python3.7/site-packages/airflow/example_dags/example_branch_labels.py
[2023-04-16T18:11:01.540+0000] {processor.py:753} INFO - DAG(s) dict_keys(['example_branch_labels']) retrieved from /home/airflow/.local/lib/python3.7/site-packages/airflow/example_dags/example_branch_labels.py
[2023-04-16T18:11:01.579+0000] {logging_mixin.py:137} INFO - [2023-04-16T18:11:01.578+0000] {dag.py:2705} INFO - Sync 1 DAGs
[2023-04-16T18:11:01.626+0000] {logging_mixin.py:137} INFO - [2023-04-16T18:11:01.625+0000] {dag.py:3456} INFO - Setting next_dagrun for example_branch_labels to 2023-04-15T00:00:00+00:00, run_after=2023-04-16T00:00:00+00:00
[2023-04-16T18:11:01.650+0000] {processor.py:175} INFO - Processing /home/airflow/.local/lib/python3.7/site-packages/airflow/example_dags/example_branch_labels.py took 0.140 seconds
[2023-04-16T18:11:32.279+0000] {processor.py:153} INFO - Started process (PID=1255) to work on /home/airflow/.local/lib/python3.7/site-packages/airflow/example_dags/example_branch_labels.py
[2023-04-16T18:11:32.281+0000] {processor.py:743} INFO - Processing file /home/airflow/.local/lib/python3.7/site-packages/airflow/example_dags/example_branch_labels.py for tasks to queue
[2023-04-16T18:11:32.282+0000] {logging_mixin.py:137} INFO - [2023-04-16T18:11:32.282+0000] {dagbag.py:532} INFO - Filling up the DagBag from /home/airflow/.local/lib/python3.7/site-packages/airflow/example_dags/example_branch_labels.py
[2023-04-16T18:11:32.303+0000] {processor.py:753} INFO - DAG(s) dict_keys(['example_branch_labels']) retrieved from /home/airflow/.local/lib/python3.7/site-packages/airflow/example_dags/example_branch_labels.py
[2023-04-16T18:11:32.343+0000] {logging_mixin.py:137} INFO - [2023-04-16T18:11:32.343+0000] {dag.py:2705} INFO - Sync 1 DAGs
[2023-04-16T18:11:32.389+0000] {logging_mixin.py:137} INFO - [2023-04-16T18:11:32.389+0000] {dag.py:3456} INFO - Setting next_dagrun for example_branch_labels to 2023-04-15T00:00:00+00:00, run_after=2023-04-16T00:00:00+00:00
[2023-04-16T18:11:32.416+0000] {processor.py:175} INFO - Processing /home/airflow/.local/lib/python3.7/site-packages/airflow/example_dags/example_branch_labels.py took 0.142 seconds
[2023-04-16T18:12:02.886+0000] {processor.py:153} INFO - Started process (PID=1305) to work on /home/airflow/.local/lib/python3.7/site-packages/airflow/example_dags/example_branch_labels.py
[2023-04-16T18:12:02.888+0000] {processor.py:743} INFO - Processing file /home/airflow/.local/lib/python3.7/site-packages/airflow/example_dags/example_branch_labels.py for tasks to queue
[2023-04-16T18:12:02.889+0000] {logging_mixin.py:137} INFO - [2023-04-16T18:12:02.889+0000] {dagbag.py:532} INFO - Filling up the DagBag from /home/airflow/.local/lib/python3.7/site-packages/airflow/example_dags/example_branch_labels.py
[2023-04-16T18:12:02.909+0000] {processor.py:753} INFO - DAG(s) dict_keys(['example_branch_labels']) retrieved from /home/airflow/.local/lib/python3.7/site-packages/airflow/example_dags/example_branch_labels.py
[2023-04-16T18:12:02.948+0000] {logging_mixin.py:137} INFO - [2023-04-16T18:12:02.948+0000] {dag.py:2705} INFO - Sync 1 DAGs
[2023-04-16T18:12:02.991+0000] {logging_mixin.py:137} INFO - [2023-04-16T18:12:02.991+0000] {dag.py:3456} INFO - Setting next_dagrun for example_branch_labels to 2023-04-15T00:00:00+00:00, run_after=2023-04-16T00:00:00+00:00
[2023-04-16T18:12:03.014+0000] {processor.py:175} INFO - Processing /home/airflow/.local/lib/python3.7/site-packages/airflow/example_dags/example_branch_labels.py took 0.133 seconds
[2023-04-16T18:12:33.548+0000] {processor.py:153} INFO - Started process (PID=1355) to work on /home/airflow/.local/lib/python3.7/site-packages/airflow/example_dags/example_branch_labels.py
[2023-04-16T18:12:33.550+0000] {processor.py:743} INFO - Processing file /home/airflow/.local/lib/python3.7/site-packages/airflow/example_dags/example_branch_labels.py for tasks to queue
[2023-04-16T18:12:33.550+0000] {logging_mixin.py:137} INFO - [2023-04-16T18:12:33.550+0000] {dagbag.py:532} INFO - Filling up the DagBag from /home/airflow/.local/lib/python3.7/site-packages/airflow/example_dags/example_branch_labels.py
[2023-04-16T18:12:33.571+0000] {processor.py:753} INFO - DAG(s) dict_keys(['example_branch_labels']) retrieved from /home/airflow/.local/lib/python3.7/site-packages/airflow/example_dags/example_branch_labels.py
[2023-04-16T18:12:33.611+0000] {logging_mixin.py:137} INFO - [2023-04-16T18:12:33.610+0000] {dag.py:2705} INFO - Sync 1 DAGs
[2023-04-16T18:12:33.653+0000] {logging_mixin.py:137} INFO - [2023-04-16T18:12:33.653+0000] {dag.py:3456} INFO - Setting next_dagrun for example_branch_labels to 2023-04-15T00:00:00+00:00, run_after=2023-04-16T00:00:00+00:00
[2023-04-16T18:12:33.677+0000] {processor.py:175} INFO - Processing /home/airflow/.local/lib/python3.7/site-packages/airflow/example_dags/example_branch_labels.py took 0.134 seconds
[2023-04-16T18:13:04.183+0000] {processor.py:153} INFO - Started process (PID=1405) to work on /home/airflow/.local/lib/python3.7/site-packages/airflow/example_dags/example_branch_labels.py
[2023-04-16T18:13:04.185+0000] {processor.py:743} INFO - Processing file /home/airflow/.local/lib/python3.7/site-packages/airflow/example_dags/example_branch_labels.py for tasks to queue
[2023-04-16T18:13:04.186+0000] {logging_mixin.py:137} INFO - [2023-04-16T18:13:04.186+0000] {dagbag.py:532} INFO - Filling up the DagBag from /home/airflow/.local/lib/python3.7/site-packages/airflow/example_dags/example_branch_labels.py
[2023-04-16T18:13:04.207+0000] {processor.py:753} INFO - DAG(s) dict_keys(['example_branch_labels']) retrieved from /home/airflow/.local/lib/python3.7/site-packages/airflow/example_dags/example_branch_labels.py
[2023-04-16T18:13:04.248+0000] {logging_mixin.py:137} INFO - [2023-04-16T18:13:04.248+0000] {dag.py:2705} INFO - Sync 1 DAGs
[2023-04-16T18:13:04.286+0000] {logging_mixin.py:137} INFO - [2023-04-16T18:13:04.286+0000] {dag.py:3456} INFO - Setting next_dagrun for example_branch_labels to 2023-04-15T00:00:00+00:00, run_after=2023-04-16T00:00:00+00:00
[2023-04-16T18:13:04.311+0000] {processor.py:175} INFO - Processing /home/airflow/.local/lib/python3.7/site-packages/airflow/example_dags/example_branch_labels.py took 0.134 seconds
[2023-04-16T18:13:34.898+0000] {processor.py:153} INFO - Started process (PID=1456) to work on /home/airflow/.local/lib/python3.7/site-packages/airflow/example_dags/example_branch_labels.py
[2023-04-16T18:13:34.900+0000] {processor.py:743} INFO - Processing file /home/airflow/.local/lib/python3.7/site-packages/airflow/example_dags/example_branch_labels.py for tasks to queue
[2023-04-16T18:13:34.902+0000] {logging_mixin.py:137} INFO - [2023-04-16T18:13:34.901+0000] {dagbag.py:532} INFO - Filling up the DagBag from /home/airflow/.local/lib/python3.7/site-packages/airflow/example_dags/example_branch_labels.py
[2023-04-16T18:13:34.933+0000] {processor.py:753} INFO - DAG(s) dict_keys(['example_branch_labels']) retrieved from /home/airflow/.local/lib/python3.7/site-packages/airflow/example_dags/example_branch_labels.py
[2023-04-16T18:13:34.975+0000] {logging_mixin.py:137} INFO - [2023-04-16T18:13:34.975+0000] {dag.py:2705} INFO - Sync 1 DAGs
[2023-04-16T18:13:35.014+0000] {logging_mixin.py:137} INFO - [2023-04-16T18:13:35.014+0000] {dag.py:3456} INFO - Setting next_dagrun for example_branch_labels to 2023-04-15T00:00:00+00:00, run_after=2023-04-16T00:00:00+00:00
[2023-04-16T18:13:35.038+0000] {processor.py:175} INFO - Processing /home/airflow/.local/lib/python3.7/site-packages/airflow/example_dags/example_branch_labels.py took 0.145 seconds
[2023-04-16T18:14:05.393+0000] {processor.py:153} INFO - Started process (PID=1507) to work on /home/airflow/.local/lib/python3.7/site-packages/airflow/example_dags/example_branch_labels.py
[2023-04-16T18:14:05.394+0000] {processor.py:743} INFO - Processing file /home/airflow/.local/lib/python3.7/site-packages/airflow/example_dags/example_branch_labels.py for tasks to queue
[2023-04-16T18:14:05.395+0000] {logging_mixin.py:137} INFO - [2023-04-16T18:14:05.395+0000] {dagbag.py:532} INFO - Filling up the DagBag from /home/airflow/.local/lib/python3.7/site-packages/airflow/example_dags/example_branch_labels.py
[2023-04-16T18:14:05.419+0000] {processor.py:753} INFO - DAG(s) dict_keys(['example_branch_labels']) retrieved from /home/airflow/.local/lib/python3.7/site-packages/airflow/example_dags/example_branch_labels.py
[2023-04-16T18:14:05.462+0000] {logging_mixin.py:137} INFO - [2023-04-16T18:14:05.462+0000] {dag.py:2705} INFO - Sync 1 DAGs
[2023-04-16T18:14:05.499+0000] {logging_mixin.py:137} INFO - [2023-04-16T18:14:05.499+0000] {dag.py:3456} INFO - Setting next_dagrun for example_branch_labels to 2023-04-15T00:00:00+00:00, run_after=2023-04-16T00:00:00+00:00
[2023-04-16T18:14:05.524+0000] {processor.py:175} INFO - Processing /home/airflow/.local/lib/python3.7/site-packages/airflow/example_dags/example_branch_labels.py took 0.137 seconds
[2023-04-16T18:14:36.108+0000] {processor.py:153} INFO - Started process (PID=1557) to work on /home/airflow/.local/lib/python3.7/site-packages/airflow/example_dags/example_branch_labels.py
[2023-04-16T18:14:36.110+0000] {processor.py:743} INFO - Processing file /home/airflow/.local/lib/python3.7/site-packages/airflow/example_dags/example_branch_labels.py for tasks to queue
[2023-04-16T18:14:36.111+0000] {logging_mixin.py:137} INFO - [2023-04-16T18:14:36.111+0000] {dagbag.py:532} INFO - Filling up the DagBag from /home/airflow/.local/lib/python3.7/site-packages/airflow/example_dags/example_branch_labels.py
[2023-04-16T18:14:36.142+0000] {processor.py:753} INFO - DAG(s) dict_keys(['example_branch_labels']) retrieved from /home/airflow/.local/lib/python3.7/site-packages/airflow/example_dags/example_branch_labels.py
[2023-04-16T18:14:36.183+0000] {logging_mixin.py:137} INFO - [2023-04-16T18:14:36.183+0000] {dag.py:2705} INFO - Sync 1 DAGs
[2023-04-16T18:14:36.221+0000] {logging_mixin.py:137} INFO - [2023-04-16T18:14:36.221+0000] {dag.py:3456} INFO - Setting next_dagrun for example_branch_labels to 2023-04-15T00:00:00+00:00, run_after=2023-04-16T00:00:00+00:00
[2023-04-16T18:14:36.245+0000] {processor.py:175} INFO - Processing /home/airflow/.local/lib/python3.7/site-packages/airflow/example_dags/example_branch_labels.py took 0.143 seconds
[2023-04-16T18:15:06.848+0000] {processor.py:153} INFO - Started process (PID=1607) to work on /home/airflow/.local/lib/python3.7/site-packages/airflow/example_dags/example_branch_labels.py
[2023-04-16T18:15:06.849+0000] {processor.py:743} INFO - Processing file /home/airflow/.local/lib/python3.7/site-packages/airflow/example_dags/example_branch_labels.py for tasks to queue
[2023-04-16T18:15:06.850+0000] {logging_mixin.py:137} INFO - [2023-04-16T18:15:06.850+0000] {dagbag.py:532} INFO - Filling up the DagBag from /home/airflow/.local/lib/python3.7/site-packages/airflow/example_dags/example_branch_labels.py
[2023-04-16T18:15:06.870+0000] {processor.py:753} INFO - DAG(s) dict_keys(['example_branch_labels']) retrieved from /home/airflow/.local/lib/python3.7/site-packages/airflow/example_dags/example_branch_labels.py
[2023-04-16T18:15:06.922+0000] {logging_mixin.py:137} INFO - [2023-04-16T18:15:06.922+0000] {dag.py:2705} INFO - Sync 1 DAGs
[2023-04-16T18:15:06.959+0000] {logging_mixin.py:137} INFO - [2023-04-16T18:15:06.959+0000] {dag.py:3456} INFO - Setting next_dagrun for example_branch_labels to 2023-04-15T00:00:00+00:00, run_after=2023-04-16T00:00:00+00:00
[2023-04-16T18:15:06.983+0000] {processor.py:175} INFO - Processing /home/airflow/.local/lib/python3.7/site-packages/airflow/example_dags/example_branch_labels.py took 0.141 seconds
[2023-04-16T18:15:37.643+0000] {processor.py:153} INFO - Started process (PID=1657) to work on /home/airflow/.local/lib/python3.7/site-packages/airflow/example_dags/example_branch_labels.py
[2023-04-16T18:15:37.644+0000] {processor.py:743} INFO - Processing file /home/airflow/.local/lib/python3.7/site-packages/airflow/example_dags/example_branch_labels.py for tasks to queue
[2023-04-16T18:15:37.645+0000] {logging_mixin.py:137} INFO - [2023-04-16T18:15:37.645+0000] {dagbag.py:532} INFO - Filling up the DagBag from /home/airflow/.local/lib/python3.7/site-packages/airflow/example_dags/example_branch_labels.py
[2023-04-16T18:15:37.667+0000] {processor.py:753} INFO - DAG(s) dict_keys(['example_branch_labels']) retrieved from /home/airflow/.local/lib/python3.7/site-packages/airflow/example_dags/example_branch_labels.py
[2023-04-16T18:15:37.706+0000] {logging_mixin.py:137} INFO - [2023-04-16T18:15:37.706+0000] {dag.py:2705} INFO - Sync 1 DAGs
[2023-04-16T18:15:37.743+0000] {logging_mixin.py:137} INFO - [2023-04-16T18:15:37.743+0000] {dag.py:3456} INFO - Setting next_dagrun for example_branch_labels to 2023-04-15T00:00:00+00:00, run_after=2023-04-16T00:00:00+00:00
[2023-04-16T18:15:37.766+0000] {processor.py:175} INFO - Processing /home/airflow/.local/lib/python3.7/site-packages/airflow/example_dags/example_branch_labels.py took 0.128 seconds
[2023-04-16T18:16:08.313+0000] {processor.py:153} INFO - Started process (PID=1707) to work on /home/airflow/.local/lib/python3.7/site-packages/airflow/example_dags/example_branch_labels.py
[2023-04-16T18:16:08.314+0000] {processor.py:743} INFO - Processing file /home/airflow/.local/lib/python3.7/site-packages/airflow/example_dags/example_branch_labels.py for tasks to queue
[2023-04-16T18:16:08.315+0000] {logging_mixin.py:137} INFO - [2023-04-16T18:16:08.315+0000] {dagbag.py:532} INFO - Filling up the DagBag from /home/airflow/.local/lib/python3.7/site-packages/airflow/example_dags/example_branch_labels.py
[2023-04-16T18:16:08.336+0000] {processor.py:753} INFO - DAG(s) dict_keys(['example_branch_labels']) retrieved from /home/airflow/.local/lib/python3.7/site-packages/airflow/example_dags/example_branch_labels.py
[2023-04-16T18:16:08.375+0000] {logging_mixin.py:137} INFO - [2023-04-16T18:16:08.375+0000] {dag.py:2705} INFO - Sync 1 DAGs
[2023-04-16T18:16:08.414+0000] {logging_mixin.py:137} INFO - [2023-04-16T18:16:08.414+0000] {dag.py:3456} INFO - Setting next_dagrun for example_branch_labels to 2023-04-15T00:00:00+00:00, run_after=2023-04-16T00:00:00+00:00
[2023-04-16T18:16:08.437+0000] {processor.py:175} INFO - Processing /home/airflow/.local/lib/python3.7/site-packages/airflow/example_dags/example_branch_labels.py took 0.131 seconds
[2023-04-16T18:16:38.935+0000] {processor.py:153} INFO - Started process (PID=1757) to work on /home/airflow/.local/lib/python3.7/site-packages/airflow/example_dags/example_branch_labels.py
[2023-04-16T18:16:38.937+0000] {processor.py:743} INFO - Processing file /home/airflow/.local/lib/python3.7/site-packages/airflow/example_dags/example_branch_labels.py for tasks to queue
[2023-04-16T18:16:38.938+0000] {logging_mixin.py:137} INFO - [2023-04-16T18:16:38.938+0000] {dagbag.py:532} INFO - Filling up the DagBag from /home/airflow/.local/lib/python3.7/site-packages/airflow/example_dags/example_branch_labels.py
[2023-04-16T18:16:38.960+0000] {processor.py:753} INFO - DAG(s) dict_keys(['example_branch_labels']) retrieved from /home/airflow/.local/lib/python3.7/site-packages/airflow/example_dags/example_branch_labels.py
[2023-04-16T18:16:39.002+0000] {logging_mixin.py:137} INFO - [2023-04-16T18:16:39.001+0000] {dag.py:2705} INFO - Sync 1 DAGs
[2023-04-16T18:16:39.046+0000] {logging_mixin.py:137} INFO - [2023-04-16T18:16:39.046+0000] {dag.py:3456} INFO - Setting next_dagrun for example_branch_labels to 2023-04-15T00:00:00+00:00, run_after=2023-04-16T00:00:00+00:00
[2023-04-16T18:16:39.070+0000] {processor.py:175} INFO - Processing /home/airflow/.local/lib/python3.7/site-packages/airflow/example_dags/example_branch_labels.py took 0.142 seconds
[2023-04-16T18:17:09.796+0000] {processor.py:153} INFO - Started process (PID=1814) to work on /home/airflow/.local/lib/python3.7/site-packages/airflow/example_dags/example_branch_labels.py
[2023-04-16T18:17:09.798+0000] {processor.py:743} INFO - Processing file /home/airflow/.local/lib/python3.7/site-packages/airflow/example_dags/example_branch_labels.py for tasks to queue
[2023-04-16T18:17:09.799+0000] {logging_mixin.py:137} INFO - [2023-04-16T18:17:09.799+0000] {dagbag.py:532} INFO - Filling up the DagBag from /home/airflow/.local/lib/python3.7/site-packages/airflow/example_dags/example_branch_labels.py
[2023-04-16T18:17:09.829+0000] {processor.py:753} INFO - DAG(s) dict_keys(['example_branch_labels']) retrieved from /home/airflow/.local/lib/python3.7/site-packages/airflow/example_dags/example_branch_labels.py
[2023-04-16T18:17:09.883+0000] {logging_mixin.py:137} INFO - [2023-04-16T18:17:09.883+0000] {dag.py:2705} INFO - Sync 1 DAGs
[2023-04-16T18:17:09.925+0000] {logging_mixin.py:137} INFO - [2023-04-16T18:17:09.924+0000] {dag.py:3456} INFO - Setting next_dagrun for example_branch_labels to 2023-04-15T00:00:00+00:00, run_after=2023-04-16T00:00:00+00:00
[2023-04-16T18:17:09.948+0000] {processor.py:175} INFO - Processing /home/airflow/.local/lib/python3.7/site-packages/airflow/example_dags/example_branch_labels.py took 0.157 seconds
[2023-04-16T18:17:40.562+0000] {processor.py:153} INFO - Started process (PID=1864) to work on /home/airflow/.local/lib/python3.7/site-packages/airflow/example_dags/example_branch_labels.py
[2023-04-16T18:17:40.564+0000] {processor.py:743} INFO - Processing file /home/airflow/.local/lib/python3.7/site-packages/airflow/example_dags/example_branch_labels.py for tasks to queue
[2023-04-16T18:17:40.565+0000] {logging_mixin.py:137} INFO - [2023-04-16T18:17:40.565+0000] {dagbag.py:532} INFO - Filling up the DagBag from /home/airflow/.local/lib/python3.7/site-packages/airflow/example_dags/example_branch_labels.py
[2023-04-16T18:17:40.586+0000] {processor.py:753} INFO - DAG(s) dict_keys(['example_branch_labels']) retrieved from /home/airflow/.local/lib/python3.7/site-packages/airflow/example_dags/example_branch_labels.py
[2023-04-16T18:17:40.627+0000] {logging_mixin.py:137} INFO - [2023-04-16T18:17:40.627+0000] {dag.py:2705} INFO - Sync 1 DAGs
[2023-04-16T18:17:40.664+0000] {logging_mixin.py:137} INFO - [2023-04-16T18:17:40.664+0000] {dag.py:3456} INFO - Setting next_dagrun for example_branch_labels to 2023-04-15T00:00:00+00:00, run_after=2023-04-16T00:00:00+00:00
[2023-04-16T18:17:40.690+0000] {processor.py:175} INFO - Processing /home/airflow/.local/lib/python3.7/site-packages/airflow/example_dags/example_branch_labels.py took 0.133 seconds
[2023-04-16T18:18:11.173+0000] {processor.py:153} INFO - Started process (PID=1914) to work on /home/airflow/.local/lib/python3.7/site-packages/airflow/example_dags/example_branch_labels.py
[2023-04-16T18:18:11.174+0000] {processor.py:743} INFO - Processing file /home/airflow/.local/lib/python3.7/site-packages/airflow/example_dags/example_branch_labels.py for tasks to queue
[2023-04-16T18:18:11.175+0000] {logging_mixin.py:137} INFO - [2023-04-16T18:18:11.174+0000] {dagbag.py:532} INFO - Filling up the DagBag from /home/airflow/.local/lib/python3.7/site-packages/airflow/example_dags/example_branch_labels.py
[2023-04-16T18:18:11.195+0000] {processor.py:753} INFO - DAG(s) dict_keys(['example_branch_labels']) retrieved from /home/airflow/.local/lib/python3.7/site-packages/airflow/example_dags/example_branch_labels.py
[2023-04-16T18:18:11.234+0000] {logging_mixin.py:137} INFO - [2023-04-16T18:18:11.233+0000] {dag.py:2705} INFO - Sync 1 DAGs
[2023-04-16T18:18:11.272+0000] {logging_mixin.py:137} INFO - [2023-04-16T18:18:11.272+0000] {dag.py:3456} INFO - Setting next_dagrun for example_branch_labels to 2023-04-15T00:00:00+00:00, run_after=2023-04-16T00:00:00+00:00
[2023-04-16T18:18:11.296+0000] {processor.py:175} INFO - Processing /home/airflow/.local/lib/python3.7/site-packages/airflow/example_dags/example_branch_labels.py took 0.131 seconds
[2023-04-16T18:18:42.057+0000] {processor.py:153} INFO - Started process (PID=1964) to work on /home/airflow/.local/lib/python3.7/site-packages/airflow/example_dags/example_branch_labels.py
[2023-04-16T18:18:42.058+0000] {processor.py:743} INFO - Processing file /home/airflow/.local/lib/python3.7/site-packages/airflow/example_dags/example_branch_labels.py for tasks to queue
[2023-04-16T18:18:42.059+0000] {logging_mixin.py:137} INFO - [2023-04-16T18:18:42.059+0000] {dagbag.py:532} INFO - Filling up the DagBag from /home/airflow/.local/lib/python3.7/site-packages/airflow/example_dags/example_branch_labels.py
[2023-04-16T18:18:42.081+0000] {processor.py:753} INFO - DAG(s) dict_keys(['example_branch_labels']) retrieved from /home/airflow/.local/lib/python3.7/site-packages/airflow/example_dags/example_branch_labels.py
[2023-04-16T18:18:42.122+0000] {logging_mixin.py:137} INFO - [2023-04-16T18:18:42.122+0000] {dag.py:2705} INFO - Sync 1 DAGs
[2023-04-16T18:18:42.161+0000] {logging_mixin.py:137} INFO - [2023-04-16T18:18:42.160+0000] {dag.py:3456} INFO - Setting next_dagrun for example_branch_labels to 2023-04-15T00:00:00+00:00, run_after=2023-04-16T00:00:00+00:00
[2023-04-16T18:18:42.184+0000] {processor.py:175} INFO - Processing /home/airflow/.local/lib/python3.7/site-packages/airflow/example_dags/example_branch_labels.py took 0.133 seconds
[2023-04-16T18:19:12.680+0000] {processor.py:153} INFO - Started process (PID=2014) to work on /home/airflow/.local/lib/python3.7/site-packages/airflow/example_dags/example_branch_labels.py
[2023-04-16T18:19:12.681+0000] {processor.py:743} INFO - Processing file /home/airflow/.local/lib/python3.7/site-packages/airflow/example_dags/example_branch_labels.py for tasks to queue
[2023-04-16T18:19:12.682+0000] {logging_mixin.py:137} INFO - [2023-04-16T18:19:12.682+0000] {dagbag.py:532} INFO - Filling up the DagBag from /home/airflow/.local/lib/python3.7/site-packages/airflow/example_dags/example_branch_labels.py
[2023-04-16T18:19:12.703+0000] {processor.py:753} INFO - DAG(s) dict_keys(['example_branch_labels']) retrieved from /home/airflow/.local/lib/python3.7/site-packages/airflow/example_dags/example_branch_labels.py
[2023-04-16T18:19:12.744+0000] {logging_mixin.py:137} INFO - [2023-04-16T18:19:12.743+0000] {dag.py:2705} INFO - Sync 1 DAGs
[2023-04-16T18:19:12.786+0000] {logging_mixin.py:137} INFO - [2023-04-16T18:19:12.786+0000] {dag.py:3456} INFO - Setting next_dagrun for example_branch_labels to 2023-04-15T00:00:00+00:00, run_after=2023-04-16T00:00:00+00:00
[2023-04-16T18:19:12.810+0000] {processor.py:175} INFO - Processing /home/airflow/.local/lib/python3.7/site-packages/airflow/example_dags/example_branch_labels.py took 0.135 seconds
[2023-04-16T18:19:43.419+0000] {processor.py:153} INFO - Started process (PID=2064) to work on /home/airflow/.local/lib/python3.7/site-packages/airflow/example_dags/example_branch_labels.py
[2023-04-16T18:19:43.421+0000] {processor.py:743} INFO - Processing file /home/airflow/.local/lib/python3.7/site-packages/airflow/example_dags/example_branch_labels.py for tasks to queue
[2023-04-16T18:19:43.422+0000] {logging_mixin.py:137} INFO - [2023-04-16T18:19:43.422+0000] {dagbag.py:532} INFO - Filling up the DagBag from /home/airflow/.local/lib/python3.7/site-packages/airflow/example_dags/example_branch_labels.py
[2023-04-16T18:19:43.445+0000] {processor.py:753} INFO - DAG(s) dict_keys(['example_branch_labels']) retrieved from /home/airflow/.local/lib/python3.7/site-packages/airflow/example_dags/example_branch_labels.py
[2023-04-16T18:19:43.491+0000] {logging_mixin.py:137} INFO - [2023-04-16T18:19:43.491+0000] {dag.py:2705} INFO - Sync 1 DAGs
[2023-04-16T18:19:43.533+0000] {logging_mixin.py:137} INFO - [2023-04-16T18:19:43.533+0000] {dag.py:3456} INFO - Setting next_dagrun for example_branch_labels to 2023-04-15T00:00:00+00:00, run_after=2023-04-16T00:00:00+00:00
[2023-04-16T18:19:43.560+0000] {processor.py:175} INFO - Processing /home/airflow/.local/lib/python3.7/site-packages/airflow/example_dags/example_branch_labels.py took 0.146 seconds
[2023-04-16T18:20:14.139+0000] {processor.py:153} INFO - Started process (PID=2114) to work on /home/airflow/.local/lib/python3.7/site-packages/airflow/example_dags/example_branch_labels.py
[2023-04-16T18:20:14.141+0000] {processor.py:743} INFO - Processing file /home/airflow/.local/lib/python3.7/site-packages/airflow/example_dags/example_branch_labels.py for tasks to queue
[2023-04-16T18:20:14.142+0000] {logging_mixin.py:137} INFO - [2023-04-16T18:20:14.142+0000] {dagbag.py:532} INFO - Filling up the DagBag from /home/airflow/.local/lib/python3.7/site-packages/airflow/example_dags/example_branch_labels.py
[2023-04-16T18:20:14.164+0000] {processor.py:753} INFO - DAG(s) dict_keys(['example_branch_labels']) retrieved from /home/airflow/.local/lib/python3.7/site-packages/airflow/example_dags/example_branch_labels.py
[2023-04-16T18:20:14.207+0000] {logging_mixin.py:137} INFO - [2023-04-16T18:20:14.207+0000] {dag.py:2705} INFO - Sync 1 DAGs
[2023-04-16T18:20:14.247+0000] {logging_mixin.py:137} INFO - [2023-04-16T18:20:14.246+0000] {dag.py:3456} INFO - Setting next_dagrun for example_branch_labels to 2023-04-15T00:00:00+00:00, run_after=2023-04-16T00:00:00+00:00
[2023-04-16T18:20:14.270+0000] {processor.py:175} INFO - Processing /home/airflow/.local/lib/python3.7/site-packages/airflow/example_dags/example_branch_labels.py took 0.138 seconds
[2023-04-16T18:20:44.715+0000] {processor.py:153} INFO - Started process (PID=2165) to work on /home/airflow/.local/lib/python3.7/site-packages/airflow/example_dags/example_branch_labels.py
[2023-04-16T18:20:44.716+0000] {processor.py:743} INFO - Processing file /home/airflow/.local/lib/python3.7/site-packages/airflow/example_dags/example_branch_labels.py for tasks to queue
[2023-04-16T18:20:44.717+0000] {logging_mixin.py:137} INFO - [2023-04-16T18:20:44.716+0000] {dagbag.py:532} INFO - Filling up the DagBag from /home/airflow/.local/lib/python3.7/site-packages/airflow/example_dags/example_branch_labels.py
[2023-04-16T18:20:44.736+0000] {processor.py:753} INFO - DAG(s) dict_keys(['example_branch_labels']) retrieved from /home/airflow/.local/lib/python3.7/site-packages/airflow/example_dags/example_branch_labels.py
[2023-04-16T18:20:44.775+0000] {logging_mixin.py:137} INFO - [2023-04-16T18:20:44.775+0000] {dag.py:2705} INFO - Sync 1 DAGs
[2023-04-16T18:20:44.812+0000] {logging_mixin.py:137} INFO - [2023-04-16T18:20:44.812+0000] {dag.py:3456} INFO - Setting next_dagrun for example_branch_labels to 2023-04-15T00:00:00+00:00, run_after=2023-04-16T00:00:00+00:00
[2023-04-16T18:20:44.835+0000] {processor.py:175} INFO - Processing /home/airflow/.local/lib/python3.7/site-packages/airflow/example_dags/example_branch_labels.py took 0.127 seconds
[2023-04-16T18:21:15.415+0000] {processor.py:153} INFO - Started process (PID=2215) to work on /home/airflow/.local/lib/python3.7/site-packages/airflow/example_dags/example_branch_labels.py
[2023-04-16T18:21:15.416+0000] {processor.py:743} INFO - Processing file /home/airflow/.local/lib/python3.7/site-packages/airflow/example_dags/example_branch_labels.py for tasks to queue
[2023-04-16T18:21:15.417+0000] {logging_mixin.py:137} INFO - [2023-04-16T18:21:15.417+0000] {dagbag.py:532} INFO - Filling up the DagBag from /home/airflow/.local/lib/python3.7/site-packages/airflow/example_dags/example_branch_labels.py
[2023-04-16T18:21:15.438+0000] {processor.py:753} INFO - DAG(s) dict_keys(['example_branch_labels']) retrieved from /home/airflow/.local/lib/python3.7/site-packages/airflow/example_dags/example_branch_labels.py
[2023-04-16T18:21:15.477+0000] {logging_mixin.py:137} INFO - [2023-04-16T18:21:15.477+0000] {dag.py:2705} INFO - Sync 1 DAGs
[2023-04-16T18:21:15.521+0000] {logging_mixin.py:137} INFO - [2023-04-16T18:21:15.521+0000] {dag.py:3456} INFO - Setting next_dagrun for example_branch_labels to 2023-04-15T00:00:00+00:00, run_after=2023-04-16T00:00:00+00:00
[2023-04-16T18:21:15.547+0000] {processor.py:175} INFO - Processing /home/airflow/.local/lib/python3.7/site-packages/airflow/example_dags/example_branch_labels.py took 0.138 seconds
[2023-04-16T18:21:45.740+0000] {processor.py:153} INFO - Started process (PID=2265) to work on /home/airflow/.local/lib/python3.7/site-packages/airflow/example_dags/example_branch_labels.py
[2023-04-16T18:21:45.741+0000] {processor.py:743} INFO - Processing file /home/airflow/.local/lib/python3.7/site-packages/airflow/example_dags/example_branch_labels.py for tasks to queue
[2023-04-16T18:21:45.742+0000] {logging_mixin.py:137} INFO - [2023-04-16T18:21:45.742+0000] {dagbag.py:532} INFO - Filling up the DagBag from /home/airflow/.local/lib/python3.7/site-packages/airflow/example_dags/example_branch_labels.py
[2023-04-16T18:21:45.763+0000] {processor.py:753} INFO - DAG(s) dict_keys(['example_branch_labels']) retrieved from /home/airflow/.local/lib/python3.7/site-packages/airflow/example_dags/example_branch_labels.py
[2023-04-16T18:21:45.803+0000] {logging_mixin.py:137} INFO - [2023-04-16T18:21:45.803+0000] {dag.py:2705} INFO - Sync 1 DAGs
[2023-04-16T18:21:45.841+0000] {logging_mixin.py:137} INFO - [2023-04-16T18:21:45.841+0000] {dag.py:3456} INFO - Setting next_dagrun for example_branch_labels to 2023-04-15T00:00:00+00:00, run_after=2023-04-16T00:00:00+00:00
[2023-04-16T18:21:45.865+0000] {processor.py:175} INFO - Processing /home/airflow/.local/lib/python3.7/site-packages/airflow/example_dags/example_branch_labels.py took 0.131 seconds
[2023-04-16T18:22:16.138+0000] {processor.py:153} INFO - Started process (PID=2315) to work on /home/airflow/.local/lib/python3.7/site-packages/airflow/example_dags/example_branch_labels.py
[2023-04-16T18:22:16.140+0000] {processor.py:743} INFO - Processing file /home/airflow/.local/lib/python3.7/site-packages/airflow/example_dags/example_branch_labels.py for tasks to queue
[2023-04-16T18:22:16.141+0000] {logging_mixin.py:137} INFO - [2023-04-16T18:22:16.141+0000] {dagbag.py:532} INFO - Filling up the DagBag from /home/airflow/.local/lib/python3.7/site-packages/airflow/example_dags/example_branch_labels.py
[2023-04-16T18:22:16.162+0000] {processor.py:753} INFO - DAG(s) dict_keys(['example_branch_labels']) retrieved from /home/airflow/.local/lib/python3.7/site-packages/airflow/example_dags/example_branch_labels.py
[2023-04-16T18:22:16.214+0000] {logging_mixin.py:137} INFO - [2023-04-16T18:22:16.213+0000] {dag.py:2705} INFO - Sync 1 DAGs
[2023-04-16T18:22:16.258+0000] {logging_mixin.py:137} INFO - [2023-04-16T18:22:16.258+0000] {dag.py:3456} INFO - Setting next_dagrun for example_branch_labels to 2023-04-15T00:00:00+00:00, run_after=2023-04-16T00:00:00+00:00
[2023-04-16T18:22:16.288+0000] {processor.py:175} INFO - Processing /home/airflow/.local/lib/python3.7/site-packages/airflow/example_dags/example_branch_labels.py took 0.155 seconds
[2023-04-16T18:22:46.409+0000] {processor.py:153} INFO - Started process (PID=2365) to work on /home/airflow/.local/lib/python3.7/site-packages/airflow/example_dags/example_branch_labels.py
[2023-04-16T18:22:46.410+0000] {processor.py:743} INFO - Processing file /home/airflow/.local/lib/python3.7/site-packages/airflow/example_dags/example_branch_labels.py for tasks to queue
[2023-04-16T18:22:46.411+0000] {logging_mixin.py:137} INFO - [2023-04-16T18:22:46.411+0000] {dagbag.py:532} INFO - Filling up the DagBag from /home/airflow/.local/lib/python3.7/site-packages/airflow/example_dags/example_branch_labels.py
[2023-04-16T18:22:46.438+0000] {processor.py:753} INFO - DAG(s) dict_keys(['example_branch_labels']) retrieved from /home/airflow/.local/lib/python3.7/site-packages/airflow/example_dags/example_branch_labels.py
[2023-04-16T18:22:46.477+0000] {logging_mixin.py:137} INFO - [2023-04-16T18:22:46.477+0000] {dag.py:2705} INFO - Sync 1 DAGs
[2023-04-16T18:22:46.526+0000] {logging_mixin.py:137} INFO - [2023-04-16T18:22:46.526+0000] {dag.py:3456} INFO - Setting next_dagrun for example_branch_labels to 2023-04-15T00:00:00+00:00, run_after=2023-04-16T00:00:00+00:00
[2023-04-16T18:22:46.557+0000] {processor.py:175} INFO - Processing /home/airflow/.local/lib/python3.7/site-packages/airflow/example_dags/example_branch_labels.py took 0.155 seconds
[2023-04-16T18:23:16.987+0000] {processor.py:153} INFO - Started process (PID=2415) to work on /home/airflow/.local/lib/python3.7/site-packages/airflow/example_dags/example_branch_labels.py
[2023-04-16T18:23:16.989+0000] {processor.py:743} INFO - Processing file /home/airflow/.local/lib/python3.7/site-packages/airflow/example_dags/example_branch_labels.py for tasks to queue
[2023-04-16T18:23:16.990+0000] {logging_mixin.py:137} INFO - [2023-04-16T18:23:16.990+0000] {dagbag.py:532} INFO - Filling up the DagBag from /home/airflow/.local/lib/python3.7/site-packages/airflow/example_dags/example_branch_labels.py
[2023-04-16T18:23:17.011+0000] {processor.py:753} INFO - DAG(s) dict_keys(['example_branch_labels']) retrieved from /home/airflow/.local/lib/python3.7/site-packages/airflow/example_dags/example_branch_labels.py
[2023-04-16T18:23:17.050+0000] {logging_mixin.py:137} INFO - [2023-04-16T18:23:17.050+0000] {dag.py:2705} INFO - Sync 1 DAGs
[2023-04-16T18:23:17.086+0000] {logging_mixin.py:137} INFO - [2023-04-16T18:23:17.086+0000] {dag.py:3456} INFO - Setting next_dagrun for example_branch_labels to 2023-04-15T00:00:00+00:00, run_after=2023-04-16T00:00:00+00:00
[2023-04-16T18:23:17.114+0000] {processor.py:175} INFO - Processing /home/airflow/.local/lib/python3.7/site-packages/airflow/example_dags/example_branch_labels.py took 0.132 seconds
[2023-04-16T18:23:47.214+0000] {processor.py:153} INFO - Started process (PID=2465) to work on /home/airflow/.local/lib/python3.7/site-packages/airflow/example_dags/example_branch_labels.py
[2023-04-16T18:23:47.216+0000] {processor.py:743} INFO - Processing file /home/airflow/.local/lib/python3.7/site-packages/airflow/example_dags/example_branch_labels.py for tasks to queue
[2023-04-16T18:23:47.217+0000] {logging_mixin.py:137} INFO - [2023-04-16T18:23:47.216+0000] {dagbag.py:532} INFO - Filling up the DagBag from /home/airflow/.local/lib/python3.7/site-packages/airflow/example_dags/example_branch_labels.py
[2023-04-16T18:23:47.240+0000] {processor.py:753} INFO - DAG(s) dict_keys(['example_branch_labels']) retrieved from /home/airflow/.local/lib/python3.7/site-packages/airflow/example_dags/example_branch_labels.py
[2023-04-16T18:23:47.280+0000] {logging_mixin.py:137} INFO - [2023-04-16T18:23:47.280+0000] {dag.py:2705} INFO - Sync 1 DAGs
[2023-04-16T18:23:47.325+0000] {logging_mixin.py:137} INFO - [2023-04-16T18:23:47.325+0000] {dag.py:3456} INFO - Setting next_dagrun for example_branch_labels to 2023-04-15T00:00:00+00:00, run_after=2023-04-16T00:00:00+00:00
[2023-04-16T18:23:47.354+0000] {processor.py:175} INFO - Processing /home/airflow/.local/lib/python3.7/site-packages/airflow/example_dags/example_branch_labels.py took 0.146 seconds
[2023-04-16T18:24:17.544+0000] {processor.py:153} INFO - Started process (PID=2515) to work on /home/airflow/.local/lib/python3.7/site-packages/airflow/example_dags/example_branch_labels.py
[2023-04-16T18:24:17.546+0000] {processor.py:743} INFO - Processing file /home/airflow/.local/lib/python3.7/site-packages/airflow/example_dags/example_branch_labels.py for tasks to queue
[2023-04-16T18:24:17.547+0000] {logging_mixin.py:137} INFO - [2023-04-16T18:24:17.547+0000] {dagbag.py:532} INFO - Filling up the DagBag from /home/airflow/.local/lib/python3.7/site-packages/airflow/example_dags/example_branch_labels.py
[2023-04-16T18:24:17.568+0000] {processor.py:753} INFO - DAG(s) dict_keys(['example_branch_labels']) retrieved from /home/airflow/.local/lib/python3.7/site-packages/airflow/example_dags/example_branch_labels.py
[2023-04-16T18:24:17.607+0000] {logging_mixin.py:137} INFO - [2023-04-16T18:24:17.607+0000] {dag.py:2705} INFO - Sync 1 DAGs
[2023-04-16T18:24:17.644+0000] {logging_mixin.py:137} INFO - [2023-04-16T18:24:17.644+0000] {dag.py:3456} INFO - Setting next_dagrun for example_branch_labels to 2023-04-15T00:00:00+00:00, run_after=2023-04-16T00:00:00+00:00
[2023-04-16T18:24:17.669+0000] {processor.py:175} INFO - Processing /home/airflow/.local/lib/python3.7/site-packages/airflow/example_dags/example_branch_labels.py took 0.130 seconds
[2023-04-16T18:24:47.765+0000] {processor.py:153} INFO - Started process (PID=2565) to work on /home/airflow/.local/lib/python3.7/site-packages/airflow/example_dags/example_branch_labels.py
[2023-04-16T18:24:47.766+0000] {processor.py:743} INFO - Processing file /home/airflow/.local/lib/python3.7/site-packages/airflow/example_dags/example_branch_labels.py for tasks to queue
[2023-04-16T18:24:47.767+0000] {logging_mixin.py:137} INFO - [2023-04-16T18:24:47.767+0000] {dagbag.py:532} INFO - Filling up the DagBag from /home/airflow/.local/lib/python3.7/site-packages/airflow/example_dags/example_branch_labels.py
[2023-04-16T18:24:47.791+0000] {processor.py:753} INFO - DAG(s) dict_keys(['example_branch_labels']) retrieved from /home/airflow/.local/lib/python3.7/site-packages/airflow/example_dags/example_branch_labels.py
[2023-04-16T18:24:47.830+0000] {logging_mixin.py:137} INFO - [2023-04-16T18:24:47.829+0000] {dag.py:2705} INFO - Sync 1 DAGs
[2023-04-16T18:24:47.867+0000] {logging_mixin.py:137} INFO - [2023-04-16T18:24:47.867+0000] {dag.py:3456} INFO - Setting next_dagrun for example_branch_labels to 2023-04-15T00:00:00+00:00, run_after=2023-04-16T00:00:00+00:00
[2023-04-16T18:24:47.890+0000] {processor.py:175} INFO - Processing /home/airflow/.local/lib/python3.7/site-packages/airflow/example_dags/example_branch_labels.py took 0.130 seconds
[2023-04-16T18:25:18.607+0000] {processor.py:153} INFO - Started process (PID=2614) to work on /home/airflow/.local/lib/python3.7/site-packages/airflow/example_dags/example_branch_labels.py
[2023-04-16T18:25:18.608+0000] {processor.py:743} INFO - Processing file /home/airflow/.local/lib/python3.7/site-packages/airflow/example_dags/example_branch_labels.py for tasks to queue
[2023-04-16T18:25:18.609+0000] {logging_mixin.py:137} INFO - [2023-04-16T18:25:18.609+0000] {dagbag.py:532} INFO - Filling up the DagBag from /home/airflow/.local/lib/python3.7/site-packages/airflow/example_dags/example_branch_labels.py
[2023-04-16T18:25:18.630+0000] {processor.py:753} INFO - DAG(s) dict_keys(['example_branch_labels']) retrieved from /home/airflow/.local/lib/python3.7/site-packages/airflow/example_dags/example_branch_labels.py
[2023-04-16T18:25:18.672+0000] {logging_mixin.py:137} INFO - [2023-04-16T18:25:18.672+0000] {dag.py:2705} INFO - Sync 1 DAGs
[2023-04-16T18:25:18.711+0000] {logging_mixin.py:137} INFO - [2023-04-16T18:25:18.711+0000] {dag.py:3456} INFO - Setting next_dagrun for example_branch_labels to 2023-04-15T00:00:00+00:00, run_after=2023-04-16T00:00:00+00:00
[2023-04-16T18:25:18.736+0000] {processor.py:175} INFO - Processing /home/airflow/.local/lib/python3.7/site-packages/airflow/example_dags/example_branch_labels.py took 0.134 seconds
[2023-04-16T18:25:49.309+0000] {processor.py:153} INFO - Started process (PID=2665) to work on /home/airflow/.local/lib/python3.7/site-packages/airflow/example_dags/example_branch_labels.py
[2023-04-16T18:25:49.310+0000] {processor.py:743} INFO - Processing file /home/airflow/.local/lib/python3.7/site-packages/airflow/example_dags/example_branch_labels.py for tasks to queue
[2023-04-16T18:25:49.312+0000] {logging_mixin.py:137} INFO - [2023-04-16T18:25:49.311+0000] {dagbag.py:532} INFO - Filling up the DagBag from /home/airflow/.local/lib/python3.7/site-packages/airflow/example_dags/example_branch_labels.py
[2023-04-16T18:25:49.335+0000] {processor.py:753} INFO - DAG(s) dict_keys(['example_branch_labels']) retrieved from /home/airflow/.local/lib/python3.7/site-packages/airflow/example_dags/example_branch_labels.py
[2023-04-16T18:25:49.375+0000] {logging_mixin.py:137} INFO - [2023-04-16T18:25:49.375+0000] {dag.py:2705} INFO - Sync 1 DAGs
[2023-04-16T18:25:49.428+0000] {logging_mixin.py:137} INFO - [2023-04-16T18:25:49.428+0000] {dag.py:3456} INFO - Setting next_dagrun for example_branch_labels to 2023-04-15T00:00:00+00:00, run_after=2023-04-16T00:00:00+00:00
[2023-04-16T18:25:49.454+0000] {processor.py:175} INFO - Processing /home/airflow/.local/lib/python3.7/site-packages/airflow/example_dags/example_branch_labels.py took 0.150 seconds
[2023-04-16T18:26:20.053+0000] {processor.py:153} INFO - Started process (PID=2714) to work on /home/airflow/.local/lib/python3.7/site-packages/airflow/example_dags/example_branch_labels.py
[2023-04-16T18:26:20.055+0000] {processor.py:743} INFO - Processing file /home/airflow/.local/lib/python3.7/site-packages/airflow/example_dags/example_branch_labels.py for tasks to queue
[2023-04-16T18:26:20.056+0000] {logging_mixin.py:137} INFO - [2023-04-16T18:26:20.056+0000] {dagbag.py:532} INFO - Filling up the DagBag from /home/airflow/.local/lib/python3.7/site-packages/airflow/example_dags/example_branch_labels.py
[2023-04-16T18:26:20.082+0000] {processor.py:753} INFO - DAG(s) dict_keys(['example_branch_labels']) retrieved from /home/airflow/.local/lib/python3.7/site-packages/airflow/example_dags/example_branch_labels.py
[2023-04-16T18:26:20.123+0000] {logging_mixin.py:137} INFO - [2023-04-16T18:26:20.123+0000] {dag.py:2705} INFO - Sync 1 DAGs
[2023-04-16T18:26:20.169+0000] {logging_mixin.py:137} INFO - [2023-04-16T18:26:20.169+0000] {dag.py:3456} INFO - Setting next_dagrun for example_branch_labels to 2023-04-15T00:00:00+00:00, run_after=2023-04-16T00:00:00+00:00
[2023-04-16T18:26:20.194+0000] {processor.py:175} INFO - Processing /home/airflow/.local/lib/python3.7/site-packages/airflow/example_dags/example_branch_labels.py took 0.146 seconds
[2023-04-16T18:26:50.768+0000] {processor.py:153} INFO - Started process (PID=2764) to work on /home/airflow/.local/lib/python3.7/site-packages/airflow/example_dags/example_branch_labels.py
[2023-04-16T18:26:50.769+0000] {processor.py:743} INFO - Processing file /home/airflow/.local/lib/python3.7/site-packages/airflow/example_dags/example_branch_labels.py for tasks to queue
[2023-04-16T18:26:50.770+0000] {logging_mixin.py:137} INFO - [2023-04-16T18:26:50.770+0000] {dagbag.py:532} INFO - Filling up the DagBag from /home/airflow/.local/lib/python3.7/site-packages/airflow/example_dags/example_branch_labels.py
[2023-04-16T18:26:50.800+0000] {processor.py:753} INFO - DAG(s) dict_keys(['example_branch_labels']) retrieved from /home/airflow/.local/lib/python3.7/site-packages/airflow/example_dags/example_branch_labels.py
[2023-04-16T18:26:50.840+0000] {logging_mixin.py:137} INFO - [2023-04-16T18:26:50.840+0000] {dag.py:2705} INFO - Sync 1 DAGs
[2023-04-16T18:26:50.878+0000] {logging_mixin.py:137} INFO - [2023-04-16T18:26:50.878+0000] {dag.py:3456} INFO - Setting next_dagrun for example_branch_labels to 2023-04-15T00:00:00+00:00, run_after=2023-04-16T00:00:00+00:00
[2023-04-16T18:26:50.906+0000] {processor.py:175} INFO - Processing /home/airflow/.local/lib/python3.7/site-packages/airflow/example_dags/example_branch_labels.py took 0.145 seconds
[2023-04-16T18:27:21.549+0000] {processor.py:153} INFO - Started process (PID=2814) to work on /home/airflow/.local/lib/python3.7/site-packages/airflow/example_dags/example_branch_labels.py
[2023-04-16T18:27:21.551+0000] {processor.py:743} INFO - Processing file /home/airflow/.local/lib/python3.7/site-packages/airflow/example_dags/example_branch_labels.py for tasks to queue
[2023-04-16T18:27:21.552+0000] {logging_mixin.py:137} INFO - [2023-04-16T18:27:21.552+0000] {dagbag.py:532} INFO - Filling up the DagBag from /home/airflow/.local/lib/python3.7/site-packages/airflow/example_dags/example_branch_labels.py
[2023-04-16T18:27:21.573+0000] {processor.py:753} INFO - DAG(s) dict_keys(['example_branch_labels']) retrieved from /home/airflow/.local/lib/python3.7/site-packages/airflow/example_dags/example_branch_labels.py
[2023-04-16T18:27:21.625+0000] {logging_mixin.py:137} INFO - [2023-04-16T18:27:21.625+0000] {dag.py:2705} INFO - Sync 1 DAGs
[2023-04-16T18:27:21.670+0000] {logging_mixin.py:137} INFO - [2023-04-16T18:27:21.670+0000] {dag.py:3456} INFO - Setting next_dagrun for example_branch_labels to 2023-04-15T00:00:00+00:00, run_after=2023-04-16T00:00:00+00:00
[2023-04-16T18:27:21.695+0000] {processor.py:175} INFO - Processing /home/airflow/.local/lib/python3.7/site-packages/airflow/example_dags/example_branch_labels.py took 0.152 seconds
[2023-04-16T18:27:52.199+0000] {processor.py:153} INFO - Started process (PID=2865) to work on /home/airflow/.local/lib/python3.7/site-packages/airflow/example_dags/example_branch_labels.py
[2023-04-16T18:27:52.200+0000] {processor.py:743} INFO - Processing file /home/airflow/.local/lib/python3.7/site-packages/airflow/example_dags/example_branch_labels.py for tasks to queue
[2023-04-16T18:27:52.201+0000] {logging_mixin.py:137} INFO - [2023-04-16T18:27:52.201+0000] {dagbag.py:532} INFO - Filling up the DagBag from /home/airflow/.local/lib/python3.7/site-packages/airflow/example_dags/example_branch_labels.py
[2023-04-16T18:27:52.223+0000] {processor.py:753} INFO - DAG(s) dict_keys(['example_branch_labels']) retrieved from /home/airflow/.local/lib/python3.7/site-packages/airflow/example_dags/example_branch_labels.py
[2023-04-16T18:27:52.262+0000] {logging_mixin.py:137} INFO - [2023-04-16T18:27:52.262+0000] {dag.py:2705} INFO - Sync 1 DAGs
[2023-04-16T18:27:52.301+0000] {logging_mixin.py:137} INFO - [2023-04-16T18:27:52.301+0000] {dag.py:3456} INFO - Setting next_dagrun for example_branch_labels to 2023-04-15T00:00:00+00:00, run_after=2023-04-16T00:00:00+00:00
[2023-04-16T18:27:52.325+0000] {processor.py:175} INFO - Processing /home/airflow/.local/lib/python3.7/site-packages/airflow/example_dags/example_branch_labels.py took 0.131 seconds
[2023-04-16T18:28:22.768+0000] {processor.py:153} INFO - Started process (PID=2915) to work on /home/airflow/.local/lib/python3.7/site-packages/airflow/example_dags/example_branch_labels.py
[2023-04-16T18:28:22.770+0000] {processor.py:743} INFO - Processing file /home/airflow/.local/lib/python3.7/site-packages/airflow/example_dags/example_branch_labels.py for tasks to queue
[2023-04-16T18:28:22.770+0000] {logging_mixin.py:137} INFO - [2023-04-16T18:28:22.770+0000] {dagbag.py:532} INFO - Filling up the DagBag from /home/airflow/.local/lib/python3.7/site-packages/airflow/example_dags/example_branch_labels.py
[2023-04-16T18:28:22.792+0000] {processor.py:753} INFO - DAG(s) dict_keys(['example_branch_labels']) retrieved from /home/airflow/.local/lib/python3.7/site-packages/airflow/example_dags/example_branch_labels.py
[2023-04-16T18:28:22.834+0000] {logging_mixin.py:137} INFO - [2023-04-16T18:28:22.834+0000] {dag.py:2705} INFO - Sync 1 DAGs
[2023-04-16T18:28:22.880+0000] {logging_mixin.py:137} INFO - [2023-04-16T18:28:22.879+0000] {dag.py:3456} INFO - Setting next_dagrun for example_branch_labels to 2023-04-15T00:00:00+00:00, run_after=2023-04-16T00:00:00+00:00
[2023-04-16T18:28:22.904+0000] {processor.py:175} INFO - Processing /home/airflow/.local/lib/python3.7/site-packages/airflow/example_dags/example_branch_labels.py took 0.142 seconds
[2023-04-16T18:28:53.523+0000] {processor.py:153} INFO - Started process (PID=2965) to work on /home/airflow/.local/lib/python3.7/site-packages/airflow/example_dags/example_branch_labels.py
[2023-04-16T18:28:53.525+0000] {processor.py:743} INFO - Processing file /home/airflow/.local/lib/python3.7/site-packages/airflow/example_dags/example_branch_labels.py for tasks to queue
[2023-04-16T18:28:53.526+0000] {logging_mixin.py:137} INFO - [2023-04-16T18:28:53.526+0000] {dagbag.py:532} INFO - Filling up the DagBag from /home/airflow/.local/lib/python3.7/site-packages/airflow/example_dags/example_branch_labels.py
[2023-04-16T18:28:53.547+0000] {processor.py:753} INFO - DAG(s) dict_keys(['example_branch_labels']) retrieved from /home/airflow/.local/lib/python3.7/site-packages/airflow/example_dags/example_branch_labels.py
[2023-04-16T18:28:53.589+0000] {logging_mixin.py:137} INFO - [2023-04-16T18:28:53.589+0000] {dag.py:2705} INFO - Sync 1 DAGs
[2023-04-16T18:28:53.626+0000] {logging_mixin.py:137} INFO - [2023-04-16T18:28:53.626+0000] {dag.py:3456} INFO - Setting next_dagrun for example_branch_labels to 2023-04-15T00:00:00+00:00, run_after=2023-04-16T00:00:00+00:00
[2023-04-16T18:28:53.651+0000] {processor.py:175} INFO - Processing /home/airflow/.local/lib/python3.7/site-packages/airflow/example_dags/example_branch_labels.py took 0.134 seconds
[2023-04-16T18:29:24.174+0000] {processor.py:153} INFO - Started process (PID=3016) to work on /home/airflow/.local/lib/python3.7/site-packages/airflow/example_dags/example_branch_labels.py
[2023-04-16T18:29:24.175+0000] {processor.py:743} INFO - Processing file /home/airflow/.local/lib/python3.7/site-packages/airflow/example_dags/example_branch_labels.py for tasks to queue
[2023-04-16T18:29:24.176+0000] {logging_mixin.py:137} INFO - [2023-04-16T18:29:24.176+0000] {dagbag.py:532} INFO - Filling up the DagBag from /home/airflow/.local/lib/python3.7/site-packages/airflow/example_dags/example_branch_labels.py
[2023-04-16T18:29:24.197+0000] {processor.py:753} INFO - DAG(s) dict_keys(['example_branch_labels']) retrieved from /home/airflow/.local/lib/python3.7/site-packages/airflow/example_dags/example_branch_labels.py
[2023-04-16T18:29:24.237+0000] {logging_mixin.py:137} INFO - [2023-04-16T18:29:24.236+0000] {dag.py:2705} INFO - Sync 1 DAGs
[2023-04-16T18:29:24.280+0000] {logging_mixin.py:137} INFO - [2023-04-16T18:29:24.280+0000] {dag.py:3456} INFO - Setting next_dagrun for example_branch_labels to 2023-04-15T00:00:00+00:00, run_after=2023-04-16T00:00:00+00:00
[2023-04-16T18:29:24.304+0000] {processor.py:175} INFO - Processing /home/airflow/.local/lib/python3.7/site-packages/airflow/example_dags/example_branch_labels.py took 0.135 seconds
[2023-04-16T18:29:54.749+0000] {processor.py:153} INFO - Started process (PID=3067) to work on /home/airflow/.local/lib/python3.7/site-packages/airflow/example_dags/example_branch_labels.py
[2023-04-16T18:29:54.751+0000] {processor.py:743} INFO - Processing file /home/airflow/.local/lib/python3.7/site-packages/airflow/example_dags/example_branch_labels.py for tasks to queue
[2023-04-16T18:29:54.752+0000] {logging_mixin.py:137} INFO - [2023-04-16T18:29:54.751+0000] {dagbag.py:532} INFO - Filling up the DagBag from /home/airflow/.local/lib/python3.7/site-packages/airflow/example_dags/example_branch_labels.py
[2023-04-16T18:29:54.773+0000] {processor.py:753} INFO - DAG(s) dict_keys(['example_branch_labels']) retrieved from /home/airflow/.local/lib/python3.7/site-packages/airflow/example_dags/example_branch_labels.py
[2023-04-16T18:29:54.813+0000] {logging_mixin.py:137} INFO - [2023-04-16T18:29:54.813+0000] {dag.py:2705} INFO - Sync 1 DAGs
[2023-04-16T18:29:54.852+0000] {logging_mixin.py:137} INFO - [2023-04-16T18:29:54.852+0000] {dag.py:3456} INFO - Setting next_dagrun for example_branch_labels to 2023-04-15T00:00:00+00:00, run_after=2023-04-16T00:00:00+00:00
[2023-04-16T18:29:54.879+0000] {processor.py:175} INFO - Processing /home/airflow/.local/lib/python3.7/site-packages/airflow/example_dags/example_branch_labels.py took 0.136 seconds
[2023-04-16T18:30:25.523+0000] {processor.py:153} INFO - Started process (PID=3117) to work on /home/airflow/.local/lib/python3.7/site-packages/airflow/example_dags/example_branch_labels.py
[2023-04-16T18:30:25.524+0000] {processor.py:743} INFO - Processing file /home/airflow/.local/lib/python3.7/site-packages/airflow/example_dags/example_branch_labels.py for tasks to queue
[2023-04-16T18:30:25.525+0000] {logging_mixin.py:137} INFO - [2023-04-16T18:30:25.525+0000] {dagbag.py:532} INFO - Filling up the DagBag from /home/airflow/.local/lib/python3.7/site-packages/airflow/example_dags/example_branch_labels.py
[2023-04-16T18:30:25.547+0000] {processor.py:753} INFO - DAG(s) dict_keys(['example_branch_labels']) retrieved from /home/airflow/.local/lib/python3.7/site-packages/airflow/example_dags/example_branch_labels.py
[2023-04-16T18:30:25.586+0000] {logging_mixin.py:137} INFO - [2023-04-16T18:30:25.586+0000] {dag.py:2705} INFO - Sync 1 DAGs
[2023-04-16T18:30:25.623+0000] {logging_mixin.py:137} INFO - [2023-04-16T18:30:25.623+0000] {dag.py:3456} INFO - Setting next_dagrun for example_branch_labels to 2023-04-15T00:00:00+00:00, run_after=2023-04-16T00:00:00+00:00
[2023-04-16T18:30:25.649+0000] {processor.py:175} INFO - Processing /home/airflow/.local/lib/python3.7/site-packages/airflow/example_dags/example_branch_labels.py took 0.132 seconds
