[2023-04-16T17:59:21.370+0000] {processor.py:153} INFO - Started process (PID=53) to work on /home/airflow/.local/lib/python3.7/site-packages/airflow/example_dags/example_short_circuit_operator.py
[2023-04-16T17:59:21.371+0000] {processor.py:743} INFO - Processing file /home/airflow/.local/lib/python3.7/site-packages/airflow/example_dags/example_short_circuit_operator.py for tasks to queue
[2023-04-16T17:59:21.372+0000] {logging_mixin.py:137} INFO - [2023-04-16T17:59:21.372+0000] {dagbag.py:532} INFO - Filling up the DagBag from /home/airflow/.local/lib/python3.7/site-packages/airflow/example_dags/example_short_circuit_operator.py
[2023-04-16T17:59:21.405+0000] {processor.py:753} INFO - DAG(s) dict_keys(['example_short_circuit_operator']) retrieved from /home/airflow/.local/lib/python3.7/site-packages/airflow/example_dags/example_short_circuit_operator.py
[2023-04-16T17:59:21.467+0000] {logging_mixin.py:137} INFO - [2023-04-16T17:59:21.467+0000] {dag.py:2705} INFO - Sync 1 DAGs
[2023-04-16T17:59:21.524+0000] {logging_mixin.py:137} INFO - [2023-04-16T17:59:21.524+0000] {dag.py:3456} INFO - Setting next_dagrun for example_short_circuit_operator to 2023-04-15T17:59:21.523788+00:00, run_after=2023-04-16T17:59:21.523788+00:00
[2023-04-16T17:59:21.610+0000] {processor.py:175} INFO - Processing /home/airflow/.local/lib/python3.7/site-packages/airflow/example_dags/example_short_circuit_operator.py took 0.247 seconds
[2023-04-16T17:59:51.967+0000] {processor.py:153} INFO - Started process (PID=103) to work on /home/airflow/.local/lib/python3.7/site-packages/airflow/example_dags/example_short_circuit_operator.py
[2023-04-16T17:59:51.969+0000] {processor.py:743} INFO - Processing file /home/airflow/.local/lib/python3.7/site-packages/airflow/example_dags/example_short_circuit_operator.py for tasks to queue
[2023-04-16T17:59:51.970+0000] {logging_mixin.py:137} INFO - [2023-04-16T17:59:51.970+0000] {dagbag.py:532} INFO - Filling up the DagBag from /home/airflow/.local/lib/python3.7/site-packages/airflow/example_dags/example_short_circuit_operator.py
[2023-04-16T17:59:51.997+0000] {processor.py:753} INFO - DAG(s) dict_keys(['example_short_circuit_operator']) retrieved from /home/airflow/.local/lib/python3.7/site-packages/airflow/example_dags/example_short_circuit_operator.py
[2023-04-16T17:59:52.039+0000] {logging_mixin.py:137} INFO - [2023-04-16T17:59:52.039+0000] {dag.py:2705} INFO - Sync 1 DAGs
[2023-04-16T17:59:52.076+0000] {logging_mixin.py:137} INFO - [2023-04-16T17:59:52.075+0000] {dag.py:3456} INFO - Setting next_dagrun for example_short_circuit_operator to 2023-04-15T17:59:52.075532+00:00, run_after=2023-04-16T17:59:52.075532+00:00
[2023-04-16T17:59:52.101+0000] {processor.py:175} INFO - Processing /home/airflow/.local/lib/python3.7/site-packages/airflow/example_dags/example_short_circuit_operator.py took 0.140 seconds
[2023-04-16T18:00:22.357+0000] {processor.py:153} INFO - Started process (PID=154) to work on /home/airflow/.local/lib/python3.7/site-packages/airflow/example_dags/example_short_circuit_operator.py
[2023-04-16T18:00:22.359+0000] {processor.py:743} INFO - Processing file /home/airflow/.local/lib/python3.7/site-packages/airflow/example_dags/example_short_circuit_operator.py for tasks to queue
[2023-04-16T18:00:22.360+0000] {logging_mixin.py:137} INFO - [2023-04-16T18:00:22.359+0000] {dagbag.py:532} INFO - Filling up the DagBag from /home/airflow/.local/lib/python3.7/site-packages/airflow/example_dags/example_short_circuit_operator.py
[2023-04-16T18:00:22.383+0000] {processor.py:753} INFO - DAG(s) dict_keys(['example_short_circuit_operator']) retrieved from /home/airflow/.local/lib/python3.7/site-packages/airflow/example_dags/example_short_circuit_operator.py
[2023-04-16T18:00:22.432+0000] {logging_mixin.py:137} INFO - [2023-04-16T18:00:22.432+0000] {dag.py:2705} INFO - Sync 1 DAGs
[2023-04-16T18:00:22.477+0000] {logging_mixin.py:137} INFO - [2023-04-16T18:00:22.477+0000] {dag.py:3456} INFO - Setting next_dagrun for example_short_circuit_operator to 2023-04-15T18:00:22.476820+00:00, run_after=2023-04-16T18:00:22.476820+00:00
[2023-04-16T18:00:22.502+0000] {processor.py:175} INFO - Processing /home/airflow/.local/lib/python3.7/site-packages/airflow/example_dags/example_short_circuit_operator.py took 0.151 seconds
[2023-04-16T18:00:52.650+0000] {processor.py:153} INFO - Started process (PID=204) to work on /home/airflow/.local/lib/python3.7/site-packages/airflow/example_dags/example_short_circuit_operator.py
[2023-04-16T18:00:52.652+0000] {processor.py:743} INFO - Processing file /home/airflow/.local/lib/python3.7/site-packages/airflow/example_dags/example_short_circuit_operator.py for tasks to queue
[2023-04-16T18:00:52.653+0000] {logging_mixin.py:137} INFO - [2023-04-16T18:00:52.652+0000] {dagbag.py:532} INFO - Filling up the DagBag from /home/airflow/.local/lib/python3.7/site-packages/airflow/example_dags/example_short_circuit_operator.py
[2023-04-16T18:00:52.676+0000] {processor.py:753} INFO - DAG(s) dict_keys(['example_short_circuit_operator']) retrieved from /home/airflow/.local/lib/python3.7/site-packages/airflow/example_dags/example_short_circuit_operator.py
[2023-04-16T18:00:52.719+0000] {logging_mixin.py:137} INFO - [2023-04-16T18:00:52.718+0000] {dag.py:2705} INFO - Sync 1 DAGs
[2023-04-16T18:00:52.755+0000] {logging_mixin.py:137} INFO - [2023-04-16T18:00:52.755+0000] {dag.py:3456} INFO - Setting next_dagrun for example_short_circuit_operator to 2023-04-15T18:00:52.755226+00:00, run_after=2023-04-16T18:00:52.755226+00:00
[2023-04-16T18:00:52.781+0000] {processor.py:175} INFO - Processing /home/airflow/.local/lib/python3.7/site-packages/airflow/example_dags/example_short_circuit_operator.py took 0.137 seconds
[2023-04-16T18:01:22.913+0000] {processor.py:153} INFO - Started process (PID=254) to work on /home/airflow/.local/lib/python3.7/site-packages/airflow/example_dags/example_short_circuit_operator.py
[2023-04-16T18:01:22.914+0000] {processor.py:743} INFO - Processing file /home/airflow/.local/lib/python3.7/site-packages/airflow/example_dags/example_short_circuit_operator.py for tasks to queue
[2023-04-16T18:01:22.915+0000] {logging_mixin.py:137} INFO - [2023-04-16T18:01:22.915+0000] {dagbag.py:532} INFO - Filling up the DagBag from /home/airflow/.local/lib/python3.7/site-packages/airflow/example_dags/example_short_circuit_operator.py
[2023-04-16T18:01:22.939+0000] {processor.py:753} INFO - DAG(s) dict_keys(['example_short_circuit_operator']) retrieved from /home/airflow/.local/lib/python3.7/site-packages/airflow/example_dags/example_short_circuit_operator.py
[2023-04-16T18:01:22.989+0000] {logging_mixin.py:137} INFO - [2023-04-16T18:01:22.989+0000] {dag.py:2705} INFO - Sync 1 DAGs
[2023-04-16T18:01:23.027+0000] {logging_mixin.py:137} INFO - [2023-04-16T18:01:23.026+0000] {dag.py:3456} INFO - Setting next_dagrun for example_short_circuit_operator to 2023-04-15T18:01:23.026614+00:00, run_after=2023-04-16T18:01:23.026614+00:00
[2023-04-16T18:01:23.052+0000] {processor.py:175} INFO - Processing /home/airflow/.local/lib/python3.7/site-packages/airflow/example_dags/example_short_circuit_operator.py took 0.144 seconds
[2023-04-16T18:01:53.276+0000] {processor.py:153} INFO - Started process (PID=304) to work on /home/airflow/.local/lib/python3.7/site-packages/airflow/example_dags/example_short_circuit_operator.py
[2023-04-16T18:01:53.278+0000] {processor.py:743} INFO - Processing file /home/airflow/.local/lib/python3.7/site-packages/airflow/example_dags/example_short_circuit_operator.py for tasks to queue
[2023-04-16T18:01:53.279+0000] {logging_mixin.py:137} INFO - [2023-04-16T18:01:53.279+0000] {dagbag.py:532} INFO - Filling up the DagBag from /home/airflow/.local/lib/python3.7/site-packages/airflow/example_dags/example_short_circuit_operator.py
[2023-04-16T18:01:53.313+0000] {processor.py:753} INFO - DAG(s) dict_keys(['example_short_circuit_operator']) retrieved from /home/airflow/.local/lib/python3.7/site-packages/airflow/example_dags/example_short_circuit_operator.py
[2023-04-16T18:01:53.357+0000] {logging_mixin.py:137} INFO - [2023-04-16T18:01:53.357+0000] {dag.py:2705} INFO - Sync 1 DAGs
[2023-04-16T18:01:53.394+0000] {logging_mixin.py:137} INFO - [2023-04-16T18:01:53.393+0000] {dag.py:3456} INFO - Setting next_dagrun for example_short_circuit_operator to 2023-04-15T18:01:53.393524+00:00, run_after=2023-04-16T18:01:53.393524+00:00
[2023-04-16T18:01:53.418+0000] {processor.py:175} INFO - Processing /home/airflow/.local/lib/python3.7/site-packages/airflow/example_dags/example_short_circuit_operator.py took 0.150 seconds
[2023-04-16T18:02:23.578+0000] {processor.py:153} INFO - Started process (PID=355) to work on /home/airflow/.local/lib/python3.7/site-packages/airflow/example_dags/example_short_circuit_operator.py
[2023-04-16T18:02:23.580+0000] {processor.py:743} INFO - Processing file /home/airflow/.local/lib/python3.7/site-packages/airflow/example_dags/example_short_circuit_operator.py for tasks to queue
[2023-04-16T18:02:23.581+0000] {logging_mixin.py:137} INFO - [2023-04-16T18:02:23.581+0000] {dagbag.py:532} INFO - Filling up the DagBag from /home/airflow/.local/lib/python3.7/site-packages/airflow/example_dags/example_short_circuit_operator.py
[2023-04-16T18:02:23.605+0000] {processor.py:753} INFO - DAG(s) dict_keys(['example_short_circuit_operator']) retrieved from /home/airflow/.local/lib/python3.7/site-packages/airflow/example_dags/example_short_circuit_operator.py
[2023-04-16T18:02:23.646+0000] {logging_mixin.py:137} INFO - [2023-04-16T18:02:23.646+0000] {dag.py:2705} INFO - Sync 1 DAGs
[2023-04-16T18:02:23.683+0000] {logging_mixin.py:137} INFO - [2023-04-16T18:02:23.682+0000] {dag.py:3456} INFO - Setting next_dagrun for example_short_circuit_operator to 2023-04-15T18:02:23.682528+00:00, run_after=2023-04-16T18:02:23.682528+00:00
[2023-04-16T18:02:23.707+0000] {processor.py:175} INFO - Processing /home/airflow/.local/lib/python3.7/site-packages/airflow/example_dags/example_short_circuit_operator.py took 0.135 seconds
[2023-04-16T18:02:54.510+0000] {processor.py:153} INFO - Started process (PID=406) to work on /home/airflow/.local/lib/python3.7/site-packages/airflow/example_dags/example_short_circuit_operator.py
[2023-04-16T18:02:54.511+0000] {processor.py:743} INFO - Processing file /home/airflow/.local/lib/python3.7/site-packages/airflow/example_dags/example_short_circuit_operator.py for tasks to queue
[2023-04-16T18:02:54.512+0000] {logging_mixin.py:137} INFO - [2023-04-16T18:02:54.511+0000] {dagbag.py:532} INFO - Filling up the DagBag from /home/airflow/.local/lib/python3.7/site-packages/airflow/example_dags/example_short_circuit_operator.py
[2023-04-16T18:02:54.535+0000] {processor.py:753} INFO - DAG(s) dict_keys(['example_short_circuit_operator']) retrieved from /home/airflow/.local/lib/python3.7/site-packages/airflow/example_dags/example_short_circuit_operator.py
[2023-04-16T18:02:54.575+0000] {logging_mixin.py:137} INFO - [2023-04-16T18:02:54.575+0000] {dag.py:2705} INFO - Sync 1 DAGs
[2023-04-16T18:02:54.611+0000] {logging_mixin.py:137} INFO - [2023-04-16T18:02:54.611+0000] {dag.py:3456} INFO - Setting next_dagrun for example_short_circuit_operator to 2023-04-15T18:02:54.610902+00:00, run_after=2023-04-16T18:02:54.610902+00:00
[2023-04-16T18:02:54.637+0000] {processor.py:175} INFO - Processing /home/airflow/.local/lib/python3.7/site-packages/airflow/example_dags/example_short_circuit_operator.py took 0.132 seconds
[2023-04-16T18:03:25.194+0000] {processor.py:153} INFO - Started process (PID=456) to work on /home/airflow/.local/lib/python3.7/site-packages/airflow/example_dags/example_short_circuit_operator.py
[2023-04-16T18:03:25.196+0000] {processor.py:743} INFO - Processing file /home/airflow/.local/lib/python3.7/site-packages/airflow/example_dags/example_short_circuit_operator.py for tasks to queue
[2023-04-16T18:03:25.197+0000] {logging_mixin.py:137} INFO - [2023-04-16T18:03:25.196+0000] {dagbag.py:532} INFO - Filling up the DagBag from /home/airflow/.local/lib/python3.7/site-packages/airflow/example_dags/example_short_circuit_operator.py
[2023-04-16T18:03:25.220+0000] {processor.py:753} INFO - DAG(s) dict_keys(['example_short_circuit_operator']) retrieved from /home/airflow/.local/lib/python3.7/site-packages/airflow/example_dags/example_short_circuit_operator.py
[2023-04-16T18:03:25.258+0000] {logging_mixin.py:137} INFO - [2023-04-16T18:03:25.258+0000] {dag.py:2705} INFO - Sync 1 DAGs
[2023-04-16T18:03:25.312+0000] {logging_mixin.py:137} INFO - [2023-04-16T18:03:25.312+0000] {dag.py:3456} INFO - Setting next_dagrun for example_short_circuit_operator to 2023-04-15T18:03:25.312113+00:00, run_after=2023-04-16T18:03:25.312113+00:00
[2023-04-16T18:03:25.348+0000] {processor.py:175} INFO - Processing /home/airflow/.local/lib/python3.7/site-packages/airflow/example_dags/example_short_circuit_operator.py took 0.159 seconds
[2023-04-16T18:03:55.500+0000] {processor.py:153} INFO - Started process (PID=505) to work on /home/airflow/.local/lib/python3.7/site-packages/airflow/example_dags/example_short_circuit_operator.py
[2023-04-16T18:03:55.501+0000] {processor.py:743} INFO - Processing file /home/airflow/.local/lib/python3.7/site-packages/airflow/example_dags/example_short_circuit_operator.py for tasks to queue
[2023-04-16T18:03:55.502+0000] {logging_mixin.py:137} INFO - [2023-04-16T18:03:55.502+0000] {dagbag.py:532} INFO - Filling up the DagBag from /home/airflow/.local/lib/python3.7/site-packages/airflow/example_dags/example_short_circuit_operator.py
[2023-04-16T18:03:55.528+0000] {processor.py:753} INFO - DAG(s) dict_keys(['example_short_circuit_operator']) retrieved from /home/airflow/.local/lib/python3.7/site-packages/airflow/example_dags/example_short_circuit_operator.py
[2023-04-16T18:03:55.586+0000] {logging_mixin.py:137} INFO - [2023-04-16T18:03:55.586+0000] {dag.py:2705} INFO - Sync 1 DAGs
[2023-04-16T18:03:55.622+0000] {logging_mixin.py:137} INFO - [2023-04-16T18:03:55.622+0000] {dag.py:3456} INFO - Setting next_dagrun for example_short_circuit_operator to 2023-04-15T18:03:55.622334+00:00, run_after=2023-04-16T18:03:55.622334+00:00
[2023-04-16T18:03:55.648+0000] {processor.py:175} INFO - Processing /home/airflow/.local/lib/python3.7/site-packages/airflow/example_dags/example_short_circuit_operator.py took 0.153 seconds
[2023-04-16T18:04:25.807+0000] {processor.py:153} INFO - Started process (PID=555) to work on /home/airflow/.local/lib/python3.7/site-packages/airflow/example_dags/example_short_circuit_operator.py
[2023-04-16T18:04:25.808+0000] {processor.py:743} INFO - Processing file /home/airflow/.local/lib/python3.7/site-packages/airflow/example_dags/example_short_circuit_operator.py for tasks to queue
[2023-04-16T18:04:25.809+0000] {logging_mixin.py:137} INFO - [2023-04-16T18:04:25.809+0000] {dagbag.py:532} INFO - Filling up the DagBag from /home/airflow/.local/lib/python3.7/site-packages/airflow/example_dags/example_short_circuit_operator.py
[2023-04-16T18:04:25.833+0000] {processor.py:753} INFO - DAG(s) dict_keys(['example_short_circuit_operator']) retrieved from /home/airflow/.local/lib/python3.7/site-packages/airflow/example_dags/example_short_circuit_operator.py
[2023-04-16T18:04:25.872+0000] {logging_mixin.py:137} INFO - [2023-04-16T18:04:25.871+0000] {dag.py:2705} INFO - Sync 1 DAGs
[2023-04-16T18:04:25.909+0000] {logging_mixin.py:137} INFO - [2023-04-16T18:04:25.909+0000] {dag.py:3456} INFO - Setting next_dagrun for example_short_circuit_operator to 2023-04-15T18:04:25.908720+00:00, run_after=2023-04-16T18:04:25.908720+00:00
[2023-04-16T18:04:25.932+0000] {processor.py:175} INFO - Processing /home/airflow/.local/lib/python3.7/site-packages/airflow/example_dags/example_short_circuit_operator.py took 0.131 seconds
[2023-04-16T18:04:56.145+0000] {processor.py:153} INFO - Started process (PID=604) to work on /home/airflow/.local/lib/python3.7/site-packages/airflow/example_dags/example_short_circuit_operator.py
[2023-04-16T18:04:56.147+0000] {processor.py:743} INFO - Processing file /home/airflow/.local/lib/python3.7/site-packages/airflow/example_dags/example_short_circuit_operator.py for tasks to queue
[2023-04-16T18:04:56.148+0000] {logging_mixin.py:137} INFO - [2023-04-16T18:04:56.147+0000] {dagbag.py:532} INFO - Filling up the DagBag from /home/airflow/.local/lib/python3.7/site-packages/airflow/example_dags/example_short_circuit_operator.py
[2023-04-16T18:04:56.177+0000] {processor.py:753} INFO - DAG(s) dict_keys(['example_short_circuit_operator']) retrieved from /home/airflow/.local/lib/python3.7/site-packages/airflow/example_dags/example_short_circuit_operator.py
[2023-04-16T18:04:56.234+0000] {logging_mixin.py:137} INFO - [2023-04-16T18:04:56.233+0000] {dag.py:2705} INFO - Sync 1 DAGs
[2023-04-16T18:04:56.295+0000] {logging_mixin.py:137} INFO - [2023-04-16T18:04:56.295+0000] {dag.py:3456} INFO - Setting next_dagrun for example_short_circuit_operator to 2023-04-15T18:04:56.294755+00:00, run_after=2023-04-16T18:04:56.294755+00:00
[2023-04-16T18:04:56.330+0000] {processor.py:175} INFO - Processing /home/airflow/.local/lib/python3.7/site-packages/airflow/example_dags/example_short_circuit_operator.py took 0.190 seconds
[2023-04-16T18:05:26.397+0000] {processor.py:153} INFO - Started process (PID=654) to work on /home/airflow/.local/lib/python3.7/site-packages/airflow/example_dags/example_short_circuit_operator.py
[2023-04-16T18:05:26.400+0000] {processor.py:743} INFO - Processing file /home/airflow/.local/lib/python3.7/site-packages/airflow/example_dags/example_short_circuit_operator.py for tasks to queue
[2023-04-16T18:05:26.401+0000] {logging_mixin.py:137} INFO - [2023-04-16T18:05:26.401+0000] {dagbag.py:532} INFO - Filling up the DagBag from /home/airflow/.local/lib/python3.7/site-packages/airflow/example_dags/example_short_circuit_operator.py
[2023-04-16T18:05:26.430+0000] {processor.py:753} INFO - DAG(s) dict_keys(['example_short_circuit_operator']) retrieved from /home/airflow/.local/lib/python3.7/site-packages/airflow/example_dags/example_short_circuit_operator.py
[2023-04-16T18:05:26.471+0000] {logging_mixin.py:137} INFO - [2023-04-16T18:05:26.471+0000] {dag.py:2705} INFO - Sync 1 DAGs
[2023-04-16T18:05:26.508+0000] {logging_mixin.py:137} INFO - [2023-04-16T18:05:26.508+0000] {dag.py:3456} INFO - Setting next_dagrun for example_short_circuit_operator to 2023-04-15T18:05:26.508283+00:00, run_after=2023-04-16T18:05:26.508283+00:00
[2023-04-16T18:05:26.540+0000] {processor.py:175} INFO - Processing /home/airflow/.local/lib/python3.7/site-packages/airflow/example_dags/example_short_circuit_operator.py took 0.149 seconds
[2023-04-16T18:05:56.735+0000] {processor.py:153} INFO - Started process (PID=703) to work on /home/airflow/.local/lib/python3.7/site-packages/airflow/example_dags/example_short_circuit_operator.py
[2023-04-16T18:05:56.737+0000] {processor.py:743} INFO - Processing file /home/airflow/.local/lib/python3.7/site-packages/airflow/example_dags/example_short_circuit_operator.py for tasks to queue
[2023-04-16T18:05:56.737+0000] {logging_mixin.py:137} INFO - [2023-04-16T18:05:56.737+0000] {dagbag.py:532} INFO - Filling up the DagBag from /home/airflow/.local/lib/python3.7/site-packages/airflow/example_dags/example_short_circuit_operator.py
[2023-04-16T18:05:56.761+0000] {processor.py:753} INFO - DAG(s) dict_keys(['example_short_circuit_operator']) retrieved from /home/airflow/.local/lib/python3.7/site-packages/airflow/example_dags/example_short_circuit_operator.py
[2023-04-16T18:05:56.812+0000] {logging_mixin.py:137} INFO - [2023-04-16T18:05:56.812+0000] {dag.py:2705} INFO - Sync 1 DAGs
[2023-04-16T18:05:56.849+0000] {logging_mixin.py:137} INFO - [2023-04-16T18:05:56.848+0000] {dag.py:3456} INFO - Setting next_dagrun for example_short_circuit_operator to 2023-04-15T18:05:56.848572+00:00, run_after=2023-04-16T18:05:56.848572+00:00
[2023-04-16T18:05:56.873+0000] {processor.py:175} INFO - Processing /home/airflow/.local/lib/python3.7/site-packages/airflow/example_dags/example_short_circuit_operator.py took 0.143 seconds
[2023-04-16T18:06:27.021+0000] {processor.py:153} INFO - Started process (PID=752) to work on /home/airflow/.local/lib/python3.7/site-packages/airflow/example_dags/example_short_circuit_operator.py
[2023-04-16T18:06:27.023+0000] {processor.py:743} INFO - Processing file /home/airflow/.local/lib/python3.7/site-packages/airflow/example_dags/example_short_circuit_operator.py for tasks to queue
[2023-04-16T18:06:27.024+0000] {logging_mixin.py:137} INFO - [2023-04-16T18:06:27.023+0000] {dagbag.py:532} INFO - Filling up the DagBag from /home/airflow/.local/lib/python3.7/site-packages/airflow/example_dags/example_short_circuit_operator.py
[2023-04-16T18:06:27.048+0000] {processor.py:753} INFO - DAG(s) dict_keys(['example_short_circuit_operator']) retrieved from /home/airflow/.local/lib/python3.7/site-packages/airflow/example_dags/example_short_circuit_operator.py
[2023-04-16T18:06:27.089+0000] {logging_mixin.py:137} INFO - [2023-04-16T18:06:27.089+0000] {dag.py:2705} INFO - Sync 1 DAGs
[2023-04-16T18:06:27.128+0000] {logging_mixin.py:137} INFO - [2023-04-16T18:06:27.127+0000] {dag.py:3456} INFO - Setting next_dagrun for example_short_circuit_operator to 2023-04-15T18:06:27.127638+00:00, run_after=2023-04-16T18:06:27.127638+00:00
[2023-04-16T18:06:27.158+0000] {processor.py:175} INFO - Processing /home/airflow/.local/lib/python3.7/site-packages/airflow/example_dags/example_short_circuit_operator.py took 0.142 seconds
[2023-04-16T18:06:57.341+0000] {processor.py:153} INFO - Started process (PID=801) to work on /home/airflow/.local/lib/python3.7/site-packages/airflow/example_dags/example_short_circuit_operator.py
[2023-04-16T18:06:57.343+0000] {processor.py:743} INFO - Processing file /home/airflow/.local/lib/python3.7/site-packages/airflow/example_dags/example_short_circuit_operator.py for tasks to queue
[2023-04-16T18:06:57.344+0000] {logging_mixin.py:137} INFO - [2023-04-16T18:06:57.344+0000] {dagbag.py:532} INFO - Filling up the DagBag from /home/airflow/.local/lib/python3.7/site-packages/airflow/example_dags/example_short_circuit_operator.py
[2023-04-16T18:06:57.368+0000] {processor.py:753} INFO - DAG(s) dict_keys(['example_short_circuit_operator']) retrieved from /home/airflow/.local/lib/python3.7/site-packages/airflow/example_dags/example_short_circuit_operator.py
[2023-04-16T18:06:57.407+0000] {logging_mixin.py:137} INFO - [2023-04-16T18:06:57.407+0000] {dag.py:2705} INFO - Sync 1 DAGs
[2023-04-16T18:06:57.449+0000] {logging_mixin.py:137} INFO - [2023-04-16T18:06:57.448+0000] {dag.py:3456} INFO - Setting next_dagrun for example_short_circuit_operator to 2023-04-15T18:06:57.448432+00:00, run_after=2023-04-16T18:06:57.448432+00:00
[2023-04-16T18:06:57.472+0000] {processor.py:175} INFO - Processing /home/airflow/.local/lib/python3.7/site-packages/airflow/example_dags/example_short_circuit_operator.py took 0.137 seconds
[2023-04-16T18:07:27.650+0000] {processor.py:153} INFO - Started process (PID=851) to work on /home/airflow/.local/lib/python3.7/site-packages/airflow/example_dags/example_short_circuit_operator.py
[2023-04-16T18:07:27.652+0000] {processor.py:743} INFO - Processing file /home/airflow/.local/lib/python3.7/site-packages/airflow/example_dags/example_short_circuit_operator.py for tasks to queue
[2023-04-16T18:07:27.653+0000] {logging_mixin.py:137} INFO - [2023-04-16T18:07:27.652+0000] {dagbag.py:532} INFO - Filling up the DagBag from /home/airflow/.local/lib/python3.7/site-packages/airflow/example_dags/example_short_circuit_operator.py
[2023-04-16T18:07:27.685+0000] {processor.py:753} INFO - DAG(s) dict_keys(['example_short_circuit_operator']) retrieved from /home/airflow/.local/lib/python3.7/site-packages/airflow/example_dags/example_short_circuit_operator.py
[2023-04-16T18:07:27.731+0000] {logging_mixin.py:137} INFO - [2023-04-16T18:07:27.731+0000] {dag.py:2705} INFO - Sync 1 DAGs
[2023-04-16T18:07:27.783+0000] {logging_mixin.py:137} INFO - [2023-04-16T18:07:27.783+0000] {dag.py:3456} INFO - Setting next_dagrun for example_short_circuit_operator to 2023-04-15T18:07:27.783025+00:00, run_after=2023-04-16T18:07:27.783025+00:00
[2023-04-16T18:07:27.819+0000] {processor.py:175} INFO - Processing /home/airflow/.local/lib/python3.7/site-packages/airflow/example_dags/example_short_circuit_operator.py took 0.175 seconds
[2023-04-16T18:07:57.860+0000] {processor.py:153} INFO - Started process (PID=900) to work on /home/airflow/.local/lib/python3.7/site-packages/airflow/example_dags/example_short_circuit_operator.py
[2023-04-16T18:07:57.861+0000] {processor.py:743} INFO - Processing file /home/airflow/.local/lib/python3.7/site-packages/airflow/example_dags/example_short_circuit_operator.py for tasks to queue
[2023-04-16T18:07:57.862+0000] {logging_mixin.py:137} INFO - [2023-04-16T18:07:57.862+0000] {dagbag.py:532} INFO - Filling up the DagBag from /home/airflow/.local/lib/python3.7/site-packages/airflow/example_dags/example_short_circuit_operator.py
[2023-04-16T18:07:57.885+0000] {processor.py:753} INFO - DAG(s) dict_keys(['example_short_circuit_operator']) retrieved from /home/airflow/.local/lib/python3.7/site-packages/airflow/example_dags/example_short_circuit_operator.py
[2023-04-16T18:07:57.931+0000] {logging_mixin.py:137} INFO - [2023-04-16T18:07:57.930+0000] {dag.py:2705} INFO - Sync 1 DAGs
[2023-04-16T18:07:57.967+0000] {logging_mixin.py:137} INFO - [2023-04-16T18:07:57.967+0000] {dag.py:3456} INFO - Setting next_dagrun for example_short_circuit_operator to 2023-04-15T18:07:57.967006+00:00, run_after=2023-04-16T18:07:57.967006+00:00
[2023-04-16T18:07:57.993+0000] {processor.py:175} INFO - Processing /home/airflow/.local/lib/python3.7/site-packages/airflow/example_dags/example_short_circuit_operator.py took 0.139 seconds
[2023-04-16T18:08:28.096+0000] {processor.py:153} INFO - Started process (PID=949) to work on /home/airflow/.local/lib/python3.7/site-packages/airflow/example_dags/example_short_circuit_operator.py
[2023-04-16T18:08:28.098+0000] {processor.py:743} INFO - Processing file /home/airflow/.local/lib/python3.7/site-packages/airflow/example_dags/example_short_circuit_operator.py for tasks to queue
[2023-04-16T18:08:28.099+0000] {logging_mixin.py:137} INFO - [2023-04-16T18:08:28.099+0000] {dagbag.py:532} INFO - Filling up the DagBag from /home/airflow/.local/lib/python3.7/site-packages/airflow/example_dags/example_short_circuit_operator.py
[2023-04-16T18:08:28.134+0000] {processor.py:753} INFO - DAG(s) dict_keys(['example_short_circuit_operator']) retrieved from /home/airflow/.local/lib/python3.7/site-packages/airflow/example_dags/example_short_circuit_operator.py
[2023-04-16T18:08:28.174+0000] {logging_mixin.py:137} INFO - [2023-04-16T18:08:28.174+0000] {dag.py:2705} INFO - Sync 1 DAGs
[2023-04-16T18:08:28.209+0000] {logging_mixin.py:137} INFO - [2023-04-16T18:08:28.209+0000] {dag.py:3456} INFO - Setting next_dagrun for example_short_circuit_operator to 2023-04-15T18:08:28.209345+00:00, run_after=2023-04-16T18:08:28.209345+00:00
[2023-04-16T18:08:28.237+0000] {processor.py:175} INFO - Processing /home/airflow/.local/lib/python3.7/site-packages/airflow/example_dags/example_short_circuit_operator.py took 0.146 seconds
[2023-04-16T18:08:58.322+0000] {processor.py:153} INFO - Started process (PID=999) to work on /home/airflow/.local/lib/python3.7/site-packages/airflow/example_dags/example_short_circuit_operator.py
[2023-04-16T18:08:58.324+0000] {processor.py:743} INFO - Processing file /home/airflow/.local/lib/python3.7/site-packages/airflow/example_dags/example_short_circuit_operator.py for tasks to queue
[2023-04-16T18:08:58.325+0000] {logging_mixin.py:137} INFO - [2023-04-16T18:08:58.325+0000] {dagbag.py:532} INFO - Filling up the DagBag from /home/airflow/.local/lib/python3.7/site-packages/airflow/example_dags/example_short_circuit_operator.py
[2023-04-16T18:08:58.354+0000] {processor.py:753} INFO - DAG(s) dict_keys(['example_short_circuit_operator']) retrieved from /home/airflow/.local/lib/python3.7/site-packages/airflow/example_dags/example_short_circuit_operator.py
[2023-04-16T18:08:58.394+0000] {logging_mixin.py:137} INFO - [2023-04-16T18:08:58.393+0000] {dag.py:2705} INFO - Sync 1 DAGs
[2023-04-16T18:08:58.432+0000] {logging_mixin.py:137} INFO - [2023-04-16T18:08:58.432+0000] {dag.py:3456} INFO - Setting next_dagrun for example_short_circuit_operator to 2023-04-15T18:08:58.432029+00:00, run_after=2023-04-16T18:08:58.432029+00:00
[2023-04-16T18:08:58.457+0000] {processor.py:175} INFO - Processing /home/airflow/.local/lib/python3.7/site-packages/airflow/example_dags/example_short_circuit_operator.py took 0.140 seconds
[2023-04-16T18:09:28.733+0000] {processor.py:153} INFO - Started process (PID=1048) to work on /home/airflow/.local/lib/python3.7/site-packages/airflow/example_dags/example_short_circuit_operator.py
[2023-04-16T18:09:28.734+0000] {processor.py:743} INFO - Processing file /home/airflow/.local/lib/python3.7/site-packages/airflow/example_dags/example_short_circuit_operator.py for tasks to queue
[2023-04-16T18:09:28.734+0000] {logging_mixin.py:137} INFO - [2023-04-16T18:09:28.734+0000] {dagbag.py:532} INFO - Filling up the DagBag from /home/airflow/.local/lib/python3.7/site-packages/airflow/example_dags/example_short_circuit_operator.py
[2023-04-16T18:09:28.758+0000] {processor.py:753} INFO - DAG(s) dict_keys(['example_short_circuit_operator']) retrieved from /home/airflow/.local/lib/python3.7/site-packages/airflow/example_dags/example_short_circuit_operator.py
[2023-04-16T18:09:28.797+0000] {logging_mixin.py:137} INFO - [2023-04-16T18:09:28.797+0000] {dag.py:2705} INFO - Sync 1 DAGs
[2023-04-16T18:09:28.832+0000] {logging_mixin.py:137} INFO - [2023-04-16T18:09:28.832+0000] {dag.py:3456} INFO - Setting next_dagrun for example_short_circuit_operator to 2023-04-15T18:09:28.832349+00:00, run_after=2023-04-16T18:09:28.832349+00:00
[2023-04-16T18:09:28.856+0000] {processor.py:175} INFO - Processing /home/airflow/.local/lib/python3.7/site-packages/airflow/example_dags/example_short_circuit_operator.py took 0.129 seconds
[2023-04-16T18:09:59.361+0000] {processor.py:153} INFO - Started process (PID=1099) to work on /home/airflow/.local/lib/python3.7/site-packages/airflow/example_dags/example_short_circuit_operator.py
[2023-04-16T18:09:59.362+0000] {processor.py:743} INFO - Processing file /home/airflow/.local/lib/python3.7/site-packages/airflow/example_dags/example_short_circuit_operator.py for tasks to queue
[2023-04-16T18:09:59.363+0000] {logging_mixin.py:137} INFO - [2023-04-16T18:09:59.363+0000] {dagbag.py:532} INFO - Filling up the DagBag from /home/airflow/.local/lib/python3.7/site-packages/airflow/example_dags/example_short_circuit_operator.py
[2023-04-16T18:09:59.395+0000] {processor.py:753} INFO - DAG(s) dict_keys(['example_short_circuit_operator']) retrieved from /home/airflow/.local/lib/python3.7/site-packages/airflow/example_dags/example_short_circuit_operator.py
[2023-04-16T18:09:59.439+0000] {logging_mixin.py:137} INFO - [2023-04-16T18:09:59.439+0000] {dag.py:2705} INFO - Sync 1 DAGs
[2023-04-16T18:09:59.475+0000] {logging_mixin.py:137} INFO - [2023-04-16T18:09:59.475+0000] {dag.py:3456} INFO - Setting next_dagrun for example_short_circuit_operator to 2023-04-15T18:09:59.474780+00:00, run_after=2023-04-16T18:09:59.474780+00:00
[2023-04-16T18:09:59.499+0000] {processor.py:175} INFO - Processing /home/airflow/.local/lib/python3.7/site-packages/airflow/example_dags/example_short_circuit_operator.py took 0.144 seconds
[2023-04-16T18:10:30.220+0000] {processor.py:153} INFO - Started process (PID=1149) to work on /home/airflow/.local/lib/python3.7/site-packages/airflow/example_dags/example_short_circuit_operator.py
[2023-04-16T18:10:30.222+0000] {processor.py:743} INFO - Processing file /home/airflow/.local/lib/python3.7/site-packages/airflow/example_dags/example_short_circuit_operator.py for tasks to queue
[2023-04-16T18:10:30.223+0000] {logging_mixin.py:137} INFO - [2023-04-16T18:10:30.223+0000] {dagbag.py:532} INFO - Filling up the DagBag from /home/airflow/.local/lib/python3.7/site-packages/airflow/example_dags/example_short_circuit_operator.py
[2023-04-16T18:10:30.246+0000] {processor.py:753} INFO - DAG(s) dict_keys(['example_short_circuit_operator']) retrieved from /home/airflow/.local/lib/python3.7/site-packages/airflow/example_dags/example_short_circuit_operator.py
[2023-04-16T18:10:30.290+0000] {logging_mixin.py:137} INFO - [2023-04-16T18:10:30.290+0000] {dag.py:2705} INFO - Sync 1 DAGs
[2023-04-16T18:10:30.328+0000] {logging_mixin.py:137} INFO - [2023-04-16T18:10:30.328+0000] {dag.py:3456} INFO - Setting next_dagrun for example_short_circuit_operator to 2023-04-15T18:10:30.328176+00:00, run_after=2023-04-16T18:10:30.328176+00:00
[2023-04-16T18:10:30.354+0000] {processor.py:175} INFO - Processing /home/airflow/.local/lib/python3.7/site-packages/airflow/example_dags/example_short_circuit_operator.py took 0.140 seconds
[2023-04-16T18:11:01.037+0000] {processor.py:153} INFO - Started process (PID=1199) to work on /home/airflow/.local/lib/python3.7/site-packages/airflow/example_dags/example_short_circuit_operator.py
[2023-04-16T18:11:01.038+0000] {processor.py:743} INFO - Processing file /home/airflow/.local/lib/python3.7/site-packages/airflow/example_dags/example_short_circuit_operator.py for tasks to queue
[2023-04-16T18:11:01.040+0000] {logging_mixin.py:137} INFO - [2023-04-16T18:11:01.039+0000] {dagbag.py:532} INFO - Filling up the DagBag from /home/airflow/.local/lib/python3.7/site-packages/airflow/example_dags/example_short_circuit_operator.py
[2023-04-16T18:11:01.068+0000] {processor.py:753} INFO - DAG(s) dict_keys(['example_short_circuit_operator']) retrieved from /home/airflow/.local/lib/python3.7/site-packages/airflow/example_dags/example_short_circuit_operator.py
[2023-04-16T18:11:01.109+0000] {logging_mixin.py:137} INFO - [2023-04-16T18:11:01.108+0000] {dag.py:2705} INFO - Sync 1 DAGs
[2023-04-16T18:11:01.146+0000] {logging_mixin.py:137} INFO - [2023-04-16T18:11:01.146+0000] {dag.py:3456} INFO - Setting next_dagrun for example_short_circuit_operator to 2023-04-15T18:11:01.146241+00:00, run_after=2023-04-16T18:11:01.146241+00:00
[2023-04-16T18:11:01.173+0000] {processor.py:175} INFO - Processing /home/airflow/.local/lib/python3.7/site-packages/airflow/example_dags/example_short_circuit_operator.py took 0.141 seconds
[2023-04-16T18:11:31.829+0000] {processor.py:153} INFO - Started process (PID=1250) to work on /home/airflow/.local/lib/python3.7/site-packages/airflow/example_dags/example_short_circuit_operator.py
[2023-04-16T18:11:31.831+0000] {processor.py:743} INFO - Processing file /home/airflow/.local/lib/python3.7/site-packages/airflow/example_dags/example_short_circuit_operator.py for tasks to queue
[2023-04-16T18:11:31.832+0000] {logging_mixin.py:137} INFO - [2023-04-16T18:11:31.832+0000] {dagbag.py:532} INFO - Filling up the DagBag from /home/airflow/.local/lib/python3.7/site-packages/airflow/example_dags/example_short_circuit_operator.py
[2023-04-16T18:11:31.856+0000] {processor.py:753} INFO - DAG(s) dict_keys(['example_short_circuit_operator']) retrieved from /home/airflow/.local/lib/python3.7/site-packages/airflow/example_dags/example_short_circuit_operator.py
[2023-04-16T18:11:31.898+0000] {logging_mixin.py:137} INFO - [2023-04-16T18:11:31.898+0000] {dag.py:2705} INFO - Sync 1 DAGs
[2023-04-16T18:11:31.935+0000] {logging_mixin.py:137} INFO - [2023-04-16T18:11:31.934+0000] {dag.py:3456} INFO - Setting next_dagrun for example_short_circuit_operator to 2023-04-15T18:11:31.934569+00:00, run_after=2023-04-16T18:11:31.934569+00:00
[2023-04-16T18:11:31.961+0000] {processor.py:175} INFO - Processing /home/airflow/.local/lib/python3.7/site-packages/airflow/example_dags/example_short_circuit_operator.py took 0.137 seconds
[2023-04-16T18:12:02.443+0000] {processor.py:153} INFO - Started process (PID=1300) to work on /home/airflow/.local/lib/python3.7/site-packages/airflow/example_dags/example_short_circuit_operator.py
[2023-04-16T18:12:02.445+0000] {processor.py:743} INFO - Processing file /home/airflow/.local/lib/python3.7/site-packages/airflow/example_dags/example_short_circuit_operator.py for tasks to queue
[2023-04-16T18:12:02.446+0000] {logging_mixin.py:137} INFO - [2023-04-16T18:12:02.445+0000] {dagbag.py:532} INFO - Filling up the DagBag from /home/airflow/.local/lib/python3.7/site-packages/airflow/example_dags/example_short_circuit_operator.py
[2023-04-16T18:12:02.473+0000] {processor.py:753} INFO - DAG(s) dict_keys(['example_short_circuit_operator']) retrieved from /home/airflow/.local/lib/python3.7/site-packages/airflow/example_dags/example_short_circuit_operator.py
[2023-04-16T18:12:02.532+0000] {logging_mixin.py:137} INFO - [2023-04-16T18:12:02.531+0000] {dag.py:2705} INFO - Sync 1 DAGs
[2023-04-16T18:12:02.568+0000] {logging_mixin.py:137} INFO - [2023-04-16T18:12:02.568+0000] {dag.py:3456} INFO - Setting next_dagrun for example_short_circuit_operator to 2023-04-15T18:12:02.567924+00:00, run_after=2023-04-16T18:12:02.567924+00:00
[2023-04-16T18:12:02.594+0000] {processor.py:175} INFO - Processing /home/airflow/.local/lib/python3.7/site-packages/airflow/example_dags/example_short_circuit_operator.py took 0.156 seconds
[2023-04-16T18:12:33.059+0000] {processor.py:153} INFO - Started process (PID=1350) to work on /home/airflow/.local/lib/python3.7/site-packages/airflow/example_dags/example_short_circuit_operator.py
[2023-04-16T18:12:33.061+0000] {processor.py:743} INFO - Processing file /home/airflow/.local/lib/python3.7/site-packages/airflow/example_dags/example_short_circuit_operator.py for tasks to queue
[2023-04-16T18:12:33.062+0000] {logging_mixin.py:137} INFO - [2023-04-16T18:12:33.062+0000] {dagbag.py:532} INFO - Filling up the DagBag from /home/airflow/.local/lib/python3.7/site-packages/airflow/example_dags/example_short_circuit_operator.py
[2023-04-16T18:12:33.093+0000] {processor.py:753} INFO - DAG(s) dict_keys(['example_short_circuit_operator']) retrieved from /home/airflow/.local/lib/python3.7/site-packages/airflow/example_dags/example_short_circuit_operator.py
[2023-04-16T18:12:33.136+0000] {logging_mixin.py:137} INFO - [2023-04-16T18:12:33.136+0000] {dag.py:2705} INFO - Sync 1 DAGs
[2023-04-16T18:12:33.176+0000] {logging_mixin.py:137} INFO - [2023-04-16T18:12:33.176+0000] {dag.py:3456} INFO - Setting next_dagrun for example_short_circuit_operator to 2023-04-15T18:12:33.175489+00:00, run_after=2023-04-16T18:12:33.175489+00:00
[2023-04-16T18:12:33.214+0000] {processor.py:175} INFO - Processing /home/airflow/.local/lib/python3.7/site-packages/airflow/example_dags/example_short_circuit_operator.py took 0.161 seconds
[2023-04-16T18:13:03.723+0000] {processor.py:153} INFO - Started process (PID=1400) to work on /home/airflow/.local/lib/python3.7/site-packages/airflow/example_dags/example_short_circuit_operator.py
[2023-04-16T18:13:03.724+0000] {processor.py:743} INFO - Processing file /home/airflow/.local/lib/python3.7/site-packages/airflow/example_dags/example_short_circuit_operator.py for tasks to queue
[2023-04-16T18:13:03.725+0000] {logging_mixin.py:137} INFO - [2023-04-16T18:13:03.725+0000] {dagbag.py:532} INFO - Filling up the DagBag from /home/airflow/.local/lib/python3.7/site-packages/airflow/example_dags/example_short_circuit_operator.py
[2023-04-16T18:13:03.749+0000] {processor.py:753} INFO - DAG(s) dict_keys(['example_short_circuit_operator']) retrieved from /home/airflow/.local/lib/python3.7/site-packages/airflow/example_dags/example_short_circuit_operator.py
[2023-04-16T18:13:03.803+0000] {logging_mixin.py:137} INFO - [2023-04-16T18:13:03.803+0000] {dag.py:2705} INFO - Sync 1 DAGs
[2023-04-16T18:13:03.848+0000] {logging_mixin.py:137} INFO - [2023-04-16T18:13:03.848+0000] {dag.py:3456} INFO - Setting next_dagrun for example_short_circuit_operator to 2023-04-15T18:13:03.848443+00:00, run_after=2023-04-16T18:13:03.848443+00:00
[2023-04-16T18:13:03.872+0000] {processor.py:175} INFO - Processing /home/airflow/.local/lib/python3.7/site-packages/airflow/example_dags/example_short_circuit_operator.py took 0.155 seconds
[2023-04-16T18:13:34.481+0000] {processor.py:153} INFO - Started process (PID=1451) to work on /home/airflow/.local/lib/python3.7/site-packages/airflow/example_dags/example_short_circuit_operator.py
[2023-04-16T18:13:34.482+0000] {processor.py:743} INFO - Processing file /home/airflow/.local/lib/python3.7/site-packages/airflow/example_dags/example_short_circuit_operator.py for tasks to queue
[2023-04-16T18:13:34.483+0000] {logging_mixin.py:137} INFO - [2023-04-16T18:13:34.483+0000] {dagbag.py:532} INFO - Filling up the DagBag from /home/airflow/.local/lib/python3.7/site-packages/airflow/example_dags/example_short_circuit_operator.py
[2023-04-16T18:13:34.507+0000] {processor.py:753} INFO - DAG(s) dict_keys(['example_short_circuit_operator']) retrieved from /home/airflow/.local/lib/python3.7/site-packages/airflow/example_dags/example_short_circuit_operator.py
[2023-04-16T18:13:34.555+0000] {logging_mixin.py:137} INFO - [2023-04-16T18:13:34.555+0000] {dag.py:2705} INFO - Sync 1 DAGs
[2023-04-16T18:13:34.592+0000] {logging_mixin.py:137} INFO - [2023-04-16T18:13:34.591+0000] {dag.py:3456} INFO - Setting next_dagrun for example_short_circuit_operator to 2023-04-15T18:13:34.591497+00:00, run_after=2023-04-16T18:13:34.591497+00:00
[2023-04-16T18:13:34.621+0000] {processor.py:175} INFO - Processing /home/airflow/.local/lib/python3.7/site-packages/airflow/example_dags/example_short_circuit_operator.py took 0.146 seconds
[2023-04-16T18:14:04.929+0000] {processor.py:153} INFO - Started process (PID=1502) to work on /home/airflow/.local/lib/python3.7/site-packages/airflow/example_dags/example_short_circuit_operator.py
[2023-04-16T18:14:04.930+0000] {processor.py:743} INFO - Processing file /home/airflow/.local/lib/python3.7/site-packages/airflow/example_dags/example_short_circuit_operator.py for tasks to queue
[2023-04-16T18:14:04.931+0000] {logging_mixin.py:137} INFO - [2023-04-16T18:14:04.931+0000] {dagbag.py:532} INFO - Filling up the DagBag from /home/airflow/.local/lib/python3.7/site-packages/airflow/example_dags/example_short_circuit_operator.py
[2023-04-16T18:14:04.954+0000] {processor.py:753} INFO - DAG(s) dict_keys(['example_short_circuit_operator']) retrieved from /home/airflow/.local/lib/python3.7/site-packages/airflow/example_dags/example_short_circuit_operator.py
[2023-04-16T18:14:04.997+0000] {logging_mixin.py:137} INFO - [2023-04-16T18:14:04.996+0000] {dag.py:2705} INFO - Sync 1 DAGs
[2023-04-16T18:14:05.034+0000] {logging_mixin.py:137} INFO - [2023-04-16T18:14:05.034+0000] {dag.py:3456} INFO - Setting next_dagrun for example_short_circuit_operator to 2023-04-15T18:14:05.033749+00:00, run_after=2023-04-16T18:14:05.033749+00:00
[2023-04-16T18:14:05.060+0000] {processor.py:175} INFO - Processing /home/airflow/.local/lib/python3.7/site-packages/airflow/example_dags/example_short_circuit_operator.py took 0.137 seconds
[2023-04-16T18:14:35.678+0000] {processor.py:153} INFO - Started process (PID=1552) to work on /home/airflow/.local/lib/python3.7/site-packages/airflow/example_dags/example_short_circuit_operator.py
[2023-04-16T18:14:35.680+0000] {processor.py:743} INFO - Processing file /home/airflow/.local/lib/python3.7/site-packages/airflow/example_dags/example_short_circuit_operator.py for tasks to queue
[2023-04-16T18:14:35.681+0000] {logging_mixin.py:137} INFO - [2023-04-16T18:14:35.681+0000] {dagbag.py:532} INFO - Filling up the DagBag from /home/airflow/.local/lib/python3.7/site-packages/airflow/example_dags/example_short_circuit_operator.py
[2023-04-16T18:14:35.704+0000] {processor.py:753} INFO - DAG(s) dict_keys(['example_short_circuit_operator']) retrieved from /home/airflow/.local/lib/python3.7/site-packages/airflow/example_dags/example_short_circuit_operator.py
[2023-04-16T18:14:35.746+0000] {logging_mixin.py:137} INFO - [2023-04-16T18:14:35.746+0000] {dag.py:2705} INFO - Sync 1 DAGs
[2023-04-16T18:14:35.783+0000] {logging_mixin.py:137} INFO - [2023-04-16T18:14:35.783+0000] {dag.py:3456} INFO - Setting next_dagrun for example_short_circuit_operator to 2023-04-15T18:14:35.783243+00:00, run_after=2023-04-16T18:14:35.783243+00:00
[2023-04-16T18:14:35.808+0000] {processor.py:175} INFO - Processing /home/airflow/.local/lib/python3.7/site-packages/airflow/example_dags/example_short_circuit_operator.py took 0.135 seconds
[2023-04-16T18:15:06.374+0000] {processor.py:153} INFO - Started process (PID=1602) to work on /home/airflow/.local/lib/python3.7/site-packages/airflow/example_dags/example_short_circuit_operator.py
[2023-04-16T18:15:06.375+0000] {processor.py:743} INFO - Processing file /home/airflow/.local/lib/python3.7/site-packages/airflow/example_dags/example_short_circuit_operator.py for tasks to queue
[2023-04-16T18:15:06.376+0000] {logging_mixin.py:137} INFO - [2023-04-16T18:15:06.376+0000] {dagbag.py:532} INFO - Filling up the DagBag from /home/airflow/.local/lib/python3.7/site-packages/airflow/example_dags/example_short_circuit_operator.py
[2023-04-16T18:15:06.408+0000] {processor.py:753} INFO - DAG(s) dict_keys(['example_short_circuit_operator']) retrieved from /home/airflow/.local/lib/python3.7/site-packages/airflow/example_dags/example_short_circuit_operator.py
[2023-04-16T18:15:06.451+0000] {logging_mixin.py:137} INFO - [2023-04-16T18:15:06.451+0000] {dag.py:2705} INFO - Sync 1 DAGs
[2023-04-16T18:15:06.503+0000] {logging_mixin.py:137} INFO - [2023-04-16T18:15:06.502+0000] {dag.py:3456} INFO - Setting next_dagrun for example_short_circuit_operator to 2023-04-15T18:15:06.502279+00:00, run_after=2023-04-16T18:15:06.502279+00:00
[2023-04-16T18:15:06.533+0000] {processor.py:175} INFO - Processing /home/airflow/.local/lib/python3.7/site-packages/airflow/example_dags/example_short_circuit_operator.py took 0.167 seconds
[2023-04-16T18:15:37.140+0000] {processor.py:153} INFO - Started process (PID=1652) to work on /home/airflow/.local/lib/python3.7/site-packages/airflow/example_dags/example_short_circuit_operator.py
[2023-04-16T18:15:37.142+0000] {processor.py:743} INFO - Processing file /home/airflow/.local/lib/python3.7/site-packages/airflow/example_dags/example_short_circuit_operator.py for tasks to queue
[2023-04-16T18:15:37.143+0000] {logging_mixin.py:137} INFO - [2023-04-16T18:15:37.143+0000] {dagbag.py:532} INFO - Filling up the DagBag from /home/airflow/.local/lib/python3.7/site-packages/airflow/example_dags/example_short_circuit_operator.py
[2023-04-16T18:15:37.178+0000] {processor.py:753} INFO - DAG(s) dict_keys(['example_short_circuit_operator']) retrieved from /home/airflow/.local/lib/python3.7/site-packages/airflow/example_dags/example_short_circuit_operator.py
[2023-04-16T18:15:37.222+0000] {logging_mixin.py:137} INFO - [2023-04-16T18:15:37.222+0000] {dag.py:2705} INFO - Sync 1 DAGs
[2023-04-16T18:15:37.258+0000] {logging_mixin.py:137} INFO - [2023-04-16T18:15:37.258+0000] {dag.py:3456} INFO - Setting next_dagrun for example_short_circuit_operator to 2023-04-15T18:15:37.258426+00:00, run_after=2023-04-16T18:15:37.258426+00:00
[2023-04-16T18:15:37.285+0000] {processor.py:175} INFO - Processing /home/airflow/.local/lib/python3.7/site-packages/airflow/example_dags/example_short_circuit_operator.py took 0.150 seconds
[2023-04-16T18:16:07.816+0000] {processor.py:153} INFO - Started process (PID=1702) to work on /home/airflow/.local/lib/python3.7/site-packages/airflow/example_dags/example_short_circuit_operator.py
[2023-04-16T18:16:07.818+0000] {processor.py:743} INFO - Processing file /home/airflow/.local/lib/python3.7/site-packages/airflow/example_dags/example_short_circuit_operator.py for tasks to queue
[2023-04-16T18:16:07.819+0000] {logging_mixin.py:137} INFO - [2023-04-16T18:16:07.819+0000] {dagbag.py:532} INFO - Filling up the DagBag from /home/airflow/.local/lib/python3.7/site-packages/airflow/example_dags/example_short_circuit_operator.py
[2023-04-16T18:16:07.855+0000] {processor.py:753} INFO - DAG(s) dict_keys(['example_short_circuit_operator']) retrieved from /home/airflow/.local/lib/python3.7/site-packages/airflow/example_dags/example_short_circuit_operator.py
[2023-04-16T18:16:07.920+0000] {logging_mixin.py:137} INFO - [2023-04-16T18:16:07.919+0000] {dag.py:2705} INFO - Sync 1 DAGs
[2023-04-16T18:16:07.958+0000] {logging_mixin.py:137} INFO - [2023-04-16T18:16:07.957+0000] {dag.py:3456} INFO - Setting next_dagrun for example_short_circuit_operator to 2023-04-15T18:16:07.957238+00:00, run_after=2023-04-16T18:16:07.957238+00:00
[2023-04-16T18:16:07.994+0000] {processor.py:175} INFO - Processing /home/airflow/.local/lib/python3.7/site-packages/airflow/example_dags/example_short_circuit_operator.py took 0.183 seconds
[2023-04-16T18:16:38.471+0000] {processor.py:153} INFO - Started process (PID=1752) to work on /home/airflow/.local/lib/python3.7/site-packages/airflow/example_dags/example_short_circuit_operator.py
[2023-04-16T18:16:38.473+0000] {processor.py:743} INFO - Processing file /home/airflow/.local/lib/python3.7/site-packages/airflow/example_dags/example_short_circuit_operator.py for tasks to queue
[2023-04-16T18:16:38.474+0000] {logging_mixin.py:137} INFO - [2023-04-16T18:16:38.474+0000] {dagbag.py:532} INFO - Filling up the DagBag from /home/airflow/.local/lib/python3.7/site-packages/airflow/example_dags/example_short_circuit_operator.py
[2023-04-16T18:16:38.505+0000] {processor.py:753} INFO - DAG(s) dict_keys(['example_short_circuit_operator']) retrieved from /home/airflow/.local/lib/python3.7/site-packages/airflow/example_dags/example_short_circuit_operator.py
[2023-04-16T18:16:38.545+0000] {logging_mixin.py:137} INFO - [2023-04-16T18:16:38.545+0000] {dag.py:2705} INFO - Sync 1 DAGs
[2023-04-16T18:16:38.580+0000] {logging_mixin.py:137} INFO - [2023-04-16T18:16:38.580+0000] {dag.py:3456} INFO - Setting next_dagrun for example_short_circuit_operator to 2023-04-15T18:16:38.580041+00:00, run_after=2023-04-16T18:16:38.580041+00:00
[2023-04-16T18:16:38.604+0000] {processor.py:175} INFO - Processing /home/airflow/.local/lib/python3.7/site-packages/airflow/example_dags/example_short_circuit_operator.py took 0.140 seconds
[2023-04-16T18:17:09.232+0000] {processor.py:153} INFO - Started process (PID=1802) to work on /home/airflow/.local/lib/python3.7/site-packages/airflow/example_dags/example_short_circuit_operator.py
[2023-04-16T18:17:09.235+0000] {processor.py:743} INFO - Processing file /home/airflow/.local/lib/python3.7/site-packages/airflow/example_dags/example_short_circuit_operator.py for tasks to queue
[2023-04-16T18:17:09.237+0000] {logging_mixin.py:137} INFO - [2023-04-16T18:17:09.237+0000] {dagbag.py:532} INFO - Filling up the DagBag from /home/airflow/.local/lib/python3.7/site-packages/airflow/example_dags/example_short_circuit_operator.py
[2023-04-16T18:17:09.289+0000] {processor.py:753} INFO - DAG(s) dict_keys(['example_short_circuit_operator']) retrieved from /home/airflow/.local/lib/python3.7/site-packages/airflow/example_dags/example_short_circuit_operator.py
[2023-04-16T18:17:09.348+0000] {logging_mixin.py:137} INFO - [2023-04-16T18:17:09.348+0000] {dag.py:2705} INFO - Sync 1 DAGs
[2023-04-16T18:17:09.385+0000] {logging_mixin.py:137} INFO - [2023-04-16T18:17:09.384+0000] {dag.py:3456} INFO - Setting next_dagrun for example_short_circuit_operator to 2023-04-15T18:17:09.384588+00:00, run_after=2023-04-16T18:17:09.384588+00:00
[2023-04-16T18:17:09.411+0000] {processor.py:175} INFO - Processing /home/airflow/.local/lib/python3.7/site-packages/airflow/example_dags/example_short_circuit_operator.py took 0.185 seconds
[2023-04-16T18:17:40.057+0000] {processor.py:153} INFO - Started process (PID=1859) to work on /home/airflow/.local/lib/python3.7/site-packages/airflow/example_dags/example_short_circuit_operator.py
[2023-04-16T18:17:40.058+0000] {processor.py:743} INFO - Processing file /home/airflow/.local/lib/python3.7/site-packages/airflow/example_dags/example_short_circuit_operator.py for tasks to queue
[2023-04-16T18:17:40.059+0000] {logging_mixin.py:137} INFO - [2023-04-16T18:17:40.059+0000] {dagbag.py:532} INFO - Filling up the DagBag from /home/airflow/.local/lib/python3.7/site-packages/airflow/example_dags/example_short_circuit_operator.py
[2023-04-16T18:17:40.083+0000] {processor.py:753} INFO - DAG(s) dict_keys(['example_short_circuit_operator']) retrieved from /home/airflow/.local/lib/python3.7/site-packages/airflow/example_dags/example_short_circuit_operator.py
[2023-04-16T18:17:40.124+0000] {logging_mixin.py:137} INFO - [2023-04-16T18:17:40.124+0000] {dag.py:2705} INFO - Sync 1 DAGs
[2023-04-16T18:17:40.160+0000] {logging_mixin.py:137} INFO - [2023-04-16T18:17:40.159+0000] {dag.py:3456} INFO - Setting next_dagrun for example_short_circuit_operator to 2023-04-15T18:17:40.159518+00:00, run_after=2023-04-16T18:17:40.159518+00:00
[2023-04-16T18:17:40.190+0000] {processor.py:175} INFO - Processing /home/airflow/.local/lib/python3.7/site-packages/airflow/example_dags/example_short_circuit_operator.py took 0.139 seconds
[2023-04-16T18:18:10.740+0000] {processor.py:153} INFO - Started process (PID=1909) to work on /home/airflow/.local/lib/python3.7/site-packages/airflow/example_dags/example_short_circuit_operator.py
[2023-04-16T18:18:10.741+0000] {processor.py:743} INFO - Processing file /home/airflow/.local/lib/python3.7/site-packages/airflow/example_dags/example_short_circuit_operator.py for tasks to queue
[2023-04-16T18:18:10.742+0000] {logging_mixin.py:137} INFO - [2023-04-16T18:18:10.742+0000] {dagbag.py:532} INFO - Filling up the DagBag from /home/airflow/.local/lib/python3.7/site-packages/airflow/example_dags/example_short_circuit_operator.py
[2023-04-16T18:18:10.766+0000] {processor.py:753} INFO - DAG(s) dict_keys(['example_short_circuit_operator']) retrieved from /home/airflow/.local/lib/python3.7/site-packages/airflow/example_dags/example_short_circuit_operator.py
[2023-04-16T18:18:10.808+0000] {logging_mixin.py:137} INFO - [2023-04-16T18:18:10.807+0000] {dag.py:2705} INFO - Sync 1 DAGs
[2023-04-16T18:18:10.867+0000] {logging_mixin.py:137} INFO - [2023-04-16T18:18:10.866+0000] {dag.py:3456} INFO - Setting next_dagrun for example_short_circuit_operator to 2023-04-15T18:18:10.866263+00:00, run_after=2023-04-16T18:18:10.866263+00:00
[2023-04-16T18:18:10.898+0000] {processor.py:175} INFO - Processing /home/airflow/.local/lib/python3.7/site-packages/airflow/example_dags/example_short_circuit_operator.py took 0.163 seconds
[2023-04-16T18:18:41.570+0000] {processor.py:153} INFO - Started process (PID=1959) to work on /home/airflow/.local/lib/python3.7/site-packages/airflow/example_dags/example_short_circuit_operator.py
[2023-04-16T18:18:41.573+0000] {processor.py:743} INFO - Processing file /home/airflow/.local/lib/python3.7/site-packages/airflow/example_dags/example_short_circuit_operator.py for tasks to queue
[2023-04-16T18:18:41.574+0000] {logging_mixin.py:137} INFO - [2023-04-16T18:18:41.574+0000] {dagbag.py:532} INFO - Filling up the DagBag from /home/airflow/.local/lib/python3.7/site-packages/airflow/example_dags/example_short_circuit_operator.py
[2023-04-16T18:18:41.597+0000] {processor.py:753} INFO - DAG(s) dict_keys(['example_short_circuit_operator']) retrieved from /home/airflow/.local/lib/python3.7/site-packages/airflow/example_dags/example_short_circuit_operator.py
[2023-04-16T18:18:41.644+0000] {logging_mixin.py:137} INFO - [2023-04-16T18:18:41.644+0000] {dag.py:2705} INFO - Sync 1 DAGs
[2023-04-16T18:18:41.693+0000] {logging_mixin.py:137} INFO - [2023-04-16T18:18:41.692+0000] {dag.py:3456} INFO - Setting next_dagrun for example_short_circuit_operator to 2023-04-15T18:18:41.692559+00:00, run_after=2023-04-16T18:18:41.692559+00:00
[2023-04-16T18:18:41.718+0000] {processor.py:175} INFO - Processing /home/airflow/.local/lib/python3.7/site-packages/airflow/example_dags/example_short_circuit_operator.py took 0.153 seconds
[2023-04-16T18:19:12.208+0000] {processor.py:153} INFO - Started process (PID=2009) to work on /home/airflow/.local/lib/python3.7/site-packages/airflow/example_dags/example_short_circuit_operator.py
[2023-04-16T18:19:12.209+0000] {processor.py:743} INFO - Processing file /home/airflow/.local/lib/python3.7/site-packages/airflow/example_dags/example_short_circuit_operator.py for tasks to queue
[2023-04-16T18:19:12.209+0000] {logging_mixin.py:137} INFO - [2023-04-16T18:19:12.209+0000] {dagbag.py:532} INFO - Filling up the DagBag from /home/airflow/.local/lib/python3.7/site-packages/airflow/example_dags/example_short_circuit_operator.py
[2023-04-16T18:19:12.233+0000] {processor.py:753} INFO - DAG(s) dict_keys(['example_short_circuit_operator']) retrieved from /home/airflow/.local/lib/python3.7/site-packages/airflow/example_dags/example_short_circuit_operator.py
[2023-04-16T18:19:12.277+0000] {logging_mixin.py:137} INFO - [2023-04-16T18:19:12.276+0000] {dag.py:2705} INFO - Sync 1 DAGs
[2023-04-16T18:19:12.321+0000] {logging_mixin.py:137} INFO - [2023-04-16T18:19:12.321+0000] {dag.py:3456} INFO - Setting next_dagrun for example_short_circuit_operator to 2023-04-15T18:19:12.321070+00:00, run_after=2023-04-16T18:19:12.321070+00:00
[2023-04-16T18:19:12.355+0000] {processor.py:175} INFO - Processing /home/airflow/.local/lib/python3.7/site-packages/airflow/example_dags/example_short_circuit_operator.py took 0.153 seconds
[2023-04-16T18:19:42.986+0000] {processor.py:153} INFO - Started process (PID=2059) to work on /home/airflow/.local/lib/python3.7/site-packages/airflow/example_dags/example_short_circuit_operator.py
[2023-04-16T18:19:42.988+0000] {processor.py:743} INFO - Processing file /home/airflow/.local/lib/python3.7/site-packages/airflow/example_dags/example_short_circuit_operator.py for tasks to queue
[2023-04-16T18:19:42.989+0000] {logging_mixin.py:137} INFO - [2023-04-16T18:19:42.988+0000] {dagbag.py:532} INFO - Filling up the DagBag from /home/airflow/.local/lib/python3.7/site-packages/airflow/example_dags/example_short_circuit_operator.py
[2023-04-16T18:19:43.020+0000] {processor.py:753} INFO - DAG(s) dict_keys(['example_short_circuit_operator']) retrieved from /home/airflow/.local/lib/python3.7/site-packages/airflow/example_dags/example_short_circuit_operator.py
[2023-04-16T18:19:43.074+0000] {logging_mixin.py:137} INFO - [2023-04-16T18:19:43.074+0000] {dag.py:2705} INFO - Sync 1 DAGs
[2023-04-16T18:19:43.111+0000] {logging_mixin.py:137} INFO - [2023-04-16T18:19:43.111+0000] {dag.py:3456} INFO - Setting next_dagrun for example_short_circuit_operator to 2023-04-15T18:19:43.111206+00:00, run_after=2023-04-16T18:19:43.111206+00:00
[2023-04-16T18:19:43.136+0000] {processor.py:175} INFO - Processing /home/airflow/.local/lib/python3.7/site-packages/airflow/example_dags/example_short_circuit_operator.py took 0.155 seconds
[2023-04-16T18:20:13.620+0000] {processor.py:153} INFO - Started process (PID=2109) to work on /home/airflow/.local/lib/python3.7/site-packages/airflow/example_dags/example_short_circuit_operator.py
[2023-04-16T18:20:13.622+0000] {processor.py:743} INFO - Processing file /home/airflow/.local/lib/python3.7/site-packages/airflow/example_dags/example_short_circuit_operator.py for tasks to queue
[2023-04-16T18:20:13.624+0000] {logging_mixin.py:137} INFO - [2023-04-16T18:20:13.623+0000] {dagbag.py:532} INFO - Filling up the DagBag from /home/airflow/.local/lib/python3.7/site-packages/airflow/example_dags/example_short_circuit_operator.py
[2023-04-16T18:20:13.658+0000] {processor.py:753} INFO - DAG(s) dict_keys(['example_short_circuit_operator']) retrieved from /home/airflow/.local/lib/python3.7/site-packages/airflow/example_dags/example_short_circuit_operator.py
[2023-04-16T18:20:13.707+0000] {logging_mixin.py:137} INFO - [2023-04-16T18:20:13.707+0000] {dag.py:2705} INFO - Sync 1 DAGs
[2023-04-16T18:20:13.745+0000] {logging_mixin.py:137} INFO - [2023-04-16T18:20:13.744+0000] {dag.py:3456} INFO - Setting next_dagrun for example_short_circuit_operator to 2023-04-15T18:20:13.744458+00:00, run_after=2023-04-16T18:20:13.744458+00:00
[2023-04-16T18:20:13.774+0000] {processor.py:175} INFO - Processing /home/airflow/.local/lib/python3.7/site-packages/airflow/example_dags/example_short_circuit_operator.py took 0.159 seconds
[2023-04-16T18:20:44.274+0000] {processor.py:153} INFO - Started process (PID=2160) to work on /home/airflow/.local/lib/python3.7/site-packages/airflow/example_dags/example_short_circuit_operator.py
[2023-04-16T18:20:44.275+0000] {processor.py:743} INFO - Processing file /home/airflow/.local/lib/python3.7/site-packages/airflow/example_dags/example_short_circuit_operator.py for tasks to queue
[2023-04-16T18:20:44.276+0000] {logging_mixin.py:137} INFO - [2023-04-16T18:20:44.276+0000] {dagbag.py:532} INFO - Filling up the DagBag from /home/airflow/.local/lib/python3.7/site-packages/airflow/example_dags/example_short_circuit_operator.py
[2023-04-16T18:20:44.313+0000] {processor.py:753} INFO - DAG(s) dict_keys(['example_short_circuit_operator']) retrieved from /home/airflow/.local/lib/python3.7/site-packages/airflow/example_dags/example_short_circuit_operator.py
[2023-04-16T18:20:44.351+0000] {logging_mixin.py:137} INFO - [2023-04-16T18:20:44.351+0000] {dag.py:2705} INFO - Sync 1 DAGs
[2023-04-16T18:20:44.388+0000] {logging_mixin.py:137} INFO - [2023-04-16T18:20:44.387+0000] {dag.py:3456} INFO - Setting next_dagrun for example_short_circuit_operator to 2023-04-15T18:20:44.387578+00:00, run_after=2023-04-16T18:20:44.387578+00:00
[2023-04-16T18:20:44.416+0000] {processor.py:175} INFO - Processing /home/airflow/.local/lib/python3.7/site-packages/airflow/example_dags/example_short_circuit_operator.py took 0.147 seconds
[2023-04-16T18:21:14.987+0000] {processor.py:153} INFO - Started process (PID=2210) to work on /home/airflow/.local/lib/python3.7/site-packages/airflow/example_dags/example_short_circuit_operator.py
[2023-04-16T18:21:14.989+0000] {processor.py:743} INFO - Processing file /home/airflow/.local/lib/python3.7/site-packages/airflow/example_dags/example_short_circuit_operator.py for tasks to queue
[2023-04-16T18:21:14.990+0000] {logging_mixin.py:137} INFO - [2023-04-16T18:21:14.990+0000] {dagbag.py:532} INFO - Filling up the DagBag from /home/airflow/.local/lib/python3.7/site-packages/airflow/example_dags/example_short_circuit_operator.py
[2023-04-16T18:21:15.015+0000] {processor.py:753} INFO - DAG(s) dict_keys(['example_short_circuit_operator']) retrieved from /home/airflow/.local/lib/python3.7/site-packages/airflow/example_dags/example_short_circuit_operator.py
[2023-04-16T18:21:15.058+0000] {logging_mixin.py:137} INFO - [2023-04-16T18:21:15.057+0000] {dag.py:2705} INFO - Sync 1 DAGs
[2023-04-16T18:21:15.107+0000] {logging_mixin.py:137} INFO - [2023-04-16T18:21:15.106+0000] {dag.py:3456} INFO - Setting next_dagrun for example_short_circuit_operator to 2023-04-15T18:21:15.106452+00:00, run_after=2023-04-16T18:21:15.106452+00:00
[2023-04-16T18:21:15.135+0000] {processor.py:175} INFO - Processing /home/airflow/.local/lib/python3.7/site-packages/airflow/example_dags/example_short_circuit_operator.py took 0.153 seconds
[2023-04-16T18:21:45.304+0000] {processor.py:153} INFO - Started process (PID=2260) to work on /home/airflow/.local/lib/python3.7/site-packages/airflow/example_dags/example_short_circuit_operator.py
[2023-04-16T18:21:45.306+0000] {processor.py:743} INFO - Processing file /home/airflow/.local/lib/python3.7/site-packages/airflow/example_dags/example_short_circuit_operator.py for tasks to queue
[2023-04-16T18:21:45.307+0000] {logging_mixin.py:137} INFO - [2023-04-16T18:21:45.306+0000] {dagbag.py:532} INFO - Filling up the DagBag from /home/airflow/.local/lib/python3.7/site-packages/airflow/example_dags/example_short_circuit_operator.py
[2023-04-16T18:21:45.333+0000] {processor.py:753} INFO - DAG(s) dict_keys(['example_short_circuit_operator']) retrieved from /home/airflow/.local/lib/python3.7/site-packages/airflow/example_dags/example_short_circuit_operator.py
[2023-04-16T18:21:45.374+0000] {logging_mixin.py:137} INFO - [2023-04-16T18:21:45.374+0000] {dag.py:2705} INFO - Sync 1 DAGs
[2023-04-16T18:21:45.413+0000] {logging_mixin.py:137} INFO - [2023-04-16T18:21:45.412+0000] {dag.py:3456} INFO - Setting next_dagrun for example_short_circuit_operator to 2023-04-15T18:21:45.412438+00:00, run_after=2023-04-16T18:21:45.412438+00:00
[2023-04-16T18:21:45.445+0000] {processor.py:175} INFO - Processing /home/airflow/.local/lib/python3.7/site-packages/airflow/example_dags/example_short_circuit_operator.py took 0.146 seconds
[2023-04-16T18:22:15.587+0000] {processor.py:153} INFO - Started process (PID=2310) to work on /home/airflow/.local/lib/python3.7/site-packages/airflow/example_dags/example_short_circuit_operator.py
[2023-04-16T18:22:15.588+0000] {processor.py:743} INFO - Processing file /home/airflow/.local/lib/python3.7/site-packages/airflow/example_dags/example_short_circuit_operator.py for tasks to queue
[2023-04-16T18:22:15.589+0000] {logging_mixin.py:137} INFO - [2023-04-16T18:22:15.589+0000] {dagbag.py:532} INFO - Filling up the DagBag from /home/airflow/.local/lib/python3.7/site-packages/airflow/example_dags/example_short_circuit_operator.py
[2023-04-16T18:22:15.613+0000] {processor.py:753} INFO - DAG(s) dict_keys(['example_short_circuit_operator']) retrieved from /home/airflow/.local/lib/python3.7/site-packages/airflow/example_dags/example_short_circuit_operator.py
[2023-04-16T18:22:15.654+0000] {logging_mixin.py:137} INFO - [2023-04-16T18:22:15.654+0000] {dag.py:2705} INFO - Sync 1 DAGs
[2023-04-16T18:22:15.690+0000] {logging_mixin.py:137} INFO - [2023-04-16T18:22:15.690+0000] {dag.py:3456} INFO - Setting next_dagrun for example_short_circuit_operator to 2023-04-15T18:22:15.690202+00:00, run_after=2023-04-16T18:22:15.690202+00:00
[2023-04-16T18:22:15.716+0000] {processor.py:175} INFO - Processing /home/airflow/.local/lib/python3.7/site-packages/airflow/example_dags/example_short_circuit_operator.py took 0.134 seconds
[2023-04-16T18:22:45.850+0000] {processor.py:153} INFO - Started process (PID=2360) to work on /home/airflow/.local/lib/python3.7/site-packages/airflow/example_dags/example_short_circuit_operator.py
[2023-04-16T18:22:45.852+0000] {processor.py:743} INFO - Processing file /home/airflow/.local/lib/python3.7/site-packages/airflow/example_dags/example_short_circuit_operator.py for tasks to queue
[2023-04-16T18:22:45.853+0000] {logging_mixin.py:137} INFO - [2023-04-16T18:22:45.853+0000] {dagbag.py:532} INFO - Filling up the DagBag from /home/airflow/.local/lib/python3.7/site-packages/airflow/example_dags/example_short_circuit_operator.py
[2023-04-16T18:22:45.877+0000] {processor.py:753} INFO - DAG(s) dict_keys(['example_short_circuit_operator']) retrieved from /home/airflow/.local/lib/python3.7/site-packages/airflow/example_dags/example_short_circuit_operator.py
[2023-04-16T18:22:45.918+0000] {logging_mixin.py:137} INFO - [2023-04-16T18:22:45.918+0000] {dag.py:2705} INFO - Sync 1 DAGs
[2023-04-16T18:22:45.953+0000] {logging_mixin.py:137} INFO - [2023-04-16T18:22:45.953+0000] {dag.py:3456} INFO - Setting next_dagrun for example_short_circuit_operator to 2023-04-15T18:22:45.953016+00:00, run_after=2023-04-16T18:22:45.953016+00:00
[2023-04-16T18:22:45.979+0000] {processor.py:175} INFO - Processing /home/airflow/.local/lib/python3.7/site-packages/airflow/example_dags/example_short_circuit_operator.py took 0.134 seconds
[2023-04-16T18:23:16.426+0000] {processor.py:153} INFO - Started process (PID=2410) to work on /home/airflow/.local/lib/python3.7/site-packages/airflow/example_dags/example_short_circuit_operator.py
[2023-04-16T18:23:16.427+0000] {processor.py:743} INFO - Processing file /home/airflow/.local/lib/python3.7/site-packages/airflow/example_dags/example_short_circuit_operator.py for tasks to queue
[2023-04-16T18:23:16.428+0000] {logging_mixin.py:137} INFO - [2023-04-16T18:23:16.428+0000] {dagbag.py:532} INFO - Filling up the DagBag from /home/airflow/.local/lib/python3.7/site-packages/airflow/example_dags/example_short_circuit_operator.py
[2023-04-16T18:23:16.451+0000] {processor.py:753} INFO - DAG(s) dict_keys(['example_short_circuit_operator']) retrieved from /home/airflow/.local/lib/python3.7/site-packages/airflow/example_dags/example_short_circuit_operator.py
[2023-04-16T18:23:16.491+0000] {logging_mixin.py:137} INFO - [2023-04-16T18:23:16.490+0000] {dag.py:2705} INFO - Sync 1 DAGs
[2023-04-16T18:23:16.526+0000] {logging_mixin.py:137} INFO - [2023-04-16T18:23:16.526+0000] {dag.py:3456} INFO - Setting next_dagrun for example_short_circuit_operator to 2023-04-15T18:23:16.525836+00:00, run_after=2023-04-16T18:23:16.525836+00:00
[2023-04-16T18:23:16.552+0000] {processor.py:175} INFO - Processing /home/airflow/.local/lib/python3.7/site-packages/airflow/example_dags/example_short_circuit_operator.py took 0.133 seconds
[2023-04-16T18:23:46.638+0000] {processor.py:153} INFO - Started process (PID=2460) to work on /home/airflow/.local/lib/python3.7/site-packages/airflow/example_dags/example_short_circuit_operator.py
[2023-04-16T18:23:46.639+0000] {processor.py:743} INFO - Processing file /home/airflow/.local/lib/python3.7/site-packages/airflow/example_dags/example_short_circuit_operator.py for tasks to queue
[2023-04-16T18:23:46.640+0000] {logging_mixin.py:137} INFO - [2023-04-16T18:23:46.640+0000] {dagbag.py:532} INFO - Filling up the DagBag from /home/airflow/.local/lib/python3.7/site-packages/airflow/example_dags/example_short_circuit_operator.py
[2023-04-16T18:23:46.664+0000] {processor.py:753} INFO - DAG(s) dict_keys(['example_short_circuit_operator']) retrieved from /home/airflow/.local/lib/python3.7/site-packages/airflow/example_dags/example_short_circuit_operator.py
[2023-04-16T18:23:46.705+0000] {logging_mixin.py:137} INFO - [2023-04-16T18:23:46.705+0000] {dag.py:2705} INFO - Sync 1 DAGs
[2023-04-16T18:23:46.742+0000] {logging_mixin.py:137} INFO - [2023-04-16T18:23:46.742+0000] {dag.py:3456} INFO - Setting next_dagrun for example_short_circuit_operator to 2023-04-15T18:23:46.741981+00:00, run_after=2023-04-16T18:23:46.741981+00:00
[2023-04-16T18:23:46.767+0000] {processor.py:175} INFO - Processing /home/airflow/.local/lib/python3.7/site-packages/airflow/example_dags/example_short_circuit_operator.py took 0.134 seconds
[2023-04-16T18:24:17.015+0000] {processor.py:153} INFO - Started process (PID=2510) to work on /home/airflow/.local/lib/python3.7/site-packages/airflow/example_dags/example_short_circuit_operator.py
[2023-04-16T18:24:17.017+0000] {processor.py:743} INFO - Processing file /home/airflow/.local/lib/python3.7/site-packages/airflow/example_dags/example_short_circuit_operator.py for tasks to queue
[2023-04-16T18:24:17.018+0000] {logging_mixin.py:137} INFO - [2023-04-16T18:24:17.018+0000] {dagbag.py:532} INFO - Filling up the DagBag from /home/airflow/.local/lib/python3.7/site-packages/airflow/example_dags/example_short_circuit_operator.py
[2023-04-16T18:24:17.042+0000] {processor.py:753} INFO - DAG(s) dict_keys(['example_short_circuit_operator']) retrieved from /home/airflow/.local/lib/python3.7/site-packages/airflow/example_dags/example_short_circuit_operator.py
[2023-04-16T18:24:17.092+0000] {logging_mixin.py:137} INFO - [2023-04-16T18:24:17.092+0000] {dag.py:2705} INFO - Sync 1 DAGs
[2023-04-16T18:24:17.128+0000] {logging_mixin.py:137} INFO - [2023-04-16T18:24:17.128+0000] {dag.py:3456} INFO - Setting next_dagrun for example_short_circuit_operator to 2023-04-15T18:24:17.127997+00:00, run_after=2023-04-16T18:24:17.127997+00:00
[2023-04-16T18:24:17.153+0000] {processor.py:175} INFO - Processing /home/airflow/.local/lib/python3.7/site-packages/airflow/example_dags/example_short_circuit_operator.py took 0.143 seconds
[2023-04-16T18:24:47.262+0000] {processor.py:153} INFO - Started process (PID=2560) to work on /home/airflow/.local/lib/python3.7/site-packages/airflow/example_dags/example_short_circuit_operator.py
[2023-04-16T18:24:47.263+0000] {processor.py:743} INFO - Processing file /home/airflow/.local/lib/python3.7/site-packages/airflow/example_dags/example_short_circuit_operator.py for tasks to queue
[2023-04-16T18:24:47.264+0000] {logging_mixin.py:137} INFO - [2023-04-16T18:24:47.264+0000] {dagbag.py:532} INFO - Filling up the DagBag from /home/airflow/.local/lib/python3.7/site-packages/airflow/example_dags/example_short_circuit_operator.py
[2023-04-16T18:24:47.289+0000] {processor.py:753} INFO - DAG(s) dict_keys(['example_short_circuit_operator']) retrieved from /home/airflow/.local/lib/python3.7/site-packages/airflow/example_dags/example_short_circuit_operator.py
[2023-04-16T18:24:47.330+0000] {logging_mixin.py:137} INFO - [2023-04-16T18:24:47.330+0000] {dag.py:2705} INFO - Sync 1 DAGs
[2023-04-16T18:24:47.366+0000] {logging_mixin.py:137} INFO - [2023-04-16T18:24:47.365+0000] {dag.py:3456} INFO - Setting next_dagrun for example_short_circuit_operator to 2023-04-15T18:24:47.365470+00:00, run_after=2023-04-16T18:24:47.365470+00:00
[2023-04-16T18:24:47.395+0000] {processor.py:175} INFO - Processing /home/airflow/.local/lib/python3.7/site-packages/airflow/example_dags/example_short_circuit_operator.py took 0.139 seconds
[2023-04-16T18:25:18.107+0000] {processor.py:153} INFO - Started process (PID=2609) to work on /home/airflow/.local/lib/python3.7/site-packages/airflow/example_dags/example_short_circuit_operator.py
[2023-04-16T18:25:18.109+0000] {processor.py:743} INFO - Processing file /home/airflow/.local/lib/python3.7/site-packages/airflow/example_dags/example_short_circuit_operator.py for tasks to queue
[2023-04-16T18:25:18.110+0000] {logging_mixin.py:137} INFO - [2023-04-16T18:25:18.110+0000] {dagbag.py:532} INFO - Filling up the DagBag from /home/airflow/.local/lib/python3.7/site-packages/airflow/example_dags/example_short_circuit_operator.py
[2023-04-16T18:25:18.134+0000] {processor.py:753} INFO - DAG(s) dict_keys(['example_short_circuit_operator']) retrieved from /home/airflow/.local/lib/python3.7/site-packages/airflow/example_dags/example_short_circuit_operator.py
[2023-04-16T18:25:18.178+0000] {logging_mixin.py:137} INFO - [2023-04-16T18:25:18.178+0000] {dag.py:2705} INFO - Sync 1 DAGs
[2023-04-16T18:25:18.215+0000] {logging_mixin.py:137} INFO - [2023-04-16T18:25:18.215+0000] {dag.py:3456} INFO - Setting next_dagrun for example_short_circuit_operator to 2023-04-15T18:25:18.214922+00:00, run_after=2023-04-16T18:25:18.214922+00:00
[2023-04-16T18:25:18.244+0000] {processor.py:175} INFO - Processing /home/airflow/.local/lib/python3.7/site-packages/airflow/example_dags/example_short_circuit_operator.py took 0.142 seconds
[2023-04-16T18:25:48.865+0000] {processor.py:153} INFO - Started process (PID=2660) to work on /home/airflow/.local/lib/python3.7/site-packages/airflow/example_dags/example_short_circuit_operator.py
[2023-04-16T18:25:48.866+0000] {processor.py:743} INFO - Processing file /home/airflow/.local/lib/python3.7/site-packages/airflow/example_dags/example_short_circuit_operator.py for tasks to queue
[2023-04-16T18:25:48.866+0000] {logging_mixin.py:137} INFO - [2023-04-16T18:25:48.866+0000] {dagbag.py:532} INFO - Filling up the DagBag from /home/airflow/.local/lib/python3.7/site-packages/airflow/example_dags/example_short_circuit_operator.py
[2023-04-16T18:25:48.897+0000] {processor.py:753} INFO - DAG(s) dict_keys(['example_short_circuit_operator']) retrieved from /home/airflow/.local/lib/python3.7/site-packages/airflow/example_dags/example_short_circuit_operator.py
[2023-04-16T18:25:48.937+0000] {logging_mixin.py:137} INFO - [2023-04-16T18:25:48.937+0000] {dag.py:2705} INFO - Sync 1 DAGs
[2023-04-16T18:25:48.974+0000] {logging_mixin.py:137} INFO - [2023-04-16T18:25:48.974+0000] {dag.py:3456} INFO - Setting next_dagrun for example_short_circuit_operator to 2023-04-15T18:25:48.973999+00:00, run_after=2023-04-16T18:25:48.973999+00:00
[2023-04-16T18:25:49.004+0000] {processor.py:175} INFO - Processing /home/airflow/.local/lib/python3.7/site-packages/airflow/example_dags/example_short_circuit_operator.py took 0.145 seconds
[2023-04-16T18:26:19.562+0000] {processor.py:153} INFO - Started process (PID=2709) to work on /home/airflow/.local/lib/python3.7/site-packages/airflow/example_dags/example_short_circuit_operator.py
[2023-04-16T18:26:19.563+0000] {processor.py:743} INFO - Processing file /home/airflow/.local/lib/python3.7/site-packages/airflow/example_dags/example_short_circuit_operator.py for tasks to queue
[2023-04-16T18:26:19.565+0000] {logging_mixin.py:137} INFO - [2023-04-16T18:26:19.564+0000] {dagbag.py:532} INFO - Filling up the DagBag from /home/airflow/.local/lib/python3.7/site-packages/airflow/example_dags/example_short_circuit_operator.py
[2023-04-16T18:26:19.594+0000] {processor.py:753} INFO - DAG(s) dict_keys(['example_short_circuit_operator']) retrieved from /home/airflow/.local/lib/python3.7/site-packages/airflow/example_dags/example_short_circuit_operator.py
[2023-04-16T18:26:19.657+0000] {logging_mixin.py:137} INFO - [2023-04-16T18:26:19.656+0000] {dag.py:2705} INFO - Sync 1 DAGs
[2023-04-16T18:26:19.699+0000] {logging_mixin.py:137} INFO - [2023-04-16T18:26:19.699+0000] {dag.py:3456} INFO - Setting next_dagrun for example_short_circuit_operator to 2023-04-15T18:26:19.699251+00:00, run_after=2023-04-16T18:26:19.699251+00:00
[2023-04-16T18:26:19.724+0000] {processor.py:175} INFO - Processing /home/airflow/.local/lib/python3.7/site-packages/airflow/example_dags/example_short_circuit_operator.py took 0.168 seconds
[2023-04-16T18:26:50.313+0000] {processor.py:153} INFO - Started process (PID=2759) to work on /home/airflow/.local/lib/python3.7/site-packages/airflow/example_dags/example_short_circuit_operator.py
[2023-04-16T18:26:50.314+0000] {processor.py:743} INFO - Processing file /home/airflow/.local/lib/python3.7/site-packages/airflow/example_dags/example_short_circuit_operator.py for tasks to queue
[2023-04-16T18:26:50.315+0000] {logging_mixin.py:137} INFO - [2023-04-16T18:26:50.315+0000] {dagbag.py:532} INFO - Filling up the DagBag from /home/airflow/.local/lib/python3.7/site-packages/airflow/example_dags/example_short_circuit_operator.py
[2023-04-16T18:26:50.346+0000] {processor.py:753} INFO - DAG(s) dict_keys(['example_short_circuit_operator']) retrieved from /home/airflow/.local/lib/python3.7/site-packages/airflow/example_dags/example_short_circuit_operator.py
[2023-04-16T18:26:50.387+0000] {logging_mixin.py:137} INFO - [2023-04-16T18:26:50.387+0000] {dag.py:2705} INFO - Sync 1 DAGs
[2023-04-16T18:26:50.424+0000] {logging_mixin.py:137} INFO - [2023-04-16T18:26:50.424+0000] {dag.py:3456} INFO - Setting next_dagrun for example_short_circuit_operator to 2023-04-15T18:26:50.424152+00:00, run_after=2023-04-16T18:26:50.424152+00:00
[2023-04-16T18:26:50.451+0000] {processor.py:175} INFO - Processing /home/airflow/.local/lib/python3.7/site-packages/airflow/example_dags/example_short_circuit_operator.py took 0.144 seconds
[2023-04-16T18:27:21.080+0000] {processor.py:153} INFO - Started process (PID=2809) to work on /home/airflow/.local/lib/python3.7/site-packages/airflow/example_dags/example_short_circuit_operator.py
[2023-04-16T18:27:21.081+0000] {processor.py:743} INFO - Processing file /home/airflow/.local/lib/python3.7/site-packages/airflow/example_dags/example_short_circuit_operator.py for tasks to queue
[2023-04-16T18:27:21.082+0000] {logging_mixin.py:137} INFO - [2023-04-16T18:27:21.082+0000] {dagbag.py:532} INFO - Filling up the DagBag from /home/airflow/.local/lib/python3.7/site-packages/airflow/example_dags/example_short_circuit_operator.py
[2023-04-16T18:27:21.113+0000] {processor.py:753} INFO - DAG(s) dict_keys(['example_short_circuit_operator']) retrieved from /home/airflow/.local/lib/python3.7/site-packages/airflow/example_dags/example_short_circuit_operator.py
[2023-04-16T18:27:21.152+0000] {logging_mixin.py:137} INFO - [2023-04-16T18:27:21.152+0000] {dag.py:2705} INFO - Sync 1 DAGs
[2023-04-16T18:27:21.189+0000] {logging_mixin.py:137} INFO - [2023-04-16T18:27:21.189+0000] {dag.py:3456} INFO - Setting next_dagrun for example_short_circuit_operator to 2023-04-15T18:27:21.188739+00:00, run_after=2023-04-16T18:27:21.188739+00:00
[2023-04-16T18:27:21.217+0000] {processor.py:175} INFO - Processing /home/airflow/.local/lib/python3.7/site-packages/airflow/example_dags/example_short_circuit_operator.py took 0.143 seconds
[2023-04-16T18:27:51.734+0000] {processor.py:153} INFO - Started process (PID=2860) to work on /home/airflow/.local/lib/python3.7/site-packages/airflow/example_dags/example_short_circuit_operator.py
[2023-04-16T18:27:51.735+0000] {processor.py:743} INFO - Processing file /home/airflow/.local/lib/python3.7/site-packages/airflow/example_dags/example_short_circuit_operator.py for tasks to queue
[2023-04-16T18:27:51.736+0000] {logging_mixin.py:137} INFO - [2023-04-16T18:27:51.736+0000] {dagbag.py:532} INFO - Filling up the DagBag from /home/airflow/.local/lib/python3.7/site-packages/airflow/example_dags/example_short_circuit_operator.py
[2023-04-16T18:27:51.764+0000] {processor.py:753} INFO - DAG(s) dict_keys(['example_short_circuit_operator']) retrieved from /home/airflow/.local/lib/python3.7/site-packages/airflow/example_dags/example_short_circuit_operator.py
[2023-04-16T18:27:51.805+0000] {logging_mixin.py:137} INFO - [2023-04-16T18:27:51.805+0000] {dag.py:2705} INFO - Sync 1 DAGs
[2023-04-16T18:27:51.842+0000] {logging_mixin.py:137} INFO - [2023-04-16T18:27:51.841+0000] {dag.py:3456} INFO - Setting next_dagrun for example_short_circuit_operator to 2023-04-15T18:27:51.841431+00:00, run_after=2023-04-16T18:27:51.841431+00:00
[2023-04-16T18:27:51.871+0000] {processor.py:175} INFO - Processing /home/airflow/.local/lib/python3.7/site-packages/airflow/example_dags/example_short_circuit_operator.py took 0.144 seconds
[2023-04-16T18:28:22.327+0000] {processor.py:153} INFO - Started process (PID=2910) to work on /home/airflow/.local/lib/python3.7/site-packages/airflow/example_dags/example_short_circuit_operator.py
[2023-04-16T18:28:22.329+0000] {processor.py:743} INFO - Processing file /home/airflow/.local/lib/python3.7/site-packages/airflow/example_dags/example_short_circuit_operator.py for tasks to queue
[2023-04-16T18:28:22.330+0000] {logging_mixin.py:137} INFO - [2023-04-16T18:28:22.330+0000] {dagbag.py:532} INFO - Filling up the DagBag from /home/airflow/.local/lib/python3.7/site-packages/airflow/example_dags/example_short_circuit_operator.py
[2023-04-16T18:28:22.364+0000] {processor.py:753} INFO - DAG(s) dict_keys(['example_short_circuit_operator']) retrieved from /home/airflow/.local/lib/python3.7/site-packages/airflow/example_dags/example_short_circuit_operator.py
[2023-04-16T18:28:22.406+0000] {logging_mixin.py:137} INFO - [2023-04-16T18:28:22.406+0000] {dag.py:2705} INFO - Sync 1 DAGs
[2023-04-16T18:28:22.442+0000] {logging_mixin.py:137} INFO - [2023-04-16T18:28:22.442+0000] {dag.py:3456} INFO - Setting next_dagrun for example_short_circuit_operator to 2023-04-15T18:28:22.441665+00:00, run_after=2023-04-16T18:28:22.441665+00:00
[2023-04-16T18:28:22.466+0000] {processor.py:175} INFO - Processing /home/airflow/.local/lib/python3.7/site-packages/airflow/example_dags/example_short_circuit_operator.py took 0.144 seconds
[2023-04-16T18:28:53.060+0000] {processor.py:153} INFO - Started process (PID=2960) to work on /home/airflow/.local/lib/python3.7/site-packages/airflow/example_dags/example_short_circuit_operator.py
[2023-04-16T18:28:53.063+0000] {processor.py:743} INFO - Processing file /home/airflow/.local/lib/python3.7/site-packages/airflow/example_dags/example_short_circuit_operator.py for tasks to queue
[2023-04-16T18:28:53.064+0000] {logging_mixin.py:137} INFO - [2023-04-16T18:28:53.064+0000] {dagbag.py:532} INFO - Filling up the DagBag from /home/airflow/.local/lib/python3.7/site-packages/airflow/example_dags/example_short_circuit_operator.py
[2023-04-16T18:28:53.097+0000] {processor.py:753} INFO - DAG(s) dict_keys(['example_short_circuit_operator']) retrieved from /home/airflow/.local/lib/python3.7/site-packages/airflow/example_dags/example_short_circuit_operator.py
[2023-04-16T18:28:53.144+0000] {logging_mixin.py:137} INFO - [2023-04-16T18:28:53.144+0000] {dag.py:2705} INFO - Sync 1 DAGs
[2023-04-16T18:28:53.184+0000] {logging_mixin.py:137} INFO - [2023-04-16T18:28:53.184+0000] {dag.py:3456} INFO - Setting next_dagrun for example_short_circuit_operator to 2023-04-15T18:28:53.184304+00:00, run_after=2023-04-16T18:28:53.184304+00:00
[2023-04-16T18:28:53.210+0000] {processor.py:175} INFO - Processing /home/airflow/.local/lib/python3.7/site-packages/airflow/example_dags/example_short_circuit_operator.py took 0.155 seconds
[2023-04-16T18:29:23.720+0000] {processor.py:153} INFO - Started process (PID=3011) to work on /home/airflow/.local/lib/python3.7/site-packages/airflow/example_dags/example_short_circuit_operator.py
[2023-04-16T18:29:23.721+0000] {processor.py:743} INFO - Processing file /home/airflow/.local/lib/python3.7/site-packages/airflow/example_dags/example_short_circuit_operator.py for tasks to queue
[2023-04-16T18:29:23.722+0000] {logging_mixin.py:137} INFO - [2023-04-16T18:29:23.722+0000] {dagbag.py:532} INFO - Filling up the DagBag from /home/airflow/.local/lib/python3.7/site-packages/airflow/example_dags/example_short_circuit_operator.py
[2023-04-16T18:29:23.750+0000] {processor.py:753} INFO - DAG(s) dict_keys(['example_short_circuit_operator']) retrieved from /home/airflow/.local/lib/python3.7/site-packages/airflow/example_dags/example_short_circuit_operator.py
[2023-04-16T18:29:23.791+0000] {logging_mixin.py:137} INFO - [2023-04-16T18:29:23.791+0000] {dag.py:2705} INFO - Sync 1 DAGs
[2023-04-16T18:29:23.843+0000] {logging_mixin.py:137} INFO - [2023-04-16T18:29:23.842+0000] {dag.py:3456} INFO - Setting next_dagrun for example_short_circuit_operator to 2023-04-15T18:29:23.842401+00:00, run_after=2023-04-16T18:29:23.842401+00:00
[2023-04-16T18:29:23.875+0000] {processor.py:175} INFO - Processing /home/airflow/.local/lib/python3.7/site-packages/airflow/example_dags/example_short_circuit_operator.py took 0.162 seconds
[2023-04-16T18:29:54.310+0000] {processor.py:153} INFO - Started process (PID=3062) to work on /home/airflow/.local/lib/python3.7/site-packages/airflow/example_dags/example_short_circuit_operator.py
[2023-04-16T18:29:54.312+0000] {processor.py:743} INFO - Processing file /home/airflow/.local/lib/python3.7/site-packages/airflow/example_dags/example_short_circuit_operator.py for tasks to queue
[2023-04-16T18:29:54.313+0000] {logging_mixin.py:137} INFO - [2023-04-16T18:29:54.312+0000] {dagbag.py:532} INFO - Filling up the DagBag from /home/airflow/.local/lib/python3.7/site-packages/airflow/example_dags/example_short_circuit_operator.py
[2023-04-16T18:29:54.344+0000] {processor.py:753} INFO - DAG(s) dict_keys(['example_short_circuit_operator']) retrieved from /home/airflow/.local/lib/python3.7/site-packages/airflow/example_dags/example_short_circuit_operator.py
[2023-04-16T18:29:54.385+0000] {logging_mixin.py:137} INFO - [2023-04-16T18:29:54.385+0000] {dag.py:2705} INFO - Sync 1 DAGs
[2023-04-16T18:29:54.423+0000] {logging_mixin.py:137} INFO - [2023-04-16T18:29:54.423+0000] {dag.py:3456} INFO - Setting next_dagrun for example_short_circuit_operator to 2023-04-15T18:29:54.422875+00:00, run_after=2023-04-16T18:29:54.422875+00:00
[2023-04-16T18:29:54.449+0000] {processor.py:175} INFO - Processing /home/airflow/.local/lib/python3.7/site-packages/airflow/example_dags/example_short_circuit_operator.py took 0.145 seconds
[2023-04-16T18:30:25.085+0000] {processor.py:153} INFO - Started process (PID=3112) to work on /home/airflow/.local/lib/python3.7/site-packages/airflow/example_dags/example_short_circuit_operator.py
[2023-04-16T18:30:25.086+0000] {processor.py:743} INFO - Processing file /home/airflow/.local/lib/python3.7/site-packages/airflow/example_dags/example_short_circuit_operator.py for tasks to queue
[2023-04-16T18:30:25.087+0000] {logging_mixin.py:137} INFO - [2023-04-16T18:30:25.087+0000] {dagbag.py:532} INFO - Filling up the DagBag from /home/airflow/.local/lib/python3.7/site-packages/airflow/example_dags/example_short_circuit_operator.py
[2023-04-16T18:30:25.117+0000] {processor.py:753} INFO - DAG(s) dict_keys(['example_short_circuit_operator']) retrieved from /home/airflow/.local/lib/python3.7/site-packages/airflow/example_dags/example_short_circuit_operator.py
[2023-04-16T18:30:25.157+0000] {logging_mixin.py:137} INFO - [2023-04-16T18:30:25.157+0000] {dag.py:2705} INFO - Sync 1 DAGs
[2023-04-16T18:30:25.193+0000] {logging_mixin.py:137} INFO - [2023-04-16T18:30:25.192+0000] {dag.py:3456} INFO - Setting next_dagrun for example_short_circuit_operator to 2023-04-15T18:30:25.192537+00:00, run_after=2023-04-16T18:30:25.192537+00:00
[2023-04-16T18:30:25.216+0000] {processor.py:175} INFO - Processing /home/airflow/.local/lib/python3.7/site-packages/airflow/example_dags/example_short_circuit_operator.py took 0.136 seconds
