[2023-04-16T17:59:22.053+0000] {processor.py:153} INFO - Started process (PID=57) to work on /home/airflow/.local/lib/python3.7/site-packages/airflow/example_dags/example_short_circuit_decorator.py
[2023-04-16T17:59:22.054+0000] {processor.py:743} INFO - Processing file /home/airflow/.local/lib/python3.7/site-packages/airflow/example_dags/example_short_circuit_decorator.py for tasks to queue
[2023-04-16T17:59:22.055+0000] {logging_mixin.py:137} INFO - [2023-04-16T17:59:22.055+0000] {dagbag.py:532} INFO - Filling up the DagBag from /home/airflow/.local/lib/python3.7/site-packages/airflow/example_dags/example_short_circuit_decorator.py
[2023-04-16T17:59:22.105+0000] {processor.py:753} INFO - DAG(s) dict_keys(['example_short_circuit_decorator']) retrieved from /home/airflow/.local/lib/python3.7/site-packages/airflow/example_dags/example_short_circuit_decorator.py
[2023-04-16T17:59:22.163+0000] {logging_mixin.py:137} INFO - [2023-04-16T17:59:22.163+0000] {dag.py:2705} INFO - Sync 1 DAGs
[2023-04-16T17:59:22.224+0000] {logging_mixin.py:137} INFO - [2023-04-16T17:59:22.223+0000] {dag.py:3456} INFO - Setting next_dagrun for example_short_circuit_decorator to 2023-04-15T17:59:22.223378+00:00, run_after=2023-04-16T17:59:22.223378+00:00
[2023-04-16T17:59:22.264+0000] {processor.py:175} INFO - Processing /home/airflow/.local/lib/python3.7/site-packages/airflow/example_dags/example_short_circuit_decorator.py took 0.218 seconds
[2023-04-16T17:59:52.326+0000] {processor.py:153} INFO - Started process (PID=107) to work on /home/airflow/.local/lib/python3.7/site-packages/airflow/example_dags/example_short_circuit_decorator.py
[2023-04-16T17:59:52.327+0000] {processor.py:743} INFO - Processing file /home/airflow/.local/lib/python3.7/site-packages/airflow/example_dags/example_short_circuit_decorator.py for tasks to queue
[2023-04-16T17:59:52.328+0000] {logging_mixin.py:137} INFO - [2023-04-16T17:59:52.328+0000] {dagbag.py:532} INFO - Filling up the DagBag from /home/airflow/.local/lib/python3.7/site-packages/airflow/example_dags/example_short_circuit_decorator.py
[2023-04-16T17:59:52.365+0000] {processor.py:753} INFO - DAG(s) dict_keys(['example_short_circuit_decorator']) retrieved from /home/airflow/.local/lib/python3.7/site-packages/airflow/example_dags/example_short_circuit_decorator.py
[2023-04-16T17:59:52.411+0000] {logging_mixin.py:137} INFO - [2023-04-16T17:59:52.411+0000] {dag.py:2705} INFO - Sync 1 DAGs
[2023-04-16T17:59:52.452+0000] {logging_mixin.py:137} INFO - [2023-04-16T17:59:52.451+0000] {dag.py:3456} INFO - Setting next_dagrun for example_short_circuit_decorator to 2023-04-15T17:59:52.451610+00:00, run_after=2023-04-16T17:59:52.451610+00:00
[2023-04-16T17:59:52.489+0000] {processor.py:175} INFO - Processing /home/airflow/.local/lib/python3.7/site-packages/airflow/example_dags/example_short_circuit_decorator.py took 0.169 seconds
[2023-04-16T18:00:22.746+0000] {processor.py:153} INFO - Started process (PID=158) to work on /home/airflow/.local/lib/python3.7/site-packages/airflow/example_dags/example_short_circuit_decorator.py
[2023-04-16T18:00:22.748+0000] {processor.py:743} INFO - Processing file /home/airflow/.local/lib/python3.7/site-packages/airflow/example_dags/example_short_circuit_decorator.py for tasks to queue
[2023-04-16T18:00:22.749+0000] {logging_mixin.py:137} INFO - [2023-04-16T18:00:22.749+0000] {dagbag.py:532} INFO - Filling up the DagBag from /home/airflow/.local/lib/python3.7/site-packages/airflow/example_dags/example_short_circuit_decorator.py
[2023-04-16T18:00:22.797+0000] {processor.py:753} INFO - DAG(s) dict_keys(['example_short_circuit_decorator']) retrieved from /home/airflow/.local/lib/python3.7/site-packages/airflow/example_dags/example_short_circuit_decorator.py
[2023-04-16T18:00:22.842+0000] {logging_mixin.py:137} INFO - [2023-04-16T18:00:22.842+0000] {dag.py:2705} INFO - Sync 1 DAGs
[2023-04-16T18:00:22.885+0000] {logging_mixin.py:137} INFO - [2023-04-16T18:00:22.885+0000] {dag.py:3456} INFO - Setting next_dagrun for example_short_circuit_decorator to 2023-04-15T18:00:22.884791+00:00, run_after=2023-04-16T18:00:22.884791+00:00
[2023-04-16T18:00:22.911+0000] {processor.py:175} INFO - Processing /home/airflow/.local/lib/python3.7/site-packages/airflow/example_dags/example_short_circuit_decorator.py took 0.170 seconds
[2023-04-16T18:00:53.025+0000] {processor.py:153} INFO - Started process (PID=208) to work on /home/airflow/.local/lib/python3.7/site-packages/airflow/example_dags/example_short_circuit_decorator.py
[2023-04-16T18:00:53.027+0000] {processor.py:743} INFO - Processing file /home/airflow/.local/lib/python3.7/site-packages/airflow/example_dags/example_short_circuit_decorator.py for tasks to queue
[2023-04-16T18:00:53.028+0000] {logging_mixin.py:137} INFO - [2023-04-16T18:00:53.028+0000] {dagbag.py:532} INFO - Filling up the DagBag from /home/airflow/.local/lib/python3.7/site-packages/airflow/example_dags/example_short_circuit_decorator.py
[2023-04-16T18:00:53.065+0000] {processor.py:753} INFO - DAG(s) dict_keys(['example_short_circuit_decorator']) retrieved from /home/airflow/.local/lib/python3.7/site-packages/airflow/example_dags/example_short_circuit_decorator.py
[2023-04-16T18:00:53.119+0000] {logging_mixin.py:137} INFO - [2023-04-16T18:00:53.119+0000] {dag.py:2705} INFO - Sync 1 DAGs
[2023-04-16T18:00:53.172+0000] {logging_mixin.py:137} INFO - [2023-04-16T18:00:53.172+0000] {dag.py:3456} INFO - Setting next_dagrun for example_short_circuit_decorator to 2023-04-15T18:00:53.171855+00:00, run_after=2023-04-16T18:00:53.171855+00:00
[2023-04-16T18:00:53.199+0000] {processor.py:175} INFO - Processing /home/airflow/.local/lib/python3.7/site-packages/airflow/example_dags/example_short_circuit_decorator.py took 0.179 seconds
[2023-04-16T18:01:23.287+0000] {processor.py:153} INFO - Started process (PID=258) to work on /home/airflow/.local/lib/python3.7/site-packages/airflow/example_dags/example_short_circuit_decorator.py
[2023-04-16T18:01:23.288+0000] {processor.py:743} INFO - Processing file /home/airflow/.local/lib/python3.7/site-packages/airflow/example_dags/example_short_circuit_decorator.py for tasks to queue
[2023-04-16T18:01:23.289+0000] {logging_mixin.py:137} INFO - [2023-04-16T18:01:23.289+0000] {dagbag.py:532} INFO - Filling up the DagBag from /home/airflow/.local/lib/python3.7/site-packages/airflow/example_dags/example_short_circuit_decorator.py
[2023-04-16T18:01:23.324+0000] {processor.py:753} INFO - DAG(s) dict_keys(['example_short_circuit_decorator']) retrieved from /home/airflow/.local/lib/python3.7/site-packages/airflow/example_dags/example_short_circuit_decorator.py
[2023-04-16T18:01:23.376+0000] {logging_mixin.py:137} INFO - [2023-04-16T18:01:23.376+0000] {dag.py:2705} INFO - Sync 1 DAGs
[2023-04-16T18:01:23.413+0000] {logging_mixin.py:137} INFO - [2023-04-16T18:01:23.413+0000] {dag.py:3456} INFO - Setting next_dagrun for example_short_circuit_decorator to 2023-04-15T18:01:23.413079+00:00, run_after=2023-04-16T18:01:23.413079+00:00
[2023-04-16T18:01:23.445+0000] {processor.py:175} INFO - Processing /home/airflow/.local/lib/python3.7/site-packages/airflow/example_dags/example_short_circuit_decorator.py took 0.164 seconds
[2023-04-16T18:01:53.839+0000] {processor.py:153} INFO - Started process (PID=308) to work on /home/airflow/.local/lib/python3.7/site-packages/airflow/example_dags/example_short_circuit_decorator.py
[2023-04-16T18:01:53.841+0000] {processor.py:743} INFO - Processing file /home/airflow/.local/lib/python3.7/site-packages/airflow/example_dags/example_short_circuit_decorator.py for tasks to queue
[2023-04-16T18:01:53.842+0000] {logging_mixin.py:137} INFO - [2023-04-16T18:01:53.842+0000] {dagbag.py:532} INFO - Filling up the DagBag from /home/airflow/.local/lib/python3.7/site-packages/airflow/example_dags/example_short_circuit_decorator.py
[2023-04-16T18:01:53.877+0000] {processor.py:753} INFO - DAG(s) dict_keys(['example_short_circuit_decorator']) retrieved from /home/airflow/.local/lib/python3.7/site-packages/airflow/example_dags/example_short_circuit_decorator.py
[2023-04-16T18:01:53.915+0000] {logging_mixin.py:137} INFO - [2023-04-16T18:01:53.915+0000] {dag.py:2705} INFO - Sync 1 DAGs
[2023-04-16T18:01:53.955+0000] {logging_mixin.py:137} INFO - [2023-04-16T18:01:53.955+0000] {dag.py:3456} INFO - Setting next_dagrun for example_short_circuit_decorator to 2023-04-15T18:01:53.955339+00:00, run_after=2023-04-16T18:01:53.955339+00:00
[2023-04-16T18:01:53.981+0000] {processor.py:175} INFO - Processing /home/airflow/.local/lib/python3.7/site-packages/airflow/example_dags/example_short_circuit_decorator.py took 0.147 seconds
[2023-04-16T18:02:24.084+0000] {processor.py:153} INFO - Started process (PID=359) to work on /home/airflow/.local/lib/python3.7/site-packages/airflow/example_dags/example_short_circuit_decorator.py
[2023-04-16T18:02:24.086+0000] {processor.py:743} INFO - Processing file /home/airflow/.local/lib/python3.7/site-packages/airflow/example_dags/example_short_circuit_decorator.py for tasks to queue
[2023-04-16T18:02:24.087+0000] {logging_mixin.py:137} INFO - [2023-04-16T18:02:24.087+0000] {dagbag.py:532} INFO - Filling up the DagBag from /home/airflow/.local/lib/python3.7/site-packages/airflow/example_dags/example_short_circuit_decorator.py
[2023-04-16T18:02:24.124+0000] {processor.py:753} INFO - DAG(s) dict_keys(['example_short_circuit_decorator']) retrieved from /home/airflow/.local/lib/python3.7/site-packages/airflow/example_dags/example_short_circuit_decorator.py
[2023-04-16T18:02:24.163+0000] {logging_mixin.py:137} INFO - [2023-04-16T18:02:24.163+0000] {dag.py:2705} INFO - Sync 1 DAGs
[2023-04-16T18:02:24.198+0000] {logging_mixin.py:137} INFO - [2023-04-16T18:02:24.198+0000] {dag.py:3456} INFO - Setting next_dagrun for example_short_circuit_decorator to 2023-04-15T18:02:24.198306+00:00, run_after=2023-04-16T18:02:24.198306+00:00
[2023-04-16T18:02:24.222+0000] {processor.py:175} INFO - Processing /home/airflow/.local/lib/python3.7/site-packages/airflow/example_dags/example_short_circuit_decorator.py took 0.144 seconds
[2023-04-16T18:02:54.858+0000] {processor.py:153} INFO - Started process (PID=410) to work on /home/airflow/.local/lib/python3.7/site-packages/airflow/example_dags/example_short_circuit_decorator.py
[2023-04-16T18:02:54.859+0000] {processor.py:743} INFO - Processing file /home/airflow/.local/lib/python3.7/site-packages/airflow/example_dags/example_short_circuit_decorator.py for tasks to queue
[2023-04-16T18:02:54.860+0000] {logging_mixin.py:137} INFO - [2023-04-16T18:02:54.860+0000] {dagbag.py:532} INFO - Filling up the DagBag from /home/airflow/.local/lib/python3.7/site-packages/airflow/example_dags/example_short_circuit_decorator.py
[2023-04-16T18:02:54.896+0000] {processor.py:753} INFO - DAG(s) dict_keys(['example_short_circuit_decorator']) retrieved from /home/airflow/.local/lib/python3.7/site-packages/airflow/example_dags/example_short_circuit_decorator.py
[2023-04-16T18:02:54.947+0000] {logging_mixin.py:137} INFO - [2023-04-16T18:02:54.947+0000] {dag.py:2705} INFO - Sync 1 DAGs
[2023-04-16T18:02:54.985+0000] {logging_mixin.py:137} INFO - [2023-04-16T18:02:54.984+0000] {dag.py:3456} INFO - Setting next_dagrun for example_short_circuit_decorator to 2023-04-15T18:02:54.984647+00:00, run_after=2023-04-16T18:02:54.984647+00:00
[2023-04-16T18:02:55.010+0000] {processor.py:175} INFO - Processing /home/airflow/.local/lib/python3.7/site-packages/airflow/example_dags/example_short_circuit_decorator.py took 0.157 seconds
[2023-04-16T18:03:25.596+0000] {processor.py:153} INFO - Started process (PID=460) to work on /home/airflow/.local/lib/python3.7/site-packages/airflow/example_dags/example_short_circuit_decorator.py
[2023-04-16T18:03:25.598+0000] {processor.py:743} INFO - Processing file /home/airflow/.local/lib/python3.7/site-packages/airflow/example_dags/example_short_circuit_decorator.py for tasks to queue
[2023-04-16T18:03:25.599+0000] {logging_mixin.py:137} INFO - [2023-04-16T18:03:25.599+0000] {dagbag.py:532} INFO - Filling up the DagBag from /home/airflow/.local/lib/python3.7/site-packages/airflow/example_dags/example_short_circuit_decorator.py
[2023-04-16T18:03:25.634+0000] {processor.py:753} INFO - DAG(s) dict_keys(['example_short_circuit_decorator']) retrieved from /home/airflow/.local/lib/python3.7/site-packages/airflow/example_dags/example_short_circuit_decorator.py
[2023-04-16T18:03:25.678+0000] {logging_mixin.py:137} INFO - [2023-04-16T18:03:25.678+0000] {dag.py:2705} INFO - Sync 1 DAGs
[2023-04-16T18:03:25.714+0000] {logging_mixin.py:137} INFO - [2023-04-16T18:03:25.714+0000] {dag.py:3456} INFO - Setting next_dagrun for example_short_circuit_decorator to 2023-04-15T18:03:25.714259+00:00, run_after=2023-04-16T18:03:25.714259+00:00
[2023-04-16T18:03:25.739+0000] {processor.py:175} INFO - Processing /home/airflow/.local/lib/python3.7/site-packages/airflow/example_dags/example_short_circuit_decorator.py took 0.149 seconds
[2023-04-16T18:03:55.895+0000] {processor.py:153} INFO - Started process (PID=509) to work on /home/airflow/.local/lib/python3.7/site-packages/airflow/example_dags/example_short_circuit_decorator.py
[2023-04-16T18:03:55.898+0000] {processor.py:743} INFO - Processing file /home/airflow/.local/lib/python3.7/site-packages/airflow/example_dags/example_short_circuit_decorator.py for tasks to queue
[2023-04-16T18:03:55.899+0000] {logging_mixin.py:137} INFO - [2023-04-16T18:03:55.898+0000] {dagbag.py:532} INFO - Filling up the DagBag from /home/airflow/.local/lib/python3.7/site-packages/airflow/example_dags/example_short_circuit_decorator.py
[2023-04-16T18:03:55.934+0000] {processor.py:753} INFO - DAG(s) dict_keys(['example_short_circuit_decorator']) retrieved from /home/airflow/.local/lib/python3.7/site-packages/airflow/example_dags/example_short_circuit_decorator.py
[2023-04-16T18:03:55.979+0000] {logging_mixin.py:137} INFO - [2023-04-16T18:03:55.979+0000] {dag.py:2705} INFO - Sync 1 DAGs
[2023-04-16T18:03:56.037+0000] {logging_mixin.py:137} INFO - [2023-04-16T18:03:56.037+0000] {dag.py:3456} INFO - Setting next_dagrun for example_short_circuit_decorator to 2023-04-15T18:03:56.037087+00:00, run_after=2023-04-16T18:03:56.037087+00:00
[2023-04-16T18:03:56.068+0000] {processor.py:175} INFO - Processing /home/airflow/.local/lib/python3.7/site-packages/airflow/example_dags/example_short_circuit_decorator.py took 0.179 seconds
[2023-04-16T18:04:26.173+0000] {processor.py:153} INFO - Started process (PID=559) to work on /home/airflow/.local/lib/python3.7/site-packages/airflow/example_dags/example_short_circuit_decorator.py
[2023-04-16T18:04:26.174+0000] {processor.py:743} INFO - Processing file /home/airflow/.local/lib/python3.7/site-packages/airflow/example_dags/example_short_circuit_decorator.py for tasks to queue
[2023-04-16T18:04:26.175+0000] {logging_mixin.py:137} INFO - [2023-04-16T18:04:26.175+0000] {dagbag.py:532} INFO - Filling up the DagBag from /home/airflow/.local/lib/python3.7/site-packages/airflow/example_dags/example_short_circuit_decorator.py
[2023-04-16T18:04:26.226+0000] {processor.py:753} INFO - DAG(s) dict_keys(['example_short_circuit_decorator']) retrieved from /home/airflow/.local/lib/python3.7/site-packages/airflow/example_dags/example_short_circuit_decorator.py
[2023-04-16T18:04:26.269+0000] {logging_mixin.py:137} INFO - [2023-04-16T18:04:26.269+0000] {dag.py:2705} INFO - Sync 1 DAGs
[2023-04-16T18:04:26.305+0000] {logging_mixin.py:137} INFO - [2023-04-16T18:04:26.305+0000] {dag.py:3456} INFO - Setting next_dagrun for example_short_circuit_decorator to 2023-04-15T18:04:26.305280+00:00, run_after=2023-04-16T18:04:26.305280+00:00
[2023-04-16T18:04:26.332+0000] {processor.py:175} INFO - Processing /home/airflow/.local/lib/python3.7/site-packages/airflow/example_dags/example_short_circuit_decorator.py took 0.166 seconds
[2023-04-16T18:04:56.548+0000] {processor.py:153} INFO - Started process (PID=608) to work on /home/airflow/.local/lib/python3.7/site-packages/airflow/example_dags/example_short_circuit_decorator.py
[2023-04-16T18:04:56.550+0000] {processor.py:743} INFO - Processing file /home/airflow/.local/lib/python3.7/site-packages/airflow/example_dags/example_short_circuit_decorator.py for tasks to queue
[2023-04-16T18:04:56.551+0000] {logging_mixin.py:137} INFO - [2023-04-16T18:04:56.550+0000] {dagbag.py:532} INFO - Filling up the DagBag from /home/airflow/.local/lib/python3.7/site-packages/airflow/example_dags/example_short_circuit_decorator.py
[2023-04-16T18:04:56.587+0000] {processor.py:753} INFO - DAG(s) dict_keys(['example_short_circuit_decorator']) retrieved from /home/airflow/.local/lib/python3.7/site-packages/airflow/example_dags/example_short_circuit_decorator.py
[2023-04-16T18:04:56.629+0000] {logging_mixin.py:137} INFO - [2023-04-16T18:04:56.628+0000] {dag.py:2705} INFO - Sync 1 DAGs
[2023-04-16T18:04:56.674+0000] {logging_mixin.py:137} INFO - [2023-04-16T18:04:56.673+0000] {dag.py:3456} INFO - Setting next_dagrun for example_short_circuit_decorator to 2023-04-15T18:04:56.673521+00:00, run_after=2023-04-16T18:04:56.673521+00:00
[2023-04-16T18:04:56.702+0000] {processor.py:175} INFO - Processing /home/airflow/.local/lib/python3.7/site-packages/airflow/example_dags/example_short_circuit_decorator.py took 0.159 seconds
[2023-04-16T18:05:26.789+0000] {processor.py:153} INFO - Started process (PID=658) to work on /home/airflow/.local/lib/python3.7/site-packages/airflow/example_dags/example_short_circuit_decorator.py
[2023-04-16T18:05:26.791+0000] {processor.py:743} INFO - Processing file /home/airflow/.local/lib/python3.7/site-packages/airflow/example_dags/example_short_circuit_decorator.py for tasks to queue
[2023-04-16T18:05:26.792+0000] {logging_mixin.py:137} INFO - [2023-04-16T18:05:26.792+0000] {dagbag.py:532} INFO - Filling up the DagBag from /home/airflow/.local/lib/python3.7/site-packages/airflow/example_dags/example_short_circuit_decorator.py
[2023-04-16T18:05:26.840+0000] {processor.py:753} INFO - DAG(s) dict_keys(['example_short_circuit_decorator']) retrieved from /home/airflow/.local/lib/python3.7/site-packages/airflow/example_dags/example_short_circuit_decorator.py
[2023-04-16T18:05:26.885+0000] {logging_mixin.py:137} INFO - [2023-04-16T18:05:26.885+0000] {dag.py:2705} INFO - Sync 1 DAGs
[2023-04-16T18:05:26.921+0000] {logging_mixin.py:137} INFO - [2023-04-16T18:05:26.920+0000] {dag.py:3456} INFO - Setting next_dagrun for example_short_circuit_decorator to 2023-04-15T18:05:26.920583+00:00, run_after=2023-04-16T18:05:26.920583+00:00
[2023-04-16T18:05:26.946+0000] {processor.py:175} INFO - Processing /home/airflow/.local/lib/python3.7/site-packages/airflow/example_dags/example_short_circuit_decorator.py took 0.164 seconds
[2023-04-16T18:05:57.112+0000] {processor.py:153} INFO - Started process (PID=707) to work on /home/airflow/.local/lib/python3.7/site-packages/airflow/example_dags/example_short_circuit_decorator.py
[2023-04-16T18:05:57.113+0000] {processor.py:743} INFO - Processing file /home/airflow/.local/lib/python3.7/site-packages/airflow/example_dags/example_short_circuit_decorator.py for tasks to queue
[2023-04-16T18:05:57.114+0000] {logging_mixin.py:137} INFO - [2023-04-16T18:05:57.114+0000] {dagbag.py:532} INFO - Filling up the DagBag from /home/airflow/.local/lib/python3.7/site-packages/airflow/example_dags/example_short_circuit_decorator.py
[2023-04-16T18:05:57.151+0000] {processor.py:753} INFO - DAG(s) dict_keys(['example_short_circuit_decorator']) retrieved from /home/airflow/.local/lib/python3.7/site-packages/airflow/example_dags/example_short_circuit_decorator.py
[2023-04-16T18:05:57.189+0000] {logging_mixin.py:137} INFO - [2023-04-16T18:05:57.189+0000] {dag.py:2705} INFO - Sync 1 DAGs
[2023-04-16T18:05:57.225+0000] {logging_mixin.py:137} INFO - [2023-04-16T18:05:57.225+0000] {dag.py:3456} INFO - Setting next_dagrun for example_short_circuit_decorator to 2023-04-15T18:05:57.225173+00:00, run_after=2023-04-16T18:05:57.225173+00:00
[2023-04-16T18:05:57.250+0000] {processor.py:175} INFO - Processing /home/airflow/.local/lib/python3.7/site-packages/airflow/example_dags/example_short_circuit_decorator.py took 0.144 seconds
[2023-04-16T18:06:27.413+0000] {processor.py:153} INFO - Started process (PID=756) to work on /home/airflow/.local/lib/python3.7/site-packages/airflow/example_dags/example_short_circuit_decorator.py
[2023-04-16T18:06:27.415+0000] {processor.py:743} INFO - Processing file /home/airflow/.local/lib/python3.7/site-packages/airflow/example_dags/example_short_circuit_decorator.py for tasks to queue
[2023-04-16T18:06:27.416+0000] {logging_mixin.py:137} INFO - [2023-04-16T18:06:27.416+0000] {dagbag.py:532} INFO - Filling up the DagBag from /home/airflow/.local/lib/python3.7/site-packages/airflow/example_dags/example_short_circuit_decorator.py
[2023-04-16T18:06:27.466+0000] {processor.py:753} INFO - DAG(s) dict_keys(['example_short_circuit_decorator']) retrieved from /home/airflow/.local/lib/python3.7/site-packages/airflow/example_dags/example_short_circuit_decorator.py
[2023-04-16T18:06:27.519+0000] {logging_mixin.py:137} INFO - [2023-04-16T18:06:27.518+0000] {dag.py:2705} INFO - Sync 1 DAGs
[2023-04-16T18:06:27.561+0000] {logging_mixin.py:137} INFO - [2023-04-16T18:06:27.561+0000] {dag.py:3456} INFO - Setting next_dagrun for example_short_circuit_decorator to 2023-04-15T18:06:27.561087+00:00, run_after=2023-04-16T18:06:27.561087+00:00
[2023-04-16T18:06:27.588+0000] {processor.py:175} INFO - Processing /home/airflow/.local/lib/python3.7/site-packages/airflow/example_dags/example_short_circuit_decorator.py took 0.183 seconds
[2023-04-16T18:06:57.710+0000] {processor.py:153} INFO - Started process (PID=805) to work on /home/airflow/.local/lib/python3.7/site-packages/airflow/example_dags/example_short_circuit_decorator.py
[2023-04-16T18:06:57.712+0000] {processor.py:743} INFO - Processing file /home/airflow/.local/lib/python3.7/site-packages/airflow/example_dags/example_short_circuit_decorator.py for tasks to queue
[2023-04-16T18:06:57.713+0000] {logging_mixin.py:137} INFO - [2023-04-16T18:06:57.713+0000] {dagbag.py:532} INFO - Filling up the DagBag from /home/airflow/.local/lib/python3.7/site-packages/airflow/example_dags/example_short_circuit_decorator.py
[2023-04-16T18:06:57.750+0000] {processor.py:753} INFO - DAG(s) dict_keys(['example_short_circuit_decorator']) retrieved from /home/airflow/.local/lib/python3.7/site-packages/airflow/example_dags/example_short_circuit_decorator.py
[2023-04-16T18:06:57.796+0000] {logging_mixin.py:137} INFO - [2023-04-16T18:06:57.796+0000] {dag.py:2705} INFO - Sync 1 DAGs
[2023-04-16T18:06:57.833+0000] {logging_mixin.py:137} INFO - [2023-04-16T18:06:57.833+0000] {dag.py:3456} INFO - Setting next_dagrun for example_short_circuit_decorator to 2023-04-15T18:06:57.833123+00:00, run_after=2023-04-16T18:06:57.833123+00:00
[2023-04-16T18:06:57.858+0000] {processor.py:175} INFO - Processing /home/airflow/.local/lib/python3.7/site-packages/airflow/example_dags/example_short_circuit_decorator.py took 0.154 seconds
[2023-04-16T18:07:28.061+0000] {processor.py:153} INFO - Started process (PID=855) to work on /home/airflow/.local/lib/python3.7/site-packages/airflow/example_dags/example_short_circuit_decorator.py
[2023-04-16T18:07:28.063+0000] {processor.py:743} INFO - Processing file /home/airflow/.local/lib/python3.7/site-packages/airflow/example_dags/example_short_circuit_decorator.py for tasks to queue
[2023-04-16T18:07:28.064+0000] {logging_mixin.py:137} INFO - [2023-04-16T18:07:28.064+0000] {dagbag.py:532} INFO - Filling up the DagBag from /home/airflow/.local/lib/python3.7/site-packages/airflow/example_dags/example_short_circuit_decorator.py
[2023-04-16T18:07:28.099+0000] {processor.py:753} INFO - DAG(s) dict_keys(['example_short_circuit_decorator']) retrieved from /home/airflow/.local/lib/python3.7/site-packages/airflow/example_dags/example_short_circuit_decorator.py
[2023-04-16T18:07:28.143+0000] {logging_mixin.py:137} INFO - [2023-04-16T18:07:28.143+0000] {dag.py:2705} INFO - Sync 1 DAGs
[2023-04-16T18:07:28.193+0000] {logging_mixin.py:137} INFO - [2023-04-16T18:07:28.192+0000] {dag.py:3456} INFO - Setting next_dagrun for example_short_circuit_decorator to 2023-04-15T18:07:28.192228+00:00, run_after=2023-04-16T18:07:28.192228+00:00
[2023-04-16T18:07:28.229+0000] {processor.py:175} INFO - Processing /home/airflow/.local/lib/python3.7/site-packages/airflow/example_dags/example_short_circuit_decorator.py took 0.174 seconds
[2023-04-16T18:07:58.421+0000] {processor.py:153} INFO - Started process (PID=904) to work on /home/airflow/.local/lib/python3.7/site-packages/airflow/example_dags/example_short_circuit_decorator.py
[2023-04-16T18:07:58.422+0000] {processor.py:743} INFO - Processing file /home/airflow/.local/lib/python3.7/site-packages/airflow/example_dags/example_short_circuit_decorator.py for tasks to queue
[2023-04-16T18:07:58.423+0000] {logging_mixin.py:137} INFO - [2023-04-16T18:07:58.422+0000] {dagbag.py:532} INFO - Filling up the DagBag from /home/airflow/.local/lib/python3.7/site-packages/airflow/example_dags/example_short_circuit_decorator.py
[2023-04-16T18:07:58.459+0000] {processor.py:753} INFO - DAG(s) dict_keys(['example_short_circuit_decorator']) retrieved from /home/airflow/.local/lib/python3.7/site-packages/airflow/example_dags/example_short_circuit_decorator.py
[2023-04-16T18:07:58.499+0000] {logging_mixin.py:137} INFO - [2023-04-16T18:07:58.499+0000] {dag.py:2705} INFO - Sync 1 DAGs
[2023-04-16T18:07:58.535+0000] {logging_mixin.py:137} INFO - [2023-04-16T18:07:58.535+0000] {dag.py:3456} INFO - Setting next_dagrun for example_short_circuit_decorator to 2023-04-15T18:07:58.535011+00:00, run_after=2023-04-16T18:07:58.535011+00:00
[2023-04-16T18:07:58.560+0000] {processor.py:175} INFO - Processing /home/airflow/.local/lib/python3.7/site-packages/airflow/example_dags/example_short_circuit_decorator.py took 0.145 seconds
[2023-04-16T18:08:28.644+0000] {processor.py:153} INFO - Started process (PID=953) to work on /home/airflow/.local/lib/python3.7/site-packages/airflow/example_dags/example_short_circuit_decorator.py
[2023-04-16T18:08:28.646+0000] {processor.py:743} INFO - Processing file /home/airflow/.local/lib/python3.7/site-packages/airflow/example_dags/example_short_circuit_decorator.py for tasks to queue
[2023-04-16T18:08:28.647+0000] {logging_mixin.py:137} INFO - [2023-04-16T18:08:28.647+0000] {dagbag.py:532} INFO - Filling up the DagBag from /home/airflow/.local/lib/python3.7/site-packages/airflow/example_dags/example_short_circuit_decorator.py
[2023-04-16T18:08:28.688+0000] {processor.py:753} INFO - DAG(s) dict_keys(['example_short_circuit_decorator']) retrieved from /home/airflow/.local/lib/python3.7/site-packages/airflow/example_dags/example_short_circuit_decorator.py
[2023-04-16T18:08:28.727+0000] {logging_mixin.py:137} INFO - [2023-04-16T18:08:28.727+0000] {dag.py:2705} INFO - Sync 1 DAGs
[2023-04-16T18:08:28.764+0000] {logging_mixin.py:137} INFO - [2023-04-16T18:08:28.764+0000] {dag.py:3456} INFO - Setting next_dagrun for example_short_circuit_decorator to 2023-04-15T18:08:28.763764+00:00, run_after=2023-04-16T18:08:28.763764+00:00
[2023-04-16T18:08:28.788+0000] {processor.py:175} INFO - Processing /home/airflow/.local/lib/python3.7/site-packages/airflow/example_dags/example_short_circuit_decorator.py took 0.150 seconds
[2023-04-16T18:08:58.867+0000] {processor.py:153} INFO - Started process (PID=1003) to work on /home/airflow/.local/lib/python3.7/site-packages/airflow/example_dags/example_short_circuit_decorator.py
[2023-04-16T18:08:58.869+0000] {processor.py:743} INFO - Processing file /home/airflow/.local/lib/python3.7/site-packages/airflow/example_dags/example_short_circuit_decorator.py for tasks to queue
[2023-04-16T18:08:58.869+0000] {logging_mixin.py:137} INFO - [2023-04-16T18:08:58.869+0000] {dagbag.py:532} INFO - Filling up the DagBag from /home/airflow/.local/lib/python3.7/site-packages/airflow/example_dags/example_short_circuit_decorator.py
[2023-04-16T18:08:58.910+0000] {processor.py:753} INFO - DAG(s) dict_keys(['example_short_circuit_decorator']) retrieved from /home/airflow/.local/lib/python3.7/site-packages/airflow/example_dags/example_short_circuit_decorator.py
[2023-04-16T18:08:58.957+0000] {logging_mixin.py:137} INFO - [2023-04-16T18:08:58.957+0000] {dag.py:2705} INFO - Sync 1 DAGs
[2023-04-16T18:08:58.993+0000] {logging_mixin.py:137} INFO - [2023-04-16T18:08:58.993+0000] {dag.py:3456} INFO - Setting next_dagrun for example_short_circuit_decorator to 2023-04-15T18:08:58.993396+00:00, run_after=2023-04-16T18:08:58.993396+00:00
[2023-04-16T18:08:59.018+0000] {processor.py:175} INFO - Processing /home/airflow/.local/lib/python3.7/site-packages/airflow/example_dags/example_short_circuit_decorator.py took 0.156 seconds
[2023-04-16T18:09:29.070+0000] {processor.py:153} INFO - Started process (PID=1052) to work on /home/airflow/.local/lib/python3.7/site-packages/airflow/example_dags/example_short_circuit_decorator.py
[2023-04-16T18:09:29.071+0000] {processor.py:743} INFO - Processing file /home/airflow/.local/lib/python3.7/site-packages/airflow/example_dags/example_short_circuit_decorator.py for tasks to queue
[2023-04-16T18:09:29.072+0000] {logging_mixin.py:137} INFO - [2023-04-16T18:09:29.072+0000] {dagbag.py:532} INFO - Filling up the DagBag from /home/airflow/.local/lib/python3.7/site-packages/airflow/example_dags/example_short_circuit_decorator.py
[2023-04-16T18:09:29.108+0000] {processor.py:753} INFO - DAG(s) dict_keys(['example_short_circuit_decorator']) retrieved from /home/airflow/.local/lib/python3.7/site-packages/airflow/example_dags/example_short_circuit_decorator.py
[2023-04-16T18:09:29.150+0000] {logging_mixin.py:137} INFO - [2023-04-16T18:09:29.150+0000] {dag.py:2705} INFO - Sync 1 DAGs
[2023-04-16T18:09:29.186+0000] {logging_mixin.py:137} INFO - [2023-04-16T18:09:29.185+0000] {dag.py:3456} INFO - Setting next_dagrun for example_short_circuit_decorator to 2023-04-15T18:09:29.185618+00:00, run_after=2023-04-16T18:09:29.185618+00:00
[2023-04-16T18:09:29.211+0000] {processor.py:175} INFO - Processing /home/airflow/.local/lib/python3.7/site-packages/airflow/example_dags/example_short_circuit_decorator.py took 0.147 seconds
[2023-04-16T18:09:59.725+0000] {processor.py:153} INFO - Started process (PID=1103) to work on /home/airflow/.local/lib/python3.7/site-packages/airflow/example_dags/example_short_circuit_decorator.py
[2023-04-16T18:09:59.726+0000] {processor.py:743} INFO - Processing file /home/airflow/.local/lib/python3.7/site-packages/airflow/example_dags/example_short_circuit_decorator.py for tasks to queue
[2023-04-16T18:09:59.727+0000] {logging_mixin.py:137} INFO - [2023-04-16T18:09:59.727+0000] {dagbag.py:532} INFO - Filling up the DagBag from /home/airflow/.local/lib/python3.7/site-packages/airflow/example_dags/example_short_circuit_decorator.py
[2023-04-16T18:09:59.768+0000] {processor.py:753} INFO - DAG(s) dict_keys(['example_short_circuit_decorator']) retrieved from /home/airflow/.local/lib/python3.7/site-packages/airflow/example_dags/example_short_circuit_decorator.py
[2023-04-16T18:09:59.827+0000] {logging_mixin.py:137} INFO - [2023-04-16T18:09:59.826+0000] {dag.py:2705} INFO - Sync 1 DAGs
[2023-04-16T18:09:59.862+0000] {logging_mixin.py:137} INFO - [2023-04-16T18:09:59.862+0000] {dag.py:3456} INFO - Setting next_dagrun for example_short_circuit_decorator to 2023-04-15T18:09:59.862252+00:00, run_after=2023-04-16T18:09:59.862252+00:00
[2023-04-16T18:09:59.889+0000] {processor.py:175} INFO - Processing /home/airflow/.local/lib/python3.7/site-packages/airflow/example_dags/example_short_circuit_decorator.py took 0.169 seconds
[2023-04-16T18:10:30.592+0000] {processor.py:153} INFO - Started process (PID=1153) to work on /home/airflow/.local/lib/python3.7/site-packages/airflow/example_dags/example_short_circuit_decorator.py
[2023-04-16T18:10:30.593+0000] {processor.py:743} INFO - Processing file /home/airflow/.local/lib/python3.7/site-packages/airflow/example_dags/example_short_circuit_decorator.py for tasks to queue
[2023-04-16T18:10:30.594+0000] {logging_mixin.py:137} INFO - [2023-04-16T18:10:30.594+0000] {dagbag.py:532} INFO - Filling up the DagBag from /home/airflow/.local/lib/python3.7/site-packages/airflow/example_dags/example_short_circuit_decorator.py
[2023-04-16T18:10:30.632+0000] {processor.py:753} INFO - DAG(s) dict_keys(['example_short_circuit_decorator']) retrieved from /home/airflow/.local/lib/python3.7/site-packages/airflow/example_dags/example_short_circuit_decorator.py
[2023-04-16T18:10:30.674+0000] {logging_mixin.py:137} INFO - [2023-04-16T18:10:30.674+0000] {dag.py:2705} INFO - Sync 1 DAGs
[2023-04-16T18:10:30.713+0000] {logging_mixin.py:137} INFO - [2023-04-16T18:10:30.713+0000] {dag.py:3456} INFO - Setting next_dagrun for example_short_circuit_decorator to 2023-04-15T18:10:30.712819+00:00, run_after=2023-04-16T18:10:30.712819+00:00
[2023-04-16T18:10:30.743+0000] {processor.py:175} INFO - Processing /home/airflow/.local/lib/python3.7/site-packages/airflow/example_dags/example_short_circuit_decorator.py took 0.158 seconds
[2023-04-16T18:11:01.437+0000] {processor.py:153} INFO - Started process (PID=1203) to work on /home/airflow/.local/lib/python3.7/site-packages/airflow/example_dags/example_short_circuit_decorator.py
[2023-04-16T18:11:01.439+0000] {processor.py:743} INFO - Processing file /home/airflow/.local/lib/python3.7/site-packages/airflow/example_dags/example_short_circuit_decorator.py for tasks to queue
[2023-04-16T18:11:01.440+0000] {logging_mixin.py:137} INFO - [2023-04-16T18:11:01.440+0000] {dagbag.py:532} INFO - Filling up the DagBag from /home/airflow/.local/lib/python3.7/site-packages/airflow/example_dags/example_short_circuit_decorator.py
[2023-04-16T18:11:01.490+0000] {processor.py:753} INFO - DAG(s) dict_keys(['example_short_circuit_decorator']) retrieved from /home/airflow/.local/lib/python3.7/site-packages/airflow/example_dags/example_short_circuit_decorator.py
[2023-04-16T18:11:01.533+0000] {logging_mixin.py:137} INFO - [2023-04-16T18:11:01.532+0000] {dag.py:2705} INFO - Sync 1 DAGs
[2023-04-16T18:11:01.568+0000] {logging_mixin.py:137} INFO - [2023-04-16T18:11:01.568+0000] {dag.py:3456} INFO - Setting next_dagrun for example_short_circuit_decorator to 2023-04-15T18:11:01.567711+00:00, run_after=2023-04-16T18:11:01.567711+00:00
[2023-04-16T18:11:01.598+0000] {processor.py:175} INFO - Processing /home/airflow/.local/lib/python3.7/site-packages/airflow/example_dags/example_short_circuit_decorator.py took 0.166 seconds
[2023-04-16T18:11:32.190+0000] {processor.py:153} INFO - Started process (PID=1254) to work on /home/airflow/.local/lib/python3.7/site-packages/airflow/example_dags/example_short_circuit_decorator.py
[2023-04-16T18:11:32.192+0000] {processor.py:743} INFO - Processing file /home/airflow/.local/lib/python3.7/site-packages/airflow/example_dags/example_short_circuit_decorator.py for tasks to queue
[2023-04-16T18:11:32.193+0000] {logging_mixin.py:137} INFO - [2023-04-16T18:11:32.193+0000] {dagbag.py:532} INFO - Filling up the DagBag from /home/airflow/.local/lib/python3.7/site-packages/airflow/example_dags/example_short_circuit_decorator.py
[2023-04-16T18:11:32.241+0000] {processor.py:753} INFO - DAG(s) dict_keys(['example_short_circuit_decorator']) retrieved from /home/airflow/.local/lib/python3.7/site-packages/airflow/example_dags/example_short_circuit_decorator.py
[2023-04-16T18:11:32.290+0000] {logging_mixin.py:137} INFO - [2023-04-16T18:11:32.290+0000] {dag.py:2705} INFO - Sync 1 DAGs
[2023-04-16T18:11:32.328+0000] {logging_mixin.py:137} INFO - [2023-04-16T18:11:32.328+0000] {dag.py:3456} INFO - Setting next_dagrun for example_short_circuit_decorator to 2023-04-15T18:11:32.327841+00:00, run_after=2023-04-16T18:11:32.327841+00:00
[2023-04-16T18:11:32.355+0000] {processor.py:175} INFO - Processing /home/airflow/.local/lib/python3.7/site-packages/airflow/example_dags/example_short_circuit_decorator.py took 0.170 seconds
[2023-04-16T18:12:02.811+0000] {processor.py:153} INFO - Started process (PID=1304) to work on /home/airflow/.local/lib/python3.7/site-packages/airflow/example_dags/example_short_circuit_decorator.py
[2023-04-16T18:12:02.813+0000] {processor.py:743} INFO - Processing file /home/airflow/.local/lib/python3.7/site-packages/airflow/example_dags/example_short_circuit_decorator.py for tasks to queue
[2023-04-16T18:12:02.814+0000] {logging_mixin.py:137} INFO - [2023-04-16T18:12:02.814+0000] {dagbag.py:532} INFO - Filling up the DagBag from /home/airflow/.local/lib/python3.7/site-packages/airflow/example_dags/example_short_circuit_decorator.py
[2023-04-16T18:12:02.850+0000] {processor.py:753} INFO - DAG(s) dict_keys(['example_short_circuit_decorator']) retrieved from /home/airflow/.local/lib/python3.7/site-packages/airflow/example_dags/example_short_circuit_decorator.py
[2023-04-16T18:12:02.892+0000] {logging_mixin.py:137} INFO - [2023-04-16T18:12:02.892+0000] {dag.py:2705} INFO - Sync 1 DAGs
[2023-04-16T18:12:02.940+0000] {logging_mixin.py:137} INFO - [2023-04-16T18:12:02.940+0000] {dag.py:3456} INFO - Setting next_dagrun for example_short_circuit_decorator to 2023-04-15T18:12:02.940292+00:00, run_after=2023-04-16T18:12:02.940292+00:00
[2023-04-16T18:12:02.965+0000] {processor.py:175} INFO - Processing /home/airflow/.local/lib/python3.7/site-packages/airflow/example_dags/example_short_circuit_decorator.py took 0.159 seconds
[2023-04-16T18:12:33.443+0000] {processor.py:153} INFO - Started process (PID=1354) to work on /home/airflow/.local/lib/python3.7/site-packages/airflow/example_dags/example_short_circuit_decorator.py
[2023-04-16T18:12:33.445+0000] {processor.py:743} INFO - Processing file /home/airflow/.local/lib/python3.7/site-packages/airflow/example_dags/example_short_circuit_decorator.py for tasks to queue
[2023-04-16T18:12:33.447+0000] {logging_mixin.py:137} INFO - [2023-04-16T18:12:33.446+0000] {dagbag.py:532} INFO - Filling up the DagBag from /home/airflow/.local/lib/python3.7/site-packages/airflow/example_dags/example_short_circuit_decorator.py
[2023-04-16T18:12:33.490+0000] {processor.py:753} INFO - DAG(s) dict_keys(['example_short_circuit_decorator']) retrieved from /home/airflow/.local/lib/python3.7/site-packages/airflow/example_dags/example_short_circuit_decorator.py
[2023-04-16T18:12:33.533+0000] {logging_mixin.py:137} INFO - [2023-04-16T18:12:33.533+0000] {dag.py:2705} INFO - Sync 1 DAGs
[2023-04-16T18:12:33.570+0000] {logging_mixin.py:137} INFO - [2023-04-16T18:12:33.570+0000] {dag.py:3456} INFO - Setting next_dagrun for example_short_circuit_decorator to 2023-04-15T18:12:33.570000+00:00, run_after=2023-04-16T18:12:33.570000+00:00
[2023-04-16T18:12:33.599+0000] {processor.py:175} INFO - Processing /home/airflow/.local/lib/python3.7/site-packages/airflow/example_dags/example_short_circuit_decorator.py took 0.161 seconds
[2023-04-16T18:13:04.114+0000] {processor.py:153} INFO - Started process (PID=1404) to work on /home/airflow/.local/lib/python3.7/site-packages/airflow/example_dags/example_short_circuit_decorator.py
[2023-04-16T18:13:04.116+0000] {processor.py:743} INFO - Processing file /home/airflow/.local/lib/python3.7/site-packages/airflow/example_dags/example_short_circuit_decorator.py for tasks to queue
[2023-04-16T18:13:04.117+0000] {logging_mixin.py:137} INFO - [2023-04-16T18:13:04.116+0000] {dagbag.py:532} INFO - Filling up the DagBag from /home/airflow/.local/lib/python3.7/site-packages/airflow/example_dags/example_short_circuit_decorator.py
[2023-04-16T18:13:04.155+0000] {processor.py:753} INFO - DAG(s) dict_keys(['example_short_circuit_decorator']) retrieved from /home/airflow/.local/lib/python3.7/site-packages/airflow/example_dags/example_short_circuit_decorator.py
[2023-04-16T18:13:04.201+0000] {logging_mixin.py:137} INFO - [2023-04-16T18:13:04.200+0000] {dag.py:2705} INFO - Sync 1 DAGs
[2023-04-16T18:13:04.240+0000] {logging_mixin.py:137} INFO - [2023-04-16T18:13:04.240+0000] {dag.py:3456} INFO - Setting next_dagrun for example_short_circuit_decorator to 2023-04-15T18:13:04.240014+00:00, run_after=2023-04-16T18:13:04.240014+00:00
[2023-04-16T18:13:04.267+0000] {processor.py:175} INFO - Processing /home/airflow/.local/lib/python3.7/site-packages/airflow/example_dags/example_short_circuit_decorator.py took 0.159 seconds
[2023-04-16T18:13:34.840+0000] {processor.py:153} INFO - Started process (PID=1455) to work on /home/airflow/.local/lib/python3.7/site-packages/airflow/example_dags/example_short_circuit_decorator.py
[2023-04-16T18:13:34.842+0000] {processor.py:743} INFO - Processing file /home/airflow/.local/lib/python3.7/site-packages/airflow/example_dags/example_short_circuit_decorator.py for tasks to queue
[2023-04-16T18:13:34.843+0000] {logging_mixin.py:137} INFO - [2023-04-16T18:13:34.842+0000] {dagbag.py:532} INFO - Filling up the DagBag from /home/airflow/.local/lib/python3.7/site-packages/airflow/example_dags/example_short_circuit_decorator.py
[2023-04-16T18:13:34.891+0000] {processor.py:753} INFO - DAG(s) dict_keys(['example_short_circuit_decorator']) retrieved from /home/airflow/.local/lib/python3.7/site-packages/airflow/example_dags/example_short_circuit_decorator.py
[2023-04-16T18:13:34.947+0000] {logging_mixin.py:137} INFO - [2023-04-16T18:13:34.947+0000] {dag.py:2705} INFO - Sync 1 DAGs
[2023-04-16T18:13:35.001+0000] {logging_mixin.py:137} INFO - [2023-04-16T18:13:35.001+0000] {dag.py:3456} INFO - Setting next_dagrun for example_short_circuit_decorator to 2023-04-15T18:13:35.000958+00:00, run_after=2023-04-16T18:13:35.000958+00:00
[2023-04-16T18:13:35.026+0000] {processor.py:175} INFO - Processing /home/airflow/.local/lib/python3.7/site-packages/airflow/example_dags/example_short_circuit_decorator.py took 0.193 seconds
[2023-04-16T18:14:05.298+0000] {processor.py:153} INFO - Started process (PID=1506) to work on /home/airflow/.local/lib/python3.7/site-packages/airflow/example_dags/example_short_circuit_decorator.py
[2023-04-16T18:14:05.299+0000] {processor.py:743} INFO - Processing file /home/airflow/.local/lib/python3.7/site-packages/airflow/example_dags/example_short_circuit_decorator.py for tasks to queue
[2023-04-16T18:14:05.300+0000] {logging_mixin.py:137} INFO - [2023-04-16T18:14:05.300+0000] {dagbag.py:532} INFO - Filling up the DagBag from /home/airflow/.local/lib/python3.7/site-packages/airflow/example_dags/example_short_circuit_decorator.py
[2023-04-16T18:14:05.341+0000] {processor.py:753} INFO - DAG(s) dict_keys(['example_short_circuit_decorator']) retrieved from /home/airflow/.local/lib/python3.7/site-packages/airflow/example_dags/example_short_circuit_decorator.py
[2023-04-16T18:14:05.395+0000] {logging_mixin.py:137} INFO - [2023-04-16T18:14:05.395+0000] {dag.py:2705} INFO - Sync 1 DAGs
[2023-04-16T18:14:05.434+0000] {logging_mixin.py:137} INFO - [2023-04-16T18:14:05.434+0000] {dag.py:3456} INFO - Setting next_dagrun for example_short_circuit_decorator to 2023-04-15T18:14:05.434050+00:00, run_after=2023-04-16T18:14:05.434050+00:00
[2023-04-16T18:14:05.462+0000] {processor.py:175} INFO - Processing /home/airflow/.local/lib/python3.7/site-packages/airflow/example_dags/example_short_circuit_decorator.py took 0.170 seconds
[2023-04-16T18:14:36.021+0000] {processor.py:153} INFO - Started process (PID=1556) to work on /home/airflow/.local/lib/python3.7/site-packages/airflow/example_dags/example_short_circuit_decorator.py
[2023-04-16T18:14:36.023+0000] {processor.py:743} INFO - Processing file /home/airflow/.local/lib/python3.7/site-packages/airflow/example_dags/example_short_circuit_decorator.py for tasks to queue
[2023-04-16T18:14:36.023+0000] {logging_mixin.py:137} INFO - [2023-04-16T18:14:36.023+0000] {dagbag.py:532} INFO - Filling up the DagBag from /home/airflow/.local/lib/python3.7/site-packages/airflow/example_dags/example_short_circuit_decorator.py
[2023-04-16T18:14:36.060+0000] {processor.py:753} INFO - DAG(s) dict_keys(['example_short_circuit_decorator']) retrieved from /home/airflow/.local/lib/python3.7/site-packages/airflow/example_dags/example_short_circuit_decorator.py
[2023-04-16T18:14:36.108+0000] {logging_mixin.py:137} INFO - [2023-04-16T18:14:36.108+0000] {dag.py:2705} INFO - Sync 1 DAGs
[2023-04-16T18:14:36.163+0000] {logging_mixin.py:137} INFO - [2023-04-16T18:14:36.163+0000] {dag.py:3456} INFO - Setting next_dagrun for example_short_circuit_decorator to 2023-04-15T18:14:36.163270+00:00, run_after=2023-04-16T18:14:36.163270+00:00
[2023-04-16T18:14:36.189+0000] {processor.py:175} INFO - Processing /home/airflow/.local/lib/python3.7/site-packages/airflow/example_dags/example_short_circuit_decorator.py took 0.174 seconds
[2023-04-16T18:15:06.762+0000] {processor.py:153} INFO - Started process (PID=1606) to work on /home/airflow/.local/lib/python3.7/site-packages/airflow/example_dags/example_short_circuit_decorator.py
[2023-04-16T18:15:06.763+0000] {processor.py:743} INFO - Processing file /home/airflow/.local/lib/python3.7/site-packages/airflow/example_dags/example_short_circuit_decorator.py for tasks to queue
[2023-04-16T18:15:06.764+0000] {logging_mixin.py:137} INFO - [2023-04-16T18:15:06.764+0000] {dagbag.py:532} INFO - Filling up the DagBag from /home/airflow/.local/lib/python3.7/site-packages/airflow/example_dags/example_short_circuit_decorator.py
[2023-04-16T18:15:06.817+0000] {processor.py:753} INFO - DAG(s) dict_keys(['example_short_circuit_decorator']) retrieved from /home/airflow/.local/lib/python3.7/site-packages/airflow/example_dags/example_short_circuit_decorator.py
[2023-04-16T18:15:06.859+0000] {logging_mixin.py:137} INFO - [2023-04-16T18:15:06.859+0000] {dag.py:2705} INFO - Sync 1 DAGs
[2023-04-16T18:15:06.898+0000] {logging_mixin.py:137} INFO - [2023-04-16T18:15:06.897+0000] {dag.py:3456} INFO - Setting next_dagrun for example_short_circuit_decorator to 2023-04-15T18:15:06.897404+00:00, run_after=2023-04-16T18:15:06.897404+00:00
[2023-04-16T18:15:06.929+0000] {processor.py:175} INFO - Processing /home/airflow/.local/lib/python3.7/site-packages/airflow/example_dags/example_short_circuit_decorator.py took 0.175 seconds
[2023-04-16T18:15:37.536+0000] {processor.py:153} INFO - Started process (PID=1656) to work on /home/airflow/.local/lib/python3.7/site-packages/airflow/example_dags/example_short_circuit_decorator.py
[2023-04-16T18:15:37.538+0000] {processor.py:743} INFO - Processing file /home/airflow/.local/lib/python3.7/site-packages/airflow/example_dags/example_short_circuit_decorator.py for tasks to queue
[2023-04-16T18:15:37.539+0000] {logging_mixin.py:137} INFO - [2023-04-16T18:15:37.539+0000] {dagbag.py:532} INFO - Filling up the DagBag from /home/airflow/.local/lib/python3.7/site-packages/airflow/example_dags/example_short_circuit_decorator.py
[2023-04-16T18:15:37.591+0000] {processor.py:753} INFO - DAG(s) dict_keys(['example_short_circuit_decorator']) retrieved from /home/airflow/.local/lib/python3.7/site-packages/airflow/example_dags/example_short_circuit_decorator.py
[2023-04-16T18:15:37.638+0000] {logging_mixin.py:137} INFO - [2023-04-16T18:15:37.638+0000] {dag.py:2705} INFO - Sync 1 DAGs
[2023-04-16T18:15:37.674+0000] {logging_mixin.py:137} INFO - [2023-04-16T18:15:37.674+0000] {dag.py:3456} INFO - Setting next_dagrun for example_short_circuit_decorator to 2023-04-15T18:15:37.673979+00:00, run_after=2023-04-16T18:15:37.673979+00:00
[2023-04-16T18:15:37.700+0000] {processor.py:175} INFO - Processing /home/airflow/.local/lib/python3.7/site-packages/airflow/example_dags/example_short_circuit_decorator.py took 0.171 seconds
[2023-04-16T18:16:08.221+0000] {processor.py:153} INFO - Started process (PID=1706) to work on /home/airflow/.local/lib/python3.7/site-packages/airflow/example_dags/example_short_circuit_decorator.py
[2023-04-16T18:16:08.222+0000] {processor.py:743} INFO - Processing file /home/airflow/.local/lib/python3.7/site-packages/airflow/example_dags/example_short_circuit_decorator.py for tasks to queue
[2023-04-16T18:16:08.223+0000] {logging_mixin.py:137} INFO - [2023-04-16T18:16:08.222+0000] {dagbag.py:532} INFO - Filling up the DagBag from /home/airflow/.local/lib/python3.7/site-packages/airflow/example_dags/example_short_circuit_decorator.py
[2023-04-16T18:16:08.259+0000] {processor.py:753} INFO - DAG(s) dict_keys(['example_short_circuit_decorator']) retrieved from /home/airflow/.local/lib/python3.7/site-packages/airflow/example_dags/example_short_circuit_decorator.py
[2023-04-16T18:16:08.309+0000] {logging_mixin.py:137} INFO - [2023-04-16T18:16:08.309+0000] {dag.py:2705} INFO - Sync 1 DAGs
[2023-04-16T18:16:08.348+0000] {logging_mixin.py:137} INFO - [2023-04-16T18:16:08.348+0000] {dag.py:3456} INFO - Setting next_dagrun for example_short_circuit_decorator to 2023-04-15T18:16:08.347597+00:00, run_after=2023-04-16T18:16:08.347597+00:00
[2023-04-16T18:16:08.373+0000] {processor.py:175} INFO - Processing /home/airflow/.local/lib/python3.7/site-packages/airflow/example_dags/example_short_circuit_decorator.py took 0.159 seconds
[2023-04-16T18:16:38.874+0000] {processor.py:153} INFO - Started process (PID=1756) to work on /home/airflow/.local/lib/python3.7/site-packages/airflow/example_dags/example_short_circuit_decorator.py
[2023-04-16T18:16:38.876+0000] {processor.py:743} INFO - Processing file /home/airflow/.local/lib/python3.7/site-packages/airflow/example_dags/example_short_circuit_decorator.py for tasks to queue
[2023-04-16T18:16:38.877+0000] {logging_mixin.py:137} INFO - [2023-04-16T18:16:38.876+0000] {dagbag.py:532} INFO - Filling up the DagBag from /home/airflow/.local/lib/python3.7/site-packages/airflow/example_dags/example_short_circuit_decorator.py
[2023-04-16T18:16:38.928+0000] {processor.py:753} INFO - DAG(s) dict_keys(['example_short_circuit_decorator']) retrieved from /home/airflow/.local/lib/python3.7/site-packages/airflow/example_dags/example_short_circuit_decorator.py
[2023-04-16T18:16:38.967+0000] {logging_mixin.py:137} INFO - [2023-04-16T18:16:38.966+0000] {dag.py:2705} INFO - Sync 1 DAGs
[2023-04-16T18:16:39.003+0000] {logging_mixin.py:137} INFO - [2023-04-16T18:16:39.003+0000] {dag.py:3456} INFO - Setting next_dagrun for example_short_circuit_decorator to 2023-04-15T18:16:39.002850+00:00, run_after=2023-04-16T18:16:39.002850+00:00
[2023-04-16T18:16:39.033+0000] {processor.py:175} INFO - Processing /home/airflow/.local/lib/python3.7/site-packages/airflow/example_dags/example_short_circuit_decorator.py took 0.166 seconds
[2023-04-16T18:17:09.714+0000] {processor.py:153} INFO - Started process (PID=1813) to work on /home/airflow/.local/lib/python3.7/site-packages/airflow/example_dags/example_short_circuit_decorator.py
[2023-04-16T18:17:09.715+0000] {processor.py:743} INFO - Processing file /home/airflow/.local/lib/python3.7/site-packages/airflow/example_dags/example_short_circuit_decorator.py for tasks to queue
[2023-04-16T18:17:09.716+0000] {logging_mixin.py:137} INFO - [2023-04-16T18:17:09.716+0000] {dagbag.py:532} INFO - Filling up the DagBag from /home/airflow/.local/lib/python3.7/site-packages/airflow/example_dags/example_short_circuit_decorator.py
[2023-04-16T18:17:09.752+0000] {processor.py:753} INFO - DAG(s) dict_keys(['example_short_circuit_decorator']) retrieved from /home/airflow/.local/lib/python3.7/site-packages/airflow/example_dags/example_short_circuit_decorator.py
[2023-04-16T18:17:09.794+0000] {logging_mixin.py:137} INFO - [2023-04-16T18:17:09.794+0000] {dag.py:2705} INFO - Sync 1 DAGs
[2023-04-16T18:17:09.854+0000] {logging_mixin.py:137} INFO - [2023-04-16T18:17:09.854+0000] {dag.py:3456} INFO - Setting next_dagrun for example_short_circuit_decorator to 2023-04-15T18:17:09.853658+00:00, run_after=2023-04-16T18:17:09.853658+00:00
[2023-04-16T18:17:09.888+0000] {processor.py:175} INFO - Processing /home/airflow/.local/lib/python3.7/site-packages/airflow/example_dags/example_short_circuit_decorator.py took 0.179 seconds
[2023-04-16T18:17:40.426+0000] {processor.py:153} INFO - Started process (PID=1863) to work on /home/airflow/.local/lib/python3.7/site-packages/airflow/example_dags/example_short_circuit_decorator.py
[2023-04-16T18:17:40.428+0000] {processor.py:743} INFO - Processing file /home/airflow/.local/lib/python3.7/site-packages/airflow/example_dags/example_short_circuit_decorator.py for tasks to queue
[2023-04-16T18:17:40.430+0000] {logging_mixin.py:137} INFO - [2023-04-16T18:17:40.429+0000] {dagbag.py:532} INFO - Filling up the DagBag from /home/airflow/.local/lib/python3.7/site-packages/airflow/example_dags/example_short_circuit_decorator.py
[2023-04-16T18:17:40.482+0000] {processor.py:753} INFO - DAG(s) dict_keys(['example_short_circuit_decorator']) retrieved from /home/airflow/.local/lib/python3.7/site-packages/airflow/example_dags/example_short_circuit_decorator.py
[2023-04-16T18:17:40.525+0000] {logging_mixin.py:137} INFO - [2023-04-16T18:17:40.524+0000] {dag.py:2705} INFO - Sync 1 DAGs
[2023-04-16T18:17:40.570+0000] {logging_mixin.py:137} INFO - [2023-04-16T18:17:40.569+0000] {dag.py:3456} INFO - Setting next_dagrun for example_short_circuit_decorator to 2023-04-15T18:17:40.569526+00:00, run_after=2023-04-16T18:17:40.569526+00:00
[2023-04-16T18:17:40.597+0000] {processor.py:175} INFO - Processing /home/airflow/.local/lib/python3.7/site-packages/airflow/example_dags/example_short_circuit_decorator.py took 0.178 seconds
[2023-04-16T18:18:11.121+0000] {processor.py:153} INFO - Started process (PID=1913) to work on /home/airflow/.local/lib/python3.7/site-packages/airflow/example_dags/example_short_circuit_decorator.py
[2023-04-16T18:18:11.122+0000] {processor.py:743} INFO - Processing file /home/airflow/.local/lib/python3.7/site-packages/airflow/example_dags/example_short_circuit_decorator.py for tasks to queue
[2023-04-16T18:18:11.123+0000] {logging_mixin.py:137} INFO - [2023-04-16T18:18:11.123+0000] {dagbag.py:532} INFO - Filling up the DagBag from /home/airflow/.local/lib/python3.7/site-packages/airflow/example_dags/example_short_circuit_decorator.py
[2023-04-16T18:18:11.158+0000] {processor.py:753} INFO - DAG(s) dict_keys(['example_short_circuit_decorator']) retrieved from /home/airflow/.local/lib/python3.7/site-packages/airflow/example_dags/example_short_circuit_decorator.py
[2023-04-16T18:18:11.199+0000] {logging_mixin.py:137} INFO - [2023-04-16T18:18:11.199+0000] {dag.py:2705} INFO - Sync 1 DAGs
[2023-04-16T18:18:11.236+0000] {logging_mixin.py:137} INFO - [2023-04-16T18:18:11.236+0000] {dag.py:3456} INFO - Setting next_dagrun for example_short_circuit_decorator to 2023-04-15T18:18:11.236203+00:00, run_after=2023-04-16T18:18:11.236203+00:00
[2023-04-16T18:18:11.262+0000] {processor.py:175} INFO - Processing /home/airflow/.local/lib/python3.7/site-packages/airflow/example_dags/example_short_circuit_decorator.py took 0.147 seconds
[2023-04-16T18:18:41.955+0000] {processor.py:153} INFO - Started process (PID=1963) to work on /home/airflow/.local/lib/python3.7/site-packages/airflow/example_dags/example_short_circuit_decorator.py
[2023-04-16T18:18:41.957+0000] {processor.py:743} INFO - Processing file /home/airflow/.local/lib/python3.7/site-packages/airflow/example_dags/example_short_circuit_decorator.py for tasks to queue
[2023-04-16T18:18:41.958+0000] {logging_mixin.py:137} INFO - [2023-04-16T18:18:41.958+0000] {dagbag.py:532} INFO - Filling up the DagBag from /home/airflow/.local/lib/python3.7/site-packages/airflow/example_dags/example_short_circuit_decorator.py
[2023-04-16T18:18:42.008+0000] {processor.py:753} INFO - DAG(s) dict_keys(['example_short_circuit_decorator']) retrieved from /home/airflow/.local/lib/python3.7/site-packages/airflow/example_dags/example_short_circuit_decorator.py
[2023-04-16T18:18:42.053+0000] {logging_mixin.py:137} INFO - [2023-04-16T18:18:42.052+0000] {dag.py:2705} INFO - Sync 1 DAGs
[2023-04-16T18:18:42.089+0000] {logging_mixin.py:137} INFO - [2023-04-16T18:18:42.088+0000] {dag.py:3456} INFO - Setting next_dagrun for example_short_circuit_decorator to 2023-04-15T18:18:42.088478+00:00, run_after=2023-04-16T18:18:42.088478+00:00
[2023-04-16T18:18:42.114+0000] {processor.py:175} INFO - Processing /home/airflow/.local/lib/python3.7/site-packages/airflow/example_dags/example_short_circuit_decorator.py took 0.165 seconds
[2023-04-16T18:19:12.604+0000] {processor.py:153} INFO - Started process (PID=2013) to work on /home/airflow/.local/lib/python3.7/site-packages/airflow/example_dags/example_short_circuit_decorator.py
[2023-04-16T18:19:12.606+0000] {processor.py:743} INFO - Processing file /home/airflow/.local/lib/python3.7/site-packages/airflow/example_dags/example_short_circuit_decorator.py for tasks to queue
[2023-04-16T18:19:12.606+0000] {logging_mixin.py:137} INFO - [2023-04-16T18:19:12.606+0000] {dagbag.py:532} INFO - Filling up the DagBag from /home/airflow/.local/lib/python3.7/site-packages/airflow/example_dags/example_short_circuit_decorator.py
[2023-04-16T18:19:12.651+0000] {processor.py:753} INFO - DAG(s) dict_keys(['example_short_circuit_decorator']) retrieved from /home/airflow/.local/lib/python3.7/site-packages/airflow/example_dags/example_short_circuit_decorator.py
[2023-04-16T18:19:12.691+0000] {logging_mixin.py:137} INFO - [2023-04-16T18:19:12.691+0000] {dag.py:2705} INFO - Sync 1 DAGs
[2023-04-16T18:19:12.730+0000] {logging_mixin.py:137} INFO - [2023-04-16T18:19:12.730+0000] {dag.py:3456} INFO - Setting next_dagrun for example_short_circuit_decorator to 2023-04-15T18:19:12.729990+00:00, run_after=2023-04-16T18:19:12.729990+00:00
[2023-04-16T18:19:12.758+0000] {processor.py:175} INFO - Processing /home/airflow/.local/lib/python3.7/site-packages/airflow/example_dags/example_short_circuit_decorator.py took 0.160 seconds
[2023-04-16T18:19:43.364+0000] {processor.py:153} INFO - Started process (PID=2063) to work on /home/airflow/.local/lib/python3.7/site-packages/airflow/example_dags/example_short_circuit_decorator.py
[2023-04-16T18:19:43.366+0000] {processor.py:743} INFO - Processing file /home/airflow/.local/lib/python3.7/site-packages/airflow/example_dags/example_short_circuit_decorator.py for tasks to queue
[2023-04-16T18:19:43.367+0000] {logging_mixin.py:137} INFO - [2023-04-16T18:19:43.366+0000] {dagbag.py:532} INFO - Filling up the DagBag from /home/airflow/.local/lib/python3.7/site-packages/airflow/example_dags/example_short_circuit_decorator.py
[2023-04-16T18:19:43.409+0000] {processor.py:753} INFO - DAG(s) dict_keys(['example_short_circuit_decorator']) retrieved from /home/airflow/.local/lib/python3.7/site-packages/airflow/example_dags/example_short_circuit_decorator.py
[2023-04-16T18:19:43.452+0000] {logging_mixin.py:137} INFO - [2023-04-16T18:19:43.452+0000] {dag.py:2705} INFO - Sync 1 DAGs
[2023-04-16T18:19:43.496+0000] {logging_mixin.py:137} INFO - [2023-04-16T18:19:43.496+0000] {dag.py:3456} INFO - Setting next_dagrun for example_short_circuit_decorator to 2023-04-15T18:19:43.495776+00:00, run_after=2023-04-16T18:19:43.495776+00:00
[2023-04-16T18:19:43.522+0000] {processor.py:175} INFO - Processing /home/airflow/.local/lib/python3.7/site-packages/airflow/example_dags/example_short_circuit_decorator.py took 0.163 seconds
[2023-04-16T18:20:14.000+0000] {processor.py:153} INFO - Started process (PID=2113) to work on /home/airflow/.local/lib/python3.7/site-packages/airflow/example_dags/example_short_circuit_decorator.py
[2023-04-16T18:20:14.002+0000] {processor.py:743} INFO - Processing file /home/airflow/.local/lib/python3.7/site-packages/airflow/example_dags/example_short_circuit_decorator.py for tasks to queue
[2023-04-16T18:20:14.003+0000] {logging_mixin.py:137} INFO - [2023-04-16T18:20:14.003+0000] {dagbag.py:532} INFO - Filling up the DagBag from /home/airflow/.local/lib/python3.7/site-packages/airflow/example_dags/example_short_circuit_decorator.py
[2023-04-16T18:20:14.054+0000] {processor.py:753} INFO - DAG(s) dict_keys(['example_short_circuit_decorator']) retrieved from /home/airflow/.local/lib/python3.7/site-packages/airflow/example_dags/example_short_circuit_decorator.py
[2023-04-16T18:20:14.110+0000] {logging_mixin.py:137} INFO - [2023-04-16T18:20:14.109+0000] {dag.py:2705} INFO - Sync 1 DAGs
[2023-04-16T18:20:14.153+0000] {logging_mixin.py:137} INFO - [2023-04-16T18:20:14.153+0000] {dag.py:3456} INFO - Setting next_dagrun for example_short_circuit_decorator to 2023-04-15T18:20:14.152886+00:00, run_after=2023-04-16T18:20:14.152886+00:00
[2023-04-16T18:20:14.182+0000] {processor.py:175} INFO - Processing /home/airflow/.local/lib/python3.7/site-packages/airflow/example_dags/example_short_circuit_decorator.py took 0.189 seconds
[2023-04-16T18:20:44.635+0000] {processor.py:153} INFO - Started process (PID=2164) to work on /home/airflow/.local/lib/python3.7/site-packages/airflow/example_dags/example_short_circuit_decorator.py
[2023-04-16T18:20:44.636+0000] {processor.py:743} INFO - Processing file /home/airflow/.local/lib/python3.7/site-packages/airflow/example_dags/example_short_circuit_decorator.py for tasks to queue
[2023-04-16T18:20:44.637+0000] {logging_mixin.py:137} INFO - [2023-04-16T18:20:44.637+0000] {dagbag.py:532} INFO - Filling up the DagBag from /home/airflow/.local/lib/python3.7/site-packages/airflow/example_dags/example_short_circuit_decorator.py
[2023-04-16T18:20:44.673+0000] {processor.py:753} INFO - DAG(s) dict_keys(['example_short_circuit_decorator']) retrieved from /home/airflow/.local/lib/python3.7/site-packages/airflow/example_dags/example_short_circuit_decorator.py
[2023-04-16T18:20:44.722+0000] {logging_mixin.py:137} INFO - [2023-04-16T18:20:44.721+0000] {dag.py:2705} INFO - Sync 1 DAGs
[2023-04-16T18:20:44.757+0000] {logging_mixin.py:137} INFO - [2023-04-16T18:20:44.757+0000] {dag.py:3456} INFO - Setting next_dagrun for example_short_circuit_decorator to 2023-04-15T18:20:44.757377+00:00, run_after=2023-04-16T18:20:44.757377+00:00
[2023-04-16T18:20:44.782+0000] {processor.py:175} INFO - Processing /home/airflow/.local/lib/python3.7/site-packages/airflow/example_dags/example_short_circuit_decorator.py took 0.154 seconds
[2023-04-16T18:21:15.351+0000] {processor.py:153} INFO - Started process (PID=2214) to work on /home/airflow/.local/lib/python3.7/site-packages/airflow/example_dags/example_short_circuit_decorator.py
[2023-04-16T18:21:15.353+0000] {processor.py:743} INFO - Processing file /home/airflow/.local/lib/python3.7/site-packages/airflow/example_dags/example_short_circuit_decorator.py for tasks to queue
[2023-04-16T18:21:15.354+0000] {logging_mixin.py:137} INFO - [2023-04-16T18:21:15.354+0000] {dagbag.py:532} INFO - Filling up the DagBag from /home/airflow/.local/lib/python3.7/site-packages/airflow/example_dags/example_short_circuit_decorator.py
[2023-04-16T18:21:15.396+0000] {processor.py:753} INFO - DAG(s) dict_keys(['example_short_circuit_decorator']) retrieved from /home/airflow/.local/lib/python3.7/site-packages/airflow/example_dags/example_short_circuit_decorator.py
[2023-04-16T18:21:15.435+0000] {logging_mixin.py:137} INFO - [2023-04-16T18:21:15.435+0000] {dag.py:2705} INFO - Sync 1 DAGs
[2023-04-16T18:21:15.472+0000] {logging_mixin.py:137} INFO - [2023-04-16T18:21:15.472+0000] {dag.py:3456} INFO - Setting next_dagrun for example_short_circuit_decorator to 2023-04-15T18:21:15.471901+00:00, run_after=2023-04-16T18:21:15.471901+00:00
[2023-04-16T18:21:15.496+0000] {processor.py:175} INFO - Processing /home/airflow/.local/lib/python3.7/site-packages/airflow/example_dags/example_short_circuit_decorator.py took 0.150 seconds
[2023-04-16T18:21:45.682+0000] {processor.py:153} INFO - Started process (PID=2264) to work on /home/airflow/.local/lib/python3.7/site-packages/airflow/example_dags/example_short_circuit_decorator.py
[2023-04-16T18:21:45.683+0000] {processor.py:743} INFO - Processing file /home/airflow/.local/lib/python3.7/site-packages/airflow/example_dags/example_short_circuit_decorator.py for tasks to queue
[2023-04-16T18:21:45.684+0000] {logging_mixin.py:137} INFO - [2023-04-16T18:21:45.684+0000] {dagbag.py:532} INFO - Filling up the DagBag from /home/airflow/.local/lib/python3.7/site-packages/airflow/example_dags/example_short_circuit_decorator.py
[2023-04-16T18:21:45.723+0000] {processor.py:753} INFO - DAG(s) dict_keys(['example_short_circuit_decorator']) retrieved from /home/airflow/.local/lib/python3.7/site-packages/airflow/example_dags/example_short_circuit_decorator.py
[2023-04-16T18:21:45.763+0000] {logging_mixin.py:137} INFO - [2023-04-16T18:21:45.763+0000] {dag.py:2705} INFO - Sync 1 DAGs
[2023-04-16T18:21:45.800+0000] {logging_mixin.py:137} INFO - [2023-04-16T18:21:45.800+0000] {dag.py:3456} INFO - Setting next_dagrun for example_short_circuit_decorator to 2023-04-15T18:21:45.800410+00:00, run_after=2023-04-16T18:21:45.800410+00:00
[2023-04-16T18:21:45.825+0000] {processor.py:175} INFO - Processing /home/airflow/.local/lib/python3.7/site-packages/airflow/example_dags/example_short_circuit_decorator.py took 0.148 seconds
[2023-04-16T18:22:16.109+0000] {processor.py:153} INFO - Started process (PID=2314) to work on /home/airflow/.local/lib/python3.7/site-packages/airflow/example_dags/example_short_circuit_decorator.py
[2023-04-16T18:22:16.110+0000] {processor.py:743} INFO - Processing file /home/airflow/.local/lib/python3.7/site-packages/airflow/example_dags/example_short_circuit_decorator.py for tasks to queue
[2023-04-16T18:22:16.111+0000] {logging_mixin.py:137} INFO - [2023-04-16T18:22:16.111+0000] {dagbag.py:532} INFO - Filling up the DagBag from /home/airflow/.local/lib/python3.7/site-packages/airflow/example_dags/example_short_circuit_decorator.py
[2023-04-16T18:22:16.146+0000] {processor.py:753} INFO - DAG(s) dict_keys(['example_short_circuit_decorator']) retrieved from /home/airflow/.local/lib/python3.7/site-packages/airflow/example_dags/example_short_circuit_decorator.py
[2023-04-16T18:22:16.198+0000] {logging_mixin.py:137} INFO - [2023-04-16T18:22:16.198+0000] {dag.py:2705} INFO - Sync 1 DAGs
[2023-04-16T18:22:16.245+0000] {logging_mixin.py:137} INFO - [2023-04-16T18:22:16.245+0000] {dag.py:3456} INFO - Setting next_dagrun for example_short_circuit_decorator to 2023-04-15T18:22:16.245215+00:00, run_after=2023-04-16T18:22:16.245215+00:00
[2023-04-16T18:22:16.272+0000] {processor.py:175} INFO - Processing /home/airflow/.local/lib/python3.7/site-packages/airflow/example_dags/example_short_circuit_decorator.py took 0.169 seconds
[2023-04-16T18:22:46.383+0000] {processor.py:153} INFO - Started process (PID=2364) to work on /home/airflow/.local/lib/python3.7/site-packages/airflow/example_dags/example_short_circuit_decorator.py
[2023-04-16T18:22:46.385+0000] {processor.py:743} INFO - Processing file /home/airflow/.local/lib/python3.7/site-packages/airflow/example_dags/example_short_circuit_decorator.py for tasks to queue
[2023-04-16T18:22:46.386+0000] {logging_mixin.py:137} INFO - [2023-04-16T18:22:46.386+0000] {dagbag.py:532} INFO - Filling up the DagBag from /home/airflow/.local/lib/python3.7/site-packages/airflow/example_dags/example_short_circuit_decorator.py
[2023-04-16T18:22:46.426+0000] {processor.py:753} INFO - DAG(s) dict_keys(['example_short_circuit_decorator']) retrieved from /home/airflow/.local/lib/python3.7/site-packages/airflow/example_dags/example_short_circuit_decorator.py
[2023-04-16T18:22:46.466+0000] {logging_mixin.py:137} INFO - [2023-04-16T18:22:46.465+0000] {dag.py:2705} INFO - Sync 1 DAGs
[2023-04-16T18:22:46.503+0000] {logging_mixin.py:137} INFO - [2023-04-16T18:22:46.503+0000] {dag.py:3456} INFO - Setting next_dagrun for example_short_circuit_decorator to 2023-04-15T18:22:46.502927+00:00, run_after=2023-04-16T18:22:46.502927+00:00
[2023-04-16T18:22:46.541+0000] {processor.py:175} INFO - Processing /home/airflow/.local/lib/python3.7/site-packages/airflow/example_dags/example_short_circuit_decorator.py took 0.165 seconds
[2023-04-16T18:23:16.958+0000] {processor.py:153} INFO - Started process (PID=2414) to work on /home/airflow/.local/lib/python3.7/site-packages/airflow/example_dags/example_short_circuit_decorator.py
[2023-04-16T18:23:16.960+0000] {processor.py:743} INFO - Processing file /home/airflow/.local/lib/python3.7/site-packages/airflow/example_dags/example_short_circuit_decorator.py for tasks to queue
[2023-04-16T18:23:16.961+0000] {logging_mixin.py:137} INFO - [2023-04-16T18:23:16.961+0000] {dagbag.py:532} INFO - Filling up the DagBag from /home/airflow/.local/lib/python3.7/site-packages/airflow/example_dags/example_short_circuit_decorator.py
[2023-04-16T18:23:16.997+0000] {processor.py:753} INFO - DAG(s) dict_keys(['example_short_circuit_decorator']) retrieved from /home/airflow/.local/lib/python3.7/site-packages/airflow/example_dags/example_short_circuit_decorator.py
[2023-04-16T18:23:17.035+0000] {logging_mixin.py:137} INFO - [2023-04-16T18:23:17.035+0000] {dag.py:2705} INFO - Sync 1 DAGs
[2023-04-16T18:23:17.072+0000] {logging_mixin.py:137} INFO - [2023-04-16T18:23:17.072+0000] {dag.py:3456} INFO - Setting next_dagrun for example_short_circuit_decorator to 2023-04-15T18:23:17.072043+00:00, run_after=2023-04-16T18:23:17.072043+00:00
[2023-04-16T18:23:17.097+0000] {processor.py:175} INFO - Processing /home/airflow/.local/lib/python3.7/site-packages/airflow/example_dags/example_short_circuit_decorator.py took 0.145 seconds
[2023-04-16T18:23:47.174+0000] {processor.py:153} INFO - Started process (PID=2464) to work on /home/airflow/.local/lib/python3.7/site-packages/airflow/example_dags/example_short_circuit_decorator.py
[2023-04-16T18:23:47.175+0000] {processor.py:743} INFO - Processing file /home/airflow/.local/lib/python3.7/site-packages/airflow/example_dags/example_short_circuit_decorator.py for tasks to queue
[2023-04-16T18:23:47.176+0000] {logging_mixin.py:137} INFO - [2023-04-16T18:23:47.176+0000] {dagbag.py:532} INFO - Filling up the DagBag from /home/airflow/.local/lib/python3.7/site-packages/airflow/example_dags/example_short_circuit_decorator.py
[2023-04-16T18:23:47.219+0000] {processor.py:753} INFO - DAG(s) dict_keys(['example_short_circuit_decorator']) retrieved from /home/airflow/.local/lib/python3.7/site-packages/airflow/example_dags/example_short_circuit_decorator.py
[2023-04-16T18:23:47.259+0000] {logging_mixin.py:137} INFO - [2023-04-16T18:23:47.259+0000] {dag.py:2705} INFO - Sync 1 DAGs
[2023-04-16T18:23:47.294+0000] {logging_mixin.py:137} INFO - [2023-04-16T18:23:47.294+0000] {dag.py:3456} INFO - Setting next_dagrun for example_short_circuit_decorator to 2023-04-15T18:23:47.294346+00:00, run_after=2023-04-16T18:23:47.294346+00:00
[2023-04-16T18:23:47.324+0000] {processor.py:175} INFO - Processing /home/airflow/.local/lib/python3.7/site-packages/airflow/example_dags/example_short_circuit_decorator.py took 0.155 seconds
[2023-04-16T18:24:17.381+0000] {processor.py:153} INFO - Started process (PID=2514) to work on /home/airflow/.local/lib/python3.7/site-packages/airflow/example_dags/example_short_circuit_decorator.py
[2023-04-16T18:24:17.383+0000] {processor.py:743} INFO - Processing file /home/airflow/.local/lib/python3.7/site-packages/airflow/example_dags/example_short_circuit_decorator.py for tasks to queue
[2023-04-16T18:24:17.384+0000] {logging_mixin.py:137} INFO - [2023-04-16T18:24:17.384+0000] {dagbag.py:532} INFO - Filling up the DagBag from /home/airflow/.local/lib/python3.7/site-packages/airflow/example_dags/example_short_circuit_decorator.py
[2023-04-16T18:24:17.422+0000] {processor.py:753} INFO - DAG(s) dict_keys(['example_short_circuit_decorator']) retrieved from /home/airflow/.local/lib/python3.7/site-packages/airflow/example_dags/example_short_circuit_decorator.py
[2023-04-16T18:24:17.463+0000] {logging_mixin.py:137} INFO - [2023-04-16T18:24:17.463+0000] {dag.py:2705} INFO - Sync 1 DAGs
[2023-04-16T18:24:17.498+0000] {logging_mixin.py:137} INFO - [2023-04-16T18:24:17.498+0000] {dag.py:3456} INFO - Setting next_dagrun for example_short_circuit_decorator to 2023-04-15T18:24:17.498341+00:00, run_after=2023-04-16T18:24:17.498341+00:00
[2023-04-16T18:24:17.522+0000] {processor.py:175} INFO - Processing /home/airflow/.local/lib/python3.7/site-packages/airflow/example_dags/example_short_circuit_decorator.py took 0.146 seconds
[2023-04-16T18:24:47.619+0000] {processor.py:153} INFO - Started process (PID=2564) to work on /home/airflow/.local/lib/python3.7/site-packages/airflow/example_dags/example_short_circuit_decorator.py
[2023-04-16T18:24:47.620+0000] {processor.py:743} INFO - Processing file /home/airflow/.local/lib/python3.7/site-packages/airflow/example_dags/example_short_circuit_decorator.py for tasks to queue
[2023-04-16T18:24:47.621+0000] {logging_mixin.py:137} INFO - [2023-04-16T18:24:47.621+0000] {dagbag.py:532} INFO - Filling up the DagBag from /home/airflow/.local/lib/python3.7/site-packages/airflow/example_dags/example_short_circuit_decorator.py
[2023-04-16T18:24:47.656+0000] {processor.py:753} INFO - DAG(s) dict_keys(['example_short_circuit_decorator']) retrieved from /home/airflow/.local/lib/python3.7/site-packages/airflow/example_dags/example_short_circuit_decorator.py
[2023-04-16T18:24:47.695+0000] {logging_mixin.py:137} INFO - [2023-04-16T18:24:47.695+0000] {dag.py:2705} INFO - Sync 1 DAGs
[2023-04-16T18:24:47.730+0000] {logging_mixin.py:137} INFO - [2023-04-16T18:24:47.730+0000] {dag.py:3456} INFO - Setting next_dagrun for example_short_circuit_decorator to 2023-04-15T18:24:47.730214+00:00, run_after=2023-04-16T18:24:47.730214+00:00
[2023-04-16T18:24:47.756+0000] {processor.py:175} INFO - Processing /home/airflow/.local/lib/python3.7/site-packages/airflow/example_dags/example_short_circuit_decorator.py took 0.143 seconds
[2023-04-16T18:25:18.510+0000] {processor.py:153} INFO - Started process (PID=2613) to work on /home/airflow/.local/lib/python3.7/site-packages/airflow/example_dags/example_short_circuit_decorator.py
[2023-04-16T18:25:18.512+0000] {processor.py:743} INFO - Processing file /home/airflow/.local/lib/python3.7/site-packages/airflow/example_dags/example_short_circuit_decorator.py for tasks to queue
[2023-04-16T18:25:18.513+0000] {logging_mixin.py:137} INFO - [2023-04-16T18:25:18.513+0000] {dagbag.py:532} INFO - Filling up the DagBag from /home/airflow/.local/lib/python3.7/site-packages/airflow/example_dags/example_short_circuit_decorator.py
[2023-04-16T18:25:18.549+0000] {processor.py:753} INFO - DAG(s) dict_keys(['example_short_circuit_decorator']) retrieved from /home/airflow/.local/lib/python3.7/site-packages/airflow/example_dags/example_short_circuit_decorator.py
[2023-04-16T18:25:18.592+0000] {logging_mixin.py:137} INFO - [2023-04-16T18:25:18.592+0000] {dag.py:2705} INFO - Sync 1 DAGs
[2023-04-16T18:25:18.629+0000] {logging_mixin.py:137} INFO - [2023-04-16T18:25:18.628+0000] {dag.py:3456} INFO - Setting next_dagrun for example_short_circuit_decorator to 2023-04-15T18:25:18.628516+00:00, run_after=2023-04-16T18:25:18.628516+00:00
[2023-04-16T18:25:18.656+0000] {processor.py:175} INFO - Processing /home/airflow/.local/lib/python3.7/site-packages/airflow/example_dags/example_short_circuit_decorator.py took 0.151 seconds
[2023-04-16T18:25:49.245+0000] {processor.py:153} INFO - Started process (PID=2664) to work on /home/airflow/.local/lib/python3.7/site-packages/airflow/example_dags/example_short_circuit_decorator.py
[2023-04-16T18:25:49.246+0000] {processor.py:743} INFO - Processing file /home/airflow/.local/lib/python3.7/site-packages/airflow/example_dags/example_short_circuit_decorator.py for tasks to queue
[2023-04-16T18:25:49.247+0000] {logging_mixin.py:137} INFO - [2023-04-16T18:25:49.246+0000] {dagbag.py:532} INFO - Filling up the DagBag from /home/airflow/.local/lib/python3.7/site-packages/airflow/example_dags/example_short_circuit_decorator.py
[2023-04-16T18:25:49.295+0000] {processor.py:753} INFO - DAG(s) dict_keys(['example_short_circuit_decorator']) retrieved from /home/airflow/.local/lib/python3.7/site-packages/airflow/example_dags/example_short_circuit_decorator.py
[2023-04-16T18:25:49.336+0000] {logging_mixin.py:137} INFO - [2023-04-16T18:25:49.335+0000] {dag.py:2705} INFO - Sync 1 DAGs
[2023-04-16T18:25:49.373+0000] {logging_mixin.py:137} INFO - [2023-04-16T18:25:49.373+0000] {dag.py:3456} INFO - Setting next_dagrun for example_short_circuit_decorator to 2023-04-15T18:25:49.373176+00:00, run_after=2023-04-16T18:25:49.373176+00:00
[2023-04-16T18:25:49.405+0000] {processor.py:175} INFO - Processing /home/airflow/.local/lib/python3.7/site-packages/airflow/example_dags/example_short_circuit_decorator.py took 0.166 seconds
[2023-04-16T18:26:19.971+0000] {processor.py:153} INFO - Started process (PID=2713) to work on /home/airflow/.local/lib/python3.7/site-packages/airflow/example_dags/example_short_circuit_decorator.py
[2023-04-16T18:26:19.973+0000] {processor.py:743} INFO - Processing file /home/airflow/.local/lib/python3.7/site-packages/airflow/example_dags/example_short_circuit_decorator.py for tasks to queue
[2023-04-16T18:26:19.974+0000] {logging_mixin.py:137} INFO - [2023-04-16T18:26:19.974+0000] {dagbag.py:532} INFO - Filling up the DagBag from /home/airflow/.local/lib/python3.7/site-packages/airflow/example_dags/example_short_circuit_decorator.py
[2023-04-16T18:26:20.021+0000] {processor.py:753} INFO - DAG(s) dict_keys(['example_short_circuit_decorator']) retrieved from /home/airflow/.local/lib/python3.7/site-packages/airflow/example_dags/example_short_circuit_decorator.py
[2023-04-16T18:26:20.067+0000] {logging_mixin.py:137} INFO - [2023-04-16T18:26:20.067+0000] {dag.py:2705} INFO - Sync 1 DAGs
[2023-04-16T18:26:20.120+0000] {logging_mixin.py:137} INFO - [2023-04-16T18:26:20.120+0000] {dag.py:3456} INFO - Setting next_dagrun for example_short_circuit_decorator to 2023-04-15T18:26:20.119785+00:00, run_after=2023-04-16T18:26:20.119785+00:00
[2023-04-16T18:26:20.152+0000] {processor.py:175} INFO - Processing /home/airflow/.local/lib/python3.7/site-packages/airflow/example_dags/example_short_circuit_decorator.py took 0.188 seconds
[2023-04-16T18:26:50.702+0000] {processor.py:153} INFO - Started process (PID=2763) to work on /home/airflow/.local/lib/python3.7/site-packages/airflow/example_dags/example_short_circuit_decorator.py
[2023-04-16T18:26:50.703+0000] {processor.py:743} INFO - Processing file /home/airflow/.local/lib/python3.7/site-packages/airflow/example_dags/example_short_circuit_decorator.py for tasks to queue
[2023-04-16T18:26:50.704+0000] {logging_mixin.py:137} INFO - [2023-04-16T18:26:50.704+0000] {dagbag.py:532} INFO - Filling up the DagBag from /home/airflow/.local/lib/python3.7/site-packages/airflow/example_dags/example_short_circuit_decorator.py
[2023-04-16T18:26:50.740+0000] {processor.py:753} INFO - DAG(s) dict_keys(['example_short_circuit_decorator']) retrieved from /home/airflow/.local/lib/python3.7/site-packages/airflow/example_dags/example_short_circuit_decorator.py
[2023-04-16T18:26:50.798+0000] {logging_mixin.py:137} INFO - [2023-04-16T18:26:50.798+0000] {dag.py:2705} INFO - Sync 1 DAGs
[2023-04-16T18:26:50.840+0000] {logging_mixin.py:137} INFO - [2023-04-16T18:26:50.840+0000] {dag.py:3456} INFO - Setting next_dagrun for example_short_circuit_decorator to 2023-04-15T18:26:50.840448+00:00, run_after=2023-04-16T18:26:50.840448+00:00
[2023-04-16T18:26:50.867+0000] {processor.py:175} INFO - Processing /home/airflow/.local/lib/python3.7/site-packages/airflow/example_dags/example_short_circuit_decorator.py took 0.170 seconds
[2023-04-16T18:27:21.450+0000] {processor.py:153} INFO - Started process (PID=2813) to work on /home/airflow/.local/lib/python3.7/site-packages/airflow/example_dags/example_short_circuit_decorator.py
[2023-04-16T18:27:21.452+0000] {processor.py:743} INFO - Processing file /home/airflow/.local/lib/python3.7/site-packages/airflow/example_dags/example_short_circuit_decorator.py for tasks to queue
[2023-04-16T18:27:21.453+0000] {logging_mixin.py:137} INFO - [2023-04-16T18:27:21.453+0000] {dagbag.py:532} INFO - Filling up the DagBag from /home/airflow/.local/lib/python3.7/site-packages/airflow/example_dags/example_short_circuit_decorator.py
[2023-04-16T18:27:21.491+0000] {processor.py:753} INFO - DAG(s) dict_keys(['example_short_circuit_decorator']) retrieved from /home/airflow/.local/lib/python3.7/site-packages/airflow/example_dags/example_short_circuit_decorator.py
[2023-04-16T18:27:21.543+0000] {logging_mixin.py:137} INFO - [2023-04-16T18:27:21.543+0000] {dag.py:2705} INFO - Sync 1 DAGs
[2023-04-16T18:27:21.581+0000] {logging_mixin.py:137} INFO - [2023-04-16T18:27:21.580+0000] {dag.py:3456} INFO - Setting next_dagrun for example_short_circuit_decorator to 2023-04-15T18:27:21.580403+00:00, run_after=2023-04-16T18:27:21.580403+00:00
[2023-04-16T18:27:21.620+0000] {processor.py:175} INFO - Processing /home/airflow/.local/lib/python3.7/site-packages/airflow/example_dags/example_short_circuit_decorator.py took 0.175 seconds
[2023-04-16T18:27:52.098+0000] {processor.py:153} INFO - Started process (PID=2864) to work on /home/airflow/.local/lib/python3.7/site-packages/airflow/example_dags/example_short_circuit_decorator.py
[2023-04-16T18:27:52.099+0000] {processor.py:743} INFO - Processing file /home/airflow/.local/lib/python3.7/site-packages/airflow/example_dags/example_short_circuit_decorator.py for tasks to queue
[2023-04-16T18:27:52.100+0000] {logging_mixin.py:137} INFO - [2023-04-16T18:27:52.100+0000] {dagbag.py:532} INFO - Filling up the DagBag from /home/airflow/.local/lib/python3.7/site-packages/airflow/example_dags/example_short_circuit_decorator.py
[2023-04-16T18:27:52.138+0000] {processor.py:753} INFO - DAG(s) dict_keys(['example_short_circuit_decorator']) retrieved from /home/airflow/.local/lib/python3.7/site-packages/airflow/example_dags/example_short_circuit_decorator.py
[2023-04-16T18:27:52.181+0000] {logging_mixin.py:137} INFO - [2023-04-16T18:27:52.181+0000] {dag.py:2705} INFO - Sync 1 DAGs
[2023-04-16T18:27:52.222+0000] {logging_mixin.py:137} INFO - [2023-04-16T18:27:52.221+0000] {dag.py:3456} INFO - Setting next_dagrun for example_short_circuit_decorator to 2023-04-15T18:27:52.221645+00:00, run_after=2023-04-16T18:27:52.221645+00:00
[2023-04-16T18:27:52.246+0000] {processor.py:175} INFO - Processing /home/airflow/.local/lib/python3.7/site-packages/airflow/example_dags/example_short_circuit_decorator.py took 0.153 seconds
[2023-04-16T18:28:22.698+0000] {processor.py:153} INFO - Started process (PID=2914) to work on /home/airflow/.local/lib/python3.7/site-packages/airflow/example_dags/example_short_circuit_decorator.py
[2023-04-16T18:28:22.700+0000] {processor.py:743} INFO - Processing file /home/airflow/.local/lib/python3.7/site-packages/airflow/example_dags/example_short_circuit_decorator.py for tasks to queue
[2023-04-16T18:28:22.702+0000] {logging_mixin.py:137} INFO - [2023-04-16T18:28:22.701+0000] {dagbag.py:532} INFO - Filling up the DagBag from /home/airflow/.local/lib/python3.7/site-packages/airflow/example_dags/example_short_circuit_decorator.py
[2023-04-16T18:28:22.748+0000] {processor.py:753} INFO - DAG(s) dict_keys(['example_short_circuit_decorator']) retrieved from /home/airflow/.local/lib/python3.7/site-packages/airflow/example_dags/example_short_circuit_decorator.py
[2023-04-16T18:28:22.790+0000] {logging_mixin.py:137} INFO - [2023-04-16T18:28:22.790+0000] {dag.py:2705} INFO - Sync 1 DAGs
[2023-04-16T18:28:22.827+0000] {logging_mixin.py:137} INFO - [2023-04-16T18:28:22.827+0000] {dag.py:3456} INFO - Setting next_dagrun for example_short_circuit_decorator to 2023-04-15T18:28:22.826790+00:00, run_after=2023-04-16T18:28:22.826790+00:00
[2023-04-16T18:28:22.855+0000] {processor.py:175} INFO - Processing /home/airflow/.local/lib/python3.7/site-packages/airflow/example_dags/example_short_circuit_decorator.py took 0.162 seconds
[2023-04-16T18:28:53.442+0000] {processor.py:153} INFO - Started process (PID=2964) to work on /home/airflow/.local/lib/python3.7/site-packages/airflow/example_dags/example_short_circuit_decorator.py
[2023-04-16T18:28:53.443+0000] {processor.py:743} INFO - Processing file /home/airflow/.local/lib/python3.7/site-packages/airflow/example_dags/example_short_circuit_decorator.py for tasks to queue
[2023-04-16T18:28:53.444+0000] {logging_mixin.py:137} INFO - [2023-04-16T18:28:53.444+0000] {dagbag.py:532} INFO - Filling up the DagBag from /home/airflow/.local/lib/python3.7/site-packages/airflow/example_dags/example_short_circuit_decorator.py
[2023-04-16T18:28:53.485+0000] {processor.py:753} INFO - DAG(s) dict_keys(['example_short_circuit_decorator']) retrieved from /home/airflow/.local/lib/python3.7/site-packages/airflow/example_dags/example_short_circuit_decorator.py
[2023-04-16T18:28:53.533+0000] {logging_mixin.py:137} INFO - [2023-04-16T18:28:53.532+0000] {dag.py:2705} INFO - Sync 1 DAGs
[2023-04-16T18:28:53.572+0000] {logging_mixin.py:137} INFO - [2023-04-16T18:28:53.571+0000] {dag.py:3456} INFO - Setting next_dagrun for example_short_circuit_decorator to 2023-04-15T18:28:53.571287+00:00, run_after=2023-04-16T18:28:53.571287+00:00
[2023-04-16T18:28:53.598+0000] {processor.py:175} INFO - Processing /home/airflow/.local/lib/python3.7/site-packages/airflow/example_dags/example_short_circuit_decorator.py took 0.162 seconds
[2023-04-16T18:29:24.116+0000] {processor.py:153} INFO - Started process (PID=3015) to work on /home/airflow/.local/lib/python3.7/site-packages/airflow/example_dags/example_short_circuit_decorator.py
[2023-04-16T18:29:24.117+0000] {processor.py:743} INFO - Processing file /home/airflow/.local/lib/python3.7/site-packages/airflow/example_dags/example_short_circuit_decorator.py for tasks to queue
[2023-04-16T18:29:24.118+0000] {logging_mixin.py:137} INFO - [2023-04-16T18:29:24.117+0000] {dagbag.py:532} INFO - Filling up the DagBag from /home/airflow/.local/lib/python3.7/site-packages/airflow/example_dags/example_short_circuit_decorator.py
[2023-04-16T18:29:24.154+0000] {processor.py:753} INFO - DAG(s) dict_keys(['example_short_circuit_decorator']) retrieved from /home/airflow/.local/lib/python3.7/site-packages/airflow/example_dags/example_short_circuit_decorator.py
[2023-04-16T18:29:24.194+0000] {logging_mixin.py:137} INFO - [2023-04-16T18:29:24.194+0000] {dag.py:2705} INFO - Sync 1 DAGs
[2023-04-16T18:29:24.230+0000] {logging_mixin.py:137} INFO - [2023-04-16T18:29:24.230+0000] {dag.py:3456} INFO - Setting next_dagrun for example_short_circuit_decorator to 2023-04-15T18:29:24.230108+00:00, run_after=2023-04-16T18:29:24.230108+00:00
[2023-04-16T18:29:24.255+0000] {processor.py:175} INFO - Processing /home/airflow/.local/lib/python3.7/site-packages/airflow/example_dags/example_short_circuit_decorator.py took 0.145 seconds
[2023-04-16T18:29:54.693+0000] {processor.py:153} INFO - Started process (PID=3066) to work on /home/airflow/.local/lib/python3.7/site-packages/airflow/example_dags/example_short_circuit_decorator.py
[2023-04-16T18:29:54.695+0000] {processor.py:743} INFO - Processing file /home/airflow/.local/lib/python3.7/site-packages/airflow/example_dags/example_short_circuit_decorator.py for tasks to queue
[2023-04-16T18:29:54.696+0000] {logging_mixin.py:137} INFO - [2023-04-16T18:29:54.696+0000] {dagbag.py:532} INFO - Filling up the DagBag from /home/airflow/.local/lib/python3.7/site-packages/airflow/example_dags/example_short_circuit_decorator.py
[2023-04-16T18:29:54.745+0000] {processor.py:753} INFO - DAG(s) dict_keys(['example_short_circuit_decorator']) retrieved from /home/airflow/.local/lib/python3.7/site-packages/airflow/example_dags/example_short_circuit_decorator.py
[2023-04-16T18:29:54.786+0000] {logging_mixin.py:137} INFO - [2023-04-16T18:29:54.785+0000] {dag.py:2705} INFO - Sync 1 DAGs
[2023-04-16T18:29:54.822+0000] {logging_mixin.py:137} INFO - [2023-04-16T18:29:54.822+0000] {dag.py:3456} INFO - Setting next_dagrun for example_short_circuit_decorator to 2023-04-15T18:29:54.821670+00:00, run_after=2023-04-16T18:29:54.821670+00:00
[2023-04-16T18:29:54.848+0000] {processor.py:175} INFO - Processing /home/airflow/.local/lib/python3.7/site-packages/airflow/example_dags/example_short_circuit_decorator.py took 0.162 seconds
[2023-04-16T18:30:25.453+0000] {processor.py:153} INFO - Started process (PID=3116) to work on /home/airflow/.local/lib/python3.7/site-packages/airflow/example_dags/example_short_circuit_decorator.py
[2023-04-16T18:30:25.454+0000] {processor.py:743} INFO - Processing file /home/airflow/.local/lib/python3.7/site-packages/airflow/example_dags/example_short_circuit_decorator.py for tasks to queue
[2023-04-16T18:30:25.455+0000] {logging_mixin.py:137} INFO - [2023-04-16T18:30:25.455+0000] {dagbag.py:532} INFO - Filling up the DagBag from /home/airflow/.local/lib/python3.7/site-packages/airflow/example_dags/example_short_circuit_decorator.py
[2023-04-16T18:30:25.492+0000] {processor.py:753} INFO - DAG(s) dict_keys(['example_short_circuit_decorator']) retrieved from /home/airflow/.local/lib/python3.7/site-packages/airflow/example_dags/example_short_circuit_decorator.py
[2023-04-16T18:30:25.537+0000] {logging_mixin.py:137} INFO - [2023-04-16T18:30:25.537+0000] {dag.py:2705} INFO - Sync 1 DAGs
[2023-04-16T18:30:25.576+0000] {logging_mixin.py:137} INFO - [2023-04-16T18:30:25.576+0000] {dag.py:3456} INFO - Setting next_dagrun for example_short_circuit_decorator to 2023-04-15T18:30:25.575997+00:00, run_after=2023-04-16T18:30:25.575997+00:00
[2023-04-16T18:30:25.603+0000] {processor.py:175} INFO - Processing /home/airflow/.local/lib/python3.7/site-packages/airflow/example_dags/example_short_circuit_decorator.py took 0.155 seconds
