[2023-04-16T17:59:22.827+0000] {processor.py:153} INFO - Started process (PID=62) to work on /home/airflow/.local/lib/python3.7/site-packages/airflow/example_dags/example_xcomargs.py
[2023-04-16T17:59:22.828+0000] {processor.py:743} INFO - Processing file /home/airflow/.local/lib/python3.7/site-packages/airflow/example_dags/example_xcomargs.py for tasks to queue
[2023-04-16T17:59:22.829+0000] {logging_mixin.py:137} INFO - [2023-04-16T17:59:22.829+0000] {dagbag.py:532} INFO - Filling up the DagBag from /home/airflow/.local/lib/python3.7/site-packages/airflow/example_dags/example_xcomargs.py
[2023-04-16T17:59:22.869+0000] {processor.py:753} INFO - DAG(s) dict_keys(['example_xcom_args', 'example_xcom_args_with_operators']) retrieved from /home/airflow/.local/lib/python3.7/site-packages/airflow/example_dags/example_xcomargs.py
[2023-04-16T17:59:22.946+0000] {logging_mixin.py:137} INFO - [2023-04-16T17:59:22.946+0000] {dag.py:2705} INFO - Sync 2 DAGs
[2023-04-16T17:59:23.024+0000] {logging_mixin.py:137} INFO - [2023-04-16T17:59:23.024+0000] {dag.py:3456} INFO - Setting next_dagrun for example_xcom_args to None, run_after=None
[2023-04-16T17:59:23.034+0000] {logging_mixin.py:137} INFO - [2023-04-16T17:59:23.033+0000] {dag.py:3456} INFO - Setting next_dagrun for example_xcom_args_with_operators to None, run_after=None
[2023-04-16T17:59:23.078+0000] {processor.py:175} INFO - Processing /home/airflow/.local/lib/python3.7/site-packages/airflow/example_dags/example_xcomargs.py took 0.257 seconds
[2023-04-16T17:59:53.874+0000] {processor.py:153} INFO - Started process (PID=112) to work on /home/airflow/.local/lib/python3.7/site-packages/airflow/example_dags/example_xcomargs.py
[2023-04-16T17:59:53.875+0000] {processor.py:743} INFO - Processing file /home/airflow/.local/lib/python3.7/site-packages/airflow/example_dags/example_xcomargs.py for tasks to queue
[2023-04-16T17:59:53.876+0000] {logging_mixin.py:137} INFO - [2023-04-16T17:59:53.876+0000] {dagbag.py:532} INFO - Filling up the DagBag from /home/airflow/.local/lib/python3.7/site-packages/airflow/example_dags/example_xcomargs.py
[2023-04-16T17:59:53.914+0000] {processor.py:753} INFO - DAG(s) dict_keys(['example_xcom_args', 'example_xcom_args_with_operators']) retrieved from /home/airflow/.local/lib/python3.7/site-packages/airflow/example_dags/example_xcomargs.py
[2023-04-16T17:59:53.964+0000] {logging_mixin.py:137} INFO - [2023-04-16T17:59:53.964+0000] {dag.py:2705} INFO - Sync 2 DAGs
[2023-04-16T17:59:54.020+0000] {logging_mixin.py:137} INFO - [2023-04-16T17:59:54.020+0000] {dag.py:3456} INFO - Setting next_dagrun for example_xcom_args to None, run_after=None
[2023-04-16T17:59:54.026+0000] {logging_mixin.py:137} INFO - [2023-04-16T17:59:54.026+0000] {dag.py:3456} INFO - Setting next_dagrun for example_xcom_args_with_operators to None, run_after=None
[2023-04-16T17:59:54.056+0000] {processor.py:175} INFO - Processing /home/airflow/.local/lib/python3.7/site-packages/airflow/example_dags/example_xcomargs.py took 0.190 seconds
[2023-04-16T18:00:24.280+0000] {processor.py:153} INFO - Started process (PID=163) to work on /home/airflow/.local/lib/python3.7/site-packages/airflow/example_dags/example_xcomargs.py
[2023-04-16T18:00:24.281+0000] {processor.py:743} INFO - Processing file /home/airflow/.local/lib/python3.7/site-packages/airflow/example_dags/example_xcomargs.py for tasks to queue
[2023-04-16T18:00:24.282+0000] {logging_mixin.py:137} INFO - [2023-04-16T18:00:24.282+0000] {dagbag.py:532} INFO - Filling up the DagBag from /home/airflow/.local/lib/python3.7/site-packages/airflow/example_dags/example_xcomargs.py
[2023-04-16T18:00:24.317+0000] {processor.py:753} INFO - DAG(s) dict_keys(['example_xcom_args', 'example_xcom_args_with_operators']) retrieved from /home/airflow/.local/lib/python3.7/site-packages/airflow/example_dags/example_xcomargs.py
[2023-04-16T18:00:24.360+0000] {logging_mixin.py:137} INFO - [2023-04-16T18:00:24.360+0000] {dag.py:2705} INFO - Sync 2 DAGs
[2023-04-16T18:00:24.397+0000] {logging_mixin.py:137} INFO - [2023-04-16T18:00:24.396+0000] {dag.py:3456} INFO - Setting next_dagrun for example_xcom_args to None, run_after=None
[2023-04-16T18:00:24.403+0000] {logging_mixin.py:137} INFO - [2023-04-16T18:00:24.402+0000] {dag.py:3456} INFO - Setting next_dagrun for example_xcom_args_with_operators to None, run_after=None
[2023-04-16T18:00:24.440+0000] {processor.py:175} INFO - Processing /home/airflow/.local/lib/python3.7/site-packages/airflow/example_dags/example_xcomargs.py took 0.166 seconds
[2023-04-16T18:00:54.559+0000] {processor.py:153} INFO - Started process (PID=213) to work on /home/airflow/.local/lib/python3.7/site-packages/airflow/example_dags/example_xcomargs.py
[2023-04-16T18:00:54.561+0000] {processor.py:743} INFO - Processing file /home/airflow/.local/lib/python3.7/site-packages/airflow/example_dags/example_xcomargs.py for tasks to queue
[2023-04-16T18:00:54.562+0000] {logging_mixin.py:137} INFO - [2023-04-16T18:00:54.562+0000] {dagbag.py:532} INFO - Filling up the DagBag from /home/airflow/.local/lib/python3.7/site-packages/airflow/example_dags/example_xcomargs.py
[2023-04-16T18:00:54.599+0000] {processor.py:753} INFO - DAG(s) dict_keys(['example_xcom_args_with_operators', 'example_xcom_args']) retrieved from /home/airflow/.local/lib/python3.7/site-packages/airflow/example_dags/example_xcomargs.py
[2023-04-16T18:00:54.641+0000] {logging_mixin.py:137} INFO - [2023-04-16T18:00:54.640+0000] {dag.py:2705} INFO - Sync 2 DAGs
[2023-04-16T18:00:54.676+0000] {logging_mixin.py:137} INFO - [2023-04-16T18:00:54.676+0000] {dag.py:3456} INFO - Setting next_dagrun for example_xcom_args to None, run_after=None
[2023-04-16T18:00:54.682+0000] {logging_mixin.py:137} INFO - [2023-04-16T18:00:54.682+0000] {dag.py:3456} INFO - Setting next_dagrun for example_xcom_args_with_operators to None, run_after=None
[2023-04-16T18:00:54.707+0000] {processor.py:175} INFO - Processing /home/airflow/.local/lib/python3.7/site-packages/airflow/example_dags/example_xcomargs.py took 0.153 seconds
[2023-04-16T18:01:24.802+0000] {processor.py:153} INFO - Started process (PID=263) to work on /home/airflow/.local/lib/python3.7/site-packages/airflow/example_dags/example_xcomargs.py
[2023-04-16T18:01:24.804+0000] {processor.py:743} INFO - Processing file /home/airflow/.local/lib/python3.7/site-packages/airflow/example_dags/example_xcomargs.py for tasks to queue
[2023-04-16T18:01:24.804+0000] {logging_mixin.py:137} INFO - [2023-04-16T18:01:24.804+0000] {dagbag.py:532} INFO - Filling up the DagBag from /home/airflow/.local/lib/python3.7/site-packages/airflow/example_dags/example_xcomargs.py
[2023-04-16T18:01:24.839+0000] {processor.py:753} INFO - DAG(s) dict_keys(['example_xcom_args', 'example_xcom_args_with_operators']) retrieved from /home/airflow/.local/lib/python3.7/site-packages/airflow/example_dags/example_xcomargs.py
[2023-04-16T18:01:24.883+0000] {logging_mixin.py:137} INFO - [2023-04-16T18:01:24.883+0000] {dag.py:2705} INFO - Sync 2 DAGs
[2023-04-16T18:01:24.920+0000] {logging_mixin.py:137} INFO - [2023-04-16T18:01:24.920+0000] {dag.py:3456} INFO - Setting next_dagrun for example_xcom_args to None, run_after=None
[2023-04-16T18:01:24.924+0000] {logging_mixin.py:137} INFO - [2023-04-16T18:01:24.924+0000] {dag.py:3456} INFO - Setting next_dagrun for example_xcom_args_with_operators to None, run_after=None
[2023-04-16T18:01:24.953+0000] {processor.py:175} INFO - Processing /home/airflow/.local/lib/python3.7/site-packages/airflow/example_dags/example_xcomargs.py took 0.156 seconds
[2023-04-16T18:01:55.332+0000] {processor.py:153} INFO - Started process (PID=313) to work on /home/airflow/.local/lib/python3.7/site-packages/airflow/example_dags/example_xcomargs.py
[2023-04-16T18:01:55.334+0000] {processor.py:743} INFO - Processing file /home/airflow/.local/lib/python3.7/site-packages/airflow/example_dags/example_xcomargs.py for tasks to queue
[2023-04-16T18:01:55.334+0000] {logging_mixin.py:137} INFO - [2023-04-16T18:01:55.334+0000] {dagbag.py:532} INFO - Filling up the DagBag from /home/airflow/.local/lib/python3.7/site-packages/airflow/example_dags/example_xcomargs.py
[2023-04-16T18:01:55.369+0000] {processor.py:753} INFO - DAG(s) dict_keys(['example_xcom_args_with_operators', 'example_xcom_args']) retrieved from /home/airflow/.local/lib/python3.7/site-packages/airflow/example_dags/example_xcomargs.py
[2023-04-16T18:01:55.413+0000] {logging_mixin.py:137} INFO - [2023-04-16T18:01:55.412+0000] {dag.py:2705} INFO - Sync 2 DAGs
[2023-04-16T18:01:55.449+0000] {logging_mixin.py:137} INFO - [2023-04-16T18:01:55.449+0000] {dag.py:3456} INFO - Setting next_dagrun for example_xcom_args to None, run_after=None
[2023-04-16T18:01:55.454+0000] {logging_mixin.py:137} INFO - [2023-04-16T18:01:55.454+0000] {dag.py:3456} INFO - Setting next_dagrun for example_xcom_args_with_operators to None, run_after=None
[2023-04-16T18:01:55.482+0000] {processor.py:175} INFO - Processing /home/airflow/.local/lib/python3.7/site-packages/airflow/example_dags/example_xcomargs.py took 0.155 seconds
[2023-04-16T18:02:25.582+0000] {processor.py:153} INFO - Started process (PID=364) to work on /home/airflow/.local/lib/python3.7/site-packages/airflow/example_dags/example_xcomargs.py
[2023-04-16T18:02:25.584+0000] {processor.py:743} INFO - Processing file /home/airflow/.local/lib/python3.7/site-packages/airflow/example_dags/example_xcomargs.py for tasks to queue
[2023-04-16T18:02:25.585+0000] {logging_mixin.py:137} INFO - [2023-04-16T18:02:25.585+0000] {dagbag.py:532} INFO - Filling up the DagBag from /home/airflow/.local/lib/python3.7/site-packages/airflow/example_dags/example_xcomargs.py
[2023-04-16T18:02:25.624+0000] {processor.py:753} INFO - DAG(s) dict_keys(['example_xcom_args_with_operators', 'example_xcom_args']) retrieved from /home/airflow/.local/lib/python3.7/site-packages/airflow/example_dags/example_xcomargs.py
[2023-04-16T18:02:25.669+0000] {logging_mixin.py:137} INFO - [2023-04-16T18:02:25.668+0000] {dag.py:2705} INFO - Sync 2 DAGs
[2023-04-16T18:02:25.704+0000] {logging_mixin.py:137} INFO - [2023-04-16T18:02:25.704+0000] {dag.py:3456} INFO - Setting next_dagrun for example_xcom_args to None, run_after=None
[2023-04-16T18:02:25.709+0000] {logging_mixin.py:137} INFO - [2023-04-16T18:02:25.709+0000] {dag.py:3456} INFO - Setting next_dagrun for example_xcom_args_with_operators to None, run_after=None
[2023-04-16T18:02:25.736+0000] {processor.py:175} INFO - Processing /home/airflow/.local/lib/python3.7/site-packages/airflow/example_dags/example_xcomargs.py took 0.161 seconds
[2023-04-16T18:02:56.264+0000] {processor.py:153} INFO - Started process (PID=415) to work on /home/airflow/.local/lib/python3.7/site-packages/airflow/example_dags/example_xcomargs.py
[2023-04-16T18:02:56.265+0000] {processor.py:743} INFO - Processing file /home/airflow/.local/lib/python3.7/site-packages/airflow/example_dags/example_xcomargs.py for tasks to queue
[2023-04-16T18:02:56.266+0000] {logging_mixin.py:137} INFO - [2023-04-16T18:02:56.265+0000] {dagbag.py:532} INFO - Filling up the DagBag from /home/airflow/.local/lib/python3.7/site-packages/airflow/example_dags/example_xcomargs.py
[2023-04-16T18:02:56.301+0000] {processor.py:753} INFO - DAG(s) dict_keys(['example_xcom_args', 'example_xcom_args_with_operators']) retrieved from /home/airflow/.local/lib/python3.7/site-packages/airflow/example_dags/example_xcomargs.py
[2023-04-16T18:02:56.347+0000] {logging_mixin.py:137} INFO - [2023-04-16T18:02:56.347+0000] {dag.py:2705} INFO - Sync 2 DAGs
[2023-04-16T18:02:56.389+0000] {logging_mixin.py:137} INFO - [2023-04-16T18:02:56.389+0000] {dag.py:3456} INFO - Setting next_dagrun for example_xcom_args to None, run_after=None
[2023-04-16T18:02:56.394+0000] {logging_mixin.py:137} INFO - [2023-04-16T18:02:56.394+0000] {dag.py:3456} INFO - Setting next_dagrun for example_xcom_args_with_operators to None, run_after=None
[2023-04-16T18:02:56.418+0000] {processor.py:175} INFO - Processing /home/airflow/.local/lib/python3.7/site-packages/airflow/example_dags/example_xcomargs.py took 0.160 seconds
[2023-04-16T18:03:27.128+0000] {processor.py:153} INFO - Started process (PID=465) to work on /home/airflow/.local/lib/python3.7/site-packages/airflow/example_dags/example_xcomargs.py
[2023-04-16T18:03:27.130+0000] {processor.py:743} INFO - Processing file /home/airflow/.local/lib/python3.7/site-packages/airflow/example_dags/example_xcomargs.py for tasks to queue
[2023-04-16T18:03:27.131+0000] {logging_mixin.py:137} INFO - [2023-04-16T18:03:27.131+0000] {dagbag.py:532} INFO - Filling up the DagBag from /home/airflow/.local/lib/python3.7/site-packages/airflow/example_dags/example_xcomargs.py
[2023-04-16T18:03:27.165+0000] {processor.py:753} INFO - DAG(s) dict_keys(['example_xcom_args', 'example_xcom_args_with_operators']) retrieved from /home/airflow/.local/lib/python3.7/site-packages/airflow/example_dags/example_xcomargs.py
[2023-04-16T18:03:27.223+0000] {logging_mixin.py:137} INFO - [2023-04-16T18:03:27.223+0000] {dag.py:2705} INFO - Sync 2 DAGs
[2023-04-16T18:03:27.269+0000] {logging_mixin.py:137} INFO - [2023-04-16T18:03:27.269+0000] {dag.py:3456} INFO - Setting next_dagrun for example_xcom_args to None, run_after=None
[2023-04-16T18:03:27.275+0000] {logging_mixin.py:137} INFO - [2023-04-16T18:03:27.275+0000] {dag.py:3456} INFO - Setting next_dagrun for example_xcom_args_with_operators to None, run_after=None
[2023-04-16T18:03:27.301+0000] {processor.py:175} INFO - Processing /home/airflow/.local/lib/python3.7/site-packages/airflow/example_dags/example_xcomargs.py took 0.178 seconds
[2023-04-16T18:03:57.415+0000] {processor.py:153} INFO - Started process (PID=514) to work on /home/airflow/.local/lib/python3.7/site-packages/airflow/example_dags/example_xcomargs.py
[2023-04-16T18:03:57.416+0000] {processor.py:743} INFO - Processing file /home/airflow/.local/lib/python3.7/site-packages/airflow/example_dags/example_xcomargs.py for tasks to queue
[2023-04-16T18:03:57.417+0000] {logging_mixin.py:137} INFO - [2023-04-16T18:03:57.417+0000] {dagbag.py:532} INFO - Filling up the DagBag from /home/airflow/.local/lib/python3.7/site-packages/airflow/example_dags/example_xcomargs.py
[2023-04-16T18:03:57.452+0000] {processor.py:753} INFO - DAG(s) dict_keys(['example_xcom_args', 'example_xcom_args_with_operators']) retrieved from /home/airflow/.local/lib/python3.7/site-packages/airflow/example_dags/example_xcomargs.py
[2023-04-16T18:03:57.510+0000] {logging_mixin.py:137} INFO - [2023-04-16T18:03:57.510+0000] {dag.py:2705} INFO - Sync 2 DAGs
[2023-04-16T18:03:57.550+0000] {logging_mixin.py:137} INFO - [2023-04-16T18:03:57.550+0000] {dag.py:3456} INFO - Setting next_dagrun for example_xcom_args to None, run_after=None
[2023-04-16T18:03:57.557+0000] {logging_mixin.py:137} INFO - [2023-04-16T18:03:57.557+0000] {dag.py:3456} INFO - Setting next_dagrun for example_xcom_args_with_operators to None, run_after=None
[2023-04-16T18:03:57.591+0000] {processor.py:175} INFO - Processing /home/airflow/.local/lib/python3.7/site-packages/airflow/example_dags/example_xcomargs.py took 0.183 seconds
[2023-04-16T18:04:27.680+0000] {processor.py:153} INFO - Started process (PID=564) to work on /home/airflow/.local/lib/python3.7/site-packages/airflow/example_dags/example_xcomargs.py
[2023-04-16T18:04:27.681+0000] {processor.py:743} INFO - Processing file /home/airflow/.local/lib/python3.7/site-packages/airflow/example_dags/example_xcomargs.py for tasks to queue
[2023-04-16T18:04:27.682+0000] {logging_mixin.py:137} INFO - [2023-04-16T18:04:27.681+0000] {dagbag.py:532} INFO - Filling up the DagBag from /home/airflow/.local/lib/python3.7/site-packages/airflow/example_dags/example_xcomargs.py
[2023-04-16T18:04:27.716+0000] {processor.py:753} INFO - DAG(s) dict_keys(['example_xcom_args', 'example_xcom_args_with_operators']) retrieved from /home/airflow/.local/lib/python3.7/site-packages/airflow/example_dags/example_xcomargs.py
[2023-04-16T18:04:27.757+0000] {logging_mixin.py:137} INFO - [2023-04-16T18:04:27.757+0000] {dag.py:2705} INFO - Sync 2 DAGs
[2023-04-16T18:04:27.794+0000] {logging_mixin.py:137} INFO - [2023-04-16T18:04:27.793+0000] {dag.py:3456} INFO - Setting next_dagrun for example_xcom_args to None, run_after=None
[2023-04-16T18:04:27.798+0000] {logging_mixin.py:137} INFO - [2023-04-16T18:04:27.798+0000] {dag.py:3456} INFO - Setting next_dagrun for example_xcom_args_with_operators to None, run_after=None
[2023-04-16T18:04:27.823+0000] {processor.py:175} INFO - Processing /home/airflow/.local/lib/python3.7/site-packages/airflow/example_dags/example_xcomargs.py took 0.149 seconds
[2023-04-16T18:04:57.958+0000] {processor.py:153} INFO - Started process (PID=613) to work on /home/airflow/.local/lib/python3.7/site-packages/airflow/example_dags/example_xcomargs.py
[2023-04-16T18:04:57.960+0000] {processor.py:743} INFO - Processing file /home/airflow/.local/lib/python3.7/site-packages/airflow/example_dags/example_xcomargs.py for tasks to queue
[2023-04-16T18:04:57.961+0000] {logging_mixin.py:137} INFO - [2023-04-16T18:04:57.961+0000] {dagbag.py:532} INFO - Filling up the DagBag from /home/airflow/.local/lib/python3.7/site-packages/airflow/example_dags/example_xcomargs.py
[2023-04-16T18:04:57.996+0000] {processor.py:753} INFO - DAG(s) dict_keys(['example_xcom_args', 'example_xcom_args_with_operators']) retrieved from /home/airflow/.local/lib/python3.7/site-packages/airflow/example_dags/example_xcomargs.py
[2023-04-16T18:04:58.039+0000] {logging_mixin.py:137} INFO - [2023-04-16T18:04:58.039+0000] {dag.py:2705} INFO - Sync 2 DAGs
[2023-04-16T18:04:58.084+0000] {logging_mixin.py:137} INFO - [2023-04-16T18:04:58.084+0000] {dag.py:3456} INFO - Setting next_dagrun for example_xcom_args to None, run_after=None
[2023-04-16T18:04:58.089+0000] {logging_mixin.py:137} INFO - [2023-04-16T18:04:58.089+0000] {dag.py:3456} INFO - Setting next_dagrun for example_xcom_args_with_operators to None, run_after=None
[2023-04-16T18:04:58.112+0000] {processor.py:175} INFO - Processing /home/airflow/.local/lib/python3.7/site-packages/airflow/example_dags/example_xcomargs.py took 0.161 seconds
[2023-04-16T18:05:28.350+0000] {processor.py:153} INFO - Started process (PID=663) to work on /home/airflow/.local/lib/python3.7/site-packages/airflow/example_dags/example_xcomargs.py
[2023-04-16T18:05:28.352+0000] {processor.py:743} INFO - Processing file /home/airflow/.local/lib/python3.7/site-packages/airflow/example_dags/example_xcomargs.py for tasks to queue
[2023-04-16T18:05:28.353+0000] {logging_mixin.py:137} INFO - [2023-04-16T18:05:28.353+0000] {dagbag.py:532} INFO - Filling up the DagBag from /home/airflow/.local/lib/python3.7/site-packages/airflow/example_dags/example_xcomargs.py
[2023-04-16T18:05:28.403+0000] {processor.py:753} INFO - DAG(s) dict_keys(['example_xcom_args_with_operators', 'example_xcom_args']) retrieved from /home/airflow/.local/lib/python3.7/site-packages/airflow/example_dags/example_xcomargs.py
[2023-04-16T18:05:28.472+0000] {logging_mixin.py:137} INFO - [2023-04-16T18:05:28.472+0000] {dag.py:2705} INFO - Sync 2 DAGs
[2023-04-16T18:05:28.521+0000] {logging_mixin.py:137} INFO - [2023-04-16T18:05:28.521+0000] {dag.py:3456} INFO - Setting next_dagrun for example_xcom_args to None, run_after=None
[2023-04-16T18:05:28.529+0000] {logging_mixin.py:137} INFO - [2023-04-16T18:05:28.528+0000] {dag.py:3456} INFO - Setting next_dagrun for example_xcom_args_with_operators to None, run_after=None
[2023-04-16T18:05:28.558+0000] {processor.py:175} INFO - Processing /home/airflow/.local/lib/python3.7/site-packages/airflow/example_dags/example_xcomargs.py took 0.214 seconds
[2023-04-16T18:05:58.609+0000] {processor.py:153} INFO - Started process (PID=712) to work on /home/airflow/.local/lib/python3.7/site-packages/airflow/example_dags/example_xcomargs.py
[2023-04-16T18:05:58.610+0000] {processor.py:743} INFO - Processing file /home/airflow/.local/lib/python3.7/site-packages/airflow/example_dags/example_xcomargs.py for tasks to queue
[2023-04-16T18:05:58.611+0000] {logging_mixin.py:137} INFO - [2023-04-16T18:05:58.611+0000] {dagbag.py:532} INFO - Filling up the DagBag from /home/airflow/.local/lib/python3.7/site-packages/airflow/example_dags/example_xcomargs.py
[2023-04-16T18:05:58.649+0000] {processor.py:753} INFO - DAG(s) dict_keys(['example_xcom_args', 'example_xcom_args_with_operators']) retrieved from /home/airflow/.local/lib/python3.7/site-packages/airflow/example_dags/example_xcomargs.py
[2023-04-16T18:05:58.709+0000] {logging_mixin.py:137} INFO - [2023-04-16T18:05:58.709+0000] {dag.py:2705} INFO - Sync 2 DAGs
[2023-04-16T18:05:58.776+0000] {logging_mixin.py:137} INFO - [2023-04-16T18:05:58.776+0000] {dag.py:3456} INFO - Setting next_dagrun for example_xcom_args to None, run_after=None
[2023-04-16T18:05:58.788+0000] {logging_mixin.py:137} INFO - [2023-04-16T18:05:58.788+0000] {dag.py:3456} INFO - Setting next_dagrun for example_xcom_args_with_operators to None, run_after=None
[2023-04-16T18:05:58.817+0000] {processor.py:175} INFO - Processing /home/airflow/.local/lib/python3.7/site-packages/airflow/example_dags/example_xcomargs.py took 0.213 seconds
[2023-04-16T18:06:28.977+0000] {processor.py:153} INFO - Started process (PID=762) to work on /home/airflow/.local/lib/python3.7/site-packages/airflow/example_dags/example_xcomargs.py
[2023-04-16T18:06:28.980+0000] {processor.py:743} INFO - Processing file /home/airflow/.local/lib/python3.7/site-packages/airflow/example_dags/example_xcomargs.py for tasks to queue
[2023-04-16T18:06:28.981+0000] {logging_mixin.py:137} INFO - [2023-04-16T18:06:28.981+0000] {dagbag.py:532} INFO - Filling up the DagBag from /home/airflow/.local/lib/python3.7/site-packages/airflow/example_dags/example_xcomargs.py
[2023-04-16T18:06:29.027+0000] {processor.py:753} INFO - DAG(s) dict_keys(['example_xcom_args', 'example_xcom_args_with_operators']) retrieved from /home/airflow/.local/lib/python3.7/site-packages/airflow/example_dags/example_xcomargs.py
[2023-04-16T18:06:29.079+0000] {logging_mixin.py:137} INFO - [2023-04-16T18:06:29.079+0000] {dag.py:2705} INFO - Sync 2 DAGs
[2023-04-16T18:06:29.116+0000] {logging_mixin.py:137} INFO - [2023-04-16T18:06:29.116+0000] {dag.py:3456} INFO - Setting next_dagrun for example_xcom_args to None, run_after=None
[2023-04-16T18:06:29.121+0000] {logging_mixin.py:137} INFO - [2023-04-16T18:06:29.121+0000] {dag.py:3456} INFO - Setting next_dagrun for example_xcom_args_with_operators to None, run_after=None
[2023-04-16T18:06:29.143+0000] {processor.py:175} INFO - Processing /home/airflow/.local/lib/python3.7/site-packages/airflow/example_dags/example_xcomargs.py took 0.173 seconds
[2023-04-16T18:06:59.385+0000] {processor.py:153} INFO - Started process (PID=811) to work on /home/airflow/.local/lib/python3.7/site-packages/airflow/example_dags/example_xcomargs.py
[2023-04-16T18:06:59.386+0000] {processor.py:743} INFO - Processing file /home/airflow/.local/lib/python3.7/site-packages/airflow/example_dags/example_xcomargs.py for tasks to queue
[2023-04-16T18:06:59.388+0000] {logging_mixin.py:137} INFO - [2023-04-16T18:06:59.388+0000] {dagbag.py:532} INFO - Filling up the DagBag from /home/airflow/.local/lib/python3.7/site-packages/airflow/example_dags/example_xcomargs.py
[2023-04-16T18:06:59.423+0000] {processor.py:753} INFO - DAG(s) dict_keys(['example_xcom_args', 'example_xcom_args_with_operators']) retrieved from /home/airflow/.local/lib/python3.7/site-packages/airflow/example_dags/example_xcomargs.py
[2023-04-16T18:06:59.477+0000] {logging_mixin.py:137} INFO - [2023-04-16T18:06:59.477+0000] {dag.py:2705} INFO - Sync 2 DAGs
[2023-04-16T18:06:59.532+0000] {logging_mixin.py:137} INFO - [2023-04-16T18:06:59.531+0000] {dag.py:3456} INFO - Setting next_dagrun for example_xcom_args to None, run_after=None
[2023-04-16T18:06:59.538+0000] {logging_mixin.py:137} INFO - [2023-04-16T18:06:59.538+0000] {dag.py:3456} INFO - Setting next_dagrun for example_xcom_args_with_operators to None, run_after=None
[2023-04-16T18:06:59.568+0000] {processor.py:175} INFO - Processing /home/airflow/.local/lib/python3.7/site-packages/airflow/example_dags/example_xcomargs.py took 0.189 seconds
[2023-04-16T18:07:29.623+0000] {processor.py:153} INFO - Started process (PID=860) to work on /home/airflow/.local/lib/python3.7/site-packages/airflow/example_dags/example_xcomargs.py
[2023-04-16T18:07:29.625+0000] {processor.py:743} INFO - Processing file /home/airflow/.local/lib/python3.7/site-packages/airflow/example_dags/example_xcomargs.py for tasks to queue
[2023-04-16T18:07:29.626+0000] {logging_mixin.py:137} INFO - [2023-04-16T18:07:29.626+0000] {dagbag.py:532} INFO - Filling up the DagBag from /home/airflow/.local/lib/python3.7/site-packages/airflow/example_dags/example_xcomargs.py
[2023-04-16T18:07:29.660+0000] {processor.py:753} INFO - DAG(s) dict_keys(['example_xcom_args_with_operators', 'example_xcom_args']) retrieved from /home/airflow/.local/lib/python3.7/site-packages/airflow/example_dags/example_xcomargs.py
[2023-04-16T18:07:29.703+0000] {logging_mixin.py:137} INFO - [2023-04-16T18:07:29.702+0000] {dag.py:2705} INFO - Sync 2 DAGs
[2023-04-16T18:07:29.738+0000] {logging_mixin.py:137} INFO - [2023-04-16T18:07:29.738+0000] {dag.py:3456} INFO - Setting next_dagrun for example_xcom_args to None, run_after=None
[2023-04-16T18:07:29.743+0000] {logging_mixin.py:137} INFO - [2023-04-16T18:07:29.743+0000] {dag.py:3456} INFO - Setting next_dagrun for example_xcom_args_with_operators to None, run_after=None
[2023-04-16T18:07:29.765+0000] {processor.py:175} INFO - Processing /home/airflow/.local/lib/python3.7/site-packages/airflow/example_dags/example_xcomargs.py took 0.147 seconds
[2023-04-16T18:07:59.819+0000] {processor.py:153} INFO - Started process (PID=909) to work on /home/airflow/.local/lib/python3.7/site-packages/airflow/example_dags/example_xcomargs.py
[2023-04-16T18:07:59.820+0000] {processor.py:743} INFO - Processing file /home/airflow/.local/lib/python3.7/site-packages/airflow/example_dags/example_xcomargs.py for tasks to queue
[2023-04-16T18:07:59.821+0000] {logging_mixin.py:137} INFO - [2023-04-16T18:07:59.820+0000] {dagbag.py:532} INFO - Filling up the DagBag from /home/airflow/.local/lib/python3.7/site-packages/airflow/example_dags/example_xcomargs.py
[2023-04-16T18:07:59.855+0000] {processor.py:753} INFO - DAG(s) dict_keys(['example_xcom_args', 'example_xcom_args_with_operators']) retrieved from /home/airflow/.local/lib/python3.7/site-packages/airflow/example_dags/example_xcomargs.py
[2023-04-16T18:07:59.897+0000] {logging_mixin.py:137} INFO - [2023-04-16T18:07:59.897+0000] {dag.py:2705} INFO - Sync 2 DAGs
[2023-04-16T18:07:59.944+0000] {logging_mixin.py:137} INFO - [2023-04-16T18:07:59.944+0000] {dag.py:3456} INFO - Setting next_dagrun for example_xcom_args to None, run_after=None
[2023-04-16T18:07:59.951+0000] {logging_mixin.py:137} INFO - [2023-04-16T18:07:59.951+0000] {dag.py:3456} INFO - Setting next_dagrun for example_xcom_args_with_operators to None, run_after=None
[2023-04-16T18:07:59.974+0000] {processor.py:175} INFO - Processing /home/airflow/.local/lib/python3.7/site-packages/airflow/example_dags/example_xcomargs.py took 0.161 seconds
[2023-04-16T18:08:30.185+0000] {processor.py:153} INFO - Started process (PID=958) to work on /home/airflow/.local/lib/python3.7/site-packages/airflow/example_dags/example_xcomargs.py
[2023-04-16T18:08:30.187+0000] {processor.py:743} INFO - Processing file /home/airflow/.local/lib/python3.7/site-packages/airflow/example_dags/example_xcomargs.py for tasks to queue
[2023-04-16T18:08:30.187+0000] {logging_mixin.py:137} INFO - [2023-04-16T18:08:30.187+0000] {dagbag.py:532} INFO - Filling up the DagBag from /home/airflow/.local/lib/python3.7/site-packages/airflow/example_dags/example_xcomargs.py
[2023-04-16T18:08:30.222+0000] {processor.py:753} INFO - DAG(s) dict_keys(['example_xcom_args', 'example_xcom_args_with_operators']) retrieved from /home/airflow/.local/lib/python3.7/site-packages/airflow/example_dags/example_xcomargs.py
[2023-04-16T18:08:30.266+0000] {logging_mixin.py:137} INFO - [2023-04-16T18:08:30.266+0000] {dag.py:2705} INFO - Sync 2 DAGs
[2023-04-16T18:08:30.304+0000] {logging_mixin.py:137} INFO - [2023-04-16T18:08:30.304+0000] {dag.py:3456} INFO - Setting next_dagrun for example_xcom_args to None, run_after=None
[2023-04-16T18:08:30.309+0000] {logging_mixin.py:137} INFO - [2023-04-16T18:08:30.309+0000] {dag.py:3456} INFO - Setting next_dagrun for example_xcom_args_with_operators to None, run_after=None
[2023-04-16T18:08:30.338+0000] {processor.py:175} INFO - Processing /home/airflow/.local/lib/python3.7/site-packages/airflow/example_dags/example_xcomargs.py took 0.158 seconds
[2023-04-16T18:09:00.383+0000] {processor.py:153} INFO - Started process (PID=1008) to work on /home/airflow/.local/lib/python3.7/site-packages/airflow/example_dags/example_xcomargs.py
[2023-04-16T18:09:00.385+0000] {processor.py:743} INFO - Processing file /home/airflow/.local/lib/python3.7/site-packages/airflow/example_dags/example_xcomargs.py for tasks to queue
[2023-04-16T18:09:00.385+0000] {logging_mixin.py:137} INFO - [2023-04-16T18:09:00.385+0000] {dagbag.py:532} INFO - Filling up the DagBag from /home/airflow/.local/lib/python3.7/site-packages/airflow/example_dags/example_xcomargs.py
[2023-04-16T18:09:00.420+0000] {processor.py:753} INFO - DAG(s) dict_keys(['example_xcom_args', 'example_xcom_args_with_operators']) retrieved from /home/airflow/.local/lib/python3.7/site-packages/airflow/example_dags/example_xcomargs.py
[2023-04-16T18:09:00.480+0000] {logging_mixin.py:137} INFO - [2023-04-16T18:09:00.480+0000] {dag.py:2705} INFO - Sync 2 DAGs
[2023-04-16T18:09:00.530+0000] {logging_mixin.py:137} INFO - [2023-04-16T18:09:00.529+0000] {dag.py:3456} INFO - Setting next_dagrun for example_xcom_args to None, run_after=None
[2023-04-16T18:09:00.535+0000] {logging_mixin.py:137} INFO - [2023-04-16T18:09:00.535+0000] {dag.py:3456} INFO - Setting next_dagrun for example_xcom_args_with_operators to None, run_after=None
[2023-04-16T18:09:00.561+0000] {processor.py:175} INFO - Processing /home/airflow/.local/lib/python3.7/site-packages/airflow/example_dags/example_xcomargs.py took 0.183 seconds
[2023-04-16T18:09:30.598+0000] {processor.py:153} INFO - Started process (PID=1057) to work on /home/airflow/.local/lib/python3.7/site-packages/airflow/example_dags/example_xcomargs.py
[2023-04-16T18:09:30.600+0000] {processor.py:743} INFO - Processing file /home/airflow/.local/lib/python3.7/site-packages/airflow/example_dags/example_xcomargs.py for tasks to queue
[2023-04-16T18:09:30.601+0000] {logging_mixin.py:137} INFO - [2023-04-16T18:09:30.601+0000] {dagbag.py:532} INFO - Filling up the DagBag from /home/airflow/.local/lib/python3.7/site-packages/airflow/example_dags/example_xcomargs.py
[2023-04-16T18:09:30.638+0000] {processor.py:753} INFO - DAG(s) dict_keys(['example_xcom_args_with_operators', 'example_xcom_args']) retrieved from /home/airflow/.local/lib/python3.7/site-packages/airflow/example_dags/example_xcomargs.py
[2023-04-16T18:09:30.697+0000] {logging_mixin.py:137} INFO - [2023-04-16T18:09:30.697+0000] {dag.py:2705} INFO - Sync 2 DAGs
[2023-04-16T18:09:30.749+0000] {logging_mixin.py:137} INFO - [2023-04-16T18:09:30.749+0000] {dag.py:3456} INFO - Setting next_dagrun for example_xcom_args to None, run_after=None
[2023-04-16T18:09:30.756+0000] {logging_mixin.py:137} INFO - [2023-04-16T18:09:30.756+0000] {dag.py:3456} INFO - Setting next_dagrun for example_xcom_args_with_operators to None, run_after=None
[2023-04-16T18:09:30.783+0000] {processor.py:175} INFO - Processing /home/airflow/.local/lib/python3.7/site-packages/airflow/example_dags/example_xcomargs.py took 0.190 seconds
[2023-04-16T18:10:01.257+0000] {processor.py:153} INFO - Started process (PID=1108) to work on /home/airflow/.local/lib/python3.7/site-packages/airflow/example_dags/example_xcomargs.py
[2023-04-16T18:10:01.259+0000] {processor.py:743} INFO - Processing file /home/airflow/.local/lib/python3.7/site-packages/airflow/example_dags/example_xcomargs.py for tasks to queue
[2023-04-16T18:10:01.260+0000] {logging_mixin.py:137} INFO - [2023-04-16T18:10:01.260+0000] {dagbag.py:532} INFO - Filling up the DagBag from /home/airflow/.local/lib/python3.7/site-packages/airflow/example_dags/example_xcomargs.py
[2023-04-16T18:10:01.294+0000] {processor.py:753} INFO - DAG(s) dict_keys(['example_xcom_args_with_operators', 'example_xcom_args']) retrieved from /home/airflow/.local/lib/python3.7/site-packages/airflow/example_dags/example_xcomargs.py
[2023-04-16T18:10:01.352+0000] {logging_mixin.py:137} INFO - [2023-04-16T18:10:01.352+0000] {dag.py:2705} INFO - Sync 2 DAGs
[2023-04-16T18:10:01.388+0000] {logging_mixin.py:137} INFO - [2023-04-16T18:10:01.388+0000] {dag.py:3456} INFO - Setting next_dagrun for example_xcom_args to None, run_after=None
[2023-04-16T18:10:01.395+0000] {logging_mixin.py:137} INFO - [2023-04-16T18:10:01.394+0000] {dag.py:3456} INFO - Setting next_dagrun for example_xcom_args_with_operators to None, run_after=None
[2023-04-16T18:10:01.424+0000] {processor.py:175} INFO - Processing /home/airflow/.local/lib/python3.7/site-packages/airflow/example_dags/example_xcomargs.py took 0.172 seconds
[2023-04-16T18:10:32.129+0000] {processor.py:153} INFO - Started process (PID=1158) to work on /home/airflow/.local/lib/python3.7/site-packages/airflow/example_dags/example_xcomargs.py
[2023-04-16T18:10:32.131+0000] {processor.py:743} INFO - Processing file /home/airflow/.local/lib/python3.7/site-packages/airflow/example_dags/example_xcomargs.py for tasks to queue
[2023-04-16T18:10:32.132+0000] {logging_mixin.py:137} INFO - [2023-04-16T18:10:32.132+0000] {dagbag.py:532} INFO - Filling up the DagBag from /home/airflow/.local/lib/python3.7/site-packages/airflow/example_dags/example_xcomargs.py
[2023-04-16T18:10:32.167+0000] {processor.py:753} INFO - DAG(s) dict_keys(['example_xcom_args', 'example_xcom_args_with_operators']) retrieved from /home/airflow/.local/lib/python3.7/site-packages/airflow/example_dags/example_xcomargs.py
[2023-04-16T18:10:32.212+0000] {logging_mixin.py:137} INFO - [2023-04-16T18:10:32.212+0000] {dag.py:2705} INFO - Sync 2 DAGs
[2023-04-16T18:10:32.254+0000] {logging_mixin.py:137} INFO - [2023-04-16T18:10:32.254+0000] {dag.py:3456} INFO - Setting next_dagrun for example_xcom_args to None, run_after=None
[2023-04-16T18:10:32.259+0000] {logging_mixin.py:137} INFO - [2023-04-16T18:10:32.259+0000] {dag.py:3456} INFO - Setting next_dagrun for example_xcom_args_with_operators to None, run_after=None
[2023-04-16T18:10:32.291+0000] {processor.py:175} INFO - Processing /home/airflow/.local/lib/python3.7/site-packages/airflow/example_dags/example_xcomargs.py took 0.167 seconds
[2023-04-16T18:11:02.949+0000] {processor.py:153} INFO - Started process (PID=1208) to work on /home/airflow/.local/lib/python3.7/site-packages/airflow/example_dags/example_xcomargs.py
[2023-04-16T18:11:02.950+0000] {processor.py:743} INFO - Processing file /home/airflow/.local/lib/python3.7/site-packages/airflow/example_dags/example_xcomargs.py for tasks to queue
[2023-04-16T18:11:02.951+0000] {logging_mixin.py:137} INFO - [2023-04-16T18:11:02.951+0000] {dagbag.py:532} INFO - Filling up the DagBag from /home/airflow/.local/lib/python3.7/site-packages/airflow/example_dags/example_xcomargs.py
[2023-04-16T18:11:02.985+0000] {processor.py:753} INFO - DAG(s) dict_keys(['example_xcom_args', 'example_xcom_args_with_operators']) retrieved from /home/airflow/.local/lib/python3.7/site-packages/airflow/example_dags/example_xcomargs.py
[2023-04-16T18:11:03.031+0000] {logging_mixin.py:137} INFO - [2023-04-16T18:11:03.031+0000] {dag.py:2705} INFO - Sync 2 DAGs
[2023-04-16T18:11:03.067+0000] {logging_mixin.py:137} INFO - [2023-04-16T18:11:03.067+0000] {dag.py:3456} INFO - Setting next_dagrun for example_xcom_args to None, run_after=None
[2023-04-16T18:11:03.072+0000] {logging_mixin.py:137} INFO - [2023-04-16T18:11:03.072+0000] {dag.py:3456} INFO - Setting next_dagrun for example_xcom_args_with_operators to None, run_after=None
[2023-04-16T18:11:03.094+0000] {processor.py:175} INFO - Processing /home/airflow/.local/lib/python3.7/site-packages/airflow/example_dags/example_xcomargs.py took 0.150 seconds
[2023-04-16T18:11:33.720+0000] {processor.py:153} INFO - Started process (PID=1259) to work on /home/airflow/.local/lib/python3.7/site-packages/airflow/example_dags/example_xcomargs.py
[2023-04-16T18:11:33.722+0000] {processor.py:743} INFO - Processing file /home/airflow/.local/lib/python3.7/site-packages/airflow/example_dags/example_xcomargs.py for tasks to queue
[2023-04-16T18:11:33.722+0000] {logging_mixin.py:137} INFO - [2023-04-16T18:11:33.722+0000] {dagbag.py:532} INFO - Filling up the DagBag from /home/airflow/.local/lib/python3.7/site-packages/airflow/example_dags/example_xcomargs.py
[2023-04-16T18:11:33.756+0000] {processor.py:753} INFO - DAG(s) dict_keys(['example_xcom_args', 'example_xcom_args_with_operators']) retrieved from /home/airflow/.local/lib/python3.7/site-packages/airflow/example_dags/example_xcomargs.py
[2023-04-16T18:11:33.798+0000] {logging_mixin.py:137} INFO - [2023-04-16T18:11:33.798+0000] {dag.py:2705} INFO - Sync 2 DAGs
[2023-04-16T18:11:33.833+0000] {logging_mixin.py:137} INFO - [2023-04-16T18:11:33.833+0000] {dag.py:3456} INFO - Setting next_dagrun for example_xcom_args to None, run_after=None
[2023-04-16T18:11:33.838+0000] {logging_mixin.py:137} INFO - [2023-04-16T18:11:33.838+0000] {dag.py:3456} INFO - Setting next_dagrun for example_xcom_args_with_operators to None, run_after=None
[2023-04-16T18:11:33.859+0000] {processor.py:175} INFO - Processing /home/airflow/.local/lib/python3.7/site-packages/airflow/example_dags/example_xcomargs.py took 0.145 seconds
[2023-04-16T18:12:04.324+0000] {processor.py:153} INFO - Started process (PID=1309) to work on /home/airflow/.local/lib/python3.7/site-packages/airflow/example_dags/example_xcomargs.py
[2023-04-16T18:12:04.325+0000] {processor.py:743} INFO - Processing file /home/airflow/.local/lib/python3.7/site-packages/airflow/example_dags/example_xcomargs.py for tasks to queue
[2023-04-16T18:12:04.326+0000] {logging_mixin.py:137} INFO - [2023-04-16T18:12:04.326+0000] {dagbag.py:532} INFO - Filling up the DagBag from /home/airflow/.local/lib/python3.7/site-packages/airflow/example_dags/example_xcomargs.py
[2023-04-16T18:12:04.361+0000] {processor.py:753} INFO - DAG(s) dict_keys(['example_xcom_args', 'example_xcom_args_with_operators']) retrieved from /home/airflow/.local/lib/python3.7/site-packages/airflow/example_dags/example_xcomargs.py
[2023-04-16T18:12:04.409+0000] {logging_mixin.py:137} INFO - [2023-04-16T18:12:04.409+0000] {dag.py:2705} INFO - Sync 2 DAGs
[2023-04-16T18:12:04.447+0000] {logging_mixin.py:137} INFO - [2023-04-16T18:12:04.447+0000] {dag.py:3456} INFO - Setting next_dagrun for example_xcom_args to None, run_after=None
[2023-04-16T18:12:04.454+0000] {logging_mixin.py:137} INFO - [2023-04-16T18:12:04.454+0000] {dag.py:3456} INFO - Setting next_dagrun for example_xcom_args_with_operators to None, run_after=None
[2023-04-16T18:12:04.485+0000] {processor.py:175} INFO - Processing /home/airflow/.local/lib/python3.7/site-packages/airflow/example_dags/example_xcomargs.py took 0.167 seconds
[2023-04-16T18:12:34.855+0000] {processor.py:153} INFO - Started process (PID=1359) to work on /home/airflow/.local/lib/python3.7/site-packages/airflow/example_dags/example_xcomargs.py
[2023-04-16T18:12:34.857+0000] {processor.py:743} INFO - Processing file /home/airflow/.local/lib/python3.7/site-packages/airflow/example_dags/example_xcomargs.py for tasks to queue
[2023-04-16T18:12:34.859+0000] {logging_mixin.py:137} INFO - [2023-04-16T18:12:34.858+0000] {dagbag.py:532} INFO - Filling up the DagBag from /home/airflow/.local/lib/python3.7/site-packages/airflow/example_dags/example_xcomargs.py
[2023-04-16T18:12:34.908+0000] {processor.py:753} INFO - DAG(s) dict_keys(['example_xcom_args', 'example_xcom_args_with_operators']) retrieved from /home/airflow/.local/lib/python3.7/site-packages/airflow/example_dags/example_xcomargs.py
[2023-04-16T18:12:34.959+0000] {logging_mixin.py:137} INFO - [2023-04-16T18:12:34.959+0000] {dag.py:2705} INFO - Sync 2 DAGs
[2023-04-16T18:12:35.004+0000] {logging_mixin.py:137} INFO - [2023-04-16T18:12:35.004+0000] {dag.py:3456} INFO - Setting next_dagrun for example_xcom_args to None, run_after=None
[2023-04-16T18:12:35.009+0000] {logging_mixin.py:137} INFO - [2023-04-16T18:12:35.009+0000] {dag.py:3456} INFO - Setting next_dagrun for example_xcom_args_with_operators to None, run_after=None
[2023-04-16T18:12:35.037+0000] {processor.py:175} INFO - Processing /home/airflow/.local/lib/python3.7/site-packages/airflow/example_dags/example_xcomargs.py took 0.187 seconds
[2023-04-16T18:13:05.498+0000] {processor.py:153} INFO - Started process (PID=1409) to work on /home/airflow/.local/lib/python3.7/site-packages/airflow/example_dags/example_xcomargs.py
[2023-04-16T18:13:05.500+0000] {processor.py:743} INFO - Processing file /home/airflow/.local/lib/python3.7/site-packages/airflow/example_dags/example_xcomargs.py for tasks to queue
[2023-04-16T18:13:05.501+0000] {logging_mixin.py:137} INFO - [2023-04-16T18:13:05.501+0000] {dagbag.py:532} INFO - Filling up the DagBag from /home/airflow/.local/lib/python3.7/site-packages/airflow/example_dags/example_xcomargs.py
[2023-04-16T18:13:05.537+0000] {processor.py:753} INFO - DAG(s) dict_keys(['example_xcom_args', 'example_xcom_args_with_operators']) retrieved from /home/airflow/.local/lib/python3.7/site-packages/airflow/example_dags/example_xcomargs.py
[2023-04-16T18:13:05.597+0000] {logging_mixin.py:137} INFO - [2023-04-16T18:13:05.596+0000] {dag.py:2705} INFO - Sync 2 DAGs
[2023-04-16T18:13:05.642+0000] {logging_mixin.py:137} INFO - [2023-04-16T18:13:05.642+0000] {dag.py:3456} INFO - Setting next_dagrun for example_xcom_args to None, run_after=None
[2023-04-16T18:13:05.649+0000] {logging_mixin.py:137} INFO - [2023-04-16T18:13:05.649+0000] {dag.py:3456} INFO - Setting next_dagrun for example_xcom_args_with_operators to None, run_after=None
[2023-04-16T18:13:05.682+0000] {processor.py:175} INFO - Processing /home/airflow/.local/lib/python3.7/site-packages/airflow/example_dags/example_xcomargs.py took 0.190 seconds
[2023-04-16T18:13:36.396+0000] {processor.py:153} INFO - Started process (PID=1460) to work on /home/airflow/.local/lib/python3.7/site-packages/airflow/example_dags/example_xcomargs.py
[2023-04-16T18:13:36.398+0000] {processor.py:743} INFO - Processing file /home/airflow/.local/lib/python3.7/site-packages/airflow/example_dags/example_xcomargs.py for tasks to queue
[2023-04-16T18:13:36.399+0000] {logging_mixin.py:137} INFO - [2023-04-16T18:13:36.399+0000] {dagbag.py:532} INFO - Filling up the DagBag from /home/airflow/.local/lib/python3.7/site-packages/airflow/example_dags/example_xcomargs.py
[2023-04-16T18:13:36.439+0000] {processor.py:753} INFO - DAG(s) dict_keys(['example_xcom_args_with_operators', 'example_xcom_args']) retrieved from /home/airflow/.local/lib/python3.7/site-packages/airflow/example_dags/example_xcomargs.py
[2023-04-16T18:13:36.495+0000] {logging_mixin.py:137} INFO - [2023-04-16T18:13:36.495+0000] {dag.py:2705} INFO - Sync 2 DAGs
[2023-04-16T18:13:36.531+0000] {logging_mixin.py:137} INFO - [2023-04-16T18:13:36.531+0000] {dag.py:3456} INFO - Setting next_dagrun for example_xcom_args to None, run_after=None
[2023-04-16T18:13:36.536+0000] {logging_mixin.py:137} INFO - [2023-04-16T18:13:36.536+0000] {dag.py:3456} INFO - Setting next_dagrun for example_xcom_args_with_operators to None, run_after=None
[2023-04-16T18:13:36.565+0000] {processor.py:175} INFO - Processing /home/airflow/.local/lib/python3.7/site-packages/airflow/example_dags/example_xcomargs.py took 0.174 seconds
[2023-04-16T18:14:06.688+0000] {processor.py:153} INFO - Started process (PID=1511) to work on /home/airflow/.local/lib/python3.7/site-packages/airflow/example_dags/example_xcomargs.py
[2023-04-16T18:14:06.690+0000] {processor.py:743} INFO - Processing file /home/airflow/.local/lib/python3.7/site-packages/airflow/example_dags/example_xcomargs.py for tasks to queue
[2023-04-16T18:14:06.691+0000] {logging_mixin.py:137} INFO - [2023-04-16T18:14:06.691+0000] {dagbag.py:532} INFO - Filling up the DagBag from /home/airflow/.local/lib/python3.7/site-packages/airflow/example_dags/example_xcomargs.py
[2023-04-16T18:14:06.736+0000] {processor.py:753} INFO - DAG(s) dict_keys(['example_xcom_args_with_operators', 'example_xcom_args']) retrieved from /home/airflow/.local/lib/python3.7/site-packages/airflow/example_dags/example_xcomargs.py
[2023-04-16T18:14:06.779+0000] {logging_mixin.py:137} INFO - [2023-04-16T18:14:06.779+0000] {dag.py:2705} INFO - Sync 2 DAGs
[2023-04-16T18:14:06.815+0000] {logging_mixin.py:137} INFO - [2023-04-16T18:14:06.815+0000] {dag.py:3456} INFO - Setting next_dagrun for example_xcom_args to None, run_after=None
[2023-04-16T18:14:06.819+0000] {logging_mixin.py:137} INFO - [2023-04-16T18:14:06.819+0000] {dag.py:3456} INFO - Setting next_dagrun for example_xcom_args_with_operators to None, run_after=None
[2023-04-16T18:14:06.840+0000] {processor.py:175} INFO - Processing /home/airflow/.local/lib/python3.7/site-packages/airflow/example_dags/example_xcomargs.py took 0.157 seconds
[2023-04-16T18:14:37.554+0000] {processor.py:153} INFO - Started process (PID=1561) to work on /home/airflow/.local/lib/python3.7/site-packages/airflow/example_dags/example_xcomargs.py
[2023-04-16T18:14:37.556+0000] {processor.py:743} INFO - Processing file /home/airflow/.local/lib/python3.7/site-packages/airflow/example_dags/example_xcomargs.py for tasks to queue
[2023-04-16T18:14:37.558+0000] {logging_mixin.py:137} INFO - [2023-04-16T18:14:37.557+0000] {dagbag.py:532} INFO - Filling up the DagBag from /home/airflow/.local/lib/python3.7/site-packages/airflow/example_dags/example_xcomargs.py
[2023-04-16T18:14:37.607+0000] {processor.py:753} INFO - DAG(s) dict_keys(['example_xcom_args_with_operators', 'example_xcom_args']) retrieved from /home/airflow/.local/lib/python3.7/site-packages/airflow/example_dags/example_xcomargs.py
[2023-04-16T18:14:37.650+0000] {logging_mixin.py:137} INFO - [2023-04-16T18:14:37.650+0000] {dag.py:2705} INFO - Sync 2 DAGs
[2023-04-16T18:14:37.698+0000] {logging_mixin.py:137} INFO - [2023-04-16T18:14:37.697+0000] {dag.py:3456} INFO - Setting next_dagrun for example_xcom_args to None, run_after=None
[2023-04-16T18:14:37.704+0000] {logging_mixin.py:137} INFO - [2023-04-16T18:14:37.704+0000] {dag.py:3456} INFO - Setting next_dagrun for example_xcom_args_with_operators to None, run_after=None
[2023-04-16T18:14:37.734+0000] {processor.py:175} INFO - Processing /home/airflow/.local/lib/python3.7/site-packages/airflow/example_dags/example_xcomargs.py took 0.185 seconds
[2023-04-16T18:15:08.281+0000] {processor.py:153} INFO - Started process (PID=1611) to work on /home/airflow/.local/lib/python3.7/site-packages/airflow/example_dags/example_xcomargs.py
[2023-04-16T18:15:08.282+0000] {processor.py:743} INFO - Processing file /home/airflow/.local/lib/python3.7/site-packages/airflow/example_dags/example_xcomargs.py for tasks to queue
[2023-04-16T18:15:08.283+0000] {logging_mixin.py:137} INFO - [2023-04-16T18:15:08.283+0000] {dagbag.py:532} INFO - Filling up the DagBag from /home/airflow/.local/lib/python3.7/site-packages/airflow/example_dags/example_xcomargs.py
[2023-04-16T18:15:08.318+0000] {processor.py:753} INFO - DAG(s) dict_keys(['example_xcom_args', 'example_xcom_args_with_operators']) retrieved from /home/airflow/.local/lib/python3.7/site-packages/airflow/example_dags/example_xcomargs.py
[2023-04-16T18:15:08.361+0000] {logging_mixin.py:137} INFO - [2023-04-16T18:15:08.361+0000] {dag.py:2705} INFO - Sync 2 DAGs
[2023-04-16T18:15:08.399+0000] {logging_mixin.py:137} INFO - [2023-04-16T18:15:08.399+0000] {dag.py:3456} INFO - Setting next_dagrun for example_xcom_args to None, run_after=None
[2023-04-16T18:15:08.407+0000] {logging_mixin.py:137} INFO - [2023-04-16T18:15:08.406+0000] {dag.py:3456} INFO - Setting next_dagrun for example_xcom_args_with_operators to None, run_after=None
[2023-04-16T18:15:08.445+0000] {processor.py:175} INFO - Processing /home/airflow/.local/lib/python3.7/site-packages/airflow/example_dags/example_xcomargs.py took 0.169 seconds
[2023-04-16T18:15:39.085+0000] {processor.py:153} INFO - Started process (PID=1661) to work on /home/airflow/.local/lib/python3.7/site-packages/airflow/example_dags/example_xcomargs.py
[2023-04-16T18:15:39.086+0000] {processor.py:743} INFO - Processing file /home/airflow/.local/lib/python3.7/site-packages/airflow/example_dags/example_xcomargs.py for tasks to queue
[2023-04-16T18:15:39.089+0000] {logging_mixin.py:137} INFO - [2023-04-16T18:15:39.087+0000] {dagbag.py:532} INFO - Filling up the DagBag from /home/airflow/.local/lib/python3.7/site-packages/airflow/example_dags/example_xcomargs.py
[2023-04-16T18:15:39.131+0000] {processor.py:753} INFO - DAG(s) dict_keys(['example_xcom_args_with_operators', 'example_xcom_args']) retrieved from /home/airflow/.local/lib/python3.7/site-packages/airflow/example_dags/example_xcomargs.py
[2023-04-16T18:15:39.240+0000] {logging_mixin.py:137} INFO - [2023-04-16T18:15:39.240+0000] {dag.py:2705} INFO - Sync 2 DAGs
[2023-04-16T18:15:39.292+0000] {logging_mixin.py:137} INFO - [2023-04-16T18:15:39.292+0000] {dag.py:3456} INFO - Setting next_dagrun for example_xcom_args to None, run_after=None
[2023-04-16T18:15:39.298+0000] {logging_mixin.py:137} INFO - [2023-04-16T18:15:39.298+0000] {dag.py:3456} INFO - Setting next_dagrun for example_xcom_args_with_operators to None, run_after=None
[2023-04-16T18:15:39.321+0000] {processor.py:175} INFO - Processing /home/airflow/.local/lib/python3.7/site-packages/airflow/example_dags/example_xcomargs.py took 0.242 seconds
[2023-04-16T18:16:09.718+0000] {processor.py:153} INFO - Started process (PID=1718) to work on /home/airflow/.local/lib/python3.7/site-packages/airflow/example_dags/example_xcomargs.py
[2023-04-16T18:16:09.719+0000] {processor.py:743} INFO - Processing file /home/airflow/.local/lib/python3.7/site-packages/airflow/example_dags/example_xcomargs.py for tasks to queue
[2023-04-16T18:16:09.720+0000] {logging_mixin.py:137} INFO - [2023-04-16T18:16:09.720+0000] {dagbag.py:532} INFO - Filling up the DagBag from /home/airflow/.local/lib/python3.7/site-packages/airflow/example_dags/example_xcomargs.py
[2023-04-16T18:16:09.754+0000] {processor.py:753} INFO - DAG(s) dict_keys(['example_xcom_args_with_operators', 'example_xcom_args']) retrieved from /home/airflow/.local/lib/python3.7/site-packages/airflow/example_dags/example_xcomargs.py
[2023-04-16T18:16:09.797+0000] {logging_mixin.py:137} INFO - [2023-04-16T18:16:09.797+0000] {dag.py:2705} INFO - Sync 2 DAGs
[2023-04-16T18:16:09.834+0000] {logging_mixin.py:137} INFO - [2023-04-16T18:16:09.833+0000] {dag.py:3456} INFO - Setting next_dagrun for example_xcom_args to None, run_after=None
[2023-04-16T18:16:09.838+0000] {logging_mixin.py:137} INFO - [2023-04-16T18:16:09.838+0000] {dag.py:3456} INFO - Setting next_dagrun for example_xcom_args_with_operators to None, run_after=None
[2023-04-16T18:16:09.865+0000] {processor.py:175} INFO - Processing /home/airflow/.local/lib/python3.7/site-packages/airflow/example_dags/example_xcomargs.py took 0.152 seconds
[2023-04-16T18:16:40.383+0000] {processor.py:153} INFO - Started process (PID=1768) to work on /home/airflow/.local/lib/python3.7/site-packages/airflow/example_dags/example_xcomargs.py
[2023-04-16T18:16:40.384+0000] {processor.py:743} INFO - Processing file /home/airflow/.local/lib/python3.7/site-packages/airflow/example_dags/example_xcomargs.py for tasks to queue
[2023-04-16T18:16:40.385+0000] {logging_mixin.py:137} INFO - [2023-04-16T18:16:40.385+0000] {dagbag.py:532} INFO - Filling up the DagBag from /home/airflow/.local/lib/python3.7/site-packages/airflow/example_dags/example_xcomargs.py
[2023-04-16T18:16:40.421+0000] {processor.py:753} INFO - DAG(s) dict_keys(['example_xcom_args', 'example_xcom_args_with_operators']) retrieved from /home/airflow/.local/lib/python3.7/site-packages/airflow/example_dags/example_xcomargs.py
[2023-04-16T18:16:40.465+0000] {logging_mixin.py:137} INFO - [2023-04-16T18:16:40.465+0000] {dag.py:2705} INFO - Sync 2 DAGs
[2023-04-16T18:16:40.502+0000] {logging_mixin.py:137} INFO - [2023-04-16T18:16:40.501+0000] {dag.py:3456} INFO - Setting next_dagrun for example_xcom_args to None, run_after=None
[2023-04-16T18:16:40.507+0000] {logging_mixin.py:137} INFO - [2023-04-16T18:16:40.507+0000] {dag.py:3456} INFO - Setting next_dagrun for example_xcom_args_with_operators to None, run_after=None
[2023-04-16T18:16:40.533+0000] {processor.py:175} INFO - Processing /home/airflow/.local/lib/python3.7/site-packages/airflow/example_dags/example_xcomargs.py took 0.156 seconds
[2023-04-16T18:17:11.117+0000] {processor.py:153} INFO - Started process (PID=1818) to work on /home/airflow/.local/lib/python3.7/site-packages/airflow/example_dags/example_xcomargs.py
[2023-04-16T18:17:11.118+0000] {processor.py:743} INFO - Processing file /home/airflow/.local/lib/python3.7/site-packages/airflow/example_dags/example_xcomargs.py for tasks to queue
[2023-04-16T18:17:11.119+0000] {logging_mixin.py:137} INFO - [2023-04-16T18:17:11.119+0000] {dagbag.py:532} INFO - Filling up the DagBag from /home/airflow/.local/lib/python3.7/site-packages/airflow/example_dags/example_xcomargs.py
[2023-04-16T18:17:11.154+0000] {processor.py:753} INFO - DAG(s) dict_keys(['example_xcom_args', 'example_xcom_args_with_operators']) retrieved from /home/airflow/.local/lib/python3.7/site-packages/airflow/example_dags/example_xcomargs.py
[2023-04-16T18:17:11.198+0000] {logging_mixin.py:137} INFO - [2023-04-16T18:17:11.198+0000] {dag.py:2705} INFO - Sync 2 DAGs
[2023-04-16T18:17:11.234+0000] {logging_mixin.py:137} INFO - [2023-04-16T18:17:11.233+0000] {dag.py:3456} INFO - Setting next_dagrun for example_xcom_args to None, run_after=None
[2023-04-16T18:17:11.238+0000] {logging_mixin.py:137} INFO - [2023-04-16T18:17:11.238+0000] {dag.py:3456} INFO - Setting next_dagrun for example_xcom_args_with_operators to None, run_after=None
[2023-04-16T18:17:11.261+0000] {processor.py:175} INFO - Processing /home/airflow/.local/lib/python3.7/site-packages/airflow/example_dags/example_xcomargs.py took 0.150 seconds
[2023-04-16T18:17:41.954+0000] {processor.py:153} INFO - Started process (PID=1868) to work on /home/airflow/.local/lib/python3.7/site-packages/airflow/example_dags/example_xcomargs.py
[2023-04-16T18:17:41.956+0000] {processor.py:743} INFO - Processing file /home/airflow/.local/lib/python3.7/site-packages/airflow/example_dags/example_xcomargs.py for tasks to queue
[2023-04-16T18:17:41.957+0000] {logging_mixin.py:137} INFO - [2023-04-16T18:17:41.956+0000] {dagbag.py:532} INFO - Filling up the DagBag from /home/airflow/.local/lib/python3.7/site-packages/airflow/example_dags/example_xcomargs.py
[2023-04-16T18:17:41.991+0000] {processor.py:753} INFO - DAG(s) dict_keys(['example_xcom_args_with_operators', 'example_xcom_args']) retrieved from /home/airflow/.local/lib/python3.7/site-packages/airflow/example_dags/example_xcomargs.py
[2023-04-16T18:17:42.034+0000] {logging_mixin.py:137} INFO - [2023-04-16T18:17:42.033+0000] {dag.py:2705} INFO - Sync 2 DAGs
[2023-04-16T18:17:42.073+0000] {logging_mixin.py:137} INFO - [2023-04-16T18:17:42.072+0000] {dag.py:3456} INFO - Setting next_dagrun for example_xcom_args to None, run_after=None
[2023-04-16T18:17:42.077+0000] {logging_mixin.py:137} INFO - [2023-04-16T18:17:42.077+0000] {dag.py:3456} INFO - Setting next_dagrun for example_xcom_args_with_operators to None, run_after=None
[2023-04-16T18:17:42.100+0000] {processor.py:175} INFO - Processing /home/airflow/.local/lib/python3.7/site-packages/airflow/example_dags/example_xcomargs.py took 0.153 seconds
[2023-04-16T18:18:12.614+0000] {processor.py:153} INFO - Started process (PID=1918) to work on /home/airflow/.local/lib/python3.7/site-packages/airflow/example_dags/example_xcomargs.py
[2023-04-16T18:18:12.615+0000] {processor.py:743} INFO - Processing file /home/airflow/.local/lib/python3.7/site-packages/airflow/example_dags/example_xcomargs.py for tasks to queue
[2023-04-16T18:18:12.616+0000] {logging_mixin.py:137} INFO - [2023-04-16T18:18:12.616+0000] {dagbag.py:532} INFO - Filling up the DagBag from /home/airflow/.local/lib/python3.7/site-packages/airflow/example_dags/example_xcomargs.py
[2023-04-16T18:18:12.650+0000] {processor.py:753} INFO - DAG(s) dict_keys(['example_xcom_args_with_operators', 'example_xcom_args']) retrieved from /home/airflow/.local/lib/python3.7/site-packages/airflow/example_dags/example_xcomargs.py
[2023-04-16T18:18:12.693+0000] {logging_mixin.py:137} INFO - [2023-04-16T18:18:12.692+0000] {dag.py:2705} INFO - Sync 2 DAGs
[2023-04-16T18:18:12.727+0000] {logging_mixin.py:137} INFO - [2023-04-16T18:18:12.727+0000] {dag.py:3456} INFO - Setting next_dagrun for example_xcom_args to None, run_after=None
[2023-04-16T18:18:12.733+0000] {logging_mixin.py:137} INFO - [2023-04-16T18:18:12.733+0000] {dag.py:3456} INFO - Setting next_dagrun for example_xcom_args_with_operators to None, run_after=None
[2023-04-16T18:18:12.765+0000] {processor.py:175} INFO - Processing /home/airflow/.local/lib/python3.7/site-packages/airflow/example_dags/example_xcomargs.py took 0.156 seconds
[2023-04-16T18:18:43.521+0000] {processor.py:153} INFO - Started process (PID=1968) to work on /home/airflow/.local/lib/python3.7/site-packages/airflow/example_dags/example_xcomargs.py
[2023-04-16T18:18:43.523+0000] {processor.py:743} INFO - Processing file /home/airflow/.local/lib/python3.7/site-packages/airflow/example_dags/example_xcomargs.py for tasks to queue
[2023-04-16T18:18:43.524+0000] {logging_mixin.py:137} INFO - [2023-04-16T18:18:43.524+0000] {dagbag.py:532} INFO - Filling up the DagBag from /home/airflow/.local/lib/python3.7/site-packages/airflow/example_dags/example_xcomargs.py
[2023-04-16T18:18:43.565+0000] {processor.py:753} INFO - DAG(s) dict_keys(['example_xcom_args_with_operators', 'example_xcom_args']) retrieved from /home/airflow/.local/lib/python3.7/site-packages/airflow/example_dags/example_xcomargs.py
[2023-04-16T18:18:43.610+0000] {logging_mixin.py:137} INFO - [2023-04-16T18:18:43.610+0000] {dag.py:2705} INFO - Sync 2 DAGs
[2023-04-16T18:18:43.646+0000] {logging_mixin.py:137} INFO - [2023-04-16T18:18:43.645+0000] {dag.py:3456} INFO - Setting next_dagrun for example_xcom_args to None, run_after=None
[2023-04-16T18:18:43.650+0000] {logging_mixin.py:137} INFO - [2023-04-16T18:18:43.650+0000] {dag.py:3456} INFO - Setting next_dagrun for example_xcom_args_with_operators to None, run_after=None
[2023-04-16T18:18:43.673+0000] {processor.py:175} INFO - Processing /home/airflow/.local/lib/python3.7/site-packages/airflow/example_dags/example_xcomargs.py took 0.157 seconds
[2023-04-16T18:19:14.111+0000] {processor.py:153} INFO - Started process (PID=2018) to work on /home/airflow/.local/lib/python3.7/site-packages/airflow/example_dags/example_xcomargs.py
[2023-04-16T18:19:14.112+0000] {processor.py:743} INFO - Processing file /home/airflow/.local/lib/python3.7/site-packages/airflow/example_dags/example_xcomargs.py for tasks to queue
[2023-04-16T18:19:14.113+0000] {logging_mixin.py:137} INFO - [2023-04-16T18:19:14.113+0000] {dagbag.py:532} INFO - Filling up the DagBag from /home/airflow/.local/lib/python3.7/site-packages/airflow/example_dags/example_xcomargs.py
[2023-04-16T18:19:14.148+0000] {processor.py:753} INFO - DAG(s) dict_keys(['example_xcom_args', 'example_xcom_args_with_operators']) retrieved from /home/airflow/.local/lib/python3.7/site-packages/airflow/example_dags/example_xcomargs.py
[2023-04-16T18:19:14.194+0000] {logging_mixin.py:137} INFO - [2023-04-16T18:19:14.194+0000] {dag.py:2705} INFO - Sync 2 DAGs
[2023-04-16T18:19:14.231+0000] {logging_mixin.py:137} INFO - [2023-04-16T18:19:14.230+0000] {dag.py:3456} INFO - Setting next_dagrun for example_xcom_args to None, run_after=None
[2023-04-16T18:19:14.237+0000] {logging_mixin.py:137} INFO - [2023-04-16T18:19:14.237+0000] {dag.py:3456} INFO - Setting next_dagrun for example_xcom_args_with_operators to None, run_after=None
[2023-04-16T18:19:14.263+0000] {processor.py:175} INFO - Processing /home/airflow/.local/lib/python3.7/site-packages/airflow/example_dags/example_xcomargs.py took 0.158 seconds
[2023-04-16T18:19:44.753+0000] {processor.py:153} INFO - Started process (PID=2068) to work on /home/airflow/.local/lib/python3.7/site-packages/airflow/example_dags/example_xcomargs.py
[2023-04-16T18:19:44.755+0000] {processor.py:743} INFO - Processing file /home/airflow/.local/lib/python3.7/site-packages/airflow/example_dags/example_xcomargs.py for tasks to queue
[2023-04-16T18:19:44.756+0000] {logging_mixin.py:137} INFO - [2023-04-16T18:19:44.756+0000] {dagbag.py:532} INFO - Filling up the DagBag from /home/airflow/.local/lib/python3.7/site-packages/airflow/example_dags/example_xcomargs.py
[2023-04-16T18:19:44.790+0000] {processor.py:753} INFO - DAG(s) dict_keys(['example_xcom_args_with_operators', 'example_xcom_args']) retrieved from /home/airflow/.local/lib/python3.7/site-packages/airflow/example_dags/example_xcomargs.py
[2023-04-16T18:19:44.832+0000] {logging_mixin.py:137} INFO - [2023-04-16T18:19:44.832+0000] {dag.py:2705} INFO - Sync 2 DAGs
[2023-04-16T18:19:44.877+0000] {logging_mixin.py:137} INFO - [2023-04-16T18:19:44.877+0000] {dag.py:3456} INFO - Setting next_dagrun for example_xcom_args to None, run_after=None
[2023-04-16T18:19:44.882+0000] {logging_mixin.py:137} INFO - [2023-04-16T18:19:44.882+0000] {dag.py:3456} INFO - Setting next_dagrun for example_xcom_args_with_operators to None, run_after=None
[2023-04-16T18:19:44.903+0000] {processor.py:175} INFO - Processing /home/airflow/.local/lib/python3.7/site-packages/airflow/example_dags/example_xcomargs.py took 0.155 seconds
[2023-04-16T18:20:15.532+0000] {processor.py:153} INFO - Started process (PID=2118) to work on /home/airflow/.local/lib/python3.7/site-packages/airflow/example_dags/example_xcomargs.py
[2023-04-16T18:20:15.533+0000] {processor.py:743} INFO - Processing file /home/airflow/.local/lib/python3.7/site-packages/airflow/example_dags/example_xcomargs.py for tasks to queue
[2023-04-16T18:20:15.534+0000] {logging_mixin.py:137} INFO - [2023-04-16T18:20:15.534+0000] {dagbag.py:532} INFO - Filling up the DagBag from /home/airflow/.local/lib/python3.7/site-packages/airflow/example_dags/example_xcomargs.py
[2023-04-16T18:20:15.569+0000] {processor.py:753} INFO - DAG(s) dict_keys(['example_xcom_args_with_operators', 'example_xcom_args']) retrieved from /home/airflow/.local/lib/python3.7/site-packages/airflow/example_dags/example_xcomargs.py
[2023-04-16T18:20:15.614+0000] {logging_mixin.py:137} INFO - [2023-04-16T18:20:15.613+0000] {dag.py:2705} INFO - Sync 2 DAGs
[2023-04-16T18:20:15.652+0000] {logging_mixin.py:137} INFO - [2023-04-16T18:20:15.651+0000] {dag.py:3456} INFO - Setting next_dagrun for example_xcom_args to None, run_after=None
[2023-04-16T18:20:15.659+0000] {logging_mixin.py:137} INFO - [2023-04-16T18:20:15.658+0000] {dag.py:3456} INFO - Setting next_dagrun for example_xcom_args_with_operators to None, run_after=None
[2023-04-16T18:20:15.689+0000] {processor.py:175} INFO - Processing /home/airflow/.local/lib/python3.7/site-packages/airflow/example_dags/example_xcomargs.py took 0.164 seconds
[2023-04-16T18:20:46.006+0000] {processor.py:153} INFO - Started process (PID=2169) to work on /home/airflow/.local/lib/python3.7/site-packages/airflow/example_dags/example_xcomargs.py
[2023-04-16T18:20:46.007+0000] {processor.py:743} INFO - Processing file /home/airflow/.local/lib/python3.7/site-packages/airflow/example_dags/example_xcomargs.py for tasks to queue
[2023-04-16T18:20:46.009+0000] {logging_mixin.py:137} INFO - [2023-04-16T18:20:46.008+0000] {dagbag.py:532} INFO - Filling up the DagBag from /home/airflow/.local/lib/python3.7/site-packages/airflow/example_dags/example_xcomargs.py
[2023-04-16T18:20:46.045+0000] {processor.py:753} INFO - DAG(s) dict_keys(['example_xcom_args', 'example_xcom_args_with_operators']) retrieved from /home/airflow/.local/lib/python3.7/site-packages/airflow/example_dags/example_xcomargs.py
[2023-04-16T18:20:46.091+0000] {logging_mixin.py:137} INFO - [2023-04-16T18:20:46.091+0000] {dag.py:2705} INFO - Sync 2 DAGs
[2023-04-16T18:20:46.128+0000] {logging_mixin.py:137} INFO - [2023-04-16T18:20:46.128+0000] {dag.py:3456} INFO - Setting next_dagrun for example_xcom_args to None, run_after=None
[2023-04-16T18:20:46.133+0000] {logging_mixin.py:137} INFO - [2023-04-16T18:20:46.133+0000] {dag.py:3456} INFO - Setting next_dagrun for example_xcom_args_with_operators to None, run_after=None
[2023-04-16T18:20:46.161+0000] {processor.py:175} INFO - Processing /home/airflow/.local/lib/python3.7/site-packages/airflow/example_dags/example_xcomargs.py took 0.162 seconds
[2023-04-16T18:21:16.882+0000] {processor.py:153} INFO - Started process (PID=2219) to work on /home/airflow/.local/lib/python3.7/site-packages/airflow/example_dags/example_xcomargs.py
[2023-04-16T18:21:16.884+0000] {processor.py:743} INFO - Processing file /home/airflow/.local/lib/python3.7/site-packages/airflow/example_dags/example_xcomargs.py for tasks to queue
[2023-04-16T18:21:16.885+0000] {logging_mixin.py:137} INFO - [2023-04-16T18:21:16.884+0000] {dagbag.py:532} INFO - Filling up the DagBag from /home/airflow/.local/lib/python3.7/site-packages/airflow/example_dags/example_xcomargs.py
[2023-04-16T18:21:16.920+0000] {processor.py:753} INFO - DAG(s) dict_keys(['example_xcom_args', 'example_xcom_args_with_operators']) retrieved from /home/airflow/.local/lib/python3.7/site-packages/airflow/example_dags/example_xcomargs.py
[2023-04-16T18:21:16.964+0000] {logging_mixin.py:137} INFO - [2023-04-16T18:21:16.963+0000] {dag.py:2705} INFO - Sync 2 DAGs
[2023-04-16T18:21:17.005+0000] {logging_mixin.py:137} INFO - [2023-04-16T18:21:17.005+0000] {dag.py:3456} INFO - Setting next_dagrun for example_xcom_args to None, run_after=None
[2023-04-16T18:21:17.012+0000] {logging_mixin.py:137} INFO - [2023-04-16T18:21:17.012+0000] {dag.py:3456} INFO - Setting next_dagrun for example_xcom_args_with_operators to None, run_after=None
[2023-04-16T18:21:17.038+0000] {processor.py:175} INFO - Processing /home/airflow/.local/lib/python3.7/site-packages/airflow/example_dags/example_xcomargs.py took 0.162 seconds
[2023-04-16T18:21:47.184+0000] {processor.py:153} INFO - Started process (PID=2269) to work on /home/airflow/.local/lib/python3.7/site-packages/airflow/example_dags/example_xcomargs.py
[2023-04-16T18:21:47.185+0000] {processor.py:743} INFO - Processing file /home/airflow/.local/lib/python3.7/site-packages/airflow/example_dags/example_xcomargs.py for tasks to queue
[2023-04-16T18:21:47.186+0000] {logging_mixin.py:137} INFO - [2023-04-16T18:21:47.186+0000] {dagbag.py:532} INFO - Filling up the DagBag from /home/airflow/.local/lib/python3.7/site-packages/airflow/example_dags/example_xcomargs.py
[2023-04-16T18:21:47.223+0000] {processor.py:753} INFO - DAG(s) dict_keys(['example_xcom_args_with_operators', 'example_xcom_args']) retrieved from /home/airflow/.local/lib/python3.7/site-packages/airflow/example_dags/example_xcomargs.py
[2023-04-16T18:21:47.271+0000] {logging_mixin.py:137} INFO - [2023-04-16T18:21:47.271+0000] {dag.py:2705} INFO - Sync 2 DAGs
[2023-04-16T18:21:47.317+0000] {logging_mixin.py:137} INFO - [2023-04-16T18:21:47.317+0000] {dag.py:3456} INFO - Setting next_dagrun for example_xcom_args to None, run_after=None
[2023-04-16T18:21:47.324+0000] {logging_mixin.py:137} INFO - [2023-04-16T18:21:47.324+0000] {dag.py:3456} INFO - Setting next_dagrun for example_xcom_args_with_operators to None, run_after=None
[2023-04-16T18:21:47.348+0000] {processor.py:175} INFO - Processing /home/airflow/.local/lib/python3.7/site-packages/airflow/example_dags/example_xcomargs.py took 0.170 seconds
[2023-04-16T18:22:17.632+0000] {processor.py:153} INFO - Started process (PID=2319) to work on /home/airflow/.local/lib/python3.7/site-packages/airflow/example_dags/example_xcomargs.py
[2023-04-16T18:22:17.634+0000] {processor.py:743} INFO - Processing file /home/airflow/.local/lib/python3.7/site-packages/airflow/example_dags/example_xcomargs.py for tasks to queue
[2023-04-16T18:22:17.634+0000] {logging_mixin.py:137} INFO - [2023-04-16T18:22:17.634+0000] {dagbag.py:532} INFO - Filling up the DagBag from /home/airflow/.local/lib/python3.7/site-packages/airflow/example_dags/example_xcomargs.py
[2023-04-16T18:22:17.667+0000] {processor.py:753} INFO - DAG(s) dict_keys(['example_xcom_args', 'example_xcom_args_with_operators']) retrieved from /home/airflow/.local/lib/python3.7/site-packages/airflow/example_dags/example_xcomargs.py
[2023-04-16T18:22:17.710+0000] {logging_mixin.py:137} INFO - [2023-04-16T18:22:17.710+0000] {dag.py:2705} INFO - Sync 2 DAGs
[2023-04-16T18:22:17.745+0000] {logging_mixin.py:137} INFO - [2023-04-16T18:22:17.744+0000] {dag.py:3456} INFO - Setting next_dagrun for example_xcom_args to None, run_after=None
[2023-04-16T18:22:17.749+0000] {logging_mixin.py:137} INFO - [2023-04-16T18:22:17.749+0000] {dag.py:3456} INFO - Setting next_dagrun for example_xcom_args_with_operators to None, run_after=None
[2023-04-16T18:22:17.770+0000] {processor.py:175} INFO - Processing /home/airflow/.local/lib/python3.7/site-packages/airflow/example_dags/example_xcomargs.py took 0.145 seconds
[2023-04-16T18:22:47.931+0000] {processor.py:153} INFO - Started process (PID=2369) to work on /home/airflow/.local/lib/python3.7/site-packages/airflow/example_dags/example_xcomargs.py
[2023-04-16T18:22:47.932+0000] {processor.py:743} INFO - Processing file /home/airflow/.local/lib/python3.7/site-packages/airflow/example_dags/example_xcomargs.py for tasks to queue
[2023-04-16T18:22:47.933+0000] {logging_mixin.py:137} INFO - [2023-04-16T18:22:47.933+0000] {dagbag.py:532} INFO - Filling up the DagBag from /home/airflow/.local/lib/python3.7/site-packages/airflow/example_dags/example_xcomargs.py
[2023-04-16T18:22:47.967+0000] {processor.py:753} INFO - DAG(s) dict_keys(['example_xcom_args_with_operators', 'example_xcom_args']) retrieved from /home/airflow/.local/lib/python3.7/site-packages/airflow/example_dags/example_xcomargs.py
[2023-04-16T18:22:48.010+0000] {logging_mixin.py:137} INFO - [2023-04-16T18:22:48.009+0000] {dag.py:2705} INFO - Sync 2 DAGs
[2023-04-16T18:22:48.046+0000] {logging_mixin.py:137} INFO - [2023-04-16T18:22:48.046+0000] {dag.py:3456} INFO - Setting next_dagrun for example_xcom_args to None, run_after=None
[2023-04-16T18:22:48.051+0000] {logging_mixin.py:137} INFO - [2023-04-16T18:22:48.051+0000] {dag.py:3456} INFO - Setting next_dagrun for example_xcom_args_with_operators to None, run_after=None
[2023-04-16T18:22:48.074+0000] {processor.py:175} INFO - Processing /home/airflow/.local/lib/python3.7/site-packages/airflow/example_dags/example_xcomargs.py took 0.148 seconds
[2023-04-16T18:23:18.449+0000] {processor.py:153} INFO - Started process (PID=2419) to work on /home/airflow/.local/lib/python3.7/site-packages/airflow/example_dags/example_xcomargs.py
[2023-04-16T18:23:18.450+0000] {processor.py:743} INFO - Processing file /home/airflow/.local/lib/python3.7/site-packages/airflow/example_dags/example_xcomargs.py for tasks to queue
[2023-04-16T18:23:18.451+0000] {logging_mixin.py:137} INFO - [2023-04-16T18:23:18.451+0000] {dagbag.py:532} INFO - Filling up the DagBag from /home/airflow/.local/lib/python3.7/site-packages/airflow/example_dags/example_xcomargs.py
[2023-04-16T18:23:18.485+0000] {processor.py:753} INFO - DAG(s) dict_keys(['example_xcom_args_with_operators', 'example_xcom_args']) retrieved from /home/airflow/.local/lib/python3.7/site-packages/airflow/example_dags/example_xcomargs.py
[2023-04-16T18:23:18.545+0000] {logging_mixin.py:137} INFO - [2023-04-16T18:23:18.545+0000] {dag.py:2705} INFO - Sync 2 DAGs
[2023-04-16T18:23:18.601+0000] {logging_mixin.py:137} INFO - [2023-04-16T18:23:18.601+0000] {dag.py:3456} INFO - Setting next_dagrun for example_xcom_args to None, run_after=None
[2023-04-16T18:23:18.608+0000] {logging_mixin.py:137} INFO - [2023-04-16T18:23:18.608+0000] {dag.py:3456} INFO - Setting next_dagrun for example_xcom_args_with_operators to None, run_after=None
[2023-04-16T18:23:18.639+0000] {processor.py:175} INFO - Processing /home/airflow/.local/lib/python3.7/site-packages/airflow/example_dags/example_xcomargs.py took 0.195 seconds
[2023-04-16T18:23:48.686+0000] {processor.py:153} INFO - Started process (PID=2469) to work on /home/airflow/.local/lib/python3.7/site-packages/airflow/example_dags/example_xcomargs.py
[2023-04-16T18:23:48.687+0000] {processor.py:743} INFO - Processing file /home/airflow/.local/lib/python3.7/site-packages/airflow/example_dags/example_xcomargs.py for tasks to queue
[2023-04-16T18:23:48.688+0000] {logging_mixin.py:137} INFO - [2023-04-16T18:23:48.687+0000] {dagbag.py:532} INFO - Filling up the DagBag from /home/airflow/.local/lib/python3.7/site-packages/airflow/example_dags/example_xcomargs.py
[2023-04-16T18:23:48.721+0000] {processor.py:753} INFO - DAG(s) dict_keys(['example_xcom_args_with_operators', 'example_xcom_args']) retrieved from /home/airflow/.local/lib/python3.7/site-packages/airflow/example_dags/example_xcomargs.py
[2023-04-16T18:23:48.765+0000] {logging_mixin.py:137} INFO - [2023-04-16T18:23:48.764+0000] {dag.py:2705} INFO - Sync 2 DAGs
[2023-04-16T18:23:48.799+0000] {logging_mixin.py:137} INFO - [2023-04-16T18:23:48.799+0000] {dag.py:3456} INFO - Setting next_dagrun for example_xcom_args to None, run_after=None
[2023-04-16T18:23:48.804+0000] {logging_mixin.py:137} INFO - [2023-04-16T18:23:48.804+0000] {dag.py:3456} INFO - Setting next_dagrun for example_xcom_args_with_operators to None, run_after=None
[2023-04-16T18:23:48.835+0000] {processor.py:175} INFO - Processing /home/airflow/.local/lib/python3.7/site-packages/airflow/example_dags/example_xcomargs.py took 0.155 seconds
[2023-04-16T18:24:18.895+0000] {processor.py:153} INFO - Started process (PID=2519) to work on /home/airflow/.local/lib/python3.7/site-packages/airflow/example_dags/example_xcomargs.py
[2023-04-16T18:24:18.897+0000] {processor.py:743} INFO - Processing file /home/airflow/.local/lib/python3.7/site-packages/airflow/example_dags/example_xcomargs.py for tasks to queue
[2023-04-16T18:24:18.898+0000] {logging_mixin.py:137} INFO - [2023-04-16T18:24:18.898+0000] {dagbag.py:532} INFO - Filling up the DagBag from /home/airflow/.local/lib/python3.7/site-packages/airflow/example_dags/example_xcomargs.py
[2023-04-16T18:24:18.932+0000] {processor.py:753} INFO - DAG(s) dict_keys(['example_xcom_args_with_operators', 'example_xcom_args']) retrieved from /home/airflow/.local/lib/python3.7/site-packages/airflow/example_dags/example_xcomargs.py
[2023-04-16T18:24:18.975+0000] {logging_mixin.py:137} INFO - [2023-04-16T18:24:18.975+0000] {dag.py:2705} INFO - Sync 2 DAGs
[2023-04-16T18:24:19.011+0000] {logging_mixin.py:137} INFO - [2023-04-16T18:24:19.011+0000] {dag.py:3456} INFO - Setting next_dagrun for example_xcom_args to None, run_after=None
[2023-04-16T18:24:19.016+0000] {logging_mixin.py:137} INFO - [2023-04-16T18:24:19.016+0000] {dag.py:3456} INFO - Setting next_dagrun for example_xcom_args_with_operators to None, run_after=None
[2023-04-16T18:24:19.046+0000] {processor.py:175} INFO - Processing /home/airflow/.local/lib/python3.7/site-packages/airflow/example_dags/example_xcomargs.py took 0.156 seconds
[2023-04-16T18:24:49.160+0000] {processor.py:153} INFO - Started process (PID=2569) to work on /home/airflow/.local/lib/python3.7/site-packages/airflow/example_dags/example_xcomargs.py
[2023-04-16T18:24:49.161+0000] {processor.py:743} INFO - Processing file /home/airflow/.local/lib/python3.7/site-packages/airflow/example_dags/example_xcomargs.py for tasks to queue
[2023-04-16T18:24:49.162+0000] {logging_mixin.py:137} INFO - [2023-04-16T18:24:49.161+0000] {dagbag.py:532} INFO - Filling up the DagBag from /home/airflow/.local/lib/python3.7/site-packages/airflow/example_dags/example_xcomargs.py
[2023-04-16T18:24:49.197+0000] {processor.py:753} INFO - DAG(s) dict_keys(['example_xcom_args_with_operators', 'example_xcom_args']) retrieved from /home/airflow/.local/lib/python3.7/site-packages/airflow/example_dags/example_xcomargs.py
[2023-04-16T18:24:49.257+0000] {logging_mixin.py:137} INFO - [2023-04-16T18:24:49.257+0000] {dag.py:2705} INFO - Sync 2 DAGs
[2023-04-16T18:24:49.312+0000] {logging_mixin.py:137} INFO - [2023-04-16T18:24:49.312+0000] {dag.py:3456} INFO - Setting next_dagrun for example_xcom_args to None, run_after=None
[2023-04-16T18:24:49.321+0000] {logging_mixin.py:137} INFO - [2023-04-16T18:24:49.321+0000] {dag.py:3456} INFO - Setting next_dagrun for example_xcom_args_with_operators to None, run_after=None
[2023-04-16T18:24:49.345+0000] {processor.py:175} INFO - Processing /home/airflow/.local/lib/python3.7/site-packages/airflow/example_dags/example_xcomargs.py took 0.191 seconds
[2023-04-16T18:25:20.020+0000] {processor.py:153} INFO - Started process (PID=2618) to work on /home/airflow/.local/lib/python3.7/site-packages/airflow/example_dags/example_xcomargs.py
[2023-04-16T18:25:20.021+0000] {processor.py:743} INFO - Processing file /home/airflow/.local/lib/python3.7/site-packages/airflow/example_dags/example_xcomargs.py for tasks to queue
[2023-04-16T18:25:20.022+0000] {logging_mixin.py:137} INFO - [2023-04-16T18:25:20.022+0000] {dagbag.py:532} INFO - Filling up the DagBag from /home/airflow/.local/lib/python3.7/site-packages/airflow/example_dags/example_xcomargs.py
[2023-04-16T18:25:20.057+0000] {processor.py:753} INFO - DAG(s) dict_keys(['example_xcom_args', 'example_xcom_args_with_operators']) retrieved from /home/airflow/.local/lib/python3.7/site-packages/airflow/example_dags/example_xcomargs.py
[2023-04-16T18:25:20.119+0000] {logging_mixin.py:137} INFO - [2023-04-16T18:25:20.119+0000] {dag.py:2705} INFO - Sync 2 DAGs
[2023-04-16T18:25:20.178+0000] {logging_mixin.py:137} INFO - [2023-04-16T18:25:20.178+0000] {dag.py:3456} INFO - Setting next_dagrun for example_xcom_args to None, run_after=None
[2023-04-16T18:25:20.185+0000] {logging_mixin.py:137} INFO - [2023-04-16T18:25:20.184+0000] {dag.py:3456} INFO - Setting next_dagrun for example_xcom_args_with_operators to None, run_after=None
[2023-04-16T18:25:20.215+0000] {processor.py:175} INFO - Processing /home/airflow/.local/lib/python3.7/site-packages/airflow/example_dags/example_xcomargs.py took 0.202 seconds
[2023-04-16T18:25:50.638+0000] {processor.py:153} INFO - Started process (PID=2669) to work on /home/airflow/.local/lib/python3.7/site-packages/airflow/example_dags/example_xcomargs.py
[2023-04-16T18:25:50.639+0000] {processor.py:743} INFO - Processing file /home/airflow/.local/lib/python3.7/site-packages/airflow/example_dags/example_xcomargs.py for tasks to queue
[2023-04-16T18:25:50.640+0000] {logging_mixin.py:137} INFO - [2023-04-16T18:25:50.639+0000] {dagbag.py:532} INFO - Filling up the DagBag from /home/airflow/.local/lib/python3.7/site-packages/airflow/example_dags/example_xcomargs.py
[2023-04-16T18:25:50.686+0000] {processor.py:753} INFO - DAG(s) dict_keys(['example_xcom_args', 'example_xcom_args_with_operators']) retrieved from /home/airflow/.local/lib/python3.7/site-packages/airflow/example_dags/example_xcomargs.py
[2023-04-16T18:25:50.732+0000] {logging_mixin.py:137} INFO - [2023-04-16T18:25:50.732+0000] {dag.py:2705} INFO - Sync 2 DAGs
[2023-04-16T18:25:50.767+0000] {logging_mixin.py:137} INFO - [2023-04-16T18:25:50.766+0000] {dag.py:3456} INFO - Setting next_dagrun for example_xcom_args to None, run_after=None
[2023-04-16T18:25:50.771+0000] {logging_mixin.py:137} INFO - [2023-04-16T18:25:50.771+0000] {dag.py:3456} INFO - Setting next_dagrun for example_xcom_args_with_operators to None, run_after=None
[2023-04-16T18:25:50.795+0000] {processor.py:175} INFO - Processing /home/airflow/.local/lib/python3.7/site-packages/airflow/example_dags/example_xcomargs.py took 0.162 seconds
[2023-04-16T18:26:21.507+0000] {processor.py:153} INFO - Started process (PID=2718) to work on /home/airflow/.local/lib/python3.7/site-packages/airflow/example_dags/example_xcomargs.py
[2023-04-16T18:26:21.509+0000] {processor.py:743} INFO - Processing file /home/airflow/.local/lib/python3.7/site-packages/airflow/example_dags/example_xcomargs.py for tasks to queue
[2023-04-16T18:26:21.510+0000] {logging_mixin.py:137} INFO - [2023-04-16T18:26:21.510+0000] {dagbag.py:532} INFO - Filling up the DagBag from /home/airflow/.local/lib/python3.7/site-packages/airflow/example_dags/example_xcomargs.py
[2023-04-16T18:26:21.546+0000] {processor.py:753} INFO - DAG(s) dict_keys(['example_xcom_args', 'example_xcom_args_with_operators']) retrieved from /home/airflow/.local/lib/python3.7/site-packages/airflow/example_dags/example_xcomargs.py
[2023-04-16T18:26:21.593+0000] {logging_mixin.py:137} INFO - [2023-04-16T18:26:21.593+0000] {dag.py:2705} INFO - Sync 2 DAGs
[2023-04-16T18:26:21.633+0000] {logging_mixin.py:137} INFO - [2023-04-16T18:26:21.632+0000] {dag.py:3456} INFO - Setting next_dagrun for example_xcom_args to None, run_after=None
[2023-04-16T18:26:21.640+0000] {logging_mixin.py:137} INFO - [2023-04-16T18:26:21.639+0000] {dag.py:3456} INFO - Setting next_dagrun for example_xcom_args_with_operators to None, run_after=None
[2023-04-16T18:26:21.671+0000] {processor.py:175} INFO - Processing /home/airflow/.local/lib/python3.7/site-packages/airflow/example_dags/example_xcomargs.py took 0.170 seconds
[2023-04-16T18:26:52.219+0000] {processor.py:153} INFO - Started process (PID=2768) to work on /home/airflow/.local/lib/python3.7/site-packages/airflow/example_dags/example_xcomargs.py
[2023-04-16T18:26:52.220+0000] {processor.py:743} INFO - Processing file /home/airflow/.local/lib/python3.7/site-packages/airflow/example_dags/example_xcomargs.py for tasks to queue
[2023-04-16T18:26:52.221+0000] {logging_mixin.py:137} INFO - [2023-04-16T18:26:52.221+0000] {dagbag.py:532} INFO - Filling up the DagBag from /home/airflow/.local/lib/python3.7/site-packages/airflow/example_dags/example_xcomargs.py
[2023-04-16T18:26:52.258+0000] {processor.py:753} INFO - DAG(s) dict_keys(['example_xcom_args_with_operators', 'example_xcom_args']) retrieved from /home/airflow/.local/lib/python3.7/site-packages/airflow/example_dags/example_xcomargs.py
[2023-04-16T18:26:52.305+0000] {logging_mixin.py:137} INFO - [2023-04-16T18:26:52.304+0000] {dag.py:2705} INFO - Sync 2 DAGs
[2023-04-16T18:26:52.342+0000] {logging_mixin.py:137} INFO - [2023-04-16T18:26:52.342+0000] {dag.py:3456} INFO - Setting next_dagrun for example_xcom_args to None, run_after=None
[2023-04-16T18:26:52.347+0000] {logging_mixin.py:137} INFO - [2023-04-16T18:26:52.346+0000] {dag.py:3456} INFO - Setting next_dagrun for example_xcom_args_with_operators to None, run_after=None
[2023-04-16T18:26:52.369+0000] {processor.py:175} INFO - Processing /home/airflow/.local/lib/python3.7/site-packages/airflow/example_dags/example_xcomargs.py took 0.155 seconds
[2023-04-16T18:27:22.982+0000] {processor.py:153} INFO - Started process (PID=2818) to work on /home/airflow/.local/lib/python3.7/site-packages/airflow/example_dags/example_xcomargs.py
[2023-04-16T18:27:22.984+0000] {processor.py:743} INFO - Processing file /home/airflow/.local/lib/python3.7/site-packages/airflow/example_dags/example_xcomargs.py for tasks to queue
[2023-04-16T18:27:22.985+0000] {logging_mixin.py:137} INFO - [2023-04-16T18:27:22.985+0000] {dagbag.py:532} INFO - Filling up the DagBag from /home/airflow/.local/lib/python3.7/site-packages/airflow/example_dags/example_xcomargs.py
[2023-04-16T18:27:23.022+0000] {processor.py:753} INFO - DAG(s) dict_keys(['example_xcom_args', 'example_xcom_args_with_operators']) retrieved from /home/airflow/.local/lib/python3.7/site-packages/airflow/example_dags/example_xcomargs.py
[2023-04-16T18:27:23.068+0000] {logging_mixin.py:137} INFO - [2023-04-16T18:27:23.067+0000] {dag.py:2705} INFO - Sync 2 DAGs
[2023-04-16T18:27:23.103+0000] {logging_mixin.py:137} INFO - [2023-04-16T18:27:23.103+0000] {dag.py:3456} INFO - Setting next_dagrun for example_xcom_args to None, run_after=None
[2023-04-16T18:27:23.108+0000] {logging_mixin.py:137} INFO - [2023-04-16T18:27:23.108+0000] {dag.py:3456} INFO - Setting next_dagrun for example_xcom_args_with_operators to None, run_after=None
[2023-04-16T18:27:23.136+0000] {processor.py:175} INFO - Processing /home/airflow/.local/lib/python3.7/site-packages/airflow/example_dags/example_xcomargs.py took 0.162 seconds
[2023-04-16T18:27:53.593+0000] {processor.py:153} INFO - Started process (PID=2869) to work on /home/airflow/.local/lib/python3.7/site-packages/airflow/example_dags/example_xcomargs.py
[2023-04-16T18:27:53.594+0000] {processor.py:743} INFO - Processing file /home/airflow/.local/lib/python3.7/site-packages/airflow/example_dags/example_xcomargs.py for tasks to queue
[2023-04-16T18:27:53.595+0000] {logging_mixin.py:137} INFO - [2023-04-16T18:27:53.594+0000] {dagbag.py:532} INFO - Filling up the DagBag from /home/airflow/.local/lib/python3.7/site-packages/airflow/example_dags/example_xcomargs.py
[2023-04-16T18:27:53.629+0000] {processor.py:753} INFO - DAG(s) dict_keys(['example_xcom_args', 'example_xcom_args_with_operators']) retrieved from /home/airflow/.local/lib/python3.7/site-packages/airflow/example_dags/example_xcomargs.py
[2023-04-16T18:27:53.673+0000] {logging_mixin.py:137} INFO - [2023-04-16T18:27:53.672+0000] {dag.py:2705} INFO - Sync 2 DAGs
[2023-04-16T18:27:53.709+0000] {logging_mixin.py:137} INFO - [2023-04-16T18:27:53.709+0000] {dag.py:3456} INFO - Setting next_dagrun for example_xcom_args to None, run_after=None
[2023-04-16T18:27:53.714+0000] {logging_mixin.py:137} INFO - [2023-04-16T18:27:53.714+0000] {dag.py:3456} INFO - Setting next_dagrun for example_xcom_args_with_operators to None, run_after=None
[2023-04-16T18:27:53.736+0000] {processor.py:175} INFO - Processing /home/airflow/.local/lib/python3.7/site-packages/airflow/example_dags/example_xcomargs.py took 0.149 seconds
[2023-04-16T18:28:24.082+0000] {processor.py:153} INFO - Started process (PID=2919) to work on /home/airflow/.local/lib/python3.7/site-packages/airflow/example_dags/example_xcomargs.py
[2023-04-16T18:28:24.083+0000] {processor.py:743} INFO - Processing file /home/airflow/.local/lib/python3.7/site-packages/airflow/example_dags/example_xcomargs.py for tasks to queue
[2023-04-16T18:28:24.084+0000] {logging_mixin.py:137} INFO - [2023-04-16T18:28:24.084+0000] {dagbag.py:532} INFO - Filling up the DagBag from /home/airflow/.local/lib/python3.7/site-packages/airflow/example_dags/example_xcomargs.py
[2023-04-16T18:28:24.119+0000] {processor.py:753} INFO - DAG(s) dict_keys(['example_xcom_args', 'example_xcom_args_with_operators']) retrieved from /home/airflow/.local/lib/python3.7/site-packages/airflow/example_dags/example_xcomargs.py
[2023-04-16T18:28:24.163+0000] {logging_mixin.py:137} INFO - [2023-04-16T18:28:24.162+0000] {dag.py:2705} INFO - Sync 2 DAGs
[2023-04-16T18:28:24.198+0000] {logging_mixin.py:137} INFO - [2023-04-16T18:28:24.198+0000] {dag.py:3456} INFO - Setting next_dagrun for example_xcom_args to None, run_after=None
[2023-04-16T18:28:24.204+0000] {logging_mixin.py:137} INFO - [2023-04-16T18:28:24.204+0000] {dag.py:3456} INFO - Setting next_dagrun for example_xcom_args_with_operators to None, run_after=None
[2023-04-16T18:28:24.233+0000] {processor.py:175} INFO - Processing /home/airflow/.local/lib/python3.7/site-packages/airflow/example_dags/example_xcomargs.py took 0.156 seconds
[2023-04-16T18:28:54.955+0000] {processor.py:153} INFO - Started process (PID=2969) to work on /home/airflow/.local/lib/python3.7/site-packages/airflow/example_dags/example_xcomargs.py
[2023-04-16T18:28:54.957+0000] {processor.py:743} INFO - Processing file /home/airflow/.local/lib/python3.7/site-packages/airflow/example_dags/example_xcomargs.py for tasks to queue
[2023-04-16T18:28:54.958+0000] {logging_mixin.py:137} INFO - [2023-04-16T18:28:54.957+0000] {dagbag.py:532} INFO - Filling up the DagBag from /home/airflow/.local/lib/python3.7/site-packages/airflow/example_dags/example_xcomargs.py
[2023-04-16T18:28:54.992+0000] {processor.py:753} INFO - DAG(s) dict_keys(['example_xcom_args', 'example_xcom_args_with_operators']) retrieved from /home/airflow/.local/lib/python3.7/site-packages/airflow/example_dags/example_xcomargs.py
[2023-04-16T18:28:55.036+0000] {logging_mixin.py:137} INFO - [2023-04-16T18:28:55.035+0000] {dag.py:2705} INFO - Sync 2 DAGs
[2023-04-16T18:28:55.072+0000] {logging_mixin.py:137} INFO - [2023-04-16T18:28:55.071+0000] {dag.py:3456} INFO - Setting next_dagrun for example_xcom_args to None, run_after=None
[2023-04-16T18:28:55.077+0000] {logging_mixin.py:137} INFO - [2023-04-16T18:28:55.077+0000] {dag.py:3456} INFO - Setting next_dagrun for example_xcom_args_with_operators to None, run_after=None
[2023-04-16T18:28:55.107+0000] {processor.py:175} INFO - Processing /home/airflow/.local/lib/python3.7/site-packages/airflow/example_dags/example_xcomargs.py took 0.158 seconds
[2023-04-16T18:29:25.494+0000] {processor.py:153} INFO - Started process (PID=3020) to work on /home/airflow/.local/lib/python3.7/site-packages/airflow/example_dags/example_xcomargs.py
[2023-04-16T18:29:25.499+0000] {processor.py:743} INFO - Processing file /home/airflow/.local/lib/python3.7/site-packages/airflow/example_dags/example_xcomargs.py for tasks to queue
[2023-04-16T18:29:25.500+0000] {logging_mixin.py:137} INFO - [2023-04-16T18:29:25.500+0000] {dagbag.py:532} INFO - Filling up the DagBag from /home/airflow/.local/lib/python3.7/site-packages/airflow/example_dags/example_xcomargs.py
[2023-04-16T18:29:25.536+0000] {processor.py:753} INFO - DAG(s) dict_keys(['example_xcom_args_with_operators', 'example_xcom_args']) retrieved from /home/airflow/.local/lib/python3.7/site-packages/airflow/example_dags/example_xcomargs.py
[2023-04-16T18:29:25.580+0000] {logging_mixin.py:137} INFO - [2023-04-16T18:29:25.580+0000] {dag.py:2705} INFO - Sync 2 DAGs
[2023-04-16T18:29:25.617+0000] {logging_mixin.py:137} INFO - [2023-04-16T18:29:25.616+0000] {dag.py:3456} INFO - Setting next_dagrun for example_xcom_args to None, run_after=None
[2023-04-16T18:29:25.621+0000] {logging_mixin.py:137} INFO - [2023-04-16T18:29:25.621+0000] {dag.py:3456} INFO - Setting next_dagrun for example_xcom_args_with_operators to None, run_after=None
[2023-04-16T18:29:25.644+0000] {processor.py:175} INFO - Processing /home/airflow/.local/lib/python3.7/site-packages/airflow/example_dags/example_xcomargs.py took 0.155 seconds
[2023-04-16T18:29:56.211+0000] {processor.py:153} INFO - Started process (PID=3071) to work on /home/airflow/.local/lib/python3.7/site-packages/airflow/example_dags/example_xcomargs.py
[2023-04-16T18:29:56.213+0000] {processor.py:743} INFO - Processing file /home/airflow/.local/lib/python3.7/site-packages/airflow/example_dags/example_xcomargs.py for tasks to queue
[2023-04-16T18:29:56.214+0000] {logging_mixin.py:137} INFO - [2023-04-16T18:29:56.214+0000] {dagbag.py:532} INFO - Filling up the DagBag from /home/airflow/.local/lib/python3.7/site-packages/airflow/example_dags/example_xcomargs.py
[2023-04-16T18:29:56.262+0000] {processor.py:753} INFO - DAG(s) dict_keys(['example_xcom_args', 'example_xcom_args_with_operators']) retrieved from /home/airflow/.local/lib/python3.7/site-packages/airflow/example_dags/example_xcomargs.py
[2023-04-16T18:29:56.304+0000] {logging_mixin.py:137} INFO - [2023-04-16T18:29:56.304+0000] {dag.py:2705} INFO - Sync 2 DAGs
[2023-04-16T18:29:56.341+0000] {logging_mixin.py:137} INFO - [2023-04-16T18:29:56.340+0000] {dag.py:3456} INFO - Setting next_dagrun for example_xcom_args to None, run_after=None
[2023-04-16T18:29:56.346+0000] {logging_mixin.py:137} INFO - [2023-04-16T18:29:56.346+0000] {dag.py:3456} INFO - Setting next_dagrun for example_xcom_args_with_operators to None, run_after=None
[2023-04-16T18:29:56.369+0000] {processor.py:175} INFO - Processing /home/airflow/.local/lib/python3.7/site-packages/airflow/example_dags/example_xcomargs.py took 0.163 seconds
[2023-04-16T18:30:26.983+0000] {processor.py:153} INFO - Started process (PID=3121) to work on /home/airflow/.local/lib/python3.7/site-packages/airflow/example_dags/example_xcomargs.py
[2023-04-16T18:30:26.984+0000] {processor.py:743} INFO - Processing file /home/airflow/.local/lib/python3.7/site-packages/airflow/example_dags/example_xcomargs.py for tasks to queue
[2023-04-16T18:30:26.985+0000] {logging_mixin.py:137} INFO - [2023-04-16T18:30:26.985+0000] {dagbag.py:532} INFO - Filling up the DagBag from /home/airflow/.local/lib/python3.7/site-packages/airflow/example_dags/example_xcomargs.py
[2023-04-16T18:30:27.028+0000] {processor.py:753} INFO - DAG(s) dict_keys(['example_xcom_args', 'example_xcom_args_with_operators']) retrieved from /home/airflow/.local/lib/python3.7/site-packages/airflow/example_dags/example_xcomargs.py
[2023-04-16T18:30:27.072+0000] {logging_mixin.py:137} INFO - [2023-04-16T18:30:27.071+0000] {dag.py:2705} INFO - Sync 2 DAGs
[2023-04-16T18:30:27.112+0000] {logging_mixin.py:137} INFO - [2023-04-16T18:30:27.112+0000] {dag.py:3456} INFO - Setting next_dagrun for example_xcom_args to None, run_after=None
[2023-04-16T18:30:27.119+0000] {logging_mixin.py:137} INFO - [2023-04-16T18:30:27.119+0000] {dag.py:3456} INFO - Setting next_dagrun for example_xcom_args_with_operators to None, run_after=None
[2023-04-16T18:30:27.149+0000] {processor.py:175} INFO - Processing /home/airflow/.local/lib/python3.7/site-packages/airflow/example_dags/example_xcomargs.py took 0.171 seconds
