[2023-04-16T17:59:23.883+0000] {processor.py:153} INFO - Started process (PID=69) to work on /home/airflow/.local/lib/python3.7/site-packages/airflow/example_dags/example_task_group.py
[2023-04-16T17:59:23.884+0000] {processor.py:743} INFO - Processing file /home/airflow/.local/lib/python3.7/site-packages/airflow/example_dags/example_task_group.py for tasks to queue
[2023-04-16T17:59:23.886+0000] {logging_mixin.py:137} INFO - [2023-04-16T17:59:23.886+0000] {dagbag.py:532} INFO - Filling up the DagBag from /home/airflow/.local/lib/python3.7/site-packages/airflow/example_dags/example_task_group.py
[2023-04-16T17:59:23.916+0000] {processor.py:753} INFO - DAG(s) dict_keys(['example_task_group']) retrieved from /home/airflow/.local/lib/python3.7/site-packages/airflow/example_dags/example_task_group.py
[2023-04-16T17:59:23.953+0000] {logging_mixin.py:137} INFO - [2023-04-16T17:59:23.953+0000] {dag.py:2705} INFO - Sync 1 DAGs
[2023-04-16T17:59:24.002+0000] {logging_mixin.py:137} INFO - [2023-04-16T17:59:24.001+0000] {dag.py:3456} INFO - Setting next_dagrun for example_task_group to 2023-04-15T17:59:24.001294+00:00, run_after=2023-04-16T17:59:24.001294+00:00
[2023-04-16T17:59:24.035+0000] {processor.py:175} INFO - Processing /home/airflow/.local/lib/python3.7/site-packages/airflow/example_dags/example_task_group.py took 0.159 seconds
[2023-04-16T17:59:54.554+0000] {processor.py:153} INFO - Started process (PID=119) to work on /home/airflow/.local/lib/python3.7/site-packages/airflow/example_dags/example_task_group.py
[2023-04-16T17:59:54.555+0000] {processor.py:743} INFO - Processing file /home/airflow/.local/lib/python3.7/site-packages/airflow/example_dags/example_task_group.py for tasks to queue
[2023-04-16T17:59:54.556+0000] {logging_mixin.py:137} INFO - [2023-04-16T17:59:54.556+0000] {dagbag.py:532} INFO - Filling up the DagBag from /home/airflow/.local/lib/python3.7/site-packages/airflow/example_dags/example_task_group.py
[2023-04-16T17:59:54.578+0000] {processor.py:753} INFO - DAG(s) dict_keys(['example_task_group']) retrieved from /home/airflow/.local/lib/python3.7/site-packages/airflow/example_dags/example_task_group.py
[2023-04-16T17:59:54.616+0000] {logging_mixin.py:137} INFO - [2023-04-16T17:59:54.615+0000] {dag.py:2705} INFO - Sync 1 DAGs
[2023-04-16T17:59:54.652+0000] {logging_mixin.py:137} INFO - [2023-04-16T17:59:54.652+0000] {dag.py:3456} INFO - Setting next_dagrun for example_task_group to 2023-04-15T17:59:54.652102+00:00, run_after=2023-04-16T17:59:54.652102+00:00
[2023-04-16T17:59:54.677+0000] {processor.py:175} INFO - Processing /home/airflow/.local/lib/python3.7/site-packages/airflow/example_dags/example_task_group.py took 0.128 seconds
[2023-04-16T18:00:24.934+0000] {processor.py:153} INFO - Started process (PID=170) to work on /home/airflow/.local/lib/python3.7/site-packages/airflow/example_dags/example_task_group.py
[2023-04-16T18:00:24.936+0000] {processor.py:743} INFO - Processing file /home/airflow/.local/lib/python3.7/site-packages/airflow/example_dags/example_task_group.py for tasks to queue
[2023-04-16T18:00:24.937+0000] {logging_mixin.py:137} INFO - [2023-04-16T18:00:24.937+0000] {dagbag.py:532} INFO - Filling up the DagBag from /home/airflow/.local/lib/python3.7/site-packages/airflow/example_dags/example_task_group.py
[2023-04-16T18:00:24.969+0000] {processor.py:753} INFO - DAG(s) dict_keys(['example_task_group']) retrieved from /home/airflow/.local/lib/python3.7/site-packages/airflow/example_dags/example_task_group.py
[2023-04-16T18:00:25.009+0000] {logging_mixin.py:137} INFO - [2023-04-16T18:00:25.009+0000] {dag.py:2705} INFO - Sync 1 DAGs
[2023-04-16T18:00:25.046+0000] {logging_mixin.py:137} INFO - [2023-04-16T18:00:25.046+0000] {dag.py:3456} INFO - Setting next_dagrun for example_task_group to 2023-04-15T18:00:25.045756+00:00, run_after=2023-04-16T18:00:25.045756+00:00
[2023-04-16T18:00:25.075+0000] {processor.py:175} INFO - Processing /home/airflow/.local/lib/python3.7/site-packages/airflow/example_dags/example_task_group.py took 0.147 seconds
[2023-04-16T18:00:55.234+0000] {processor.py:153} INFO - Started process (PID=220) to work on /home/airflow/.local/lib/python3.7/site-packages/airflow/example_dags/example_task_group.py
[2023-04-16T18:00:55.236+0000] {processor.py:743} INFO - Processing file /home/airflow/.local/lib/python3.7/site-packages/airflow/example_dags/example_task_group.py for tasks to queue
[2023-04-16T18:00:55.237+0000] {logging_mixin.py:137} INFO - [2023-04-16T18:00:55.236+0000] {dagbag.py:532} INFO - Filling up the DagBag from /home/airflow/.local/lib/python3.7/site-packages/airflow/example_dags/example_task_group.py
[2023-04-16T18:00:55.259+0000] {processor.py:753} INFO - DAG(s) dict_keys(['example_task_group']) retrieved from /home/airflow/.local/lib/python3.7/site-packages/airflow/example_dags/example_task_group.py
[2023-04-16T18:00:55.299+0000] {logging_mixin.py:137} INFO - [2023-04-16T18:00:55.299+0000] {dag.py:2705} INFO - Sync 1 DAGs
[2023-04-16T18:00:55.343+0000] {logging_mixin.py:137} INFO - [2023-04-16T18:00:55.343+0000] {dag.py:3456} INFO - Setting next_dagrun for example_task_group to 2023-04-15T18:00:55.343167+00:00, run_after=2023-04-16T18:00:55.343167+00:00
[2023-04-16T18:00:55.374+0000] {processor.py:175} INFO - Processing /home/airflow/.local/lib/python3.7/site-packages/airflow/example_dags/example_task_group.py took 0.145 seconds
[2023-04-16T18:01:25.573+0000] {processor.py:153} INFO - Started process (PID=270) to work on /home/airflow/.local/lib/python3.7/site-packages/airflow/example_dags/example_task_group.py
[2023-04-16T18:01:25.574+0000] {processor.py:743} INFO - Processing file /home/airflow/.local/lib/python3.7/site-packages/airflow/example_dags/example_task_group.py for tasks to queue
[2023-04-16T18:01:25.575+0000] {logging_mixin.py:137} INFO - [2023-04-16T18:01:25.575+0000] {dagbag.py:532} INFO - Filling up the DagBag from /home/airflow/.local/lib/python3.7/site-packages/airflow/example_dags/example_task_group.py
[2023-04-16T18:01:25.598+0000] {processor.py:753} INFO - DAG(s) dict_keys(['example_task_group']) retrieved from /home/airflow/.local/lib/python3.7/site-packages/airflow/example_dags/example_task_group.py
[2023-04-16T18:01:25.644+0000] {logging_mixin.py:137} INFO - [2023-04-16T18:01:25.643+0000] {dag.py:2705} INFO - Sync 1 DAGs
[2023-04-16T18:01:25.682+0000] {logging_mixin.py:137} INFO - [2023-04-16T18:01:25.681+0000] {dag.py:3456} INFO - Setting next_dagrun for example_task_group to 2023-04-15T18:01:25.681448+00:00, run_after=2023-04-16T18:01:25.681448+00:00
[2023-04-16T18:01:25.707+0000] {processor.py:175} INFO - Processing /home/airflow/.local/lib/python3.7/site-packages/airflow/example_dags/example_task_group.py took 0.140 seconds
[2023-04-16T18:01:56.098+0000] {processor.py:153} INFO - Started process (PID=320) to work on /home/airflow/.local/lib/python3.7/site-packages/airflow/example_dags/example_task_group.py
[2023-04-16T18:01:56.100+0000] {processor.py:743} INFO - Processing file /home/airflow/.local/lib/python3.7/site-packages/airflow/example_dags/example_task_group.py for tasks to queue
[2023-04-16T18:01:56.101+0000] {logging_mixin.py:137} INFO - [2023-04-16T18:01:56.101+0000] {dagbag.py:532} INFO - Filling up the DagBag from /home/airflow/.local/lib/python3.7/site-packages/airflow/example_dags/example_task_group.py
[2023-04-16T18:01:56.124+0000] {processor.py:753} INFO - DAG(s) dict_keys(['example_task_group']) retrieved from /home/airflow/.local/lib/python3.7/site-packages/airflow/example_dags/example_task_group.py
[2023-04-16T18:01:56.163+0000] {logging_mixin.py:137} INFO - [2023-04-16T18:01:56.163+0000] {dag.py:2705} INFO - Sync 1 DAGs
[2023-04-16T18:01:56.201+0000] {logging_mixin.py:137} INFO - [2023-04-16T18:01:56.200+0000] {dag.py:3456} INFO - Setting next_dagrun for example_task_group to 2023-04-15T18:01:56.200531+00:00, run_after=2023-04-16T18:01:56.200531+00:00
[2023-04-16T18:01:56.225+0000] {processor.py:175} INFO - Processing /home/airflow/.local/lib/python3.7/site-packages/airflow/example_dags/example_task_group.py took 0.133 seconds
[2023-04-16T18:02:27.179+0000] {processor.py:153} INFO - Started process (PID=371) to work on /home/airflow/.local/lib/python3.7/site-packages/airflow/example_dags/example_task_group.py
[2023-04-16T18:02:27.181+0000] {processor.py:743} INFO - Processing file /home/airflow/.local/lib/python3.7/site-packages/airflow/example_dags/example_task_group.py for tasks to queue
[2023-04-16T18:02:27.182+0000] {logging_mixin.py:137} INFO - [2023-04-16T18:02:27.182+0000] {dagbag.py:532} INFO - Filling up the DagBag from /home/airflow/.local/lib/python3.7/site-packages/airflow/example_dags/example_task_group.py
[2023-04-16T18:02:27.206+0000] {processor.py:753} INFO - DAG(s) dict_keys(['example_task_group']) retrieved from /home/airflow/.local/lib/python3.7/site-packages/airflow/example_dags/example_task_group.py
[2023-04-16T18:02:27.253+0000] {logging_mixin.py:137} INFO - [2023-04-16T18:02:27.253+0000] {dag.py:2705} INFO - Sync 1 DAGs
[2023-04-16T18:02:27.289+0000] {logging_mixin.py:137} INFO - [2023-04-16T18:02:27.289+0000] {dag.py:3456} INFO - Setting next_dagrun for example_task_group to 2023-04-15T18:02:27.288757+00:00, run_after=2023-04-16T18:02:27.288757+00:00
[2023-04-16T18:02:27.314+0000] {processor.py:175} INFO - Processing /home/airflow/.local/lib/python3.7/site-packages/airflow/example_dags/example_task_group.py took 0.140 seconds
[2023-04-16T18:02:57.901+0000] {processor.py:153} INFO - Started process (PID=422) to work on /home/airflow/.local/lib/python3.7/site-packages/airflow/example_dags/example_task_group.py
[2023-04-16T18:02:57.902+0000] {processor.py:743} INFO - Processing file /home/airflow/.local/lib/python3.7/site-packages/airflow/example_dags/example_task_group.py for tasks to queue
[2023-04-16T18:02:57.903+0000] {logging_mixin.py:137} INFO - [2023-04-16T18:02:57.903+0000] {dagbag.py:532} INFO - Filling up the DagBag from /home/airflow/.local/lib/python3.7/site-packages/airflow/example_dags/example_task_group.py
[2023-04-16T18:02:57.926+0000] {processor.py:753} INFO - DAG(s) dict_keys(['example_task_group']) retrieved from /home/airflow/.local/lib/python3.7/site-packages/airflow/example_dags/example_task_group.py
[2023-04-16T18:02:57.970+0000] {logging_mixin.py:137} INFO - [2023-04-16T18:02:57.969+0000] {dag.py:2705} INFO - Sync 1 DAGs
[2023-04-16T18:02:58.019+0000] {logging_mixin.py:137} INFO - [2023-04-16T18:02:58.019+0000] {dag.py:3456} INFO - Setting next_dagrun for example_task_group to 2023-04-15T18:02:58.019112+00:00, run_after=2023-04-16T18:02:58.019112+00:00
[2023-04-16T18:02:58.057+0000] {processor.py:175} INFO - Processing /home/airflow/.local/lib/python3.7/site-packages/airflow/example_dags/example_task_group.py took 0.162 seconds
[2023-04-16T18:03:28.797+0000] {processor.py:153} INFO - Started process (PID=472) to work on /home/airflow/.local/lib/python3.7/site-packages/airflow/example_dags/example_task_group.py
[2023-04-16T18:03:28.799+0000] {processor.py:743} INFO - Processing file /home/airflow/.local/lib/python3.7/site-packages/airflow/example_dags/example_task_group.py for tasks to queue
[2023-04-16T18:03:28.801+0000] {logging_mixin.py:137} INFO - [2023-04-16T18:03:28.800+0000] {dagbag.py:532} INFO - Filling up the DagBag from /home/airflow/.local/lib/python3.7/site-packages/airflow/example_dags/example_task_group.py
[2023-04-16T18:03:28.832+0000] {processor.py:753} INFO - DAG(s) dict_keys(['example_task_group']) retrieved from /home/airflow/.local/lib/python3.7/site-packages/airflow/example_dags/example_task_group.py
[2023-04-16T18:03:28.872+0000] {logging_mixin.py:137} INFO - [2023-04-16T18:03:28.872+0000] {dag.py:2705} INFO - Sync 1 DAGs
[2023-04-16T18:03:28.909+0000] {logging_mixin.py:137} INFO - [2023-04-16T18:03:28.909+0000] {dag.py:3456} INFO - Setting next_dagrun for example_task_group to 2023-04-15T18:03:28.908867+00:00, run_after=2023-04-16T18:03:28.908867+00:00
[2023-04-16T18:03:28.934+0000] {processor.py:175} INFO - Processing /home/airflow/.local/lib/python3.7/site-packages/airflow/example_dags/example_task_group.py took 0.142 seconds
[2023-04-16T18:03:59.050+0000] {processor.py:153} INFO - Started process (PID=521) to work on /home/airflow/.local/lib/python3.7/site-packages/airflow/example_dags/example_task_group.py
[2023-04-16T18:03:59.052+0000] {processor.py:743} INFO - Processing file /home/airflow/.local/lib/python3.7/site-packages/airflow/example_dags/example_task_group.py for tasks to queue
[2023-04-16T18:03:59.053+0000] {logging_mixin.py:137} INFO - [2023-04-16T18:03:59.052+0000] {dagbag.py:532} INFO - Filling up the DagBag from /home/airflow/.local/lib/python3.7/site-packages/airflow/example_dags/example_task_group.py
[2023-04-16T18:03:59.078+0000] {processor.py:753} INFO - DAG(s) dict_keys(['example_task_group']) retrieved from /home/airflow/.local/lib/python3.7/site-packages/airflow/example_dags/example_task_group.py
[2023-04-16T18:03:59.125+0000] {logging_mixin.py:137} INFO - [2023-04-16T18:03:59.125+0000] {dag.py:2705} INFO - Sync 1 DAGs
[2023-04-16T18:03:59.171+0000] {logging_mixin.py:137} INFO - [2023-04-16T18:03:59.171+0000] {dag.py:3456} INFO - Setting next_dagrun for example_task_group to 2023-04-15T18:03:59.171451+00:00, run_after=2023-04-16T18:03:59.171451+00:00
[2023-04-16T18:03:59.197+0000] {processor.py:175} INFO - Processing /home/airflow/.local/lib/python3.7/site-packages/airflow/example_dags/example_task_group.py took 0.152 seconds
[2023-04-16T18:04:29.241+0000] {processor.py:153} INFO - Started process (PID=570) to work on /home/airflow/.local/lib/python3.7/site-packages/airflow/example_dags/example_task_group.py
[2023-04-16T18:04:29.242+0000] {processor.py:743} INFO - Processing file /home/airflow/.local/lib/python3.7/site-packages/airflow/example_dags/example_task_group.py for tasks to queue
[2023-04-16T18:04:29.243+0000] {logging_mixin.py:137} INFO - [2023-04-16T18:04:29.243+0000] {dagbag.py:532} INFO - Filling up the DagBag from /home/airflow/.local/lib/python3.7/site-packages/airflow/example_dags/example_task_group.py
[2023-04-16T18:04:29.266+0000] {processor.py:753} INFO - DAG(s) dict_keys(['example_task_group']) retrieved from /home/airflow/.local/lib/python3.7/site-packages/airflow/example_dags/example_task_group.py
[2023-04-16T18:04:29.307+0000] {logging_mixin.py:137} INFO - [2023-04-16T18:04:29.307+0000] {dag.py:2705} INFO - Sync 1 DAGs
[2023-04-16T18:04:29.344+0000] {logging_mixin.py:137} INFO - [2023-04-16T18:04:29.343+0000] {dag.py:3456} INFO - Setting next_dagrun for example_task_group to 2023-04-15T18:04:29.343325+00:00, run_after=2023-04-16T18:04:29.343325+00:00
[2023-04-16T18:04:29.369+0000] {processor.py:175} INFO - Processing /home/airflow/.local/lib/python3.7/site-packages/airflow/example_dags/example_task_group.py took 0.133 seconds
[2023-04-16T18:04:59.442+0000] {processor.py:153} INFO - Started process (PID=619) to work on /home/airflow/.local/lib/python3.7/site-packages/airflow/example_dags/example_task_group.py
[2023-04-16T18:04:59.444+0000] {processor.py:743} INFO - Processing file /home/airflow/.local/lib/python3.7/site-packages/airflow/example_dags/example_task_group.py for tasks to queue
[2023-04-16T18:04:59.445+0000] {logging_mixin.py:137} INFO - [2023-04-16T18:04:59.445+0000] {dagbag.py:532} INFO - Filling up the DagBag from /home/airflow/.local/lib/python3.7/site-packages/airflow/example_dags/example_task_group.py
[2023-04-16T18:04:59.467+0000] {processor.py:753} INFO - DAG(s) dict_keys(['example_task_group']) retrieved from /home/airflow/.local/lib/python3.7/site-packages/airflow/example_dags/example_task_group.py
[2023-04-16T18:04:59.510+0000] {logging_mixin.py:137} INFO - [2023-04-16T18:04:59.510+0000] {dag.py:2705} INFO - Sync 1 DAGs
[2023-04-16T18:04:59.547+0000] {logging_mixin.py:137} INFO - [2023-04-16T18:04:59.547+0000] {dag.py:3456} INFO - Setting next_dagrun for example_task_group to 2023-04-15T18:04:59.547152+00:00, run_after=2023-04-16T18:04:59.547152+00:00
[2023-04-16T18:04:59.573+0000] {processor.py:175} INFO - Processing /home/airflow/.local/lib/python3.7/site-packages/airflow/example_dags/example_task_group.py took 0.136 seconds
[2023-04-16T18:05:29.779+0000] {processor.py:153} INFO - Started process (PID=669) to work on /home/airflow/.local/lib/python3.7/site-packages/airflow/example_dags/example_task_group.py
[2023-04-16T18:05:29.781+0000] {processor.py:743} INFO - Processing file /home/airflow/.local/lib/python3.7/site-packages/airflow/example_dags/example_task_group.py for tasks to queue
[2023-04-16T18:05:29.782+0000] {logging_mixin.py:137} INFO - [2023-04-16T18:05:29.782+0000] {dagbag.py:532} INFO - Filling up the DagBag from /home/airflow/.local/lib/python3.7/site-packages/airflow/example_dags/example_task_group.py
[2023-04-16T18:05:29.805+0000] {processor.py:753} INFO - DAG(s) dict_keys(['example_task_group']) retrieved from /home/airflow/.local/lib/python3.7/site-packages/airflow/example_dags/example_task_group.py
[2023-04-16T18:05:29.846+0000] {logging_mixin.py:137} INFO - [2023-04-16T18:05:29.846+0000] {dag.py:2705} INFO - Sync 1 DAGs
[2023-04-16T18:05:29.887+0000] {logging_mixin.py:137} INFO - [2023-04-16T18:05:29.887+0000] {dag.py:3456} INFO - Setting next_dagrun for example_task_group to 2023-04-15T18:05:29.886835+00:00, run_after=2023-04-16T18:05:29.886835+00:00
[2023-04-16T18:05:29.912+0000] {processor.py:175} INFO - Processing /home/airflow/.local/lib/python3.7/site-packages/airflow/example_dags/example_task_group.py took 0.138 seconds
[2023-04-16T18:06:00.047+0000] {processor.py:153} INFO - Started process (PID=718) to work on /home/airflow/.local/lib/python3.7/site-packages/airflow/example_dags/example_task_group.py
[2023-04-16T18:06:00.049+0000] {processor.py:743} INFO - Processing file /home/airflow/.local/lib/python3.7/site-packages/airflow/example_dags/example_task_group.py for tasks to queue
[2023-04-16T18:06:00.050+0000] {logging_mixin.py:137} INFO - [2023-04-16T18:06:00.049+0000] {dagbag.py:532} INFO - Filling up the DagBag from /home/airflow/.local/lib/python3.7/site-packages/airflow/example_dags/example_task_group.py
[2023-04-16T18:06:00.073+0000] {processor.py:753} INFO - DAG(s) dict_keys(['example_task_group']) retrieved from /home/airflow/.local/lib/python3.7/site-packages/airflow/example_dags/example_task_group.py
[2023-04-16T18:06:00.111+0000] {logging_mixin.py:137} INFO - [2023-04-16T18:06:00.110+0000] {dag.py:2705} INFO - Sync 1 DAGs
[2023-04-16T18:06:00.146+0000] {logging_mixin.py:137} INFO - [2023-04-16T18:06:00.146+0000] {dag.py:3456} INFO - Setting next_dagrun for example_task_group to 2023-04-15T18:06:00.145907+00:00, run_after=2023-04-16T18:06:00.145907+00:00
[2023-04-16T18:06:00.170+0000] {processor.py:175} INFO - Processing /home/airflow/.local/lib/python3.7/site-packages/airflow/example_dags/example_task_group.py took 0.130 seconds
[2023-04-16T18:06:30.369+0000] {processor.py:153} INFO - Started process (PID=767) to work on /home/airflow/.local/lib/python3.7/site-packages/airflow/example_dags/example_task_group.py
[2023-04-16T18:06:30.371+0000] {processor.py:743} INFO - Processing file /home/airflow/.local/lib/python3.7/site-packages/airflow/example_dags/example_task_group.py for tasks to queue
[2023-04-16T18:06:30.372+0000] {logging_mixin.py:137} INFO - [2023-04-16T18:06:30.372+0000] {dagbag.py:532} INFO - Filling up the DagBag from /home/airflow/.local/lib/python3.7/site-packages/airflow/example_dags/example_task_group.py
[2023-04-16T18:06:30.394+0000] {processor.py:753} INFO - DAG(s) dict_keys(['example_task_group']) retrieved from /home/airflow/.local/lib/python3.7/site-packages/airflow/example_dags/example_task_group.py
[2023-04-16T18:06:30.432+0000] {logging_mixin.py:137} INFO - [2023-04-16T18:06:30.432+0000] {dag.py:2705} INFO - Sync 1 DAGs
[2023-04-16T18:06:30.473+0000] {logging_mixin.py:137} INFO - [2023-04-16T18:06:30.473+0000] {dag.py:3456} INFO - Setting next_dagrun for example_task_group to 2023-04-15T18:06:30.472923+00:00, run_after=2023-04-16T18:06:30.472923+00:00
[2023-04-16T18:06:30.507+0000] {processor.py:175} INFO - Processing /home/airflow/.local/lib/python3.7/site-packages/airflow/example_dags/example_task_group.py took 0.145 seconds
[2023-04-16T18:07:00.771+0000] {processor.py:153} INFO - Started process (PID=816) to work on /home/airflow/.local/lib/python3.7/site-packages/airflow/example_dags/example_task_group.py
[2023-04-16T18:07:00.772+0000] {processor.py:743} INFO - Processing file /home/airflow/.local/lib/python3.7/site-packages/airflow/example_dags/example_task_group.py for tasks to queue
[2023-04-16T18:07:00.773+0000] {logging_mixin.py:137} INFO - [2023-04-16T18:07:00.773+0000] {dagbag.py:532} INFO - Filling up the DagBag from /home/airflow/.local/lib/python3.7/site-packages/airflow/example_dags/example_task_group.py
[2023-04-16T18:07:00.795+0000] {processor.py:753} INFO - DAG(s) dict_keys(['example_task_group']) retrieved from /home/airflow/.local/lib/python3.7/site-packages/airflow/example_dags/example_task_group.py
[2023-04-16T18:07:00.843+0000] {logging_mixin.py:137} INFO - [2023-04-16T18:07:00.843+0000] {dag.py:2705} INFO - Sync 1 DAGs
[2023-04-16T18:07:00.890+0000] {logging_mixin.py:137} INFO - [2023-04-16T18:07:00.889+0000] {dag.py:3456} INFO - Setting next_dagrun for example_task_group to 2023-04-15T18:07:00.889520+00:00, run_after=2023-04-16T18:07:00.889520+00:00
[2023-04-16T18:07:00.920+0000] {processor.py:175} INFO - Processing /home/airflow/.local/lib/python3.7/site-packages/airflow/example_dags/example_task_group.py took 0.155 seconds
[2023-04-16T18:07:30.991+0000] {processor.py:153} INFO - Started process (PID=866) to work on /home/airflow/.local/lib/python3.7/site-packages/airflow/example_dags/example_task_group.py
[2023-04-16T18:07:30.993+0000] {processor.py:743} INFO - Processing file /home/airflow/.local/lib/python3.7/site-packages/airflow/example_dags/example_task_group.py for tasks to queue
[2023-04-16T18:07:30.994+0000] {logging_mixin.py:137} INFO - [2023-04-16T18:07:30.994+0000] {dagbag.py:532} INFO - Filling up the DagBag from /home/airflow/.local/lib/python3.7/site-packages/airflow/example_dags/example_task_group.py
[2023-04-16T18:07:31.026+0000] {processor.py:753} INFO - DAG(s) dict_keys(['example_task_group']) retrieved from /home/airflow/.local/lib/python3.7/site-packages/airflow/example_dags/example_task_group.py
[2023-04-16T18:07:31.068+0000] {logging_mixin.py:137} INFO - [2023-04-16T18:07:31.068+0000] {dag.py:2705} INFO - Sync 1 DAGs
[2023-04-16T18:07:31.128+0000] {logging_mixin.py:137} INFO - [2023-04-16T18:07:31.127+0000] {dag.py:3456} INFO - Setting next_dagrun for example_task_group to 2023-04-15T18:07:31.127550+00:00, run_after=2023-04-16T18:07:31.127550+00:00
[2023-04-16T18:07:31.161+0000] {processor.py:175} INFO - Processing /home/airflow/.local/lib/python3.7/site-packages/airflow/example_dags/example_task_group.py took 0.178 seconds
[2023-04-16T18:08:01.285+0000] {processor.py:153} INFO - Started process (PID=915) to work on /home/airflow/.local/lib/python3.7/site-packages/airflow/example_dags/example_task_group.py
[2023-04-16T18:08:01.286+0000] {processor.py:743} INFO - Processing file /home/airflow/.local/lib/python3.7/site-packages/airflow/example_dags/example_task_group.py for tasks to queue
[2023-04-16T18:08:01.287+0000] {logging_mixin.py:137} INFO - [2023-04-16T18:08:01.286+0000] {dagbag.py:532} INFO - Filling up the DagBag from /home/airflow/.local/lib/python3.7/site-packages/airflow/example_dags/example_task_group.py
[2023-04-16T18:08:01.310+0000] {processor.py:753} INFO - DAG(s) dict_keys(['example_task_group']) retrieved from /home/airflow/.local/lib/python3.7/site-packages/airflow/example_dags/example_task_group.py
[2023-04-16T18:08:01.365+0000] {logging_mixin.py:137} INFO - [2023-04-16T18:08:01.365+0000] {dag.py:2705} INFO - Sync 1 DAGs
[2023-04-16T18:08:01.412+0000] {logging_mixin.py:137} INFO - [2023-04-16T18:08:01.412+0000] {dag.py:3456} INFO - Setting next_dagrun for example_task_group to 2023-04-15T18:08:01.412215+00:00, run_after=2023-04-16T18:08:01.412215+00:00
[2023-04-16T18:08:01.438+0000] {processor.py:175} INFO - Processing /home/airflow/.local/lib/python3.7/site-packages/airflow/example_dags/example_task_group.py took 0.159 seconds
[2023-04-16T18:08:31.566+0000] {processor.py:153} INFO - Started process (PID=964) to work on /home/airflow/.local/lib/python3.7/site-packages/airflow/example_dags/example_task_group.py
[2023-04-16T18:08:31.568+0000] {processor.py:743} INFO - Processing file /home/airflow/.local/lib/python3.7/site-packages/airflow/example_dags/example_task_group.py for tasks to queue
[2023-04-16T18:08:31.570+0000] {logging_mixin.py:137} INFO - [2023-04-16T18:08:31.569+0000] {dagbag.py:532} INFO - Filling up the DagBag from /home/airflow/.local/lib/python3.7/site-packages/airflow/example_dags/example_task_group.py
[2023-04-16T18:08:31.602+0000] {processor.py:753} INFO - DAG(s) dict_keys(['example_task_group']) retrieved from /home/airflow/.local/lib/python3.7/site-packages/airflow/example_dags/example_task_group.py
[2023-04-16T18:08:31.643+0000] {logging_mixin.py:137} INFO - [2023-04-16T18:08:31.643+0000] {dag.py:2705} INFO - Sync 1 DAGs
[2023-04-16T18:08:31.682+0000] {logging_mixin.py:137} INFO - [2023-04-16T18:08:31.681+0000] {dag.py:3456} INFO - Setting next_dagrun for example_task_group to 2023-04-15T18:08:31.681573+00:00, run_after=2023-04-16T18:08:31.681573+00:00
[2023-04-16T18:08:31.709+0000] {processor.py:175} INFO - Processing /home/airflow/.local/lib/python3.7/site-packages/airflow/example_dags/example_task_group.py took 0.151 seconds
[2023-04-16T18:09:01.788+0000] {processor.py:153} INFO - Started process (PID=1014) to work on /home/airflow/.local/lib/python3.7/site-packages/airflow/example_dags/example_task_group.py
[2023-04-16T18:09:01.789+0000] {processor.py:743} INFO - Processing file /home/airflow/.local/lib/python3.7/site-packages/airflow/example_dags/example_task_group.py for tasks to queue
[2023-04-16T18:09:01.790+0000] {logging_mixin.py:137} INFO - [2023-04-16T18:09:01.790+0000] {dagbag.py:532} INFO - Filling up the DagBag from /home/airflow/.local/lib/python3.7/site-packages/airflow/example_dags/example_task_group.py
[2023-04-16T18:09:01.812+0000] {processor.py:753} INFO - DAG(s) dict_keys(['example_task_group']) retrieved from /home/airflow/.local/lib/python3.7/site-packages/airflow/example_dags/example_task_group.py
[2023-04-16T18:09:01.851+0000] {logging_mixin.py:137} INFO - [2023-04-16T18:09:01.851+0000] {dag.py:2705} INFO - Sync 1 DAGs
[2023-04-16T18:09:01.888+0000] {logging_mixin.py:137} INFO - [2023-04-16T18:09:01.888+0000] {dag.py:3456} INFO - Setting next_dagrun for example_task_group to 2023-04-15T18:09:01.887842+00:00, run_after=2023-04-16T18:09:01.887842+00:00
[2023-04-16T18:09:01.921+0000] {processor.py:175} INFO - Processing /home/airflow/.local/lib/python3.7/site-packages/airflow/example_dags/example_task_group.py took 0.139 seconds
[2023-04-16T18:09:31.996+0000] {processor.py:153} INFO - Started process (PID=1063) to work on /home/airflow/.local/lib/python3.7/site-packages/airflow/example_dags/example_task_group.py
[2023-04-16T18:09:31.998+0000] {processor.py:743} INFO - Processing file /home/airflow/.local/lib/python3.7/site-packages/airflow/example_dags/example_task_group.py for tasks to queue
[2023-04-16T18:09:32.000+0000] {logging_mixin.py:137} INFO - [2023-04-16T18:09:32.000+0000] {dagbag.py:532} INFO - Filling up the DagBag from /home/airflow/.local/lib/python3.7/site-packages/airflow/example_dags/example_task_group.py
[2023-04-16T18:09:32.022+0000] {processor.py:753} INFO - DAG(s) dict_keys(['example_task_group']) retrieved from /home/airflow/.local/lib/python3.7/site-packages/airflow/example_dags/example_task_group.py
[2023-04-16T18:09:32.062+0000] {logging_mixin.py:137} INFO - [2023-04-16T18:09:32.062+0000] {dag.py:2705} INFO - Sync 1 DAGs
[2023-04-16T18:09:32.098+0000] {logging_mixin.py:137} INFO - [2023-04-16T18:09:32.098+0000] {dag.py:3456} INFO - Setting next_dagrun for example_task_group to 2023-04-15T18:09:32.098265+00:00, run_after=2023-04-16T18:09:32.098265+00:00
[2023-04-16T18:09:32.123+0000] {processor.py:175} INFO - Processing /home/airflow/.local/lib/python3.7/site-packages/airflow/example_dags/example_task_group.py took 0.132 seconds
[2023-04-16T18:10:02.780+0000] {processor.py:153} INFO - Started process (PID=1114) to work on /home/airflow/.local/lib/python3.7/site-packages/airflow/example_dags/example_task_group.py
[2023-04-16T18:10:02.781+0000] {processor.py:743} INFO - Processing file /home/airflow/.local/lib/python3.7/site-packages/airflow/example_dags/example_task_group.py for tasks to queue
[2023-04-16T18:10:02.782+0000] {logging_mixin.py:137} INFO - [2023-04-16T18:10:02.782+0000] {dagbag.py:532} INFO - Filling up the DagBag from /home/airflow/.local/lib/python3.7/site-packages/airflow/example_dags/example_task_group.py
[2023-04-16T18:10:02.805+0000] {processor.py:753} INFO - DAG(s) dict_keys(['example_task_group']) retrieved from /home/airflow/.local/lib/python3.7/site-packages/airflow/example_dags/example_task_group.py
[2023-04-16T18:10:02.850+0000] {logging_mixin.py:137} INFO - [2023-04-16T18:10:02.849+0000] {dag.py:2705} INFO - Sync 1 DAGs
[2023-04-16T18:10:02.892+0000] {logging_mixin.py:137} INFO - [2023-04-16T18:10:02.892+0000] {dag.py:3456} INFO - Setting next_dagrun for example_task_group to 2023-04-15T18:10:02.892422+00:00, run_after=2023-04-16T18:10:02.892422+00:00
[2023-04-16T18:10:02.923+0000] {processor.py:175} INFO - Processing /home/airflow/.local/lib/python3.7/site-packages/airflow/example_dags/example_task_group.py took 0.150 seconds
[2023-04-16T18:10:33.508+0000] {processor.py:153} INFO - Started process (PID=1164) to work on /home/airflow/.local/lib/python3.7/site-packages/airflow/example_dags/example_task_group.py
[2023-04-16T18:10:33.510+0000] {processor.py:743} INFO - Processing file /home/airflow/.local/lib/python3.7/site-packages/airflow/example_dags/example_task_group.py for tasks to queue
[2023-04-16T18:10:33.511+0000] {logging_mixin.py:137} INFO - [2023-04-16T18:10:33.511+0000] {dagbag.py:532} INFO - Filling up the DagBag from /home/airflow/.local/lib/python3.7/site-packages/airflow/example_dags/example_task_group.py
[2023-04-16T18:10:33.534+0000] {processor.py:753} INFO - DAG(s) dict_keys(['example_task_group']) retrieved from /home/airflow/.local/lib/python3.7/site-packages/airflow/example_dags/example_task_group.py
[2023-04-16T18:10:33.574+0000] {logging_mixin.py:137} INFO - [2023-04-16T18:10:33.574+0000] {dag.py:2705} INFO - Sync 1 DAGs
[2023-04-16T18:10:33.619+0000] {logging_mixin.py:137} INFO - [2023-04-16T18:10:33.619+0000] {dag.py:3456} INFO - Setting next_dagrun for example_task_group to 2023-04-15T18:10:33.618854+00:00, run_after=2023-04-16T18:10:33.618854+00:00
[2023-04-16T18:10:33.655+0000] {processor.py:175} INFO - Processing /home/airflow/.local/lib/python3.7/site-packages/airflow/example_dags/example_task_group.py took 0.152 seconds
[2023-04-16T18:11:04.324+0000] {processor.py:153} INFO - Started process (PID=1214) to work on /home/airflow/.local/lib/python3.7/site-packages/airflow/example_dags/example_task_group.py
[2023-04-16T18:11:04.326+0000] {processor.py:743} INFO - Processing file /home/airflow/.local/lib/python3.7/site-packages/airflow/example_dags/example_task_group.py for tasks to queue
[2023-04-16T18:11:04.326+0000] {logging_mixin.py:137} INFO - [2023-04-16T18:11:04.326+0000] {dagbag.py:532} INFO - Filling up the DagBag from /home/airflow/.local/lib/python3.7/site-packages/airflow/example_dags/example_task_group.py
[2023-04-16T18:11:04.350+0000] {processor.py:753} INFO - DAG(s) dict_keys(['example_task_group']) retrieved from /home/airflow/.local/lib/python3.7/site-packages/airflow/example_dags/example_task_group.py
[2023-04-16T18:11:04.395+0000] {logging_mixin.py:137} INFO - [2023-04-16T18:11:04.394+0000] {dag.py:2705} INFO - Sync 1 DAGs
[2023-04-16T18:11:04.431+0000] {logging_mixin.py:137} INFO - [2023-04-16T18:11:04.431+0000] {dag.py:3456} INFO - Setting next_dagrun for example_task_group to 2023-04-15T18:11:04.431244+00:00, run_after=2023-04-16T18:11:04.431244+00:00
[2023-04-16T18:11:04.458+0000] {processor.py:175} INFO - Processing /home/airflow/.local/lib/python3.7/site-packages/airflow/example_dags/example_task_group.py took 0.139 seconds
[2023-04-16T18:11:35.086+0000] {processor.py:153} INFO - Started process (PID=1265) to work on /home/airflow/.local/lib/python3.7/site-packages/airflow/example_dags/example_task_group.py
[2023-04-16T18:11:35.088+0000] {processor.py:743} INFO - Processing file /home/airflow/.local/lib/python3.7/site-packages/airflow/example_dags/example_task_group.py for tasks to queue
[2023-04-16T18:11:35.090+0000] {logging_mixin.py:137} INFO - [2023-04-16T18:11:35.089+0000] {dagbag.py:532} INFO - Filling up the DagBag from /home/airflow/.local/lib/python3.7/site-packages/airflow/example_dags/example_task_group.py
[2023-04-16T18:11:35.123+0000] {processor.py:753} INFO - DAG(s) dict_keys(['example_task_group']) retrieved from /home/airflow/.local/lib/python3.7/site-packages/airflow/example_dags/example_task_group.py
[2023-04-16T18:11:35.165+0000] {logging_mixin.py:137} INFO - [2023-04-16T18:11:35.165+0000] {dag.py:2705} INFO - Sync 1 DAGs
[2023-04-16T18:11:35.202+0000] {logging_mixin.py:137} INFO - [2023-04-16T18:11:35.201+0000] {dag.py:3456} INFO - Setting next_dagrun for example_task_group to 2023-04-15T18:11:35.201652+00:00, run_after=2023-04-16T18:11:35.201652+00:00
[2023-04-16T18:11:35.228+0000] {processor.py:175} INFO - Processing /home/airflow/.local/lib/python3.7/site-packages/airflow/example_dags/example_task_group.py took 0.150 seconds
[2023-04-16T18:12:05.705+0000] {processor.py:153} INFO - Started process (PID=1315) to work on /home/airflow/.local/lib/python3.7/site-packages/airflow/example_dags/example_task_group.py
[2023-04-16T18:12:05.706+0000] {processor.py:743} INFO - Processing file /home/airflow/.local/lib/python3.7/site-packages/airflow/example_dags/example_task_group.py for tasks to queue
[2023-04-16T18:12:05.707+0000] {logging_mixin.py:137} INFO - [2023-04-16T18:12:05.706+0000] {dagbag.py:532} INFO - Filling up the DagBag from /home/airflow/.local/lib/python3.7/site-packages/airflow/example_dags/example_task_group.py
[2023-04-16T18:12:05.729+0000] {processor.py:753} INFO - DAG(s) dict_keys(['example_task_group']) retrieved from /home/airflow/.local/lib/python3.7/site-packages/airflow/example_dags/example_task_group.py
[2023-04-16T18:12:05.768+0000] {logging_mixin.py:137} INFO - [2023-04-16T18:12:05.768+0000] {dag.py:2705} INFO - Sync 1 DAGs
[2023-04-16T18:12:05.808+0000] {logging_mixin.py:137} INFO - [2023-04-16T18:12:05.808+0000] {dag.py:3456} INFO - Setting next_dagrun for example_task_group to 2023-04-15T18:12:05.807939+00:00, run_after=2023-04-16T18:12:05.807939+00:00
[2023-04-16T18:12:05.834+0000] {processor.py:175} INFO - Processing /home/airflow/.local/lib/python3.7/site-packages/airflow/example_dags/example_task_group.py took 0.135 seconds
[2023-04-16T18:12:36.385+0000] {processor.py:153} INFO - Started process (PID=1365) to work on /home/airflow/.local/lib/python3.7/site-packages/airflow/example_dags/example_task_group.py
[2023-04-16T18:12:36.387+0000] {processor.py:743} INFO - Processing file /home/airflow/.local/lib/python3.7/site-packages/airflow/example_dags/example_task_group.py for tasks to queue
[2023-04-16T18:12:36.388+0000] {logging_mixin.py:137} INFO - [2023-04-16T18:12:36.387+0000] {dagbag.py:532} INFO - Filling up the DagBag from /home/airflow/.local/lib/python3.7/site-packages/airflow/example_dags/example_task_group.py
[2023-04-16T18:12:36.411+0000] {processor.py:753} INFO - DAG(s) dict_keys(['example_task_group']) retrieved from /home/airflow/.local/lib/python3.7/site-packages/airflow/example_dags/example_task_group.py
[2023-04-16T18:12:36.462+0000] {logging_mixin.py:137} INFO - [2023-04-16T18:12:36.461+0000] {dag.py:2705} INFO - Sync 1 DAGs
[2023-04-16T18:12:36.508+0000] {logging_mixin.py:137} INFO - [2023-04-16T18:12:36.507+0000] {dag.py:3456} INFO - Setting next_dagrun for example_task_group to 2023-04-15T18:12:36.507548+00:00, run_after=2023-04-16T18:12:36.507548+00:00
[2023-04-16T18:12:36.540+0000] {processor.py:175} INFO - Processing /home/airflow/.local/lib/python3.7/site-packages/airflow/example_dags/example_task_group.py took 0.161 seconds
[2023-04-16T18:13:07.018+0000] {processor.py:153} INFO - Started process (PID=1415) to work on /home/airflow/.local/lib/python3.7/site-packages/airflow/example_dags/example_task_group.py
[2023-04-16T18:13:07.020+0000] {processor.py:743} INFO - Processing file /home/airflow/.local/lib/python3.7/site-packages/airflow/example_dags/example_task_group.py for tasks to queue
[2023-04-16T18:13:07.021+0000] {logging_mixin.py:137} INFO - [2023-04-16T18:13:07.020+0000] {dagbag.py:532} INFO - Filling up the DagBag from /home/airflow/.local/lib/python3.7/site-packages/airflow/example_dags/example_task_group.py
[2023-04-16T18:13:07.045+0000] {processor.py:753} INFO - DAG(s) dict_keys(['example_task_group']) retrieved from /home/airflow/.local/lib/python3.7/site-packages/airflow/example_dags/example_task_group.py
[2023-04-16T18:13:07.103+0000] {logging_mixin.py:137} INFO - [2023-04-16T18:13:07.103+0000] {dag.py:2705} INFO - Sync 1 DAGs
[2023-04-16T18:13:07.156+0000] {logging_mixin.py:137} INFO - [2023-04-16T18:13:07.155+0000] {dag.py:3456} INFO - Setting next_dagrun for example_task_group to 2023-04-15T18:13:07.155254+00:00, run_after=2023-04-16T18:13:07.155254+00:00
[2023-04-16T18:13:07.187+0000] {processor.py:175} INFO - Processing /home/airflow/.local/lib/python3.7/site-packages/airflow/example_dags/example_task_group.py took 0.175 seconds
[2023-04-16T18:13:37.811+0000] {processor.py:153} INFO - Started process (PID=1466) to work on /home/airflow/.local/lib/python3.7/site-packages/airflow/example_dags/example_task_group.py
[2023-04-16T18:13:37.813+0000] {processor.py:743} INFO - Processing file /home/airflow/.local/lib/python3.7/site-packages/airflow/example_dags/example_task_group.py for tasks to queue
[2023-04-16T18:13:37.814+0000] {logging_mixin.py:137} INFO - [2023-04-16T18:13:37.814+0000] {dagbag.py:532} INFO - Filling up the DagBag from /home/airflow/.local/lib/python3.7/site-packages/airflow/example_dags/example_task_group.py
[2023-04-16T18:13:37.840+0000] {processor.py:753} INFO - DAG(s) dict_keys(['example_task_group']) retrieved from /home/airflow/.local/lib/python3.7/site-packages/airflow/example_dags/example_task_group.py
[2023-04-16T18:13:37.880+0000] {logging_mixin.py:137} INFO - [2023-04-16T18:13:37.880+0000] {dag.py:2705} INFO - Sync 1 DAGs
[2023-04-16T18:13:37.922+0000] {logging_mixin.py:137} INFO - [2023-04-16T18:13:37.922+0000] {dag.py:3456} INFO - Setting next_dagrun for example_task_group to 2023-04-15T18:13:37.922381+00:00, run_after=2023-04-16T18:13:37.922381+00:00
[2023-04-16T18:13:37.949+0000] {processor.py:175} INFO - Processing /home/airflow/.local/lib/python3.7/site-packages/airflow/example_dags/example_task_group.py took 0.145 seconds
[2023-04-16T18:14:08.172+0000] {processor.py:153} INFO - Started process (PID=1517) to work on /home/airflow/.local/lib/python3.7/site-packages/airflow/example_dags/example_task_group.py
[2023-04-16T18:14:08.173+0000] {processor.py:743} INFO - Processing file /home/airflow/.local/lib/python3.7/site-packages/airflow/example_dags/example_task_group.py for tasks to queue
[2023-04-16T18:14:08.175+0000] {logging_mixin.py:137} INFO - [2023-04-16T18:14:08.175+0000] {dagbag.py:532} INFO - Filling up the DagBag from /home/airflow/.local/lib/python3.7/site-packages/airflow/example_dags/example_task_group.py
[2023-04-16T18:14:08.215+0000] {processor.py:753} INFO - DAG(s) dict_keys(['example_task_group']) retrieved from /home/airflow/.local/lib/python3.7/site-packages/airflow/example_dags/example_task_group.py
[2023-04-16T18:14:08.271+0000] {logging_mixin.py:137} INFO - [2023-04-16T18:14:08.270+0000] {dag.py:2705} INFO - Sync 1 DAGs
[2023-04-16T18:14:08.318+0000] {logging_mixin.py:137} INFO - [2023-04-16T18:14:08.317+0000] {dag.py:3456} INFO - Setting next_dagrun for example_task_group to 2023-04-15T18:14:08.317506+00:00, run_after=2023-04-16T18:14:08.317506+00:00
[2023-04-16T18:14:08.342+0000] {processor.py:175} INFO - Processing /home/airflow/.local/lib/python3.7/site-packages/airflow/example_dags/example_task_group.py took 0.177 seconds
[2023-04-16T18:14:38.968+0000] {processor.py:153} INFO - Started process (PID=1573) to work on /home/airflow/.local/lib/python3.7/site-packages/airflow/example_dags/example_task_group.py
[2023-04-16T18:14:38.971+0000] {processor.py:743} INFO - Processing file /home/airflow/.local/lib/python3.7/site-packages/airflow/example_dags/example_task_group.py for tasks to queue
[2023-04-16T18:14:38.972+0000] {logging_mixin.py:137} INFO - [2023-04-16T18:14:38.972+0000] {dagbag.py:532} INFO - Filling up the DagBag from /home/airflow/.local/lib/python3.7/site-packages/airflow/example_dags/example_task_group.py
[2023-04-16T18:14:39.017+0000] {processor.py:753} INFO - DAG(s) dict_keys(['example_task_group']) retrieved from /home/airflow/.local/lib/python3.7/site-packages/airflow/example_dags/example_task_group.py
[2023-04-16T18:14:39.062+0000] {logging_mixin.py:137} INFO - [2023-04-16T18:14:39.062+0000] {dag.py:2705} INFO - Sync 1 DAGs
[2023-04-16T18:14:39.108+0000] {logging_mixin.py:137} INFO - [2023-04-16T18:14:39.108+0000] {dag.py:3456} INFO - Setting next_dagrun for example_task_group to 2023-04-15T18:14:39.108169+00:00, run_after=2023-04-16T18:14:39.108169+00:00
[2023-04-16T18:14:39.135+0000] {processor.py:175} INFO - Processing /home/airflow/.local/lib/python3.7/site-packages/airflow/example_dags/example_task_group.py took 0.176 seconds
[2023-04-16T18:15:09.688+0000] {processor.py:153} INFO - Started process (PID=1624) to work on /home/airflow/.local/lib/python3.7/site-packages/airflow/example_dags/example_task_group.py
[2023-04-16T18:15:09.689+0000] {processor.py:743} INFO - Processing file /home/airflow/.local/lib/python3.7/site-packages/airflow/example_dags/example_task_group.py for tasks to queue
[2023-04-16T18:15:09.691+0000] {logging_mixin.py:137} INFO - [2023-04-16T18:15:09.690+0000] {dagbag.py:532} INFO - Filling up the DagBag from /home/airflow/.local/lib/python3.7/site-packages/airflow/example_dags/example_task_group.py
[2023-04-16T18:15:09.724+0000] {processor.py:753} INFO - DAG(s) dict_keys(['example_task_group']) retrieved from /home/airflow/.local/lib/python3.7/site-packages/airflow/example_dags/example_task_group.py
[2023-04-16T18:15:09.778+0000] {logging_mixin.py:137} INFO - [2023-04-16T18:15:09.778+0000] {dag.py:2705} INFO - Sync 1 DAGs
[2023-04-16T18:15:09.825+0000] {logging_mixin.py:137} INFO - [2023-04-16T18:15:09.825+0000] {dag.py:3456} INFO - Setting next_dagrun for example_task_group to 2023-04-15T18:15:09.824837+00:00, run_after=2023-04-16T18:15:09.824837+00:00
[2023-04-16T18:15:09.861+0000] {processor.py:175} INFO - Processing /home/airflow/.local/lib/python3.7/site-packages/airflow/example_dags/example_task_group.py took 0.181 seconds
[2023-04-16T18:15:40.566+0000] {processor.py:153} INFO - Started process (PID=1674) to work on /home/airflow/.local/lib/python3.7/site-packages/airflow/example_dags/example_task_group.py
[2023-04-16T18:15:40.568+0000] {processor.py:743} INFO - Processing file /home/airflow/.local/lib/python3.7/site-packages/airflow/example_dags/example_task_group.py for tasks to queue
[2023-04-16T18:15:40.569+0000] {logging_mixin.py:137} INFO - [2023-04-16T18:15:40.569+0000] {dagbag.py:532} INFO - Filling up the DagBag from /home/airflow/.local/lib/python3.7/site-packages/airflow/example_dags/example_task_group.py
[2023-04-16T18:15:40.592+0000] {processor.py:753} INFO - DAG(s) dict_keys(['example_task_group']) retrieved from /home/airflow/.local/lib/python3.7/site-packages/airflow/example_dags/example_task_group.py
[2023-04-16T18:15:40.631+0000] {logging_mixin.py:137} INFO - [2023-04-16T18:15:40.631+0000] {dag.py:2705} INFO - Sync 1 DAGs
[2023-04-16T18:15:40.668+0000] {logging_mixin.py:137} INFO - [2023-04-16T18:15:40.667+0000] {dag.py:3456} INFO - Setting next_dagrun for example_task_group to 2023-04-15T18:15:40.667644+00:00, run_after=2023-04-16T18:15:40.667644+00:00
[2023-04-16T18:15:40.696+0000] {processor.py:175} INFO - Processing /home/airflow/.local/lib/python3.7/site-packages/airflow/example_dags/example_task_group.py took 0.136 seconds
[2023-04-16T18:16:11.080+0000] {processor.py:153} INFO - Started process (PID=1724) to work on /home/airflow/.local/lib/python3.7/site-packages/airflow/example_dags/example_task_group.py
[2023-04-16T18:16:11.082+0000] {processor.py:743} INFO - Processing file /home/airflow/.local/lib/python3.7/site-packages/airflow/example_dags/example_task_group.py for tasks to queue
[2023-04-16T18:16:11.082+0000] {logging_mixin.py:137} INFO - [2023-04-16T18:16:11.082+0000] {dagbag.py:532} INFO - Filling up the DagBag from /home/airflow/.local/lib/python3.7/site-packages/airflow/example_dags/example_task_group.py
[2023-04-16T18:16:11.107+0000] {processor.py:753} INFO - DAG(s) dict_keys(['example_task_group']) retrieved from /home/airflow/.local/lib/python3.7/site-packages/airflow/example_dags/example_task_group.py
[2023-04-16T18:16:11.146+0000] {logging_mixin.py:137} INFO - [2023-04-16T18:16:11.146+0000] {dag.py:2705} INFO - Sync 1 DAGs
[2023-04-16T18:16:11.182+0000] {logging_mixin.py:137} INFO - [2023-04-16T18:16:11.182+0000] {dag.py:3456} INFO - Setting next_dagrun for example_task_group to 2023-04-15T18:16:11.181883+00:00, run_after=2023-04-16T18:16:11.181883+00:00
[2023-04-16T18:16:11.211+0000] {processor.py:175} INFO - Processing /home/airflow/.local/lib/python3.7/site-packages/airflow/example_dags/example_task_group.py took 0.137 seconds
[2023-04-16T18:16:41.751+0000] {processor.py:153} INFO - Started process (PID=1774) to work on /home/airflow/.local/lib/python3.7/site-packages/airflow/example_dags/example_task_group.py
[2023-04-16T18:16:41.755+0000] {processor.py:743} INFO - Processing file /home/airflow/.local/lib/python3.7/site-packages/airflow/example_dags/example_task_group.py for tasks to queue
[2023-04-16T18:16:41.756+0000] {logging_mixin.py:137} INFO - [2023-04-16T18:16:41.756+0000] {dagbag.py:532} INFO - Filling up the DagBag from /home/airflow/.local/lib/python3.7/site-packages/airflow/example_dags/example_task_group.py
[2023-04-16T18:16:41.788+0000] {processor.py:753} INFO - DAG(s) dict_keys(['example_task_group']) retrieved from /home/airflow/.local/lib/python3.7/site-packages/airflow/example_dags/example_task_group.py
[2023-04-16T18:16:41.844+0000] {logging_mixin.py:137} INFO - [2023-04-16T18:16:41.844+0000] {dag.py:2705} INFO - Sync 1 DAGs
[2023-04-16T18:16:41.886+0000] {logging_mixin.py:137} INFO - [2023-04-16T18:16:41.886+0000] {dag.py:3456} INFO - Setting next_dagrun for example_task_group to 2023-04-15T18:16:41.886143+00:00, run_after=2023-04-16T18:16:41.886143+00:00
[2023-04-16T18:16:41.913+0000] {processor.py:175} INFO - Processing /home/airflow/.local/lib/python3.7/site-packages/airflow/example_dags/example_task_group.py took 0.167 seconds
[2023-04-16T18:17:12.562+0000] {processor.py:153} INFO - Started process (PID=1824) to work on /home/airflow/.local/lib/python3.7/site-packages/airflow/example_dags/example_task_group.py
[2023-04-16T18:17:12.563+0000] {processor.py:743} INFO - Processing file /home/airflow/.local/lib/python3.7/site-packages/airflow/example_dags/example_task_group.py for tasks to queue
[2023-04-16T18:17:12.564+0000] {logging_mixin.py:137} INFO - [2023-04-16T18:17:12.564+0000] {dagbag.py:532} INFO - Filling up the DagBag from /home/airflow/.local/lib/python3.7/site-packages/airflow/example_dags/example_task_group.py
[2023-04-16T18:17:12.586+0000] {processor.py:753} INFO - DAG(s) dict_keys(['example_task_group']) retrieved from /home/airflow/.local/lib/python3.7/site-packages/airflow/example_dags/example_task_group.py
[2023-04-16T18:17:12.632+0000] {logging_mixin.py:137} INFO - [2023-04-16T18:17:12.631+0000] {dag.py:2705} INFO - Sync 1 DAGs
[2023-04-16T18:17:12.683+0000] {logging_mixin.py:137} INFO - [2023-04-16T18:17:12.682+0000] {dag.py:3456} INFO - Setting next_dagrun for example_task_group to 2023-04-15T18:17:12.682440+00:00, run_after=2023-04-16T18:17:12.682440+00:00
[2023-04-16T18:17:12.710+0000] {processor.py:175} INFO - Processing /home/airflow/.local/lib/python3.7/site-packages/airflow/example_dags/example_task_group.py took 0.155 seconds
[2023-04-16T18:17:43.329+0000] {processor.py:153} INFO - Started process (PID=1874) to work on /home/airflow/.local/lib/python3.7/site-packages/airflow/example_dags/example_task_group.py
[2023-04-16T18:17:43.331+0000] {processor.py:743} INFO - Processing file /home/airflow/.local/lib/python3.7/site-packages/airflow/example_dags/example_task_group.py for tasks to queue
[2023-04-16T18:17:43.333+0000] {logging_mixin.py:137} INFO - [2023-04-16T18:17:43.333+0000] {dagbag.py:532} INFO - Filling up the DagBag from /home/airflow/.local/lib/python3.7/site-packages/airflow/example_dags/example_task_group.py
[2023-04-16T18:17:43.366+0000] {processor.py:753} INFO - DAG(s) dict_keys(['example_task_group']) retrieved from /home/airflow/.local/lib/python3.7/site-packages/airflow/example_dags/example_task_group.py
[2023-04-16T18:17:43.423+0000] {logging_mixin.py:137} INFO - [2023-04-16T18:17:43.423+0000] {dag.py:2705} INFO - Sync 1 DAGs
[2023-04-16T18:17:43.478+0000] {logging_mixin.py:137} INFO - [2023-04-16T18:17:43.478+0000] {dag.py:3456} INFO - Setting next_dagrun for example_task_group to 2023-04-15T18:17:43.477888+00:00, run_after=2023-04-16T18:17:43.477888+00:00
[2023-04-16T18:17:43.511+0000] {processor.py:175} INFO - Processing /home/airflow/.local/lib/python3.7/site-packages/airflow/example_dags/example_task_group.py took 0.190 seconds
[2023-04-16T18:18:13.992+0000] {processor.py:153} INFO - Started process (PID=1924) to work on /home/airflow/.local/lib/python3.7/site-packages/airflow/example_dags/example_task_group.py
[2023-04-16T18:18:13.993+0000] {processor.py:743} INFO - Processing file /home/airflow/.local/lib/python3.7/site-packages/airflow/example_dags/example_task_group.py for tasks to queue
[2023-04-16T18:18:13.994+0000] {logging_mixin.py:137} INFO - [2023-04-16T18:18:13.994+0000] {dagbag.py:532} INFO - Filling up the DagBag from /home/airflow/.local/lib/python3.7/site-packages/airflow/example_dags/example_task_group.py
[2023-04-16T18:18:14.018+0000] {processor.py:753} INFO - DAG(s) dict_keys(['example_task_group']) retrieved from /home/airflow/.local/lib/python3.7/site-packages/airflow/example_dags/example_task_group.py
[2023-04-16T18:18:14.058+0000] {logging_mixin.py:137} INFO - [2023-04-16T18:18:14.058+0000] {dag.py:2705} INFO - Sync 1 DAGs
[2023-04-16T18:18:14.103+0000] {logging_mixin.py:137} INFO - [2023-04-16T18:18:14.103+0000] {dag.py:3456} INFO - Setting next_dagrun for example_task_group to 2023-04-15T18:18:14.102814+00:00, run_after=2023-04-16T18:18:14.102814+00:00
[2023-04-16T18:18:14.139+0000] {processor.py:175} INFO - Processing /home/airflow/.local/lib/python3.7/site-packages/airflow/example_dags/example_task_group.py took 0.154 seconds
[2023-04-16T18:18:44.895+0000] {processor.py:153} INFO - Started process (PID=1974) to work on /home/airflow/.local/lib/python3.7/site-packages/airflow/example_dags/example_task_group.py
[2023-04-16T18:18:44.896+0000] {processor.py:743} INFO - Processing file /home/airflow/.local/lib/python3.7/site-packages/airflow/example_dags/example_task_group.py for tasks to queue
[2023-04-16T18:18:44.897+0000] {logging_mixin.py:137} INFO - [2023-04-16T18:18:44.897+0000] {dagbag.py:532} INFO - Filling up the DagBag from /home/airflow/.local/lib/python3.7/site-packages/airflow/example_dags/example_task_group.py
[2023-04-16T18:18:44.921+0000] {processor.py:753} INFO - DAG(s) dict_keys(['example_task_group']) retrieved from /home/airflow/.local/lib/python3.7/site-packages/airflow/example_dags/example_task_group.py
[2023-04-16T18:18:44.963+0000] {logging_mixin.py:137} INFO - [2023-04-16T18:18:44.963+0000] {dag.py:2705} INFO - Sync 1 DAGs
[2023-04-16T18:18:45.003+0000] {logging_mixin.py:137} INFO - [2023-04-16T18:18:45.003+0000] {dag.py:3456} INFO - Setting next_dagrun for example_task_group to 2023-04-15T18:18:45.003057+00:00, run_after=2023-04-16T18:18:45.003057+00:00
[2023-04-16T18:18:45.029+0000] {processor.py:175} INFO - Processing /home/airflow/.local/lib/python3.7/site-packages/airflow/example_dags/example_task_group.py took 0.140 seconds
[2023-04-16T18:19:15.496+0000] {processor.py:153} INFO - Started process (PID=2024) to work on /home/airflow/.local/lib/python3.7/site-packages/airflow/example_dags/example_task_group.py
[2023-04-16T18:19:15.498+0000] {processor.py:743} INFO - Processing file /home/airflow/.local/lib/python3.7/site-packages/airflow/example_dags/example_task_group.py for tasks to queue
[2023-04-16T18:19:15.498+0000] {logging_mixin.py:137} INFO - [2023-04-16T18:19:15.498+0000] {dagbag.py:532} INFO - Filling up the DagBag from /home/airflow/.local/lib/python3.7/site-packages/airflow/example_dags/example_task_group.py
[2023-04-16T18:19:15.521+0000] {processor.py:753} INFO - DAG(s) dict_keys(['example_task_group']) retrieved from /home/airflow/.local/lib/python3.7/site-packages/airflow/example_dags/example_task_group.py
[2023-04-16T18:19:15.567+0000] {logging_mixin.py:137} INFO - [2023-04-16T18:19:15.566+0000] {dag.py:2705} INFO - Sync 1 DAGs
[2023-04-16T18:19:15.607+0000] {logging_mixin.py:137} INFO - [2023-04-16T18:19:15.607+0000] {dag.py:3456} INFO - Setting next_dagrun for example_task_group to 2023-04-15T18:19:15.607356+00:00, run_after=2023-04-16T18:19:15.607356+00:00
[2023-04-16T18:19:15.634+0000] {processor.py:175} INFO - Processing /home/airflow/.local/lib/python3.7/site-packages/airflow/example_dags/example_task_group.py took 0.143 seconds
[2023-04-16T18:19:46.258+0000] {processor.py:153} INFO - Started process (PID=2074) to work on /home/airflow/.local/lib/python3.7/site-packages/airflow/example_dags/example_task_group.py
[2023-04-16T18:19:46.260+0000] {processor.py:743} INFO - Processing file /home/airflow/.local/lib/python3.7/site-packages/airflow/example_dags/example_task_group.py for tasks to queue
[2023-04-16T18:19:46.262+0000] {logging_mixin.py:137} INFO - [2023-04-16T18:19:46.261+0000] {dagbag.py:532} INFO - Filling up the DagBag from /home/airflow/.local/lib/python3.7/site-packages/airflow/example_dags/example_task_group.py
[2023-04-16T18:19:46.295+0000] {processor.py:753} INFO - DAG(s) dict_keys(['example_task_group']) retrieved from /home/airflow/.local/lib/python3.7/site-packages/airflow/example_dags/example_task_group.py
[2023-04-16T18:19:46.336+0000] {logging_mixin.py:137} INFO - [2023-04-16T18:19:46.336+0000] {dag.py:2705} INFO - Sync 1 DAGs
[2023-04-16T18:19:46.373+0000] {logging_mixin.py:137} INFO - [2023-04-16T18:19:46.373+0000] {dag.py:3456} INFO - Setting next_dagrun for example_task_group to 2023-04-15T18:19:46.373189+00:00, run_after=2023-04-16T18:19:46.373189+00:00
[2023-04-16T18:19:46.399+0000] {processor.py:175} INFO - Processing /home/airflow/.local/lib/python3.7/site-packages/airflow/example_dags/example_task_group.py took 0.146 seconds
[2023-04-16T18:20:16.905+0000] {processor.py:153} INFO - Started process (PID=2124) to work on /home/airflow/.local/lib/python3.7/site-packages/airflow/example_dags/example_task_group.py
[2023-04-16T18:20:16.907+0000] {processor.py:743} INFO - Processing file /home/airflow/.local/lib/python3.7/site-packages/airflow/example_dags/example_task_group.py for tasks to queue
[2023-04-16T18:20:16.908+0000] {logging_mixin.py:137} INFO - [2023-04-16T18:20:16.908+0000] {dagbag.py:532} INFO - Filling up the DagBag from /home/airflow/.local/lib/python3.7/site-packages/airflow/example_dags/example_task_group.py
[2023-04-16T18:20:16.938+0000] {processor.py:753} INFO - DAG(s) dict_keys(['example_task_group']) retrieved from /home/airflow/.local/lib/python3.7/site-packages/airflow/example_dags/example_task_group.py
[2023-04-16T18:20:16.994+0000] {logging_mixin.py:137} INFO - [2023-04-16T18:20:16.994+0000] {dag.py:2705} INFO - Sync 1 DAGs
[2023-04-16T18:20:17.048+0000] {logging_mixin.py:137} INFO - [2023-04-16T18:20:17.048+0000] {dag.py:3456} INFO - Setting next_dagrun for example_task_group to 2023-04-15T18:20:17.047941+00:00, run_after=2023-04-16T18:20:17.047941+00:00
[2023-04-16T18:20:17.078+0000] {processor.py:175} INFO - Processing /home/airflow/.local/lib/python3.7/site-packages/airflow/example_dags/example_task_group.py took 0.182 seconds
[2023-04-16T18:20:47.539+0000] {processor.py:153} INFO - Started process (PID=2175) to work on /home/airflow/.local/lib/python3.7/site-packages/airflow/example_dags/example_task_group.py
[2023-04-16T18:20:47.540+0000] {processor.py:743} INFO - Processing file /home/airflow/.local/lib/python3.7/site-packages/airflow/example_dags/example_task_group.py for tasks to queue
[2023-04-16T18:20:47.541+0000] {logging_mixin.py:137} INFO - [2023-04-16T18:20:47.540+0000] {dagbag.py:532} INFO - Filling up the DagBag from /home/airflow/.local/lib/python3.7/site-packages/airflow/example_dags/example_task_group.py
[2023-04-16T18:20:47.568+0000] {processor.py:753} INFO - DAG(s) dict_keys(['example_task_group']) retrieved from /home/airflow/.local/lib/python3.7/site-packages/airflow/example_dags/example_task_group.py
[2023-04-16T18:20:47.607+0000] {logging_mixin.py:137} INFO - [2023-04-16T18:20:47.607+0000] {dag.py:2705} INFO - Sync 1 DAGs
[2023-04-16T18:20:47.642+0000] {logging_mixin.py:137} INFO - [2023-04-16T18:20:47.642+0000] {dag.py:3456} INFO - Setting next_dagrun for example_task_group to 2023-04-15T18:20:47.642366+00:00, run_after=2023-04-16T18:20:47.642366+00:00
[2023-04-16T18:20:47.667+0000] {processor.py:175} INFO - Processing /home/airflow/.local/lib/python3.7/site-packages/airflow/example_dags/example_task_group.py took 0.134 seconds
[2023-04-16T18:21:18.402+0000] {processor.py:153} INFO - Started process (PID=2225) to work on /home/airflow/.local/lib/python3.7/site-packages/airflow/example_dags/example_task_group.py
[2023-04-16T18:21:18.404+0000] {processor.py:743} INFO - Processing file /home/airflow/.local/lib/python3.7/site-packages/airflow/example_dags/example_task_group.py for tasks to queue
[2023-04-16T18:21:18.405+0000] {logging_mixin.py:137} INFO - [2023-04-16T18:21:18.405+0000] {dagbag.py:532} INFO - Filling up the DagBag from /home/airflow/.local/lib/python3.7/site-packages/airflow/example_dags/example_task_group.py
[2023-04-16T18:21:18.428+0000] {processor.py:753} INFO - DAG(s) dict_keys(['example_task_group']) retrieved from /home/airflow/.local/lib/python3.7/site-packages/airflow/example_dags/example_task_group.py
[2023-04-16T18:21:18.467+0000] {logging_mixin.py:137} INFO - [2023-04-16T18:21:18.467+0000] {dag.py:2705} INFO - Sync 1 DAGs
[2023-04-16T18:21:18.503+0000] {logging_mixin.py:137} INFO - [2023-04-16T18:21:18.503+0000] {dag.py:3456} INFO - Setting next_dagrun for example_task_group to 2023-04-15T18:21:18.503209+00:00, run_after=2023-04-16T18:21:18.503209+00:00
[2023-04-16T18:21:18.535+0000] {processor.py:175} INFO - Processing /home/airflow/.local/lib/python3.7/site-packages/airflow/example_dags/example_task_group.py took 0.139 seconds
[2023-04-16T18:21:48.562+0000] {processor.py:153} INFO - Started process (PID=2274) to work on /home/airflow/.local/lib/python3.7/site-packages/airflow/example_dags/example_task_group.py
[2023-04-16T18:21:48.563+0000] {processor.py:743} INFO - Processing file /home/airflow/.local/lib/python3.7/site-packages/airflow/example_dags/example_task_group.py for tasks to queue
[2023-04-16T18:21:48.564+0000] {logging_mixin.py:137} INFO - [2023-04-16T18:21:48.563+0000] {dagbag.py:532} INFO - Filling up the DagBag from /home/airflow/.local/lib/python3.7/site-packages/airflow/example_dags/example_task_group.py
[2023-04-16T18:21:48.586+0000] {processor.py:753} INFO - DAG(s) dict_keys(['example_task_group']) retrieved from /home/airflow/.local/lib/python3.7/site-packages/airflow/example_dags/example_task_group.py
[2023-04-16T18:21:48.625+0000] {logging_mixin.py:137} INFO - [2023-04-16T18:21:48.625+0000] {dag.py:2705} INFO - Sync 1 DAGs
[2023-04-16T18:21:48.663+0000] {logging_mixin.py:137} INFO - [2023-04-16T18:21:48.663+0000] {dag.py:3456} INFO - Setting next_dagrun for example_task_group to 2023-04-15T18:21:48.662736+00:00, run_after=2023-04-16T18:21:48.662736+00:00
[2023-04-16T18:21:48.687+0000] {processor.py:175} INFO - Processing /home/airflow/.local/lib/python3.7/site-packages/airflow/example_dags/example_task_group.py took 0.131 seconds
[2023-04-16T18:22:19.125+0000] {processor.py:153} INFO - Started process (PID=2325) to work on /home/airflow/.local/lib/python3.7/site-packages/airflow/example_dags/example_task_group.py
[2023-04-16T18:22:19.126+0000] {processor.py:743} INFO - Processing file /home/airflow/.local/lib/python3.7/site-packages/airflow/example_dags/example_task_group.py for tasks to queue
[2023-04-16T18:22:19.127+0000] {logging_mixin.py:137} INFO - [2023-04-16T18:22:19.127+0000] {dagbag.py:532} INFO - Filling up the DagBag from /home/airflow/.local/lib/python3.7/site-packages/airflow/example_dags/example_task_group.py
[2023-04-16T18:22:19.151+0000] {processor.py:753} INFO - DAG(s) dict_keys(['example_task_group']) retrieved from /home/airflow/.local/lib/python3.7/site-packages/airflow/example_dags/example_task_group.py
[2023-04-16T18:22:19.194+0000] {logging_mixin.py:137} INFO - [2023-04-16T18:22:19.194+0000] {dag.py:2705} INFO - Sync 1 DAGs
[2023-04-16T18:22:19.232+0000] {logging_mixin.py:137} INFO - [2023-04-16T18:22:19.231+0000] {dag.py:3456} INFO - Setting next_dagrun for example_task_group to 2023-04-15T18:22:19.231641+00:00, run_after=2023-04-16T18:22:19.231641+00:00
[2023-04-16T18:22:19.262+0000] {processor.py:175} INFO - Processing /home/airflow/.local/lib/python3.7/site-packages/airflow/example_dags/example_task_group.py took 0.142 seconds
[2023-04-16T18:22:49.289+0000] {processor.py:153} INFO - Started process (PID=2374) to work on /home/airflow/.local/lib/python3.7/site-packages/airflow/example_dags/example_task_group.py
[2023-04-16T18:22:49.290+0000] {processor.py:743} INFO - Processing file /home/airflow/.local/lib/python3.7/site-packages/airflow/example_dags/example_task_group.py for tasks to queue
[2023-04-16T18:22:49.291+0000] {logging_mixin.py:137} INFO - [2023-04-16T18:22:49.291+0000] {dagbag.py:532} INFO - Filling up the DagBag from /home/airflow/.local/lib/python3.7/site-packages/airflow/example_dags/example_task_group.py
[2023-04-16T18:22:49.314+0000] {processor.py:753} INFO - DAG(s) dict_keys(['example_task_group']) retrieved from /home/airflow/.local/lib/python3.7/site-packages/airflow/example_dags/example_task_group.py
[2023-04-16T18:22:49.353+0000] {logging_mixin.py:137} INFO - [2023-04-16T18:22:49.353+0000] {dag.py:2705} INFO - Sync 1 DAGs
[2023-04-16T18:22:49.391+0000] {logging_mixin.py:137} INFO - [2023-04-16T18:22:49.391+0000] {dag.py:3456} INFO - Setting next_dagrun for example_task_group to 2023-04-15T18:22:49.391150+00:00, run_after=2023-04-16T18:22:49.391150+00:00
[2023-04-16T18:22:49.419+0000] {processor.py:175} INFO - Processing /home/airflow/.local/lib/python3.7/site-packages/airflow/example_dags/example_task_group.py took 0.136 seconds
[2023-04-16T18:23:19.886+0000] {processor.py:153} INFO - Started process (PID=2425) to work on /home/airflow/.local/lib/python3.7/site-packages/airflow/example_dags/example_task_group.py
[2023-04-16T18:23:19.888+0000] {processor.py:743} INFO - Processing file /home/airflow/.local/lib/python3.7/site-packages/airflow/example_dags/example_task_group.py for tasks to queue
[2023-04-16T18:23:19.889+0000] {logging_mixin.py:137} INFO - [2023-04-16T18:23:19.889+0000] {dagbag.py:532} INFO - Filling up the DagBag from /home/airflow/.local/lib/python3.7/site-packages/airflow/example_dags/example_task_group.py
[2023-04-16T18:23:19.918+0000] {processor.py:753} INFO - DAG(s) dict_keys(['example_task_group']) retrieved from /home/airflow/.local/lib/python3.7/site-packages/airflow/example_dags/example_task_group.py
[2023-04-16T18:23:19.974+0000] {logging_mixin.py:137} INFO - [2023-04-16T18:23:19.974+0000] {dag.py:2705} INFO - Sync 1 DAGs
[2023-04-16T18:23:20.032+0000] {logging_mixin.py:137} INFO - [2023-04-16T18:23:20.031+0000] {dag.py:3456} INFO - Setting next_dagrun for example_task_group to 2023-04-15T18:23:20.031412+00:00, run_after=2023-04-16T18:23:20.031412+00:00
[2023-04-16T18:23:20.063+0000] {processor.py:175} INFO - Processing /home/airflow/.local/lib/python3.7/site-packages/airflow/example_dags/example_task_group.py took 0.182 seconds
[2023-04-16T18:23:50.215+0000] {processor.py:153} INFO - Started process (PID=2475) to work on /home/airflow/.local/lib/python3.7/site-packages/airflow/example_dags/example_task_group.py
[2023-04-16T18:23:50.216+0000] {processor.py:743} INFO - Processing file /home/airflow/.local/lib/python3.7/site-packages/airflow/example_dags/example_task_group.py for tasks to queue
[2023-04-16T18:23:50.217+0000] {logging_mixin.py:137} INFO - [2023-04-16T18:23:50.217+0000] {dagbag.py:532} INFO - Filling up the DagBag from /home/airflow/.local/lib/python3.7/site-packages/airflow/example_dags/example_task_group.py
[2023-04-16T18:23:50.240+0000] {processor.py:753} INFO - DAG(s) dict_keys(['example_task_group']) retrieved from /home/airflow/.local/lib/python3.7/site-packages/airflow/example_dags/example_task_group.py
[2023-04-16T18:23:50.291+0000] {logging_mixin.py:137} INFO - [2023-04-16T18:23:50.290+0000] {dag.py:2705} INFO - Sync 1 DAGs
[2023-04-16T18:23:50.349+0000] {logging_mixin.py:137} INFO - [2023-04-16T18:23:50.349+0000] {dag.py:3456} INFO - Setting next_dagrun for example_task_group to 2023-04-15T18:23:50.348574+00:00, run_after=2023-04-16T18:23:50.348574+00:00
[2023-04-16T18:23:50.384+0000] {processor.py:175} INFO - Processing /home/airflow/.local/lib/python3.7/site-packages/airflow/example_dags/example_task_group.py took 0.174 seconds
[2023-04-16T18:24:20.421+0000] {processor.py:153} INFO - Started process (PID=2524) to work on /home/airflow/.local/lib/python3.7/site-packages/airflow/example_dags/example_task_group.py
[2023-04-16T18:24:20.423+0000] {processor.py:743} INFO - Processing file /home/airflow/.local/lib/python3.7/site-packages/airflow/example_dags/example_task_group.py for tasks to queue
[2023-04-16T18:24:20.424+0000] {logging_mixin.py:137} INFO - [2023-04-16T18:24:20.424+0000] {dagbag.py:532} INFO - Filling up the DagBag from /home/airflow/.local/lib/python3.7/site-packages/airflow/example_dags/example_task_group.py
[2023-04-16T18:24:20.450+0000] {processor.py:753} INFO - DAG(s) dict_keys(['example_task_group']) retrieved from /home/airflow/.local/lib/python3.7/site-packages/airflow/example_dags/example_task_group.py
[2023-04-16T18:24:20.489+0000] {logging_mixin.py:137} INFO - [2023-04-16T18:24:20.489+0000] {dag.py:2705} INFO - Sync 1 DAGs
[2023-04-16T18:24:20.525+0000] {logging_mixin.py:137} INFO - [2023-04-16T18:24:20.524+0000] {dag.py:3456} INFO - Setting next_dagrun for example_task_group to 2023-04-15T18:24:20.524570+00:00, run_after=2023-04-16T18:24:20.524570+00:00
[2023-04-16T18:24:20.551+0000] {processor.py:175} INFO - Processing /home/airflow/.local/lib/python3.7/site-packages/airflow/example_dags/example_task_group.py took 0.135 seconds
[2023-04-16T18:24:50.687+0000] {processor.py:153} INFO - Started process (PID=2574) to work on /home/airflow/.local/lib/python3.7/site-packages/airflow/example_dags/example_task_group.py
[2023-04-16T18:24:50.688+0000] {processor.py:743} INFO - Processing file /home/airflow/.local/lib/python3.7/site-packages/airflow/example_dags/example_task_group.py for tasks to queue
[2023-04-16T18:24:50.689+0000] {logging_mixin.py:137} INFO - [2023-04-16T18:24:50.688+0000] {dagbag.py:532} INFO - Filling up the DagBag from /home/airflow/.local/lib/python3.7/site-packages/airflow/example_dags/example_task_group.py
[2023-04-16T18:24:50.711+0000] {processor.py:753} INFO - DAG(s) dict_keys(['example_task_group']) retrieved from /home/airflow/.local/lib/python3.7/site-packages/airflow/example_dags/example_task_group.py
[2023-04-16T18:24:50.749+0000] {logging_mixin.py:137} INFO - [2023-04-16T18:24:50.749+0000] {dag.py:2705} INFO - Sync 1 DAGs
[2023-04-16T18:24:50.784+0000] {logging_mixin.py:137} INFO - [2023-04-16T18:24:50.784+0000] {dag.py:3456} INFO - Setting next_dagrun for example_task_group to 2023-04-15T18:24:50.784271+00:00, run_after=2023-04-16T18:24:50.784271+00:00
[2023-04-16T18:24:50.809+0000] {processor.py:175} INFO - Processing /home/airflow/.local/lib/python3.7/site-packages/airflow/example_dags/example_task_group.py took 0.128 seconds
[2023-04-16T18:25:21.422+0000] {processor.py:153} INFO - Started process (PID=2624) to work on /home/airflow/.local/lib/python3.7/site-packages/airflow/example_dags/example_task_group.py
[2023-04-16T18:25:21.424+0000] {processor.py:743} INFO - Processing file /home/airflow/.local/lib/python3.7/site-packages/airflow/example_dags/example_task_group.py for tasks to queue
[2023-04-16T18:25:21.424+0000] {logging_mixin.py:137} INFO - [2023-04-16T18:25:21.424+0000] {dagbag.py:532} INFO - Filling up the DagBag from /home/airflow/.local/lib/python3.7/site-packages/airflow/example_dags/example_task_group.py
[2023-04-16T18:25:21.448+0000] {processor.py:753} INFO - DAG(s) dict_keys(['example_task_group']) retrieved from /home/airflow/.local/lib/python3.7/site-packages/airflow/example_dags/example_task_group.py
[2023-04-16T18:25:21.488+0000] {logging_mixin.py:137} INFO - [2023-04-16T18:25:21.487+0000] {dag.py:2705} INFO - Sync 1 DAGs
[2023-04-16T18:25:21.526+0000] {logging_mixin.py:137} INFO - [2023-04-16T18:25:21.526+0000] {dag.py:3456} INFO - Setting next_dagrun for example_task_group to 2023-04-15T18:25:21.526208+00:00, run_after=2023-04-16T18:25:21.526208+00:00
[2023-04-16T18:25:21.556+0000] {processor.py:175} INFO - Processing /home/airflow/.local/lib/python3.7/site-packages/airflow/example_dags/example_task_group.py took 0.140 seconds
[2023-04-16T18:25:52.130+0000] {processor.py:153} INFO - Started process (PID=2675) to work on /home/airflow/.local/lib/python3.7/site-packages/airflow/example_dags/example_task_group.py
[2023-04-16T18:25:52.132+0000] {processor.py:743} INFO - Processing file /home/airflow/.local/lib/python3.7/site-packages/airflow/example_dags/example_task_group.py for tasks to queue
[2023-04-16T18:25:52.133+0000] {logging_mixin.py:137} INFO - [2023-04-16T18:25:52.132+0000] {dagbag.py:532} INFO - Filling up the DagBag from /home/airflow/.local/lib/python3.7/site-packages/airflow/example_dags/example_task_group.py
[2023-04-16T18:25:52.160+0000] {processor.py:753} INFO - DAG(s) dict_keys(['example_task_group']) retrieved from /home/airflow/.local/lib/python3.7/site-packages/airflow/example_dags/example_task_group.py
[2023-04-16T18:25:52.199+0000] {logging_mixin.py:137} INFO - [2023-04-16T18:25:52.199+0000] {dag.py:2705} INFO - Sync 1 DAGs
[2023-04-16T18:25:52.235+0000] {logging_mixin.py:137} INFO - [2023-04-16T18:25:52.234+0000] {dag.py:3456} INFO - Setting next_dagrun for example_task_group to 2023-04-15T18:25:52.234491+00:00, run_after=2023-04-16T18:25:52.234491+00:00
[2023-04-16T18:25:52.263+0000] {processor.py:175} INFO - Processing /home/airflow/.local/lib/python3.7/site-packages/airflow/example_dags/example_task_group.py took 0.139 seconds
[2023-04-16T18:26:22.895+0000] {processor.py:153} INFO - Started process (PID=2724) to work on /home/airflow/.local/lib/python3.7/site-packages/airflow/example_dags/example_task_group.py
[2023-04-16T18:26:22.897+0000] {processor.py:743} INFO - Processing file /home/airflow/.local/lib/python3.7/site-packages/airflow/example_dags/example_task_group.py for tasks to queue
[2023-04-16T18:26:22.898+0000] {logging_mixin.py:137} INFO - [2023-04-16T18:26:22.898+0000] {dagbag.py:532} INFO - Filling up the DagBag from /home/airflow/.local/lib/python3.7/site-packages/airflow/example_dags/example_task_group.py
[2023-04-16T18:26:22.921+0000] {processor.py:753} INFO - DAG(s) dict_keys(['example_task_group']) retrieved from /home/airflow/.local/lib/python3.7/site-packages/airflow/example_dags/example_task_group.py
[2023-04-16T18:26:22.977+0000] {logging_mixin.py:137} INFO - [2023-04-16T18:26:22.976+0000] {dag.py:2705} INFO - Sync 1 DAGs
[2023-04-16T18:26:23.020+0000] {logging_mixin.py:137} INFO - [2023-04-16T18:26:23.020+0000] {dag.py:3456} INFO - Setting next_dagrun for example_task_group to 2023-04-15T18:26:23.019763+00:00, run_after=2023-04-16T18:26:23.019763+00:00
[2023-04-16T18:26:23.047+0000] {processor.py:175} INFO - Processing /home/airflow/.local/lib/python3.7/site-packages/airflow/example_dags/example_task_group.py took 0.157 seconds
[2023-04-16T18:26:53.599+0000] {processor.py:153} INFO - Started process (PID=2774) to work on /home/airflow/.local/lib/python3.7/site-packages/airflow/example_dags/example_task_group.py
[2023-04-16T18:26:53.601+0000] {processor.py:743} INFO - Processing file /home/airflow/.local/lib/python3.7/site-packages/airflow/example_dags/example_task_group.py for tasks to queue
[2023-04-16T18:26:53.601+0000] {logging_mixin.py:137} INFO - [2023-04-16T18:26:53.601+0000] {dagbag.py:532} INFO - Filling up the DagBag from /home/airflow/.local/lib/python3.7/site-packages/airflow/example_dags/example_task_group.py
[2023-04-16T18:26:53.624+0000] {processor.py:753} INFO - DAG(s) dict_keys(['example_task_group']) retrieved from /home/airflow/.local/lib/python3.7/site-packages/airflow/example_dags/example_task_group.py
[2023-04-16T18:26:53.663+0000] {logging_mixin.py:137} INFO - [2023-04-16T18:26:53.663+0000] {dag.py:2705} INFO - Sync 1 DAGs
[2023-04-16T18:26:53.698+0000] {logging_mixin.py:137} INFO - [2023-04-16T18:26:53.698+0000] {dag.py:3456} INFO - Setting next_dagrun for example_task_group to 2023-04-15T18:26:53.697947+00:00, run_after=2023-04-16T18:26:53.697947+00:00
[2023-04-16T18:26:53.727+0000] {processor.py:175} INFO - Processing /home/airflow/.local/lib/python3.7/site-packages/airflow/example_dags/example_task_group.py took 0.133 seconds
[2023-04-16T18:27:24.349+0000] {processor.py:153} INFO - Started process (PID=2824) to work on /home/airflow/.local/lib/python3.7/site-packages/airflow/example_dags/example_task_group.py
[2023-04-16T18:27:24.350+0000] {processor.py:743} INFO - Processing file /home/airflow/.local/lib/python3.7/site-packages/airflow/example_dags/example_task_group.py for tasks to queue
[2023-04-16T18:27:24.351+0000] {logging_mixin.py:137} INFO - [2023-04-16T18:27:24.351+0000] {dagbag.py:532} INFO - Filling up the DagBag from /home/airflow/.local/lib/python3.7/site-packages/airflow/example_dags/example_task_group.py
[2023-04-16T18:27:24.373+0000] {processor.py:753} INFO - DAG(s) dict_keys(['example_task_group']) retrieved from /home/airflow/.local/lib/python3.7/site-packages/airflow/example_dags/example_task_group.py
[2023-04-16T18:27:24.413+0000] {logging_mixin.py:137} INFO - [2023-04-16T18:27:24.412+0000] {dag.py:2705} INFO - Sync 1 DAGs
[2023-04-16T18:27:24.453+0000] {logging_mixin.py:137} INFO - [2023-04-16T18:27:24.453+0000] {dag.py:3456} INFO - Setting next_dagrun for example_task_group to 2023-04-15T18:27:24.452807+00:00, run_after=2023-04-16T18:27:24.452807+00:00
[2023-04-16T18:27:24.477+0000] {processor.py:175} INFO - Processing /home/airflow/.local/lib/python3.7/site-packages/airflow/example_dags/example_task_group.py took 0.135 seconds
[2023-04-16T18:27:54.946+0000] {processor.py:153} INFO - Started process (PID=2875) to work on /home/airflow/.local/lib/python3.7/site-packages/airflow/example_dags/example_task_group.py
[2023-04-16T18:27:54.947+0000] {processor.py:743} INFO - Processing file /home/airflow/.local/lib/python3.7/site-packages/airflow/example_dags/example_task_group.py for tasks to queue
[2023-04-16T18:27:54.948+0000] {logging_mixin.py:137} INFO - [2023-04-16T18:27:54.948+0000] {dagbag.py:532} INFO - Filling up the DagBag from /home/airflow/.local/lib/python3.7/site-packages/airflow/example_dags/example_task_group.py
[2023-04-16T18:27:54.970+0000] {processor.py:753} INFO - DAG(s) dict_keys(['example_task_group']) retrieved from /home/airflow/.local/lib/python3.7/site-packages/airflow/example_dags/example_task_group.py
[2023-04-16T18:27:55.010+0000] {logging_mixin.py:137} INFO - [2023-04-16T18:27:55.009+0000] {dag.py:2705} INFO - Sync 1 DAGs
[2023-04-16T18:27:55.046+0000] {logging_mixin.py:137} INFO - [2023-04-16T18:27:55.045+0000] {dag.py:3456} INFO - Setting next_dagrun for example_task_group to 2023-04-15T18:27:55.045503+00:00, run_after=2023-04-16T18:27:55.045503+00:00
[2023-04-16T18:27:55.071+0000] {processor.py:175} INFO - Processing /home/airflow/.local/lib/python3.7/site-packages/airflow/example_dags/example_task_group.py took 0.131 seconds
[2023-04-16T18:28:25.568+0000] {processor.py:153} INFO - Started process (PID=2925) to work on /home/airflow/.local/lib/python3.7/site-packages/airflow/example_dags/example_task_group.py
[2023-04-16T18:28:25.570+0000] {processor.py:743} INFO - Processing file /home/airflow/.local/lib/python3.7/site-packages/airflow/example_dags/example_task_group.py for tasks to queue
[2023-04-16T18:28:25.571+0000] {logging_mixin.py:137} INFO - [2023-04-16T18:28:25.571+0000] {dagbag.py:532} INFO - Filling up the DagBag from /home/airflow/.local/lib/python3.7/site-packages/airflow/example_dags/example_task_group.py
[2023-04-16T18:28:25.604+0000] {processor.py:753} INFO - DAG(s) dict_keys(['example_task_group']) retrieved from /home/airflow/.local/lib/python3.7/site-packages/airflow/example_dags/example_task_group.py
[2023-04-16T18:28:25.649+0000] {logging_mixin.py:137} INFO - [2023-04-16T18:28:25.649+0000] {dag.py:2705} INFO - Sync 1 DAGs
[2023-04-16T18:28:25.685+0000] {logging_mixin.py:137} INFO - [2023-04-16T18:28:25.685+0000] {dag.py:3456} INFO - Setting next_dagrun for example_task_group to 2023-04-15T18:28:25.684881+00:00, run_after=2023-04-16T18:28:25.684881+00:00
[2023-04-16T18:28:25.712+0000] {processor.py:175} INFO - Processing /home/airflow/.local/lib/python3.7/site-packages/airflow/example_dags/example_task_group.py took 0.150 seconds
[2023-04-16T18:28:56.326+0000] {processor.py:153} INFO - Started process (PID=2975) to work on /home/airflow/.local/lib/python3.7/site-packages/airflow/example_dags/example_task_group.py
[2023-04-16T18:28:56.328+0000] {processor.py:743} INFO - Processing file /home/airflow/.local/lib/python3.7/site-packages/airflow/example_dags/example_task_group.py for tasks to queue
[2023-04-16T18:28:56.328+0000] {logging_mixin.py:137} INFO - [2023-04-16T18:28:56.328+0000] {dagbag.py:532} INFO - Filling up the DagBag from /home/airflow/.local/lib/python3.7/site-packages/airflow/example_dags/example_task_group.py
[2023-04-16T18:28:56.359+0000] {processor.py:753} INFO - DAG(s) dict_keys(['example_task_group']) retrieved from /home/airflow/.local/lib/python3.7/site-packages/airflow/example_dags/example_task_group.py
[2023-04-16T18:28:56.408+0000] {logging_mixin.py:137} INFO - [2023-04-16T18:28:56.407+0000] {dag.py:2705} INFO - Sync 1 DAGs
[2023-04-16T18:28:56.448+0000] {logging_mixin.py:137} INFO - [2023-04-16T18:28:56.448+0000] {dag.py:3456} INFO - Setting next_dagrun for example_task_group to 2023-04-15T18:28:56.447960+00:00, run_after=2023-04-16T18:28:56.447960+00:00
[2023-04-16T18:28:56.473+0000] {processor.py:175} INFO - Processing /home/airflow/.local/lib/python3.7/site-packages/airflow/example_dags/example_task_group.py took 0.153 seconds
[2023-04-16T18:29:26.958+0000] {processor.py:153} INFO - Started process (PID=3026) to work on /home/airflow/.local/lib/python3.7/site-packages/airflow/example_dags/example_task_group.py
[2023-04-16T18:29:26.959+0000] {processor.py:743} INFO - Processing file /home/airflow/.local/lib/python3.7/site-packages/airflow/example_dags/example_task_group.py for tasks to queue
[2023-04-16T18:29:26.959+0000] {logging_mixin.py:137} INFO - [2023-04-16T18:29:26.959+0000] {dagbag.py:532} INFO - Filling up the DagBag from /home/airflow/.local/lib/python3.7/site-packages/airflow/example_dags/example_task_group.py
[2023-04-16T18:29:26.982+0000] {processor.py:753} INFO - DAG(s) dict_keys(['example_task_group']) retrieved from /home/airflow/.local/lib/python3.7/site-packages/airflow/example_dags/example_task_group.py
[2023-04-16T18:29:27.032+0000] {logging_mixin.py:137} INFO - [2023-04-16T18:29:27.031+0000] {dag.py:2705} INFO - Sync 1 DAGs
[2023-04-16T18:29:27.067+0000] {logging_mixin.py:137} INFO - [2023-04-16T18:29:27.067+0000] {dag.py:3456} INFO - Setting next_dagrun for example_task_group to 2023-04-15T18:29:27.067270+00:00, run_after=2023-04-16T18:29:27.067270+00:00
[2023-04-16T18:29:27.091+0000] {processor.py:175} INFO - Processing /home/airflow/.local/lib/python3.7/site-packages/airflow/example_dags/example_task_group.py took 0.139 seconds
[2023-04-16T18:29:57.586+0000] {processor.py:153} INFO - Started process (PID=3077) to work on /home/airflow/.local/lib/python3.7/site-packages/airflow/example_dags/example_task_group.py
[2023-04-16T18:29:57.588+0000] {processor.py:743} INFO - Processing file /home/airflow/.local/lib/python3.7/site-packages/airflow/example_dags/example_task_group.py for tasks to queue
[2023-04-16T18:29:57.589+0000] {logging_mixin.py:137} INFO - [2023-04-16T18:29:57.589+0000] {dagbag.py:532} INFO - Filling up the DagBag from /home/airflow/.local/lib/python3.7/site-packages/airflow/example_dags/example_task_group.py
[2023-04-16T18:29:57.613+0000] {processor.py:753} INFO - DAG(s) dict_keys(['example_task_group']) retrieved from /home/airflow/.local/lib/python3.7/site-packages/airflow/example_dags/example_task_group.py
[2023-04-16T18:29:57.667+0000] {logging_mixin.py:137} INFO - [2023-04-16T18:29:57.667+0000] {dag.py:2705} INFO - Sync 1 DAGs
[2023-04-16T18:29:57.712+0000] {logging_mixin.py:137} INFO - [2023-04-16T18:29:57.712+0000] {dag.py:3456} INFO - Setting next_dagrun for example_task_group to 2023-04-15T18:29:57.712029+00:00, run_after=2023-04-16T18:29:57.712029+00:00
[2023-04-16T18:29:57.743+0000] {processor.py:175} INFO - Processing /home/airflow/.local/lib/python3.7/site-packages/airflow/example_dags/example_task_group.py took 0.162 seconds
[2023-04-16T18:30:28.380+0000] {processor.py:153} INFO - Started process (PID=3127) to work on /home/airflow/.local/lib/python3.7/site-packages/airflow/example_dags/example_task_group.py
[2023-04-16T18:30:28.381+0000] {processor.py:743} INFO - Processing file /home/airflow/.local/lib/python3.7/site-packages/airflow/example_dags/example_task_group.py for tasks to queue
[2023-04-16T18:30:28.382+0000] {logging_mixin.py:137} INFO - [2023-04-16T18:30:28.382+0000] {dagbag.py:532} INFO - Filling up the DagBag from /home/airflow/.local/lib/python3.7/site-packages/airflow/example_dags/example_task_group.py
[2023-04-16T18:30:28.405+0000] {processor.py:753} INFO - DAG(s) dict_keys(['example_task_group']) retrieved from /home/airflow/.local/lib/python3.7/site-packages/airflow/example_dags/example_task_group.py
[2023-04-16T18:30:28.444+0000] {logging_mixin.py:137} INFO - [2023-04-16T18:30:28.444+0000] {dag.py:2705} INFO - Sync 1 DAGs
[2023-04-16T18:30:28.485+0000] {logging_mixin.py:137} INFO - [2023-04-16T18:30:28.485+0000] {dag.py:3456} INFO - Setting next_dagrun for example_task_group to 2023-04-15T18:30:28.485256+00:00, run_after=2023-04-16T18:30:28.485256+00:00
[2023-04-16T18:30:28.519+0000] {processor.py:175} INFO - Processing /home/airflow/.local/lib/python3.7/site-packages/airflow/example_dags/example_task_group.py took 0.144 seconds
