[2023-04-16T17:59:21.016+0000] {processor.py:153} INFO - Started process (PID=50) to work on /home/airflow/.local/lib/python3.7/site-packages/airflow/example_dags/tutorial_dag.py
[2023-04-16T17:59:21.017+0000] {processor.py:743} INFO - Processing file /home/airflow/.local/lib/python3.7/site-packages/airflow/example_dags/tutorial_dag.py for tasks to queue
[2023-04-16T17:59:21.018+0000] {logging_mixin.py:137} INFO - [2023-04-16T17:59:21.018+0000] {dagbag.py:532} INFO - Filling up the DagBag from /home/airflow/.local/lib/python3.7/site-packages/airflow/example_dags/tutorial_dag.py
[2023-04-16T17:59:21.047+0000] {processor.py:753} INFO - DAG(s) dict_keys(['tutorial_dag']) retrieved from /home/airflow/.local/lib/python3.7/site-packages/airflow/example_dags/tutorial_dag.py
[2023-04-16T17:59:21.095+0000] {logging_mixin.py:137} INFO - [2023-04-16T17:59:21.094+0000] {dag.py:2705} INFO - Sync 1 DAGs
[2023-04-16T17:59:21.222+0000] {logging_mixin.py:137} INFO - [2023-04-16T17:59:21.222+0000] {dag.py:3456} INFO - Setting next_dagrun for tutorial_dag to None, run_after=None
[2023-04-16T17:59:21.283+0000] {processor.py:175} INFO - Processing /home/airflow/.local/lib/python3.7/site-packages/airflow/example_dags/tutorial_dag.py took 0.280 seconds
[2023-04-16T17:59:51.701+0000] {processor.py:153} INFO - Started process (PID=100) to work on /home/airflow/.local/lib/python3.7/site-packages/airflow/example_dags/tutorial_dag.py
[2023-04-16T17:59:51.703+0000] {processor.py:743} INFO - Processing file /home/airflow/.local/lib/python3.7/site-packages/airflow/example_dags/tutorial_dag.py for tasks to queue
[2023-04-16T17:59:51.704+0000] {logging_mixin.py:137} INFO - [2023-04-16T17:59:51.704+0000] {dagbag.py:532} INFO - Filling up the DagBag from /home/airflow/.local/lib/python3.7/site-packages/airflow/example_dags/tutorial_dag.py
[2023-04-16T17:59:51.723+0000] {processor.py:753} INFO - DAG(s) dict_keys(['tutorial_dag']) retrieved from /home/airflow/.local/lib/python3.7/site-packages/airflow/example_dags/tutorial_dag.py
[2023-04-16T17:59:51.762+0000] {logging_mixin.py:137} INFO - [2023-04-16T17:59:51.762+0000] {dag.py:2705} INFO - Sync 1 DAGs
[2023-04-16T17:59:51.798+0000] {logging_mixin.py:137} INFO - [2023-04-16T17:59:51.798+0000] {dag.py:3456} INFO - Setting next_dagrun for tutorial_dag to None, run_after=None
[2023-04-16T17:59:51.832+0000] {processor.py:175} INFO - Processing /home/airflow/.local/lib/python3.7/site-packages/airflow/example_dags/tutorial_dag.py took 0.137 seconds
[2023-04-16T18:00:22.097+0000] {processor.py:153} INFO - Started process (PID=151) to work on /home/airflow/.local/lib/python3.7/site-packages/airflow/example_dags/tutorial_dag.py
[2023-04-16T18:00:22.098+0000] {processor.py:743} INFO - Processing file /home/airflow/.local/lib/python3.7/site-packages/airflow/example_dags/tutorial_dag.py for tasks to queue
[2023-04-16T18:00:22.099+0000] {logging_mixin.py:137} INFO - [2023-04-16T18:00:22.099+0000] {dagbag.py:532} INFO - Filling up the DagBag from /home/airflow/.local/lib/python3.7/site-packages/airflow/example_dags/tutorial_dag.py
[2023-04-16T18:00:22.117+0000] {processor.py:753} INFO - DAG(s) dict_keys(['tutorial_dag']) retrieved from /home/airflow/.local/lib/python3.7/site-packages/airflow/example_dags/tutorial_dag.py
[2023-04-16T18:00:22.156+0000] {logging_mixin.py:137} INFO - [2023-04-16T18:00:22.155+0000] {dag.py:2705} INFO - Sync 1 DAGs
[2023-04-16T18:00:22.193+0000] {logging_mixin.py:137} INFO - [2023-04-16T18:00:22.193+0000] {dag.py:3456} INFO - Setting next_dagrun for tutorial_dag to None, run_after=None
[2023-04-16T18:00:22.224+0000] {processor.py:175} INFO - Processing /home/airflow/.local/lib/python3.7/site-packages/airflow/example_dags/tutorial_dag.py took 0.134 seconds
[2023-04-16T18:00:52.342+0000] {processor.py:153} INFO - Started process (PID=201) to work on /home/airflow/.local/lib/python3.7/site-packages/airflow/example_dags/tutorial_dag.py
[2023-04-16T18:00:52.344+0000] {processor.py:743} INFO - Processing file /home/airflow/.local/lib/python3.7/site-packages/airflow/example_dags/tutorial_dag.py for tasks to queue
[2023-04-16T18:00:52.345+0000] {logging_mixin.py:137} INFO - [2023-04-16T18:00:52.345+0000] {dagbag.py:532} INFO - Filling up the DagBag from /home/airflow/.local/lib/python3.7/site-packages/airflow/example_dags/tutorial_dag.py
[2023-04-16T18:00:52.364+0000] {processor.py:753} INFO - DAG(s) dict_keys(['tutorial_dag']) retrieved from /home/airflow/.local/lib/python3.7/site-packages/airflow/example_dags/tutorial_dag.py
[2023-04-16T18:00:52.415+0000] {logging_mixin.py:137} INFO - [2023-04-16T18:00:52.414+0000] {dag.py:2705} INFO - Sync 1 DAGs
[2023-04-16T18:00:52.459+0000] {logging_mixin.py:137} INFO - [2023-04-16T18:00:52.459+0000] {dag.py:3456} INFO - Setting next_dagrun for tutorial_dag to None, run_after=None
[2023-04-16T18:00:52.483+0000] {processor.py:175} INFO - Processing /home/airflow/.local/lib/python3.7/site-packages/airflow/example_dags/tutorial_dag.py took 0.146 seconds
[2023-04-16T18:01:22.633+0000] {processor.py:153} INFO - Started process (PID=251) to work on /home/airflow/.local/lib/python3.7/site-packages/airflow/example_dags/tutorial_dag.py
[2023-04-16T18:01:22.634+0000] {processor.py:743} INFO - Processing file /home/airflow/.local/lib/python3.7/site-packages/airflow/example_dags/tutorial_dag.py for tasks to queue
[2023-04-16T18:01:22.635+0000] {logging_mixin.py:137} INFO - [2023-04-16T18:01:22.635+0000] {dagbag.py:532} INFO - Filling up the DagBag from /home/airflow/.local/lib/python3.7/site-packages/airflow/example_dags/tutorial_dag.py
[2023-04-16T18:01:22.655+0000] {processor.py:753} INFO - DAG(s) dict_keys(['tutorial_dag']) retrieved from /home/airflow/.local/lib/python3.7/site-packages/airflow/example_dags/tutorial_dag.py
[2023-04-16T18:01:22.711+0000] {logging_mixin.py:137} INFO - [2023-04-16T18:01:22.710+0000] {dag.py:2705} INFO - Sync 1 DAGs
[2023-04-16T18:01:22.747+0000] {logging_mixin.py:137} INFO - [2023-04-16T18:01:22.747+0000] {dag.py:3456} INFO - Setting next_dagrun for tutorial_dag to None, run_after=None
[2023-04-16T18:01:22.772+0000] {processor.py:175} INFO - Processing /home/airflow/.local/lib/python3.7/site-packages/airflow/example_dags/tutorial_dag.py took 0.145 seconds
[2023-04-16T18:01:52.937+0000] {processor.py:153} INFO - Started process (PID=301) to work on /home/airflow/.local/lib/python3.7/site-packages/airflow/example_dags/tutorial_dag.py
[2023-04-16T18:01:52.939+0000] {processor.py:743} INFO - Processing file /home/airflow/.local/lib/python3.7/site-packages/airflow/example_dags/tutorial_dag.py for tasks to queue
[2023-04-16T18:01:52.940+0000] {logging_mixin.py:137} INFO - [2023-04-16T18:01:52.940+0000] {dagbag.py:532} INFO - Filling up the DagBag from /home/airflow/.local/lib/python3.7/site-packages/airflow/example_dags/tutorial_dag.py
[2023-04-16T18:01:52.957+0000] {processor.py:753} INFO - DAG(s) dict_keys(['tutorial_dag']) retrieved from /home/airflow/.local/lib/python3.7/site-packages/airflow/example_dags/tutorial_dag.py
[2023-04-16T18:01:52.995+0000] {logging_mixin.py:137} INFO - [2023-04-16T18:01:52.995+0000] {dag.py:2705} INFO - Sync 1 DAGs
[2023-04-16T18:01:53.032+0000] {logging_mixin.py:137} INFO - [2023-04-16T18:01:53.031+0000] {dag.py:3456} INFO - Setting next_dagrun for tutorial_dag to None, run_after=None
[2023-04-16T18:01:53.056+0000] {processor.py:175} INFO - Processing /home/airflow/.local/lib/python3.7/site-packages/airflow/example_dags/tutorial_dag.py took 0.125 seconds
[2023-04-16T18:02:23.367+0000] {processor.py:153} INFO - Started process (PID=352) to work on /home/airflow/.local/lib/python3.7/site-packages/airflow/example_dags/tutorial_dag.py
[2023-04-16T18:02:23.368+0000] {processor.py:743} INFO - Processing file /home/airflow/.local/lib/python3.7/site-packages/airflow/example_dags/tutorial_dag.py for tasks to queue
[2023-04-16T18:02:23.369+0000] {logging_mixin.py:137} INFO - [2023-04-16T18:02:23.369+0000] {dagbag.py:532} INFO - Filling up the DagBag from /home/airflow/.local/lib/python3.7/site-packages/airflow/example_dags/tutorial_dag.py
[2023-04-16T18:02:23.387+0000] {processor.py:753} INFO - DAG(s) dict_keys(['tutorial_dag']) retrieved from /home/airflow/.local/lib/python3.7/site-packages/airflow/example_dags/tutorial_dag.py
[2023-04-16T18:02:23.432+0000] {logging_mixin.py:137} INFO - [2023-04-16T18:02:23.432+0000] {dag.py:2705} INFO - Sync 1 DAGs
[2023-04-16T18:02:23.467+0000] {logging_mixin.py:137} INFO - [2023-04-16T18:02:23.467+0000] {dag.py:3456} INFO - Setting next_dagrun for tutorial_dag to None, run_after=None
[2023-04-16T18:02:23.491+0000] {processor.py:175} INFO - Processing /home/airflow/.local/lib/python3.7/site-packages/airflow/example_dags/tutorial_dag.py took 0.132 seconds
[2023-04-16T18:02:54.192+0000] {processor.py:153} INFO - Started process (PID=403) to work on /home/airflow/.local/lib/python3.7/site-packages/airflow/example_dags/tutorial_dag.py
[2023-04-16T18:02:54.194+0000] {processor.py:743} INFO - Processing file /home/airflow/.local/lib/python3.7/site-packages/airflow/example_dags/tutorial_dag.py for tasks to queue
[2023-04-16T18:02:54.195+0000] {logging_mixin.py:137} INFO - [2023-04-16T18:02:54.195+0000] {dagbag.py:532} INFO - Filling up the DagBag from /home/airflow/.local/lib/python3.7/site-packages/airflow/example_dags/tutorial_dag.py
[2023-04-16T18:02:54.221+0000] {processor.py:753} INFO - DAG(s) dict_keys(['tutorial_dag']) retrieved from /home/airflow/.local/lib/python3.7/site-packages/airflow/example_dags/tutorial_dag.py
[2023-04-16T18:02:54.261+0000] {logging_mixin.py:137} INFO - [2023-04-16T18:02:54.261+0000] {dag.py:2705} INFO - Sync 1 DAGs
[2023-04-16T18:02:54.297+0000] {logging_mixin.py:137} INFO - [2023-04-16T18:02:54.296+0000] {dag.py:3456} INFO - Setting next_dagrun for tutorial_dag to None, run_after=None
[2023-04-16T18:02:54.326+0000] {processor.py:175} INFO - Processing /home/airflow/.local/lib/python3.7/site-packages/airflow/example_dags/tutorial_dag.py took 0.141 seconds
[2023-04-16T18:03:24.904+0000] {processor.py:153} INFO - Started process (PID=453) to work on /home/airflow/.local/lib/python3.7/site-packages/airflow/example_dags/tutorial_dag.py
[2023-04-16T18:03:24.905+0000] {processor.py:743} INFO - Processing file /home/airflow/.local/lib/python3.7/site-packages/airflow/example_dags/tutorial_dag.py for tasks to queue
[2023-04-16T18:03:24.906+0000] {logging_mixin.py:137} INFO - [2023-04-16T18:03:24.906+0000] {dagbag.py:532} INFO - Filling up the DagBag from /home/airflow/.local/lib/python3.7/site-packages/airflow/example_dags/tutorial_dag.py
[2023-04-16T18:03:24.925+0000] {processor.py:753} INFO - DAG(s) dict_keys(['tutorial_dag']) retrieved from /home/airflow/.local/lib/python3.7/site-packages/airflow/example_dags/tutorial_dag.py
[2023-04-16T18:03:24.964+0000] {logging_mixin.py:137} INFO - [2023-04-16T18:03:24.963+0000] {dag.py:2705} INFO - Sync 1 DAGs
[2023-04-16T18:03:25.003+0000] {logging_mixin.py:137} INFO - [2023-04-16T18:03:25.003+0000] {dag.py:3456} INFO - Setting next_dagrun for tutorial_dag to None, run_after=None
[2023-04-16T18:03:25.030+0000] {processor.py:175} INFO - Processing /home/airflow/.local/lib/python3.7/site-packages/airflow/example_dags/tutorial_dag.py took 0.132 seconds
[2023-04-16T18:03:55.188+0000] {processor.py:153} INFO - Started process (PID=502) to work on /home/airflow/.local/lib/python3.7/site-packages/airflow/example_dags/tutorial_dag.py
[2023-04-16T18:03:55.190+0000] {processor.py:743} INFO - Processing file /home/airflow/.local/lib/python3.7/site-packages/airflow/example_dags/tutorial_dag.py for tasks to queue
[2023-04-16T18:03:55.192+0000] {logging_mixin.py:137} INFO - [2023-04-16T18:03:55.191+0000] {dagbag.py:532} INFO - Filling up the DagBag from /home/airflow/.local/lib/python3.7/site-packages/airflow/example_dags/tutorial_dag.py
[2023-04-16T18:03:55.215+0000] {processor.py:753} INFO - DAG(s) dict_keys(['tutorial_dag']) retrieved from /home/airflow/.local/lib/python3.7/site-packages/airflow/example_dags/tutorial_dag.py
[2023-04-16T18:03:55.259+0000] {logging_mixin.py:137} INFO - [2023-04-16T18:03:55.259+0000] {dag.py:2705} INFO - Sync 1 DAGs
[2023-04-16T18:03:55.299+0000] {logging_mixin.py:137} INFO - [2023-04-16T18:03:55.299+0000] {dag.py:3456} INFO - Setting next_dagrun for tutorial_dag to None, run_after=None
[2023-04-16T18:03:55.325+0000] {processor.py:175} INFO - Processing /home/airflow/.local/lib/python3.7/site-packages/airflow/example_dags/tutorial_dag.py took 0.142 seconds
[2023-04-16T18:04:25.515+0000] {processor.py:153} INFO - Started process (PID=552) to work on /home/airflow/.local/lib/python3.7/site-packages/airflow/example_dags/tutorial_dag.py
[2023-04-16T18:04:25.516+0000] {processor.py:743} INFO - Processing file /home/airflow/.local/lib/python3.7/site-packages/airflow/example_dags/tutorial_dag.py for tasks to queue
[2023-04-16T18:04:25.518+0000] {logging_mixin.py:137} INFO - [2023-04-16T18:04:25.518+0000] {dagbag.py:532} INFO - Filling up the DagBag from /home/airflow/.local/lib/python3.7/site-packages/airflow/example_dags/tutorial_dag.py
[2023-04-16T18:04:25.536+0000] {processor.py:753} INFO - DAG(s) dict_keys(['tutorial_dag']) retrieved from /home/airflow/.local/lib/python3.7/site-packages/airflow/example_dags/tutorial_dag.py
[2023-04-16T18:04:25.574+0000] {logging_mixin.py:137} INFO - [2023-04-16T18:04:25.574+0000] {dag.py:2705} INFO - Sync 1 DAGs
[2023-04-16T18:04:25.610+0000] {logging_mixin.py:137} INFO - [2023-04-16T18:04:25.610+0000] {dag.py:3456} INFO - Setting next_dagrun for tutorial_dag to None, run_after=None
[2023-04-16T18:04:25.638+0000] {processor.py:175} INFO - Processing /home/airflow/.local/lib/python3.7/site-packages/airflow/example_dags/tutorial_dag.py took 0.129 seconds
[2023-04-16T18:04:55.846+0000] {processor.py:153} INFO - Started process (PID=601) to work on /home/airflow/.local/lib/python3.7/site-packages/airflow/example_dags/tutorial_dag.py
[2023-04-16T18:04:55.848+0000] {processor.py:743} INFO - Processing file /home/airflow/.local/lib/python3.7/site-packages/airflow/example_dags/tutorial_dag.py for tasks to queue
[2023-04-16T18:04:55.849+0000] {logging_mixin.py:137} INFO - [2023-04-16T18:04:55.849+0000] {dagbag.py:532} INFO - Filling up the DagBag from /home/airflow/.local/lib/python3.7/site-packages/airflow/example_dags/tutorial_dag.py
[2023-04-16T18:04:55.867+0000] {processor.py:753} INFO - DAG(s) dict_keys(['tutorial_dag']) retrieved from /home/airflow/.local/lib/python3.7/site-packages/airflow/example_dags/tutorial_dag.py
[2023-04-16T18:04:55.905+0000] {logging_mixin.py:137} INFO - [2023-04-16T18:04:55.905+0000] {dag.py:2705} INFO - Sync 1 DAGs
[2023-04-16T18:04:55.946+0000] {logging_mixin.py:137} INFO - [2023-04-16T18:04:55.946+0000] {dag.py:3456} INFO - Setting next_dagrun for tutorial_dag to None, run_after=None
[2023-04-16T18:04:55.973+0000] {processor.py:175} INFO - Processing /home/airflow/.local/lib/python3.7/site-packages/airflow/example_dags/tutorial_dag.py took 0.132 seconds
[2023-04-16T18:05:26.132+0000] {processor.py:153} INFO - Started process (PID=651) to work on /home/airflow/.local/lib/python3.7/site-packages/airflow/example_dags/tutorial_dag.py
[2023-04-16T18:05:26.134+0000] {processor.py:743} INFO - Processing file /home/airflow/.local/lib/python3.7/site-packages/airflow/example_dags/tutorial_dag.py for tasks to queue
[2023-04-16T18:05:26.135+0000] {logging_mixin.py:137} INFO - [2023-04-16T18:05:26.135+0000] {dagbag.py:532} INFO - Filling up the DagBag from /home/airflow/.local/lib/python3.7/site-packages/airflow/example_dags/tutorial_dag.py
[2023-04-16T18:05:26.161+0000] {processor.py:753} INFO - DAG(s) dict_keys(['tutorial_dag']) retrieved from /home/airflow/.local/lib/python3.7/site-packages/airflow/example_dags/tutorial_dag.py
[2023-04-16T18:05:26.200+0000] {logging_mixin.py:137} INFO - [2023-04-16T18:05:26.200+0000] {dag.py:2705} INFO - Sync 1 DAGs
[2023-04-16T18:05:26.237+0000] {logging_mixin.py:137} INFO - [2023-04-16T18:05:26.237+0000] {dag.py:3456} INFO - Setting next_dagrun for tutorial_dag to None, run_after=None
[2023-04-16T18:05:26.268+0000] {processor.py:175} INFO - Processing /home/airflow/.local/lib/python3.7/site-packages/airflow/example_dags/tutorial_dag.py took 0.141 seconds
[2023-04-16T18:05:56.402+0000] {processor.py:153} INFO - Started process (PID=700) to work on /home/airflow/.local/lib/python3.7/site-packages/airflow/example_dags/tutorial_dag.py
[2023-04-16T18:05:56.403+0000] {processor.py:743} INFO - Processing file /home/airflow/.local/lib/python3.7/site-packages/airflow/example_dags/tutorial_dag.py for tasks to queue
[2023-04-16T18:05:56.404+0000] {logging_mixin.py:137} INFO - [2023-04-16T18:05:56.404+0000] {dagbag.py:532} INFO - Filling up the DagBag from /home/airflow/.local/lib/python3.7/site-packages/airflow/example_dags/tutorial_dag.py
[2023-04-16T18:05:56.423+0000] {processor.py:753} INFO - DAG(s) dict_keys(['tutorial_dag']) retrieved from /home/airflow/.local/lib/python3.7/site-packages/airflow/example_dags/tutorial_dag.py
[2023-04-16T18:05:56.466+0000] {logging_mixin.py:137} INFO - [2023-04-16T18:05:56.466+0000] {dag.py:2705} INFO - Sync 1 DAGs
[2023-04-16T18:05:56.501+0000] {logging_mixin.py:137} INFO - [2023-04-16T18:05:56.501+0000] {dag.py:3456} INFO - Setting next_dagrun for tutorial_dag to None, run_after=None
[2023-04-16T18:05:56.532+0000] {processor.py:175} INFO - Processing /home/airflow/.local/lib/python3.7/site-packages/airflow/example_dags/tutorial_dag.py took 0.137 seconds
[2023-04-16T18:06:26.694+0000] {processor.py:153} INFO - Started process (PID=749) to work on /home/airflow/.local/lib/python3.7/site-packages/airflow/example_dags/tutorial_dag.py
[2023-04-16T18:06:26.695+0000] {processor.py:743} INFO - Processing file /home/airflow/.local/lib/python3.7/site-packages/airflow/example_dags/tutorial_dag.py for tasks to queue
[2023-04-16T18:06:26.696+0000] {logging_mixin.py:137} INFO - [2023-04-16T18:06:26.696+0000] {dagbag.py:532} INFO - Filling up the DagBag from /home/airflow/.local/lib/python3.7/site-packages/airflow/example_dags/tutorial_dag.py
[2023-04-16T18:06:26.715+0000] {processor.py:753} INFO - DAG(s) dict_keys(['tutorial_dag']) retrieved from /home/airflow/.local/lib/python3.7/site-packages/airflow/example_dags/tutorial_dag.py
[2023-04-16T18:06:26.763+0000] {logging_mixin.py:137} INFO - [2023-04-16T18:06:26.763+0000] {dag.py:2705} INFO - Sync 1 DAGs
[2023-04-16T18:06:26.803+0000] {logging_mixin.py:137} INFO - [2023-04-16T18:06:26.802+0000] {dag.py:3456} INFO - Setting next_dagrun for tutorial_dag to None, run_after=None
[2023-04-16T18:06:26.832+0000] {processor.py:175} INFO - Processing /home/airflow/.local/lib/python3.7/site-packages/airflow/example_dags/tutorial_dag.py took 0.143 seconds
[2023-04-16T18:06:57.023+0000] {processor.py:153} INFO - Started process (PID=798) to work on /home/airflow/.local/lib/python3.7/site-packages/airflow/example_dags/tutorial_dag.py
[2023-04-16T18:06:57.025+0000] {processor.py:743} INFO - Processing file /home/airflow/.local/lib/python3.7/site-packages/airflow/example_dags/tutorial_dag.py for tasks to queue
[2023-04-16T18:06:57.026+0000] {logging_mixin.py:137} INFO - [2023-04-16T18:06:57.026+0000] {dagbag.py:532} INFO - Filling up the DagBag from /home/airflow/.local/lib/python3.7/site-packages/airflow/example_dags/tutorial_dag.py
[2023-04-16T18:06:57.052+0000] {processor.py:753} INFO - DAG(s) dict_keys(['tutorial_dag']) retrieved from /home/airflow/.local/lib/python3.7/site-packages/airflow/example_dags/tutorial_dag.py
[2023-04-16T18:06:57.091+0000] {logging_mixin.py:137} INFO - [2023-04-16T18:06:57.091+0000] {dag.py:2705} INFO - Sync 1 DAGs
[2023-04-16T18:06:57.130+0000] {logging_mixin.py:137} INFO - [2023-04-16T18:06:57.130+0000] {dag.py:3456} INFO - Setting next_dagrun for tutorial_dag to None, run_after=None
[2023-04-16T18:06:57.156+0000] {processor.py:175} INFO - Processing /home/airflow/.local/lib/python3.7/site-packages/airflow/example_dags/tutorial_dag.py took 0.138 seconds
[2023-04-16T18:07:27.299+0000] {processor.py:153} INFO - Started process (PID=848) to work on /home/airflow/.local/lib/python3.7/site-packages/airflow/example_dags/tutorial_dag.py
[2023-04-16T18:07:27.301+0000] {processor.py:743} INFO - Processing file /home/airflow/.local/lib/python3.7/site-packages/airflow/example_dags/tutorial_dag.py for tasks to queue
[2023-04-16T18:07:27.302+0000] {logging_mixin.py:137} INFO - [2023-04-16T18:07:27.302+0000] {dagbag.py:532} INFO - Filling up the DagBag from /home/airflow/.local/lib/python3.7/site-packages/airflow/example_dags/tutorial_dag.py
[2023-04-16T18:07:27.328+0000] {processor.py:753} INFO - DAG(s) dict_keys(['tutorial_dag']) retrieved from /home/airflow/.local/lib/python3.7/site-packages/airflow/example_dags/tutorial_dag.py
[2023-04-16T18:07:27.369+0000] {logging_mixin.py:137} INFO - [2023-04-16T18:07:27.368+0000] {dag.py:2705} INFO - Sync 1 DAGs
[2023-04-16T18:07:27.412+0000] {logging_mixin.py:137} INFO - [2023-04-16T18:07:27.412+0000] {dag.py:3456} INFO - Setting next_dagrun for tutorial_dag to None, run_after=None
[2023-04-16T18:07:27.443+0000] {processor.py:175} INFO - Processing /home/airflow/.local/lib/python3.7/site-packages/airflow/example_dags/tutorial_dag.py took 0.150 seconds
[2023-04-16T18:07:57.526+0000] {processor.py:153} INFO - Started process (PID=897) to work on /home/airflow/.local/lib/python3.7/site-packages/airflow/example_dags/tutorial_dag.py
[2023-04-16T18:07:57.527+0000] {processor.py:743} INFO - Processing file /home/airflow/.local/lib/python3.7/site-packages/airflow/example_dags/tutorial_dag.py for tasks to queue
[2023-04-16T18:07:57.528+0000] {logging_mixin.py:137} INFO - [2023-04-16T18:07:57.528+0000] {dagbag.py:532} INFO - Filling up the DagBag from /home/airflow/.local/lib/python3.7/site-packages/airflow/example_dags/tutorial_dag.py
[2023-04-16T18:07:57.547+0000] {processor.py:753} INFO - DAG(s) dict_keys(['tutorial_dag']) retrieved from /home/airflow/.local/lib/python3.7/site-packages/airflow/example_dags/tutorial_dag.py
[2023-04-16T18:07:57.586+0000] {logging_mixin.py:137} INFO - [2023-04-16T18:07:57.585+0000] {dag.py:2705} INFO - Sync 1 DAGs
[2023-04-16T18:07:57.624+0000] {logging_mixin.py:137} INFO - [2023-04-16T18:07:57.624+0000] {dag.py:3456} INFO - Setting next_dagrun for tutorial_dag to None, run_after=None
[2023-04-16T18:07:57.649+0000] {processor.py:175} INFO - Processing /home/airflow/.local/lib/python3.7/site-packages/airflow/example_dags/tutorial_dag.py took 0.128 seconds
[2023-04-16T18:08:27.791+0000] {processor.py:153} INFO - Started process (PID=946) to work on /home/airflow/.local/lib/python3.7/site-packages/airflow/example_dags/tutorial_dag.py
[2023-04-16T18:08:27.792+0000] {processor.py:743} INFO - Processing file /home/airflow/.local/lib/python3.7/site-packages/airflow/example_dags/tutorial_dag.py for tasks to queue
[2023-04-16T18:08:27.794+0000] {logging_mixin.py:137} INFO - [2023-04-16T18:08:27.794+0000] {dagbag.py:532} INFO - Filling up the DagBag from /home/airflow/.local/lib/python3.7/site-packages/airflow/example_dags/tutorial_dag.py
[2023-04-16T18:08:27.816+0000] {processor.py:753} INFO - DAG(s) dict_keys(['tutorial_dag']) retrieved from /home/airflow/.local/lib/python3.7/site-packages/airflow/example_dags/tutorial_dag.py
[2023-04-16T18:08:27.858+0000] {logging_mixin.py:137} INFO - [2023-04-16T18:08:27.858+0000] {dag.py:2705} INFO - Sync 1 DAGs
[2023-04-16T18:08:27.897+0000] {logging_mixin.py:137} INFO - [2023-04-16T18:08:27.897+0000] {dag.py:3456} INFO - Setting next_dagrun for tutorial_dag to None, run_after=None
[2023-04-16T18:08:27.923+0000] {processor.py:175} INFO - Processing /home/airflow/.local/lib/python3.7/site-packages/airflow/example_dags/tutorial_dag.py took 0.138 seconds
[2023-04-16T18:08:58.033+0000] {processor.py:153} INFO - Started process (PID=996) to work on /home/airflow/.local/lib/python3.7/site-packages/airflow/example_dags/tutorial_dag.py
[2023-04-16T18:08:58.034+0000] {processor.py:743} INFO - Processing file /home/airflow/.local/lib/python3.7/site-packages/airflow/example_dags/tutorial_dag.py for tasks to queue
[2023-04-16T18:08:58.034+0000] {logging_mixin.py:137} INFO - [2023-04-16T18:08:58.034+0000] {dagbag.py:532} INFO - Filling up the DagBag from /home/airflow/.local/lib/python3.7/site-packages/airflow/example_dags/tutorial_dag.py
[2023-04-16T18:08:58.052+0000] {processor.py:753} INFO - DAG(s) dict_keys(['tutorial_dag']) retrieved from /home/airflow/.local/lib/python3.7/site-packages/airflow/example_dags/tutorial_dag.py
[2023-04-16T18:08:58.090+0000] {logging_mixin.py:137} INFO - [2023-04-16T18:08:58.090+0000] {dag.py:2705} INFO - Sync 1 DAGs
[2023-04-16T18:08:58.128+0000] {logging_mixin.py:137} INFO - [2023-04-16T18:08:58.127+0000] {dag.py:3456} INFO - Setting next_dagrun for tutorial_dag to None, run_after=None
[2023-04-16T18:08:58.153+0000] {processor.py:175} INFO - Processing /home/airflow/.local/lib/python3.7/site-packages/airflow/example_dags/tutorial_dag.py took 0.126 seconds
[2023-04-16T18:09:28.430+0000] {processor.py:153} INFO - Started process (PID=1045) to work on /home/airflow/.local/lib/python3.7/site-packages/airflow/example_dags/tutorial_dag.py
[2023-04-16T18:09:28.431+0000] {processor.py:743} INFO - Processing file /home/airflow/.local/lib/python3.7/site-packages/airflow/example_dags/tutorial_dag.py for tasks to queue
[2023-04-16T18:09:28.432+0000] {logging_mixin.py:137} INFO - [2023-04-16T18:09:28.432+0000] {dagbag.py:532} INFO - Filling up the DagBag from /home/airflow/.local/lib/python3.7/site-packages/airflow/example_dags/tutorial_dag.py
[2023-04-16T18:09:28.451+0000] {processor.py:753} INFO - DAG(s) dict_keys(['tutorial_dag']) retrieved from /home/airflow/.local/lib/python3.7/site-packages/airflow/example_dags/tutorial_dag.py
[2023-04-16T18:09:28.490+0000] {logging_mixin.py:137} INFO - [2023-04-16T18:09:28.490+0000] {dag.py:2705} INFO - Sync 1 DAGs
[2023-04-16T18:09:28.526+0000] {logging_mixin.py:137} INFO - [2023-04-16T18:09:28.526+0000] {dag.py:3456} INFO - Setting next_dagrun for tutorial_dag to None, run_after=None
[2023-04-16T18:09:28.558+0000] {processor.py:175} INFO - Processing /home/airflow/.local/lib/python3.7/site-packages/airflow/example_dags/tutorial_dag.py took 0.133 seconds
[2023-04-16T18:09:59.037+0000] {processor.py:153} INFO - Started process (PID=1096) to work on /home/airflow/.local/lib/python3.7/site-packages/airflow/example_dags/tutorial_dag.py
[2023-04-16T18:09:59.039+0000] {processor.py:743} INFO - Processing file /home/airflow/.local/lib/python3.7/site-packages/airflow/example_dags/tutorial_dag.py for tasks to queue
[2023-04-16T18:09:59.040+0000] {logging_mixin.py:137} INFO - [2023-04-16T18:09:59.040+0000] {dagbag.py:532} INFO - Filling up the DagBag from /home/airflow/.local/lib/python3.7/site-packages/airflow/example_dags/tutorial_dag.py
[2023-04-16T18:09:59.065+0000] {processor.py:753} INFO - DAG(s) dict_keys(['tutorial_dag']) retrieved from /home/airflow/.local/lib/python3.7/site-packages/airflow/example_dags/tutorial_dag.py
[2023-04-16T18:09:59.105+0000] {logging_mixin.py:137} INFO - [2023-04-16T18:09:59.105+0000] {dag.py:2705} INFO - Sync 1 DAGs
[2023-04-16T18:09:59.145+0000] {logging_mixin.py:137} INFO - [2023-04-16T18:09:59.145+0000] {dag.py:3456} INFO - Setting next_dagrun for tutorial_dag to None, run_after=None
[2023-04-16T18:09:59.171+0000] {processor.py:175} INFO - Processing /home/airflow/.local/lib/python3.7/site-packages/airflow/example_dags/tutorial_dag.py took 0.140 seconds
[2023-04-16T18:10:29.932+0000] {processor.py:153} INFO - Started process (PID=1146) to work on /home/airflow/.local/lib/python3.7/site-packages/airflow/example_dags/tutorial_dag.py
[2023-04-16T18:10:29.933+0000] {processor.py:743} INFO - Processing file /home/airflow/.local/lib/python3.7/site-packages/airflow/example_dags/tutorial_dag.py for tasks to queue
[2023-04-16T18:10:29.934+0000] {logging_mixin.py:137} INFO - [2023-04-16T18:10:29.934+0000] {dagbag.py:532} INFO - Filling up the DagBag from /home/airflow/.local/lib/python3.7/site-packages/airflow/example_dags/tutorial_dag.py
[2023-04-16T18:10:29.954+0000] {processor.py:753} INFO - DAG(s) dict_keys(['tutorial_dag']) retrieved from /home/airflow/.local/lib/python3.7/site-packages/airflow/example_dags/tutorial_dag.py
[2023-04-16T18:10:30.000+0000] {logging_mixin.py:137} INFO - [2023-04-16T18:10:30.000+0000] {dag.py:2705} INFO - Sync 1 DAGs
[2023-04-16T18:10:30.037+0000] {logging_mixin.py:137} INFO - [2023-04-16T18:10:30.036+0000] {dag.py:3456} INFO - Setting next_dagrun for tutorial_dag to None, run_after=None
[2023-04-16T18:10:30.064+0000] {processor.py:175} INFO - Processing /home/airflow/.local/lib/python3.7/site-packages/airflow/example_dags/tutorial_dag.py took 0.138 seconds
[2023-04-16T18:11:00.732+0000] {processor.py:153} INFO - Started process (PID=1196) to work on /home/airflow/.local/lib/python3.7/site-packages/airflow/example_dags/tutorial_dag.py
[2023-04-16T18:11:00.733+0000] {processor.py:743} INFO - Processing file /home/airflow/.local/lib/python3.7/site-packages/airflow/example_dags/tutorial_dag.py for tasks to queue
[2023-04-16T18:11:00.734+0000] {logging_mixin.py:137} INFO - [2023-04-16T18:11:00.733+0000] {dagbag.py:532} INFO - Filling up the DagBag from /home/airflow/.local/lib/python3.7/site-packages/airflow/example_dags/tutorial_dag.py
[2023-04-16T18:11:00.752+0000] {processor.py:753} INFO - DAG(s) dict_keys(['tutorial_dag']) retrieved from /home/airflow/.local/lib/python3.7/site-packages/airflow/example_dags/tutorial_dag.py
[2023-04-16T18:11:00.791+0000] {logging_mixin.py:137} INFO - [2023-04-16T18:11:00.791+0000] {dag.py:2705} INFO - Sync 1 DAGs
[2023-04-16T18:11:00.827+0000] {logging_mixin.py:137} INFO - [2023-04-16T18:11:00.827+0000] {dag.py:3456} INFO - Setting next_dagrun for tutorial_dag to None, run_after=None
[2023-04-16T18:11:00.856+0000] {processor.py:175} INFO - Processing /home/airflow/.local/lib/python3.7/site-packages/airflow/example_dags/tutorial_dag.py took 0.130 seconds
[2023-04-16T18:11:31.520+0000] {processor.py:153} INFO - Started process (PID=1247) to work on /home/airflow/.local/lib/python3.7/site-packages/airflow/example_dags/tutorial_dag.py
[2023-04-16T18:11:31.522+0000] {processor.py:743} INFO - Processing file /home/airflow/.local/lib/python3.7/site-packages/airflow/example_dags/tutorial_dag.py for tasks to queue
[2023-04-16T18:11:31.523+0000] {logging_mixin.py:137} INFO - [2023-04-16T18:11:31.523+0000] {dagbag.py:532} INFO - Filling up the DagBag from /home/airflow/.local/lib/python3.7/site-packages/airflow/example_dags/tutorial_dag.py
[2023-04-16T18:11:31.550+0000] {processor.py:753} INFO - DAG(s) dict_keys(['tutorial_dag']) retrieved from /home/airflow/.local/lib/python3.7/site-packages/airflow/example_dags/tutorial_dag.py
[2023-04-16T18:11:31.595+0000] {logging_mixin.py:137} INFO - [2023-04-16T18:11:31.595+0000] {dag.py:2705} INFO - Sync 1 DAGs
[2023-04-16T18:11:31.647+0000] {logging_mixin.py:137} INFO - [2023-04-16T18:11:31.646+0000] {dag.py:3456} INFO - Setting next_dagrun for tutorial_dag to None, run_after=None
[2023-04-16T18:11:31.671+0000] {processor.py:175} INFO - Processing /home/airflow/.local/lib/python3.7/site-packages/airflow/example_dags/tutorial_dag.py took 0.158 seconds
[2023-04-16T18:12:02.137+0000] {processor.py:153} INFO - Started process (PID=1297) to work on /home/airflow/.local/lib/python3.7/site-packages/airflow/example_dags/tutorial_dag.py
[2023-04-16T18:12:02.138+0000] {processor.py:743} INFO - Processing file /home/airflow/.local/lib/python3.7/site-packages/airflow/example_dags/tutorial_dag.py for tasks to queue
[2023-04-16T18:12:02.139+0000] {logging_mixin.py:137} INFO - [2023-04-16T18:12:02.139+0000] {dagbag.py:532} INFO - Filling up the DagBag from /home/airflow/.local/lib/python3.7/site-packages/airflow/example_dags/tutorial_dag.py
[2023-04-16T18:12:02.158+0000] {processor.py:753} INFO - DAG(s) dict_keys(['tutorial_dag']) retrieved from /home/airflow/.local/lib/python3.7/site-packages/airflow/example_dags/tutorial_dag.py
[2023-04-16T18:12:02.205+0000] {logging_mixin.py:137} INFO - [2023-04-16T18:12:02.204+0000] {dag.py:2705} INFO - Sync 1 DAGs
[2023-04-16T18:12:02.242+0000] {logging_mixin.py:137} INFO - [2023-04-16T18:12:02.242+0000] {dag.py:3456} INFO - Setting next_dagrun for tutorial_dag to None, run_after=None
[2023-04-16T18:12:02.266+0000] {processor.py:175} INFO - Processing /home/airflow/.local/lib/python3.7/site-packages/airflow/example_dags/tutorial_dag.py took 0.134 seconds
[2023-04-16T18:12:32.795+0000] {processor.py:153} INFO - Started process (PID=1347) to work on /home/airflow/.local/lib/python3.7/site-packages/airflow/example_dags/tutorial_dag.py
[2023-04-16T18:12:32.796+0000] {processor.py:743} INFO - Processing file /home/airflow/.local/lib/python3.7/site-packages/airflow/example_dags/tutorial_dag.py for tasks to queue
[2023-04-16T18:12:32.797+0000] {logging_mixin.py:137} INFO - [2023-04-16T18:12:32.797+0000] {dagbag.py:532} INFO - Filling up the DagBag from /home/airflow/.local/lib/python3.7/site-packages/airflow/example_dags/tutorial_dag.py
[2023-04-16T18:12:32.816+0000] {processor.py:753} INFO - DAG(s) dict_keys(['tutorial_dag']) retrieved from /home/airflow/.local/lib/python3.7/site-packages/airflow/example_dags/tutorial_dag.py
[2023-04-16T18:12:32.860+0000] {logging_mixin.py:137} INFO - [2023-04-16T18:12:32.860+0000] {dag.py:2705} INFO - Sync 1 DAGs
[2023-04-16T18:12:32.901+0000] {logging_mixin.py:137} INFO - [2023-04-16T18:12:32.901+0000] {dag.py:3456} INFO - Setting next_dagrun for tutorial_dag to None, run_after=None
[2023-04-16T18:12:32.928+0000] {processor.py:175} INFO - Processing /home/airflow/.local/lib/python3.7/site-packages/airflow/example_dags/tutorial_dag.py took 0.139 seconds
[2023-04-16T18:13:03.424+0000] {processor.py:153} INFO - Started process (PID=1397) to work on /home/airflow/.local/lib/python3.7/site-packages/airflow/example_dags/tutorial_dag.py
[2023-04-16T18:13:03.425+0000] {processor.py:743} INFO - Processing file /home/airflow/.local/lib/python3.7/site-packages/airflow/example_dags/tutorial_dag.py for tasks to queue
[2023-04-16T18:13:03.426+0000] {logging_mixin.py:137} INFO - [2023-04-16T18:13:03.426+0000] {dagbag.py:532} INFO - Filling up the DagBag from /home/airflow/.local/lib/python3.7/site-packages/airflow/example_dags/tutorial_dag.py
[2023-04-16T18:13:03.446+0000] {processor.py:753} INFO - DAG(s) dict_keys(['tutorial_dag']) retrieved from /home/airflow/.local/lib/python3.7/site-packages/airflow/example_dags/tutorial_dag.py
[2023-04-16T18:13:03.490+0000] {logging_mixin.py:137} INFO - [2023-04-16T18:13:03.489+0000] {dag.py:2705} INFO - Sync 1 DAGs
[2023-04-16T18:13:03.527+0000] {logging_mixin.py:137} INFO - [2023-04-16T18:13:03.527+0000] {dag.py:3456} INFO - Setting next_dagrun for tutorial_dag to None, run_after=None
[2023-04-16T18:13:03.553+0000] {processor.py:175} INFO - Processing /home/airflow/.local/lib/python3.7/site-packages/airflow/example_dags/tutorial_dag.py took 0.135 seconds
[2023-04-16T18:13:34.153+0000] {processor.py:153} INFO - Started process (PID=1448) to work on /home/airflow/.local/lib/python3.7/site-packages/airflow/example_dags/tutorial_dag.py
[2023-04-16T18:13:34.155+0000] {processor.py:743} INFO - Processing file /home/airflow/.local/lib/python3.7/site-packages/airflow/example_dags/tutorial_dag.py for tasks to queue
[2023-04-16T18:13:34.156+0000] {logging_mixin.py:137} INFO - [2023-04-16T18:13:34.155+0000] {dagbag.py:532} INFO - Filling up the DagBag from /home/airflow/.local/lib/python3.7/site-packages/airflow/example_dags/tutorial_dag.py
[2023-04-16T18:13:34.175+0000] {processor.py:753} INFO - DAG(s) dict_keys(['tutorial_dag']) retrieved from /home/airflow/.local/lib/python3.7/site-packages/airflow/example_dags/tutorial_dag.py
[2023-04-16T18:13:34.217+0000] {logging_mixin.py:137} INFO - [2023-04-16T18:13:34.217+0000] {dag.py:2705} INFO - Sync 1 DAGs
[2023-04-16T18:13:34.253+0000] {logging_mixin.py:137} INFO - [2023-04-16T18:13:34.253+0000] {dag.py:3456} INFO - Setting next_dagrun for tutorial_dag to None, run_after=None
[2023-04-16T18:13:34.282+0000] {processor.py:175} INFO - Processing /home/airflow/.local/lib/python3.7/site-packages/airflow/example_dags/tutorial_dag.py took 0.134 seconds
[2023-04-16T18:14:04.637+0000] {processor.py:153} INFO - Started process (PID=1499) to work on /home/airflow/.local/lib/python3.7/site-packages/airflow/example_dags/tutorial_dag.py
[2023-04-16T18:14:04.638+0000] {processor.py:743} INFO - Processing file /home/airflow/.local/lib/python3.7/site-packages/airflow/example_dags/tutorial_dag.py for tasks to queue
[2023-04-16T18:14:04.639+0000] {logging_mixin.py:137} INFO - [2023-04-16T18:14:04.639+0000] {dagbag.py:532} INFO - Filling up the DagBag from /home/airflow/.local/lib/python3.7/site-packages/airflow/example_dags/tutorial_dag.py
[2023-04-16T18:14:04.657+0000] {processor.py:753} INFO - DAG(s) dict_keys(['tutorial_dag']) retrieved from /home/airflow/.local/lib/python3.7/site-packages/airflow/example_dags/tutorial_dag.py
[2023-04-16T18:14:04.695+0000] {logging_mixin.py:137} INFO - [2023-04-16T18:14:04.695+0000] {dag.py:2705} INFO - Sync 1 DAGs
[2023-04-16T18:14:04.739+0000] {logging_mixin.py:137} INFO - [2023-04-16T18:14:04.739+0000] {dag.py:3456} INFO - Setting next_dagrun for tutorial_dag to None, run_after=None
[2023-04-16T18:14:04.768+0000] {processor.py:175} INFO - Processing /home/airflow/.local/lib/python3.7/site-packages/airflow/example_dags/tutorial_dag.py took 0.137 seconds
[2023-04-16T18:14:35.393+0000] {processor.py:153} INFO - Started process (PID=1549) to work on /home/airflow/.local/lib/python3.7/site-packages/airflow/example_dags/tutorial_dag.py
[2023-04-16T18:14:35.395+0000] {processor.py:743} INFO - Processing file /home/airflow/.local/lib/python3.7/site-packages/airflow/example_dags/tutorial_dag.py for tasks to queue
[2023-04-16T18:14:35.396+0000] {logging_mixin.py:137} INFO - [2023-04-16T18:14:35.395+0000] {dagbag.py:532} INFO - Filling up the DagBag from /home/airflow/.local/lib/python3.7/site-packages/airflow/example_dags/tutorial_dag.py
[2023-04-16T18:14:35.417+0000] {processor.py:753} INFO - DAG(s) dict_keys(['tutorial_dag']) retrieved from /home/airflow/.local/lib/python3.7/site-packages/airflow/example_dags/tutorial_dag.py
[2023-04-16T18:14:35.464+0000] {logging_mixin.py:137} INFO - [2023-04-16T18:14:35.464+0000] {dag.py:2705} INFO - Sync 1 DAGs
[2023-04-16T18:14:35.502+0000] {logging_mixin.py:137} INFO - [2023-04-16T18:14:35.501+0000] {dag.py:3456} INFO - Setting next_dagrun for tutorial_dag to None, run_after=None
[2023-04-16T18:14:35.530+0000] {processor.py:175} INFO - Processing /home/airflow/.local/lib/python3.7/site-packages/airflow/example_dags/tutorial_dag.py took 0.145 seconds
[2023-04-16T18:15:06.102+0000] {processor.py:153} INFO - Started process (PID=1599) to work on /home/airflow/.local/lib/python3.7/site-packages/airflow/example_dags/tutorial_dag.py
[2023-04-16T18:15:06.103+0000] {processor.py:743} INFO - Processing file /home/airflow/.local/lib/python3.7/site-packages/airflow/example_dags/tutorial_dag.py for tasks to queue
[2023-04-16T18:15:06.104+0000] {logging_mixin.py:137} INFO - [2023-04-16T18:15:06.103+0000] {dagbag.py:532} INFO - Filling up the DagBag from /home/airflow/.local/lib/python3.7/site-packages/airflow/example_dags/tutorial_dag.py
[2023-04-16T18:15:06.121+0000] {processor.py:753} INFO - DAG(s) dict_keys(['tutorial_dag']) retrieved from /home/airflow/.local/lib/python3.7/site-packages/airflow/example_dags/tutorial_dag.py
[2023-04-16T18:15:06.159+0000] {logging_mixin.py:137} INFO - [2023-04-16T18:15:06.159+0000] {dag.py:2705} INFO - Sync 1 DAGs
[2023-04-16T18:15:06.195+0000] {logging_mixin.py:137} INFO - [2023-04-16T18:15:06.194+0000] {dag.py:3456} INFO - Setting next_dagrun for tutorial_dag to None, run_after=None
[2023-04-16T18:15:06.219+0000] {processor.py:175} INFO - Processing /home/airflow/.local/lib/python3.7/site-packages/airflow/example_dags/tutorial_dag.py took 0.124 seconds
[2023-04-16T18:15:36.857+0000] {processor.py:153} INFO - Started process (PID=1649) to work on /home/airflow/.local/lib/python3.7/site-packages/airflow/example_dags/tutorial_dag.py
[2023-04-16T18:15:36.859+0000] {processor.py:743} INFO - Processing file /home/airflow/.local/lib/python3.7/site-packages/airflow/example_dags/tutorial_dag.py for tasks to queue
[2023-04-16T18:15:36.860+0000] {logging_mixin.py:137} INFO - [2023-04-16T18:15:36.860+0000] {dagbag.py:532} INFO - Filling up the DagBag from /home/airflow/.local/lib/python3.7/site-packages/airflow/example_dags/tutorial_dag.py
[2023-04-16T18:15:36.886+0000] {processor.py:753} INFO - DAG(s) dict_keys(['tutorial_dag']) retrieved from /home/airflow/.local/lib/python3.7/site-packages/airflow/example_dags/tutorial_dag.py
[2023-04-16T18:15:36.925+0000] {logging_mixin.py:137} INFO - [2023-04-16T18:15:36.925+0000] {dag.py:2705} INFO - Sync 1 DAGs
[2023-04-16T18:15:36.965+0000] {logging_mixin.py:137} INFO - [2023-04-16T18:15:36.964+0000] {dag.py:3456} INFO - Setting next_dagrun for tutorial_dag to None, run_after=None
[2023-04-16T18:15:36.990+0000] {processor.py:175} INFO - Processing /home/airflow/.local/lib/python3.7/site-packages/airflow/example_dags/tutorial_dag.py took 0.139 seconds
[2023-04-16T18:16:07.551+0000] {processor.py:153} INFO - Started process (PID=1699) to work on /home/airflow/.local/lib/python3.7/site-packages/airflow/example_dags/tutorial_dag.py
[2023-04-16T18:16:07.552+0000] {processor.py:743} INFO - Processing file /home/airflow/.local/lib/python3.7/site-packages/airflow/example_dags/tutorial_dag.py for tasks to queue
[2023-04-16T18:16:07.553+0000] {logging_mixin.py:137} INFO - [2023-04-16T18:16:07.552+0000] {dagbag.py:532} INFO - Filling up the DagBag from /home/airflow/.local/lib/python3.7/site-packages/airflow/example_dags/tutorial_dag.py
[2023-04-16T18:16:07.571+0000] {processor.py:753} INFO - DAG(s) dict_keys(['tutorial_dag']) retrieved from /home/airflow/.local/lib/python3.7/site-packages/airflow/example_dags/tutorial_dag.py
[2023-04-16T18:16:07.611+0000] {logging_mixin.py:137} INFO - [2023-04-16T18:16:07.611+0000] {dag.py:2705} INFO - Sync 1 DAGs
[2023-04-16T18:16:07.657+0000] {logging_mixin.py:137} INFO - [2023-04-16T18:16:07.657+0000] {dag.py:3456} INFO - Setting next_dagrun for tutorial_dag to None, run_after=None
[2023-04-16T18:16:07.682+0000] {processor.py:175} INFO - Processing /home/airflow/.local/lib/python3.7/site-packages/airflow/example_dags/tutorial_dag.py took 0.137 seconds
[2023-04-16T18:16:38.117+0000] {processor.py:153} INFO - Started process (PID=1749) to work on /home/airflow/.local/lib/python3.7/site-packages/airflow/example_dags/tutorial_dag.py
[2023-04-16T18:16:38.119+0000] {processor.py:743} INFO - Processing file /home/airflow/.local/lib/python3.7/site-packages/airflow/example_dags/tutorial_dag.py for tasks to queue
[2023-04-16T18:16:38.120+0000] {logging_mixin.py:137} INFO - [2023-04-16T18:16:38.119+0000] {dagbag.py:532} INFO - Filling up the DagBag from /home/airflow/.local/lib/python3.7/site-packages/airflow/example_dags/tutorial_dag.py
[2023-04-16T18:16:38.138+0000] {processor.py:753} INFO - DAG(s) dict_keys(['tutorial_dag']) retrieved from /home/airflow/.local/lib/python3.7/site-packages/airflow/example_dags/tutorial_dag.py
[2023-04-16T18:16:38.187+0000] {logging_mixin.py:137} INFO - [2023-04-16T18:16:38.186+0000] {dag.py:2705} INFO - Sync 1 DAGs
[2023-04-16T18:16:38.240+0000] {logging_mixin.py:137} INFO - [2023-04-16T18:16:38.239+0000] {dag.py:3456} INFO - Setting next_dagrun for tutorial_dag to None, run_after=None
[2023-04-16T18:16:38.278+0000] {processor.py:175} INFO - Processing /home/airflow/.local/lib/python3.7/site-packages/airflow/example_dags/tutorial_dag.py took 0.167 seconds
[2023-04-16T18:17:08.934+0000] {processor.py:153} INFO - Started process (PID=1799) to work on /home/airflow/.local/lib/python3.7/site-packages/airflow/example_dags/tutorial_dag.py
[2023-04-16T18:17:08.936+0000] {processor.py:743} INFO - Processing file /home/airflow/.local/lib/python3.7/site-packages/airflow/example_dags/tutorial_dag.py for tasks to queue
[2023-04-16T18:17:08.937+0000] {logging_mixin.py:137} INFO - [2023-04-16T18:17:08.937+0000] {dagbag.py:532} INFO - Filling up the DagBag from /home/airflow/.local/lib/python3.7/site-packages/airflow/example_dags/tutorial_dag.py
[2023-04-16T18:17:08.962+0000] {processor.py:753} INFO - DAG(s) dict_keys(['tutorial_dag']) retrieved from /home/airflow/.local/lib/python3.7/site-packages/airflow/example_dags/tutorial_dag.py
[2023-04-16T18:17:09.015+0000] {logging_mixin.py:137} INFO - [2023-04-16T18:17:09.015+0000] {dag.py:2705} INFO - Sync 1 DAGs
[2023-04-16T18:17:09.066+0000] {logging_mixin.py:137} INFO - [2023-04-16T18:17:09.066+0000] {dag.py:3456} INFO - Setting next_dagrun for tutorial_dag to None, run_after=None
[2023-04-16T18:17:09.105+0000] {processor.py:175} INFO - Processing /home/airflow/.local/lib/python3.7/site-packages/airflow/example_dags/tutorial_dag.py took 0.178 seconds
[2023-04-16T18:17:39.779+0000] {processor.py:153} INFO - Started process (PID=1856) to work on /home/airflow/.local/lib/python3.7/site-packages/airflow/example_dags/tutorial_dag.py
[2023-04-16T18:17:39.780+0000] {processor.py:743} INFO - Processing file /home/airflow/.local/lib/python3.7/site-packages/airflow/example_dags/tutorial_dag.py for tasks to queue
[2023-04-16T18:17:39.781+0000] {logging_mixin.py:137} INFO - [2023-04-16T18:17:39.781+0000] {dagbag.py:532} INFO - Filling up the DagBag from /home/airflow/.local/lib/python3.7/site-packages/airflow/example_dags/tutorial_dag.py
[2023-04-16T18:17:39.800+0000] {processor.py:753} INFO - DAG(s) dict_keys(['tutorial_dag']) retrieved from /home/airflow/.local/lib/python3.7/site-packages/airflow/example_dags/tutorial_dag.py
[2023-04-16T18:17:39.837+0000] {logging_mixin.py:137} INFO - [2023-04-16T18:17:39.837+0000] {dag.py:2705} INFO - Sync 1 DAGs
[2023-04-16T18:17:39.880+0000] {logging_mixin.py:137} INFO - [2023-04-16T18:17:39.880+0000] {dag.py:3456} INFO - Setting next_dagrun for tutorial_dag to None, run_after=None
[2023-04-16T18:17:39.906+0000] {processor.py:175} INFO - Processing /home/airflow/.local/lib/python3.7/site-packages/airflow/example_dags/tutorial_dag.py took 0.132 seconds
[2023-04-16T18:18:10.436+0000] {processor.py:153} INFO - Started process (PID=1906) to work on /home/airflow/.local/lib/python3.7/site-packages/airflow/example_dags/tutorial_dag.py
[2023-04-16T18:18:10.438+0000] {processor.py:743} INFO - Processing file /home/airflow/.local/lib/python3.7/site-packages/airflow/example_dags/tutorial_dag.py for tasks to queue
[2023-04-16T18:18:10.438+0000] {logging_mixin.py:137} INFO - [2023-04-16T18:18:10.438+0000] {dagbag.py:532} INFO - Filling up the DagBag from /home/airflow/.local/lib/python3.7/site-packages/airflow/example_dags/tutorial_dag.py
[2023-04-16T18:18:10.458+0000] {processor.py:753} INFO - DAG(s) dict_keys(['tutorial_dag']) retrieved from /home/airflow/.local/lib/python3.7/site-packages/airflow/example_dags/tutorial_dag.py
[2023-04-16T18:18:10.496+0000] {logging_mixin.py:137} INFO - [2023-04-16T18:18:10.495+0000] {dag.py:2705} INFO - Sync 1 DAGs
[2023-04-16T18:18:10.539+0000] {logging_mixin.py:137} INFO - [2023-04-16T18:18:10.539+0000] {dag.py:3456} INFO - Setting next_dagrun for tutorial_dag to None, run_after=None
[2023-04-16T18:18:10.564+0000] {processor.py:175} INFO - Processing /home/airflow/.local/lib/python3.7/site-packages/airflow/example_dags/tutorial_dag.py took 0.133 seconds
[2023-04-16T18:18:41.261+0000] {processor.py:153} INFO - Started process (PID=1956) to work on /home/airflow/.local/lib/python3.7/site-packages/airflow/example_dags/tutorial_dag.py
[2023-04-16T18:18:41.262+0000] {processor.py:743} INFO - Processing file /home/airflow/.local/lib/python3.7/site-packages/airflow/example_dags/tutorial_dag.py for tasks to queue
[2023-04-16T18:18:41.263+0000] {logging_mixin.py:137} INFO - [2023-04-16T18:18:41.263+0000] {dagbag.py:532} INFO - Filling up the DagBag from /home/airflow/.local/lib/python3.7/site-packages/airflow/example_dags/tutorial_dag.py
[2023-04-16T18:18:41.287+0000] {processor.py:753} INFO - DAG(s) dict_keys(['tutorial_dag']) retrieved from /home/airflow/.local/lib/python3.7/site-packages/airflow/example_dags/tutorial_dag.py
[2023-04-16T18:18:41.333+0000] {logging_mixin.py:137} INFO - [2023-04-16T18:18:41.333+0000] {dag.py:2705} INFO - Sync 1 DAGs
[2023-04-16T18:18:41.376+0000] {logging_mixin.py:137} INFO - [2023-04-16T18:18:41.375+0000] {dag.py:3456} INFO - Setting next_dagrun for tutorial_dag to None, run_after=None
[2023-04-16T18:18:41.400+0000] {processor.py:175} INFO - Processing /home/airflow/.local/lib/python3.7/site-packages/airflow/example_dags/tutorial_dag.py took 0.145 seconds
[2023-04-16T18:19:11.914+0000] {processor.py:153} INFO - Started process (PID=2006) to work on /home/airflow/.local/lib/python3.7/site-packages/airflow/example_dags/tutorial_dag.py
[2023-04-16T18:19:11.916+0000] {processor.py:743} INFO - Processing file /home/airflow/.local/lib/python3.7/site-packages/airflow/example_dags/tutorial_dag.py for tasks to queue
[2023-04-16T18:19:11.917+0000] {logging_mixin.py:137} INFO - [2023-04-16T18:19:11.916+0000] {dagbag.py:532} INFO - Filling up the DagBag from /home/airflow/.local/lib/python3.7/site-packages/airflow/example_dags/tutorial_dag.py
[2023-04-16T18:19:11.936+0000] {processor.py:753} INFO - DAG(s) dict_keys(['tutorial_dag']) retrieved from /home/airflow/.local/lib/python3.7/site-packages/airflow/example_dags/tutorial_dag.py
[2023-04-16T18:19:11.985+0000] {logging_mixin.py:137} INFO - [2023-04-16T18:19:11.985+0000] {dag.py:2705} INFO - Sync 1 DAGs
[2023-04-16T18:19:12.033+0000] {logging_mixin.py:137} INFO - [2023-04-16T18:19:12.033+0000] {dag.py:3456} INFO - Setting next_dagrun for tutorial_dag to None, run_after=None
[2023-04-16T18:19:12.065+0000] {processor.py:175} INFO - Processing /home/airflow/.local/lib/python3.7/site-packages/airflow/example_dags/tutorial_dag.py took 0.156 seconds
[2023-04-16T18:19:42.666+0000] {processor.py:153} INFO - Started process (PID=2056) to work on /home/airflow/.local/lib/python3.7/site-packages/airflow/example_dags/tutorial_dag.py
[2023-04-16T18:19:42.667+0000] {processor.py:743} INFO - Processing file /home/airflow/.local/lib/python3.7/site-packages/airflow/example_dags/tutorial_dag.py for tasks to queue
[2023-04-16T18:19:42.668+0000] {logging_mixin.py:137} INFO - [2023-04-16T18:19:42.668+0000] {dagbag.py:532} INFO - Filling up the DagBag from /home/airflow/.local/lib/python3.7/site-packages/airflow/example_dags/tutorial_dag.py
[2023-04-16T18:19:42.687+0000] {processor.py:753} INFO - DAG(s) dict_keys(['tutorial_dag']) retrieved from /home/airflow/.local/lib/python3.7/site-packages/airflow/example_dags/tutorial_dag.py
[2023-04-16T18:19:42.735+0000] {logging_mixin.py:137} INFO - [2023-04-16T18:19:42.735+0000] {dag.py:2705} INFO - Sync 1 DAGs
[2023-04-16T18:19:42.777+0000] {logging_mixin.py:137} INFO - [2023-04-16T18:19:42.777+0000] {dag.py:3456} INFO - Setting next_dagrun for tutorial_dag to None, run_after=None
[2023-04-16T18:19:42.802+0000] {processor.py:175} INFO - Processing /home/airflow/.local/lib/python3.7/site-packages/airflow/example_dags/tutorial_dag.py took 0.141 seconds
[2023-04-16T18:20:13.347+0000] {processor.py:153} INFO - Started process (PID=2106) to work on /home/airflow/.local/lib/python3.7/site-packages/airflow/example_dags/tutorial_dag.py
[2023-04-16T18:20:13.349+0000] {processor.py:743} INFO - Processing file /home/airflow/.local/lib/python3.7/site-packages/airflow/example_dags/tutorial_dag.py for tasks to queue
[2023-04-16T18:20:13.350+0000] {logging_mixin.py:137} INFO - [2023-04-16T18:20:13.350+0000] {dagbag.py:532} INFO - Filling up the DagBag from /home/airflow/.local/lib/python3.7/site-packages/airflow/example_dags/tutorial_dag.py
[2023-04-16T18:20:13.372+0000] {processor.py:753} INFO - DAG(s) dict_keys(['tutorial_dag']) retrieved from /home/airflow/.local/lib/python3.7/site-packages/airflow/example_dags/tutorial_dag.py
[2023-04-16T18:20:13.413+0000] {logging_mixin.py:137} INFO - [2023-04-16T18:20:13.413+0000] {dag.py:2705} INFO - Sync 1 DAGs
[2023-04-16T18:20:13.450+0000] {logging_mixin.py:137} INFO - [2023-04-16T18:20:13.449+0000] {dag.py:3456} INFO - Setting next_dagrun for tutorial_dag to None, run_after=None
[2023-04-16T18:20:13.475+0000] {processor.py:175} INFO - Processing /home/airflow/.local/lib/python3.7/site-packages/airflow/example_dags/tutorial_dag.py took 0.133 seconds
[2023-04-16T18:20:43.930+0000] {processor.py:153} INFO - Started process (PID=2157) to work on /home/airflow/.local/lib/python3.7/site-packages/airflow/example_dags/tutorial_dag.py
[2023-04-16T18:20:43.932+0000] {processor.py:743} INFO - Processing file /home/airflow/.local/lib/python3.7/site-packages/airflow/example_dags/tutorial_dag.py for tasks to queue
[2023-04-16T18:20:43.933+0000] {logging_mixin.py:137} INFO - [2023-04-16T18:20:43.932+0000] {dagbag.py:532} INFO - Filling up the DagBag from /home/airflow/.local/lib/python3.7/site-packages/airflow/example_dags/tutorial_dag.py
[2023-04-16T18:20:43.952+0000] {processor.py:753} INFO - DAG(s) dict_keys(['tutorial_dag']) retrieved from /home/airflow/.local/lib/python3.7/site-packages/airflow/example_dags/tutorial_dag.py
[2023-04-16T18:20:44.003+0000] {logging_mixin.py:137} INFO - [2023-04-16T18:20:44.001+0000] {dag.py:2705} INFO - Sync 1 DAGs
[2023-04-16T18:20:44.053+0000] {logging_mixin.py:137} INFO - [2023-04-16T18:20:44.053+0000] {dag.py:3456} INFO - Setting next_dagrun for tutorial_dag to None, run_after=None
[2023-04-16T18:20:44.087+0000] {processor.py:175} INFO - Processing /home/airflow/.local/lib/python3.7/site-packages/airflow/example_dags/tutorial_dag.py took 0.163 seconds
[2023-04-16T18:21:14.676+0000] {processor.py:153} INFO - Started process (PID=2207) to work on /home/airflow/.local/lib/python3.7/site-packages/airflow/example_dags/tutorial_dag.py
[2023-04-16T18:21:14.678+0000] {processor.py:743} INFO - Processing file /home/airflow/.local/lib/python3.7/site-packages/airflow/example_dags/tutorial_dag.py for tasks to queue
[2023-04-16T18:21:14.678+0000] {logging_mixin.py:137} INFO - [2023-04-16T18:21:14.678+0000] {dagbag.py:532} INFO - Filling up the DagBag from /home/airflow/.local/lib/python3.7/site-packages/airflow/example_dags/tutorial_dag.py
[2023-04-16T18:21:14.700+0000] {processor.py:753} INFO - DAG(s) dict_keys(['tutorial_dag']) retrieved from /home/airflow/.local/lib/python3.7/site-packages/airflow/example_dags/tutorial_dag.py
[2023-04-16T18:21:14.743+0000] {logging_mixin.py:137} INFO - [2023-04-16T18:21:14.743+0000] {dag.py:2705} INFO - Sync 1 DAGs
[2023-04-16T18:21:14.789+0000] {logging_mixin.py:137} INFO - [2023-04-16T18:21:14.789+0000] {dag.py:3456} INFO - Setting next_dagrun for tutorial_dag to None, run_after=None
[2023-04-16T18:21:14.817+0000] {processor.py:175} INFO - Processing /home/airflow/.local/lib/python3.7/site-packages/airflow/example_dags/tutorial_dag.py took 0.148 seconds
[2023-04-16T18:21:44.940+0000] {processor.py:153} INFO - Started process (PID=2257) to work on /home/airflow/.local/lib/python3.7/site-packages/airflow/example_dags/tutorial_dag.py
[2023-04-16T18:21:44.941+0000] {processor.py:743} INFO - Processing file /home/airflow/.local/lib/python3.7/site-packages/airflow/example_dags/tutorial_dag.py for tasks to queue
[2023-04-16T18:21:44.942+0000] {logging_mixin.py:137} INFO - [2023-04-16T18:21:44.942+0000] {dagbag.py:532} INFO - Filling up the DagBag from /home/airflow/.local/lib/python3.7/site-packages/airflow/example_dags/tutorial_dag.py
[2023-04-16T18:21:44.968+0000] {processor.py:753} INFO - DAG(s) dict_keys(['tutorial_dag']) retrieved from /home/airflow/.local/lib/python3.7/site-packages/airflow/example_dags/tutorial_dag.py
[2023-04-16T18:21:45.010+0000] {logging_mixin.py:137} INFO - [2023-04-16T18:21:45.009+0000] {dag.py:2705} INFO - Sync 1 DAGs
[2023-04-16T18:21:45.054+0000] {logging_mixin.py:137} INFO - [2023-04-16T18:21:45.054+0000] {dag.py:3456} INFO - Setting next_dagrun for tutorial_dag to None, run_after=None
[2023-04-16T18:21:45.093+0000] {processor.py:175} INFO - Processing /home/airflow/.local/lib/python3.7/site-packages/airflow/example_dags/tutorial_dag.py took 0.158 seconds
[2023-04-16T18:22:15.248+0000] {processor.py:153} INFO - Started process (PID=2307) to work on /home/airflow/.local/lib/python3.7/site-packages/airflow/example_dags/tutorial_dag.py
[2023-04-16T18:22:15.250+0000] {processor.py:743} INFO - Processing file /home/airflow/.local/lib/python3.7/site-packages/airflow/example_dags/tutorial_dag.py for tasks to queue
[2023-04-16T18:22:15.251+0000] {logging_mixin.py:137} INFO - [2023-04-16T18:22:15.251+0000] {dagbag.py:532} INFO - Filling up the DagBag from /home/airflow/.local/lib/python3.7/site-packages/airflow/example_dags/tutorial_dag.py
[2023-04-16T18:22:15.273+0000] {processor.py:753} INFO - DAG(s) dict_keys(['tutorial_dag']) retrieved from /home/airflow/.local/lib/python3.7/site-packages/airflow/example_dags/tutorial_dag.py
[2023-04-16T18:22:15.311+0000] {logging_mixin.py:137} INFO - [2023-04-16T18:22:15.311+0000] {dag.py:2705} INFO - Sync 1 DAGs
[2023-04-16T18:22:15.352+0000] {logging_mixin.py:137} INFO - [2023-04-16T18:22:15.352+0000] {dag.py:3456} INFO - Setting next_dagrun for tutorial_dag to None, run_after=None
[2023-04-16T18:22:15.386+0000] {processor.py:175} INFO - Processing /home/airflow/.local/lib/python3.7/site-packages/airflow/example_dags/tutorial_dag.py took 0.143 seconds
[2023-04-16T18:22:45.506+0000] {processor.py:153} INFO - Started process (PID=2357) to work on /home/airflow/.local/lib/python3.7/site-packages/airflow/example_dags/tutorial_dag.py
[2023-04-16T18:22:45.507+0000] {processor.py:743} INFO - Processing file /home/airflow/.local/lib/python3.7/site-packages/airflow/example_dags/tutorial_dag.py for tasks to queue
[2023-04-16T18:22:45.508+0000] {logging_mixin.py:137} INFO - [2023-04-16T18:22:45.508+0000] {dagbag.py:532} INFO - Filling up the DagBag from /home/airflow/.local/lib/python3.7/site-packages/airflow/example_dags/tutorial_dag.py
[2023-04-16T18:22:45.529+0000] {processor.py:753} INFO - DAG(s) dict_keys(['tutorial_dag']) retrieved from /home/airflow/.local/lib/python3.7/site-packages/airflow/example_dags/tutorial_dag.py
[2023-04-16T18:22:45.567+0000] {logging_mixin.py:137} INFO - [2023-04-16T18:22:45.566+0000] {dag.py:2705} INFO - Sync 1 DAGs
[2023-04-16T18:22:45.604+0000] {logging_mixin.py:137} INFO - [2023-04-16T18:22:45.603+0000] {dag.py:3456} INFO - Setting next_dagrun for tutorial_dag to None, run_after=None
[2023-04-16T18:22:45.628+0000] {processor.py:175} INFO - Processing /home/airflow/.local/lib/python3.7/site-packages/airflow/example_dags/tutorial_dag.py took 0.127 seconds
[2023-04-16T18:23:16.095+0000] {processor.py:153} INFO - Started process (PID=2407) to work on /home/airflow/.local/lib/python3.7/site-packages/airflow/example_dags/tutorial_dag.py
[2023-04-16T18:23:16.096+0000] {processor.py:743} INFO - Processing file /home/airflow/.local/lib/python3.7/site-packages/airflow/example_dags/tutorial_dag.py for tasks to queue
[2023-04-16T18:23:16.098+0000] {logging_mixin.py:137} INFO - [2023-04-16T18:23:16.098+0000] {dagbag.py:532} INFO - Filling up the DagBag from /home/airflow/.local/lib/python3.7/site-packages/airflow/example_dags/tutorial_dag.py
[2023-04-16T18:23:16.116+0000] {processor.py:753} INFO - DAG(s) dict_keys(['tutorial_dag']) retrieved from /home/airflow/.local/lib/python3.7/site-packages/airflow/example_dags/tutorial_dag.py
[2023-04-16T18:23:16.155+0000] {logging_mixin.py:137} INFO - [2023-04-16T18:23:16.154+0000] {dag.py:2705} INFO - Sync 1 DAGs
[2023-04-16T18:23:16.192+0000] {logging_mixin.py:137} INFO - [2023-04-16T18:23:16.192+0000] {dag.py:3456} INFO - Setting next_dagrun for tutorial_dag to None, run_after=None
[2023-04-16T18:23:16.218+0000] {processor.py:175} INFO - Processing /home/airflow/.local/lib/python3.7/site-packages/airflow/example_dags/tutorial_dag.py took 0.129 seconds
[2023-04-16T18:23:46.298+0000] {processor.py:153} INFO - Started process (PID=2457) to work on /home/airflow/.local/lib/python3.7/site-packages/airflow/example_dags/tutorial_dag.py
[2023-04-16T18:23:46.299+0000] {processor.py:743} INFO - Processing file /home/airflow/.local/lib/python3.7/site-packages/airflow/example_dags/tutorial_dag.py for tasks to queue
[2023-04-16T18:23:46.300+0000] {logging_mixin.py:137} INFO - [2023-04-16T18:23:46.300+0000] {dagbag.py:532} INFO - Filling up the DagBag from /home/airflow/.local/lib/python3.7/site-packages/airflow/example_dags/tutorial_dag.py
[2023-04-16T18:23:46.319+0000] {processor.py:753} INFO - DAG(s) dict_keys(['tutorial_dag']) retrieved from /home/airflow/.local/lib/python3.7/site-packages/airflow/example_dags/tutorial_dag.py
[2023-04-16T18:23:46.357+0000] {logging_mixin.py:137} INFO - [2023-04-16T18:23:46.356+0000] {dag.py:2705} INFO - Sync 1 DAGs
[2023-04-16T18:23:46.393+0000] {logging_mixin.py:137} INFO - [2023-04-16T18:23:46.392+0000] {dag.py:3456} INFO - Setting next_dagrun for tutorial_dag to None, run_after=None
[2023-04-16T18:23:46.418+0000] {processor.py:175} INFO - Processing /home/airflow/.local/lib/python3.7/site-packages/airflow/example_dags/tutorial_dag.py took 0.125 seconds
[2023-04-16T18:24:16.781+0000] {processor.py:153} INFO - Started process (PID=2507) to work on /home/airflow/.local/lib/python3.7/site-packages/airflow/example_dags/tutorial_dag.py
[2023-04-16T18:24:16.783+0000] {processor.py:743} INFO - Processing file /home/airflow/.local/lib/python3.7/site-packages/airflow/example_dags/tutorial_dag.py for tasks to queue
[2023-04-16T18:24:16.784+0000] {logging_mixin.py:137} INFO - [2023-04-16T18:24:16.784+0000] {dagbag.py:532} INFO - Filling up the DagBag from /home/airflow/.local/lib/python3.7/site-packages/airflow/example_dags/tutorial_dag.py
[2023-04-16T18:24:16.806+0000] {processor.py:753} INFO - DAG(s) dict_keys(['tutorial_dag']) retrieved from /home/airflow/.local/lib/python3.7/site-packages/airflow/example_dags/tutorial_dag.py
[2023-04-16T18:24:16.846+0000] {logging_mixin.py:137} INFO - [2023-04-16T18:24:16.846+0000] {dag.py:2705} INFO - Sync 1 DAGs
[2023-04-16T18:24:16.882+0000] {logging_mixin.py:137} INFO - [2023-04-16T18:24:16.881+0000] {dag.py:3456} INFO - Setting next_dagrun for tutorial_dag to None, run_after=None
[2023-04-16T18:24:16.906+0000] {processor.py:175} INFO - Processing /home/airflow/.local/lib/python3.7/site-packages/airflow/example_dags/tutorial_dag.py took 0.131 seconds
[2023-04-16T18:24:47.048+0000] {processor.py:153} INFO - Started process (PID=2557) to work on /home/airflow/.local/lib/python3.7/site-packages/airflow/example_dags/tutorial_dag.py
[2023-04-16T18:24:47.049+0000] {processor.py:743} INFO - Processing file /home/airflow/.local/lib/python3.7/site-packages/airflow/example_dags/tutorial_dag.py for tasks to queue
[2023-04-16T18:24:47.050+0000] {logging_mixin.py:137} INFO - [2023-04-16T18:24:47.050+0000] {dagbag.py:532} INFO - Filling up the DagBag from /home/airflow/.local/lib/python3.7/site-packages/airflow/example_dags/tutorial_dag.py
[2023-04-16T18:24:47.069+0000] {processor.py:753} INFO - DAG(s) dict_keys(['tutorial_dag']) retrieved from /home/airflow/.local/lib/python3.7/site-packages/airflow/example_dags/tutorial_dag.py
[2023-04-16T18:24:47.117+0000] {logging_mixin.py:137} INFO - [2023-04-16T18:24:47.116+0000] {dag.py:2705} INFO - Sync 1 DAGs
[2023-04-16T18:24:47.158+0000] {logging_mixin.py:137} INFO - [2023-04-16T18:24:47.157+0000] {dag.py:3456} INFO - Setting next_dagrun for tutorial_dag to None, run_after=None
[2023-04-16T18:24:47.182+0000] {processor.py:175} INFO - Processing /home/airflow/.local/lib/python3.7/site-packages/airflow/example_dags/tutorial_dag.py took 0.139 seconds
[2023-04-16T18:25:17.825+0000] {processor.py:153} INFO - Started process (PID=2606) to work on /home/airflow/.local/lib/python3.7/site-packages/airflow/example_dags/tutorial_dag.py
[2023-04-16T18:25:17.826+0000] {processor.py:743} INFO - Processing file /home/airflow/.local/lib/python3.7/site-packages/airflow/example_dags/tutorial_dag.py for tasks to queue
[2023-04-16T18:25:17.827+0000] {logging_mixin.py:137} INFO - [2023-04-16T18:25:17.827+0000] {dagbag.py:532} INFO - Filling up the DagBag from /home/airflow/.local/lib/python3.7/site-packages/airflow/example_dags/tutorial_dag.py
[2023-04-16T18:25:17.844+0000] {processor.py:753} INFO - DAG(s) dict_keys(['tutorial_dag']) retrieved from /home/airflow/.local/lib/python3.7/site-packages/airflow/example_dags/tutorial_dag.py
[2023-04-16T18:25:17.885+0000] {logging_mixin.py:137} INFO - [2023-04-16T18:25:17.884+0000] {dag.py:2705} INFO - Sync 1 DAGs
[2023-04-16T18:25:17.938+0000] {logging_mixin.py:137} INFO - [2023-04-16T18:25:17.937+0000] {dag.py:3456} INFO - Setting next_dagrun for tutorial_dag to None, run_after=None
[2023-04-16T18:25:17.967+0000] {processor.py:175} INFO - Processing /home/airflow/.local/lib/python3.7/site-packages/airflow/example_dags/tutorial_dag.py took 0.148 seconds
[2023-04-16T18:25:48.509+0000] {processor.py:153} INFO - Started process (PID=2657) to work on /home/airflow/.local/lib/python3.7/site-packages/airflow/example_dags/tutorial_dag.py
[2023-04-16T18:25:48.510+0000] {processor.py:743} INFO - Processing file /home/airflow/.local/lib/python3.7/site-packages/airflow/example_dags/tutorial_dag.py for tasks to queue
[2023-04-16T18:25:48.511+0000] {logging_mixin.py:137} INFO - [2023-04-16T18:25:48.511+0000] {dagbag.py:532} INFO - Filling up the DagBag from /home/airflow/.local/lib/python3.7/site-packages/airflow/example_dags/tutorial_dag.py
[2023-04-16T18:25:48.529+0000] {processor.py:753} INFO - DAG(s) dict_keys(['tutorial_dag']) retrieved from /home/airflow/.local/lib/python3.7/site-packages/airflow/example_dags/tutorial_dag.py
[2023-04-16T18:25:48.576+0000] {logging_mixin.py:137} INFO - [2023-04-16T18:25:48.575+0000] {dag.py:2705} INFO - Sync 1 DAGs
[2023-04-16T18:25:48.632+0000] {logging_mixin.py:137} INFO - [2023-04-16T18:25:48.632+0000] {dag.py:3456} INFO - Setting next_dagrun for tutorial_dag to None, run_after=None
[2023-04-16T18:25:48.658+0000] {processor.py:175} INFO - Processing /home/airflow/.local/lib/python3.7/site-packages/airflow/example_dags/tutorial_dag.py took 0.154 seconds
[2023-04-16T18:26:19.215+0000] {processor.py:153} INFO - Started process (PID=2706) to work on /home/airflow/.local/lib/python3.7/site-packages/airflow/example_dags/tutorial_dag.py
[2023-04-16T18:26:19.217+0000] {processor.py:743} INFO - Processing file /home/airflow/.local/lib/python3.7/site-packages/airflow/example_dags/tutorial_dag.py for tasks to queue
[2023-04-16T18:26:19.218+0000] {logging_mixin.py:137} INFO - [2023-04-16T18:26:19.218+0000] {dagbag.py:532} INFO - Filling up the DagBag from /home/airflow/.local/lib/python3.7/site-packages/airflow/example_dags/tutorial_dag.py
[2023-04-16T18:26:19.247+0000] {processor.py:753} INFO - DAG(s) dict_keys(['tutorial_dag']) retrieved from /home/airflow/.local/lib/python3.7/site-packages/airflow/example_dags/tutorial_dag.py
[2023-04-16T18:26:19.289+0000] {logging_mixin.py:137} INFO - [2023-04-16T18:26:19.289+0000] {dag.py:2705} INFO - Sync 1 DAGs
[2023-04-16T18:26:19.334+0000] {logging_mixin.py:137} INFO - [2023-04-16T18:26:19.334+0000] {dag.py:3456} INFO - Setting next_dagrun for tutorial_dag to None, run_after=None
[2023-04-16T18:26:19.362+0000] {processor.py:175} INFO - Processing /home/airflow/.local/lib/python3.7/site-packages/airflow/example_dags/tutorial_dag.py took 0.153 seconds
[2023-04-16T18:26:50.011+0000] {processor.py:153} INFO - Started process (PID=2756) to work on /home/airflow/.local/lib/python3.7/site-packages/airflow/example_dags/tutorial_dag.py
[2023-04-16T18:26:50.012+0000] {processor.py:743} INFO - Processing file /home/airflow/.local/lib/python3.7/site-packages/airflow/example_dags/tutorial_dag.py for tasks to queue
[2023-04-16T18:26:50.013+0000] {logging_mixin.py:137} INFO - [2023-04-16T18:26:50.013+0000] {dagbag.py:532} INFO - Filling up the DagBag from /home/airflow/.local/lib/python3.7/site-packages/airflow/example_dags/tutorial_dag.py
[2023-04-16T18:26:50.032+0000] {processor.py:753} INFO - DAG(s) dict_keys(['tutorial_dag']) retrieved from /home/airflow/.local/lib/python3.7/site-packages/airflow/example_dags/tutorial_dag.py
[2023-04-16T18:26:50.075+0000] {logging_mixin.py:137} INFO - [2023-04-16T18:26:50.075+0000] {dag.py:2705} INFO - Sync 1 DAGs
[2023-04-16T18:26:50.114+0000] {logging_mixin.py:137} INFO - [2023-04-16T18:26:50.114+0000] {dag.py:3456} INFO - Setting next_dagrun for tutorial_dag to None, run_after=None
[2023-04-16T18:26:50.139+0000] {processor.py:175} INFO - Processing /home/airflow/.local/lib/python3.7/site-packages/airflow/example_dags/tutorial_dag.py took 0.135 seconds
[2023-04-16T18:27:20.743+0000] {processor.py:153} INFO - Started process (PID=2806) to work on /home/airflow/.local/lib/python3.7/site-packages/airflow/example_dags/tutorial_dag.py
[2023-04-16T18:27:20.745+0000] {processor.py:743} INFO - Processing file /home/airflow/.local/lib/python3.7/site-packages/airflow/example_dags/tutorial_dag.py for tasks to queue
[2023-04-16T18:27:20.746+0000] {logging_mixin.py:137} INFO - [2023-04-16T18:27:20.746+0000] {dagbag.py:532} INFO - Filling up the DagBag from /home/airflow/.local/lib/python3.7/site-packages/airflow/example_dags/tutorial_dag.py
[2023-04-16T18:27:20.772+0000] {processor.py:753} INFO - DAG(s) dict_keys(['tutorial_dag']) retrieved from /home/airflow/.local/lib/python3.7/site-packages/airflow/example_dags/tutorial_dag.py
[2023-04-16T18:27:20.824+0000] {logging_mixin.py:137} INFO - [2023-04-16T18:27:20.824+0000] {dag.py:2705} INFO - Sync 1 DAGs
[2023-04-16T18:27:20.875+0000] {logging_mixin.py:137} INFO - [2023-04-16T18:27:20.875+0000] {dag.py:3456} INFO - Setting next_dagrun for tutorial_dag to None, run_after=None
[2023-04-16T18:27:20.900+0000] {processor.py:175} INFO - Processing /home/airflow/.local/lib/python3.7/site-packages/airflow/example_dags/tutorial_dag.py took 0.162 seconds
[2023-04-16T18:27:51.436+0000] {processor.py:153} INFO - Started process (PID=2857) to work on /home/airflow/.local/lib/python3.7/site-packages/airflow/example_dags/tutorial_dag.py
[2023-04-16T18:27:51.437+0000] {processor.py:743} INFO - Processing file /home/airflow/.local/lib/python3.7/site-packages/airflow/example_dags/tutorial_dag.py for tasks to queue
[2023-04-16T18:27:51.438+0000] {logging_mixin.py:137} INFO - [2023-04-16T18:27:51.438+0000] {dagbag.py:532} INFO - Filling up the DagBag from /home/airflow/.local/lib/python3.7/site-packages/airflow/example_dags/tutorial_dag.py
[2023-04-16T18:27:51.457+0000] {processor.py:753} INFO - DAG(s) dict_keys(['tutorial_dag']) retrieved from /home/airflow/.local/lib/python3.7/site-packages/airflow/example_dags/tutorial_dag.py
[2023-04-16T18:27:51.503+0000] {logging_mixin.py:137} INFO - [2023-04-16T18:27:51.503+0000] {dag.py:2705} INFO - Sync 1 DAGs
[2023-04-16T18:27:51.540+0000] {logging_mixin.py:137} INFO - [2023-04-16T18:27:51.540+0000] {dag.py:3456} INFO - Setting next_dagrun for tutorial_dag to None, run_after=None
[2023-04-16T18:27:51.567+0000] {processor.py:175} INFO - Processing /home/airflow/.local/lib/python3.7/site-packages/airflow/example_dags/tutorial_dag.py took 0.138 seconds
[2023-04-16T18:28:21.991+0000] {processor.py:153} INFO - Started process (PID=2907) to work on /home/airflow/.local/lib/python3.7/site-packages/airflow/example_dags/tutorial_dag.py
[2023-04-16T18:28:21.994+0000] {processor.py:743} INFO - Processing file /home/airflow/.local/lib/python3.7/site-packages/airflow/example_dags/tutorial_dag.py for tasks to queue
[2023-04-16T18:28:21.995+0000] {logging_mixin.py:137} INFO - [2023-04-16T18:28:21.995+0000] {dagbag.py:532} INFO - Filling up the DagBag from /home/airflow/.local/lib/python3.7/site-packages/airflow/example_dags/tutorial_dag.py
[2023-04-16T18:28:22.021+0000] {processor.py:753} INFO - DAG(s) dict_keys(['tutorial_dag']) retrieved from /home/airflow/.local/lib/python3.7/site-packages/airflow/example_dags/tutorial_dag.py
[2023-04-16T18:28:22.067+0000] {logging_mixin.py:137} INFO - [2023-04-16T18:28:22.066+0000] {dag.py:2705} INFO - Sync 1 DAGs
[2023-04-16T18:28:22.116+0000] {logging_mixin.py:137} INFO - [2023-04-16T18:28:22.116+0000] {dag.py:3456} INFO - Setting next_dagrun for tutorial_dag to None, run_after=None
[2023-04-16T18:28:22.153+0000] {processor.py:175} INFO - Processing /home/airflow/.local/lib/python3.7/site-packages/airflow/example_dags/tutorial_dag.py took 0.169 seconds
[2023-04-16T18:28:52.774+0000] {processor.py:153} INFO - Started process (PID=2957) to work on /home/airflow/.local/lib/python3.7/site-packages/airflow/example_dags/tutorial_dag.py
[2023-04-16T18:28:52.776+0000] {processor.py:743} INFO - Processing file /home/airflow/.local/lib/python3.7/site-packages/airflow/example_dags/tutorial_dag.py for tasks to queue
[2023-04-16T18:28:52.777+0000] {logging_mixin.py:137} INFO - [2023-04-16T18:28:52.777+0000] {dagbag.py:532} INFO - Filling up the DagBag from /home/airflow/.local/lib/python3.7/site-packages/airflow/example_dags/tutorial_dag.py
[2023-04-16T18:28:52.795+0000] {processor.py:753} INFO - DAG(s) dict_keys(['tutorial_dag']) retrieved from /home/airflow/.local/lib/python3.7/site-packages/airflow/example_dags/tutorial_dag.py
[2023-04-16T18:28:52.833+0000] {logging_mixin.py:137} INFO - [2023-04-16T18:28:52.832+0000] {dag.py:2705} INFO - Sync 1 DAGs
[2023-04-16T18:28:52.878+0000] {logging_mixin.py:137} INFO - [2023-04-16T18:28:52.878+0000] {dag.py:3456} INFO - Setting next_dagrun for tutorial_dag to None, run_after=None
[2023-04-16T18:28:52.905+0000] {processor.py:175} INFO - Processing /home/airflow/.local/lib/python3.7/site-packages/airflow/example_dags/tutorial_dag.py took 0.136 seconds
[2023-04-16T18:29:23.426+0000] {processor.py:153} INFO - Started process (PID=3008) to work on /home/airflow/.local/lib/python3.7/site-packages/airflow/example_dags/tutorial_dag.py
[2023-04-16T18:29:23.428+0000] {processor.py:743} INFO - Processing file /home/airflow/.local/lib/python3.7/site-packages/airflow/example_dags/tutorial_dag.py for tasks to queue
[2023-04-16T18:29:23.429+0000] {logging_mixin.py:137} INFO - [2023-04-16T18:29:23.429+0000] {dagbag.py:532} INFO - Filling up the DagBag from /home/airflow/.local/lib/python3.7/site-packages/airflow/example_dags/tutorial_dag.py
[2023-04-16T18:29:23.450+0000] {processor.py:753} INFO - DAG(s) dict_keys(['tutorial_dag']) retrieved from /home/airflow/.local/lib/python3.7/site-packages/airflow/example_dags/tutorial_dag.py
[2023-04-16T18:29:23.489+0000] {logging_mixin.py:137} INFO - [2023-04-16T18:29:23.489+0000] {dag.py:2705} INFO - Sync 1 DAGs
[2023-04-16T18:29:23.527+0000] {logging_mixin.py:137} INFO - [2023-04-16T18:29:23.527+0000] {dag.py:3456} INFO - Setting next_dagrun for tutorial_dag to None, run_after=None
[2023-04-16T18:29:23.554+0000] {processor.py:175} INFO - Processing /home/airflow/.local/lib/python3.7/site-packages/airflow/example_dags/tutorial_dag.py took 0.133 seconds
[2023-04-16T18:29:53.971+0000] {processor.py:153} INFO - Started process (PID=3059) to work on /home/airflow/.local/lib/python3.7/site-packages/airflow/example_dags/tutorial_dag.py
[2023-04-16T18:29:53.972+0000] {processor.py:743} INFO - Processing file /home/airflow/.local/lib/python3.7/site-packages/airflow/example_dags/tutorial_dag.py for tasks to queue
[2023-04-16T18:29:53.973+0000] {logging_mixin.py:137} INFO - [2023-04-16T18:29:53.973+0000] {dagbag.py:532} INFO - Filling up the DagBag from /home/airflow/.local/lib/python3.7/site-packages/airflow/example_dags/tutorial_dag.py
[2023-04-16T18:29:53.992+0000] {processor.py:753} INFO - DAG(s) dict_keys(['tutorial_dag']) retrieved from /home/airflow/.local/lib/python3.7/site-packages/airflow/example_dags/tutorial_dag.py
[2023-04-16T18:29:54.031+0000] {logging_mixin.py:137} INFO - [2023-04-16T18:29:54.031+0000] {dag.py:2705} INFO - Sync 1 DAGs
[2023-04-16T18:29:54.077+0000] {logging_mixin.py:137} INFO - [2023-04-16T18:29:54.077+0000] {dag.py:3456} INFO - Setting next_dagrun for tutorial_dag to None, run_after=None
[2023-04-16T18:29:54.111+0000] {processor.py:175} INFO - Processing /home/airflow/.local/lib/python3.7/site-packages/airflow/example_dags/tutorial_dag.py took 0.145 seconds
[2023-04-16T18:30:24.762+0000] {processor.py:153} INFO - Started process (PID=3109) to work on /home/airflow/.local/lib/python3.7/site-packages/airflow/example_dags/tutorial_dag.py
[2023-04-16T18:30:24.764+0000] {processor.py:743} INFO - Processing file /home/airflow/.local/lib/python3.7/site-packages/airflow/example_dags/tutorial_dag.py for tasks to queue
[2023-04-16T18:30:24.766+0000] {logging_mixin.py:137} INFO - [2023-04-16T18:30:24.766+0000] {dagbag.py:532} INFO - Filling up the DagBag from /home/airflow/.local/lib/python3.7/site-packages/airflow/example_dags/tutorial_dag.py
[2023-04-16T18:30:24.794+0000] {processor.py:753} INFO - DAG(s) dict_keys(['tutorial_dag']) retrieved from /home/airflow/.local/lib/python3.7/site-packages/airflow/example_dags/tutorial_dag.py
[2023-04-16T18:30:24.838+0000] {logging_mixin.py:137} INFO - [2023-04-16T18:30:24.838+0000] {dag.py:2705} INFO - Sync 1 DAGs
[2023-04-16T18:30:24.876+0000] {logging_mixin.py:137} INFO - [2023-04-16T18:30:24.875+0000] {dag.py:3456} INFO - Setting next_dagrun for tutorial_dag to None, run_after=None
[2023-04-16T18:30:24.908+0000] {processor.py:175} INFO - Processing /home/airflow/.local/lib/python3.7/site-packages/airflow/example_dags/tutorial_dag.py took 0.151 seconds
