[2023-04-16T17:59:19.274+0000] {processor.py:153} INFO - Started process (PID=40) to work on /home/airflow/.local/lib/python3.7/site-packages/airflow/example_dags/tutorial_taskflow_api_virtualenv.py
[2023-04-16T17:59:19.276+0000] {processor.py:743} INFO - Processing file /home/airflow/.local/lib/python3.7/site-packages/airflow/example_dags/tutorial_taskflow_api_virtualenv.py for tasks to queue
[2023-04-16T17:59:19.278+0000] {logging_mixin.py:137} INFO - [2023-04-16T17:59:19.277+0000] {dagbag.py:532} INFO - Filling up the DagBag from /home/airflow/.local/lib/python3.7/site-packages/airflow/example_dags/tutorial_taskflow_api_virtualenv.py
[2023-04-16T17:59:19.384+0000] {processor.py:753} INFO - DAG(s) dict_keys(['tutorial_taskflow_api_virtualenv']) retrieved from /home/airflow/.local/lib/python3.7/site-packages/airflow/example_dags/tutorial_taskflow_api_virtualenv.py
[2023-04-16T17:59:19.437+0000] {logging_mixin.py:137} INFO - [2023-04-16T17:59:19.437+0000] {dag.py:2705} INFO - Sync 1 DAGs
[2023-04-16T17:59:19.495+0000] {logging_mixin.py:137} INFO - [2023-04-16T17:59:19.495+0000] {dag.py:3456} INFO - Setting next_dagrun for tutorial_taskflow_api_virtualenv to None, run_after=None
[2023-04-16T17:59:19.568+0000] {processor.py:175} INFO - Processing /home/airflow/.local/lib/python3.7/site-packages/airflow/example_dags/tutorial_taskflow_api_virtualenv.py took 0.303 seconds
[2023-04-16T17:59:49.684+0000] {processor.py:153} INFO - Started process (PID=90) to work on /home/airflow/.local/lib/python3.7/site-packages/airflow/example_dags/tutorial_taskflow_api_virtualenv.py
[2023-04-16T17:59:49.685+0000] {processor.py:743} INFO - Processing file /home/airflow/.local/lib/python3.7/site-packages/airflow/example_dags/tutorial_taskflow_api_virtualenv.py for tasks to queue
[2023-04-16T17:59:49.686+0000] {logging_mixin.py:137} INFO - [2023-04-16T17:59:49.686+0000] {dagbag.py:532} INFO - Filling up the DagBag from /home/airflow/.local/lib/python3.7/site-packages/airflow/example_dags/tutorial_taskflow_api_virtualenv.py
[2023-04-16T17:59:49.717+0000] {processor.py:753} INFO - DAG(s) dict_keys(['tutorial_taskflow_api_virtualenv']) retrieved from /home/airflow/.local/lib/python3.7/site-packages/airflow/example_dags/tutorial_taskflow_api_virtualenv.py
[2023-04-16T17:59:49.754+0000] {logging_mixin.py:137} INFO - [2023-04-16T17:59:49.754+0000] {dag.py:2705} INFO - Sync 1 DAGs
[2023-04-16T17:59:49.790+0000] {logging_mixin.py:137} INFO - [2023-04-16T17:59:49.790+0000] {dag.py:3456} INFO - Setting next_dagrun for tutorial_taskflow_api_virtualenv to None, run_after=None
[2023-04-16T17:59:49.815+0000] {processor.py:175} INFO - Processing /home/airflow/.local/lib/python3.7/site-packages/airflow/example_dags/tutorial_taskflow_api_virtualenv.py took 0.136 seconds
[2023-04-16T18:00:19.962+0000] {processor.py:153} INFO - Started process (PID=141) to work on /home/airflow/.local/lib/python3.7/site-packages/airflow/example_dags/tutorial_taskflow_api_virtualenv.py
[2023-04-16T18:00:19.963+0000] {processor.py:743} INFO - Processing file /home/airflow/.local/lib/python3.7/site-packages/airflow/example_dags/tutorial_taskflow_api_virtualenv.py for tasks to queue
[2023-04-16T18:00:19.964+0000] {logging_mixin.py:137} INFO - [2023-04-16T18:00:19.964+0000] {dagbag.py:532} INFO - Filling up the DagBag from /home/airflow/.local/lib/python3.7/site-packages/airflow/example_dags/tutorial_taskflow_api_virtualenv.py
[2023-04-16T18:00:19.995+0000] {processor.py:753} INFO - DAG(s) dict_keys(['tutorial_taskflow_api_virtualenv']) retrieved from /home/airflow/.local/lib/python3.7/site-packages/airflow/example_dags/tutorial_taskflow_api_virtualenv.py
[2023-04-16T18:00:20.034+0000] {logging_mixin.py:137} INFO - [2023-04-16T18:00:20.034+0000] {dag.py:2705} INFO - Sync 1 DAGs
[2023-04-16T18:00:20.070+0000] {logging_mixin.py:137} INFO - [2023-04-16T18:00:20.070+0000] {dag.py:3456} INFO - Setting next_dagrun for tutorial_taskflow_api_virtualenv to None, run_after=None
[2023-04-16T18:00:20.095+0000] {processor.py:175} INFO - Processing /home/airflow/.local/lib/python3.7/site-packages/airflow/example_dags/tutorial_taskflow_api_virtualenv.py took 0.139 seconds
[2023-04-16T18:00:50.345+0000] {processor.py:153} INFO - Started process (PID=191) to work on /home/airflow/.local/lib/python3.7/site-packages/airflow/example_dags/tutorial_taskflow_api_virtualenv.py
[2023-04-16T18:00:50.347+0000] {processor.py:743} INFO - Processing file /home/airflow/.local/lib/python3.7/site-packages/airflow/example_dags/tutorial_taskflow_api_virtualenv.py for tasks to queue
[2023-04-16T18:00:50.349+0000] {logging_mixin.py:137} INFO - [2023-04-16T18:00:50.348+0000] {dagbag.py:532} INFO - Filling up the DagBag from /home/airflow/.local/lib/python3.7/site-packages/airflow/example_dags/tutorial_taskflow_api_virtualenv.py
[2023-04-16T18:00:50.383+0000] {processor.py:753} INFO - DAG(s) dict_keys(['tutorial_taskflow_api_virtualenv']) retrieved from /home/airflow/.local/lib/python3.7/site-packages/airflow/example_dags/tutorial_taskflow_api_virtualenv.py
[2023-04-16T18:00:50.430+0000] {logging_mixin.py:137} INFO - [2023-04-16T18:00:50.429+0000] {dag.py:2705} INFO - Sync 1 DAGs
[2023-04-16T18:00:50.465+0000] {logging_mixin.py:137} INFO - [2023-04-16T18:00:50.465+0000] {dag.py:3456} INFO - Setting next_dagrun for tutorial_taskflow_api_virtualenv to None, run_after=None
[2023-04-16T18:00:50.491+0000] {processor.py:175} INFO - Processing /home/airflow/.local/lib/python3.7/site-packages/airflow/example_dags/tutorial_taskflow_api_virtualenv.py took 0.153 seconds
[2023-04-16T18:01:20.681+0000] {processor.py:153} INFO - Started process (PID=241) to work on /home/airflow/.local/lib/python3.7/site-packages/airflow/example_dags/tutorial_taskflow_api_virtualenv.py
[2023-04-16T18:01:20.683+0000] {processor.py:743} INFO - Processing file /home/airflow/.local/lib/python3.7/site-packages/airflow/example_dags/tutorial_taskflow_api_virtualenv.py for tasks to queue
[2023-04-16T18:01:20.684+0000] {logging_mixin.py:137} INFO - [2023-04-16T18:01:20.684+0000] {dagbag.py:532} INFO - Filling up the DagBag from /home/airflow/.local/lib/python3.7/site-packages/airflow/example_dags/tutorial_taskflow_api_virtualenv.py
[2023-04-16T18:01:20.716+0000] {processor.py:753} INFO - DAG(s) dict_keys(['tutorial_taskflow_api_virtualenv']) retrieved from /home/airflow/.local/lib/python3.7/site-packages/airflow/example_dags/tutorial_taskflow_api_virtualenv.py
[2023-04-16T18:01:20.752+0000] {logging_mixin.py:137} INFO - [2023-04-16T18:01:20.752+0000] {dag.py:2705} INFO - Sync 1 DAGs
[2023-04-16T18:01:20.788+0000] {logging_mixin.py:137} INFO - [2023-04-16T18:01:20.788+0000] {dag.py:3456} INFO - Setting next_dagrun for tutorial_taskflow_api_virtualenv to None, run_after=None
[2023-04-16T18:01:20.813+0000] {processor.py:175} INFO - Processing /home/airflow/.local/lib/python3.7/site-packages/airflow/example_dags/tutorial_taskflow_api_virtualenv.py took 0.139 seconds
[2023-04-16T18:01:50.963+0000] {processor.py:153} INFO - Started process (PID=291) to work on /home/airflow/.local/lib/python3.7/site-packages/airflow/example_dags/tutorial_taskflow_api_virtualenv.py
[2023-04-16T18:01:50.965+0000] {processor.py:743} INFO - Processing file /home/airflow/.local/lib/python3.7/site-packages/airflow/example_dags/tutorial_taskflow_api_virtualenv.py for tasks to queue
[2023-04-16T18:01:50.966+0000] {logging_mixin.py:137} INFO - [2023-04-16T18:01:50.966+0000] {dagbag.py:532} INFO - Filling up the DagBag from /home/airflow/.local/lib/python3.7/site-packages/airflow/example_dags/tutorial_taskflow_api_virtualenv.py
[2023-04-16T18:01:51.004+0000] {processor.py:753} INFO - DAG(s) dict_keys(['tutorial_taskflow_api_virtualenv']) retrieved from /home/airflow/.local/lib/python3.7/site-packages/airflow/example_dags/tutorial_taskflow_api_virtualenv.py
[2023-04-16T18:01:51.054+0000] {logging_mixin.py:137} INFO - [2023-04-16T18:01:51.053+0000] {dag.py:2705} INFO - Sync 1 DAGs
[2023-04-16T18:01:51.090+0000] {logging_mixin.py:137} INFO - [2023-04-16T18:01:51.090+0000] {dag.py:3456} INFO - Setting next_dagrun for tutorial_taskflow_api_virtualenv to None, run_after=None
[2023-04-16T18:01:51.114+0000] {processor.py:175} INFO - Processing /home/airflow/.local/lib/python3.7/site-packages/airflow/example_dags/tutorial_taskflow_api_virtualenv.py took 0.156 seconds
[2023-04-16T18:02:21.421+0000] {processor.py:153} INFO - Started process (PID=342) to work on /home/airflow/.local/lib/python3.7/site-packages/airflow/example_dags/tutorial_taskflow_api_virtualenv.py
[2023-04-16T18:02:21.423+0000] {processor.py:743} INFO - Processing file /home/airflow/.local/lib/python3.7/site-packages/airflow/example_dags/tutorial_taskflow_api_virtualenv.py for tasks to queue
[2023-04-16T18:02:21.424+0000] {logging_mixin.py:137} INFO - [2023-04-16T18:02:21.423+0000] {dagbag.py:532} INFO - Filling up the DagBag from /home/airflow/.local/lib/python3.7/site-packages/airflow/example_dags/tutorial_taskflow_api_virtualenv.py
[2023-04-16T18:02:21.457+0000] {processor.py:753} INFO - DAG(s) dict_keys(['tutorial_taskflow_api_virtualenv']) retrieved from /home/airflow/.local/lib/python3.7/site-packages/airflow/example_dags/tutorial_taskflow_api_virtualenv.py
[2023-04-16T18:02:21.497+0000] {logging_mixin.py:137} INFO - [2023-04-16T18:02:21.497+0000] {dag.py:2705} INFO - Sync 1 DAGs
[2023-04-16T18:02:21.532+0000] {logging_mixin.py:137} INFO - [2023-04-16T18:02:21.532+0000] {dag.py:3456} INFO - Setting next_dagrun for tutorial_taskflow_api_virtualenv to None, run_after=None
[2023-04-16T18:02:21.562+0000] {processor.py:175} INFO - Processing /home/airflow/.local/lib/python3.7/site-packages/airflow/example_dags/tutorial_taskflow_api_virtualenv.py took 0.147 seconds
[2023-04-16T18:02:52.237+0000] {processor.py:153} INFO - Started process (PID=393) to work on /home/airflow/.local/lib/python3.7/site-packages/airflow/example_dags/tutorial_taskflow_api_virtualenv.py
[2023-04-16T18:02:52.238+0000] {processor.py:743} INFO - Processing file /home/airflow/.local/lib/python3.7/site-packages/airflow/example_dags/tutorial_taskflow_api_virtualenv.py for tasks to queue
[2023-04-16T18:02:52.239+0000] {logging_mixin.py:137} INFO - [2023-04-16T18:02:52.238+0000] {dagbag.py:532} INFO - Filling up the DagBag from /home/airflow/.local/lib/python3.7/site-packages/airflow/example_dags/tutorial_taskflow_api_virtualenv.py
[2023-04-16T18:02:52.270+0000] {processor.py:753} INFO - DAG(s) dict_keys(['tutorial_taskflow_api_virtualenv']) retrieved from /home/airflow/.local/lib/python3.7/site-packages/airflow/example_dags/tutorial_taskflow_api_virtualenv.py
[2023-04-16T18:02:52.307+0000] {logging_mixin.py:137} INFO - [2023-04-16T18:02:52.307+0000] {dag.py:2705} INFO - Sync 1 DAGs
[2023-04-16T18:02:52.342+0000] {logging_mixin.py:137} INFO - [2023-04-16T18:02:52.342+0000] {dag.py:3456} INFO - Setting next_dagrun for tutorial_taskflow_api_virtualenv to None, run_after=None
[2023-04-16T18:02:52.368+0000] {processor.py:175} INFO - Processing /home/airflow/.local/lib/python3.7/site-packages/airflow/example_dags/tutorial_taskflow_api_virtualenv.py took 0.136 seconds
[2023-04-16T18:03:23.033+0000] {processor.py:153} INFO - Started process (PID=443) to work on /home/airflow/.local/lib/python3.7/site-packages/airflow/example_dags/tutorial_taskflow_api_virtualenv.py
[2023-04-16T18:03:23.035+0000] {processor.py:743} INFO - Processing file /home/airflow/.local/lib/python3.7/site-packages/airflow/example_dags/tutorial_taskflow_api_virtualenv.py for tasks to queue
[2023-04-16T18:03:23.036+0000] {logging_mixin.py:137} INFO - [2023-04-16T18:03:23.036+0000] {dagbag.py:532} INFO - Filling up the DagBag from /home/airflow/.local/lib/python3.7/site-packages/airflow/example_dags/tutorial_taskflow_api_virtualenv.py
[2023-04-16T18:03:23.070+0000] {processor.py:753} INFO - DAG(s) dict_keys(['tutorial_taskflow_api_virtualenv']) retrieved from /home/airflow/.local/lib/python3.7/site-packages/airflow/example_dags/tutorial_taskflow_api_virtualenv.py
[2023-04-16T18:03:23.118+0000] {logging_mixin.py:137} INFO - [2023-04-16T18:03:23.118+0000] {dag.py:2705} INFO - Sync 1 DAGs
[2023-04-16T18:03:23.154+0000] {logging_mixin.py:137} INFO - [2023-04-16T18:03:23.154+0000] {dag.py:3456} INFO - Setting next_dagrun for tutorial_taskflow_api_virtualenv to None, run_after=None
[2023-04-16T18:03:23.179+0000] {processor.py:175} INFO - Processing /home/airflow/.local/lib/python3.7/site-packages/airflow/example_dags/tutorial_taskflow_api_virtualenv.py took 0.154 seconds
[2023-04-16T18:03:53.212+0000] {processor.py:153} INFO - Started process (PID=492) to work on /home/airflow/.local/lib/python3.7/site-packages/airflow/example_dags/tutorial_taskflow_api_virtualenv.py
[2023-04-16T18:03:53.214+0000] {processor.py:743} INFO - Processing file /home/airflow/.local/lib/python3.7/site-packages/airflow/example_dags/tutorial_taskflow_api_virtualenv.py for tasks to queue
[2023-04-16T18:03:53.216+0000] {logging_mixin.py:137} INFO - [2023-04-16T18:03:53.215+0000] {dagbag.py:532} INFO - Filling up the DagBag from /home/airflow/.local/lib/python3.7/site-packages/airflow/example_dags/tutorial_taskflow_api_virtualenv.py
[2023-04-16T18:03:53.256+0000] {processor.py:753} INFO - DAG(s) dict_keys(['tutorial_taskflow_api_virtualenv']) retrieved from /home/airflow/.local/lib/python3.7/site-packages/airflow/example_dags/tutorial_taskflow_api_virtualenv.py
[2023-04-16T18:03:53.294+0000] {logging_mixin.py:137} INFO - [2023-04-16T18:03:53.294+0000] {dag.py:2705} INFO - Sync 1 DAGs
[2023-04-16T18:03:53.329+0000] {logging_mixin.py:137} INFO - [2023-04-16T18:03:53.329+0000] {dag.py:3456} INFO - Setting next_dagrun for tutorial_taskflow_api_virtualenv to None, run_after=None
[2023-04-16T18:03:53.353+0000] {processor.py:175} INFO - Processing /home/airflow/.local/lib/python3.7/site-packages/airflow/example_dags/tutorial_taskflow_api_virtualenv.py took 0.148 seconds
[2023-04-16T18:04:23.557+0000] {processor.py:153} INFO - Started process (PID=542) to work on /home/airflow/.local/lib/python3.7/site-packages/airflow/example_dags/tutorial_taskflow_api_virtualenv.py
[2023-04-16T18:04:23.558+0000] {processor.py:743} INFO - Processing file /home/airflow/.local/lib/python3.7/site-packages/airflow/example_dags/tutorial_taskflow_api_virtualenv.py for tasks to queue
[2023-04-16T18:04:23.559+0000] {logging_mixin.py:137} INFO - [2023-04-16T18:04:23.559+0000] {dagbag.py:532} INFO - Filling up the DagBag from /home/airflow/.local/lib/python3.7/site-packages/airflow/example_dags/tutorial_taskflow_api_virtualenv.py
[2023-04-16T18:04:23.591+0000] {processor.py:753} INFO - DAG(s) dict_keys(['tutorial_taskflow_api_virtualenv']) retrieved from /home/airflow/.local/lib/python3.7/site-packages/airflow/example_dags/tutorial_taskflow_api_virtualenv.py
[2023-04-16T18:04:23.630+0000] {logging_mixin.py:137} INFO - [2023-04-16T18:04:23.629+0000] {dag.py:2705} INFO - Sync 1 DAGs
[2023-04-16T18:04:23.664+0000] {logging_mixin.py:137} INFO - [2023-04-16T18:04:23.664+0000] {dag.py:3456} INFO - Setting next_dagrun for tutorial_taskflow_api_virtualenv to None, run_after=None
[2023-04-16T18:04:23.688+0000] {processor.py:175} INFO - Processing /home/airflow/.local/lib/python3.7/site-packages/airflow/example_dags/tutorial_taskflow_api_virtualenv.py took 0.137 seconds
[2023-04-16T18:04:53.847+0000] {processor.py:153} INFO - Started process (PID=591) to work on /home/airflow/.local/lib/python3.7/site-packages/airflow/example_dags/tutorial_taskflow_api_virtualenv.py
[2023-04-16T18:04:53.849+0000] {processor.py:743} INFO - Processing file /home/airflow/.local/lib/python3.7/site-packages/airflow/example_dags/tutorial_taskflow_api_virtualenv.py for tasks to queue
[2023-04-16T18:04:53.849+0000] {logging_mixin.py:137} INFO - [2023-04-16T18:04:53.849+0000] {dagbag.py:532} INFO - Filling up the DagBag from /home/airflow/.local/lib/python3.7/site-packages/airflow/example_dags/tutorial_taskflow_api_virtualenv.py
[2023-04-16T18:04:53.880+0000] {processor.py:753} INFO - DAG(s) dict_keys(['tutorial_taskflow_api_virtualenv']) retrieved from /home/airflow/.local/lib/python3.7/site-packages/airflow/example_dags/tutorial_taskflow_api_virtualenv.py
[2023-04-16T18:04:53.918+0000] {logging_mixin.py:137} INFO - [2023-04-16T18:04:53.918+0000] {dag.py:2705} INFO - Sync 1 DAGs
[2023-04-16T18:04:53.956+0000] {logging_mixin.py:137} INFO - [2023-04-16T18:04:53.956+0000] {dag.py:3456} INFO - Setting next_dagrun for tutorial_taskflow_api_virtualenv to None, run_after=None
[2023-04-16T18:04:53.985+0000] {processor.py:175} INFO - Processing /home/airflow/.local/lib/python3.7/site-packages/airflow/example_dags/tutorial_taskflow_api_virtualenv.py took 0.143 seconds
[2023-04-16T18:05:24.063+0000] {processor.py:153} INFO - Started process (PID=641) to work on /home/airflow/.local/lib/python3.7/site-packages/airflow/example_dags/tutorial_taskflow_api_virtualenv.py
[2023-04-16T18:05:24.064+0000] {processor.py:743} INFO - Processing file /home/airflow/.local/lib/python3.7/site-packages/airflow/example_dags/tutorial_taskflow_api_virtualenv.py for tasks to queue
[2023-04-16T18:05:24.065+0000] {logging_mixin.py:137} INFO - [2023-04-16T18:05:24.065+0000] {dagbag.py:532} INFO - Filling up the DagBag from /home/airflow/.local/lib/python3.7/site-packages/airflow/example_dags/tutorial_taskflow_api_virtualenv.py
[2023-04-16T18:05:24.106+0000] {processor.py:753} INFO - DAG(s) dict_keys(['tutorial_taskflow_api_virtualenv']) retrieved from /home/airflow/.local/lib/python3.7/site-packages/airflow/example_dags/tutorial_taskflow_api_virtualenv.py
[2023-04-16T18:05:24.145+0000] {logging_mixin.py:137} INFO - [2023-04-16T18:05:24.145+0000] {dag.py:2705} INFO - Sync 1 DAGs
[2023-04-16T18:05:24.181+0000] {logging_mixin.py:137} INFO - [2023-04-16T18:05:24.181+0000] {dag.py:3456} INFO - Setting next_dagrun for tutorial_taskflow_api_virtualenv to None, run_after=None
[2023-04-16T18:05:24.211+0000] {processor.py:175} INFO - Processing /home/airflow/.local/lib/python3.7/site-packages/airflow/example_dags/tutorial_taskflow_api_virtualenv.py took 0.154 seconds
[2023-04-16T18:05:54.290+0000] {processor.py:153} INFO - Started process (PID=690) to work on /home/airflow/.local/lib/python3.7/site-packages/airflow/example_dags/tutorial_taskflow_api_virtualenv.py
[2023-04-16T18:05:54.291+0000] {processor.py:743} INFO - Processing file /home/airflow/.local/lib/python3.7/site-packages/airflow/example_dags/tutorial_taskflow_api_virtualenv.py for tasks to queue
[2023-04-16T18:05:54.292+0000] {logging_mixin.py:137} INFO - [2023-04-16T18:05:54.292+0000] {dagbag.py:532} INFO - Filling up the DagBag from /home/airflow/.local/lib/python3.7/site-packages/airflow/example_dags/tutorial_taskflow_api_virtualenv.py
[2023-04-16T18:05:54.323+0000] {processor.py:753} INFO - DAG(s) dict_keys(['tutorial_taskflow_api_virtualenv']) retrieved from /home/airflow/.local/lib/python3.7/site-packages/airflow/example_dags/tutorial_taskflow_api_virtualenv.py
[2023-04-16T18:05:54.361+0000] {logging_mixin.py:137} INFO - [2023-04-16T18:05:54.361+0000] {dag.py:2705} INFO - Sync 1 DAGs
[2023-04-16T18:05:54.398+0000] {logging_mixin.py:137} INFO - [2023-04-16T18:05:54.398+0000] {dag.py:3456} INFO - Setting next_dagrun for tutorial_taskflow_api_virtualenv to None, run_after=None
[2023-04-16T18:05:54.423+0000] {processor.py:175} INFO - Processing /home/airflow/.local/lib/python3.7/site-packages/airflow/example_dags/tutorial_taskflow_api_virtualenv.py took 0.138 seconds
[2023-04-16T18:06:24.545+0000] {processor.py:153} INFO - Started process (PID=739) to work on /home/airflow/.local/lib/python3.7/site-packages/airflow/example_dags/tutorial_taskflow_api_virtualenv.py
[2023-04-16T18:06:24.547+0000] {processor.py:743} INFO - Processing file /home/airflow/.local/lib/python3.7/site-packages/airflow/example_dags/tutorial_taskflow_api_virtualenv.py for tasks to queue
[2023-04-16T18:06:24.548+0000] {logging_mixin.py:137} INFO - [2023-04-16T18:06:24.548+0000] {dagbag.py:532} INFO - Filling up the DagBag from /home/airflow/.local/lib/python3.7/site-packages/airflow/example_dags/tutorial_taskflow_api_virtualenv.py
[2023-04-16T18:06:24.589+0000] {processor.py:753} INFO - DAG(s) dict_keys(['tutorial_taskflow_api_virtualenv']) retrieved from /home/airflow/.local/lib/python3.7/site-packages/airflow/example_dags/tutorial_taskflow_api_virtualenv.py
[2023-04-16T18:06:24.626+0000] {logging_mixin.py:137} INFO - [2023-04-16T18:06:24.626+0000] {dag.py:2705} INFO - Sync 1 DAGs
[2023-04-16T18:06:24.662+0000] {logging_mixin.py:137} INFO - [2023-04-16T18:06:24.662+0000] {dag.py:3456} INFO - Setting next_dagrun for tutorial_taskflow_api_virtualenv to None, run_after=None
[2023-04-16T18:06:24.688+0000] {processor.py:175} INFO - Processing /home/airflow/.local/lib/python3.7/site-packages/airflow/example_dags/tutorial_taskflow_api_virtualenv.py took 0.151 seconds
[2023-04-16T18:06:54.833+0000] {processor.py:153} INFO - Started process (PID=788) to work on /home/airflow/.local/lib/python3.7/site-packages/airflow/example_dags/tutorial_taskflow_api_virtualenv.py
[2023-04-16T18:06:54.835+0000] {processor.py:743} INFO - Processing file /home/airflow/.local/lib/python3.7/site-packages/airflow/example_dags/tutorial_taskflow_api_virtualenv.py for tasks to queue
[2023-04-16T18:06:54.836+0000] {logging_mixin.py:137} INFO - [2023-04-16T18:06:54.836+0000] {dagbag.py:532} INFO - Filling up the DagBag from /home/airflow/.local/lib/python3.7/site-packages/airflow/example_dags/tutorial_taskflow_api_virtualenv.py
[2023-04-16T18:06:54.871+0000] {processor.py:753} INFO - DAG(s) dict_keys(['tutorial_taskflow_api_virtualenv']) retrieved from /home/airflow/.local/lib/python3.7/site-packages/airflow/example_dags/tutorial_taskflow_api_virtualenv.py
[2023-04-16T18:06:54.911+0000] {logging_mixin.py:137} INFO - [2023-04-16T18:06:54.911+0000] {dag.py:2705} INFO - Sync 1 DAGs
[2023-04-16T18:06:54.949+0000] {logging_mixin.py:137} INFO - [2023-04-16T18:06:54.948+0000] {dag.py:3456} INFO - Setting next_dagrun for tutorial_taskflow_api_virtualenv to None, run_after=None
[2023-04-16T18:06:54.974+0000] {processor.py:175} INFO - Processing /home/airflow/.local/lib/python3.7/site-packages/airflow/example_dags/tutorial_taskflow_api_virtualenv.py took 0.148 seconds
[2023-04-16T18:07:25.323+0000] {processor.py:153} INFO - Started process (PID=838) to work on /home/airflow/.local/lib/python3.7/site-packages/airflow/example_dags/tutorial_taskflow_api_virtualenv.py
[2023-04-16T18:07:25.325+0000] {processor.py:743} INFO - Processing file /home/airflow/.local/lib/python3.7/site-packages/airflow/example_dags/tutorial_taskflow_api_virtualenv.py for tasks to queue
[2023-04-16T18:07:25.326+0000] {logging_mixin.py:137} INFO - [2023-04-16T18:07:25.326+0000] {dagbag.py:532} INFO - Filling up the DagBag from /home/airflow/.local/lib/python3.7/site-packages/airflow/example_dags/tutorial_taskflow_api_virtualenv.py
[2023-04-16T18:07:25.357+0000] {processor.py:753} INFO - DAG(s) dict_keys(['tutorial_taskflow_api_virtualenv']) retrieved from /home/airflow/.local/lib/python3.7/site-packages/airflow/example_dags/tutorial_taskflow_api_virtualenv.py
[2023-04-16T18:07:25.393+0000] {logging_mixin.py:137} INFO - [2023-04-16T18:07:25.393+0000] {dag.py:2705} INFO - Sync 1 DAGs
[2023-04-16T18:07:25.429+0000] {logging_mixin.py:137} INFO - [2023-04-16T18:07:25.429+0000] {dag.py:3456} INFO - Setting next_dagrun for tutorial_taskflow_api_virtualenv to None, run_after=None
[2023-04-16T18:07:25.454+0000] {processor.py:175} INFO - Processing /home/airflow/.local/lib/python3.7/site-packages/airflow/example_dags/tutorial_taskflow_api_virtualenv.py took 0.136 seconds
[2023-04-16T18:07:55.574+0000] {processor.py:153} INFO - Started process (PID=887) to work on /home/airflow/.local/lib/python3.7/site-packages/airflow/example_dags/tutorial_taskflow_api_virtualenv.py
[2023-04-16T18:07:55.575+0000] {processor.py:743} INFO - Processing file /home/airflow/.local/lib/python3.7/site-packages/airflow/example_dags/tutorial_taskflow_api_virtualenv.py for tasks to queue
[2023-04-16T18:07:55.576+0000] {logging_mixin.py:137} INFO - [2023-04-16T18:07:55.576+0000] {dagbag.py:532} INFO - Filling up the DagBag from /home/airflow/.local/lib/python3.7/site-packages/airflow/example_dags/tutorial_taskflow_api_virtualenv.py
[2023-04-16T18:07:55.609+0000] {processor.py:753} INFO - DAG(s) dict_keys(['tutorial_taskflow_api_virtualenv']) retrieved from /home/airflow/.local/lib/python3.7/site-packages/airflow/example_dags/tutorial_taskflow_api_virtualenv.py
[2023-04-16T18:07:55.645+0000] {logging_mixin.py:137} INFO - [2023-04-16T18:07:55.645+0000] {dag.py:2705} INFO - Sync 1 DAGs
[2023-04-16T18:07:55.680+0000] {logging_mixin.py:137} INFO - [2023-04-16T18:07:55.680+0000] {dag.py:3456} INFO - Setting next_dagrun for tutorial_taskflow_api_virtualenv to None, run_after=None
[2023-04-16T18:07:55.708+0000] {processor.py:175} INFO - Processing /home/airflow/.local/lib/python3.7/site-packages/airflow/example_dags/tutorial_taskflow_api_virtualenv.py took 0.141 seconds
[2023-04-16T18:08:25.801+0000] {processor.py:153} INFO - Started process (PID=936) to work on /home/airflow/.local/lib/python3.7/site-packages/airflow/example_dags/tutorial_taskflow_api_virtualenv.py
[2023-04-16T18:08:25.803+0000] {processor.py:743} INFO - Processing file /home/airflow/.local/lib/python3.7/site-packages/airflow/example_dags/tutorial_taskflow_api_virtualenv.py for tasks to queue
[2023-04-16T18:08:25.804+0000] {logging_mixin.py:137} INFO - [2023-04-16T18:08:25.804+0000] {dagbag.py:532} INFO - Filling up the DagBag from /home/airflow/.local/lib/python3.7/site-packages/airflow/example_dags/tutorial_taskflow_api_virtualenv.py
[2023-04-16T18:08:25.836+0000] {processor.py:753} INFO - DAG(s) dict_keys(['tutorial_taskflow_api_virtualenv']) retrieved from /home/airflow/.local/lib/python3.7/site-packages/airflow/example_dags/tutorial_taskflow_api_virtualenv.py
[2023-04-16T18:08:25.881+0000] {logging_mixin.py:137} INFO - [2023-04-16T18:08:25.881+0000] {dag.py:2705} INFO - Sync 1 DAGs
[2023-04-16T18:08:25.936+0000] {logging_mixin.py:137} INFO - [2023-04-16T18:08:25.936+0000] {dag.py:3456} INFO - Setting next_dagrun for tutorial_taskflow_api_virtualenv to None, run_after=None
[2023-04-16T18:08:25.970+0000] {processor.py:175} INFO - Processing /home/airflow/.local/lib/python3.7/site-packages/airflow/example_dags/tutorial_taskflow_api_virtualenv.py took 0.176 seconds
[2023-04-16T18:08:56.210+0000] {processor.py:153} INFO - Started process (PID=986) to work on /home/airflow/.local/lib/python3.7/site-packages/airflow/example_dags/tutorial_taskflow_api_virtualenv.py
[2023-04-16T18:08:56.211+0000] {processor.py:743} INFO - Processing file /home/airflow/.local/lib/python3.7/site-packages/airflow/example_dags/tutorial_taskflow_api_virtualenv.py for tasks to queue
[2023-04-16T18:08:56.213+0000] {logging_mixin.py:137} INFO - [2023-04-16T18:08:56.213+0000] {dagbag.py:532} INFO - Filling up the DagBag from /home/airflow/.local/lib/python3.7/site-packages/airflow/example_dags/tutorial_taskflow_api_virtualenv.py
[2023-04-16T18:08:56.248+0000] {processor.py:753} INFO - DAG(s) dict_keys(['tutorial_taskflow_api_virtualenv']) retrieved from /home/airflow/.local/lib/python3.7/site-packages/airflow/example_dags/tutorial_taskflow_api_virtualenv.py
[2023-04-16T18:08:56.286+0000] {logging_mixin.py:137} INFO - [2023-04-16T18:08:56.285+0000] {dag.py:2705} INFO - Sync 1 DAGs
[2023-04-16T18:08:56.322+0000] {logging_mixin.py:137} INFO - [2023-04-16T18:08:56.322+0000] {dag.py:3456} INFO - Setting next_dagrun for tutorial_taskflow_api_virtualenv to None, run_after=None
[2023-04-16T18:08:56.347+0000] {processor.py:175} INFO - Processing /home/airflow/.local/lib/python3.7/site-packages/airflow/example_dags/tutorial_taskflow_api_virtualenv.py took 0.145 seconds
[2023-04-16T18:09:26.634+0000] {processor.py:153} INFO - Started process (PID=1035) to work on /home/airflow/.local/lib/python3.7/site-packages/airflow/example_dags/tutorial_taskflow_api_virtualenv.py
[2023-04-16T18:09:26.635+0000] {processor.py:743} INFO - Processing file /home/airflow/.local/lib/python3.7/site-packages/airflow/example_dags/tutorial_taskflow_api_virtualenv.py for tasks to queue
[2023-04-16T18:09:26.637+0000] {logging_mixin.py:137} INFO - [2023-04-16T18:09:26.636+0000] {dagbag.py:532} INFO - Filling up the DagBag from /home/airflow/.local/lib/python3.7/site-packages/airflow/example_dags/tutorial_taskflow_api_virtualenv.py
[2023-04-16T18:09:26.669+0000] {processor.py:753} INFO - DAG(s) dict_keys(['tutorial_taskflow_api_virtualenv']) retrieved from /home/airflow/.local/lib/python3.7/site-packages/airflow/example_dags/tutorial_taskflow_api_virtualenv.py
[2023-04-16T18:09:26.706+0000] {logging_mixin.py:137} INFO - [2023-04-16T18:09:26.706+0000] {dag.py:2705} INFO - Sync 1 DAGs
[2023-04-16T18:09:26.742+0000] {logging_mixin.py:137} INFO - [2023-04-16T18:09:26.742+0000] {dag.py:3456} INFO - Setting next_dagrun for tutorial_taskflow_api_virtualenv to None, run_after=None
[2023-04-16T18:09:26.765+0000] {processor.py:175} INFO - Processing /home/airflow/.local/lib/python3.7/site-packages/airflow/example_dags/tutorial_taskflow_api_virtualenv.py took 0.139 seconds
[2023-04-16T18:09:57.206+0000] {processor.py:153} INFO - Started process (PID=1086) to work on /home/airflow/.local/lib/python3.7/site-packages/airflow/example_dags/tutorial_taskflow_api_virtualenv.py
[2023-04-16T18:09:57.207+0000] {processor.py:743} INFO - Processing file /home/airflow/.local/lib/python3.7/site-packages/airflow/example_dags/tutorial_taskflow_api_virtualenv.py for tasks to queue
[2023-04-16T18:09:57.208+0000] {logging_mixin.py:137} INFO - [2023-04-16T18:09:57.208+0000] {dagbag.py:532} INFO - Filling up the DagBag from /home/airflow/.local/lib/python3.7/site-packages/airflow/example_dags/tutorial_taskflow_api_virtualenv.py
[2023-04-16T18:09:57.239+0000] {processor.py:753} INFO - DAG(s) dict_keys(['tutorial_taskflow_api_virtualenv']) retrieved from /home/airflow/.local/lib/python3.7/site-packages/airflow/example_dags/tutorial_taskflow_api_virtualenv.py
[2023-04-16T18:09:57.276+0000] {logging_mixin.py:137} INFO - [2023-04-16T18:09:57.276+0000] {dag.py:2705} INFO - Sync 1 DAGs
[2023-04-16T18:09:57.311+0000] {logging_mixin.py:137} INFO - [2023-04-16T18:09:57.311+0000] {dag.py:3456} INFO - Setting next_dagrun for tutorial_taskflow_api_virtualenv to None, run_after=None
[2023-04-16T18:09:57.336+0000] {processor.py:175} INFO - Processing /home/airflow/.local/lib/python3.7/site-packages/airflow/example_dags/tutorial_taskflow_api_virtualenv.py took 0.138 seconds
[2023-04-16T18:10:28.068+0000] {processor.py:153} INFO - Started process (PID=1136) to work on /home/airflow/.local/lib/python3.7/site-packages/airflow/example_dags/tutorial_taskflow_api_virtualenv.py
[2023-04-16T18:10:28.070+0000] {processor.py:743} INFO - Processing file /home/airflow/.local/lib/python3.7/site-packages/airflow/example_dags/tutorial_taskflow_api_virtualenv.py for tasks to queue
[2023-04-16T18:10:28.071+0000] {logging_mixin.py:137} INFO - [2023-04-16T18:10:28.070+0000] {dagbag.py:532} INFO - Filling up the DagBag from /home/airflow/.local/lib/python3.7/site-packages/airflow/example_dags/tutorial_taskflow_api_virtualenv.py
[2023-04-16T18:10:28.101+0000] {processor.py:753} INFO - DAG(s) dict_keys(['tutorial_taskflow_api_virtualenv']) retrieved from /home/airflow/.local/lib/python3.7/site-packages/airflow/example_dags/tutorial_taskflow_api_virtualenv.py
[2023-04-16T18:10:28.147+0000] {logging_mixin.py:137} INFO - [2023-04-16T18:10:28.147+0000] {dag.py:2705} INFO - Sync 1 DAGs
[2023-04-16T18:10:28.206+0000] {logging_mixin.py:137} INFO - [2023-04-16T18:10:28.206+0000] {dag.py:3456} INFO - Setting next_dagrun for tutorial_taskflow_api_virtualenv to None, run_after=None
[2023-04-16T18:10:28.243+0000] {processor.py:175} INFO - Processing /home/airflow/.local/lib/python3.7/site-packages/airflow/example_dags/tutorial_taskflow_api_virtualenv.py took 0.183 seconds
[2023-04-16T18:10:58.724+0000] {processor.py:153} INFO - Started process (PID=1186) to work on /home/airflow/.local/lib/python3.7/site-packages/airflow/example_dags/tutorial_taskflow_api_virtualenv.py
[2023-04-16T18:10:58.725+0000] {processor.py:743} INFO - Processing file /home/airflow/.local/lib/python3.7/site-packages/airflow/example_dags/tutorial_taskflow_api_virtualenv.py for tasks to queue
[2023-04-16T18:10:58.726+0000] {logging_mixin.py:137} INFO - [2023-04-16T18:10:58.725+0000] {dagbag.py:532} INFO - Filling up the DagBag from /home/airflow/.local/lib/python3.7/site-packages/airflow/example_dags/tutorial_taskflow_api_virtualenv.py
[2023-04-16T18:10:58.756+0000] {processor.py:753} INFO - DAG(s) dict_keys(['tutorial_taskflow_api_virtualenv']) retrieved from /home/airflow/.local/lib/python3.7/site-packages/airflow/example_dags/tutorial_taskflow_api_virtualenv.py
[2023-04-16T18:10:58.795+0000] {logging_mixin.py:137} INFO - [2023-04-16T18:10:58.794+0000] {dag.py:2705} INFO - Sync 1 DAGs
[2023-04-16T18:10:58.830+0000] {logging_mixin.py:137} INFO - [2023-04-16T18:10:58.830+0000] {dag.py:3456} INFO - Setting next_dagrun for tutorial_taskflow_api_virtualenv to None, run_after=None
[2023-04-16T18:10:58.860+0000] {processor.py:175} INFO - Processing /home/airflow/.local/lib/python3.7/site-packages/airflow/example_dags/tutorial_taskflow_api_virtualenv.py took 0.142 seconds
[2023-04-16T18:11:29.598+0000] {processor.py:153} INFO - Started process (PID=1237) to work on /home/airflow/.local/lib/python3.7/site-packages/airflow/example_dags/tutorial_taskflow_api_virtualenv.py
[2023-04-16T18:11:29.600+0000] {processor.py:743} INFO - Processing file /home/airflow/.local/lib/python3.7/site-packages/airflow/example_dags/tutorial_taskflow_api_virtualenv.py for tasks to queue
[2023-04-16T18:11:29.601+0000] {logging_mixin.py:137} INFO - [2023-04-16T18:11:29.601+0000] {dagbag.py:532} INFO - Filling up the DagBag from /home/airflow/.local/lib/python3.7/site-packages/airflow/example_dags/tutorial_taskflow_api_virtualenv.py
[2023-04-16T18:11:29.634+0000] {processor.py:753} INFO - DAG(s) dict_keys(['tutorial_taskflow_api_virtualenv']) retrieved from /home/airflow/.local/lib/python3.7/site-packages/airflow/example_dags/tutorial_taskflow_api_virtualenv.py
[2023-04-16T18:11:29.670+0000] {logging_mixin.py:137} INFO - [2023-04-16T18:11:29.670+0000] {dag.py:2705} INFO - Sync 1 DAGs
[2023-04-16T18:11:29.705+0000] {logging_mixin.py:137} INFO - [2023-04-16T18:11:29.705+0000] {dag.py:3456} INFO - Setting next_dagrun for tutorial_taskflow_api_virtualenv to None, run_after=None
[2023-04-16T18:11:29.729+0000] {processor.py:175} INFO - Processing /home/airflow/.local/lib/python3.7/site-packages/airflow/example_dags/tutorial_taskflow_api_virtualenv.py took 0.138 seconds
[2023-04-16T18:12:00.310+0000] {processor.py:153} INFO - Started process (PID=1287) to work on /home/airflow/.local/lib/python3.7/site-packages/airflow/example_dags/tutorial_taskflow_api_virtualenv.py
[2023-04-16T18:12:00.312+0000] {processor.py:743} INFO - Processing file /home/airflow/.local/lib/python3.7/site-packages/airflow/example_dags/tutorial_taskflow_api_virtualenv.py for tasks to queue
[2023-04-16T18:12:00.313+0000] {logging_mixin.py:137} INFO - [2023-04-16T18:12:00.313+0000] {dagbag.py:532} INFO - Filling up the DagBag from /home/airflow/.local/lib/python3.7/site-packages/airflow/example_dags/tutorial_taskflow_api_virtualenv.py
[2023-04-16T18:12:00.346+0000] {processor.py:753} INFO - DAG(s) dict_keys(['tutorial_taskflow_api_virtualenv']) retrieved from /home/airflow/.local/lib/python3.7/site-packages/airflow/example_dags/tutorial_taskflow_api_virtualenv.py
[2023-04-16T18:12:00.383+0000] {logging_mixin.py:137} INFO - [2023-04-16T18:12:00.383+0000] {dag.py:2705} INFO - Sync 1 DAGs
[2023-04-16T18:12:00.420+0000] {logging_mixin.py:137} INFO - [2023-04-16T18:12:00.419+0000] {dag.py:3456} INFO - Setting next_dagrun for tutorial_taskflow_api_virtualenv to None, run_after=None
[2023-04-16T18:12:00.447+0000] {processor.py:175} INFO - Processing /home/airflow/.local/lib/python3.7/site-packages/airflow/example_dags/tutorial_taskflow_api_virtualenv.py took 0.145 seconds
[2023-04-16T18:12:30.917+0000] {processor.py:153} INFO - Started process (PID=1337) to work on /home/airflow/.local/lib/python3.7/site-packages/airflow/example_dags/tutorial_taskflow_api_virtualenv.py
[2023-04-16T18:12:30.918+0000] {processor.py:743} INFO - Processing file /home/airflow/.local/lib/python3.7/site-packages/airflow/example_dags/tutorial_taskflow_api_virtualenv.py for tasks to queue
[2023-04-16T18:12:30.919+0000] {logging_mixin.py:137} INFO - [2023-04-16T18:12:30.919+0000] {dagbag.py:532} INFO - Filling up the DagBag from /home/airflow/.local/lib/python3.7/site-packages/airflow/example_dags/tutorial_taskflow_api_virtualenv.py
[2023-04-16T18:12:30.950+0000] {processor.py:753} INFO - DAG(s) dict_keys(['tutorial_taskflow_api_virtualenv']) retrieved from /home/airflow/.local/lib/python3.7/site-packages/airflow/example_dags/tutorial_taskflow_api_virtualenv.py
[2023-04-16T18:12:30.986+0000] {logging_mixin.py:137} INFO - [2023-04-16T18:12:30.986+0000] {dag.py:2705} INFO - Sync 1 DAGs
[2023-04-16T18:12:31.023+0000] {logging_mixin.py:137} INFO - [2023-04-16T18:12:31.023+0000] {dag.py:3456} INFO - Setting next_dagrun for tutorial_taskflow_api_virtualenv to None, run_after=None
[2023-04-16T18:12:31.049+0000] {processor.py:175} INFO - Processing /home/airflow/.local/lib/python3.7/site-packages/airflow/example_dags/tutorial_taskflow_api_virtualenv.py took 0.140 seconds
[2023-04-16T18:13:01.558+0000] {processor.py:153} INFO - Started process (PID=1387) to work on /home/airflow/.local/lib/python3.7/site-packages/airflow/example_dags/tutorial_taskflow_api_virtualenv.py
[2023-04-16T18:13:01.560+0000] {processor.py:743} INFO - Processing file /home/airflow/.local/lib/python3.7/site-packages/airflow/example_dags/tutorial_taskflow_api_virtualenv.py for tasks to queue
[2023-04-16T18:13:01.561+0000] {logging_mixin.py:137} INFO - [2023-04-16T18:13:01.561+0000] {dagbag.py:532} INFO - Filling up the DagBag from /home/airflow/.local/lib/python3.7/site-packages/airflow/example_dags/tutorial_taskflow_api_virtualenv.py
[2023-04-16T18:13:01.590+0000] {processor.py:753} INFO - DAG(s) dict_keys(['tutorial_taskflow_api_virtualenv']) retrieved from /home/airflow/.local/lib/python3.7/site-packages/airflow/example_dags/tutorial_taskflow_api_virtualenv.py
[2023-04-16T18:13:01.641+0000] {logging_mixin.py:137} INFO - [2023-04-16T18:13:01.640+0000] {dag.py:2705} INFO - Sync 1 DAGs
[2023-04-16T18:13:01.685+0000] {logging_mixin.py:137} INFO - [2023-04-16T18:13:01.684+0000] {dag.py:3456} INFO - Setting next_dagrun for tutorial_taskflow_api_virtualenv to None, run_after=None
[2023-04-16T18:13:01.709+0000] {processor.py:175} INFO - Processing /home/airflow/.local/lib/python3.7/site-packages/airflow/example_dags/tutorial_taskflow_api_virtualenv.py took 0.156 seconds
[2023-04-16T18:13:32.287+0000] {processor.py:153} INFO - Started process (PID=1438) to work on /home/airflow/.local/lib/python3.7/site-packages/airflow/example_dags/tutorial_taskflow_api_virtualenv.py
[2023-04-16T18:13:32.289+0000] {processor.py:743} INFO - Processing file /home/airflow/.local/lib/python3.7/site-packages/airflow/example_dags/tutorial_taskflow_api_virtualenv.py for tasks to queue
[2023-04-16T18:13:32.290+0000] {logging_mixin.py:137} INFO - [2023-04-16T18:13:32.289+0000] {dagbag.py:532} INFO - Filling up the DagBag from /home/airflow/.local/lib/python3.7/site-packages/airflow/example_dags/tutorial_taskflow_api_virtualenv.py
[2023-04-16T18:13:32.326+0000] {processor.py:753} INFO - DAG(s) dict_keys(['tutorial_taskflow_api_virtualenv']) retrieved from /home/airflow/.local/lib/python3.7/site-packages/airflow/example_dags/tutorial_taskflow_api_virtualenv.py
[2023-04-16T18:13:32.379+0000] {logging_mixin.py:137} INFO - [2023-04-16T18:13:32.379+0000] {dag.py:2705} INFO - Sync 1 DAGs
[2023-04-16T18:13:32.417+0000] {logging_mixin.py:137} INFO - [2023-04-16T18:13:32.417+0000] {dag.py:3456} INFO - Setting next_dagrun for tutorial_taskflow_api_virtualenv to None, run_after=None
[2023-04-16T18:13:32.443+0000] {processor.py:175} INFO - Processing /home/airflow/.local/lib/python3.7/site-packages/airflow/example_dags/tutorial_taskflow_api_virtualenv.py took 0.163 seconds
[2023-04-16T18:14:02.797+0000] {processor.py:153} INFO - Started process (PID=1489) to work on /home/airflow/.local/lib/python3.7/site-packages/airflow/example_dags/tutorial_taskflow_api_virtualenv.py
[2023-04-16T18:14:02.799+0000] {processor.py:743} INFO - Processing file /home/airflow/.local/lib/python3.7/site-packages/airflow/example_dags/tutorial_taskflow_api_virtualenv.py for tasks to queue
[2023-04-16T18:14:02.800+0000] {logging_mixin.py:137} INFO - [2023-04-16T18:14:02.800+0000] {dagbag.py:532} INFO - Filling up the DagBag from /home/airflow/.local/lib/python3.7/site-packages/airflow/example_dags/tutorial_taskflow_api_virtualenv.py
[2023-04-16T18:14:02.846+0000] {processor.py:753} INFO - DAG(s) dict_keys(['tutorial_taskflow_api_virtualenv']) retrieved from /home/airflow/.local/lib/python3.7/site-packages/airflow/example_dags/tutorial_taskflow_api_virtualenv.py
[2023-04-16T18:14:02.897+0000] {logging_mixin.py:137} INFO - [2023-04-16T18:14:02.897+0000] {dag.py:2705} INFO - Sync 1 DAGs
[2023-04-16T18:14:02.938+0000] {logging_mixin.py:137} INFO - [2023-04-16T18:14:02.938+0000] {dag.py:3456} INFO - Setting next_dagrun for tutorial_taskflow_api_virtualenv to None, run_after=None
[2023-04-16T18:14:02.963+0000] {processor.py:175} INFO - Processing /home/airflow/.local/lib/python3.7/site-packages/airflow/example_dags/tutorial_taskflow_api_virtualenv.py took 0.174 seconds
[2023-04-16T18:14:33.429+0000] {processor.py:153} INFO - Started process (PID=1539) to work on /home/airflow/.local/lib/python3.7/site-packages/airflow/example_dags/tutorial_taskflow_api_virtualenv.py
[2023-04-16T18:14:33.431+0000] {processor.py:743} INFO - Processing file /home/airflow/.local/lib/python3.7/site-packages/airflow/example_dags/tutorial_taskflow_api_virtualenv.py for tasks to queue
[2023-04-16T18:14:33.432+0000] {logging_mixin.py:137} INFO - [2023-04-16T18:14:33.432+0000] {dagbag.py:532} INFO - Filling up the DagBag from /home/airflow/.local/lib/python3.7/site-packages/airflow/example_dags/tutorial_taskflow_api_virtualenv.py
[2023-04-16T18:14:33.464+0000] {processor.py:753} INFO - DAG(s) dict_keys(['tutorial_taskflow_api_virtualenv']) retrieved from /home/airflow/.local/lib/python3.7/site-packages/airflow/example_dags/tutorial_taskflow_api_virtualenv.py
[2023-04-16T18:14:33.504+0000] {logging_mixin.py:137} INFO - [2023-04-16T18:14:33.503+0000] {dag.py:2705} INFO - Sync 1 DAGs
[2023-04-16T18:14:33.539+0000] {logging_mixin.py:137} INFO - [2023-04-16T18:14:33.539+0000] {dag.py:3456} INFO - Setting next_dagrun for tutorial_taskflow_api_virtualenv to None, run_after=None
[2023-04-16T18:14:33.563+0000] {processor.py:175} INFO - Processing /home/airflow/.local/lib/python3.7/site-packages/airflow/example_dags/tutorial_taskflow_api_virtualenv.py took 0.139 seconds
[2023-04-16T18:15:04.206+0000] {processor.py:153} INFO - Started process (PID=1589) to work on /home/airflow/.local/lib/python3.7/site-packages/airflow/example_dags/tutorial_taskflow_api_virtualenv.py
[2023-04-16T18:15:04.208+0000] {processor.py:743} INFO - Processing file /home/airflow/.local/lib/python3.7/site-packages/airflow/example_dags/tutorial_taskflow_api_virtualenv.py for tasks to queue
[2023-04-16T18:15:04.210+0000] {logging_mixin.py:137} INFO - [2023-04-16T18:15:04.209+0000] {dagbag.py:532} INFO - Filling up the DagBag from /home/airflow/.local/lib/python3.7/site-packages/airflow/example_dags/tutorial_taskflow_api_virtualenv.py
[2023-04-16T18:15:04.244+0000] {processor.py:753} INFO - DAG(s) dict_keys(['tutorial_taskflow_api_virtualenv']) retrieved from /home/airflow/.local/lib/python3.7/site-packages/airflow/example_dags/tutorial_taskflow_api_virtualenv.py
[2023-04-16T18:15:04.282+0000] {logging_mixin.py:137} INFO - [2023-04-16T18:15:04.282+0000] {dag.py:2705} INFO - Sync 1 DAGs
[2023-04-16T18:15:04.319+0000] {logging_mixin.py:137} INFO - [2023-04-16T18:15:04.319+0000] {dag.py:3456} INFO - Setting next_dagrun for tutorial_taskflow_api_virtualenv to None, run_after=None
[2023-04-16T18:15:04.345+0000] {processor.py:175} INFO - Processing /home/airflow/.local/lib/python3.7/site-packages/airflow/example_dags/tutorial_taskflow_api_virtualenv.py took 0.146 seconds
[2023-04-16T18:15:34.954+0000] {processor.py:153} INFO - Started process (PID=1639) to work on /home/airflow/.local/lib/python3.7/site-packages/airflow/example_dags/tutorial_taskflow_api_virtualenv.py
[2023-04-16T18:15:34.956+0000] {processor.py:743} INFO - Processing file /home/airflow/.local/lib/python3.7/site-packages/airflow/example_dags/tutorial_taskflow_api_virtualenv.py for tasks to queue
[2023-04-16T18:15:34.958+0000] {logging_mixin.py:137} INFO - [2023-04-16T18:15:34.957+0000] {dagbag.py:532} INFO - Filling up the DagBag from /home/airflow/.local/lib/python3.7/site-packages/airflow/example_dags/tutorial_taskflow_api_virtualenv.py
[2023-04-16T18:15:34.991+0000] {processor.py:753} INFO - DAG(s) dict_keys(['tutorial_taskflow_api_virtualenv']) retrieved from /home/airflow/.local/lib/python3.7/site-packages/airflow/example_dags/tutorial_taskflow_api_virtualenv.py
[2023-04-16T18:15:35.032+0000] {logging_mixin.py:137} INFO - [2023-04-16T18:15:35.032+0000] {dag.py:2705} INFO - Sync 1 DAGs
[2023-04-16T18:15:35.094+0000] {logging_mixin.py:137} INFO - [2023-04-16T18:15:35.094+0000] {dag.py:3456} INFO - Setting next_dagrun for tutorial_taskflow_api_virtualenv to None, run_after=None
[2023-04-16T18:15:35.133+0000] {processor.py:175} INFO - Processing /home/airflow/.local/lib/python3.7/site-packages/airflow/example_dags/tutorial_taskflow_api_virtualenv.py took 0.186 seconds
[2023-04-16T18:16:05.726+0000] {processor.py:153} INFO - Started process (PID=1689) to work on /home/airflow/.local/lib/python3.7/site-packages/airflow/example_dags/tutorial_taskflow_api_virtualenv.py
[2023-04-16T18:16:05.727+0000] {processor.py:743} INFO - Processing file /home/airflow/.local/lib/python3.7/site-packages/airflow/example_dags/tutorial_taskflow_api_virtualenv.py for tasks to queue
[2023-04-16T18:16:05.729+0000] {logging_mixin.py:137} INFO - [2023-04-16T18:16:05.728+0000] {dagbag.py:532} INFO - Filling up the DagBag from /home/airflow/.local/lib/python3.7/site-packages/airflow/example_dags/tutorial_taskflow_api_virtualenv.py
[2023-04-16T18:16:05.763+0000] {processor.py:753} INFO - DAG(s) dict_keys(['tutorial_taskflow_api_virtualenv']) retrieved from /home/airflow/.local/lib/python3.7/site-packages/airflow/example_dags/tutorial_taskflow_api_virtualenv.py
[2023-04-16T18:16:05.800+0000] {logging_mixin.py:137} INFO - [2023-04-16T18:16:05.800+0000] {dag.py:2705} INFO - Sync 1 DAGs
[2023-04-16T18:16:05.844+0000] {logging_mixin.py:137} INFO - [2023-04-16T18:16:05.844+0000] {dag.py:3456} INFO - Setting next_dagrun for tutorial_taskflow_api_virtualenv to None, run_after=None
[2023-04-16T18:16:05.873+0000] {processor.py:175} INFO - Processing /home/airflow/.local/lib/python3.7/site-packages/airflow/example_dags/tutorial_taskflow_api_virtualenv.py took 0.154 seconds
[2023-04-16T18:16:36.241+0000] {processor.py:153} INFO - Started process (PID=1739) to work on /home/airflow/.local/lib/python3.7/site-packages/airflow/example_dags/tutorial_taskflow_api_virtualenv.py
[2023-04-16T18:16:36.243+0000] {processor.py:743} INFO - Processing file /home/airflow/.local/lib/python3.7/site-packages/airflow/example_dags/tutorial_taskflow_api_virtualenv.py for tasks to queue
[2023-04-16T18:16:36.244+0000] {logging_mixin.py:137} INFO - [2023-04-16T18:16:36.243+0000] {dagbag.py:532} INFO - Filling up the DagBag from /home/airflow/.local/lib/python3.7/site-packages/airflow/example_dags/tutorial_taskflow_api_virtualenv.py
[2023-04-16T18:16:36.274+0000] {processor.py:753} INFO - DAG(s) dict_keys(['tutorial_taskflow_api_virtualenv']) retrieved from /home/airflow/.local/lib/python3.7/site-packages/airflow/example_dags/tutorial_taskflow_api_virtualenv.py
[2023-04-16T18:16:36.315+0000] {logging_mixin.py:137} INFO - [2023-04-16T18:16:36.315+0000] {dag.py:2705} INFO - Sync 1 DAGs
[2023-04-16T18:16:36.371+0000] {logging_mixin.py:137} INFO - [2023-04-16T18:16:36.371+0000] {dag.py:3456} INFO - Setting next_dagrun for tutorial_taskflow_api_virtualenv to None, run_after=None
[2023-04-16T18:16:36.401+0000] {processor.py:175} INFO - Processing /home/airflow/.local/lib/python3.7/site-packages/airflow/example_dags/tutorial_taskflow_api_virtualenv.py took 0.165 seconds
[2023-04-16T18:17:07.021+0000] {processor.py:153} INFO - Started process (PID=1789) to work on /home/airflow/.local/lib/python3.7/site-packages/airflow/example_dags/tutorial_taskflow_api_virtualenv.py
[2023-04-16T18:17:07.023+0000] {processor.py:743} INFO - Processing file /home/airflow/.local/lib/python3.7/site-packages/airflow/example_dags/tutorial_taskflow_api_virtualenv.py for tasks to queue
[2023-04-16T18:17:07.025+0000] {logging_mixin.py:137} INFO - [2023-04-16T18:17:07.024+0000] {dagbag.py:532} INFO - Filling up the DagBag from /home/airflow/.local/lib/python3.7/site-packages/airflow/example_dags/tutorial_taskflow_api_virtualenv.py
[2023-04-16T18:17:07.062+0000] {processor.py:753} INFO - DAG(s) dict_keys(['tutorial_taskflow_api_virtualenv']) retrieved from /home/airflow/.local/lib/python3.7/site-packages/airflow/example_dags/tutorial_taskflow_api_virtualenv.py
[2023-04-16T18:17:07.100+0000] {logging_mixin.py:137} INFO - [2023-04-16T18:17:07.100+0000] {dag.py:2705} INFO - Sync 1 DAGs
[2023-04-16T18:17:07.154+0000] {logging_mixin.py:137} INFO - [2023-04-16T18:17:07.154+0000] {dag.py:3456} INFO - Setting next_dagrun for tutorial_taskflow_api_virtualenv to None, run_after=None
[2023-04-16T18:17:07.179+0000] {processor.py:175} INFO - Processing /home/airflow/.local/lib/python3.7/site-packages/airflow/example_dags/tutorial_taskflow_api_virtualenv.py took 0.164 seconds
[2023-04-16T18:17:37.826+0000] {processor.py:153} INFO - Started process (PID=1839) to work on /home/airflow/.local/lib/python3.7/site-packages/airflow/example_dags/tutorial_taskflow_api_virtualenv.py
[2023-04-16T18:17:37.828+0000] {processor.py:743} INFO - Processing file /home/airflow/.local/lib/python3.7/site-packages/airflow/example_dags/tutorial_taskflow_api_virtualenv.py for tasks to queue
[2023-04-16T18:17:37.830+0000] {logging_mixin.py:137} INFO - [2023-04-16T18:17:37.829+0000] {dagbag.py:532} INFO - Filling up the DagBag from /home/airflow/.local/lib/python3.7/site-packages/airflow/example_dags/tutorial_taskflow_api_virtualenv.py
[2023-04-16T18:17:37.867+0000] {processor.py:753} INFO - DAG(s) dict_keys(['tutorial_taskflow_api_virtualenv']) retrieved from /home/airflow/.local/lib/python3.7/site-packages/airflow/example_dags/tutorial_taskflow_api_virtualenv.py
[2023-04-16T18:17:37.916+0000] {logging_mixin.py:137} INFO - [2023-04-16T18:17:37.916+0000] {dag.py:2705} INFO - Sync 1 DAGs
[2023-04-16T18:17:37.953+0000] {logging_mixin.py:137} INFO - [2023-04-16T18:17:37.952+0000] {dag.py:3456} INFO - Setting next_dagrun for tutorial_taskflow_api_virtualenv to None, run_after=None
[2023-04-16T18:17:37.981+0000] {processor.py:175} INFO - Processing /home/airflow/.local/lib/python3.7/site-packages/airflow/example_dags/tutorial_taskflow_api_virtualenv.py took 0.160 seconds
[2023-04-16T18:18:08.630+0000] {processor.py:153} INFO - Started process (PID=1889) to work on /home/airflow/.local/lib/python3.7/site-packages/airflow/example_dags/tutorial_taskflow_api_virtualenv.py
[2023-04-16T18:18:08.631+0000] {processor.py:743} INFO - Processing file /home/airflow/.local/lib/python3.7/site-packages/airflow/example_dags/tutorial_taskflow_api_virtualenv.py for tasks to queue
[2023-04-16T18:18:08.632+0000] {logging_mixin.py:137} INFO - [2023-04-16T18:18:08.632+0000] {dagbag.py:532} INFO - Filling up the DagBag from /home/airflow/.local/lib/python3.7/site-packages/airflow/example_dags/tutorial_taskflow_api_virtualenv.py
[2023-04-16T18:18:08.665+0000] {processor.py:753} INFO - DAG(s) dict_keys(['tutorial_taskflow_api_virtualenv']) retrieved from /home/airflow/.local/lib/python3.7/site-packages/airflow/example_dags/tutorial_taskflow_api_virtualenv.py
[2023-04-16T18:18:08.704+0000] {logging_mixin.py:137} INFO - [2023-04-16T18:18:08.703+0000] {dag.py:2705} INFO - Sync 1 DAGs
[2023-04-16T18:18:08.741+0000] {logging_mixin.py:137} INFO - [2023-04-16T18:18:08.741+0000] {dag.py:3456} INFO - Setting next_dagrun for tutorial_taskflow_api_virtualenv to None, run_after=None
[2023-04-16T18:18:08.765+0000] {processor.py:175} INFO - Processing /home/airflow/.local/lib/python3.7/site-packages/airflow/example_dags/tutorial_taskflow_api_virtualenv.py took 0.142 seconds
[2023-04-16T18:18:39.187+0000] {processor.py:153} INFO - Started process (PID=1939) to work on /home/airflow/.local/lib/python3.7/site-packages/airflow/example_dags/tutorial_taskflow_api_virtualenv.py
[2023-04-16T18:18:39.189+0000] {processor.py:743} INFO - Processing file /home/airflow/.local/lib/python3.7/site-packages/airflow/example_dags/tutorial_taskflow_api_virtualenv.py for tasks to queue
[2023-04-16T18:18:39.190+0000] {logging_mixin.py:137} INFO - [2023-04-16T18:18:39.190+0000] {dagbag.py:532} INFO - Filling up the DagBag from /home/airflow/.local/lib/python3.7/site-packages/airflow/example_dags/tutorial_taskflow_api_virtualenv.py
[2023-04-16T18:18:39.223+0000] {processor.py:753} INFO - DAG(s) dict_keys(['tutorial_taskflow_api_virtualenv']) retrieved from /home/airflow/.local/lib/python3.7/site-packages/airflow/example_dags/tutorial_taskflow_api_virtualenv.py
[2023-04-16T18:18:39.268+0000] {logging_mixin.py:137} INFO - [2023-04-16T18:18:39.268+0000] {dag.py:2705} INFO - Sync 1 DAGs
[2023-04-16T18:18:39.306+0000] {logging_mixin.py:137} INFO - [2023-04-16T18:18:39.306+0000] {dag.py:3456} INFO - Setting next_dagrun for tutorial_taskflow_api_virtualenv to None, run_after=None
[2023-04-16T18:18:39.332+0000] {processor.py:175} INFO - Processing /home/airflow/.local/lib/python3.7/site-packages/airflow/example_dags/tutorial_taskflow_api_virtualenv.py took 0.150 seconds
[2023-04-16T18:19:09.936+0000] {processor.py:153} INFO - Started process (PID=1989) to work on /home/airflow/.local/lib/python3.7/site-packages/airflow/example_dags/tutorial_taskflow_api_virtualenv.py
[2023-04-16T18:19:09.937+0000] {processor.py:743} INFO - Processing file /home/airflow/.local/lib/python3.7/site-packages/airflow/example_dags/tutorial_taskflow_api_virtualenv.py for tasks to queue
[2023-04-16T18:19:09.939+0000] {logging_mixin.py:137} INFO - [2023-04-16T18:19:09.938+0000] {dagbag.py:532} INFO - Filling up the DagBag from /home/airflow/.local/lib/python3.7/site-packages/airflow/example_dags/tutorial_taskflow_api_virtualenv.py
[2023-04-16T18:19:09.988+0000] {processor.py:753} INFO - DAG(s) dict_keys(['tutorial_taskflow_api_virtualenv']) retrieved from /home/airflow/.local/lib/python3.7/site-packages/airflow/example_dags/tutorial_taskflow_api_virtualenv.py
[2023-04-16T18:19:10.055+0000] {logging_mixin.py:137} INFO - [2023-04-16T18:19:10.055+0000] {dag.py:2705} INFO - Sync 1 DAGs
[2023-04-16T18:19:10.097+0000] {logging_mixin.py:137} INFO - [2023-04-16T18:19:10.097+0000] {dag.py:3456} INFO - Setting next_dagrun for tutorial_taskflow_api_virtualenv to None, run_after=None
[2023-04-16T18:19:10.131+0000] {processor.py:175} INFO - Processing /home/airflow/.local/lib/python3.7/site-packages/airflow/example_dags/tutorial_taskflow_api_virtualenv.py took 0.204 seconds
[2023-04-16T18:19:40.804+0000] {processor.py:153} INFO - Started process (PID=2046) to work on /home/airflow/.local/lib/python3.7/site-packages/airflow/example_dags/tutorial_taskflow_api_virtualenv.py
[2023-04-16T18:19:40.806+0000] {processor.py:743} INFO - Processing file /home/airflow/.local/lib/python3.7/site-packages/airflow/example_dags/tutorial_taskflow_api_virtualenv.py for tasks to queue
[2023-04-16T18:19:40.807+0000] {logging_mixin.py:137} INFO - [2023-04-16T18:19:40.806+0000] {dagbag.py:532} INFO - Filling up the DagBag from /home/airflow/.local/lib/python3.7/site-packages/airflow/example_dags/tutorial_taskflow_api_virtualenv.py
[2023-04-16T18:19:40.845+0000] {processor.py:753} INFO - DAG(s) dict_keys(['tutorial_taskflow_api_virtualenv']) retrieved from /home/airflow/.local/lib/python3.7/site-packages/airflow/example_dags/tutorial_taskflow_api_virtualenv.py
[2023-04-16T18:19:40.884+0000] {logging_mixin.py:137} INFO - [2023-04-16T18:19:40.883+0000] {dag.py:2705} INFO - Sync 1 DAGs
[2023-04-16T18:19:40.937+0000] {logging_mixin.py:137} INFO - [2023-04-16T18:19:40.937+0000] {dag.py:3456} INFO - Setting next_dagrun for tutorial_taskflow_api_virtualenv to None, run_after=None
[2023-04-16T18:19:40.973+0000] {processor.py:175} INFO - Processing /home/airflow/.local/lib/python3.7/site-packages/airflow/example_dags/tutorial_taskflow_api_virtualenv.py took 0.174 seconds
[2023-04-16T18:20:11.499+0000] {processor.py:153} INFO - Started process (PID=2096) to work on /home/airflow/.local/lib/python3.7/site-packages/airflow/example_dags/tutorial_taskflow_api_virtualenv.py
[2023-04-16T18:20:11.504+0000] {processor.py:743} INFO - Processing file /home/airflow/.local/lib/python3.7/site-packages/airflow/example_dags/tutorial_taskflow_api_virtualenv.py for tasks to queue
[2023-04-16T18:20:11.506+0000] {logging_mixin.py:137} INFO - [2023-04-16T18:20:11.505+0000] {dagbag.py:532} INFO - Filling up the DagBag from /home/airflow/.local/lib/python3.7/site-packages/airflow/example_dags/tutorial_taskflow_api_virtualenv.py
[2023-04-16T18:20:11.545+0000] {processor.py:753} INFO - DAG(s) dict_keys(['tutorial_taskflow_api_virtualenv']) retrieved from /home/airflow/.local/lib/python3.7/site-packages/airflow/example_dags/tutorial_taskflow_api_virtualenv.py
[2023-04-16T18:20:11.583+0000] {logging_mixin.py:137} INFO - [2023-04-16T18:20:11.583+0000] {dag.py:2705} INFO - Sync 1 DAGs
[2023-04-16T18:20:11.618+0000] {logging_mixin.py:137} INFO - [2023-04-16T18:20:11.618+0000] {dag.py:3456} INFO - Setting next_dagrun for tutorial_taskflow_api_virtualenv to None, run_after=None
[2023-04-16T18:20:11.647+0000] {processor.py:175} INFO - Processing /home/airflow/.local/lib/python3.7/site-packages/airflow/example_dags/tutorial_taskflow_api_virtualenv.py took 0.156 seconds
[2023-04-16T18:20:42.123+0000] {processor.py:153} INFO - Started process (PID=2147) to work on /home/airflow/.local/lib/python3.7/site-packages/airflow/example_dags/tutorial_taskflow_api_virtualenv.py
[2023-04-16T18:20:42.124+0000] {processor.py:743} INFO - Processing file /home/airflow/.local/lib/python3.7/site-packages/airflow/example_dags/tutorial_taskflow_api_virtualenv.py for tasks to queue
[2023-04-16T18:20:42.125+0000] {logging_mixin.py:137} INFO - [2023-04-16T18:20:42.125+0000] {dagbag.py:532} INFO - Filling up the DagBag from /home/airflow/.local/lib/python3.7/site-packages/airflow/example_dags/tutorial_taskflow_api_virtualenv.py
[2023-04-16T18:20:42.156+0000] {processor.py:753} INFO - DAG(s) dict_keys(['tutorial_taskflow_api_virtualenv']) retrieved from /home/airflow/.local/lib/python3.7/site-packages/airflow/example_dags/tutorial_taskflow_api_virtualenv.py
[2023-04-16T18:20:42.195+0000] {logging_mixin.py:137} INFO - [2023-04-16T18:20:42.195+0000] {dag.py:2705} INFO - Sync 1 DAGs
[2023-04-16T18:20:42.240+0000] {logging_mixin.py:137} INFO - [2023-04-16T18:20:42.239+0000] {dag.py:3456} INFO - Setting next_dagrun for tutorial_taskflow_api_virtualenv to None, run_after=None
[2023-04-16T18:20:42.264+0000] {processor.py:175} INFO - Processing /home/airflow/.local/lib/python3.7/site-packages/airflow/example_dags/tutorial_taskflow_api_virtualenv.py took 0.146 seconds
[2023-04-16T18:21:12.709+0000] {processor.py:153} INFO - Started process (PID=2197) to work on /home/airflow/.local/lib/python3.7/site-packages/airflow/example_dags/tutorial_taskflow_api_virtualenv.py
[2023-04-16T18:21:12.711+0000] {processor.py:743} INFO - Processing file /home/airflow/.local/lib/python3.7/site-packages/airflow/example_dags/tutorial_taskflow_api_virtualenv.py for tasks to queue
[2023-04-16T18:21:12.712+0000] {logging_mixin.py:137} INFO - [2023-04-16T18:21:12.712+0000] {dagbag.py:532} INFO - Filling up the DagBag from /home/airflow/.local/lib/python3.7/site-packages/airflow/example_dags/tutorial_taskflow_api_virtualenv.py
[2023-04-16T18:21:12.743+0000] {processor.py:753} INFO - DAG(s) dict_keys(['tutorial_taskflow_api_virtualenv']) retrieved from /home/airflow/.local/lib/python3.7/site-packages/airflow/example_dags/tutorial_taskflow_api_virtualenv.py
[2023-04-16T18:21:12.781+0000] {logging_mixin.py:137} INFO - [2023-04-16T18:21:12.781+0000] {dag.py:2705} INFO - Sync 1 DAGs
[2023-04-16T18:21:12.817+0000] {logging_mixin.py:137} INFO - [2023-04-16T18:21:12.817+0000] {dag.py:3456} INFO - Setting next_dagrun for tutorial_taskflow_api_virtualenv to None, run_after=None
[2023-04-16T18:21:12.844+0000] {processor.py:175} INFO - Processing /home/airflow/.local/lib/python3.7/site-packages/airflow/example_dags/tutorial_taskflow_api_virtualenv.py took 0.140 seconds
[2023-04-16T18:21:42.980+0000] {processor.py:153} INFO - Started process (PID=2247) to work on /home/airflow/.local/lib/python3.7/site-packages/airflow/example_dags/tutorial_taskflow_api_virtualenv.py
[2023-04-16T18:21:42.981+0000] {processor.py:743} INFO - Processing file /home/airflow/.local/lib/python3.7/site-packages/airflow/example_dags/tutorial_taskflow_api_virtualenv.py for tasks to queue
[2023-04-16T18:21:42.982+0000] {logging_mixin.py:137} INFO - [2023-04-16T18:21:42.982+0000] {dagbag.py:532} INFO - Filling up the DagBag from /home/airflow/.local/lib/python3.7/site-packages/airflow/example_dags/tutorial_taskflow_api_virtualenv.py
[2023-04-16T18:21:43.015+0000] {processor.py:753} INFO - DAG(s) dict_keys(['tutorial_taskflow_api_virtualenv']) retrieved from /home/airflow/.local/lib/python3.7/site-packages/airflow/example_dags/tutorial_taskflow_api_virtualenv.py
[2023-04-16T18:21:43.052+0000] {logging_mixin.py:137} INFO - [2023-04-16T18:21:43.051+0000] {dag.py:2705} INFO - Sync 1 DAGs
[2023-04-16T18:21:43.088+0000] {logging_mixin.py:137} INFO - [2023-04-16T18:21:43.088+0000] {dag.py:3456} INFO - Setting next_dagrun for tutorial_taskflow_api_virtualenv to None, run_after=None
[2023-04-16T18:21:43.114+0000] {processor.py:175} INFO - Processing /home/airflow/.local/lib/python3.7/site-packages/airflow/example_dags/tutorial_taskflow_api_virtualenv.py took 0.139 seconds
[2023-04-16T18:22:13.327+0000] {processor.py:153} INFO - Started process (PID=2297) to work on /home/airflow/.local/lib/python3.7/site-packages/airflow/example_dags/tutorial_taskflow_api_virtualenv.py
[2023-04-16T18:22:13.329+0000] {processor.py:743} INFO - Processing file /home/airflow/.local/lib/python3.7/site-packages/airflow/example_dags/tutorial_taskflow_api_virtualenv.py for tasks to queue
[2023-04-16T18:22:13.330+0000] {logging_mixin.py:137} INFO - [2023-04-16T18:22:13.330+0000] {dagbag.py:532} INFO - Filling up the DagBag from /home/airflow/.local/lib/python3.7/site-packages/airflow/example_dags/tutorial_taskflow_api_virtualenv.py
[2023-04-16T18:22:13.362+0000] {processor.py:753} INFO - DAG(s) dict_keys(['tutorial_taskflow_api_virtualenv']) retrieved from /home/airflow/.local/lib/python3.7/site-packages/airflow/example_dags/tutorial_taskflow_api_virtualenv.py
[2023-04-16T18:22:13.399+0000] {logging_mixin.py:137} INFO - [2023-04-16T18:22:13.399+0000] {dag.py:2705} INFO - Sync 1 DAGs
[2023-04-16T18:22:13.434+0000] {logging_mixin.py:137} INFO - [2023-04-16T18:22:13.434+0000] {dag.py:3456} INFO - Setting next_dagrun for tutorial_taskflow_api_virtualenv to None, run_after=None
[2023-04-16T18:22:13.459+0000] {processor.py:175} INFO - Processing /home/airflow/.local/lib/python3.7/site-packages/airflow/example_dags/tutorial_taskflow_api_virtualenv.py took 0.137 seconds
[2023-04-16T18:22:43.521+0000] {processor.py:153} INFO - Started process (PID=2347) to work on /home/airflow/.local/lib/python3.7/site-packages/airflow/example_dags/tutorial_taskflow_api_virtualenv.py
[2023-04-16T18:22:43.522+0000] {processor.py:743} INFO - Processing file /home/airflow/.local/lib/python3.7/site-packages/airflow/example_dags/tutorial_taskflow_api_virtualenv.py for tasks to queue
[2023-04-16T18:22:43.523+0000] {logging_mixin.py:137} INFO - [2023-04-16T18:22:43.522+0000] {dagbag.py:532} INFO - Filling up the DagBag from /home/airflow/.local/lib/python3.7/site-packages/airflow/example_dags/tutorial_taskflow_api_virtualenv.py
[2023-04-16T18:22:43.558+0000] {processor.py:753} INFO - DAG(s) dict_keys(['tutorial_taskflow_api_virtualenv']) retrieved from /home/airflow/.local/lib/python3.7/site-packages/airflow/example_dags/tutorial_taskflow_api_virtualenv.py
[2023-04-16T18:22:43.598+0000] {logging_mixin.py:137} INFO - [2023-04-16T18:22:43.598+0000] {dag.py:2705} INFO - Sync 1 DAGs
[2023-04-16T18:22:43.634+0000] {logging_mixin.py:137} INFO - [2023-04-16T18:22:43.634+0000] {dag.py:3456} INFO - Setting next_dagrun for tutorial_taskflow_api_virtualenv to None, run_after=None
[2023-04-16T18:22:43.658+0000] {processor.py:175} INFO - Processing /home/airflow/.local/lib/python3.7/site-packages/airflow/example_dags/tutorial_taskflow_api_virtualenv.py took 0.144 seconds
[2023-04-16T18:23:13.933+0000] {processor.py:153} INFO - Started process (PID=2397) to work on /home/airflow/.local/lib/python3.7/site-packages/airflow/example_dags/tutorial_taskflow_api_virtualenv.py
[2023-04-16T18:23:13.935+0000] {processor.py:743} INFO - Processing file /home/airflow/.local/lib/python3.7/site-packages/airflow/example_dags/tutorial_taskflow_api_virtualenv.py for tasks to queue
[2023-04-16T18:23:13.936+0000] {logging_mixin.py:137} INFO - [2023-04-16T18:23:13.936+0000] {dagbag.py:532} INFO - Filling up the DagBag from /home/airflow/.local/lib/python3.7/site-packages/airflow/example_dags/tutorial_taskflow_api_virtualenv.py
[2023-04-16T18:23:13.974+0000] {processor.py:753} INFO - DAG(s) dict_keys(['tutorial_taskflow_api_virtualenv']) retrieved from /home/airflow/.local/lib/python3.7/site-packages/airflow/example_dags/tutorial_taskflow_api_virtualenv.py
[2023-04-16T18:23:14.010+0000] {logging_mixin.py:137} INFO - [2023-04-16T18:23:14.009+0000] {dag.py:2705} INFO - Sync 1 DAGs
[2023-04-16T18:23:14.066+0000] {logging_mixin.py:137} INFO - [2023-04-16T18:23:14.065+0000] {dag.py:3456} INFO - Setting next_dagrun for tutorial_taskflow_api_virtualenv to None, run_after=None
[2023-04-16T18:23:14.096+0000] {processor.py:175} INFO - Processing /home/airflow/.local/lib/python3.7/site-packages/airflow/example_dags/tutorial_taskflow_api_virtualenv.py took 0.168 seconds
[2023-04-16T18:23:44.397+0000] {processor.py:153} INFO - Started process (PID=2447) to work on /home/airflow/.local/lib/python3.7/site-packages/airflow/example_dags/tutorial_taskflow_api_virtualenv.py
[2023-04-16T18:23:44.398+0000] {processor.py:743} INFO - Processing file /home/airflow/.local/lib/python3.7/site-packages/airflow/example_dags/tutorial_taskflow_api_virtualenv.py for tasks to queue
[2023-04-16T18:23:44.400+0000] {logging_mixin.py:137} INFO - [2023-04-16T18:23:44.399+0000] {dagbag.py:532} INFO - Filling up the DagBag from /home/airflow/.local/lib/python3.7/site-packages/airflow/example_dags/tutorial_taskflow_api_virtualenv.py
[2023-04-16T18:23:44.433+0000] {processor.py:753} INFO - DAG(s) dict_keys(['tutorial_taskflow_api_virtualenv']) retrieved from /home/airflow/.local/lib/python3.7/site-packages/airflow/example_dags/tutorial_taskflow_api_virtualenv.py
[2023-04-16T18:23:44.471+0000] {logging_mixin.py:137} INFO - [2023-04-16T18:23:44.471+0000] {dag.py:2705} INFO - Sync 1 DAGs
[2023-04-16T18:23:44.509+0000] {logging_mixin.py:137} INFO - [2023-04-16T18:23:44.509+0000] {dag.py:3456} INFO - Setting next_dagrun for tutorial_taskflow_api_virtualenv to None, run_after=None
[2023-04-16T18:23:44.535+0000] {processor.py:175} INFO - Processing /home/airflow/.local/lib/python3.7/site-packages/airflow/example_dags/tutorial_taskflow_api_virtualenv.py took 0.146 seconds
[2023-04-16T18:24:14.775+0000] {processor.py:153} INFO - Started process (PID=2497) to work on /home/airflow/.local/lib/python3.7/site-packages/airflow/example_dags/tutorial_taskflow_api_virtualenv.py
[2023-04-16T18:24:14.777+0000] {processor.py:743} INFO - Processing file /home/airflow/.local/lib/python3.7/site-packages/airflow/example_dags/tutorial_taskflow_api_virtualenv.py for tasks to queue
[2023-04-16T18:24:14.778+0000] {logging_mixin.py:137} INFO - [2023-04-16T18:24:14.778+0000] {dagbag.py:532} INFO - Filling up the DagBag from /home/airflow/.local/lib/python3.7/site-packages/airflow/example_dags/tutorial_taskflow_api_virtualenv.py
[2023-04-16T18:24:14.813+0000] {processor.py:753} INFO - DAG(s) dict_keys(['tutorial_taskflow_api_virtualenv']) retrieved from /home/airflow/.local/lib/python3.7/site-packages/airflow/example_dags/tutorial_taskflow_api_virtualenv.py
[2023-04-16T18:24:14.859+0000] {logging_mixin.py:137} INFO - [2023-04-16T18:24:14.859+0000] {dag.py:2705} INFO - Sync 1 DAGs
[2023-04-16T18:24:14.896+0000] {logging_mixin.py:137} INFO - [2023-04-16T18:24:14.896+0000] {dag.py:3456} INFO - Setting next_dagrun for tutorial_taskflow_api_virtualenv to None, run_after=None
[2023-04-16T18:24:14.924+0000] {processor.py:175} INFO - Processing /home/airflow/.local/lib/python3.7/site-packages/airflow/example_dags/tutorial_taskflow_api_virtualenv.py took 0.155 seconds
[2023-04-16T18:24:44.995+0000] {processor.py:153} INFO - Started process (PID=2547) to work on /home/airflow/.local/lib/python3.7/site-packages/airflow/example_dags/tutorial_taskflow_api_virtualenv.py
[2023-04-16T18:24:44.996+0000] {processor.py:743} INFO - Processing file /home/airflow/.local/lib/python3.7/site-packages/airflow/example_dags/tutorial_taskflow_api_virtualenv.py for tasks to queue
[2023-04-16T18:24:44.997+0000] {logging_mixin.py:137} INFO - [2023-04-16T18:24:44.996+0000] {dagbag.py:532} INFO - Filling up the DagBag from /home/airflow/.local/lib/python3.7/site-packages/airflow/example_dags/tutorial_taskflow_api_virtualenv.py
[2023-04-16T18:24:45.027+0000] {processor.py:753} INFO - DAG(s) dict_keys(['tutorial_taskflow_api_virtualenv']) retrieved from /home/airflow/.local/lib/python3.7/site-packages/airflow/example_dags/tutorial_taskflow_api_virtualenv.py
[2023-04-16T18:24:45.065+0000] {logging_mixin.py:137} INFO - [2023-04-16T18:24:45.064+0000] {dag.py:2705} INFO - Sync 1 DAGs
[2023-04-16T18:24:45.099+0000] {logging_mixin.py:137} INFO - [2023-04-16T18:24:45.099+0000] {dag.py:3456} INFO - Setting next_dagrun for tutorial_taskflow_api_virtualenv to None, run_after=None
[2023-04-16T18:24:45.126+0000] {processor.py:175} INFO - Processing /home/airflow/.local/lib/python3.7/site-packages/airflow/example_dags/tutorial_taskflow_api_virtualenv.py took 0.137 seconds
[2023-04-16T18:25:15.945+0000] {processor.py:153} INFO - Started process (PID=2596) to work on /home/airflow/.local/lib/python3.7/site-packages/airflow/example_dags/tutorial_taskflow_api_virtualenv.py
[2023-04-16T18:25:15.947+0000] {processor.py:743} INFO - Processing file /home/airflow/.local/lib/python3.7/site-packages/airflow/example_dags/tutorial_taskflow_api_virtualenv.py for tasks to queue
[2023-04-16T18:25:15.949+0000] {logging_mixin.py:137} INFO - [2023-04-16T18:25:15.948+0000] {dagbag.py:532} INFO - Filling up the DagBag from /home/airflow/.local/lib/python3.7/site-packages/airflow/example_dags/tutorial_taskflow_api_virtualenv.py
[2023-04-16T18:25:15.985+0000] {processor.py:753} INFO - DAG(s) dict_keys(['tutorial_taskflow_api_virtualenv']) retrieved from /home/airflow/.local/lib/python3.7/site-packages/airflow/example_dags/tutorial_taskflow_api_virtualenv.py
[2023-04-16T18:25:16.023+0000] {logging_mixin.py:137} INFO - [2023-04-16T18:25:16.022+0000] {dag.py:2705} INFO - Sync 1 DAGs
[2023-04-16T18:25:16.060+0000] {logging_mixin.py:137} INFO - [2023-04-16T18:25:16.059+0000] {dag.py:3456} INFO - Setting next_dagrun for tutorial_taskflow_api_virtualenv to None, run_after=None
[2023-04-16T18:25:16.083+0000] {processor.py:175} INFO - Processing /home/airflow/.local/lib/python3.7/site-packages/airflow/example_dags/tutorial_taskflow_api_virtualenv.py took 0.144 seconds
[2023-04-16T18:25:46.675+0000] {processor.py:153} INFO - Started process (PID=2647) to work on /home/airflow/.local/lib/python3.7/site-packages/airflow/example_dags/tutorial_taskflow_api_virtualenv.py
[2023-04-16T18:25:46.676+0000] {processor.py:743} INFO - Processing file /home/airflow/.local/lib/python3.7/site-packages/airflow/example_dags/tutorial_taskflow_api_virtualenv.py for tasks to queue
[2023-04-16T18:25:46.677+0000] {logging_mixin.py:137} INFO - [2023-04-16T18:25:46.677+0000] {dagbag.py:532} INFO - Filling up the DagBag from /home/airflow/.local/lib/python3.7/site-packages/airflow/example_dags/tutorial_taskflow_api_virtualenv.py
[2023-04-16T18:25:46.711+0000] {processor.py:753} INFO - DAG(s) dict_keys(['tutorial_taskflow_api_virtualenv']) retrieved from /home/airflow/.local/lib/python3.7/site-packages/airflow/example_dags/tutorial_taskflow_api_virtualenv.py
[2023-04-16T18:25:46.756+0000] {logging_mixin.py:137} INFO - [2023-04-16T18:25:46.756+0000] {dag.py:2705} INFO - Sync 1 DAGs
[2023-04-16T18:25:46.795+0000] {logging_mixin.py:137} INFO - [2023-04-16T18:25:46.795+0000] {dag.py:3456} INFO - Setting next_dagrun for tutorial_taskflow_api_virtualenv to None, run_after=None
[2023-04-16T18:25:46.831+0000] {processor.py:175} INFO - Processing /home/airflow/.local/lib/python3.7/site-packages/airflow/example_dags/tutorial_taskflow_api_virtualenv.py took 0.161 seconds
[2023-04-16T18:26:17.358+0000] {processor.py:153} INFO - Started process (PID=2696) to work on /home/airflow/.local/lib/python3.7/site-packages/airflow/example_dags/tutorial_taskflow_api_virtualenv.py
[2023-04-16T18:26:17.360+0000] {processor.py:743} INFO - Processing file /home/airflow/.local/lib/python3.7/site-packages/airflow/example_dags/tutorial_taskflow_api_virtualenv.py for tasks to queue
[2023-04-16T18:26:17.361+0000] {logging_mixin.py:137} INFO - [2023-04-16T18:26:17.361+0000] {dagbag.py:532} INFO - Filling up the DagBag from /home/airflow/.local/lib/python3.7/site-packages/airflow/example_dags/tutorial_taskflow_api_virtualenv.py
[2023-04-16T18:26:17.392+0000] {processor.py:753} INFO - DAG(s) dict_keys(['tutorial_taskflow_api_virtualenv']) retrieved from /home/airflow/.local/lib/python3.7/site-packages/airflow/example_dags/tutorial_taskflow_api_virtualenv.py
[2023-04-16T18:26:17.429+0000] {logging_mixin.py:137} INFO - [2023-04-16T18:26:17.429+0000] {dag.py:2705} INFO - Sync 1 DAGs
[2023-04-16T18:26:17.475+0000] {logging_mixin.py:137} INFO - [2023-04-16T18:26:17.474+0000] {dag.py:3456} INFO - Setting next_dagrun for tutorial_taskflow_api_virtualenv to None, run_after=None
[2023-04-16T18:26:17.500+0000] {processor.py:175} INFO - Processing /home/airflow/.local/lib/python3.7/site-packages/airflow/example_dags/tutorial_taskflow_api_virtualenv.py took 0.148 seconds
[2023-04-16T18:26:48.167+0000] {processor.py:153} INFO - Started process (PID=2746) to work on /home/airflow/.local/lib/python3.7/site-packages/airflow/example_dags/tutorial_taskflow_api_virtualenv.py
[2023-04-16T18:26:48.169+0000] {processor.py:743} INFO - Processing file /home/airflow/.local/lib/python3.7/site-packages/airflow/example_dags/tutorial_taskflow_api_virtualenv.py for tasks to queue
[2023-04-16T18:26:48.171+0000] {logging_mixin.py:137} INFO - [2023-04-16T18:26:48.170+0000] {dagbag.py:532} INFO - Filling up the DagBag from /home/airflow/.local/lib/python3.7/site-packages/airflow/example_dags/tutorial_taskflow_api_virtualenv.py
[2023-04-16T18:26:48.212+0000] {processor.py:753} INFO - DAG(s) dict_keys(['tutorial_taskflow_api_virtualenv']) retrieved from /home/airflow/.local/lib/python3.7/site-packages/airflow/example_dags/tutorial_taskflow_api_virtualenv.py
[2023-04-16T18:26:48.250+0000] {logging_mixin.py:137} INFO - [2023-04-16T18:26:48.250+0000] {dag.py:2705} INFO - Sync 1 DAGs
[2023-04-16T18:26:48.285+0000] {logging_mixin.py:137} INFO - [2023-04-16T18:26:48.285+0000] {dag.py:3456} INFO - Setting next_dagrun for tutorial_taskflow_api_virtualenv to None, run_after=None
[2023-04-16T18:26:48.311+0000] {processor.py:175} INFO - Processing /home/airflow/.local/lib/python3.7/site-packages/airflow/example_dags/tutorial_taskflow_api_virtualenv.py took 0.150 seconds
[2023-04-16T18:27:18.837+0000] {processor.py:153} INFO - Started process (PID=2796) to work on /home/airflow/.local/lib/python3.7/site-packages/airflow/example_dags/tutorial_taskflow_api_virtualenv.py
[2023-04-16T18:27:18.838+0000] {processor.py:743} INFO - Processing file /home/airflow/.local/lib/python3.7/site-packages/airflow/example_dags/tutorial_taskflow_api_virtualenv.py for tasks to queue
[2023-04-16T18:27:18.839+0000] {logging_mixin.py:137} INFO - [2023-04-16T18:27:18.839+0000] {dagbag.py:532} INFO - Filling up the DagBag from /home/airflow/.local/lib/python3.7/site-packages/airflow/example_dags/tutorial_taskflow_api_virtualenv.py
[2023-04-16T18:27:18.877+0000] {processor.py:753} INFO - DAG(s) dict_keys(['tutorial_taskflow_api_virtualenv']) retrieved from /home/airflow/.local/lib/python3.7/site-packages/airflow/example_dags/tutorial_taskflow_api_virtualenv.py
[2023-04-16T18:27:18.913+0000] {logging_mixin.py:137} INFO - [2023-04-16T18:27:18.913+0000] {dag.py:2705} INFO - Sync 1 DAGs
[2023-04-16T18:27:18.950+0000] {logging_mixin.py:137} INFO - [2023-04-16T18:27:18.949+0000] {dag.py:3456} INFO - Setting next_dagrun for tutorial_taskflow_api_virtualenv to None, run_after=None
[2023-04-16T18:27:18.974+0000] {processor.py:175} INFO - Processing /home/airflow/.local/lib/python3.7/site-packages/airflow/example_dags/tutorial_taskflow_api_virtualenv.py took 0.142 seconds
[2023-04-16T18:27:49.585+0000] {processor.py:153} INFO - Started process (PID=2847) to work on /home/airflow/.local/lib/python3.7/site-packages/airflow/example_dags/tutorial_taskflow_api_virtualenv.py
[2023-04-16T18:27:49.586+0000] {processor.py:743} INFO - Processing file /home/airflow/.local/lib/python3.7/site-packages/airflow/example_dags/tutorial_taskflow_api_virtualenv.py for tasks to queue
[2023-04-16T18:27:49.587+0000] {logging_mixin.py:137} INFO - [2023-04-16T18:27:49.587+0000] {dagbag.py:532} INFO - Filling up the DagBag from /home/airflow/.local/lib/python3.7/site-packages/airflow/example_dags/tutorial_taskflow_api_virtualenv.py
[2023-04-16T18:27:49.625+0000] {processor.py:753} INFO - DAG(s) dict_keys(['tutorial_taskflow_api_virtualenv']) retrieved from /home/airflow/.local/lib/python3.7/site-packages/airflow/example_dags/tutorial_taskflow_api_virtualenv.py
[2023-04-16T18:27:49.675+0000] {logging_mixin.py:137} INFO - [2023-04-16T18:27:49.674+0000] {dag.py:2705} INFO - Sync 1 DAGs
[2023-04-16T18:27:49.732+0000] {logging_mixin.py:137} INFO - [2023-04-16T18:27:49.732+0000] {dag.py:3456} INFO - Setting next_dagrun for tutorial_taskflow_api_virtualenv to None, run_after=None
[2023-04-16T18:27:49.755+0000] {processor.py:175} INFO - Processing /home/airflow/.local/lib/python3.7/site-packages/airflow/example_dags/tutorial_taskflow_api_virtualenv.py took 0.175 seconds
[2023-04-16T18:28:20.145+0000] {processor.py:153} INFO - Started process (PID=2897) to work on /home/airflow/.local/lib/python3.7/site-packages/airflow/example_dags/tutorial_taskflow_api_virtualenv.py
[2023-04-16T18:28:20.146+0000] {processor.py:743} INFO - Processing file /home/airflow/.local/lib/python3.7/site-packages/airflow/example_dags/tutorial_taskflow_api_virtualenv.py for tasks to queue
[2023-04-16T18:28:20.147+0000] {logging_mixin.py:137} INFO - [2023-04-16T18:28:20.146+0000] {dagbag.py:532} INFO - Filling up the DagBag from /home/airflow/.local/lib/python3.7/site-packages/airflow/example_dags/tutorial_taskflow_api_virtualenv.py
[2023-04-16T18:28:20.195+0000] {processor.py:753} INFO - DAG(s) dict_keys(['tutorial_taskflow_api_virtualenv']) retrieved from /home/airflow/.local/lib/python3.7/site-packages/airflow/example_dags/tutorial_taskflow_api_virtualenv.py
[2023-04-16T18:28:20.234+0000] {logging_mixin.py:137} INFO - [2023-04-16T18:28:20.234+0000] {dag.py:2705} INFO - Sync 1 DAGs
[2023-04-16T18:28:20.271+0000] {logging_mixin.py:137} INFO - [2023-04-16T18:28:20.271+0000] {dag.py:3456} INFO - Setting next_dagrun for tutorial_taskflow_api_virtualenv to None, run_after=None
[2023-04-16T18:28:20.295+0000] {processor.py:175} INFO - Processing /home/airflow/.local/lib/python3.7/site-packages/airflow/example_dags/tutorial_taskflow_api_virtualenv.py took 0.159 seconds
[2023-04-16T18:28:50.790+0000] {processor.py:153} INFO - Started process (PID=2947) to work on /home/airflow/.local/lib/python3.7/site-packages/airflow/example_dags/tutorial_taskflow_api_virtualenv.py
[2023-04-16T18:28:50.792+0000] {processor.py:743} INFO - Processing file /home/airflow/.local/lib/python3.7/site-packages/airflow/example_dags/tutorial_taskflow_api_virtualenv.py for tasks to queue
[2023-04-16T18:28:50.793+0000] {logging_mixin.py:137} INFO - [2023-04-16T18:28:50.793+0000] {dagbag.py:532} INFO - Filling up the DagBag from /home/airflow/.local/lib/python3.7/site-packages/airflow/example_dags/tutorial_taskflow_api_virtualenv.py
[2023-04-16T18:28:50.824+0000] {processor.py:753} INFO - DAG(s) dict_keys(['tutorial_taskflow_api_virtualenv']) retrieved from /home/airflow/.local/lib/python3.7/site-packages/airflow/example_dags/tutorial_taskflow_api_virtualenv.py
[2023-04-16T18:28:50.861+0000] {logging_mixin.py:137} INFO - [2023-04-16T18:28:50.861+0000] {dag.py:2705} INFO - Sync 1 DAGs
[2023-04-16T18:28:50.897+0000] {logging_mixin.py:137} INFO - [2023-04-16T18:28:50.897+0000] {dag.py:3456} INFO - Setting next_dagrun for tutorial_taskflow_api_virtualenv to None, run_after=None
[2023-04-16T18:28:50.922+0000] {processor.py:175} INFO - Processing /home/airflow/.local/lib/python3.7/site-packages/airflow/example_dags/tutorial_taskflow_api_virtualenv.py took 0.137 seconds
[2023-04-16T18:29:21.622+0000] {processor.py:153} INFO - Started process (PID=2998) to work on /home/airflow/.local/lib/python3.7/site-packages/airflow/example_dags/tutorial_taskflow_api_virtualenv.py
[2023-04-16T18:29:21.623+0000] {processor.py:743} INFO - Processing file /home/airflow/.local/lib/python3.7/site-packages/airflow/example_dags/tutorial_taskflow_api_virtualenv.py for tasks to queue
[2023-04-16T18:29:21.625+0000] {logging_mixin.py:137} INFO - [2023-04-16T18:29:21.624+0000] {dagbag.py:532} INFO - Filling up the DagBag from /home/airflow/.local/lib/python3.7/site-packages/airflow/example_dags/tutorial_taskflow_api_virtualenv.py
[2023-04-16T18:29:21.658+0000] {processor.py:753} INFO - DAG(s) dict_keys(['tutorial_taskflow_api_virtualenv']) retrieved from /home/airflow/.local/lib/python3.7/site-packages/airflow/example_dags/tutorial_taskflow_api_virtualenv.py
[2023-04-16T18:29:21.696+0000] {logging_mixin.py:137} INFO - [2023-04-16T18:29:21.696+0000] {dag.py:2705} INFO - Sync 1 DAGs
[2023-04-16T18:29:21.731+0000] {logging_mixin.py:137} INFO - [2023-04-16T18:29:21.731+0000] {dag.py:3456} INFO - Setting next_dagrun for tutorial_taskflow_api_virtualenv to None, run_after=None
[2023-04-16T18:29:21.755+0000] {processor.py:175} INFO - Processing /home/airflow/.local/lib/python3.7/site-packages/airflow/example_dags/tutorial_taskflow_api_virtualenv.py took 0.141 seconds
[2023-04-16T18:29:52.171+0000] {processor.py:153} INFO - Started process (PID=3049) to work on /home/airflow/.local/lib/python3.7/site-packages/airflow/example_dags/tutorial_taskflow_api_virtualenv.py
[2023-04-16T18:29:52.173+0000] {processor.py:743} INFO - Processing file /home/airflow/.local/lib/python3.7/site-packages/airflow/example_dags/tutorial_taskflow_api_virtualenv.py for tasks to queue
[2023-04-16T18:29:52.174+0000] {logging_mixin.py:137} INFO - [2023-04-16T18:29:52.174+0000] {dagbag.py:532} INFO - Filling up the DagBag from /home/airflow/.local/lib/python3.7/site-packages/airflow/example_dags/tutorial_taskflow_api_virtualenv.py
[2023-04-16T18:29:52.213+0000] {processor.py:753} INFO - DAG(s) dict_keys(['tutorial_taskflow_api_virtualenv']) retrieved from /home/airflow/.local/lib/python3.7/site-packages/airflow/example_dags/tutorial_taskflow_api_virtualenv.py
[2023-04-16T18:29:52.257+0000] {logging_mixin.py:137} INFO - [2023-04-16T18:29:52.257+0000] {dag.py:2705} INFO - Sync 1 DAGs
[2023-04-16T18:29:52.295+0000] {logging_mixin.py:137} INFO - [2023-04-16T18:29:52.295+0000] {dag.py:3456} INFO - Setting next_dagrun for tutorial_taskflow_api_virtualenv to None, run_after=None
[2023-04-16T18:29:52.320+0000] {processor.py:175} INFO - Processing /home/airflow/.local/lib/python3.7/site-packages/airflow/example_dags/tutorial_taskflow_api_virtualenv.py took 0.157 seconds
[2023-04-16T18:30:22.867+0000] {processor.py:153} INFO - Started process (PID=3099) to work on /home/airflow/.local/lib/python3.7/site-packages/airflow/example_dags/tutorial_taskflow_api_virtualenv.py
[2023-04-16T18:30:22.869+0000] {processor.py:743} INFO - Processing file /home/airflow/.local/lib/python3.7/site-packages/airflow/example_dags/tutorial_taskflow_api_virtualenv.py for tasks to queue
[2023-04-16T18:30:22.870+0000] {logging_mixin.py:137} INFO - [2023-04-16T18:30:22.870+0000] {dagbag.py:532} INFO - Filling up the DagBag from /home/airflow/.local/lib/python3.7/site-packages/airflow/example_dags/tutorial_taskflow_api_virtualenv.py
[2023-04-16T18:30:22.905+0000] {processor.py:753} INFO - DAG(s) dict_keys(['tutorial_taskflow_api_virtualenv']) retrieved from /home/airflow/.local/lib/python3.7/site-packages/airflow/example_dags/tutorial_taskflow_api_virtualenv.py
[2023-04-16T18:30:22.947+0000] {logging_mixin.py:137} INFO - [2023-04-16T18:30:22.947+0000] {dag.py:2705} INFO - Sync 1 DAGs
[2023-04-16T18:30:22.990+0000] {logging_mixin.py:137} INFO - [2023-04-16T18:30:22.990+0000] {dag.py:3456} INFO - Setting next_dagrun for tutorial_taskflow_api_virtualenv to None, run_after=None
[2023-04-16T18:30:23.016+0000] {processor.py:175} INFO - Processing /home/airflow/.local/lib/python3.7/site-packages/airflow/example_dags/tutorial_taskflow_api_virtualenv.py took 0.156 seconds
