[2023-04-16T17:59:21.926+0000] {processor.py:153} INFO - Started process (PID=56) to work on /home/airflow/.local/lib/python3.7/site-packages/airflow/example_dags/tutorial.py
[2023-04-16T17:59:21.927+0000] {processor.py:743} INFO - Processing file /home/airflow/.local/lib/python3.7/site-packages/airflow/example_dags/tutorial.py for tasks to queue
[2023-04-16T17:59:21.928+0000] {logging_mixin.py:137} INFO - [2023-04-16T17:59:21.928+0000] {dagbag.py:532} INFO - Filling up the DagBag from /home/airflow/.local/lib/python3.7/site-packages/airflow/example_dags/tutorial.py
[2023-04-16T17:59:21.957+0000] {processor.py:753} INFO - DAG(s) dict_keys(['tutorial']) retrieved from /home/airflow/.local/lib/python3.7/site-packages/airflow/example_dags/tutorial.py
[2023-04-16T17:59:22.004+0000] {logging_mixin.py:137} INFO - [2023-04-16T17:59:22.004+0000] {dag.py:2705} INFO - Sync 1 DAGs
[2023-04-16T17:59:22.072+0000] {logging_mixin.py:137} INFO - [2023-04-16T17:59:22.072+0000] {dag.py:3456} INFO - Setting next_dagrun for tutorial to 2023-04-15T17:59:22.071142+00:00, run_after=2023-04-16T17:59:22.071142+00:00
[2023-04-16T17:59:22.128+0000] {processor.py:175} INFO - Processing /home/airflow/.local/lib/python3.7/site-packages/airflow/example_dags/tutorial.py took 0.209 seconds
[2023-04-16T17:59:52.300+0000] {processor.py:153} INFO - Started process (PID=106) to work on /home/airflow/.local/lib/python3.7/site-packages/airflow/example_dags/tutorial.py
[2023-04-16T17:59:52.302+0000] {processor.py:743} INFO - Processing file /home/airflow/.local/lib/python3.7/site-packages/airflow/example_dags/tutorial.py for tasks to queue
[2023-04-16T17:59:52.303+0000] {logging_mixin.py:137} INFO - [2023-04-16T17:59:52.303+0000] {dagbag.py:532} INFO - Filling up the DagBag from /home/airflow/.local/lib/python3.7/site-packages/airflow/example_dags/tutorial.py
[2023-04-16T17:59:52.328+0000] {processor.py:753} INFO - DAG(s) dict_keys(['tutorial']) retrieved from /home/airflow/.local/lib/python3.7/site-packages/airflow/example_dags/tutorial.py
[2023-04-16T17:59:52.366+0000] {logging_mixin.py:137} INFO - [2023-04-16T17:59:52.366+0000] {dag.py:2705} INFO - Sync 1 DAGs
[2023-04-16T17:59:52.410+0000] {logging_mixin.py:137} INFO - [2023-04-16T17:59:52.409+0000] {dag.py:3456} INFO - Setting next_dagrun for tutorial to 2023-04-15T17:59:52.409299+00:00, run_after=2023-04-16T17:59:52.409299+00:00
[2023-04-16T17:59:52.442+0000] {processor.py:175} INFO - Processing /home/airflow/.local/lib/python3.7/site-packages/airflow/example_dags/tutorial.py took 0.148 seconds
[2023-04-16T18:00:22.682+0000] {processor.py:153} INFO - Started process (PID=157) to work on /home/airflow/.local/lib/python3.7/site-packages/airflow/example_dags/tutorial.py
[2023-04-16T18:00:22.684+0000] {processor.py:743} INFO - Processing file /home/airflow/.local/lib/python3.7/site-packages/airflow/example_dags/tutorial.py for tasks to queue
[2023-04-16T18:00:22.685+0000] {logging_mixin.py:137} INFO - [2023-04-16T18:00:22.685+0000] {dagbag.py:532} INFO - Filling up the DagBag from /home/airflow/.local/lib/python3.7/site-packages/airflow/example_dags/tutorial.py
[2023-04-16T18:00:22.706+0000] {processor.py:753} INFO - DAG(s) dict_keys(['tutorial']) retrieved from /home/airflow/.local/lib/python3.7/site-packages/airflow/example_dags/tutorial.py
[2023-04-16T18:00:22.747+0000] {logging_mixin.py:137} INFO - [2023-04-16T18:00:22.747+0000] {dag.py:2705} INFO - Sync 1 DAGs
[2023-04-16T18:00:22.802+0000] {logging_mixin.py:137} INFO - [2023-04-16T18:00:22.802+0000] {dag.py:3456} INFO - Setting next_dagrun for tutorial to 2023-04-15T18:00:22.801843+00:00, run_after=2023-04-16T18:00:22.801843+00:00
[2023-04-16T18:00:22.828+0000] {processor.py:175} INFO - Processing /home/airflow/.local/lib/python3.7/site-packages/airflow/example_dags/tutorial.py took 0.151 seconds
[2023-04-16T18:00:52.922+0000] {processor.py:153} INFO - Started process (PID=207) to work on /home/airflow/.local/lib/python3.7/site-packages/airflow/example_dags/tutorial.py
[2023-04-16T18:00:52.924+0000] {processor.py:743} INFO - Processing file /home/airflow/.local/lib/python3.7/site-packages/airflow/example_dags/tutorial.py for tasks to queue
[2023-04-16T18:00:52.925+0000] {logging_mixin.py:137} INFO - [2023-04-16T18:00:52.925+0000] {dagbag.py:532} INFO - Filling up the DagBag from /home/airflow/.local/lib/python3.7/site-packages/airflow/example_dags/tutorial.py
[2023-04-16T18:00:52.946+0000] {processor.py:753} INFO - DAG(s) dict_keys(['tutorial']) retrieved from /home/airflow/.local/lib/python3.7/site-packages/airflow/example_dags/tutorial.py
[2023-04-16T18:00:53.008+0000] {logging_mixin.py:137} INFO - [2023-04-16T18:00:53.008+0000] {dag.py:2705} INFO - Sync 1 DAGs
[2023-04-16T18:00:53.046+0000] {logging_mixin.py:137} INFO - [2023-04-16T18:00:53.045+0000] {dag.py:3456} INFO - Setting next_dagrun for tutorial to 2023-04-15T18:00:53.045606+00:00, run_after=2023-04-16T18:00:53.045606+00:00
[2023-04-16T18:00:53.071+0000] {processor.py:175} INFO - Processing /home/airflow/.local/lib/python3.7/site-packages/airflow/example_dags/tutorial.py took 0.154 seconds
[2023-04-16T18:01:23.225+0000] {processor.py:153} INFO - Started process (PID=257) to work on /home/airflow/.local/lib/python3.7/site-packages/airflow/example_dags/tutorial.py
[2023-04-16T18:01:23.227+0000] {processor.py:743} INFO - Processing file /home/airflow/.local/lib/python3.7/site-packages/airflow/example_dags/tutorial.py for tasks to queue
[2023-04-16T18:01:23.229+0000] {logging_mixin.py:137} INFO - [2023-04-16T18:01:23.228+0000] {dagbag.py:532} INFO - Filling up the DagBag from /home/airflow/.local/lib/python3.7/site-packages/airflow/example_dags/tutorial.py
[2023-04-16T18:01:23.251+0000] {processor.py:753} INFO - DAG(s) dict_keys(['tutorial']) retrieved from /home/airflow/.local/lib/python3.7/site-packages/airflow/example_dags/tutorial.py
[2023-04-16T18:01:23.290+0000] {logging_mixin.py:137} INFO - [2023-04-16T18:01:23.289+0000] {dag.py:2705} INFO - Sync 1 DAGs
[2023-04-16T18:01:23.327+0000] {logging_mixin.py:137} INFO - [2023-04-16T18:01:23.327+0000] {dag.py:3456} INFO - Setting next_dagrun for tutorial to 2023-04-15T18:01:23.326987+00:00, run_after=2023-04-16T18:01:23.326987+00:00
[2023-04-16T18:01:23.360+0000] {processor.py:175} INFO - Processing /home/airflow/.local/lib/python3.7/site-packages/airflow/example_dags/tutorial.py took 0.141 seconds
[2023-04-16T18:01:53.667+0000] {processor.py:153} INFO - Started process (PID=307) to work on /home/airflow/.local/lib/python3.7/site-packages/airflow/example_dags/tutorial.py
[2023-04-16T18:01:53.669+0000] {processor.py:743} INFO - Processing file /home/airflow/.local/lib/python3.7/site-packages/airflow/example_dags/tutorial.py for tasks to queue
[2023-04-16T18:01:53.670+0000] {logging_mixin.py:137} INFO - [2023-04-16T18:01:53.670+0000] {dagbag.py:532} INFO - Filling up the DagBag from /home/airflow/.local/lib/python3.7/site-packages/airflow/example_dags/tutorial.py
[2023-04-16T18:01:53.698+0000] {processor.py:753} INFO - DAG(s) dict_keys(['tutorial']) retrieved from /home/airflow/.local/lib/python3.7/site-packages/airflow/example_dags/tutorial.py
[2023-04-16T18:01:53.738+0000] {logging_mixin.py:137} INFO - [2023-04-16T18:01:53.738+0000] {dag.py:2705} INFO - Sync 1 DAGs
[2023-04-16T18:01:53.775+0000] {logging_mixin.py:137} INFO - [2023-04-16T18:01:53.775+0000] {dag.py:3456} INFO - Setting next_dagrun for tutorial to 2023-04-15T18:01:53.774791+00:00, run_after=2023-04-16T18:01:53.774791+00:00
[2023-04-16T18:01:53.804+0000] {processor.py:175} INFO - Processing /home/airflow/.local/lib/python3.7/site-packages/airflow/example_dags/tutorial.py took 0.144 seconds
[2023-04-16T18:02:23.928+0000] {processor.py:153} INFO - Started process (PID=358) to work on /home/airflow/.local/lib/python3.7/site-packages/airflow/example_dags/tutorial.py
[2023-04-16T18:02:23.930+0000] {processor.py:743} INFO - Processing file /home/airflow/.local/lib/python3.7/site-packages/airflow/example_dags/tutorial.py for tasks to queue
[2023-04-16T18:02:23.931+0000] {logging_mixin.py:137} INFO - [2023-04-16T18:02:23.931+0000] {dagbag.py:532} INFO - Filling up the DagBag from /home/airflow/.local/lib/python3.7/site-packages/airflow/example_dags/tutorial.py
[2023-04-16T18:02:23.951+0000] {processor.py:753} INFO - DAG(s) dict_keys(['tutorial']) retrieved from /home/airflow/.local/lib/python3.7/site-packages/airflow/example_dags/tutorial.py
[2023-04-16T18:02:23.989+0000] {logging_mixin.py:137} INFO - [2023-04-16T18:02:23.989+0000] {dag.py:2705} INFO - Sync 1 DAGs
[2023-04-16T18:02:24.025+0000] {logging_mixin.py:137} INFO - [2023-04-16T18:02:24.025+0000] {dag.py:3456} INFO - Setting next_dagrun for tutorial to 2023-04-15T18:02:24.025020+00:00, run_after=2023-04-16T18:02:24.025020+00:00
[2023-04-16T18:02:24.052+0000] {processor.py:175} INFO - Processing /home/airflow/.local/lib/python3.7/site-packages/airflow/example_dags/tutorial.py took 0.130 seconds
[2023-04-16T18:02:54.770+0000] {processor.py:153} INFO - Started process (PID=409) to work on /home/airflow/.local/lib/python3.7/site-packages/airflow/example_dags/tutorial.py
[2023-04-16T18:02:54.771+0000] {processor.py:743} INFO - Processing file /home/airflow/.local/lib/python3.7/site-packages/airflow/example_dags/tutorial.py for tasks to queue
[2023-04-16T18:02:54.772+0000] {logging_mixin.py:137} INFO - [2023-04-16T18:02:54.772+0000] {dagbag.py:532} INFO - Filling up the DagBag from /home/airflow/.local/lib/python3.7/site-packages/airflow/example_dags/tutorial.py
[2023-04-16T18:02:54.793+0000] {processor.py:753} INFO - DAG(s) dict_keys(['tutorial']) retrieved from /home/airflow/.local/lib/python3.7/site-packages/airflow/example_dags/tutorial.py
[2023-04-16T18:02:54.829+0000] {logging_mixin.py:137} INFO - [2023-04-16T18:02:54.829+0000] {dag.py:2705} INFO - Sync 1 DAGs
[2023-04-16T18:02:54.865+0000] {logging_mixin.py:137} INFO - [2023-04-16T18:02:54.865+0000] {dag.py:3456} INFO - Setting next_dagrun for tutorial to 2023-04-15T18:02:54.865368+00:00, run_after=2023-04-16T18:02:54.865368+00:00
[2023-04-16T18:02:54.890+0000] {processor.py:175} INFO - Processing /home/airflow/.local/lib/python3.7/site-packages/airflow/example_dags/tutorial.py took 0.125 seconds
[2023-04-16T18:03:25.482+0000] {processor.py:153} INFO - Started process (PID=459) to work on /home/airflow/.local/lib/python3.7/site-packages/airflow/example_dags/tutorial.py
[2023-04-16T18:03:25.484+0000] {processor.py:743} INFO - Processing file /home/airflow/.local/lib/python3.7/site-packages/airflow/example_dags/tutorial.py for tasks to queue
[2023-04-16T18:03:25.486+0000] {logging_mixin.py:137} INFO - [2023-04-16T18:03:25.485+0000] {dagbag.py:532} INFO - Filling up the DagBag from /home/airflow/.local/lib/python3.7/site-packages/airflow/example_dags/tutorial.py
[2023-04-16T18:03:25.506+0000] {processor.py:753} INFO - DAG(s) dict_keys(['tutorial']) retrieved from /home/airflow/.local/lib/python3.7/site-packages/airflow/example_dags/tutorial.py
[2023-04-16T18:03:25.553+0000] {logging_mixin.py:137} INFO - [2023-04-16T18:03:25.553+0000] {dag.py:2705} INFO - Sync 1 DAGs
[2023-04-16T18:03:25.600+0000] {logging_mixin.py:137} INFO - [2023-04-16T18:03:25.600+0000] {dag.py:3456} INFO - Setting next_dagrun for tutorial to 2023-04-15T18:03:25.600071+00:00, run_after=2023-04-16T18:03:25.600071+00:00
[2023-04-16T18:03:25.625+0000] {processor.py:175} INFO - Processing /home/airflow/.local/lib/python3.7/site-packages/airflow/example_dags/tutorial.py took 0.148 seconds
[2023-04-16T18:03:55.808+0000] {processor.py:153} INFO - Started process (PID=508) to work on /home/airflow/.local/lib/python3.7/site-packages/airflow/example_dags/tutorial.py
[2023-04-16T18:03:55.810+0000] {processor.py:743} INFO - Processing file /home/airflow/.local/lib/python3.7/site-packages/airflow/example_dags/tutorial.py for tasks to queue
[2023-04-16T18:03:55.810+0000] {logging_mixin.py:137} INFO - [2023-04-16T18:03:55.810+0000] {dagbag.py:532} INFO - Filling up the DagBag from /home/airflow/.local/lib/python3.7/site-packages/airflow/example_dags/tutorial.py
[2023-04-16T18:03:55.832+0000] {processor.py:753} INFO - DAG(s) dict_keys(['tutorial']) retrieved from /home/airflow/.local/lib/python3.7/site-packages/airflow/example_dags/tutorial.py
[2023-04-16T18:03:55.875+0000] {logging_mixin.py:137} INFO - [2023-04-16T18:03:55.875+0000] {dag.py:2705} INFO - Sync 1 DAGs
[2023-04-16T18:03:55.918+0000] {logging_mixin.py:137} INFO - [2023-04-16T18:03:55.918+0000] {dag.py:3456} INFO - Setting next_dagrun for tutorial to 2023-04-15T18:03:55.917744+00:00, run_after=2023-04-16T18:03:55.917744+00:00
[2023-04-16T18:03:55.955+0000] {processor.py:175} INFO - Processing /home/airflow/.local/lib/python3.7/site-packages/airflow/example_dags/tutorial.py took 0.152 seconds
[2023-04-16T18:04:26.080+0000] {processor.py:153} INFO - Started process (PID=558) to work on /home/airflow/.local/lib/python3.7/site-packages/airflow/example_dags/tutorial.py
[2023-04-16T18:04:26.082+0000] {processor.py:743} INFO - Processing file /home/airflow/.local/lib/python3.7/site-packages/airflow/example_dags/tutorial.py for tasks to queue
[2023-04-16T18:04:26.082+0000] {logging_mixin.py:137} INFO - [2023-04-16T18:04:26.082+0000] {dagbag.py:532} INFO - Filling up the DagBag from /home/airflow/.local/lib/python3.7/site-packages/airflow/example_dags/tutorial.py
[2023-04-16T18:04:26.103+0000] {processor.py:753} INFO - DAG(s) dict_keys(['tutorial']) retrieved from /home/airflow/.local/lib/python3.7/site-packages/airflow/example_dags/tutorial.py
[2023-04-16T18:04:26.145+0000] {logging_mixin.py:137} INFO - [2023-04-16T18:04:26.144+0000] {dag.py:2705} INFO - Sync 1 DAGs
[2023-04-16T18:04:26.204+0000] {logging_mixin.py:137} INFO - [2023-04-16T18:04:26.203+0000] {dag.py:3456} INFO - Setting next_dagrun for tutorial to 2023-04-15T18:04:26.203424+00:00, run_after=2023-04-16T18:04:26.203424+00:00
[2023-04-16T18:04:26.240+0000] {processor.py:175} INFO - Processing /home/airflow/.local/lib/python3.7/site-packages/airflow/example_dags/tutorial.py took 0.165 seconds
[2023-04-16T18:04:56.461+0000] {processor.py:153} INFO - Started process (PID=607) to work on /home/airflow/.local/lib/python3.7/site-packages/airflow/example_dags/tutorial.py
[2023-04-16T18:04:56.463+0000] {processor.py:743} INFO - Processing file /home/airflow/.local/lib/python3.7/site-packages/airflow/example_dags/tutorial.py for tasks to queue
[2023-04-16T18:04:56.465+0000] {logging_mixin.py:137} INFO - [2023-04-16T18:04:56.464+0000] {dagbag.py:532} INFO - Filling up the DagBag from /home/airflow/.local/lib/python3.7/site-packages/airflow/example_dags/tutorial.py
[2023-04-16T18:04:56.492+0000] {processor.py:753} INFO - DAG(s) dict_keys(['tutorial']) retrieved from /home/airflow/.local/lib/python3.7/site-packages/airflow/example_dags/tutorial.py
[2023-04-16T18:04:56.531+0000] {logging_mixin.py:137} INFO - [2023-04-16T18:04:56.531+0000] {dag.py:2705} INFO - Sync 1 DAGs
[2023-04-16T18:04:56.569+0000] {logging_mixin.py:137} INFO - [2023-04-16T18:04:56.569+0000] {dag.py:3456} INFO - Setting next_dagrun for tutorial to 2023-04-15T18:04:56.569310+00:00, run_after=2023-04-16T18:04:56.569310+00:00
[2023-04-16T18:04:56.595+0000] {processor.py:175} INFO - Processing /home/airflow/.local/lib/python3.7/site-packages/airflow/example_dags/tutorial.py took 0.140 seconds
[2023-04-16T18:05:26.737+0000] {processor.py:153} INFO - Started process (PID=657) to work on /home/airflow/.local/lib/python3.7/site-packages/airflow/example_dags/tutorial.py
[2023-04-16T18:05:26.739+0000] {processor.py:743} INFO - Processing file /home/airflow/.local/lib/python3.7/site-packages/airflow/example_dags/tutorial.py for tasks to queue
[2023-04-16T18:05:26.740+0000] {logging_mixin.py:137} INFO - [2023-04-16T18:05:26.740+0000] {dagbag.py:532} INFO - Filling up the DagBag from /home/airflow/.local/lib/python3.7/site-packages/airflow/example_dags/tutorial.py
[2023-04-16T18:05:26.766+0000] {processor.py:753} INFO - DAG(s) dict_keys(['tutorial']) retrieved from /home/airflow/.local/lib/python3.7/site-packages/airflow/example_dags/tutorial.py
[2023-04-16T18:05:26.820+0000] {logging_mixin.py:137} INFO - [2023-04-16T18:05:26.820+0000] {dag.py:2705} INFO - Sync 1 DAGs
[2023-04-16T18:05:26.862+0000] {logging_mixin.py:137} INFO - [2023-04-16T18:05:26.862+0000] {dag.py:3456} INFO - Setting next_dagrun for tutorial to 2023-04-15T18:05:26.862342+00:00, run_after=2023-04-16T18:05:26.862342+00:00
[2023-04-16T18:05:26.889+0000] {processor.py:175} INFO - Processing /home/airflow/.local/lib/python3.7/site-packages/airflow/example_dags/tutorial.py took 0.158 seconds
[2023-04-16T18:05:56.991+0000] {processor.py:153} INFO - Started process (PID=706) to work on /home/airflow/.local/lib/python3.7/site-packages/airflow/example_dags/tutorial.py
[2023-04-16T18:05:56.992+0000] {processor.py:743} INFO - Processing file /home/airflow/.local/lib/python3.7/site-packages/airflow/example_dags/tutorial.py for tasks to queue
[2023-04-16T18:05:56.993+0000] {logging_mixin.py:137} INFO - [2023-04-16T18:05:56.992+0000] {dagbag.py:532} INFO - Filling up the DagBag from /home/airflow/.local/lib/python3.7/site-packages/airflow/example_dags/tutorial.py
[2023-04-16T18:05:57.013+0000] {processor.py:753} INFO - DAG(s) dict_keys(['tutorial']) retrieved from /home/airflow/.local/lib/python3.7/site-packages/airflow/example_dags/tutorial.py
[2023-04-16T18:05:57.051+0000] {logging_mixin.py:137} INFO - [2023-04-16T18:05:57.050+0000] {dag.py:2705} INFO - Sync 1 DAGs
[2023-04-16T18:05:57.088+0000] {logging_mixin.py:137} INFO - [2023-04-16T18:05:57.087+0000] {dag.py:3456} INFO - Setting next_dagrun for tutorial to 2023-04-15T18:05:57.087425+00:00, run_after=2023-04-16T18:05:57.087425+00:00
[2023-04-16T18:05:57.114+0000] {processor.py:175} INFO - Processing /home/airflow/.local/lib/python3.7/site-packages/airflow/example_dags/tutorial.py took 0.129 seconds
[2023-04-16T18:06:27.315+0000] {processor.py:153} INFO - Started process (PID=755) to work on /home/airflow/.local/lib/python3.7/site-packages/airflow/example_dags/tutorial.py
[2023-04-16T18:06:27.317+0000] {processor.py:743} INFO - Processing file /home/airflow/.local/lib/python3.7/site-packages/airflow/example_dags/tutorial.py for tasks to queue
[2023-04-16T18:06:27.318+0000] {logging_mixin.py:137} INFO - [2023-04-16T18:06:27.318+0000] {dagbag.py:532} INFO - Filling up the DagBag from /home/airflow/.local/lib/python3.7/site-packages/airflow/example_dags/tutorial.py
[2023-04-16T18:06:27.339+0000] {processor.py:753} INFO - DAG(s) dict_keys(['tutorial']) retrieved from /home/airflow/.local/lib/python3.7/site-packages/airflow/example_dags/tutorial.py
[2023-04-16T18:06:27.387+0000] {logging_mixin.py:137} INFO - [2023-04-16T18:06:27.387+0000] {dag.py:2705} INFO - Sync 1 DAGs
[2023-04-16T18:06:27.425+0000] {logging_mixin.py:137} INFO - [2023-04-16T18:06:27.425+0000] {dag.py:3456} INFO - Setting next_dagrun for tutorial to 2023-04-15T18:06:27.425025+00:00, run_after=2023-04-16T18:06:27.425025+00:00
[2023-04-16T18:06:27.456+0000] {processor.py:175} INFO - Processing /home/airflow/.local/lib/python3.7/site-packages/airflow/example_dags/tutorial.py took 0.146 seconds
[2023-04-16T18:06:57.606+0000] {processor.py:153} INFO - Started process (PID=804) to work on /home/airflow/.local/lib/python3.7/site-packages/airflow/example_dags/tutorial.py
[2023-04-16T18:06:57.608+0000] {processor.py:743} INFO - Processing file /home/airflow/.local/lib/python3.7/site-packages/airflow/example_dags/tutorial.py for tasks to queue
[2023-04-16T18:06:57.609+0000] {logging_mixin.py:137} INFO - [2023-04-16T18:06:57.609+0000] {dagbag.py:532} INFO - Filling up the DagBag from /home/airflow/.local/lib/python3.7/site-packages/airflow/example_dags/tutorial.py
[2023-04-16T18:06:57.630+0000] {processor.py:753} INFO - DAG(s) dict_keys(['tutorial']) retrieved from /home/airflow/.local/lib/python3.7/site-packages/airflow/example_dags/tutorial.py
[2023-04-16T18:06:57.667+0000] {logging_mixin.py:137} INFO - [2023-04-16T18:06:57.667+0000] {dag.py:2705} INFO - Sync 1 DAGs
[2023-04-16T18:06:57.717+0000] {logging_mixin.py:137} INFO - [2023-04-16T18:06:57.716+0000] {dag.py:3456} INFO - Setting next_dagrun for tutorial to 2023-04-15T18:06:57.716417+00:00, run_after=2023-04-16T18:06:57.716417+00:00
[2023-04-16T18:06:57.745+0000] {processor.py:175} INFO - Processing /home/airflow/.local/lib/python3.7/site-packages/airflow/example_dags/tutorial.py took 0.144 seconds
[2023-04-16T18:07:27.946+0000] {processor.py:153} INFO - Started process (PID=854) to work on /home/airflow/.local/lib/python3.7/site-packages/airflow/example_dags/tutorial.py
[2023-04-16T18:07:27.948+0000] {processor.py:743} INFO - Processing file /home/airflow/.local/lib/python3.7/site-packages/airflow/example_dags/tutorial.py for tasks to queue
[2023-04-16T18:07:27.949+0000] {logging_mixin.py:137} INFO - [2023-04-16T18:07:27.949+0000] {dagbag.py:532} INFO - Filling up the DagBag from /home/airflow/.local/lib/python3.7/site-packages/airflow/example_dags/tutorial.py
[2023-04-16T18:07:27.972+0000] {processor.py:753} INFO - DAG(s) dict_keys(['tutorial']) retrieved from /home/airflow/.local/lib/python3.7/site-packages/airflow/example_dags/tutorial.py
[2023-04-16T18:07:28.023+0000] {logging_mixin.py:137} INFO - [2023-04-16T18:07:28.023+0000] {dag.py:2705} INFO - Sync 1 DAGs
[2023-04-16T18:07:28.066+0000] {logging_mixin.py:137} INFO - [2023-04-16T18:07:28.066+0000] {dag.py:3456} INFO - Setting next_dagrun for tutorial to 2023-04-15T18:07:28.066021+00:00, run_after=2023-04-16T18:07:28.066021+00:00
[2023-04-16T18:07:28.093+0000] {processor.py:175} INFO - Processing /home/airflow/.local/lib/python3.7/site-packages/airflow/example_dags/tutorial.py took 0.152 seconds
[2023-04-16T18:07:58.242+0000] {processor.py:153} INFO - Started process (PID=903) to work on /home/airflow/.local/lib/python3.7/site-packages/airflow/example_dags/tutorial.py
[2023-04-16T18:07:58.243+0000] {processor.py:743} INFO - Processing file /home/airflow/.local/lib/python3.7/site-packages/airflow/example_dags/tutorial.py for tasks to queue
[2023-04-16T18:07:58.244+0000] {logging_mixin.py:137} INFO - [2023-04-16T18:07:58.244+0000] {dagbag.py:532} INFO - Filling up the DagBag from /home/airflow/.local/lib/python3.7/site-packages/airflow/example_dags/tutorial.py
[2023-04-16T18:07:58.266+0000] {processor.py:753} INFO - DAG(s) dict_keys(['tutorial']) retrieved from /home/airflow/.local/lib/python3.7/site-packages/airflow/example_dags/tutorial.py
[2023-04-16T18:07:58.311+0000] {logging_mixin.py:137} INFO - [2023-04-16T18:07:58.311+0000] {dag.py:2705} INFO - Sync 1 DAGs
[2023-04-16T18:07:58.364+0000] {logging_mixin.py:137} INFO - [2023-04-16T18:07:58.364+0000] {dag.py:3456} INFO - Setting next_dagrun for tutorial to 2023-04-15T18:07:58.363868+00:00, run_after=2023-04-16T18:07:58.363868+00:00
[2023-04-16T18:07:58.391+0000] {processor.py:175} INFO - Processing /home/airflow/.local/lib/python3.7/site-packages/airflow/example_dags/tutorial.py took 0.155 seconds
[2023-04-16T18:08:28.489+0000] {processor.py:153} INFO - Started process (PID=952) to work on /home/airflow/.local/lib/python3.7/site-packages/airflow/example_dags/tutorial.py
[2023-04-16T18:08:28.491+0000] {processor.py:743} INFO - Processing file /home/airflow/.local/lib/python3.7/site-packages/airflow/example_dags/tutorial.py for tasks to queue
[2023-04-16T18:08:28.492+0000] {logging_mixin.py:137} INFO - [2023-04-16T18:08:28.492+0000] {dagbag.py:532} INFO - Filling up the DagBag from /home/airflow/.local/lib/python3.7/site-packages/airflow/example_dags/tutorial.py
[2023-04-16T18:08:28.512+0000] {processor.py:753} INFO - DAG(s) dict_keys(['tutorial']) retrieved from /home/airflow/.local/lib/python3.7/site-packages/airflow/example_dags/tutorial.py
[2023-04-16T18:08:28.550+0000] {logging_mixin.py:137} INFO - [2023-04-16T18:08:28.550+0000] {dag.py:2705} INFO - Sync 1 DAGs
[2023-04-16T18:08:28.586+0000] {logging_mixin.py:137} INFO - [2023-04-16T18:08:28.586+0000] {dag.py:3456} INFO - Setting next_dagrun for tutorial to 2023-04-15T18:08:28.585923+00:00, run_after=2023-04-16T18:08:28.585923+00:00
[2023-04-16T18:08:28.614+0000] {processor.py:175} INFO - Processing /home/airflow/.local/lib/python3.7/site-packages/airflow/example_dags/tutorial.py took 0.130 seconds
[2023-04-16T18:08:58.699+0000] {processor.py:153} INFO - Started process (PID=1002) to work on /home/airflow/.local/lib/python3.7/site-packages/airflow/example_dags/tutorial.py
[2023-04-16T18:08:58.700+0000] {processor.py:743} INFO - Processing file /home/airflow/.local/lib/python3.7/site-packages/airflow/example_dags/tutorial.py for tasks to queue
[2023-04-16T18:08:58.701+0000] {logging_mixin.py:137} INFO - [2023-04-16T18:08:58.701+0000] {dagbag.py:532} INFO - Filling up the DagBag from /home/airflow/.local/lib/python3.7/site-packages/airflow/example_dags/tutorial.py
[2023-04-16T18:08:58.722+0000] {processor.py:753} INFO - DAG(s) dict_keys(['tutorial']) retrieved from /home/airflow/.local/lib/python3.7/site-packages/airflow/example_dags/tutorial.py
[2023-04-16T18:08:58.762+0000] {logging_mixin.py:137} INFO - [2023-04-16T18:08:58.762+0000] {dag.py:2705} INFO - Sync 1 DAGs
[2023-04-16T18:08:58.805+0000] {logging_mixin.py:137} INFO - [2023-04-16T18:08:58.805+0000] {dag.py:3456} INFO - Setting next_dagrun for tutorial to 2023-04-15T18:08:58.804837+00:00, run_after=2023-04-16T18:08:58.804837+00:00
[2023-04-16T18:08:58.838+0000] {processor.py:175} INFO - Processing /home/airflow/.local/lib/python3.7/site-packages/airflow/example_dags/tutorial.py took 0.144 seconds
[2023-04-16T18:09:28.979+0000] {processor.py:153} INFO - Started process (PID=1051) to work on /home/airflow/.local/lib/python3.7/site-packages/airflow/example_dags/tutorial.py
[2023-04-16T18:09:28.981+0000] {processor.py:743} INFO - Processing file /home/airflow/.local/lib/python3.7/site-packages/airflow/example_dags/tutorial.py for tasks to queue
[2023-04-16T18:09:28.982+0000] {logging_mixin.py:137} INFO - [2023-04-16T18:09:28.982+0000] {dagbag.py:532} INFO - Filling up the DagBag from /home/airflow/.local/lib/python3.7/site-packages/airflow/example_dags/tutorial.py
[2023-04-16T18:09:29.002+0000] {processor.py:753} INFO - DAG(s) dict_keys(['tutorial']) retrieved from /home/airflow/.local/lib/python3.7/site-packages/airflow/example_dags/tutorial.py
[2023-04-16T18:09:29.039+0000] {logging_mixin.py:137} INFO - [2023-04-16T18:09:29.039+0000] {dag.py:2705} INFO - Sync 1 DAGs
[2023-04-16T18:09:29.075+0000] {logging_mixin.py:137} INFO - [2023-04-16T18:09:29.075+0000] {dag.py:3456} INFO - Setting next_dagrun for tutorial to 2023-04-15T18:09:29.075137+00:00, run_after=2023-04-16T18:09:29.075137+00:00
[2023-04-16T18:09:29.099+0000] {processor.py:175} INFO - Processing /home/airflow/.local/lib/python3.7/site-packages/airflow/example_dags/tutorial.py took 0.125 seconds
[2023-04-16T18:09:59.629+0000] {processor.py:153} INFO - Started process (PID=1102) to work on /home/airflow/.local/lib/python3.7/site-packages/airflow/example_dags/tutorial.py
[2023-04-16T18:09:59.631+0000] {processor.py:743} INFO - Processing file /home/airflow/.local/lib/python3.7/site-packages/airflow/example_dags/tutorial.py for tasks to queue
[2023-04-16T18:09:59.632+0000] {logging_mixin.py:137} INFO - [2023-04-16T18:09:59.631+0000] {dagbag.py:532} INFO - Filling up the DagBag from /home/airflow/.local/lib/python3.7/site-packages/airflow/example_dags/tutorial.py
[2023-04-16T18:09:59.652+0000] {processor.py:753} INFO - DAG(s) dict_keys(['tutorial']) retrieved from /home/airflow/.local/lib/python3.7/site-packages/airflow/example_dags/tutorial.py
[2023-04-16T18:09:59.689+0000] {logging_mixin.py:137} INFO - [2023-04-16T18:09:59.688+0000] {dag.py:2705} INFO - Sync 1 DAGs
[2023-04-16T18:09:59.724+0000] {logging_mixin.py:137} INFO - [2023-04-16T18:09:59.724+0000] {dag.py:3456} INFO - Setting next_dagrun for tutorial to 2023-04-15T18:09:59.724074+00:00, run_after=2023-04-16T18:09:59.724074+00:00
[2023-04-16T18:09:59.748+0000] {processor.py:175} INFO - Processing /home/airflow/.local/lib/python3.7/site-packages/airflow/example_dags/tutorial.py took 0.124 seconds
[2023-04-16T18:10:30.518+0000] {processor.py:153} INFO - Started process (PID=1152) to work on /home/airflow/.local/lib/python3.7/site-packages/airflow/example_dags/tutorial.py
[2023-04-16T18:10:30.520+0000] {processor.py:743} INFO - Processing file /home/airflow/.local/lib/python3.7/site-packages/airflow/example_dags/tutorial.py for tasks to queue
[2023-04-16T18:10:30.521+0000] {logging_mixin.py:137} INFO - [2023-04-16T18:10:30.520+0000] {dagbag.py:532} INFO - Filling up the DagBag from /home/airflow/.local/lib/python3.7/site-packages/airflow/example_dags/tutorial.py
[2023-04-16T18:10:30.542+0000] {processor.py:753} INFO - DAG(s) dict_keys(['tutorial']) retrieved from /home/airflow/.local/lib/python3.7/site-packages/airflow/example_dags/tutorial.py
[2023-04-16T18:10:30.590+0000] {logging_mixin.py:137} INFO - [2023-04-16T18:10:30.590+0000] {dag.py:2705} INFO - Sync 1 DAGs
[2023-04-16T18:10:30.629+0000] {logging_mixin.py:137} INFO - [2023-04-16T18:10:30.629+0000] {dag.py:3456} INFO - Setting next_dagrun for tutorial to 2023-04-15T18:10:30.628737+00:00, run_after=2023-04-16T18:10:30.628737+00:00
[2023-04-16T18:10:30.655+0000] {processor.py:175} INFO - Processing /home/airflow/.local/lib/python3.7/site-packages/airflow/example_dags/tutorial.py took 0.143 seconds
[2023-04-16T18:11:01.333+0000] {processor.py:153} INFO - Started process (PID=1202) to work on /home/airflow/.local/lib/python3.7/site-packages/airflow/example_dags/tutorial.py
[2023-04-16T18:11:01.336+0000] {processor.py:743} INFO - Processing file /home/airflow/.local/lib/python3.7/site-packages/airflow/example_dags/tutorial.py for tasks to queue
[2023-04-16T18:11:01.337+0000] {logging_mixin.py:137} INFO - [2023-04-16T18:11:01.336+0000] {dagbag.py:532} INFO - Filling up the DagBag from /home/airflow/.local/lib/python3.7/site-packages/airflow/example_dags/tutorial.py
[2023-04-16T18:11:01.361+0000] {processor.py:753} INFO - DAG(s) dict_keys(['tutorial']) retrieved from /home/airflow/.local/lib/python3.7/site-packages/airflow/example_dags/tutorial.py
[2023-04-16T18:11:01.403+0000] {logging_mixin.py:137} INFO - [2023-04-16T18:11:01.402+0000] {dag.py:2705} INFO - Sync 1 DAGs
[2023-04-16T18:11:01.446+0000] {logging_mixin.py:137} INFO - [2023-04-16T18:11:01.446+0000] {dag.py:3456} INFO - Setting next_dagrun for tutorial to 2023-04-15T18:11:01.445481+00:00, run_after=2023-04-16T18:11:01.445481+00:00
[2023-04-16T18:11:01.482+0000] {processor.py:175} INFO - Processing /home/airflow/.local/lib/python3.7/site-packages/airflow/example_dags/tutorial.py took 0.154 seconds
[2023-04-16T18:11:32.110+0000] {processor.py:153} INFO - Started process (PID=1253) to work on /home/airflow/.local/lib/python3.7/site-packages/airflow/example_dags/tutorial.py
[2023-04-16T18:11:32.112+0000] {processor.py:743} INFO - Processing file /home/airflow/.local/lib/python3.7/site-packages/airflow/example_dags/tutorial.py for tasks to queue
[2023-04-16T18:11:32.113+0000] {logging_mixin.py:137} INFO - [2023-04-16T18:11:32.113+0000] {dagbag.py:532} INFO - Filling up the DagBag from /home/airflow/.local/lib/python3.7/site-packages/airflow/example_dags/tutorial.py
[2023-04-16T18:11:32.134+0000] {processor.py:753} INFO - DAG(s) dict_keys(['tutorial']) retrieved from /home/airflow/.local/lib/python3.7/site-packages/airflow/example_dags/tutorial.py
[2023-04-16T18:11:32.186+0000] {logging_mixin.py:137} INFO - [2023-04-16T18:11:32.186+0000] {dag.py:2705} INFO - Sync 1 DAGs
[2023-04-16T18:11:32.223+0000] {logging_mixin.py:137} INFO - [2023-04-16T18:11:32.222+0000] {dag.py:3456} INFO - Setting next_dagrun for tutorial to 2023-04-15T18:11:32.222495+00:00, run_after=2023-04-16T18:11:32.222495+00:00
[2023-04-16T18:11:32.249+0000] {processor.py:175} INFO - Processing /home/airflow/.local/lib/python3.7/site-packages/airflow/example_dags/tutorial.py took 0.144 seconds
[2023-04-16T18:12:02.728+0000] {processor.py:153} INFO - Started process (PID=1303) to work on /home/airflow/.local/lib/python3.7/site-packages/airflow/example_dags/tutorial.py
[2023-04-16T18:12:02.730+0000] {processor.py:743} INFO - Processing file /home/airflow/.local/lib/python3.7/site-packages/airflow/example_dags/tutorial.py for tasks to queue
[2023-04-16T18:12:02.731+0000] {logging_mixin.py:137} INFO - [2023-04-16T18:12:02.731+0000] {dagbag.py:532} INFO - Filling up the DagBag from /home/airflow/.local/lib/python3.7/site-packages/airflow/example_dags/tutorial.py
[2023-04-16T18:12:02.750+0000] {processor.py:753} INFO - DAG(s) dict_keys(['tutorial']) retrieved from /home/airflow/.local/lib/python3.7/site-packages/airflow/example_dags/tutorial.py
[2023-04-16T18:12:02.788+0000] {logging_mixin.py:137} INFO - [2023-04-16T18:12:02.788+0000] {dag.py:2705} INFO - Sync 1 DAGs
[2023-04-16T18:12:02.831+0000] {logging_mixin.py:137} INFO - [2023-04-16T18:12:02.831+0000] {dag.py:3456} INFO - Setting next_dagrun for tutorial to 2023-04-15T18:12:02.830890+00:00, run_after=2023-04-16T18:12:02.830890+00:00
[2023-04-16T18:12:02.859+0000] {processor.py:175} INFO - Processing /home/airflow/.local/lib/python3.7/site-packages/airflow/example_dags/tutorial.py took 0.137 seconds
[2023-04-16T18:12:33.376+0000] {processor.py:153} INFO - Started process (PID=1353) to work on /home/airflow/.local/lib/python3.7/site-packages/airflow/example_dags/tutorial.py
[2023-04-16T18:12:33.377+0000] {processor.py:743} INFO - Processing file /home/airflow/.local/lib/python3.7/site-packages/airflow/example_dags/tutorial.py for tasks to queue
[2023-04-16T18:12:33.378+0000] {logging_mixin.py:137} INFO - [2023-04-16T18:12:33.378+0000] {dagbag.py:532} INFO - Filling up the DagBag from /home/airflow/.local/lib/python3.7/site-packages/airflow/example_dags/tutorial.py
[2023-04-16T18:12:33.398+0000] {processor.py:753} INFO - DAG(s) dict_keys(['tutorial']) retrieved from /home/airflow/.local/lib/python3.7/site-packages/airflow/example_dags/tutorial.py
[2023-04-16T18:12:33.448+0000] {logging_mixin.py:137} INFO - [2023-04-16T18:12:33.447+0000] {dag.py:2705} INFO - Sync 1 DAGs
[2023-04-16T18:12:33.492+0000] {logging_mixin.py:137} INFO - [2023-04-16T18:12:33.491+0000] {dag.py:3456} INFO - Setting next_dagrun for tutorial to 2023-04-15T18:12:33.491479+00:00, run_after=2023-04-16T18:12:33.491479+00:00
[2023-04-16T18:12:33.519+0000] {processor.py:175} INFO - Processing /home/airflow/.local/lib/python3.7/site-packages/airflow/example_dags/tutorial.py took 0.148 seconds
[2023-04-16T18:13:04.022+0000] {processor.py:153} INFO - Started process (PID=1403) to work on /home/airflow/.local/lib/python3.7/site-packages/airflow/example_dags/tutorial.py
[2023-04-16T18:13:04.024+0000] {processor.py:743} INFO - Processing file /home/airflow/.local/lib/python3.7/site-packages/airflow/example_dags/tutorial.py for tasks to queue
[2023-04-16T18:13:04.025+0000] {logging_mixin.py:137} INFO - [2023-04-16T18:13:04.025+0000] {dagbag.py:532} INFO - Filling up the DagBag from /home/airflow/.local/lib/python3.7/site-packages/airflow/example_dags/tutorial.py
[2023-04-16T18:13:04.047+0000] {processor.py:753} INFO - DAG(s) dict_keys(['tutorial']) retrieved from /home/airflow/.local/lib/python3.7/site-packages/airflow/example_dags/tutorial.py
[2023-04-16T18:13:04.085+0000] {logging_mixin.py:137} INFO - [2023-04-16T18:13:04.085+0000] {dag.py:2705} INFO - Sync 1 DAGs
[2023-04-16T18:13:04.125+0000] {logging_mixin.py:137} INFO - [2023-04-16T18:13:04.124+0000] {dag.py:3456} INFO - Setting next_dagrun for tutorial to 2023-04-15T18:13:04.124495+00:00, run_after=2023-04-16T18:13:04.124495+00:00
[2023-04-16T18:13:04.152+0000] {processor.py:175} INFO - Processing /home/airflow/.local/lib/python3.7/site-packages/airflow/example_dags/tutorial.py took 0.135 seconds
[2023-04-16T18:13:34.730+0000] {processor.py:153} INFO - Started process (PID=1454) to work on /home/airflow/.local/lib/python3.7/site-packages/airflow/example_dags/tutorial.py
[2023-04-16T18:13:34.736+0000] {processor.py:743} INFO - Processing file /home/airflow/.local/lib/python3.7/site-packages/airflow/example_dags/tutorial.py for tasks to queue
[2023-04-16T18:13:34.737+0000] {logging_mixin.py:137} INFO - [2023-04-16T18:13:34.737+0000] {dagbag.py:532} INFO - Filling up the DagBag from /home/airflow/.local/lib/python3.7/site-packages/airflow/example_dags/tutorial.py
[2023-04-16T18:13:34.757+0000] {processor.py:753} INFO - DAG(s) dict_keys(['tutorial']) retrieved from /home/airflow/.local/lib/python3.7/site-packages/airflow/example_dags/tutorial.py
[2023-04-16T18:13:34.796+0000] {logging_mixin.py:137} INFO - [2023-04-16T18:13:34.796+0000] {dag.py:2705} INFO - Sync 1 DAGs
[2023-04-16T18:13:34.836+0000] {logging_mixin.py:137} INFO - [2023-04-16T18:13:34.836+0000] {dag.py:3456} INFO - Setting next_dagrun for tutorial to 2023-04-15T18:13:34.836075+00:00, run_after=2023-04-16T18:13:34.836075+00:00
[2023-04-16T18:13:34.864+0000] {processor.py:175} INFO - Processing /home/airflow/.local/lib/python3.7/site-packages/airflow/example_dags/tutorial.py took 0.141 seconds
[2023-04-16T18:14:05.210+0000] {processor.py:153} INFO - Started process (PID=1505) to work on /home/airflow/.local/lib/python3.7/site-packages/airflow/example_dags/tutorial.py
[2023-04-16T18:14:05.211+0000] {processor.py:743} INFO - Processing file /home/airflow/.local/lib/python3.7/site-packages/airflow/example_dags/tutorial.py for tasks to queue
[2023-04-16T18:14:05.212+0000] {logging_mixin.py:137} INFO - [2023-04-16T18:14:05.212+0000] {dagbag.py:532} INFO - Filling up the DagBag from /home/airflow/.local/lib/python3.7/site-packages/airflow/example_dags/tutorial.py
[2023-04-16T18:14:05.235+0000] {processor.py:753} INFO - DAG(s) dict_keys(['tutorial']) retrieved from /home/airflow/.local/lib/python3.7/site-packages/airflow/example_dags/tutorial.py
[2023-04-16T18:14:05.278+0000] {logging_mixin.py:137} INFO - [2023-04-16T18:14:05.277+0000] {dag.py:2705} INFO - Sync 1 DAGs
[2023-04-16T18:14:05.320+0000] {logging_mixin.py:137} INFO - [2023-04-16T18:14:05.320+0000] {dag.py:3456} INFO - Setting next_dagrun for tutorial to 2023-04-15T18:14:05.320047+00:00, run_after=2023-04-16T18:14:05.320047+00:00
[2023-04-16T18:14:05.359+0000] {processor.py:175} INFO - Processing /home/airflow/.local/lib/python3.7/site-packages/airflow/example_dags/tutorial.py took 0.155 seconds
[2023-04-16T18:14:35.940+0000] {processor.py:153} INFO - Started process (PID=1555) to work on /home/airflow/.local/lib/python3.7/site-packages/airflow/example_dags/tutorial.py
[2023-04-16T18:14:35.942+0000] {processor.py:743} INFO - Processing file /home/airflow/.local/lib/python3.7/site-packages/airflow/example_dags/tutorial.py for tasks to queue
[2023-04-16T18:14:35.943+0000] {logging_mixin.py:137} INFO - [2023-04-16T18:14:35.943+0000] {dagbag.py:532} INFO - Filling up the DagBag from /home/airflow/.local/lib/python3.7/site-packages/airflow/example_dags/tutorial.py
[2023-04-16T18:14:35.968+0000] {processor.py:753} INFO - DAG(s) dict_keys(['tutorial']) retrieved from /home/airflow/.local/lib/python3.7/site-packages/airflow/example_dags/tutorial.py
[2023-04-16T18:14:36.010+0000] {logging_mixin.py:137} INFO - [2023-04-16T18:14:36.010+0000] {dag.py:2705} INFO - Sync 1 DAGs
[2023-04-16T18:14:36.048+0000] {logging_mixin.py:137} INFO - [2023-04-16T18:14:36.048+0000] {dag.py:3456} INFO - Setting next_dagrun for tutorial to 2023-04-15T18:14:36.047844+00:00, run_after=2023-04-16T18:14:36.047844+00:00
[2023-04-16T18:14:36.075+0000] {processor.py:175} INFO - Processing /home/airflow/.local/lib/python3.7/site-packages/airflow/example_dags/tutorial.py took 0.141 seconds
[2023-04-16T18:15:06.659+0000] {processor.py:153} INFO - Started process (PID=1605) to work on /home/airflow/.local/lib/python3.7/site-packages/airflow/example_dags/tutorial.py
[2023-04-16T18:15:06.660+0000] {processor.py:743} INFO - Processing file /home/airflow/.local/lib/python3.7/site-packages/airflow/example_dags/tutorial.py for tasks to queue
[2023-04-16T18:15:06.661+0000] {logging_mixin.py:137} INFO - [2023-04-16T18:15:06.661+0000] {dagbag.py:532} INFO - Filling up the DagBag from /home/airflow/.local/lib/python3.7/site-packages/airflow/example_dags/tutorial.py
[2023-04-16T18:15:06.681+0000] {processor.py:753} INFO - DAG(s) dict_keys(['tutorial']) retrieved from /home/airflow/.local/lib/python3.7/site-packages/airflow/example_dags/tutorial.py
[2023-04-16T18:15:06.726+0000] {logging_mixin.py:137} INFO - [2023-04-16T18:15:06.726+0000] {dag.py:2705} INFO - Sync 1 DAGs
[2023-04-16T18:15:06.773+0000] {logging_mixin.py:137} INFO - [2023-04-16T18:15:06.773+0000] {dag.py:3456} INFO - Setting next_dagrun for tutorial to 2023-04-15T18:15:06.772880+00:00, run_after=2023-04-16T18:15:06.772880+00:00
[2023-04-16T18:15:06.810+0000] {processor.py:175} INFO - Processing /home/airflow/.local/lib/python3.7/site-packages/airflow/example_dags/tutorial.py took 0.157 seconds
[2023-04-16T18:15:37.443+0000] {processor.py:153} INFO - Started process (PID=1655) to work on /home/airflow/.local/lib/python3.7/site-packages/airflow/example_dags/tutorial.py
[2023-04-16T18:15:37.447+0000] {processor.py:743} INFO - Processing file /home/airflow/.local/lib/python3.7/site-packages/airflow/example_dags/tutorial.py for tasks to queue
[2023-04-16T18:15:37.448+0000] {logging_mixin.py:137} INFO - [2023-04-16T18:15:37.448+0000] {dagbag.py:532} INFO - Filling up the DagBag from /home/airflow/.local/lib/python3.7/site-packages/airflow/example_dags/tutorial.py
[2023-04-16T18:15:37.470+0000] {processor.py:753} INFO - DAG(s) dict_keys(['tutorial']) retrieved from /home/airflow/.local/lib/python3.7/site-packages/airflow/example_dags/tutorial.py
[2023-04-16T18:15:37.522+0000] {logging_mixin.py:137} INFO - [2023-04-16T18:15:37.522+0000] {dag.py:2705} INFO - Sync 1 DAGs
[2023-04-16T18:15:37.582+0000] {logging_mixin.py:137} INFO - [2023-04-16T18:15:37.582+0000] {dag.py:3456} INFO - Setting next_dagrun for tutorial to 2023-04-15T18:15:37.581688+00:00, run_after=2023-04-16T18:15:37.581688+00:00
[2023-04-16T18:15:37.608+0000] {processor.py:175} INFO - Processing /home/airflow/.local/lib/python3.7/site-packages/airflow/example_dags/tutorial.py took 0.176 seconds
[2023-04-16T18:16:08.149+0000] {processor.py:153} INFO - Started process (PID=1705) to work on /home/airflow/.local/lib/python3.7/site-packages/airflow/example_dags/tutorial.py
[2023-04-16T18:16:08.150+0000] {processor.py:743} INFO - Processing file /home/airflow/.local/lib/python3.7/site-packages/airflow/example_dags/tutorial.py for tasks to queue
[2023-04-16T18:16:08.151+0000] {logging_mixin.py:137} INFO - [2023-04-16T18:16:08.150+0000] {dagbag.py:532} INFO - Filling up the DagBag from /home/airflow/.local/lib/python3.7/site-packages/airflow/example_dags/tutorial.py
[2023-04-16T18:16:08.171+0000] {processor.py:753} INFO - DAG(s) dict_keys(['tutorial']) retrieved from /home/airflow/.local/lib/python3.7/site-packages/airflow/example_dags/tutorial.py
[2023-04-16T18:16:08.215+0000] {logging_mixin.py:137} INFO - [2023-04-16T18:16:08.214+0000] {dag.py:2705} INFO - Sync 1 DAGs
[2023-04-16T18:16:08.252+0000] {logging_mixin.py:137} INFO - [2023-04-16T18:16:08.252+0000] {dag.py:3456} INFO - Setting next_dagrun for tutorial to 2023-04-15T18:16:08.251955+00:00, run_after=2023-04-16T18:16:08.251955+00:00
[2023-04-16T18:16:08.278+0000] {processor.py:175} INFO - Processing /home/airflow/.local/lib/python3.7/site-packages/airflow/example_dags/tutorial.py took 0.135 seconds
[2023-04-16T18:16:38.739+0000] {processor.py:153} INFO - Started process (PID=1755) to work on /home/airflow/.local/lib/python3.7/site-packages/airflow/example_dags/tutorial.py
[2023-04-16T18:16:38.741+0000] {processor.py:743} INFO - Processing file /home/airflow/.local/lib/python3.7/site-packages/airflow/example_dags/tutorial.py for tasks to queue
[2023-04-16T18:16:38.742+0000] {logging_mixin.py:137} INFO - [2023-04-16T18:16:38.742+0000] {dagbag.py:532} INFO - Filling up the DagBag from /home/airflow/.local/lib/python3.7/site-packages/airflow/example_dags/tutorial.py
[2023-04-16T18:16:38.771+0000] {processor.py:753} INFO - DAG(s) dict_keys(['tutorial']) retrieved from /home/airflow/.local/lib/python3.7/site-packages/airflow/example_dags/tutorial.py
[2023-04-16T18:16:38.830+0000] {logging_mixin.py:137} INFO - [2023-04-16T18:16:38.830+0000] {dag.py:2705} INFO - Sync 1 DAGs
[2023-04-16T18:16:38.875+0000] {logging_mixin.py:137} INFO - [2023-04-16T18:16:38.874+0000] {dag.py:3456} INFO - Setting next_dagrun for tutorial to 2023-04-15T18:16:38.874520+00:00, run_after=2023-04-16T18:16:38.874520+00:00
[2023-04-16T18:16:38.900+0000] {processor.py:175} INFO - Processing /home/airflow/.local/lib/python3.7/site-packages/airflow/example_dags/tutorial.py took 0.168 seconds
[2023-04-16T18:17:09.630+0000] {processor.py:153} INFO - Started process (PID=1812) to work on /home/airflow/.local/lib/python3.7/site-packages/airflow/example_dags/tutorial.py
[2023-04-16T18:17:09.632+0000] {processor.py:743} INFO - Processing file /home/airflow/.local/lib/python3.7/site-packages/airflow/example_dags/tutorial.py for tasks to queue
[2023-04-16T18:17:09.633+0000] {logging_mixin.py:137} INFO - [2023-04-16T18:17:09.633+0000] {dagbag.py:532} INFO - Filling up the DagBag from /home/airflow/.local/lib/python3.7/site-packages/airflow/example_dags/tutorial.py
[2023-04-16T18:17:09.653+0000] {processor.py:753} INFO - DAG(s) dict_keys(['tutorial']) retrieved from /home/airflow/.local/lib/python3.7/site-packages/airflow/example_dags/tutorial.py
[2023-04-16T18:17:09.702+0000] {logging_mixin.py:137} INFO - [2023-04-16T18:17:09.702+0000] {dag.py:2705} INFO - Sync 1 DAGs
[2023-04-16T18:17:09.738+0000] {logging_mixin.py:137} INFO - [2023-04-16T18:17:09.737+0000] {dag.py:3456} INFO - Setting next_dagrun for tutorial to 2023-04-15T18:17:09.737503+00:00, run_after=2023-04-16T18:17:09.737503+00:00
[2023-04-16T18:17:09.764+0000] {processor.py:175} INFO - Processing /home/airflow/.local/lib/python3.7/site-packages/airflow/example_dags/tutorial.py took 0.139 seconds
[2023-04-16T18:17:40.367+0000] {processor.py:153} INFO - Started process (PID=1862) to work on /home/airflow/.local/lib/python3.7/site-packages/airflow/example_dags/tutorial.py
[2023-04-16T18:17:40.369+0000] {processor.py:743} INFO - Processing file /home/airflow/.local/lib/python3.7/site-packages/airflow/example_dags/tutorial.py for tasks to queue
[2023-04-16T18:17:40.369+0000] {logging_mixin.py:137} INFO - [2023-04-16T18:17:40.369+0000] {dagbag.py:532} INFO - Filling up the DagBag from /home/airflow/.local/lib/python3.7/site-packages/airflow/example_dags/tutorial.py
[2023-04-16T18:17:40.393+0000] {processor.py:753} INFO - DAG(s) dict_keys(['tutorial']) retrieved from /home/airflow/.local/lib/python3.7/site-packages/airflow/example_dags/tutorial.py
[2023-04-16T18:17:40.442+0000] {logging_mixin.py:137} INFO - [2023-04-16T18:17:40.442+0000] {dag.py:2705} INFO - Sync 1 DAGs
[2023-04-16T18:17:40.500+0000] {logging_mixin.py:137} INFO - [2023-04-16T18:17:40.499+0000] {dag.py:3456} INFO - Setting next_dagrun for tutorial to 2023-04-15T18:17:40.499556+00:00, run_after=2023-04-16T18:17:40.499556+00:00
[2023-04-16T18:17:40.528+0000] {processor.py:175} INFO - Processing /home/airflow/.local/lib/python3.7/site-packages/airflow/example_dags/tutorial.py took 0.167 seconds
[2023-04-16T18:18:11.004+0000] {processor.py:153} INFO - Started process (PID=1912) to work on /home/airflow/.local/lib/python3.7/site-packages/airflow/example_dags/tutorial.py
[2023-04-16T18:18:11.005+0000] {processor.py:743} INFO - Processing file /home/airflow/.local/lib/python3.7/site-packages/airflow/example_dags/tutorial.py for tasks to queue
[2023-04-16T18:18:11.006+0000] {logging_mixin.py:137} INFO - [2023-04-16T18:18:11.006+0000] {dagbag.py:532} INFO - Filling up the DagBag from /home/airflow/.local/lib/python3.7/site-packages/airflow/example_dags/tutorial.py
[2023-04-16T18:18:11.026+0000] {processor.py:753} INFO - DAG(s) dict_keys(['tutorial']) retrieved from /home/airflow/.local/lib/python3.7/site-packages/airflow/example_dags/tutorial.py
[2023-04-16T18:18:11.064+0000] {logging_mixin.py:137} INFO - [2023-04-16T18:18:11.064+0000] {dag.py:2705} INFO - Sync 1 DAGs
[2023-04-16T18:18:11.110+0000] {logging_mixin.py:137} INFO - [2023-04-16T18:18:11.110+0000] {dag.py:3456} INFO - Setting next_dagrun for tutorial to 2023-04-15T18:18:11.109651+00:00, run_after=2023-04-16T18:18:11.109651+00:00
[2023-04-16T18:18:11.137+0000] {processor.py:175} INFO - Processing /home/airflow/.local/lib/python3.7/site-packages/airflow/example_dags/tutorial.py took 0.139 seconds
[2023-04-16T18:18:41.879+0000] {processor.py:153} INFO - Started process (PID=1962) to work on /home/airflow/.local/lib/python3.7/site-packages/airflow/example_dags/tutorial.py
[2023-04-16T18:18:41.881+0000] {processor.py:743} INFO - Processing file /home/airflow/.local/lib/python3.7/site-packages/airflow/example_dags/tutorial.py for tasks to queue
[2023-04-16T18:18:41.882+0000] {logging_mixin.py:137} INFO - [2023-04-16T18:18:41.882+0000] {dagbag.py:532} INFO - Filling up the DagBag from /home/airflow/.local/lib/python3.7/site-packages/airflow/example_dags/tutorial.py
[2023-04-16T18:18:41.902+0000] {processor.py:753} INFO - DAG(s) dict_keys(['tutorial']) retrieved from /home/airflow/.local/lib/python3.7/site-packages/airflow/example_dags/tutorial.py
[2023-04-16T18:18:41.944+0000] {logging_mixin.py:137} INFO - [2023-04-16T18:18:41.944+0000] {dag.py:2705} INFO - Sync 1 DAGs
[2023-04-16T18:18:41.995+0000] {logging_mixin.py:137} INFO - [2023-04-16T18:18:41.995+0000] {dag.py:3456} INFO - Setting next_dagrun for tutorial to 2023-04-15T18:18:41.994944+00:00, run_after=2023-04-16T18:18:41.994944+00:00
[2023-04-16T18:18:42.021+0000] {processor.py:175} INFO - Processing /home/airflow/.local/lib/python3.7/site-packages/airflow/example_dags/tutorial.py took 0.147 seconds
[2023-04-16T18:19:12.503+0000] {processor.py:153} INFO - Started process (PID=2012) to work on /home/airflow/.local/lib/python3.7/site-packages/airflow/example_dags/tutorial.py
[2023-04-16T18:19:12.504+0000] {processor.py:743} INFO - Processing file /home/airflow/.local/lib/python3.7/site-packages/airflow/example_dags/tutorial.py for tasks to queue
[2023-04-16T18:19:12.505+0000] {logging_mixin.py:137} INFO - [2023-04-16T18:19:12.505+0000] {dagbag.py:532} INFO - Filling up the DagBag from /home/airflow/.local/lib/python3.7/site-packages/airflow/example_dags/tutorial.py
[2023-04-16T18:19:12.532+0000] {processor.py:753} INFO - DAG(s) dict_keys(['tutorial']) retrieved from /home/airflow/.local/lib/python3.7/site-packages/airflow/example_dags/tutorial.py
[2023-04-16T18:19:12.585+0000] {logging_mixin.py:137} INFO - [2023-04-16T18:19:12.584+0000] {dag.py:2705} INFO - Sync 1 DAGs
[2023-04-16T18:19:12.622+0000] {logging_mixin.py:137} INFO - [2023-04-16T18:19:12.621+0000] {dag.py:3456} INFO - Setting next_dagrun for tutorial to 2023-04-15T18:19:12.621649+00:00, run_after=2023-04-16T18:19:12.621649+00:00
[2023-04-16T18:19:12.648+0000] {processor.py:175} INFO - Processing /home/airflow/.local/lib/python3.7/site-packages/airflow/example_dags/tutorial.py took 0.151 seconds
[2023-04-16T18:19:43.249+0000] {processor.py:153} INFO - Started process (PID=2062) to work on /home/airflow/.local/lib/python3.7/site-packages/airflow/example_dags/tutorial.py
[2023-04-16T18:19:43.250+0000] {processor.py:743} INFO - Processing file /home/airflow/.local/lib/python3.7/site-packages/airflow/example_dags/tutorial.py for tasks to queue
[2023-04-16T18:19:43.252+0000] {logging_mixin.py:137} INFO - [2023-04-16T18:19:43.251+0000] {dagbag.py:532} INFO - Filling up the DagBag from /home/airflow/.local/lib/python3.7/site-packages/airflow/example_dags/tutorial.py
[2023-04-16T18:19:43.277+0000] {processor.py:753} INFO - DAG(s) dict_keys(['tutorial']) retrieved from /home/airflow/.local/lib/python3.7/site-packages/airflow/example_dags/tutorial.py
[2023-04-16T18:19:43.316+0000] {logging_mixin.py:137} INFO - [2023-04-16T18:19:43.316+0000] {dag.py:2705} INFO - Sync 1 DAGs
[2023-04-16T18:19:43.359+0000] {logging_mixin.py:137} INFO - [2023-04-16T18:19:43.359+0000] {dag.py:3456} INFO - Setting next_dagrun for tutorial to 2023-04-15T18:19:43.358815+00:00, run_after=2023-04-16T18:19:43.358815+00:00
[2023-04-16T18:19:43.385+0000] {processor.py:175} INFO - Processing /home/airflow/.local/lib/python3.7/site-packages/airflow/example_dags/tutorial.py took 0.142 seconds
[2023-04-16T18:20:13.927+0000] {processor.py:153} INFO - Started process (PID=2112) to work on /home/airflow/.local/lib/python3.7/site-packages/airflow/example_dags/tutorial.py
[2023-04-16T18:20:13.928+0000] {processor.py:743} INFO - Processing file /home/airflow/.local/lib/python3.7/site-packages/airflow/example_dags/tutorial.py for tasks to queue
[2023-04-16T18:20:13.929+0000] {logging_mixin.py:137} INFO - [2023-04-16T18:20:13.929+0000] {dagbag.py:532} INFO - Filling up the DagBag from /home/airflow/.local/lib/python3.7/site-packages/airflow/example_dags/tutorial.py
[2023-04-16T18:20:13.956+0000] {processor.py:753} INFO - DAG(s) dict_keys(['tutorial']) retrieved from /home/airflow/.local/lib/python3.7/site-packages/airflow/example_dags/tutorial.py
[2023-04-16T18:20:14.013+0000] {logging_mixin.py:137} INFO - [2023-04-16T18:20:14.013+0000] {dag.py:2705} INFO - Sync 1 DAGs
[2023-04-16T18:20:14.070+0000] {logging_mixin.py:137} INFO - [2023-04-16T18:20:14.070+0000] {dag.py:3456} INFO - Setting next_dagrun for tutorial to 2023-04-15T18:20:14.069715+00:00, run_after=2023-04-16T18:20:14.069715+00:00
[2023-04-16T18:20:14.105+0000] {processor.py:175} INFO - Processing /home/airflow/.local/lib/python3.7/site-packages/airflow/example_dags/tutorial.py took 0.184 seconds
[2023-04-16T18:20:44.546+0000] {processor.py:153} INFO - Started process (PID=2163) to work on /home/airflow/.local/lib/python3.7/site-packages/airflow/example_dags/tutorial.py
[2023-04-16T18:20:44.547+0000] {processor.py:743} INFO - Processing file /home/airflow/.local/lib/python3.7/site-packages/airflow/example_dags/tutorial.py for tasks to queue
[2023-04-16T18:20:44.548+0000] {logging_mixin.py:137} INFO - [2023-04-16T18:20:44.548+0000] {dagbag.py:532} INFO - Filling up the DagBag from /home/airflow/.local/lib/python3.7/site-packages/airflow/example_dags/tutorial.py
[2023-04-16T18:20:44.570+0000] {processor.py:753} INFO - DAG(s) dict_keys(['tutorial']) retrieved from /home/airflow/.local/lib/python3.7/site-packages/airflow/example_dags/tutorial.py
[2023-04-16T18:20:44.616+0000] {logging_mixin.py:137} INFO - [2023-04-16T18:20:44.616+0000] {dag.py:2705} INFO - Sync 1 DAGs
[2023-04-16T18:20:44.653+0000] {logging_mixin.py:137} INFO - [2023-04-16T18:20:44.653+0000] {dag.py:3456} INFO - Setting next_dagrun for tutorial to 2023-04-15T18:20:44.653100+00:00, run_after=2023-04-16T18:20:44.653100+00:00
[2023-04-16T18:20:44.679+0000] {processor.py:175} INFO - Processing /home/airflow/.local/lib/python3.7/site-packages/airflow/example_dags/tutorial.py took 0.140 seconds
[2023-04-16T18:21:15.248+0000] {processor.py:153} INFO - Started process (PID=2213) to work on /home/airflow/.local/lib/python3.7/site-packages/airflow/example_dags/tutorial.py
[2023-04-16T18:21:15.250+0000] {processor.py:743} INFO - Processing file /home/airflow/.local/lib/python3.7/site-packages/airflow/example_dags/tutorial.py for tasks to queue
[2023-04-16T18:21:15.251+0000] {logging_mixin.py:137} INFO - [2023-04-16T18:21:15.251+0000] {dagbag.py:532} INFO - Filling up the DagBag from /home/airflow/.local/lib/python3.7/site-packages/airflow/example_dags/tutorial.py
[2023-04-16T18:21:15.271+0000] {processor.py:753} INFO - DAG(s) dict_keys(['tutorial']) retrieved from /home/airflow/.local/lib/python3.7/site-packages/airflow/example_dags/tutorial.py
[2023-04-16T18:21:15.309+0000] {logging_mixin.py:137} INFO - [2023-04-16T18:21:15.309+0000] {dag.py:2705} INFO - Sync 1 DAGs
[2023-04-16T18:21:15.353+0000] {logging_mixin.py:137} INFO - [2023-04-16T18:21:15.353+0000] {dag.py:3456} INFO - Setting next_dagrun for tutorial to 2023-04-15T18:21:15.352989+00:00, run_after=2023-04-16T18:21:15.352989+00:00
[2023-04-16T18:21:15.384+0000] {processor.py:175} INFO - Processing /home/airflow/.local/lib/python3.7/site-packages/airflow/example_dags/tutorial.py took 0.141 seconds
[2023-04-16T18:21:45.573+0000] {processor.py:153} INFO - Started process (PID=2263) to work on /home/airflow/.local/lib/python3.7/site-packages/airflow/example_dags/tutorial.py
[2023-04-16T18:21:45.575+0000] {processor.py:743} INFO - Processing file /home/airflow/.local/lib/python3.7/site-packages/airflow/example_dags/tutorial.py for tasks to queue
[2023-04-16T18:21:45.576+0000] {logging_mixin.py:137} INFO - [2023-04-16T18:21:45.575+0000] {dagbag.py:532} INFO - Filling up the DagBag from /home/airflow/.local/lib/python3.7/site-packages/airflow/example_dags/tutorial.py
[2023-04-16T18:21:45.597+0000] {processor.py:753} INFO - DAG(s) dict_keys(['tutorial']) retrieved from /home/airflow/.local/lib/python3.7/site-packages/airflow/example_dags/tutorial.py
[2023-04-16T18:21:45.636+0000] {logging_mixin.py:137} INFO - [2023-04-16T18:21:45.636+0000] {dag.py:2705} INFO - Sync 1 DAGs
[2023-04-16T18:21:45.682+0000] {logging_mixin.py:137} INFO - [2023-04-16T18:21:45.682+0000] {dag.py:3456} INFO - Setting next_dagrun for tutorial to 2023-04-15T18:21:45.681947+00:00, run_after=2023-04-16T18:21:45.681947+00:00
[2023-04-16T18:21:45.710+0000] {processor.py:175} INFO - Processing /home/airflow/.local/lib/python3.7/site-packages/airflow/example_dags/tutorial.py took 0.143 seconds
[2023-04-16T18:22:15.958+0000] {processor.py:153} INFO - Started process (PID=2313) to work on /home/airflow/.local/lib/python3.7/site-packages/airflow/example_dags/tutorial.py
[2023-04-16T18:22:15.959+0000] {processor.py:743} INFO - Processing file /home/airflow/.local/lib/python3.7/site-packages/airflow/example_dags/tutorial.py for tasks to queue
[2023-04-16T18:22:15.960+0000] {logging_mixin.py:137} INFO - [2023-04-16T18:22:15.960+0000] {dagbag.py:532} INFO - Filling up the DagBag from /home/airflow/.local/lib/python3.7/site-packages/airflow/example_dags/tutorial.py
[2023-04-16T18:22:15.981+0000] {processor.py:753} INFO - DAG(s) dict_keys(['tutorial']) retrieved from /home/airflow/.local/lib/python3.7/site-packages/airflow/example_dags/tutorial.py
[2023-04-16T18:22:16.018+0000] {logging_mixin.py:137} INFO - [2023-04-16T18:22:16.018+0000] {dag.py:2705} INFO - Sync 1 DAGs
[2023-04-16T18:22:16.055+0000] {logging_mixin.py:137} INFO - [2023-04-16T18:22:16.054+0000] {dag.py:3456} INFO - Setting next_dagrun for tutorial to 2023-04-15T18:22:16.054586+00:00, run_after=2023-04-16T18:22:16.054586+00:00
[2023-04-16T18:22:16.079+0000] {processor.py:175} INFO - Processing /home/airflow/.local/lib/python3.7/site-packages/airflow/example_dags/tutorial.py took 0.126 seconds
[2023-04-16T18:22:46.227+0000] {processor.py:153} INFO - Started process (PID=2363) to work on /home/airflow/.local/lib/python3.7/site-packages/airflow/example_dags/tutorial.py
[2023-04-16T18:22:46.228+0000] {processor.py:743} INFO - Processing file /home/airflow/.local/lib/python3.7/site-packages/airflow/example_dags/tutorial.py for tasks to queue
[2023-04-16T18:22:46.229+0000] {logging_mixin.py:137} INFO - [2023-04-16T18:22:46.229+0000] {dagbag.py:532} INFO - Filling up the DagBag from /home/airflow/.local/lib/python3.7/site-packages/airflow/example_dags/tutorial.py
[2023-04-16T18:22:46.249+0000] {processor.py:753} INFO - DAG(s) dict_keys(['tutorial']) retrieved from /home/airflow/.local/lib/python3.7/site-packages/airflow/example_dags/tutorial.py
[2023-04-16T18:22:46.287+0000] {logging_mixin.py:137} INFO - [2023-04-16T18:22:46.287+0000] {dag.py:2705} INFO - Sync 1 DAGs
[2023-04-16T18:22:46.325+0000] {logging_mixin.py:137} INFO - [2023-04-16T18:22:46.325+0000] {dag.py:3456} INFO - Setting next_dagrun for tutorial to 2023-04-15T18:22:46.325087+00:00, run_after=2023-04-16T18:22:46.325087+00:00
[2023-04-16T18:22:46.352+0000] {processor.py:175} INFO - Processing /home/airflow/.local/lib/python3.7/site-packages/airflow/example_dags/tutorial.py took 0.131 seconds
[2023-04-16T18:23:16.804+0000] {processor.py:153} INFO - Started process (PID=2413) to work on /home/airflow/.local/lib/python3.7/site-packages/airflow/example_dags/tutorial.py
[2023-04-16T18:23:16.806+0000] {processor.py:743} INFO - Processing file /home/airflow/.local/lib/python3.7/site-packages/airflow/example_dags/tutorial.py for tasks to queue
[2023-04-16T18:23:16.807+0000] {logging_mixin.py:137} INFO - [2023-04-16T18:23:16.807+0000] {dagbag.py:532} INFO - Filling up the DagBag from /home/airflow/.local/lib/python3.7/site-packages/airflow/example_dags/tutorial.py
[2023-04-16T18:23:16.827+0000] {processor.py:753} INFO - DAG(s) dict_keys(['tutorial']) retrieved from /home/airflow/.local/lib/python3.7/site-packages/airflow/example_dags/tutorial.py
[2023-04-16T18:23:16.864+0000] {logging_mixin.py:137} INFO - [2023-04-16T18:23:16.864+0000] {dag.py:2705} INFO - Sync 1 DAGs
[2023-04-16T18:23:16.899+0000] {logging_mixin.py:137} INFO - [2023-04-16T18:23:16.899+0000] {dag.py:3456} INFO - Setting next_dagrun for tutorial to 2023-04-15T18:23:16.899036+00:00, run_after=2023-04-16T18:23:16.899036+00:00
[2023-04-16T18:23:16.925+0000] {processor.py:175} INFO - Processing /home/airflow/.local/lib/python3.7/site-packages/airflow/example_dags/tutorial.py took 0.126 seconds
[2023-04-16T18:23:47.021+0000] {processor.py:153} INFO - Started process (PID=2463) to work on /home/airflow/.local/lib/python3.7/site-packages/airflow/example_dags/tutorial.py
[2023-04-16T18:23:47.023+0000] {processor.py:743} INFO - Processing file /home/airflow/.local/lib/python3.7/site-packages/airflow/example_dags/tutorial.py for tasks to queue
[2023-04-16T18:23:47.023+0000] {logging_mixin.py:137} INFO - [2023-04-16T18:23:47.023+0000] {dagbag.py:532} INFO - Filling up the DagBag from /home/airflow/.local/lib/python3.7/site-packages/airflow/example_dags/tutorial.py
[2023-04-16T18:23:47.044+0000] {processor.py:753} INFO - DAG(s) dict_keys(['tutorial']) retrieved from /home/airflow/.local/lib/python3.7/site-packages/airflow/example_dags/tutorial.py
[2023-04-16T18:23:47.081+0000] {logging_mixin.py:137} INFO - [2023-04-16T18:23:47.081+0000] {dag.py:2705} INFO - Sync 1 DAGs
[2023-04-16T18:23:47.118+0000] {logging_mixin.py:137} INFO - [2023-04-16T18:23:47.118+0000] {dag.py:3456} INFO - Setting next_dagrun for tutorial to 2023-04-15T18:23:47.117831+00:00, run_after=2023-04-16T18:23:47.117831+00:00
[2023-04-16T18:23:47.143+0000] {processor.py:175} INFO - Processing /home/airflow/.local/lib/python3.7/site-packages/airflow/example_dags/tutorial.py took 0.127 seconds
[2023-04-16T18:24:17.188+0000] {processor.py:153} INFO - Started process (PID=2512) to work on /home/airflow/.local/lib/python3.7/site-packages/airflow/example_dags/tutorial.py
[2023-04-16T18:24:17.190+0000] {processor.py:743} INFO - Processing file /home/airflow/.local/lib/python3.7/site-packages/airflow/example_dags/tutorial.py for tasks to queue
[2023-04-16T18:24:17.191+0000] {logging_mixin.py:137} INFO - [2023-04-16T18:24:17.191+0000] {dagbag.py:532} INFO - Filling up the DagBag from /home/airflow/.local/lib/python3.7/site-packages/airflow/example_dags/tutorial.py
[2023-04-16T18:24:17.219+0000] {processor.py:753} INFO - DAG(s) dict_keys(['tutorial']) retrieved from /home/airflow/.local/lib/python3.7/site-packages/airflow/example_dags/tutorial.py
[2023-04-16T18:24:17.259+0000] {logging_mixin.py:137} INFO - [2023-04-16T18:24:17.259+0000] {dag.py:2705} INFO - Sync 1 DAGs
[2023-04-16T18:24:17.296+0000] {logging_mixin.py:137} INFO - [2023-04-16T18:24:17.295+0000] {dag.py:3456} INFO - Setting next_dagrun for tutorial to 2023-04-15T18:24:17.295502+00:00, run_after=2023-04-16T18:24:17.295502+00:00
[2023-04-16T18:24:17.329+0000] {processor.py:175} INFO - Processing /home/airflow/.local/lib/python3.7/site-packages/airflow/example_dags/tutorial.py took 0.147 seconds
[2023-04-16T18:24:47.431+0000] {processor.py:153} INFO - Started process (PID=2562) to work on /home/airflow/.local/lib/python3.7/site-packages/airflow/example_dags/tutorial.py
[2023-04-16T18:24:47.432+0000] {processor.py:743} INFO - Processing file /home/airflow/.local/lib/python3.7/site-packages/airflow/example_dags/tutorial.py for tasks to queue
[2023-04-16T18:24:47.433+0000] {logging_mixin.py:137} INFO - [2023-04-16T18:24:47.433+0000] {dagbag.py:532} INFO - Filling up the DagBag from /home/airflow/.local/lib/python3.7/site-packages/airflow/example_dags/tutorial.py
[2023-04-16T18:24:47.452+0000] {processor.py:753} INFO - DAG(s) dict_keys(['tutorial']) retrieved from /home/airflow/.local/lib/python3.7/site-packages/airflow/example_dags/tutorial.py
[2023-04-16T18:24:47.490+0000] {logging_mixin.py:137} INFO - [2023-04-16T18:24:47.489+0000] {dag.py:2705} INFO - Sync 1 DAGs
[2023-04-16T18:24:47.524+0000] {logging_mixin.py:137} INFO - [2023-04-16T18:24:47.524+0000] {dag.py:3456} INFO - Setting next_dagrun for tutorial to 2023-04-15T18:24:47.524456+00:00, run_after=2023-04-16T18:24:47.524456+00:00
[2023-04-16T18:24:47.550+0000] {processor.py:175} INFO - Processing /home/airflow/.local/lib/python3.7/site-packages/airflow/example_dags/tutorial.py took 0.125 seconds
[2023-04-16T18:25:18.452+0000] {processor.py:153} INFO - Started process (PID=2612) to work on /home/airflow/.local/lib/python3.7/site-packages/airflow/example_dags/tutorial.py
[2023-04-16T18:25:18.454+0000] {processor.py:743} INFO - Processing file /home/airflow/.local/lib/python3.7/site-packages/airflow/example_dags/tutorial.py for tasks to queue
[2023-04-16T18:25:18.455+0000] {logging_mixin.py:137} INFO - [2023-04-16T18:25:18.455+0000] {dagbag.py:532} INFO - Filling up the DagBag from /home/airflow/.local/lib/python3.7/site-packages/airflow/example_dags/tutorial.py
[2023-04-16T18:25:18.476+0000] {processor.py:753} INFO - DAG(s) dict_keys(['tutorial']) retrieved from /home/airflow/.local/lib/python3.7/site-packages/airflow/example_dags/tutorial.py
[2023-04-16T18:25:18.513+0000] {logging_mixin.py:137} INFO - [2023-04-16T18:25:18.513+0000] {dag.py:2705} INFO - Sync 1 DAGs
[2023-04-16T18:25:18.550+0000] {logging_mixin.py:137} INFO - [2023-04-16T18:25:18.550+0000] {dag.py:3456} INFO - Setting next_dagrun for tutorial to 2023-04-15T18:25:18.550139+00:00, run_after=2023-04-16T18:25:18.550139+00:00
[2023-04-16T18:25:18.577+0000] {processor.py:175} INFO - Processing /home/airflow/.local/lib/python3.7/site-packages/airflow/example_dags/tutorial.py took 0.130 seconds
[2023-04-16T18:25:49.134+0000] {processor.py:153} INFO - Started process (PID=2663) to work on /home/airflow/.local/lib/python3.7/site-packages/airflow/example_dags/tutorial.py
[2023-04-16T18:25:49.135+0000] {processor.py:743} INFO - Processing file /home/airflow/.local/lib/python3.7/site-packages/airflow/example_dags/tutorial.py for tasks to queue
[2023-04-16T18:25:49.136+0000] {logging_mixin.py:137} INFO - [2023-04-16T18:25:49.136+0000] {dagbag.py:532} INFO - Filling up the DagBag from /home/airflow/.local/lib/python3.7/site-packages/airflow/example_dags/tutorial.py
[2023-04-16T18:25:49.158+0000] {processor.py:753} INFO - DAG(s) dict_keys(['tutorial']) retrieved from /home/airflow/.local/lib/python3.7/site-packages/airflow/example_dags/tutorial.py
[2023-04-16T18:25:49.205+0000] {logging_mixin.py:137} INFO - [2023-04-16T18:25:49.205+0000] {dag.py:2705} INFO - Sync 1 DAGs
[2023-04-16T18:25:49.242+0000] {logging_mixin.py:137} INFO - [2023-04-16T18:25:49.242+0000] {dag.py:3456} INFO - Setting next_dagrun for tutorial to 2023-04-15T18:25:49.242199+00:00, run_after=2023-04-16T18:25:49.242199+00:00
[2023-04-16T18:25:49.276+0000] {processor.py:175} INFO - Processing /home/airflow/.local/lib/python3.7/site-packages/airflow/example_dags/tutorial.py took 0.147 seconds
[2023-04-16T18:26:19.861+0000] {processor.py:153} INFO - Started process (PID=2712) to work on /home/airflow/.local/lib/python3.7/site-packages/airflow/example_dags/tutorial.py
[2023-04-16T18:26:19.863+0000] {processor.py:743} INFO - Processing file /home/airflow/.local/lib/python3.7/site-packages/airflow/example_dags/tutorial.py for tasks to queue
[2023-04-16T18:26:19.864+0000] {logging_mixin.py:137} INFO - [2023-04-16T18:26:19.864+0000] {dagbag.py:532} INFO - Filling up the DagBag from /home/airflow/.local/lib/python3.7/site-packages/airflow/example_dags/tutorial.py
[2023-04-16T18:26:19.887+0000] {processor.py:753} INFO - DAG(s) dict_keys(['tutorial']) retrieved from /home/airflow/.local/lib/python3.7/site-packages/airflow/example_dags/tutorial.py
[2023-04-16T18:26:19.938+0000] {logging_mixin.py:137} INFO - [2023-04-16T18:26:19.938+0000] {dag.py:2705} INFO - Sync 1 DAGs
[2023-04-16T18:26:19.988+0000] {logging_mixin.py:137} INFO - [2023-04-16T18:26:19.988+0000] {dag.py:3456} INFO - Setting next_dagrun for tutorial to 2023-04-15T18:26:19.987686+00:00, run_after=2023-04-16T18:26:19.987686+00:00
[2023-04-16T18:26:20.022+0000] {processor.py:175} INFO - Processing /home/airflow/.local/lib/python3.7/site-packages/airflow/example_dags/tutorial.py took 0.167 seconds
[2023-04-16T18:26:50.582+0000] {processor.py:153} INFO - Started process (PID=2762) to work on /home/airflow/.local/lib/python3.7/site-packages/airflow/example_dags/tutorial.py
[2023-04-16T18:26:50.583+0000] {processor.py:743} INFO - Processing file /home/airflow/.local/lib/python3.7/site-packages/airflow/example_dags/tutorial.py for tasks to queue
[2023-04-16T18:26:50.584+0000] {logging_mixin.py:137} INFO - [2023-04-16T18:26:50.584+0000] {dagbag.py:532} INFO - Filling up the DagBag from /home/airflow/.local/lib/python3.7/site-packages/airflow/example_dags/tutorial.py
[2023-04-16T18:26:50.604+0000] {processor.py:753} INFO - DAG(s) dict_keys(['tutorial']) retrieved from /home/airflow/.local/lib/python3.7/site-packages/airflow/example_dags/tutorial.py
[2023-04-16T18:26:50.652+0000] {logging_mixin.py:137} INFO - [2023-04-16T18:26:50.652+0000] {dag.py:2705} INFO - Sync 1 DAGs
[2023-04-16T18:26:50.708+0000] {logging_mixin.py:137} INFO - [2023-04-16T18:26:50.708+0000] {dag.py:3456} INFO - Setting next_dagrun for tutorial to 2023-04-15T18:26:50.707882+00:00, run_after=2023-04-16T18:26:50.707882+00:00
[2023-04-16T18:26:50.734+0000] {processor.py:175} INFO - Processing /home/airflow/.local/lib/python3.7/site-packages/airflow/example_dags/tutorial.py took 0.158 seconds
[2023-04-16T18:27:21.369+0000] {processor.py:153} INFO - Started process (PID=2812) to work on /home/airflow/.local/lib/python3.7/site-packages/airflow/example_dags/tutorial.py
[2023-04-16T18:27:21.370+0000] {processor.py:743} INFO - Processing file /home/airflow/.local/lib/python3.7/site-packages/airflow/example_dags/tutorial.py for tasks to queue
[2023-04-16T18:27:21.372+0000] {logging_mixin.py:137} INFO - [2023-04-16T18:27:21.371+0000] {dagbag.py:532} INFO - Filling up the DagBag from /home/airflow/.local/lib/python3.7/site-packages/airflow/example_dags/tutorial.py
[2023-04-16T18:27:21.399+0000] {processor.py:753} INFO - DAG(s) dict_keys(['tutorial']) retrieved from /home/airflow/.local/lib/python3.7/site-packages/airflow/example_dags/tutorial.py
[2023-04-16T18:27:21.444+0000] {logging_mixin.py:137} INFO - [2023-04-16T18:27:21.443+0000] {dag.py:2705} INFO - Sync 1 DAGs
[2023-04-16T18:27:21.484+0000] {logging_mixin.py:137} INFO - [2023-04-16T18:27:21.484+0000] {dag.py:3456} INFO - Setting next_dagrun for tutorial to 2023-04-15T18:27:21.484004+00:00, run_after=2023-04-16T18:27:21.484004+00:00
[2023-04-16T18:27:21.518+0000] {processor.py:175} INFO - Processing /home/airflow/.local/lib/python3.7/site-packages/airflow/example_dags/tutorial.py took 0.156 seconds
[2023-04-16T18:27:52.030+0000] {processor.py:153} INFO - Started process (PID=2863) to work on /home/airflow/.local/lib/python3.7/site-packages/airflow/example_dags/tutorial.py
[2023-04-16T18:27:52.031+0000] {processor.py:743} INFO - Processing file /home/airflow/.local/lib/python3.7/site-packages/airflow/example_dags/tutorial.py for tasks to queue
[2023-04-16T18:27:52.032+0000] {logging_mixin.py:137} INFO - [2023-04-16T18:27:52.032+0000] {dagbag.py:532} INFO - Filling up the DagBag from /home/airflow/.local/lib/python3.7/site-packages/airflow/example_dags/tutorial.py
[2023-04-16T18:27:52.054+0000] {processor.py:753} INFO - DAG(s) dict_keys(['tutorial']) retrieved from /home/airflow/.local/lib/python3.7/site-packages/airflow/example_dags/tutorial.py
[2023-04-16T18:27:52.102+0000] {logging_mixin.py:137} INFO - [2023-04-16T18:27:52.102+0000] {dag.py:2705} INFO - Sync 1 DAGs
[2023-04-16T18:27:52.141+0000] {logging_mixin.py:137} INFO - [2023-04-16T18:27:52.141+0000] {dag.py:3456} INFO - Setting next_dagrun for tutorial to 2023-04-15T18:27:52.140750+00:00, run_after=2023-04-16T18:27:52.140750+00:00
[2023-04-16T18:27:52.169+0000] {processor.py:175} INFO - Processing /home/airflow/.local/lib/python3.7/site-packages/airflow/example_dags/tutorial.py took 0.145 seconds
[2023-04-16T18:28:22.593+0000] {processor.py:153} INFO - Started process (PID=2913) to work on /home/airflow/.local/lib/python3.7/site-packages/airflow/example_dags/tutorial.py
[2023-04-16T18:28:22.595+0000] {processor.py:743} INFO - Processing file /home/airflow/.local/lib/python3.7/site-packages/airflow/example_dags/tutorial.py for tasks to queue
[2023-04-16T18:28:22.596+0000] {logging_mixin.py:137} INFO - [2023-04-16T18:28:22.596+0000] {dagbag.py:532} INFO - Filling up the DagBag from /home/airflow/.local/lib/python3.7/site-packages/airflow/example_dags/tutorial.py
[2023-04-16T18:28:22.623+0000] {processor.py:753} INFO - DAG(s) dict_keys(['tutorial']) retrieved from /home/airflow/.local/lib/python3.7/site-packages/airflow/example_dags/tutorial.py
[2023-04-16T18:28:22.662+0000] {logging_mixin.py:137} INFO - [2023-04-16T18:28:22.662+0000] {dag.py:2705} INFO - Sync 1 DAGs
[2023-04-16T18:28:22.710+0000] {logging_mixin.py:137} INFO - [2023-04-16T18:28:22.709+0000] {dag.py:3456} INFO - Setting next_dagrun for tutorial to 2023-04-15T18:28:22.709599+00:00, run_after=2023-04-16T18:28:22.709599+00:00
[2023-04-16T18:28:22.737+0000] {processor.py:175} INFO - Processing /home/airflow/.local/lib/python3.7/site-packages/airflow/example_dags/tutorial.py took 0.150 seconds
[2023-04-16T18:28:53.359+0000] {processor.py:153} INFO - Started process (PID=2963) to work on /home/airflow/.local/lib/python3.7/site-packages/airflow/example_dags/tutorial.py
[2023-04-16T18:28:53.360+0000] {processor.py:743} INFO - Processing file /home/airflow/.local/lib/python3.7/site-packages/airflow/example_dags/tutorial.py for tasks to queue
[2023-04-16T18:28:53.361+0000] {logging_mixin.py:137} INFO - [2023-04-16T18:28:53.361+0000] {dagbag.py:532} INFO - Filling up the DagBag from /home/airflow/.local/lib/python3.7/site-packages/airflow/example_dags/tutorial.py
[2023-04-16T18:28:53.382+0000] {processor.py:753} INFO - DAG(s) dict_keys(['tutorial']) retrieved from /home/airflow/.local/lib/python3.7/site-packages/airflow/example_dags/tutorial.py
[2023-04-16T18:28:53.422+0000] {logging_mixin.py:137} INFO - [2023-04-16T18:28:53.421+0000] {dag.py:2705} INFO - Sync 1 DAGs
[2023-04-16T18:28:53.466+0000] {logging_mixin.py:137} INFO - [2023-04-16T18:28:53.464+0000] {dag.py:3456} INFO - Setting next_dagrun for tutorial to 2023-04-15T18:28:53.464420+00:00, run_after=2023-04-16T18:28:53.464420+00:00
[2023-04-16T18:28:53.492+0000] {processor.py:175} INFO - Processing /home/airflow/.local/lib/python3.7/site-packages/airflow/example_dags/tutorial.py took 0.139 seconds
[2023-04-16T18:29:23.997+0000] {processor.py:153} INFO - Started process (PID=3014) to work on /home/airflow/.local/lib/python3.7/site-packages/airflow/example_dags/tutorial.py
[2023-04-16T18:29:23.998+0000] {processor.py:743} INFO - Processing file /home/airflow/.local/lib/python3.7/site-packages/airflow/example_dags/tutorial.py for tasks to queue
[2023-04-16T18:29:23.999+0000] {logging_mixin.py:137} INFO - [2023-04-16T18:29:23.999+0000] {dagbag.py:532} INFO - Filling up the DagBag from /home/airflow/.local/lib/python3.7/site-packages/airflow/example_dags/tutorial.py
[2023-04-16T18:29:24.023+0000] {processor.py:753} INFO - DAG(s) dict_keys(['tutorial']) retrieved from /home/airflow/.local/lib/python3.7/site-packages/airflow/example_dags/tutorial.py
[2023-04-16T18:29:24.069+0000] {logging_mixin.py:137} INFO - [2023-04-16T18:29:24.069+0000] {dag.py:2705} INFO - Sync 1 DAGs
[2023-04-16T18:29:24.114+0000] {logging_mixin.py:137} INFO - [2023-04-16T18:29:24.114+0000] {dag.py:3456} INFO - Setting next_dagrun for tutorial to 2023-04-15T18:29:24.113894+00:00, run_after=2023-04-16T18:29:24.113894+00:00
[2023-04-16T18:29:24.141+0000] {processor.py:175} INFO - Processing /home/airflow/.local/lib/python3.7/site-packages/airflow/example_dags/tutorial.py took 0.150 seconds
[2023-04-16T18:29:54.575+0000] {processor.py:153} INFO - Started process (PID=3065) to work on /home/airflow/.local/lib/python3.7/site-packages/airflow/example_dags/tutorial.py
[2023-04-16T18:29:54.577+0000] {processor.py:743} INFO - Processing file /home/airflow/.local/lib/python3.7/site-packages/airflow/example_dags/tutorial.py for tasks to queue
[2023-04-16T18:29:54.578+0000] {logging_mixin.py:137} INFO - [2023-04-16T18:29:54.578+0000] {dagbag.py:532} INFO - Filling up the DagBag from /home/airflow/.local/lib/python3.7/site-packages/airflow/example_dags/tutorial.py
[2023-04-16T18:29:54.607+0000] {processor.py:753} INFO - DAG(s) dict_keys(['tutorial']) retrieved from /home/airflow/.local/lib/python3.7/site-packages/airflow/example_dags/tutorial.py
[2023-04-16T18:29:54.646+0000] {logging_mixin.py:137} INFO - [2023-04-16T18:29:54.646+0000] {dag.py:2705} INFO - Sync 1 DAGs
[2023-04-16T18:29:54.682+0000] {logging_mixin.py:137} INFO - [2023-04-16T18:29:54.682+0000] {dag.py:3456} INFO - Setting next_dagrun for tutorial to 2023-04-15T18:29:54.681912+00:00, run_after=2023-04-16T18:29:54.681912+00:00
[2023-04-16T18:29:54.713+0000] {processor.py:175} INFO - Processing /home/airflow/.local/lib/python3.7/site-packages/airflow/example_dags/tutorial.py took 0.144 seconds
[2023-04-16T18:30:25.347+0000] {processor.py:153} INFO - Started process (PID=3115) to work on /home/airflow/.local/lib/python3.7/site-packages/airflow/example_dags/tutorial.py
[2023-04-16T18:30:25.348+0000] {processor.py:743} INFO - Processing file /home/airflow/.local/lib/python3.7/site-packages/airflow/example_dags/tutorial.py for tasks to queue
[2023-04-16T18:30:25.349+0000] {logging_mixin.py:137} INFO - [2023-04-16T18:30:25.349+0000] {dagbag.py:532} INFO - Filling up the DagBag from /home/airflow/.local/lib/python3.7/site-packages/airflow/example_dags/tutorial.py
[2023-04-16T18:30:25.370+0000] {processor.py:753} INFO - DAG(s) dict_keys(['tutorial']) retrieved from /home/airflow/.local/lib/python3.7/site-packages/airflow/example_dags/tutorial.py
[2023-04-16T18:30:25.420+0000] {logging_mixin.py:137} INFO - [2023-04-16T18:30:25.420+0000] {dag.py:2705} INFO - Sync 1 DAGs
[2023-04-16T18:30:25.461+0000] {logging_mixin.py:137} INFO - [2023-04-16T18:30:25.461+0000] {dag.py:3456} INFO - Setting next_dagrun for tutorial to 2023-04-15T18:30:25.460773+00:00, run_after=2023-04-16T18:30:25.460773+00:00
[2023-04-16T18:30:25.489+0000] {processor.py:175} INFO - Processing /home/airflow/.local/lib/python3.7/site-packages/airflow/example_dags/tutorial.py took 0.147 seconds
