[2023-04-16T17:59:24.353+0000] {processor.py:153} INFO - Started process (PID=74) to work on /home/airflow/.local/lib/python3.7/site-packages/airflow/example_dags/tutorial_taskflow_api.py
[2023-04-16T17:59:24.354+0000] {processor.py:743} INFO - Processing file /home/airflow/.local/lib/python3.7/site-packages/airflow/example_dags/tutorial_taskflow_api.py for tasks to queue
[2023-04-16T17:59:24.355+0000] {logging_mixin.py:137} INFO - [2023-04-16T17:59:24.355+0000] {dagbag.py:532} INFO - Filling up the DagBag from /home/airflow/.local/lib/python3.7/site-packages/airflow/example_dags/tutorial_taskflow_api.py
[2023-04-16T17:59:24.391+0000] {processor.py:753} INFO - DAG(s) dict_keys(['tutorial_taskflow_api']) retrieved from /home/airflow/.local/lib/python3.7/site-packages/airflow/example_dags/tutorial_taskflow_api.py
[2023-04-16T17:59:24.433+0000] {logging_mixin.py:137} INFO - [2023-04-16T17:59:24.432+0000] {dag.py:2705} INFO - Sync 1 DAGs
[2023-04-16T17:59:24.494+0000] {logging_mixin.py:137} INFO - [2023-04-16T17:59:24.493+0000] {dag.py:3456} INFO - Setting next_dagrun for tutorial_taskflow_api to None, run_after=None
[2023-04-16T17:59:24.530+0000] {processor.py:175} INFO - Processing /home/airflow/.local/lib/python3.7/site-packages/airflow/example_dags/tutorial_taskflow_api.py took 0.183 seconds
[2023-04-16T17:59:54.949+0000] {processor.py:153} INFO - Started process (PID=124) to work on /home/airflow/.local/lib/python3.7/site-packages/airflow/example_dags/tutorial_taskflow_api.py
[2023-04-16T17:59:54.950+0000] {processor.py:743} INFO - Processing file /home/airflow/.local/lib/python3.7/site-packages/airflow/example_dags/tutorial_taskflow_api.py for tasks to queue
[2023-04-16T17:59:54.951+0000] {logging_mixin.py:137} INFO - [2023-04-16T17:59:54.951+0000] {dagbag.py:532} INFO - Filling up the DagBag from /home/airflow/.local/lib/python3.7/site-packages/airflow/example_dags/tutorial_taskflow_api.py
[2023-04-16T17:59:54.986+0000] {processor.py:753} INFO - DAG(s) dict_keys(['tutorial_taskflow_api']) retrieved from /home/airflow/.local/lib/python3.7/site-packages/airflow/example_dags/tutorial_taskflow_api.py
[2023-04-16T17:59:55.034+0000] {logging_mixin.py:137} INFO - [2023-04-16T17:59:55.034+0000] {dag.py:2705} INFO - Sync 1 DAGs
[2023-04-16T17:59:55.080+0000] {logging_mixin.py:137} INFO - [2023-04-16T17:59:55.080+0000] {dag.py:3456} INFO - Setting next_dagrun for tutorial_taskflow_api to None, run_after=None
[2023-04-16T17:59:55.105+0000] {processor.py:175} INFO - Processing /home/airflow/.local/lib/python3.7/site-packages/airflow/example_dags/tutorial_taskflow_api.py took 0.162 seconds
[2023-04-16T18:00:25.380+0000] {processor.py:153} INFO - Started process (PID=175) to work on /home/airflow/.local/lib/python3.7/site-packages/airflow/example_dags/tutorial_taskflow_api.py
[2023-04-16T18:00:25.382+0000] {processor.py:743} INFO - Processing file /home/airflow/.local/lib/python3.7/site-packages/airflow/example_dags/tutorial_taskflow_api.py for tasks to queue
[2023-04-16T18:00:25.383+0000] {logging_mixin.py:137} INFO - [2023-04-16T18:00:25.383+0000] {dagbag.py:532} INFO - Filling up the DagBag from /home/airflow/.local/lib/python3.7/site-packages/airflow/example_dags/tutorial_taskflow_api.py
[2023-04-16T18:00:25.420+0000] {processor.py:753} INFO - DAG(s) dict_keys(['tutorial_taskflow_api']) retrieved from /home/airflow/.local/lib/python3.7/site-packages/airflow/example_dags/tutorial_taskflow_api.py
[2023-04-16T18:00:25.467+0000] {logging_mixin.py:137} INFO - [2023-04-16T18:00:25.466+0000] {dag.py:2705} INFO - Sync 1 DAGs
[2023-04-16T18:00:25.522+0000] {logging_mixin.py:137} INFO - [2023-04-16T18:00:25.522+0000] {dag.py:3456} INFO - Setting next_dagrun for tutorial_taskflow_api to None, run_after=None
[2023-04-16T18:00:25.560+0000] {processor.py:175} INFO - Processing /home/airflow/.local/lib/python3.7/site-packages/airflow/example_dags/tutorial_taskflow_api.py took 0.187 seconds
[2023-04-16T18:00:55.724+0000] {processor.py:153} INFO - Started process (PID=225) to work on /home/airflow/.local/lib/python3.7/site-packages/airflow/example_dags/tutorial_taskflow_api.py
[2023-04-16T18:00:55.726+0000] {processor.py:743} INFO - Processing file /home/airflow/.local/lib/python3.7/site-packages/airflow/example_dags/tutorial_taskflow_api.py for tasks to queue
[2023-04-16T18:00:55.727+0000] {logging_mixin.py:137} INFO - [2023-04-16T18:00:55.727+0000] {dagbag.py:532} INFO - Filling up the DagBag from /home/airflow/.local/lib/python3.7/site-packages/airflow/example_dags/tutorial_taskflow_api.py
[2023-04-16T18:00:55.757+0000] {processor.py:753} INFO - DAG(s) dict_keys(['tutorial_taskflow_api']) retrieved from /home/airflow/.local/lib/python3.7/site-packages/airflow/example_dags/tutorial_taskflow_api.py
[2023-04-16T18:00:55.801+0000] {logging_mixin.py:137} INFO - [2023-04-16T18:00:55.800+0000] {dag.py:2705} INFO - Sync 1 DAGs
[2023-04-16T18:00:55.837+0000] {logging_mixin.py:137} INFO - [2023-04-16T18:00:55.837+0000] {dag.py:3456} INFO - Setting next_dagrun for tutorial_taskflow_api to None, run_after=None
[2023-04-16T18:00:55.864+0000] {processor.py:175} INFO - Processing /home/airflow/.local/lib/python3.7/site-packages/airflow/example_dags/tutorial_taskflow_api.py took 0.146 seconds
[2023-04-16T18:01:25.992+0000] {processor.py:153} INFO - Started process (PID=275) to work on /home/airflow/.local/lib/python3.7/site-packages/airflow/example_dags/tutorial_taskflow_api.py
[2023-04-16T18:01:25.993+0000] {processor.py:743} INFO - Processing file /home/airflow/.local/lib/python3.7/site-packages/airflow/example_dags/tutorial_taskflow_api.py for tasks to queue
[2023-04-16T18:01:25.994+0000] {logging_mixin.py:137} INFO - [2023-04-16T18:01:25.994+0000] {dagbag.py:532} INFO - Filling up the DagBag from /home/airflow/.local/lib/python3.7/site-packages/airflow/example_dags/tutorial_taskflow_api.py
[2023-04-16T18:01:26.024+0000] {processor.py:753} INFO - DAG(s) dict_keys(['tutorial_taskflow_api']) retrieved from /home/airflow/.local/lib/python3.7/site-packages/airflow/example_dags/tutorial_taskflow_api.py
[2023-04-16T18:01:26.066+0000] {logging_mixin.py:137} INFO - [2023-04-16T18:01:26.066+0000] {dag.py:2705} INFO - Sync 1 DAGs
[2023-04-16T18:01:26.105+0000] {logging_mixin.py:137} INFO - [2023-04-16T18:01:26.105+0000] {dag.py:3456} INFO - Setting next_dagrun for tutorial_taskflow_api to None, run_after=None
[2023-04-16T18:01:26.151+0000] {processor.py:175} INFO - Processing /home/airflow/.local/lib/python3.7/site-packages/airflow/example_dags/tutorial_taskflow_api.py took 0.163 seconds
[2023-04-16T18:01:56.799+0000] {processor.py:153} INFO - Started process (PID=325) to work on /home/airflow/.local/lib/python3.7/site-packages/airflow/example_dags/tutorial_taskflow_api.py
[2023-04-16T18:01:56.800+0000] {processor.py:743} INFO - Processing file /home/airflow/.local/lib/python3.7/site-packages/airflow/example_dags/tutorial_taskflow_api.py for tasks to queue
[2023-04-16T18:01:56.801+0000] {logging_mixin.py:137} INFO - [2023-04-16T18:01:56.801+0000] {dagbag.py:532} INFO - Filling up the DagBag from /home/airflow/.local/lib/python3.7/site-packages/airflow/example_dags/tutorial_taskflow_api.py
[2023-04-16T18:01:56.831+0000] {processor.py:753} INFO - DAG(s) dict_keys(['tutorial_taskflow_api']) retrieved from /home/airflow/.local/lib/python3.7/site-packages/airflow/example_dags/tutorial_taskflow_api.py
[2023-04-16T18:01:56.869+0000] {logging_mixin.py:137} INFO - [2023-04-16T18:01:56.869+0000] {dag.py:2705} INFO - Sync 1 DAGs
[2023-04-16T18:01:56.904+0000] {logging_mixin.py:137} INFO - [2023-04-16T18:01:56.904+0000] {dag.py:3456} INFO - Setting next_dagrun for tutorial_taskflow_api to None, run_after=None
[2023-04-16T18:01:56.932+0000] {processor.py:175} INFO - Processing /home/airflow/.local/lib/python3.7/site-packages/airflow/example_dags/tutorial_taskflow_api.py took 0.139 seconds
[2023-04-16T18:02:27.564+0000] {processor.py:153} INFO - Started process (PID=376) to work on /home/airflow/.local/lib/python3.7/site-packages/airflow/example_dags/tutorial_taskflow_api.py
[2023-04-16T18:02:27.566+0000] {processor.py:743} INFO - Processing file /home/airflow/.local/lib/python3.7/site-packages/airflow/example_dags/tutorial_taskflow_api.py for tasks to queue
[2023-04-16T18:02:27.567+0000] {logging_mixin.py:137} INFO - [2023-04-16T18:02:27.567+0000] {dagbag.py:532} INFO - Filling up the DagBag from /home/airflow/.local/lib/python3.7/site-packages/airflow/example_dags/tutorial_taskflow_api.py
[2023-04-16T18:02:27.605+0000] {processor.py:753} INFO - DAG(s) dict_keys(['tutorial_taskflow_api']) retrieved from /home/airflow/.local/lib/python3.7/site-packages/airflow/example_dags/tutorial_taskflow_api.py
[2023-04-16T18:02:27.641+0000] {logging_mixin.py:137} INFO - [2023-04-16T18:02:27.641+0000] {dag.py:2705} INFO - Sync 1 DAGs
[2023-04-16T18:02:27.676+0000] {logging_mixin.py:137} INFO - [2023-04-16T18:02:27.675+0000] {dag.py:3456} INFO - Setting next_dagrun for tutorial_taskflow_api to None, run_after=None
[2023-04-16T18:02:27.700+0000] {processor.py:175} INFO - Processing /home/airflow/.local/lib/python3.7/site-packages/airflow/example_dags/tutorial_taskflow_api.py took 0.141 seconds
[2023-04-16T18:02:58.408+0000] {processor.py:153} INFO - Started process (PID=427) to work on /home/airflow/.local/lib/python3.7/site-packages/airflow/example_dags/tutorial_taskflow_api.py
[2023-04-16T18:02:58.410+0000] {processor.py:743} INFO - Processing file /home/airflow/.local/lib/python3.7/site-packages/airflow/example_dags/tutorial_taskflow_api.py for tasks to queue
[2023-04-16T18:02:58.411+0000] {logging_mixin.py:137} INFO - [2023-04-16T18:02:58.411+0000] {dagbag.py:532} INFO - Filling up the DagBag from /home/airflow/.local/lib/python3.7/site-packages/airflow/example_dags/tutorial_taskflow_api.py
[2023-04-16T18:02:58.448+0000] {processor.py:753} INFO - DAG(s) dict_keys(['tutorial_taskflow_api']) retrieved from /home/airflow/.local/lib/python3.7/site-packages/airflow/example_dags/tutorial_taskflow_api.py
[2023-04-16T18:02:58.496+0000] {logging_mixin.py:137} INFO - [2023-04-16T18:02:58.496+0000] {dag.py:2705} INFO - Sync 1 DAGs
[2023-04-16T18:02:58.536+0000] {logging_mixin.py:137} INFO - [2023-04-16T18:02:58.536+0000] {dag.py:3456} INFO - Setting next_dagrun for tutorial_taskflow_api to None, run_after=None
[2023-04-16T18:02:58.565+0000] {processor.py:175} INFO - Processing /home/airflow/.local/lib/python3.7/site-packages/airflow/example_dags/tutorial_taskflow_api.py took 0.162 seconds
[2023-04-16T18:03:29.285+0000] {processor.py:153} INFO - Started process (PID=477) to work on /home/airflow/.local/lib/python3.7/site-packages/airflow/example_dags/tutorial_taskflow_api.py
[2023-04-16T18:03:29.287+0000] {processor.py:743} INFO - Processing file /home/airflow/.local/lib/python3.7/site-packages/airflow/example_dags/tutorial_taskflow_api.py for tasks to queue
[2023-04-16T18:03:29.288+0000] {logging_mixin.py:137} INFO - [2023-04-16T18:03:29.288+0000] {dagbag.py:532} INFO - Filling up the DagBag from /home/airflow/.local/lib/python3.7/site-packages/airflow/example_dags/tutorial_taskflow_api.py
[2023-04-16T18:03:29.319+0000] {processor.py:753} INFO - DAG(s) dict_keys(['tutorial_taskflow_api']) retrieved from /home/airflow/.local/lib/python3.7/site-packages/airflow/example_dags/tutorial_taskflow_api.py
[2023-04-16T18:03:29.366+0000] {logging_mixin.py:137} INFO - [2023-04-16T18:03:29.366+0000] {dag.py:2705} INFO - Sync 1 DAGs
[2023-04-16T18:03:29.426+0000] {logging_mixin.py:137} INFO - [2023-04-16T18:03:29.425+0000] {dag.py:3456} INFO - Setting next_dagrun for tutorial_taskflow_api to None, run_after=None
[2023-04-16T18:03:29.457+0000] {processor.py:175} INFO - Processing /home/airflow/.local/lib/python3.7/site-packages/airflow/example_dags/tutorial_taskflow_api.py took 0.177 seconds
[2023-04-16T18:03:59.593+0000] {processor.py:153} INFO - Started process (PID=526) to work on /home/airflow/.local/lib/python3.7/site-packages/airflow/example_dags/tutorial_taskflow_api.py
[2023-04-16T18:03:59.595+0000] {processor.py:743} INFO - Processing file /home/airflow/.local/lib/python3.7/site-packages/airflow/example_dags/tutorial_taskflow_api.py for tasks to queue
[2023-04-16T18:03:59.596+0000] {logging_mixin.py:137} INFO - [2023-04-16T18:03:59.596+0000] {dagbag.py:532} INFO - Filling up the DagBag from /home/airflow/.local/lib/python3.7/site-packages/airflow/example_dags/tutorial_taskflow_api.py
[2023-04-16T18:03:59.626+0000] {processor.py:753} INFO - DAG(s) dict_keys(['tutorial_taskflow_api']) retrieved from /home/airflow/.local/lib/python3.7/site-packages/airflow/example_dags/tutorial_taskflow_api.py
[2023-04-16T18:03:59.664+0000] {logging_mixin.py:137} INFO - [2023-04-16T18:03:59.664+0000] {dag.py:2705} INFO - Sync 1 DAGs
[2023-04-16T18:03:59.699+0000] {logging_mixin.py:137} INFO - [2023-04-16T18:03:59.699+0000] {dag.py:3456} INFO - Setting next_dagrun for tutorial_taskflow_api to None, run_after=None
[2023-04-16T18:03:59.723+0000] {processor.py:175} INFO - Processing /home/airflow/.local/lib/python3.7/site-packages/airflow/example_dags/tutorial_taskflow_api.py took 0.135 seconds
[2023-04-16T18:04:29.896+0000] {processor.py:153} INFO - Started process (PID=576) to work on /home/airflow/.local/lib/python3.7/site-packages/airflow/example_dags/tutorial_taskflow_api.py
[2023-04-16T18:04:29.897+0000] {processor.py:743} INFO - Processing file /home/airflow/.local/lib/python3.7/site-packages/airflow/example_dags/tutorial_taskflow_api.py for tasks to queue
[2023-04-16T18:04:29.898+0000] {logging_mixin.py:137} INFO - [2023-04-16T18:04:29.898+0000] {dagbag.py:532} INFO - Filling up the DagBag from /home/airflow/.local/lib/python3.7/site-packages/airflow/example_dags/tutorial_taskflow_api.py
[2023-04-16T18:04:29.928+0000] {processor.py:753} INFO - DAG(s) dict_keys(['tutorial_taskflow_api']) retrieved from /home/airflow/.local/lib/python3.7/site-packages/airflow/example_dags/tutorial_taskflow_api.py
[2023-04-16T18:04:29.967+0000] {logging_mixin.py:137} INFO - [2023-04-16T18:04:29.967+0000] {dag.py:2705} INFO - Sync 1 DAGs
[2023-04-16T18:04:30.004+0000] {logging_mixin.py:137} INFO - [2023-04-16T18:04:30.004+0000] {dag.py:3456} INFO - Setting next_dagrun for tutorial_taskflow_api to None, run_after=None
[2023-04-16T18:04:30.036+0000] {processor.py:175} INFO - Processing /home/airflow/.local/lib/python3.7/site-packages/airflow/example_dags/tutorial_taskflow_api.py took 0.145 seconds
[2023-04-16T18:05:00.424+0000] {processor.py:153} INFO - Started process (PID=625) to work on /home/airflow/.local/lib/python3.7/site-packages/airflow/example_dags/tutorial_taskflow_api.py
[2023-04-16T18:05:00.426+0000] {processor.py:743} INFO - Processing file /home/airflow/.local/lib/python3.7/site-packages/airflow/example_dags/tutorial_taskflow_api.py for tasks to queue
[2023-04-16T18:05:00.427+0000] {logging_mixin.py:137} INFO - [2023-04-16T18:05:00.427+0000] {dagbag.py:532} INFO - Filling up the DagBag from /home/airflow/.local/lib/python3.7/site-packages/airflow/example_dags/tutorial_taskflow_api.py
[2023-04-16T18:05:00.458+0000] {processor.py:753} INFO - DAG(s) dict_keys(['tutorial_taskflow_api']) retrieved from /home/airflow/.local/lib/python3.7/site-packages/airflow/example_dags/tutorial_taskflow_api.py
[2023-04-16T18:05:00.494+0000] {logging_mixin.py:137} INFO - [2023-04-16T18:05:00.494+0000] {dag.py:2705} INFO - Sync 1 DAGs
[2023-04-16T18:05:00.531+0000] {logging_mixin.py:137} INFO - [2023-04-16T18:05:00.531+0000] {dag.py:3456} INFO - Setting next_dagrun for tutorial_taskflow_api to None, run_after=None
[2023-04-16T18:05:00.556+0000] {processor.py:175} INFO - Processing /home/airflow/.local/lib/python3.7/site-packages/airflow/example_dags/tutorial_taskflow_api.py took 0.137 seconds
[2023-04-16T18:05:30.605+0000] {processor.py:153} INFO - Started process (PID=675) to work on /home/airflow/.local/lib/python3.7/site-packages/airflow/example_dags/tutorial_taskflow_api.py
[2023-04-16T18:05:30.607+0000] {processor.py:743} INFO - Processing file /home/airflow/.local/lib/python3.7/site-packages/airflow/example_dags/tutorial_taskflow_api.py for tasks to queue
[2023-04-16T18:05:30.607+0000] {logging_mixin.py:137} INFO - [2023-04-16T18:05:30.607+0000] {dagbag.py:532} INFO - Filling up the DagBag from /home/airflow/.local/lib/python3.7/site-packages/airflow/example_dags/tutorial_taskflow_api.py
[2023-04-16T18:05:30.640+0000] {processor.py:753} INFO - DAG(s) dict_keys(['tutorial_taskflow_api']) retrieved from /home/airflow/.local/lib/python3.7/site-packages/airflow/example_dags/tutorial_taskflow_api.py
[2023-04-16T18:05:30.681+0000] {logging_mixin.py:137} INFO - [2023-04-16T18:05:30.681+0000] {dag.py:2705} INFO - Sync 1 DAGs
[2023-04-16T18:05:30.717+0000] {logging_mixin.py:137} INFO - [2023-04-16T18:05:30.717+0000] {dag.py:3456} INFO - Setting next_dagrun for tutorial_taskflow_api to None, run_after=None
[2023-04-16T18:05:30.742+0000] {processor.py:175} INFO - Processing /home/airflow/.local/lib/python3.7/site-packages/airflow/example_dags/tutorial_taskflow_api.py took 0.142 seconds
[2023-04-16T18:06:01.593+0000] {processor.py:153} INFO - Started process (PID=724) to work on /home/airflow/.local/lib/python3.7/site-packages/airflow/example_dags/tutorial_taskflow_api.py
[2023-04-16T18:06:01.594+0000] {processor.py:743} INFO - Processing file /home/airflow/.local/lib/python3.7/site-packages/airflow/example_dags/tutorial_taskflow_api.py for tasks to queue
[2023-04-16T18:06:01.594+0000] {logging_mixin.py:137} INFO - [2023-04-16T18:06:01.594+0000] {dagbag.py:532} INFO - Filling up the DagBag from /home/airflow/.local/lib/python3.7/site-packages/airflow/example_dags/tutorial_taskflow_api.py
[2023-04-16T18:06:01.625+0000] {processor.py:753} INFO - DAG(s) dict_keys(['tutorial_taskflow_api']) retrieved from /home/airflow/.local/lib/python3.7/site-packages/airflow/example_dags/tutorial_taskflow_api.py
[2023-04-16T18:06:01.662+0000] {logging_mixin.py:137} INFO - [2023-04-16T18:06:01.662+0000] {dag.py:2705} INFO - Sync 1 DAGs
[2023-04-16T18:06:01.702+0000] {logging_mixin.py:137} INFO - [2023-04-16T18:06:01.701+0000] {dag.py:3456} INFO - Setting next_dagrun for tutorial_taskflow_api to None, run_after=None
[2023-04-16T18:06:01.734+0000] {processor.py:175} INFO - Processing /home/airflow/.local/lib/python3.7/site-packages/airflow/example_dags/tutorial_taskflow_api.py took 0.147 seconds
[2023-04-16T18:06:31.893+0000] {processor.py:153} INFO - Started process (PID=773) to work on /home/airflow/.local/lib/python3.7/site-packages/airflow/example_dags/tutorial_taskflow_api.py
[2023-04-16T18:06:31.895+0000] {processor.py:743} INFO - Processing file /home/airflow/.local/lib/python3.7/site-packages/airflow/example_dags/tutorial_taskflow_api.py for tasks to queue
[2023-04-16T18:06:31.896+0000] {logging_mixin.py:137} INFO - [2023-04-16T18:06:31.895+0000] {dagbag.py:532} INFO - Filling up the DagBag from /home/airflow/.local/lib/python3.7/site-packages/airflow/example_dags/tutorial_taskflow_api.py
[2023-04-16T18:06:31.927+0000] {processor.py:753} INFO - DAG(s) dict_keys(['tutorial_taskflow_api']) retrieved from /home/airflow/.local/lib/python3.7/site-packages/airflow/example_dags/tutorial_taskflow_api.py
[2023-04-16T18:06:31.964+0000] {logging_mixin.py:137} INFO - [2023-04-16T18:06:31.964+0000] {dag.py:2705} INFO - Sync 1 DAGs
[2023-04-16T18:06:32.009+0000] {logging_mixin.py:137} INFO - [2023-04-16T18:06:32.009+0000] {dag.py:3456} INFO - Setting next_dagrun for tutorial_taskflow_api to None, run_after=None
[2023-04-16T18:06:32.048+0000] {processor.py:175} INFO - Processing /home/airflow/.local/lib/python3.7/site-packages/airflow/example_dags/tutorial_taskflow_api.py took 0.162 seconds
[2023-04-16T18:07:02.340+0000] {processor.py:153} INFO - Started process (PID=822) to work on /home/airflow/.local/lib/python3.7/site-packages/airflow/example_dags/tutorial_taskflow_api.py
[2023-04-16T18:07:02.342+0000] {processor.py:743} INFO - Processing file /home/airflow/.local/lib/python3.7/site-packages/airflow/example_dags/tutorial_taskflow_api.py for tasks to queue
[2023-04-16T18:07:02.343+0000] {logging_mixin.py:137} INFO - [2023-04-16T18:07:02.342+0000] {dagbag.py:532} INFO - Filling up the DagBag from /home/airflow/.local/lib/python3.7/site-packages/airflow/example_dags/tutorial_taskflow_api.py
[2023-04-16T18:07:02.378+0000] {processor.py:753} INFO - DAG(s) dict_keys(['tutorial_taskflow_api']) retrieved from /home/airflow/.local/lib/python3.7/site-packages/airflow/example_dags/tutorial_taskflow_api.py
[2023-04-16T18:07:02.423+0000] {logging_mixin.py:137} INFO - [2023-04-16T18:07:02.423+0000] {dag.py:2705} INFO - Sync 1 DAGs
[2023-04-16T18:07:02.472+0000] {logging_mixin.py:137} INFO - [2023-04-16T18:07:02.472+0000] {dag.py:3456} INFO - Setting next_dagrun for tutorial_taskflow_api to None, run_after=None
[2023-04-16T18:07:02.501+0000] {processor.py:175} INFO - Processing /home/airflow/.local/lib/python3.7/site-packages/airflow/example_dags/tutorial_taskflow_api.py took 0.166 seconds
[2023-04-16T18:07:32.816+0000] {processor.py:153} INFO - Started process (PID=872) to work on /home/airflow/.local/lib/python3.7/site-packages/airflow/example_dags/tutorial_taskflow_api.py
[2023-04-16T18:07:32.819+0000] {processor.py:743} INFO - Processing file /home/airflow/.local/lib/python3.7/site-packages/airflow/example_dags/tutorial_taskflow_api.py for tasks to queue
[2023-04-16T18:07:32.820+0000] {logging_mixin.py:137} INFO - [2023-04-16T18:07:32.820+0000] {dagbag.py:532} INFO - Filling up the DagBag from /home/airflow/.local/lib/python3.7/site-packages/airflow/example_dags/tutorial_taskflow_api.py
[2023-04-16T18:07:32.865+0000] {processor.py:753} INFO - DAG(s) dict_keys(['tutorial_taskflow_api']) retrieved from /home/airflow/.local/lib/python3.7/site-packages/airflow/example_dags/tutorial_taskflow_api.py
[2023-04-16T18:07:32.903+0000] {logging_mixin.py:137} INFO - [2023-04-16T18:07:32.903+0000] {dag.py:2705} INFO - Sync 1 DAGs
[2023-04-16T18:07:32.939+0000] {logging_mixin.py:137} INFO - [2023-04-16T18:07:32.938+0000] {dag.py:3456} INFO - Setting next_dagrun for tutorial_taskflow_api to None, run_after=None
[2023-04-16T18:07:32.969+0000] {processor.py:175} INFO - Processing /home/airflow/.local/lib/python3.7/site-packages/airflow/example_dags/tutorial_taskflow_api.py took 0.162 seconds
[2023-04-16T18:08:03.101+0000] {processor.py:153} INFO - Started process (PID=921) to work on /home/airflow/.local/lib/python3.7/site-packages/airflow/example_dags/tutorial_taskflow_api.py
[2023-04-16T18:08:03.102+0000] {processor.py:743} INFO - Processing file /home/airflow/.local/lib/python3.7/site-packages/airflow/example_dags/tutorial_taskflow_api.py for tasks to queue
[2023-04-16T18:08:03.103+0000] {logging_mixin.py:137} INFO - [2023-04-16T18:08:03.103+0000] {dagbag.py:532} INFO - Filling up the DagBag from /home/airflow/.local/lib/python3.7/site-packages/airflow/example_dags/tutorial_taskflow_api.py
[2023-04-16T18:08:03.136+0000] {processor.py:753} INFO - DAG(s) dict_keys(['tutorial_taskflow_api']) retrieved from /home/airflow/.local/lib/python3.7/site-packages/airflow/example_dags/tutorial_taskflow_api.py
[2023-04-16T18:08:03.175+0000] {logging_mixin.py:137} INFO - [2023-04-16T18:08:03.175+0000] {dag.py:2705} INFO - Sync 1 DAGs
[2023-04-16T18:08:03.210+0000] {logging_mixin.py:137} INFO - [2023-04-16T18:08:03.210+0000] {dag.py:3456} INFO - Setting next_dagrun for tutorial_taskflow_api to None, run_after=None
[2023-04-16T18:08:03.240+0000] {processor.py:175} INFO - Processing /home/airflow/.local/lib/python3.7/site-packages/airflow/example_dags/tutorial_taskflow_api.py took 0.145 seconds
[2023-04-16T18:08:34.246+0000] {processor.py:153} INFO - Started process (PID=970) to work on /home/airflow/.local/lib/python3.7/site-packages/airflow/example_dags/tutorial_taskflow_api.py
[2023-04-16T18:08:34.248+0000] {processor.py:743} INFO - Processing file /home/airflow/.local/lib/python3.7/site-packages/airflow/example_dags/tutorial_taskflow_api.py for tasks to queue
[2023-04-16T18:08:34.249+0000] {logging_mixin.py:137} INFO - [2023-04-16T18:08:34.249+0000] {dagbag.py:532} INFO - Filling up the DagBag from /home/airflow/.local/lib/python3.7/site-packages/airflow/example_dags/tutorial_taskflow_api.py
[2023-04-16T18:08:34.295+0000] {processor.py:753} INFO - DAG(s) dict_keys(['tutorial_taskflow_api']) retrieved from /home/airflow/.local/lib/python3.7/site-packages/airflow/example_dags/tutorial_taskflow_api.py
[2023-04-16T18:08:34.335+0000] {logging_mixin.py:137} INFO - [2023-04-16T18:08:34.335+0000] {dag.py:2705} INFO - Sync 1 DAGs
[2023-04-16T18:08:34.375+0000] {logging_mixin.py:137} INFO - [2023-04-16T18:08:34.374+0000] {dag.py:3456} INFO - Setting next_dagrun for tutorial_taskflow_api to None, run_after=None
[2023-04-16T18:08:34.399+0000] {processor.py:175} INFO - Processing /home/airflow/.local/lib/python3.7/site-packages/airflow/example_dags/tutorial_taskflow_api.py took 0.161 seconds
[2023-04-16T18:09:04.576+0000] {processor.py:153} INFO - Started process (PID=1020) to work on /home/airflow/.local/lib/python3.7/site-packages/airflow/example_dags/tutorial_taskflow_api.py
[2023-04-16T18:09:04.577+0000] {processor.py:743} INFO - Processing file /home/airflow/.local/lib/python3.7/site-packages/airflow/example_dags/tutorial_taskflow_api.py for tasks to queue
[2023-04-16T18:09:04.578+0000] {logging_mixin.py:137} INFO - [2023-04-16T18:09:04.578+0000] {dagbag.py:532} INFO - Filling up the DagBag from /home/airflow/.local/lib/python3.7/site-packages/airflow/example_dags/tutorial_taskflow_api.py
[2023-04-16T18:09:04.608+0000] {processor.py:753} INFO - DAG(s) dict_keys(['tutorial_taskflow_api']) retrieved from /home/airflow/.local/lib/python3.7/site-packages/airflow/example_dags/tutorial_taskflow_api.py
[2023-04-16T18:09:04.647+0000] {logging_mixin.py:137} INFO - [2023-04-16T18:09:04.647+0000] {dag.py:2705} INFO - Sync 1 DAGs
[2023-04-16T18:09:04.681+0000] {logging_mixin.py:137} INFO - [2023-04-16T18:09:04.681+0000] {dag.py:3456} INFO - Setting next_dagrun for tutorial_taskflow_api to None, run_after=None
[2023-04-16T18:09:04.712+0000] {processor.py:175} INFO - Processing /home/airflow/.local/lib/python3.7/site-packages/airflow/example_dags/tutorial_taskflow_api.py took 0.141 seconds
[2023-04-16T18:09:35.567+0000] {processor.py:153} INFO - Started process (PID=1069) to work on /home/airflow/.local/lib/python3.7/site-packages/airflow/example_dags/tutorial_taskflow_api.py
[2023-04-16T18:09:35.569+0000] {processor.py:743} INFO - Processing file /home/airflow/.local/lib/python3.7/site-packages/airflow/example_dags/tutorial_taskflow_api.py for tasks to queue
[2023-04-16T18:09:35.570+0000] {logging_mixin.py:137} INFO - [2023-04-16T18:09:35.570+0000] {dagbag.py:532} INFO - Filling up the DagBag from /home/airflow/.local/lib/python3.7/site-packages/airflow/example_dags/tutorial_taskflow_api.py
[2023-04-16T18:09:35.614+0000] {processor.py:753} INFO - DAG(s) dict_keys(['tutorial_taskflow_api']) retrieved from /home/airflow/.local/lib/python3.7/site-packages/airflow/example_dags/tutorial_taskflow_api.py
[2023-04-16T18:09:35.653+0000] {logging_mixin.py:137} INFO - [2023-04-16T18:09:35.653+0000] {dag.py:2705} INFO - Sync 1 DAGs
[2023-04-16T18:09:35.687+0000] {logging_mixin.py:137} INFO - [2023-04-16T18:09:35.687+0000] {dag.py:3456} INFO - Setting next_dagrun for tutorial_taskflow_api to None, run_after=None
[2023-04-16T18:09:35.714+0000] {processor.py:175} INFO - Processing /home/airflow/.local/lib/python3.7/site-packages/airflow/example_dags/tutorial_taskflow_api.py took 0.153 seconds
[2023-04-16T18:10:06.342+0000] {processor.py:153} INFO - Started process (PID=1120) to work on /home/airflow/.local/lib/python3.7/site-packages/airflow/example_dags/tutorial_taskflow_api.py
[2023-04-16T18:10:06.344+0000] {processor.py:743} INFO - Processing file /home/airflow/.local/lib/python3.7/site-packages/airflow/example_dags/tutorial_taskflow_api.py for tasks to queue
[2023-04-16T18:10:06.346+0000] {logging_mixin.py:137} INFO - [2023-04-16T18:10:06.345+0000] {dagbag.py:532} INFO - Filling up the DagBag from /home/airflow/.local/lib/python3.7/site-packages/airflow/example_dags/tutorial_taskflow_api.py
[2023-04-16T18:10:06.387+0000] {processor.py:753} INFO - DAG(s) dict_keys(['tutorial_taskflow_api']) retrieved from /home/airflow/.local/lib/python3.7/site-packages/airflow/example_dags/tutorial_taskflow_api.py
[2023-04-16T18:10:06.433+0000] {logging_mixin.py:137} INFO - [2023-04-16T18:10:06.432+0000] {dag.py:2705} INFO - Sync 1 DAGs
[2023-04-16T18:10:06.490+0000] {logging_mixin.py:137} INFO - [2023-04-16T18:10:06.490+0000] {dag.py:3456} INFO - Setting next_dagrun for tutorial_taskflow_api to None, run_after=None
[2023-04-16T18:10:06.527+0000] {processor.py:175} INFO - Processing /home/airflow/.local/lib/python3.7/site-packages/airflow/example_dags/tutorial_taskflow_api.py took 0.190 seconds
[2023-04-16T18:10:37.087+0000] {processor.py:153} INFO - Started process (PID=1170) to work on /home/airflow/.local/lib/python3.7/site-packages/airflow/example_dags/tutorial_taskflow_api.py
[2023-04-16T18:10:37.088+0000] {processor.py:743} INFO - Processing file /home/airflow/.local/lib/python3.7/site-packages/airflow/example_dags/tutorial_taskflow_api.py for tasks to queue
[2023-04-16T18:10:37.089+0000] {logging_mixin.py:137} INFO - [2023-04-16T18:10:37.089+0000] {dagbag.py:532} INFO - Filling up the DagBag from /home/airflow/.local/lib/python3.7/site-packages/airflow/example_dags/tutorial_taskflow_api.py
[2023-04-16T18:10:37.119+0000] {processor.py:753} INFO - DAG(s) dict_keys(['tutorial_taskflow_api']) retrieved from /home/airflow/.local/lib/python3.7/site-packages/airflow/example_dags/tutorial_taskflow_api.py
[2023-04-16T18:10:37.163+0000] {logging_mixin.py:137} INFO - [2023-04-16T18:10:37.163+0000] {dag.py:2705} INFO - Sync 1 DAGs
[2023-04-16T18:10:37.212+0000] {logging_mixin.py:137} INFO - [2023-04-16T18:10:37.212+0000] {dag.py:3456} INFO - Setting next_dagrun for tutorial_taskflow_api to None, run_after=None
[2023-04-16T18:10:37.246+0000] {processor.py:175} INFO - Processing /home/airflow/.local/lib/python3.7/site-packages/airflow/example_dags/tutorial_taskflow_api.py took 0.165 seconds
[2023-04-16T18:11:07.866+0000] {processor.py:153} INFO - Started process (PID=1220) to work on /home/airflow/.local/lib/python3.7/site-packages/airflow/example_dags/tutorial_taskflow_api.py
[2023-04-16T18:11:07.867+0000] {processor.py:743} INFO - Processing file /home/airflow/.local/lib/python3.7/site-packages/airflow/example_dags/tutorial_taskflow_api.py for tasks to queue
[2023-04-16T18:11:07.868+0000] {logging_mixin.py:137} INFO - [2023-04-16T18:11:07.868+0000] {dagbag.py:532} INFO - Filling up the DagBag from /home/airflow/.local/lib/python3.7/site-packages/airflow/example_dags/tutorial_taskflow_api.py
[2023-04-16T18:11:07.898+0000] {processor.py:753} INFO - DAG(s) dict_keys(['tutorial_taskflow_api']) retrieved from /home/airflow/.local/lib/python3.7/site-packages/airflow/example_dags/tutorial_taskflow_api.py
[2023-04-16T18:11:07.945+0000] {logging_mixin.py:137} INFO - [2023-04-16T18:11:07.945+0000] {dag.py:2705} INFO - Sync 1 DAGs
[2023-04-16T18:11:07.981+0000] {logging_mixin.py:137} INFO - [2023-04-16T18:11:07.981+0000] {dag.py:3456} INFO - Setting next_dagrun for tutorial_taskflow_api to None, run_after=None
[2023-04-16T18:11:08.007+0000] {processor.py:175} INFO - Processing /home/airflow/.local/lib/python3.7/site-packages/airflow/example_dags/tutorial_taskflow_api.py took 0.146 seconds
[2023-04-16T18:11:38.660+0000] {processor.py:153} INFO - Started process (PID=1278) to work on /home/airflow/.local/lib/python3.7/site-packages/airflow/example_dags/tutorial_taskflow_api.py
[2023-04-16T18:11:38.661+0000] {processor.py:743} INFO - Processing file /home/airflow/.local/lib/python3.7/site-packages/airflow/example_dags/tutorial_taskflow_api.py for tasks to queue
[2023-04-16T18:11:38.662+0000] {logging_mixin.py:137} INFO - [2023-04-16T18:11:38.662+0000] {dagbag.py:532} INFO - Filling up the DagBag from /home/airflow/.local/lib/python3.7/site-packages/airflow/example_dags/tutorial_taskflow_api.py
[2023-04-16T18:11:38.693+0000] {processor.py:753} INFO - DAG(s) dict_keys(['tutorial_taskflow_api']) retrieved from /home/airflow/.local/lib/python3.7/site-packages/airflow/example_dags/tutorial_taskflow_api.py
[2023-04-16T18:11:38.743+0000] {logging_mixin.py:137} INFO - [2023-04-16T18:11:38.743+0000] {dag.py:2705} INFO - Sync 1 DAGs
[2023-04-16T18:11:38.787+0000] {logging_mixin.py:137} INFO - [2023-04-16T18:11:38.787+0000] {dag.py:3456} INFO - Setting next_dagrun for tutorial_taskflow_api to None, run_after=None
[2023-04-16T18:11:38.822+0000] {processor.py:175} INFO - Processing /home/airflow/.local/lib/python3.7/site-packages/airflow/example_dags/tutorial_taskflow_api.py took 0.168 seconds
[2023-04-16T18:12:09.268+0000] {processor.py:153} INFO - Started process (PID=1328) to work on /home/airflow/.local/lib/python3.7/site-packages/airflow/example_dags/tutorial_taskflow_api.py
[2023-04-16T18:12:09.269+0000] {processor.py:743} INFO - Processing file /home/airflow/.local/lib/python3.7/site-packages/airflow/example_dags/tutorial_taskflow_api.py for tasks to queue
[2023-04-16T18:12:09.270+0000] {logging_mixin.py:137} INFO - [2023-04-16T18:12:09.270+0000] {dagbag.py:532} INFO - Filling up the DagBag from /home/airflow/.local/lib/python3.7/site-packages/airflow/example_dags/tutorial_taskflow_api.py
[2023-04-16T18:12:09.299+0000] {processor.py:753} INFO - DAG(s) dict_keys(['tutorial_taskflow_api']) retrieved from /home/airflow/.local/lib/python3.7/site-packages/airflow/example_dags/tutorial_taskflow_api.py
[2023-04-16T18:12:09.336+0000] {logging_mixin.py:137} INFO - [2023-04-16T18:12:09.336+0000] {dag.py:2705} INFO - Sync 1 DAGs
[2023-04-16T18:12:09.374+0000] {logging_mixin.py:137} INFO - [2023-04-16T18:12:09.374+0000] {dag.py:3456} INFO - Setting next_dagrun for tutorial_taskflow_api to None, run_after=None
[2023-04-16T18:12:09.400+0000] {processor.py:175} INFO - Processing /home/airflow/.local/lib/python3.7/site-packages/airflow/example_dags/tutorial_taskflow_api.py took 0.139 seconds
[2023-04-16T18:12:39.943+0000] {processor.py:153} INFO - Started process (PID=1378) to work on /home/airflow/.local/lib/python3.7/site-packages/airflow/example_dags/tutorial_taskflow_api.py
[2023-04-16T18:12:39.945+0000] {processor.py:743} INFO - Processing file /home/airflow/.local/lib/python3.7/site-packages/airflow/example_dags/tutorial_taskflow_api.py for tasks to queue
[2023-04-16T18:12:39.946+0000] {logging_mixin.py:137} INFO - [2023-04-16T18:12:39.946+0000] {dagbag.py:532} INFO - Filling up the DagBag from /home/airflow/.local/lib/python3.7/site-packages/airflow/example_dags/tutorial_taskflow_api.py
[2023-04-16T18:12:39.986+0000] {processor.py:753} INFO - DAG(s) dict_keys(['tutorial_taskflow_api']) retrieved from /home/airflow/.local/lib/python3.7/site-packages/airflow/example_dags/tutorial_taskflow_api.py
[2023-04-16T18:12:40.027+0000] {logging_mixin.py:137} INFO - [2023-04-16T18:12:40.027+0000] {dag.py:2705} INFO - Sync 1 DAGs
[2023-04-16T18:12:40.072+0000] {logging_mixin.py:137} INFO - [2023-04-16T18:12:40.071+0000] {dag.py:3456} INFO - Setting next_dagrun for tutorial_taskflow_api to None, run_after=None
[2023-04-16T18:12:40.097+0000] {processor.py:175} INFO - Processing /home/airflow/.local/lib/python3.7/site-packages/airflow/example_dags/tutorial_taskflow_api.py took 0.159 seconds
[2023-04-16T18:13:10.600+0000] {processor.py:153} INFO - Started process (PID=1429) to work on /home/airflow/.local/lib/python3.7/site-packages/airflow/example_dags/tutorial_taskflow_api.py
[2023-04-16T18:13:10.602+0000] {processor.py:743} INFO - Processing file /home/airflow/.local/lib/python3.7/site-packages/airflow/example_dags/tutorial_taskflow_api.py for tasks to queue
[2023-04-16T18:13:10.603+0000] {logging_mixin.py:137} INFO - [2023-04-16T18:13:10.602+0000] {dagbag.py:532} INFO - Filling up the DagBag from /home/airflow/.local/lib/python3.7/site-packages/airflow/example_dags/tutorial_taskflow_api.py
[2023-04-16T18:13:10.641+0000] {processor.py:753} INFO - DAG(s) dict_keys(['tutorial_taskflow_api']) retrieved from /home/airflow/.local/lib/python3.7/site-packages/airflow/example_dags/tutorial_taskflow_api.py
[2023-04-16T18:13:10.680+0000] {logging_mixin.py:137} INFO - [2023-04-16T18:13:10.680+0000] {dag.py:2705} INFO - Sync 1 DAGs
[2023-04-16T18:13:10.722+0000] {logging_mixin.py:137} INFO - [2023-04-16T18:13:10.722+0000] {dag.py:3456} INFO - Setting next_dagrun for tutorial_taskflow_api to None, run_after=None
[2023-04-16T18:13:10.747+0000] {processor.py:175} INFO - Processing /home/airflow/.local/lib/python3.7/site-packages/airflow/example_dags/tutorial_taskflow_api.py took 0.153 seconds
[2023-04-16T18:13:41.189+0000] {processor.py:153} INFO - Started process (PID=1480) to work on /home/airflow/.local/lib/python3.7/site-packages/airflow/example_dags/tutorial_taskflow_api.py
[2023-04-16T18:13:41.190+0000] {processor.py:743} INFO - Processing file /home/airflow/.local/lib/python3.7/site-packages/airflow/example_dags/tutorial_taskflow_api.py for tasks to queue
[2023-04-16T18:13:41.191+0000] {logging_mixin.py:137} INFO - [2023-04-16T18:13:41.191+0000] {dagbag.py:532} INFO - Filling up the DagBag from /home/airflow/.local/lib/python3.7/site-packages/airflow/example_dags/tutorial_taskflow_api.py
[2023-04-16T18:13:41.222+0000] {processor.py:753} INFO - DAG(s) dict_keys(['tutorial_taskflow_api']) retrieved from /home/airflow/.local/lib/python3.7/site-packages/airflow/example_dags/tutorial_taskflow_api.py
[2023-04-16T18:13:41.261+0000] {logging_mixin.py:137} INFO - [2023-04-16T18:13:41.261+0000] {dag.py:2705} INFO - Sync 1 DAGs
[2023-04-16T18:13:41.305+0000] {logging_mixin.py:137} INFO - [2023-04-16T18:13:41.305+0000] {dag.py:3456} INFO - Setting next_dagrun for tutorial_taskflow_api to None, run_after=None
[2023-04-16T18:13:41.332+0000] {processor.py:175} INFO - Processing /home/airflow/.local/lib/python3.7/site-packages/airflow/example_dags/tutorial_taskflow_api.py took 0.149 seconds
[2023-04-16T18:14:11.742+0000] {processor.py:153} INFO - Started process (PID=1530) to work on /home/airflow/.local/lib/python3.7/site-packages/airflow/example_dags/tutorial_taskflow_api.py
[2023-04-16T18:14:11.744+0000] {processor.py:743} INFO - Processing file /home/airflow/.local/lib/python3.7/site-packages/airflow/example_dags/tutorial_taskflow_api.py for tasks to queue
[2023-04-16T18:14:11.745+0000] {logging_mixin.py:137} INFO - [2023-04-16T18:14:11.745+0000] {dagbag.py:532} INFO - Filling up the DagBag from /home/airflow/.local/lib/python3.7/site-packages/airflow/example_dags/tutorial_taskflow_api.py
[2023-04-16T18:14:11.779+0000] {processor.py:753} INFO - DAG(s) dict_keys(['tutorial_taskflow_api']) retrieved from /home/airflow/.local/lib/python3.7/site-packages/airflow/example_dags/tutorial_taskflow_api.py
[2023-04-16T18:14:11.817+0000] {logging_mixin.py:137} INFO - [2023-04-16T18:14:11.817+0000] {dag.py:2705} INFO - Sync 1 DAGs
[2023-04-16T18:14:11.873+0000] {logging_mixin.py:137} INFO - [2023-04-16T18:14:11.873+0000] {dag.py:3456} INFO - Setting next_dagrun for tutorial_taskflow_api to None, run_after=None
[2023-04-16T18:14:11.908+0000] {processor.py:175} INFO - Processing /home/airflow/.local/lib/python3.7/site-packages/airflow/example_dags/tutorial_taskflow_api.py took 0.171 seconds
[2023-04-16T18:14:42.575+0000] {processor.py:153} INFO - Started process (PID=1580) to work on /home/airflow/.local/lib/python3.7/site-packages/airflow/example_dags/tutorial_taskflow_api.py
[2023-04-16T18:14:42.577+0000] {processor.py:743} INFO - Processing file /home/airflow/.local/lib/python3.7/site-packages/airflow/example_dags/tutorial_taskflow_api.py for tasks to queue
[2023-04-16T18:14:42.578+0000] {logging_mixin.py:137} INFO - [2023-04-16T18:14:42.578+0000] {dagbag.py:532} INFO - Filling up the DagBag from /home/airflow/.local/lib/python3.7/site-packages/airflow/example_dags/tutorial_taskflow_api.py
[2023-04-16T18:14:42.621+0000] {processor.py:753} INFO - DAG(s) dict_keys(['tutorial_taskflow_api']) retrieved from /home/airflow/.local/lib/python3.7/site-packages/airflow/example_dags/tutorial_taskflow_api.py
[2023-04-16T18:14:42.668+0000] {logging_mixin.py:137} INFO - [2023-04-16T18:14:42.667+0000] {dag.py:2705} INFO - Sync 1 DAGs
[2023-04-16T18:14:42.706+0000] {logging_mixin.py:137} INFO - [2023-04-16T18:14:42.706+0000] {dag.py:3456} INFO - Setting next_dagrun for tutorial_taskflow_api to None, run_after=None
[2023-04-16T18:14:42.731+0000] {processor.py:175} INFO - Processing /home/airflow/.local/lib/python3.7/site-packages/airflow/example_dags/tutorial_taskflow_api.py took 0.163 seconds
[2023-04-16T18:15:13.286+0000] {processor.py:153} INFO - Started process (PID=1630) to work on /home/airflow/.local/lib/python3.7/site-packages/airflow/example_dags/tutorial_taskflow_api.py
[2023-04-16T18:15:13.287+0000] {processor.py:743} INFO - Processing file /home/airflow/.local/lib/python3.7/site-packages/airflow/example_dags/tutorial_taskflow_api.py for tasks to queue
[2023-04-16T18:15:13.288+0000] {logging_mixin.py:137} INFO - [2023-04-16T18:15:13.287+0000] {dagbag.py:532} INFO - Filling up the DagBag from /home/airflow/.local/lib/python3.7/site-packages/airflow/example_dags/tutorial_taskflow_api.py
[2023-04-16T18:15:13.318+0000] {processor.py:753} INFO - DAG(s) dict_keys(['tutorial_taskflow_api']) retrieved from /home/airflow/.local/lib/python3.7/site-packages/airflow/example_dags/tutorial_taskflow_api.py
[2023-04-16T18:15:13.367+0000] {logging_mixin.py:137} INFO - [2023-04-16T18:15:13.367+0000] {dag.py:2705} INFO - Sync 1 DAGs
[2023-04-16T18:15:13.409+0000] {logging_mixin.py:137} INFO - [2023-04-16T18:15:13.409+0000] {dag.py:3456} INFO - Setting next_dagrun for tutorial_taskflow_api to None, run_after=None
[2023-04-16T18:15:13.451+0000] {processor.py:175} INFO - Processing /home/airflow/.local/lib/python3.7/site-packages/airflow/example_dags/tutorial_taskflow_api.py took 0.171 seconds
[2023-04-16T18:15:44.108+0000] {processor.py:153} INFO - Started process (PID=1680) to work on /home/airflow/.local/lib/python3.7/site-packages/airflow/example_dags/tutorial_taskflow_api.py
[2023-04-16T18:15:44.110+0000] {processor.py:743} INFO - Processing file /home/airflow/.local/lib/python3.7/site-packages/airflow/example_dags/tutorial_taskflow_api.py for tasks to queue
[2023-04-16T18:15:44.111+0000] {logging_mixin.py:137} INFO - [2023-04-16T18:15:44.111+0000] {dagbag.py:532} INFO - Filling up the DagBag from /home/airflow/.local/lib/python3.7/site-packages/airflow/example_dags/tutorial_taskflow_api.py
[2023-04-16T18:15:44.143+0000] {processor.py:753} INFO - DAG(s) dict_keys(['tutorial_taskflow_api']) retrieved from /home/airflow/.local/lib/python3.7/site-packages/airflow/example_dags/tutorial_taskflow_api.py
[2023-04-16T18:15:44.182+0000] {logging_mixin.py:137} INFO - [2023-04-16T18:15:44.182+0000] {dag.py:2705} INFO - Sync 1 DAGs
[2023-04-16T18:15:44.220+0000] {logging_mixin.py:137} INFO - [2023-04-16T18:15:44.220+0000] {dag.py:3456} INFO - Setting next_dagrun for tutorial_taskflow_api to None, run_after=None
[2023-04-16T18:15:44.246+0000] {processor.py:175} INFO - Processing /home/airflow/.local/lib/python3.7/site-packages/airflow/example_dags/tutorial_taskflow_api.py took 0.143 seconds
[2023-04-16T18:16:14.626+0000] {processor.py:153} INFO - Started process (PID=1730) to work on /home/airflow/.local/lib/python3.7/site-packages/airflow/example_dags/tutorial_taskflow_api.py
[2023-04-16T18:16:14.627+0000] {processor.py:743} INFO - Processing file /home/airflow/.local/lib/python3.7/site-packages/airflow/example_dags/tutorial_taskflow_api.py for tasks to queue
[2023-04-16T18:16:14.628+0000] {logging_mixin.py:137} INFO - [2023-04-16T18:16:14.628+0000] {dagbag.py:532} INFO - Filling up the DagBag from /home/airflow/.local/lib/python3.7/site-packages/airflow/example_dags/tutorial_taskflow_api.py
[2023-04-16T18:16:14.660+0000] {processor.py:753} INFO - DAG(s) dict_keys(['tutorial_taskflow_api']) retrieved from /home/airflow/.local/lib/python3.7/site-packages/airflow/example_dags/tutorial_taskflow_api.py
[2023-04-16T18:16:14.698+0000] {logging_mixin.py:137} INFO - [2023-04-16T18:16:14.698+0000] {dag.py:2705} INFO - Sync 1 DAGs
[2023-04-16T18:16:14.734+0000] {logging_mixin.py:137} INFO - [2023-04-16T18:16:14.734+0000] {dag.py:3456} INFO - Setting next_dagrun for tutorial_taskflow_api to None, run_after=None
[2023-04-16T18:16:14.759+0000] {processor.py:175} INFO - Processing /home/airflow/.local/lib/python3.7/site-packages/airflow/example_dags/tutorial_taskflow_api.py took 0.138 seconds
[2023-04-16T18:16:45.355+0000] {processor.py:153} INFO - Started process (PID=1780) to work on /home/airflow/.local/lib/python3.7/site-packages/airflow/example_dags/tutorial_taskflow_api.py
[2023-04-16T18:16:45.357+0000] {processor.py:743} INFO - Processing file /home/airflow/.local/lib/python3.7/site-packages/airflow/example_dags/tutorial_taskflow_api.py for tasks to queue
[2023-04-16T18:16:45.358+0000] {logging_mixin.py:137} INFO - [2023-04-16T18:16:45.358+0000] {dagbag.py:532} INFO - Filling up the DagBag from /home/airflow/.local/lib/python3.7/site-packages/airflow/example_dags/tutorial_taskflow_api.py
[2023-04-16T18:16:45.389+0000] {processor.py:753} INFO - DAG(s) dict_keys(['tutorial_taskflow_api']) retrieved from /home/airflow/.local/lib/python3.7/site-packages/airflow/example_dags/tutorial_taskflow_api.py
[2023-04-16T18:16:45.432+0000] {logging_mixin.py:137} INFO - [2023-04-16T18:16:45.431+0000] {dag.py:2705} INFO - Sync 1 DAGs
[2023-04-16T18:16:45.470+0000] {logging_mixin.py:137} INFO - [2023-04-16T18:16:45.470+0000] {dag.py:3456} INFO - Setting next_dagrun for tutorial_taskflow_api to None, run_after=None
[2023-04-16T18:16:45.494+0000] {processor.py:175} INFO - Processing /home/airflow/.local/lib/python3.7/site-packages/airflow/example_dags/tutorial_taskflow_api.py took 0.144 seconds
[2023-04-16T18:17:16.145+0000] {processor.py:153} INFO - Started process (PID=1830) to work on /home/airflow/.local/lib/python3.7/site-packages/airflow/example_dags/tutorial_taskflow_api.py
[2023-04-16T18:17:16.147+0000] {processor.py:743} INFO - Processing file /home/airflow/.local/lib/python3.7/site-packages/airflow/example_dags/tutorial_taskflow_api.py for tasks to queue
[2023-04-16T18:17:16.148+0000] {logging_mixin.py:137} INFO - [2023-04-16T18:17:16.148+0000] {dagbag.py:532} INFO - Filling up the DagBag from /home/airflow/.local/lib/python3.7/site-packages/airflow/example_dags/tutorial_taskflow_api.py
[2023-04-16T18:17:16.179+0000] {processor.py:753} INFO - DAG(s) dict_keys(['tutorial_taskflow_api']) retrieved from /home/airflow/.local/lib/python3.7/site-packages/airflow/example_dags/tutorial_taskflow_api.py
[2023-04-16T18:17:16.222+0000] {logging_mixin.py:137} INFO - [2023-04-16T18:17:16.222+0000] {dag.py:2705} INFO - Sync 1 DAGs
[2023-04-16T18:17:16.266+0000] {logging_mixin.py:137} INFO - [2023-04-16T18:17:16.266+0000] {dag.py:3456} INFO - Setting next_dagrun for tutorial_taskflow_api to None, run_after=None
[2023-04-16T18:17:16.295+0000] {processor.py:175} INFO - Processing /home/airflow/.local/lib/python3.7/site-packages/airflow/example_dags/tutorial_taskflow_api.py took 0.156 seconds
[2023-04-16T18:17:46.978+0000] {processor.py:153} INFO - Started process (PID=1880) to work on /home/airflow/.local/lib/python3.7/site-packages/airflow/example_dags/tutorial_taskflow_api.py
[2023-04-16T18:17:46.979+0000] {processor.py:743} INFO - Processing file /home/airflow/.local/lib/python3.7/site-packages/airflow/example_dags/tutorial_taskflow_api.py for tasks to queue
[2023-04-16T18:17:46.980+0000] {logging_mixin.py:137} INFO - [2023-04-16T18:17:46.980+0000] {dagbag.py:532} INFO - Filling up the DagBag from /home/airflow/.local/lib/python3.7/site-packages/airflow/example_dags/tutorial_taskflow_api.py
[2023-04-16T18:17:47.011+0000] {processor.py:753} INFO - DAG(s) dict_keys(['tutorial_taskflow_api']) retrieved from /home/airflow/.local/lib/python3.7/site-packages/airflow/example_dags/tutorial_taskflow_api.py
[2023-04-16T18:17:47.050+0000] {logging_mixin.py:137} INFO - [2023-04-16T18:17:47.050+0000] {dag.py:2705} INFO - Sync 1 DAGs
[2023-04-16T18:17:47.088+0000] {logging_mixin.py:137} INFO - [2023-04-16T18:17:47.088+0000] {dag.py:3456} INFO - Setting next_dagrun for tutorial_taskflow_api to None, run_after=None
[2023-04-16T18:17:47.112+0000] {processor.py:175} INFO - Processing /home/airflow/.local/lib/python3.7/site-packages/airflow/example_dags/tutorial_taskflow_api.py took 0.140 seconds
[2023-04-16T18:18:17.566+0000] {processor.py:153} INFO - Started process (PID=1930) to work on /home/airflow/.local/lib/python3.7/site-packages/airflow/example_dags/tutorial_taskflow_api.py
[2023-04-16T18:18:17.567+0000] {processor.py:743} INFO - Processing file /home/airflow/.local/lib/python3.7/site-packages/airflow/example_dags/tutorial_taskflow_api.py for tasks to queue
[2023-04-16T18:18:17.568+0000] {logging_mixin.py:137} INFO - [2023-04-16T18:18:17.568+0000] {dagbag.py:532} INFO - Filling up the DagBag from /home/airflow/.local/lib/python3.7/site-packages/airflow/example_dags/tutorial_taskflow_api.py
[2023-04-16T18:18:17.598+0000] {processor.py:753} INFO - DAG(s) dict_keys(['tutorial_taskflow_api']) retrieved from /home/airflow/.local/lib/python3.7/site-packages/airflow/example_dags/tutorial_taskflow_api.py
[2023-04-16T18:18:17.637+0000] {logging_mixin.py:137} INFO - [2023-04-16T18:18:17.637+0000] {dag.py:2705} INFO - Sync 1 DAGs
[2023-04-16T18:18:17.673+0000] {logging_mixin.py:137} INFO - [2023-04-16T18:18:17.673+0000] {dag.py:3456} INFO - Setting next_dagrun for tutorial_taskflow_api to None, run_after=None
[2023-04-16T18:18:17.699+0000] {processor.py:175} INFO - Processing /home/airflow/.local/lib/python3.7/site-packages/airflow/example_dags/tutorial_taskflow_api.py took 0.139 seconds
[2023-04-16T18:18:48.271+0000] {processor.py:153} INFO - Started process (PID=1980) to work on /home/airflow/.local/lib/python3.7/site-packages/airflow/example_dags/tutorial_taskflow_api.py
[2023-04-16T18:18:48.273+0000] {processor.py:743} INFO - Processing file /home/airflow/.local/lib/python3.7/site-packages/airflow/example_dags/tutorial_taskflow_api.py for tasks to queue
[2023-04-16T18:18:48.274+0000] {logging_mixin.py:137} INFO - [2023-04-16T18:18:48.274+0000] {dagbag.py:532} INFO - Filling up the DagBag from /home/airflow/.local/lib/python3.7/site-packages/airflow/example_dags/tutorial_taskflow_api.py
[2023-04-16T18:18:48.306+0000] {processor.py:753} INFO - DAG(s) dict_keys(['tutorial_taskflow_api']) retrieved from /home/airflow/.local/lib/python3.7/site-packages/airflow/example_dags/tutorial_taskflow_api.py
[2023-04-16T18:18:48.354+0000] {logging_mixin.py:137} INFO - [2023-04-16T18:18:48.354+0000] {dag.py:2705} INFO - Sync 1 DAGs
[2023-04-16T18:18:48.404+0000] {logging_mixin.py:137} INFO - [2023-04-16T18:18:48.403+0000] {dag.py:3456} INFO - Setting next_dagrun for tutorial_taskflow_api to None, run_after=None
[2023-04-16T18:18:48.429+0000] {processor.py:175} INFO - Processing /home/airflow/.local/lib/python3.7/site-packages/airflow/example_dags/tutorial_taskflow_api.py took 0.163 seconds
[2023-04-16T18:19:19.065+0000] {processor.py:153} INFO - Started process (PID=2030) to work on /home/airflow/.local/lib/python3.7/site-packages/airflow/example_dags/tutorial_taskflow_api.py
[2023-04-16T18:19:19.066+0000] {processor.py:743} INFO - Processing file /home/airflow/.local/lib/python3.7/site-packages/airflow/example_dags/tutorial_taskflow_api.py for tasks to queue
[2023-04-16T18:19:19.067+0000] {logging_mixin.py:137} INFO - [2023-04-16T18:19:19.067+0000] {dagbag.py:532} INFO - Filling up the DagBag from /home/airflow/.local/lib/python3.7/site-packages/airflow/example_dags/tutorial_taskflow_api.py
[2023-04-16T18:19:19.110+0000] {processor.py:753} INFO - DAG(s) dict_keys(['tutorial_taskflow_api']) retrieved from /home/airflow/.local/lib/python3.7/site-packages/airflow/example_dags/tutorial_taskflow_api.py
[2023-04-16T18:19:19.150+0000] {logging_mixin.py:137} INFO - [2023-04-16T18:19:19.150+0000] {dag.py:2705} INFO - Sync 1 DAGs
[2023-04-16T18:19:19.193+0000] {logging_mixin.py:137} INFO - [2023-04-16T18:19:19.193+0000] {dag.py:3456} INFO - Setting next_dagrun for tutorial_taskflow_api to None, run_after=None
[2023-04-16T18:19:19.228+0000] {processor.py:175} INFO - Processing /home/airflow/.local/lib/python3.7/site-packages/airflow/example_dags/tutorial_taskflow_api.py took 0.169 seconds
[2023-04-16T18:19:49.818+0000] {processor.py:153} INFO - Started process (PID=2080) to work on /home/airflow/.local/lib/python3.7/site-packages/airflow/example_dags/tutorial_taskflow_api.py
[2023-04-16T18:19:49.820+0000] {processor.py:743} INFO - Processing file /home/airflow/.local/lib/python3.7/site-packages/airflow/example_dags/tutorial_taskflow_api.py for tasks to queue
[2023-04-16T18:19:49.821+0000] {logging_mixin.py:137} INFO - [2023-04-16T18:19:49.820+0000] {dagbag.py:532} INFO - Filling up the DagBag from /home/airflow/.local/lib/python3.7/site-packages/airflow/example_dags/tutorial_taskflow_api.py
[2023-04-16T18:19:49.851+0000] {processor.py:753} INFO - DAG(s) dict_keys(['tutorial_taskflow_api']) retrieved from /home/airflow/.local/lib/python3.7/site-packages/airflow/example_dags/tutorial_taskflow_api.py
[2023-04-16T18:19:49.888+0000] {logging_mixin.py:137} INFO - [2023-04-16T18:19:49.888+0000] {dag.py:2705} INFO - Sync 1 DAGs
[2023-04-16T18:19:49.924+0000] {logging_mixin.py:137} INFO - [2023-04-16T18:19:49.924+0000] {dag.py:3456} INFO - Setting next_dagrun for tutorial_taskflow_api to None, run_after=None
[2023-04-16T18:19:49.949+0000] {processor.py:175} INFO - Processing /home/airflow/.local/lib/python3.7/site-packages/airflow/example_dags/tutorial_taskflow_api.py took 0.136 seconds
[2023-04-16T18:20:20.489+0000] {processor.py:153} INFO - Started process (PID=2130) to work on /home/airflow/.local/lib/python3.7/site-packages/airflow/example_dags/tutorial_taskflow_api.py
[2023-04-16T18:20:20.491+0000] {processor.py:743} INFO - Processing file /home/airflow/.local/lib/python3.7/site-packages/airflow/example_dags/tutorial_taskflow_api.py for tasks to queue
[2023-04-16T18:20:20.492+0000] {logging_mixin.py:137} INFO - [2023-04-16T18:20:20.492+0000] {dagbag.py:532} INFO - Filling up the DagBag from /home/airflow/.local/lib/python3.7/site-packages/airflow/example_dags/tutorial_taskflow_api.py
[2023-04-16T18:20:20.523+0000] {processor.py:753} INFO - DAG(s) dict_keys(['tutorial_taskflow_api']) retrieved from /home/airflow/.local/lib/python3.7/site-packages/airflow/example_dags/tutorial_taskflow_api.py
[2023-04-16T18:20:20.565+0000] {logging_mixin.py:137} INFO - [2023-04-16T18:20:20.565+0000] {dag.py:2705} INFO - Sync 1 DAGs
[2023-04-16T18:20:20.605+0000] {logging_mixin.py:137} INFO - [2023-04-16T18:20:20.605+0000] {dag.py:3456} INFO - Setting next_dagrun for tutorial_taskflow_api to None, run_after=None
[2023-04-16T18:20:20.640+0000] {processor.py:175} INFO - Processing /home/airflow/.local/lib/python3.7/site-packages/airflow/example_dags/tutorial_taskflow_api.py took 0.156 seconds
[2023-04-16T18:20:51.075+0000] {processor.py:153} INFO - Started process (PID=2181) to work on /home/airflow/.local/lib/python3.7/site-packages/airflow/example_dags/tutorial_taskflow_api.py
[2023-04-16T18:20:51.076+0000] {processor.py:743} INFO - Processing file /home/airflow/.local/lib/python3.7/site-packages/airflow/example_dags/tutorial_taskflow_api.py for tasks to queue
[2023-04-16T18:20:51.077+0000] {logging_mixin.py:137} INFO - [2023-04-16T18:20:51.077+0000] {dagbag.py:532} INFO - Filling up the DagBag from /home/airflow/.local/lib/python3.7/site-packages/airflow/example_dags/tutorial_taskflow_api.py
[2023-04-16T18:20:51.109+0000] {processor.py:753} INFO - DAG(s) dict_keys(['tutorial_taskflow_api']) retrieved from /home/airflow/.local/lib/python3.7/site-packages/airflow/example_dags/tutorial_taskflow_api.py
[2023-04-16T18:20:51.151+0000] {logging_mixin.py:137} INFO - [2023-04-16T18:20:51.151+0000] {dag.py:2705} INFO - Sync 1 DAGs
[2023-04-16T18:20:51.191+0000] {logging_mixin.py:137} INFO - [2023-04-16T18:20:51.191+0000] {dag.py:3456} INFO - Setting next_dagrun for tutorial_taskflow_api to None, run_after=None
[2023-04-16T18:20:51.215+0000] {processor.py:175} INFO - Processing /home/airflow/.local/lib/python3.7/site-packages/airflow/example_dags/tutorial_taskflow_api.py took 0.147 seconds
[2023-04-16T18:21:22.002+0000] {processor.py:153} INFO - Started process (PID=2231) to work on /home/airflow/.local/lib/python3.7/site-packages/airflow/example_dags/tutorial_taskflow_api.py
[2023-04-16T18:21:22.004+0000] {processor.py:743} INFO - Processing file /home/airflow/.local/lib/python3.7/site-packages/airflow/example_dags/tutorial_taskflow_api.py for tasks to queue
[2023-04-16T18:21:22.006+0000] {logging_mixin.py:137} INFO - [2023-04-16T18:21:22.005+0000] {dagbag.py:532} INFO - Filling up the DagBag from /home/airflow/.local/lib/python3.7/site-packages/airflow/example_dags/tutorial_taskflow_api.py
[2023-04-16T18:21:22.054+0000] {processor.py:753} INFO - DAG(s) dict_keys(['tutorial_taskflow_api']) retrieved from /home/airflow/.local/lib/python3.7/site-packages/airflow/example_dags/tutorial_taskflow_api.py
[2023-04-16T18:21:22.097+0000] {logging_mixin.py:137} INFO - [2023-04-16T18:21:22.097+0000] {dag.py:2705} INFO - Sync 1 DAGs
[2023-04-16T18:21:22.136+0000] {logging_mixin.py:137} INFO - [2023-04-16T18:21:22.136+0000] {dag.py:3456} INFO - Setting next_dagrun for tutorial_taskflow_api to None, run_after=None
[2023-04-16T18:21:22.162+0000] {processor.py:175} INFO - Processing /home/airflow/.local/lib/python3.7/site-packages/airflow/example_dags/tutorial_taskflow_api.py took 0.167 seconds
[2023-04-16T18:21:52.276+0000] {processor.py:153} INFO - Started process (PID=2281) to work on /home/airflow/.local/lib/python3.7/site-packages/airflow/example_dags/tutorial_taskflow_api.py
[2023-04-16T18:21:52.277+0000] {processor.py:743} INFO - Processing file /home/airflow/.local/lib/python3.7/site-packages/airflow/example_dags/tutorial_taskflow_api.py for tasks to queue
[2023-04-16T18:21:52.278+0000] {logging_mixin.py:137} INFO - [2023-04-16T18:21:52.278+0000] {dagbag.py:532} INFO - Filling up the DagBag from /home/airflow/.local/lib/python3.7/site-packages/airflow/example_dags/tutorial_taskflow_api.py
[2023-04-16T18:21:52.323+0000] {processor.py:753} INFO - DAG(s) dict_keys(['tutorial_taskflow_api']) retrieved from /home/airflow/.local/lib/python3.7/site-packages/airflow/example_dags/tutorial_taskflow_api.py
[2023-04-16T18:21:52.372+0000] {logging_mixin.py:137} INFO - [2023-04-16T18:21:52.372+0000] {dag.py:2705} INFO - Sync 1 DAGs
[2023-04-16T18:21:52.418+0000] {logging_mixin.py:137} INFO - [2023-04-16T18:21:52.418+0000] {dag.py:3456} INFO - Setting next_dagrun for tutorial_taskflow_api to None, run_after=None
[2023-04-16T18:21:52.454+0000] {processor.py:175} INFO - Processing /home/airflow/.local/lib/python3.7/site-packages/airflow/example_dags/tutorial_taskflow_api.py took 0.184 seconds
[2023-04-16T18:22:22.511+0000] {processor.py:153} INFO - Started process (PID=2330) to work on /home/airflow/.local/lib/python3.7/site-packages/airflow/example_dags/tutorial_taskflow_api.py
[2023-04-16T18:22:22.513+0000] {processor.py:743} INFO - Processing file /home/airflow/.local/lib/python3.7/site-packages/airflow/example_dags/tutorial_taskflow_api.py for tasks to queue
[2023-04-16T18:22:22.515+0000] {logging_mixin.py:137} INFO - [2023-04-16T18:22:22.514+0000] {dagbag.py:532} INFO - Filling up the DagBag from /home/airflow/.local/lib/python3.7/site-packages/airflow/example_dags/tutorial_taskflow_api.py
[2023-04-16T18:22:22.555+0000] {processor.py:753} INFO - DAG(s) dict_keys(['tutorial_taskflow_api']) retrieved from /home/airflow/.local/lib/python3.7/site-packages/airflow/example_dags/tutorial_taskflow_api.py
[2023-04-16T18:22:22.593+0000] {logging_mixin.py:137} INFO - [2023-04-16T18:22:22.593+0000] {dag.py:2705} INFO - Sync 1 DAGs
[2023-04-16T18:22:22.629+0000] {logging_mixin.py:137} INFO - [2023-04-16T18:22:22.628+0000] {dag.py:3456} INFO - Setting next_dagrun for tutorial_taskflow_api to None, run_after=None
[2023-04-16T18:22:22.657+0000] {processor.py:175} INFO - Processing /home/airflow/.local/lib/python3.7/site-packages/airflow/example_dags/tutorial_taskflow_api.py took 0.155 seconds
[2023-04-16T18:22:52.825+0000] {processor.py:153} INFO - Started process (PID=2380) to work on /home/airflow/.local/lib/python3.7/site-packages/airflow/example_dags/tutorial_taskflow_api.py
[2023-04-16T18:22:52.826+0000] {processor.py:743} INFO - Processing file /home/airflow/.local/lib/python3.7/site-packages/airflow/example_dags/tutorial_taskflow_api.py for tasks to queue
[2023-04-16T18:22:52.827+0000] {logging_mixin.py:137} INFO - [2023-04-16T18:22:52.827+0000] {dagbag.py:532} INFO - Filling up the DagBag from /home/airflow/.local/lib/python3.7/site-packages/airflow/example_dags/tutorial_taskflow_api.py
[2023-04-16T18:22:52.857+0000] {processor.py:753} INFO - DAG(s) dict_keys(['tutorial_taskflow_api']) retrieved from /home/airflow/.local/lib/python3.7/site-packages/airflow/example_dags/tutorial_taskflow_api.py
[2023-04-16T18:22:52.895+0000] {logging_mixin.py:137} INFO - [2023-04-16T18:22:52.895+0000] {dag.py:2705} INFO - Sync 1 DAGs
[2023-04-16T18:22:52.931+0000] {logging_mixin.py:137} INFO - [2023-04-16T18:22:52.931+0000] {dag.py:3456} INFO - Setting next_dagrun for tutorial_taskflow_api to None, run_after=None
[2023-04-16T18:22:52.960+0000] {processor.py:175} INFO - Processing /home/airflow/.local/lib/python3.7/site-packages/airflow/example_dags/tutorial_taskflow_api.py took 0.140 seconds
[2023-04-16T18:23:23.305+0000] {processor.py:153} INFO - Started process (PID=2430) to work on /home/airflow/.local/lib/python3.7/site-packages/airflow/example_dags/tutorial_taskflow_api.py
[2023-04-16T18:23:23.307+0000] {processor.py:743} INFO - Processing file /home/airflow/.local/lib/python3.7/site-packages/airflow/example_dags/tutorial_taskflow_api.py for tasks to queue
[2023-04-16T18:23:23.308+0000] {logging_mixin.py:137} INFO - [2023-04-16T18:23:23.308+0000] {dagbag.py:532} INFO - Filling up the DagBag from /home/airflow/.local/lib/python3.7/site-packages/airflow/example_dags/tutorial_taskflow_api.py
[2023-04-16T18:23:23.338+0000] {processor.py:753} INFO - DAG(s) dict_keys(['tutorial_taskflow_api']) retrieved from /home/airflow/.local/lib/python3.7/site-packages/airflow/example_dags/tutorial_taskflow_api.py
[2023-04-16T18:23:23.375+0000] {logging_mixin.py:137} INFO - [2023-04-16T18:23:23.374+0000] {dag.py:2705} INFO - Sync 1 DAGs
[2023-04-16T18:23:23.412+0000] {logging_mixin.py:137} INFO - [2023-04-16T18:23:23.411+0000] {dag.py:3456} INFO - Setting next_dagrun for tutorial_taskflow_api to None, run_after=None
[2023-04-16T18:23:23.440+0000] {processor.py:175} INFO - Processing /home/airflow/.local/lib/python3.7/site-packages/airflow/example_dags/tutorial_taskflow_api.py took 0.142 seconds
[2023-04-16T18:23:53.642+0000] {processor.py:153} INFO - Started process (PID=2480) to work on /home/airflow/.local/lib/python3.7/site-packages/airflow/example_dags/tutorial_taskflow_api.py
[2023-04-16T18:23:53.643+0000] {processor.py:743} INFO - Processing file /home/airflow/.local/lib/python3.7/site-packages/airflow/example_dags/tutorial_taskflow_api.py for tasks to queue
[2023-04-16T18:23:53.645+0000] {logging_mixin.py:137} INFO - [2023-04-16T18:23:53.644+0000] {dagbag.py:532} INFO - Filling up the DagBag from /home/airflow/.local/lib/python3.7/site-packages/airflow/example_dags/tutorial_taskflow_api.py
[2023-04-16T18:23:53.677+0000] {processor.py:753} INFO - DAG(s) dict_keys(['tutorial_taskflow_api']) retrieved from /home/airflow/.local/lib/python3.7/site-packages/airflow/example_dags/tutorial_taskflow_api.py
[2023-04-16T18:23:53.719+0000] {logging_mixin.py:137} INFO - [2023-04-16T18:23:53.718+0000] {dag.py:2705} INFO - Sync 1 DAGs
[2023-04-16T18:23:53.757+0000] {logging_mixin.py:137} INFO - [2023-04-16T18:23:53.757+0000] {dag.py:3456} INFO - Setting next_dagrun for tutorial_taskflow_api to None, run_after=None
[2023-04-16T18:23:53.780+0000] {processor.py:175} INFO - Processing /home/airflow/.local/lib/python3.7/site-packages/airflow/example_dags/tutorial_taskflow_api.py took 0.146 seconds
[2023-04-16T18:24:23.830+0000] {processor.py:153} INFO - Started process (PID=2530) to work on /home/airflow/.local/lib/python3.7/site-packages/airflow/example_dags/tutorial_taskflow_api.py
[2023-04-16T18:24:23.832+0000] {processor.py:743} INFO - Processing file /home/airflow/.local/lib/python3.7/site-packages/airflow/example_dags/tutorial_taskflow_api.py for tasks to queue
[2023-04-16T18:24:23.834+0000] {logging_mixin.py:137} INFO - [2023-04-16T18:24:23.833+0000] {dagbag.py:532} INFO - Filling up the DagBag from /home/airflow/.local/lib/python3.7/site-packages/airflow/example_dags/tutorial_taskflow_api.py
[2023-04-16T18:24:23.870+0000] {processor.py:753} INFO - DAG(s) dict_keys(['tutorial_taskflow_api']) retrieved from /home/airflow/.local/lib/python3.7/site-packages/airflow/example_dags/tutorial_taskflow_api.py
[2023-04-16T18:24:23.908+0000] {logging_mixin.py:137} INFO - [2023-04-16T18:24:23.907+0000] {dag.py:2705} INFO - Sync 1 DAGs
[2023-04-16T18:24:23.943+0000] {logging_mixin.py:137} INFO - [2023-04-16T18:24:23.943+0000] {dag.py:3456} INFO - Setting next_dagrun for tutorial_taskflow_api to None, run_after=None
[2023-04-16T18:24:23.968+0000] {processor.py:175} INFO - Processing /home/airflow/.local/lib/python3.7/site-packages/airflow/example_dags/tutorial_taskflow_api.py took 0.145 seconds
[2023-04-16T18:24:54.083+0000] {processor.py:153} INFO - Started process (PID=2580) to work on /home/airflow/.local/lib/python3.7/site-packages/airflow/example_dags/tutorial_taskflow_api.py
[2023-04-16T18:24:54.084+0000] {processor.py:743} INFO - Processing file /home/airflow/.local/lib/python3.7/site-packages/airflow/example_dags/tutorial_taskflow_api.py for tasks to queue
[2023-04-16T18:24:54.085+0000] {logging_mixin.py:137} INFO - [2023-04-16T18:24:54.084+0000] {dagbag.py:532} INFO - Filling up the DagBag from /home/airflow/.local/lib/python3.7/site-packages/airflow/example_dags/tutorial_taskflow_api.py
[2023-04-16T18:24:54.116+0000] {processor.py:753} INFO - DAG(s) dict_keys(['tutorial_taskflow_api']) retrieved from /home/airflow/.local/lib/python3.7/site-packages/airflow/example_dags/tutorial_taskflow_api.py
[2023-04-16T18:24:54.153+0000] {logging_mixin.py:137} INFO - [2023-04-16T18:24:54.153+0000] {dag.py:2705} INFO - Sync 1 DAGs
[2023-04-16T18:24:54.188+0000] {logging_mixin.py:137} INFO - [2023-04-16T18:24:54.188+0000] {dag.py:3456} INFO - Setting next_dagrun for tutorial_taskflow_api to None, run_after=None
[2023-04-16T18:24:54.222+0000] {processor.py:175} INFO - Processing /home/airflow/.local/lib/python3.7/site-packages/airflow/example_dags/tutorial_taskflow_api.py took 0.144 seconds
[2023-04-16T18:25:24.797+0000] {processor.py:153} INFO - Started process (PID=2629) to work on /home/airflow/.local/lib/python3.7/site-packages/airflow/example_dags/tutorial_taskflow_api.py
[2023-04-16T18:25:24.798+0000] {processor.py:743} INFO - Processing file /home/airflow/.local/lib/python3.7/site-packages/airflow/example_dags/tutorial_taskflow_api.py for tasks to queue
[2023-04-16T18:25:24.799+0000] {logging_mixin.py:137} INFO - [2023-04-16T18:25:24.799+0000] {dagbag.py:532} INFO - Filling up the DagBag from /home/airflow/.local/lib/python3.7/site-packages/airflow/example_dags/tutorial_taskflow_api.py
[2023-04-16T18:25:24.832+0000] {processor.py:753} INFO - DAG(s) dict_keys(['tutorial_taskflow_api']) retrieved from /home/airflow/.local/lib/python3.7/site-packages/airflow/example_dags/tutorial_taskflow_api.py
[2023-04-16T18:25:24.871+0000] {logging_mixin.py:137} INFO - [2023-04-16T18:25:24.871+0000] {dag.py:2705} INFO - Sync 1 DAGs
[2023-04-16T18:25:24.907+0000] {logging_mixin.py:137} INFO - [2023-04-16T18:25:24.907+0000] {dag.py:3456} INFO - Setting next_dagrun for tutorial_taskflow_api to None, run_after=None
[2023-04-16T18:25:24.936+0000] {processor.py:175} INFO - Processing /home/airflow/.local/lib/python3.7/site-packages/airflow/example_dags/tutorial_taskflow_api.py took 0.145 seconds
[2023-04-16T18:25:55.515+0000] {processor.py:153} INFO - Started process (PID=2680) to work on /home/airflow/.local/lib/python3.7/site-packages/airflow/example_dags/tutorial_taskflow_api.py
[2023-04-16T18:25:55.517+0000] {processor.py:743} INFO - Processing file /home/airflow/.local/lib/python3.7/site-packages/airflow/example_dags/tutorial_taskflow_api.py for tasks to queue
[2023-04-16T18:25:55.518+0000] {logging_mixin.py:137} INFO - [2023-04-16T18:25:55.518+0000] {dagbag.py:532} INFO - Filling up the DagBag from /home/airflow/.local/lib/python3.7/site-packages/airflow/example_dags/tutorial_taskflow_api.py
[2023-04-16T18:25:55.561+0000] {processor.py:753} INFO - DAG(s) dict_keys(['tutorial_taskflow_api']) retrieved from /home/airflow/.local/lib/python3.7/site-packages/airflow/example_dags/tutorial_taskflow_api.py
[2023-04-16T18:25:55.598+0000] {logging_mixin.py:137} INFO - [2023-04-16T18:25:55.598+0000] {dag.py:2705} INFO - Sync 1 DAGs
[2023-04-16T18:25:55.638+0000] {logging_mixin.py:137} INFO - [2023-04-16T18:25:55.637+0000] {dag.py:3456} INFO - Setting next_dagrun for tutorial_taskflow_api to None, run_after=None
[2023-04-16T18:25:55.664+0000] {processor.py:175} INFO - Processing /home/airflow/.local/lib/python3.7/site-packages/airflow/example_dags/tutorial_taskflow_api.py took 0.156 seconds
[2023-04-16T18:26:26.297+0000] {processor.py:153} INFO - Started process (PID=2729) to work on /home/airflow/.local/lib/python3.7/site-packages/airflow/example_dags/tutorial_taskflow_api.py
[2023-04-16T18:26:26.299+0000] {processor.py:743} INFO - Processing file /home/airflow/.local/lib/python3.7/site-packages/airflow/example_dags/tutorial_taskflow_api.py for tasks to queue
[2023-04-16T18:26:26.300+0000] {logging_mixin.py:137} INFO - [2023-04-16T18:26:26.299+0000] {dagbag.py:532} INFO - Filling up the DagBag from /home/airflow/.local/lib/python3.7/site-packages/airflow/example_dags/tutorial_taskflow_api.py
[2023-04-16T18:26:26.330+0000] {processor.py:753} INFO - DAG(s) dict_keys(['tutorial_taskflow_api']) retrieved from /home/airflow/.local/lib/python3.7/site-packages/airflow/example_dags/tutorial_taskflow_api.py
[2023-04-16T18:26:26.371+0000] {logging_mixin.py:137} INFO - [2023-04-16T18:26:26.371+0000] {dag.py:2705} INFO - Sync 1 DAGs
[2023-04-16T18:26:26.420+0000] {logging_mixin.py:137} INFO - [2023-04-16T18:26:26.420+0000] {dag.py:3456} INFO - Setting next_dagrun for tutorial_taskflow_api to None, run_after=None
[2023-04-16T18:26:26.454+0000] {processor.py:175} INFO - Processing /home/airflow/.local/lib/python3.7/site-packages/airflow/example_dags/tutorial_taskflow_api.py took 0.162 seconds
[2023-04-16T18:26:56.978+0000] {processor.py:153} INFO - Started process (PID=2779) to work on /home/airflow/.local/lib/python3.7/site-packages/airflow/example_dags/tutorial_taskflow_api.py
[2023-04-16T18:26:56.979+0000] {processor.py:743} INFO - Processing file /home/airflow/.local/lib/python3.7/site-packages/airflow/example_dags/tutorial_taskflow_api.py for tasks to queue
[2023-04-16T18:26:56.980+0000] {logging_mixin.py:137} INFO - [2023-04-16T18:26:56.979+0000] {dagbag.py:532} INFO - Filling up the DagBag from /home/airflow/.local/lib/python3.7/site-packages/airflow/example_dags/tutorial_taskflow_api.py
[2023-04-16T18:26:57.010+0000] {processor.py:753} INFO - DAG(s) dict_keys(['tutorial_taskflow_api']) retrieved from /home/airflow/.local/lib/python3.7/site-packages/airflow/example_dags/tutorial_taskflow_api.py
[2023-04-16T18:26:57.050+0000] {logging_mixin.py:137} INFO - [2023-04-16T18:26:57.050+0000] {dag.py:2705} INFO - Sync 1 DAGs
[2023-04-16T18:26:57.106+0000] {logging_mixin.py:137} INFO - [2023-04-16T18:26:57.106+0000] {dag.py:3456} INFO - Setting next_dagrun for tutorial_taskflow_api to None, run_after=None
[2023-04-16T18:26:57.139+0000] {processor.py:175} INFO - Processing /home/airflow/.local/lib/python3.7/site-packages/airflow/example_dags/tutorial_taskflow_api.py took 0.167 seconds
[2023-04-16T18:27:27.715+0000] {processor.py:153} INFO - Started process (PID=2829) to work on /home/airflow/.local/lib/python3.7/site-packages/airflow/example_dags/tutorial_taskflow_api.py
[2023-04-16T18:27:27.717+0000] {processor.py:743} INFO - Processing file /home/airflow/.local/lib/python3.7/site-packages/airflow/example_dags/tutorial_taskflow_api.py for tasks to queue
[2023-04-16T18:27:27.719+0000] {logging_mixin.py:137} INFO - [2023-04-16T18:27:27.718+0000] {dagbag.py:532} INFO - Filling up the DagBag from /home/airflow/.local/lib/python3.7/site-packages/airflow/example_dags/tutorial_taskflow_api.py
[2023-04-16T18:27:27.762+0000] {processor.py:753} INFO - DAG(s) dict_keys(['tutorial_taskflow_api']) retrieved from /home/airflow/.local/lib/python3.7/site-packages/airflow/example_dags/tutorial_taskflow_api.py
[2023-04-16T18:27:27.813+0000] {logging_mixin.py:137} INFO - [2023-04-16T18:27:27.813+0000] {dag.py:2705} INFO - Sync 1 DAGs
[2023-04-16T18:27:27.865+0000] {logging_mixin.py:137} INFO - [2023-04-16T18:27:27.864+0000] {dag.py:3456} INFO - Setting next_dagrun for tutorial_taskflow_api to None, run_after=None
[2023-04-16T18:27:27.894+0000] {processor.py:175} INFO - Processing /home/airflow/.local/lib/python3.7/site-packages/airflow/example_dags/tutorial_taskflow_api.py took 0.187 seconds
[2023-04-16T18:27:58.329+0000] {processor.py:153} INFO - Started process (PID=2880) to work on /home/airflow/.local/lib/python3.7/site-packages/airflow/example_dags/tutorial_taskflow_api.py
[2023-04-16T18:27:58.331+0000] {processor.py:743} INFO - Processing file /home/airflow/.local/lib/python3.7/site-packages/airflow/example_dags/tutorial_taskflow_api.py for tasks to queue
[2023-04-16T18:27:58.331+0000] {logging_mixin.py:137} INFO - [2023-04-16T18:27:58.331+0000] {dagbag.py:532} INFO - Filling up the DagBag from /home/airflow/.local/lib/python3.7/site-packages/airflow/example_dags/tutorial_taskflow_api.py
[2023-04-16T18:27:58.361+0000] {processor.py:753} INFO - DAG(s) dict_keys(['tutorial_taskflow_api']) retrieved from /home/airflow/.local/lib/python3.7/site-packages/airflow/example_dags/tutorial_taskflow_api.py
[2023-04-16T18:27:58.411+0000] {logging_mixin.py:137} INFO - [2023-04-16T18:27:58.411+0000] {dag.py:2705} INFO - Sync 1 DAGs
[2023-04-16T18:27:58.464+0000] {logging_mixin.py:137} INFO - [2023-04-16T18:27:58.463+0000] {dag.py:3456} INFO - Setting next_dagrun for tutorial_taskflow_api to None, run_after=None
[2023-04-16T18:27:58.498+0000] {processor.py:175} INFO - Processing /home/airflow/.local/lib/python3.7/site-packages/airflow/example_dags/tutorial_taskflow_api.py took 0.174 seconds
[2023-04-16T18:28:28.965+0000] {processor.py:153} INFO - Started process (PID=2930) to work on /home/airflow/.local/lib/python3.7/site-packages/airflow/example_dags/tutorial_taskflow_api.py
[2023-04-16T18:28:28.967+0000] {processor.py:743} INFO - Processing file /home/airflow/.local/lib/python3.7/site-packages/airflow/example_dags/tutorial_taskflow_api.py for tasks to queue
[2023-04-16T18:28:28.968+0000] {logging_mixin.py:137} INFO - [2023-04-16T18:28:28.968+0000] {dagbag.py:532} INFO - Filling up the DagBag from /home/airflow/.local/lib/python3.7/site-packages/airflow/example_dags/tutorial_taskflow_api.py
[2023-04-16T18:28:29.000+0000] {processor.py:753} INFO - DAG(s) dict_keys(['tutorial_taskflow_api']) retrieved from /home/airflow/.local/lib/python3.7/site-packages/airflow/example_dags/tutorial_taskflow_api.py
[2023-04-16T18:28:29.038+0000] {logging_mixin.py:137} INFO - [2023-04-16T18:28:29.037+0000] {dag.py:2705} INFO - Sync 1 DAGs
[2023-04-16T18:28:29.073+0000] {logging_mixin.py:137} INFO - [2023-04-16T18:28:29.073+0000] {dag.py:3456} INFO - Setting next_dagrun for tutorial_taskflow_api to None, run_after=None
[2023-04-16T18:28:29.105+0000] {processor.py:175} INFO - Processing /home/airflow/.local/lib/python3.7/site-packages/airflow/example_dags/tutorial_taskflow_api.py took 0.146 seconds
[2023-04-16T18:28:59.745+0000] {processor.py:153} INFO - Started process (PID=2980) to work on /home/airflow/.local/lib/python3.7/site-packages/airflow/example_dags/tutorial_taskflow_api.py
[2023-04-16T18:28:59.747+0000] {processor.py:743} INFO - Processing file /home/airflow/.local/lib/python3.7/site-packages/airflow/example_dags/tutorial_taskflow_api.py for tasks to queue
[2023-04-16T18:28:59.748+0000] {logging_mixin.py:137} INFO - [2023-04-16T18:28:59.748+0000] {dagbag.py:532} INFO - Filling up the DagBag from /home/airflow/.local/lib/python3.7/site-packages/airflow/example_dags/tutorial_taskflow_api.py
[2023-04-16T18:28:59.777+0000] {processor.py:753} INFO - DAG(s) dict_keys(['tutorial_taskflow_api']) retrieved from /home/airflow/.local/lib/python3.7/site-packages/airflow/example_dags/tutorial_taskflow_api.py
[2023-04-16T18:28:59.814+0000] {logging_mixin.py:137} INFO - [2023-04-16T18:28:59.814+0000] {dag.py:2705} INFO - Sync 1 DAGs
[2023-04-16T18:28:59.853+0000] {logging_mixin.py:137} INFO - [2023-04-16T18:28:59.853+0000] {dag.py:3456} INFO - Setting next_dagrun for tutorial_taskflow_api to None, run_after=None
[2023-04-16T18:28:59.883+0000] {processor.py:175} INFO - Processing /home/airflow/.local/lib/python3.7/site-packages/airflow/example_dags/tutorial_taskflow_api.py took 0.143 seconds
[2023-04-16T18:29:30.336+0000] {processor.py:153} INFO - Started process (PID=3031) to work on /home/airflow/.local/lib/python3.7/site-packages/airflow/example_dags/tutorial_taskflow_api.py
[2023-04-16T18:29:30.338+0000] {processor.py:743} INFO - Processing file /home/airflow/.local/lib/python3.7/site-packages/airflow/example_dags/tutorial_taskflow_api.py for tasks to queue
[2023-04-16T18:29:30.338+0000] {logging_mixin.py:137} INFO - [2023-04-16T18:29:30.338+0000] {dagbag.py:532} INFO - Filling up the DagBag from /home/airflow/.local/lib/python3.7/site-packages/airflow/example_dags/tutorial_taskflow_api.py
[2023-04-16T18:29:30.369+0000] {processor.py:753} INFO - DAG(s) dict_keys(['tutorial_taskflow_api']) retrieved from /home/airflow/.local/lib/python3.7/site-packages/airflow/example_dags/tutorial_taskflow_api.py
[2023-04-16T18:29:30.408+0000] {logging_mixin.py:137} INFO - [2023-04-16T18:29:30.407+0000] {dag.py:2705} INFO - Sync 1 DAGs
[2023-04-16T18:29:30.443+0000] {logging_mixin.py:137} INFO - [2023-04-16T18:29:30.443+0000] {dag.py:3456} INFO - Setting next_dagrun for tutorial_taskflow_api to None, run_after=None
[2023-04-16T18:29:30.470+0000] {processor.py:175} INFO - Processing /home/airflow/.local/lib/python3.7/site-packages/airflow/example_dags/tutorial_taskflow_api.py took 0.140 seconds
[2023-04-16T18:30:01.000+0000] {processor.py:153} INFO - Started process (PID=3082) to work on /home/airflow/.local/lib/python3.7/site-packages/airflow/example_dags/tutorial_taskflow_api.py
[2023-04-16T18:30:01.002+0000] {processor.py:743} INFO - Processing file /home/airflow/.local/lib/python3.7/site-packages/airflow/example_dags/tutorial_taskflow_api.py for tasks to queue
[2023-04-16T18:30:01.003+0000] {logging_mixin.py:137} INFO - [2023-04-16T18:30:01.003+0000] {dagbag.py:532} INFO - Filling up the DagBag from /home/airflow/.local/lib/python3.7/site-packages/airflow/example_dags/tutorial_taskflow_api.py
[2023-04-16T18:30:01.035+0000] {processor.py:753} INFO - DAG(s) dict_keys(['tutorial_taskflow_api']) retrieved from /home/airflow/.local/lib/python3.7/site-packages/airflow/example_dags/tutorial_taskflow_api.py
[2023-04-16T18:30:01.073+0000] {logging_mixin.py:137} INFO - [2023-04-16T18:30:01.072+0000] {dag.py:2705} INFO - Sync 1 DAGs
[2023-04-16T18:30:01.110+0000] {logging_mixin.py:137} INFO - [2023-04-16T18:30:01.110+0000] {dag.py:3456} INFO - Setting next_dagrun for tutorial_taskflow_api to None, run_after=None
[2023-04-16T18:30:01.140+0000] {processor.py:175} INFO - Processing /home/airflow/.local/lib/python3.7/site-packages/airflow/example_dags/tutorial_taskflow_api.py took 0.148 seconds
[2023-04-16T18:30:31.797+0000] {processor.py:153} INFO - Started process (PID=3132) to work on /home/airflow/.local/lib/python3.7/site-packages/airflow/example_dags/tutorial_taskflow_api.py
[2023-04-16T18:30:31.798+0000] {processor.py:743} INFO - Processing file /home/airflow/.local/lib/python3.7/site-packages/airflow/example_dags/tutorial_taskflow_api.py for tasks to queue
[2023-04-16T18:30:31.799+0000] {logging_mixin.py:137} INFO - [2023-04-16T18:30:31.798+0000] {dagbag.py:532} INFO - Filling up the DagBag from /home/airflow/.local/lib/python3.7/site-packages/airflow/example_dags/tutorial_taskflow_api.py
[2023-04-16T18:30:31.830+0000] {processor.py:753} INFO - DAG(s) dict_keys(['tutorial_taskflow_api']) retrieved from /home/airflow/.local/lib/python3.7/site-packages/airflow/example_dags/tutorial_taskflow_api.py
[2023-04-16T18:30:31.875+0000] {logging_mixin.py:137} INFO - [2023-04-16T18:30:31.874+0000] {dag.py:2705} INFO - Sync 1 DAGs
[2023-04-16T18:30:31.926+0000] {logging_mixin.py:137} INFO - [2023-04-16T18:30:31.926+0000] {dag.py:3456} INFO - Setting next_dagrun for tutorial_taskflow_api to None, run_after=None
[2023-04-16T18:30:31.957+0000] {processor.py:175} INFO - Processing /home/airflow/.local/lib/python3.7/site-packages/airflow/example_dags/tutorial_taskflow_api.py took 0.166 seconds
